do run
loading script "jan_unknown120_60.py"
loading script "jan_pump_ms.py"
loading script "jan_co2.py"
loading script "jan_pump_extraction_line.py"
testing...
no interpolation path defined
executed snippet estimated_duration=213.652928, duration=0.000187158584595
script duration name:unknown120_60 seconds:214.0
loading script "jan_unknown120_60.py"
loading script "jan_pump_ms.py"
loading script "jan_co2.py"
loading script "jan_pump_extraction_line.py"
testing...
no interpolation path defined
executed snippet estimated_duration=0, duration=2.00271606445e-05
loading script "jan_unknown120_60.py"
loading script "jan_pump_ms.py"
loading script "jan_co2.py"
loading script "jan_pump_extraction_line.py"
testing...
no interpolation path defined
calculate duration
testing...
no interpolation path defined
executed snippet estimated_duration=0, duration=4.29153442383e-05
calculate duration
testing...
no interpolation path defined
executed snippet estimated_duration=0, duration=6.8187713623e-05
executed snippet estimated_duration=0.0, duration=0.00171399116516
script duration name:co2 seconds:0.0
loading script "jan_unknown120_60.py"
loading script "jan_pump_ms.py"
loading script "jan_co2.py"
loading script "jan_pump_extraction_line.py"
testing...
no interpolation path defined
calculate duration
testing...
no interpolation path defined
executed snippet estimated_duration=4.0, duration=0.000108957290649
executed snippet estimated_duration=4.0, duration=0.000946998596191
Script duration 214.0
Run total estimated duration= 215.000
run duration: 0:03:35
doing event level: 2
11:08:14 -- Setting default integration. t=1.048576
setting integration time = 1.048576
SetIntegrationTime 1.048576 ===>> OK
----------------- start -----------------
**************** Experiment Type: Ar/Ar, Ar/Ar
create new session 4436069840
close session 4436069840
$$$$$ Clearing conditionals
adding conditionals 
Add queue conditionals
add default conditionals
adding default conditionals from /Users/jan/PychronDev/setupfiles/spectrometer/default_conditionals.yaml
Start automated run 65584-05C
loading script "jan_unknown120_60.py"
loading script "jan_pump_ms.py"
loading script "jan_co2.py"
loading script "jan_pump_extraction_line.py"
%%%%%%%%%%%%%%%%%% setting automated run 65584-05C
No value "sensitivity_multiplier" in metadata
$$$$$$$$$$$$$$$ auto_save_detector_ic=False
============================= Pre Extraction Check =============================
loading queue conditionals pre_run_terminations
loading system conditionals pre_run_terminations
loading conditionals from /Users/jan/PychronDev/setupfiles/spectrometer/default_conditionals.yaml
11:08:14 -- ******* Pre Extraction Check *******
Get a measurement from the spectrometer
GetData ===>> H2,-0.197482680435128,H1,0.0263988495563307,AX,-0.0792818304733749,L1,-0.00116288485120861,L2,0.0...
Pre Extraction Termination data. keys=H2,H1,AX,L1,L2,CDD, signals=-0.19748,0.02640,-0.07928,-0.00116,0.00041,0.00402
11:08:14 -- testing system defined conditionals
Checking default pre extraction terminations n=2
testing CDD
evaluate ot="CDD.inactive" t="CDD", ctx="{'CDD': False}"
GetDeflection CDD ===>> 50
testing CDD==2000
evaluate ot="CDD.deflection==2000" t="CDD==2000", ctx="{'CDD': 50.0}"
11:08:14 -- ******* Pre Extraction Check Passed *******
=================================================================================
11:08:14 -- stopping status monitor
stop 4982387056
Alive clients [4989850544]
11:08:14 -- starting status monitor
start 4982387056
Monitor already running
start extraction
do extraction
Analysis started at 11:08:14.188065
Extraction Started jan_co2.py
11:08:14 -- ******* Extraction Started jan_co2.py *******
state changed from not run to extraction
DO EXTRACTION <pychron.extraction_line.pyscript_runner.RemotePyScriptRunner object at 0x12c299590>
testing...
no interpolation path defined
calculate duration
testing...
no interpolation path defined
executed snippet estimated_duration=0, duration=4.10079956055e-05
calculate duration
testing...
no interpolation path defined
executed snippet estimated_duration=0, duration=7.60555267334e-05
executed snippet estimated_duration=100.0, duration=0.0016610622406
Jan CO2 laser analysis
doing GOSUB
testing...
no interpolation path defined
executed snippet estimated_duration=0, duration=6.19888305664e-05
Waiting for CO2 access
wait ('FelixCO2Flag', 0) {}
waiting for FelixCO2Flag = 0
Read FelixCO2Flag ===>> 0
finished waiting
CO2 free
wait ('CO2PumpTimeFlag', 0) {}
waiting for CO2PumpTimeFlag = 0
Read CO2PumpTimeFlag ===>> 0
finished waiting
acquire ('JanCO2Flag',) {'clear': True}
acquire JanCO2Flag
Set JanCO2Flag 1 ===>> OK
JanCO2Flag acquired
set extraction state False (0.75, 'red', 1.5)
CO2 acquired
executed snippet estimated_duration=0, duration=0.0152130126953
WaitForCO2Access.py completed successfully
gosub finished
doing GOSUB
testing...
no interpolation path defined
executed snippet estimated_duration=0, duration=7.91549682617e-05
Prepare for CO2 analysis
close () {'description': 'Jan Inlet'}
closing name=--- desc=Jan Inlet
checking ownership. requestor=129.138.12.150
check software interlocks R
interlocks []
actuate state mode=None-script, software_lock=False
doing actuation None-script close_channel False
Close R ===>> OK
GetIndicatorState R ===>> False
change switch state (True, True)
update switch state R False args=() kw={} ncanvase=2
11:08:14 -- CLOSE  VALVE-R (Jan Inlet)
---------------------------------------- close None (Jan Inlet) result=[(True, True)]
action=close, ok=True, locked=[False]
open () {'description': 'Jan Ion Pump'}
opening name=--- desc=Jan Ion Pump
checking ownership. requestor=129.138.12.150
check software interlocks O
interlocks []
actuate state mode=None-script, software_lock=False
doing actuation None-script open_channel False
Open O ===>> OK
GetIndicatorState O ===>> OK
change switch state (True, True)
update switch state O True args=() kw={} ncanvase=2
11:08:14 -- OPEN   VALVE-O (Jan Ion Pump)
---------------------------------------- open None (Jan Ion Pump) result=[(True, True)], time=0.10 sec
action=open, ok=True, locked=[False]
close () {'description': 'Microbone to Minibone'}
closing name=--- desc=Microbone to Minibone
checking ownership. requestor=129.138.12.150
check software interlocks L
interlocks []
actuate state mode=None-script, software_lock=False
doing actuation None-script close_channel False
Close L ===>> OK
GetIndicatorState L ===>> False
change switch state (True, True)
update switch state L False args=() kw={} ncanvase=2
11:08:15 -- CLOSE  VALVE-L (Microbone to Minibone)
---------------------------------------- close None (Microbone to Minibone) result=[(True, True)]
action=close, ok=True, locked=[False]
open () {'description': 'Microbone to Turbo'}
opening name=--- desc=Microbone to Turbo
checking ownership. requestor=129.138.12.150
check software interlocks U
interlocks []
actuate state mode=None-script, software_lock=False
doing actuation None-script open_channel False
Open U ===>> OK
GetIndicatorState U ===>> OK
change switch state (True, True)
update switch state U True args=() kw={} ncanvase=2
11:08:16 -- OPEN   VALVE-U (Microbone to Turbo)
---------------------------------------- open None (Microbone to Turbo) result=[(True, True)], time=0.17 sec
action=open, ok=True, locked=[False]
open () {'description': 'Microbone to Inlet Pipette'}
opening name=--- desc=Microbone to Inlet Pipette
checking ownership. requestor=129.138.12.150
check software interlocks S
interlocks []
actuate state mode=None-script, software_lock=False
doing actuation None-script open_channel False
Open S ===>> OK
GetIndicatorState S ===>> OK
change switch state (True, True)
update switch state S True args=() kw={} ncanvase=2
11:08:16 -- OPEN   VALVE-S (Microbone to Inlet Pipette)
---------------------------------------- open None (Microbone to Inlet Pipette) result=[(True, True)], time=0.43 sec
action=open, ok=True, locked=[False]
open () {'description': 'Microbone to Getter D-50'}
opening name=--- desc=Microbone to Getter D-50
checking ownership. requestor=129.138.12.150
check software interlocks K
interlocks []
actuate state mode=None-script, software_lock=False
doing actuation None-script open_channel False
Open K ===>> OK
GetIndicatorState K ===>> OK
change switch state (True, True)
update switch state K True args=() kw={} ncanvase=2
11:08:17 -- OPEN   VALVE-K (Microbone to Getter D-50)
---------------------------------------- open None (Microbone to Getter D-50) result=[(True, True)], time=0.42 sec
action=open, ok=True, locked=[False]
open () {'description': 'Microbone to Getter NP-10'}
opening name=--- desc=Microbone to Getter NP-10
checking ownership. requestor=129.138.12.150
check software interlocks M
interlocks []
actuate state mode=None-script, software_lock=False
doing actuation None-script open_channel False
Open M ===>> OK
GetIndicatorState M ===>> OK
change switch state (True, True)
update switch state M True args=() kw={} ncanvase=2
11:08:17 -- OPEN   VALVE-M (Microbone to Getter NP-10)
---------------------------------------- open None (Microbone to Getter NP-10) result=[(True, True)], time=0.16 sec
action=open, ok=True, locked=[False]
close () {'description': 'CO2 Laser to Felix'}
closing name=--- desc=CO2 Laser to Felix
checking ownership. requestor=129.138.12.150
check software interlocks F
interlocks []
actuate state mode=None-script, software_lock=True
VALVE-F(CO2 Laser to Felix) software locked
change switch state (True, False)
---------------------------------------- close None (CO2 Laser to Felix) result=[(True, False)]
action=close, ok=True, locked=[True]
open () {'description': 'CO2 Laser to Jan'}
opening name=--- desc=CO2 Laser to Jan
checking ownership. requestor=129.138.12.150
check software interlocks A
interlocks []
actuate state mode=None-script, software_lock=False
doing actuation None-script open_channel False
Open A ===>> OK
GetIndicatorState A ===>> OK
change switch state (True, True)
update switch state A True args=() kw={} ncanvase=2
11:08:18 -- OPEN   VALVE-A (CO2 Laser to Jan)
---------------------------------------- open None (CO2 Laser to Jan) result=[(True, True)], time=0.16 sec
action=open, ok=True, locked=[False]
open () {'description': 'Microbone to CO2 Laser'}
opening name=--- desc=Microbone to CO2 Laser
checking ownership. requestor=129.138.12.150
check software interlocks T
interlocks []
actuate state mode=None-script, software_lock=False
doing actuation None-script open_channel False
Open T ===>> OK
GetIndicatorState T ===>> OK
change switch state (True, True)
update switch state T True args=() kw={} ncanvase=2
11:08:18 -- OPEN   VALVE-T (Microbone to CO2 Laser)
---------------------------------------- open None (Microbone to CO2 Laser) result=[(True, True)], time=0.41 sec
action=open, ok=True, locked=[False]
executed snippet estimated_duration=0, duration=5.02896213531
PrepareForCO2Analysis.py completed successfully
gosub finished
set_motor ('beam', '1.25') {}
setting motor "beam" to 1.25
set motor beam to 1.25
SetMotor beam,1.25 ===>> OK
GetMotorMoving beam ===>> False
GetMotorMoving beam ===>> False
Block completed
move_to_position ('203',) {'autocenter': True}
FusionsCO2 move to position 203
sending GoToHole 203,True
GoToHole 203,True ===>> OK
GetDriveMoving ===>> False
GetDriveMoving ===>> False
Block completed
GetAutoCorrecting ===>> False
GetAutoCorrecting ===>> False
Block completed
update position
GetPosition ===>> 1.99390,-11.96340,1.00000
got position (1.9939, -11.9634, 1.0)
move to position succeeded
sleep (5,) {}
SLEEP 5.0
block started
WaitControl setup for 5.0  
Join finished
block finished. duration 5.04627108574
close () {'description': 'Microbone to Turbo'}
closing name=--- desc=Microbone to Turbo
checking ownership. requestor=129.138.12.150
check software interlocks U
interlocks []
actuate state mode=None-script, software_lock=False
doing actuation None-script close_channel True
Close U ===>> OK
State checksums do not match. Local:-1965264452 Remote:1551197106
State checksum failed
GetIndicatorState U ===>> False
change switch state (True, True)
update switch state U False args=() kw={} ncanvase=2
11:08:27 -- CLOSE  VALVE-U (Microbone to Turbo)
---------------------------------------- close None (Microbone to Turbo) result=[(True, True)]
action=close, ok=True, locked=[False]
enable laser
enable () {}
set extraction state FusionsCO2 Enabled (False, 'red', 1.5)
enabling laser
Enable ===>> OK
begin interval
BEGIN INTERVAL Interval 1 waiting for 30.0
block started
WaitControl setup for 30.0  
set extract to 5.0
extract (5.0,) {}
GetPosition ===>> 1.99390,-11.96340,1.00000
set extraction state FusionsCO2 ON! 5.0(watts) (0.75, 'red', 1.5)
extract sample to 5.0 (watts)
set laser output
SetLaserOutput 5.0,watts ===>> OK
executing pattern triangle.lp
execute_pattern ('triangle.lp',) {}
executing pattern triangle.lp
IsPatterning ===>> OK
IsPatterning ===>> OK
IsPatterning ===>> OK
IsPatterning ===>> OK
IsPatterning ===>> OK
IsPatterning ===>> OK
IsPatterning ===>> OK
IsPatterning ===>> OK
IsPatterning ===>> OK
IsPatterning ===>> OK
IsPatterning ===>> OK
IsPatterning ===>> OK
IsPatterning ===>> OK
IsPatterning ===>> OK
IsPatterning ===>> OK
IsPatterning ===>> OK
IsPatterning ===>> OK
IsPatterning ===>> OK
IsPatterning ===>> OK
IsPatterning ===>> OK
IsPatterning ===>> OK
IsPatterning ===>> OK
IsPatterning ===>> OK
IsPatterning ===>> OK
IsPatterning ===>> OK
IsPatterning ===>> OK
IsPatterning ===>> False
IsPatterning ===>> False
Block completed
COMPLETE INTERVAL waiting for Interval 1 to complete
Join finished
block finished. duration 30.0660760403
Interval 1 finished
end_extract () {}
ending extraction. set laser power to 0
set laser power 0
SetLaserPower 0 ===>> OK
disable () {}
%%%%%%%%%%%%%%%%%%%%%%%%%%%%%%%%%%% disable
set extraction state False (0.75, 'red', 1.5)
disabling laser
Disable ===>> OK
sleep (30.0,) {}
SLEEP 30.0
block started
WaitControl setup for 30.0  
Join finished
block finished. duration 30.0945901871
executed snippet estimated_duration=166.0, duration=74.4285199642
jan_co2.py completed successfully
GetAchievedOutput ===>> No Response
Requested Output= 0.000
Achieved Output=  0.000
GetResponseBlob ===>> No Response
GetOutputBlob ===>> No Response
persistence save...
persistence save - db
AutomatedRunPersister post_extraction_save deprecated
persistence save - dvc
no extraction position for 203
create new session 4989601072
close session 4989601072
Extraction Finished
11:09:28 -- ******* Extraction Finished *******
no overlap. not waiting for min ms pumptime
11:09:28 -- Sending spectrometer configuration
======== Sending configuration ========
SetDeflection CDD,50.0 ===>> OK
SetDeflection H2,0.0 ===>> OK
SetDeflection H1,0.0 ===>> OK
SetDeflection L2,825.0 ===>> OK
SetDeflection L1,400.0 ===>> OK
SetDeflection AX,190.0 ===>> OK
SetZFocus 74.64 ===>> OK
SetZSymmetry -50.72 ===>> OK
SetExtractionLens 26.13 ===>> OK
SetIonRepeller -3.81 ===>> OK
SetElectronEnergy 75.08 ===>> OK
SetYSymmetry -2.81 ===>> OK
SetIonCounterVoltage 1590.0 ===>> OK
send trap current 200.0
GetParameter Trap Current Readback ===>> 197.587621314778
SetParameter Trap Current Set,200.0 ===>> OK
updating mftable name mftable
Using mftable located at /Users/jan/PychronDev/setupfiles/spectrometer/mftables/mftable.csv
============ MFtable ===========
Isotope  H2     H1     AX     L1     L2     CDD    
Ar40     5.8079 5.8793 5.9927 6.1478 6.2310 6.3761
Ar39     5.7072 5.7715 5.8851 6.0339 6.1161 6.2626
Ar36     5.3847 5.4405 5.5484 5.6928 5.7711 5.9137
================================
get initial guess parabolic
get initial guess parabolic
get initial guess parabolic
get initial guess parabolic
get initial guess parabolic
get initial guess parabolic
======== Configuration Finished ========
GetYSymmetry ===>> -2.81
GetZSymmetry ===>> -50.72
GetParameter Trap Current Readback ===>> 198.035158395898
GetHighVoltage ===>> 4499.94659342336
start measurement
do measurement
L#=65584 analysis type=unknown
Measurement Started jan_unknown120_60.py
11:09:28 -- ******* Measurement Started jan_unknown120_60.py *******
state changed from extraction to measurement
setting spec, defl, and gains
GetExtractionLens ===>> 26.13
GetYSymmetry ===>> -2.81
GetZSymmetry ===>> -50.72
GetZFocus ===>> 74.64
GetDeflection H2 ===>> 0
GetDeflection H1 ===>> 0
GetDeflection AX ===>> 190
GetDeflection L1 ===>> 400
GetDeflection L2 ===>> 825
GetDeflection CDD ===>> 50
GetGain H2 ===>> 0.0113
GetGain H1 ===>> 0.1
GetGain AX ===>> 0.097049
GetGain L1 ===>> 0.010355
GetGain L2 ===>> 0.095649
GetGain CDD ===>> 0
pre measurement save
New frame /Users/jan/PychronDev/data/isotopes/da/228a55-e9e1-42b8-842c-421cc4522a72.h5
flush and close file /Users/jan/PychronDev/data/isotopes/da/228a55-e9e1-42b8-842c-421cc4522a72.h5
testing...
no interpolation path defined
executed snippet estimated_duration=226.132928, duration=0.000174999237061
unknown measurement script
activate_detectors ('H2', 'H1', 'AX', 'L1', 'L2', 'CDD') {}
activate detectors
*************** Set Analysis View Ar/Ar
create graphs
set states for children of D. state=False
handle state [('D', False)]
update switch state D False args=() kw={'refresh': False} ncanvase=2
refresh_canvas_needed fired
clearing graphs
clear isotope group
setting isotope det=H2, iso=PM41
setting isotope det=H1, iso=Ar40
setting isotope det=AX, iso=Ar39
setting isotope det=L1, iso=Ar38
setting isotope det=L2, iso=Ar37
setting isotope det=CDD, iso=Ar36
setting previous blanks
 - setting Ar40 blank 1.283+/-0.007
 - setting Ar36 blank 0.00856+/-0.00020
 - setting Ar37 blank 0.042+/-0.005
 - setting Ar38 blank 0.0077+/-0.0022
 - setting PM41 blank 0.05+/-0.07
 - setting Ar39 blank 0.046+/-0.009
load analysis view
position_magnet ('Ar40',) {'detector': 'H1'}
detector Detector(H1)
POSITION Ar40 H1
setting detector H2 to PM41 (40.9624)
setting detector H1 to Ar40 (39.9624)
setting detector AX to Ar39 (38.9624)
setting detector L1 to Ar38 (37.9624)
setting detector L2 to Ar37 (36.9624)
setting detector CDD to Ar36 (35.9624)
Mapping mass to dac mass func: "parabolic"
H1 map mass coeffs = [-0.00063987  0.15840543  0.57086999]
H1 map mass to dac 39.9624 >> 5.87926
GetDeflection H1 ===>> 0
GetHighVoltage ===>> 4499.94659342336
positioning Ar40 (5.87922537759) on H1
setting magnet DAC
current  : 5.879225
requested: 5.879225
Delta Dac: 0.000000
Checking detector protection. dv=0.00000
Checking detector "CDD". Protection Threshold: 0.1 (V)
SetMagnetDAC 5.87922537759 ===>> OK
Magnet settling time: 0.500
update labels <pychron.experiment.plot_panel.PlotPanel object at 0x1b13917d0>
update labels "<pychron.graph.stacked_regression_graph.StackedRegressionGraph object at 0x1618b53b0>"
setting label 0 H2 PM41
setting label 1 H1 Ar40
setting label 2 AX Ar39
setting label 3 L1 Ar38
setting label 4 L2 Ar37
setting label 5 CDD Ar36
update labels "<pychron.graph.stacked_graph.StackedGraph object at 0x1aa40d6b0>"
setting label 0 H2 PM41
setting label 1 H1 Ar40
setting label 2 AX Ar39
setting label 3 L1 Ar38
setting label 4 L2 Ar37
setting label 5 CDD Ar36
equilibrate () {'delay': 3, 'inlet': 'R', 'outlet': 'O', 'eqtime': 12.0}
Equilibration Started
11:09:30 -- ******* Equilibration Started *******
checking ownership. requestor=129.138.12.150
check software interlocks O
interlocks []
actuate state mode=None-script, software_lock=False
doing actuation None-script close_channel True
Close O ===>> OK
GetIndicatorState O ===>> False
change switch state (True, True)
update switch state O False args=() kw={} ncanvase=2
11:09:30 -- CLOSE  VALVE-O (Jan Ion Pump)
waiting 3s before opening inlet value ('R',)
set states for children of B. state=False
handle state [('B', False)]
update switch state B False args=() kw={'refresh': False} ncanvase=2
refresh_canvas_needed fired
checking ownership. requestor=129.138.12.150
check software interlocks R
interlocks []
actuate state mode=None-script, software_lock=False
doing actuation None-script open_channel True
Open R ===>> OK
GetIndicatorState R ===>> OK
change switch state (True, True)
update switch state R True args=() kw={} ncanvase=2
11:09:33 -- OPEN   VALVE-R (Jan Inlet)
set_time_zero () {}
equilibrating for 12.0sec
sniff (12.0,) {}
py_sniff
build tables- sniff [Detector(H2), Detector(H1), Detector(AX), Detector(L1), Detector(L2), Detector(CDD)]
add group /sniff/PM41 (Group) '' table H2
add group /sniff/Ar40 (Group) '' table H1
add group /sniff/Ar39 (Group) '' table AX
add group /sniff/Ar38 (Group) '' table L1
add group /sniff/Ar37 (Group) '' table L2
add group /sniff/Ar36 (Group) '' table CDD
flush and close file /Users/jan/PychronDev/data/isotopes/da/228a55-e9e1-42b8-842c-421cc4522a72.h5
measuring sniff. ncounts=12.0
"sniff" increment series count="1" fit count="0" regressing="False"
starting measurement
GetData ===>> H2,-0.0112173489256658,H1,77.9996866916654,AX,16.7713812667135,L1,0.0331306380549925,L2,0.4168338...
GetData ===>> H2,0.864575450009857,H1,689.111485078542,AX,141.94088595116,L1,0.740402068729563,L2,2.31774869505...
GetData ===>> H2,0.387513457180887,H1,1019.22337952062,AX,203.17019579855,L1,1.6727121339699,L2,2.8809825117759...
GetData ===>> H2,0.0735590304042601,H1,1125.35049235797,AX,220.510141429703,L1,2.19195453201064,L2,2.8230601999...
GetData ===>> H2,0.151014421913645,H1,1164.1514783196,AX,226.5469250005,L1,2.49585551110221,L2,3.02914964199508...
GetData ===>> H2,0.128260848821302,H1,1179.53118105568,AX,229.005322612548,L1,2.67935090545884,L2,3.15761209368...
GetData ===>> H2,-0.00252689414382436,H1,1186.52020158079,AX,229.815889232033,L1,2.78820701650648,L2,3.15828426...
GetData ===>> H2,-0.000209052482777427,H1,1189.7085023786,AX,230.397090992372,L1,2.84746110727253,L2,3.08754588...
GetData ===>> H2,-0.0884865358693033,H1,1190.18687657885,AX,230.393291537073,L1,2.89330145240747,L2,2.946960515...
GetData ===>> H2,-0.0840390697590185,H1,1190.7448759062,AX,230.58678607172,L1,2.92529031255955,L2,3.22073669058...
GetData ===>> H2,-0.133967159542893,H1,1190.42559138035,AX,230.474437335019,L1,2.9773785057944,L2,3.04462516502...
GetData ===>> H2,-0.0471757235864094,H1,1190.26414738806,AX,230.523593740999,L1,2.94996014337985,L2,3.071056158...
Equilibration Finished
11:09:47 -- ******* Equilibration Finished *******
measurement finished
estimated time: 12.583 actual time: :13.576
flush and close file /Users/jan/PychronDev/data/isotopes/da/228a55-e9e1-42b8-842c-421cc4522a72.h5
set_fits () {}
using default fits file=/Users/jan/PychronDev/scripts/measurement/fits/nominal_linear.yaml
set "Ar40" to "('Linear', 'SEM')"
No fit for "PM41". defaulting to linear. check the measurement script "jan_unknown120_60.py"
set "PM41" to "linear"
set "Ar36" to "('Linear', 'SEM')"
set "Ar37" to "('linear', 'SEM')"
set "Ar38" to "('linear', 'SEM')"
set "Ar39" to "('Linear', 'SEM')"
set_baseline_fits () {}
using default fits file=/Users/jan/PychronDev/scripts/measurement/fits/nominal_linear.yaml
set "H1" to "('average', 'SEM')"
set "H2" to "('average', 'SEM')"
set "CDD" to "('average', 'SEM')"
set "L2" to "('average', 'SEM')"
set "L1" to "('average', 'SEM')"
set "AX" to "('average', 'SEM')"
multicollect () {'integration_time': 1, 'ncounts': 120}
build tables- signal [Detector(H2), Detector(H1), Detector(AX), Detector(L1), Detector(L2), Detector(CDD)]
add group /signal/PM41 (Group) '' table H2
add group /signal/Ar40 (Group) '' table H1
add group /signal/Ar39 (Group) '' table AX
add group /signal/Ar38 (Group) '' table L1
add group /signal/Ar37 (Group) '' table L2
add group /signal/Ar36 (Group) '' table CDD
flush and close file /Users/jan/PychronDev/data/isotopes/da/228a55-e9e1-42b8-842c-421cc4522a72.h5
measuring signal. ncounts=120
"signal" increment series count="2" fit count="1" regressing="True"
checking ownership. requestor=129.138.12.150
check software interlocks R
interlocks []
actuate state mode=None-script, software_lock=False
doing actuation None-script close_channel True
starting measurement
GetData ===>> H2,-0.12680137927239,H1,1189.95182376073,AX,230.472967669561,L1,2.95958257568301,L2,3.14179412655...
Close R ===>> OK
GetIndicatorState R ===>> False
change switch state (True, True)
update switch state R False args=() kw={} ncanvase=2
11:09:49 -- CLOSE  VALVE-R (Jan Inlet)
Post Equilibration Started jan_pump_extraction_line.py
11:09:49 -- ******* Post Equilibration Started jan_pump_extraction_line.py *******
testing...
no interpolation path defined
calculate duration
testing...
no interpolation path defined
executed snippet estimated_duration=4.0, duration=0.000232934951782
executed snippet estimated_duration=4.0, duration=0.00488901138306
Pump after analysis
doing GOSUB
testing...
no interpolation path defined
executed snippet estimated_duration=4.0, duration=0.000169038772583
Pump Microbone
close () {'description': 'Jan Inlet'}
closing name=--- desc=Jan Inlet
checking ownership. requestor=129.138.12.150
check software interlocks R
interlocks []
actuate state mode=None-script, software_lock=False
doing actuation None-script close_channel False
Close R ===>> OK
GetIndicatorState R ===>> False
change switch state (True, True)
update switch state R False args=() kw={} ncanvase=2
11:09:49 -- CLOSE  VALVE-R (Jan Inlet)
---------------------------------------- close None (Jan Inlet) result=[(True, True)]
GetData ===>> H2,-0.124663787432047,H1,1189.90725045037,AX,230.284584395967,L1,2.96665110262741,L2,3.1102469961...
action=close, ok=True, locked=[False]
is_closed ('F',) {}
is F () closed?
is closed True
open () {'description': 'CO2 Laser to Jan'}
opening name=--- desc=CO2 Laser to Jan
checking ownership. requestor=129.138.12.150
check software interlocks A
interlocks []
actuate state mode=None-script, software_lock=False
doing actuation None-script open_channel False
Open A ===>> OK
GetIndicatorState A ===>> OK
change switch state (True, True)
update switch state A True args=() kw={} ncanvase=2
11:09:49 -- OPEN   VALVE-A (CO2 Laser to Jan)
---------------------------------------- open None (CO2 Laser to Jan) result=[(True, True)], time=0.13 sec
action=open, ok=True, locked=[False]
sleep (1,) {}
SLEEP 1.0
GetData ===>> H2,0.0265777929761264,H1,1189.78778003248,AX,230.363582138812,L1,3.0114443322512,L2,2.98459800244...
close () {'description': 'CO2 Laser to Roughing'}
closing name=--- desc=CO2 Laser to Roughing
checking ownership. requestor=129.138.12.150
check software interlocks G
interlocks []
actuate state mode=None-script, software_lock=True
VALVE-G(CO2 Laser to Roughing) software locked
change switch state (True, False)
---------------------------------------- close None (CO2 Laser to Roughing) result=[(True, False)]
action=close, ok=True, locked=[True]
open () {'description': 'Microbone to Turbo'}
opening name=--- desc=Microbone to Turbo
checking ownership. requestor=129.138.12.150
check software interlocks U
interlocks []
actuate state mode=None-script, software_lock=False
doing actuation None-script open_channel True
Open U ===>> OK
GetIndicatorState U ===>> OK
change switch state (True, True)
update switch state U True args=() kw={} ncanvase=2
11:09:51 -- OPEN   VALVE-U (Microbone to Turbo)
---------------------------------------- open None (Microbone to Turbo) result=[(True, True)], time=0.25 sec
GetData ===>> H2,-0.0834932126783078,H1,1190.02863243482,AX,230.269616342187,L1,3.04474330929296,L2,3.075606765...
action=open, ok=True, locked=[False]
open () {'description': 'Microbone to Getter NP-10'}
opening name=--- desc=Microbone to Getter NP-10
checking ownership. requestor=129.138.12.150
check software interlocks M
interlocks []
actuate state mode=None-script, software_lock=False
doing actuation None-script open_channel False
Open M ===>> OK
GetIndicatorState M ===>> OK
change switch state (True, True)
update switch state M True args=() kw={} ncanvase=2
11:09:51 -- OPEN   VALVE-M (Microbone to Getter NP-10)
---------------------------------------- open None (Microbone to Getter NP-10) result=[(True, True)], time=0.16 sec
action=open, ok=True, locked=[False]
open () {'description': 'Microbone to Getter D-50'}
opening name=--- desc=Microbone to Getter D-50
checking ownership. requestor=129.138.12.150
check software interlocks K
interlocks []
actuate state mode=None-script, software_lock=False
doing actuation None-script open_channel False
Open K ===>> OK
GetIndicatorState K ===>> OK
change switch state (True, True)
update switch state K True args=() kw={} ncanvase=2
11:09:52 -- OPEN   VALVE-K (Microbone to Getter D-50)
---------------------------------------- open None (Microbone to Getter D-50) result=[(True, True)], time=0.43 sec
testing H1>-5.0
evaluate ot="H1.bs>-5.0" t="H1>-5.0", ctx="{'H1': None}"
GetData ===>> H2,-0.0742855461427093,H1,1189.72217029443,AX,230.263816821361,L1,3.03334606441207,L2,3.154598949...
action=open, ok=True, locked=[False]
open () {'description': 'Microbone to CO2 Laser'}
opening name=--- desc=Microbone to CO2 Laser
checking ownership. requestor=129.138.12.150
check software interlocks T
interlocks []
actuate state mode=None-script, software_lock=False
doing actuation None-script open_channel False
Open T ===>> OK
GetIndicatorState T ===>> OK
change switch state (True, True)
update switch state T True args=() kw={} ncanvase=2
11:09:53 -- OPEN   VALVE-T (Microbone to CO2 Laser)
---------------------------------------- open None (Microbone to CO2 Laser) result=[(True, True)], time=0.43 sec
action=open, ok=True, locked=[False]
open () {'description': 'Microbone to Inlet Pipette'}
opening name=--- desc=Microbone to Inlet Pipette
checking ownership. requestor=129.138.12.150
check software interlocks S
interlocks []
actuate state mode=None-script, software_lock=False
doing actuation None-script open_channel False
GetData ===>> H2,-0.110758944273976,H1,1188.93290520489,AX,230.131219128171,L1,2.99116824438944,L2,3.0547197287...
Open S ===>> OK
GetIndicatorState S ===>> OK
change switch state (True, True)
update switch state S True args=() kw={} ncanvase=2
11:09:53 -- OPEN   VALVE-S (Microbone to Inlet Pipette)
---------------------------------------- open None (Microbone to Inlet Pipette) result=[(True, True)], time=0.44 sec
action=open, ok=True, locked=[False]
sleep (1,) {}
SLEEP 1.0
GetData ===>> H2,-0.249742231005392,H1,1188.41522892376,AX,229.869645245066,L1,2.97891295336614,L2,3.0741940860...
set_resource () {'name': 'CO2PumpTimeFlag', 'value': 30}
Set CO2PumpTimeFlag 30 ===>> OK
release ('JanCO2Flag',) {}
release JanCO2Flag
Set JanCO2Flag 0 ===>> OK
executed snippet estimated_duration=6.0, duration=6.06388998032
PumpMicrobone.py completed successfully
gosub finished
get_resource_value () {'name': 'JanMiniboneFlag'}
Read JanMiniboneFlag ===>> 0
Get Resource Value JanMiniboneFlag=0.0
get resource value 0.0
get_resource_value () {'name': 'JanMiniboneFlag'}
Read JanMiniboneFlag ===>> 0
Get Resource Value JanMiniboneFlag=0.0
executed snippet estimated_duration=4.0, duration=6.09306502342
jan_pump_extraction_line.py completed successfully
Post Equilibration Finished
11:09:55 -- ******* Post Equilibration Finished *******
GetData ===>> H2,-0.28555117621847,H1,1187.986965651,AX,229.879816149339,L1,2.91920358484288,L2,3.0690298751010...
GetData ===>> H2,-0.178895747005665,H1,1187.18091798116,AX,229.649628835968,L1,2.92775807714975,L2,3.1540079202...
testing H1>-5.0
evaluate ot="H1.bs>-5.0" t="H1>-5.0", ctx="{'H1': None}"
GetData ===>> H2,-0.0768080633443975,H1,1186.59401037926,AX,229.779191181993,L1,2.92524632377486,L2,2.958698234...
GetData ===>> H2,-0.033833818163016,H1,1186.12182491369,AX,229.631727841643,L1,2.93609209948354,L2,3.0596284735...
GetData ===>> H2,-0.13740296778553,H1,1185.69694429701,AX,229.719173863771,L1,2.91561819361535,L2,3.07965964861...
GetData ===>> H2,-0.128488454014076,H1,1185.10219264412,AX,229.612058716655,L1,2.9381901784528,L2,3.12104346612...
GetData ===>> H2,-0.0698708117966313,H1,1184.73719884556,AX,229.483657031505,L1,2.9446284095179,L2,2.9945105140...
testing H1>-5.0
evaluate ot="H1.bs>-5.0" t="H1>-5.0", ctx="{'H1': None}"
GetData ===>> H2,-0.211060678774584,H1,1184.21052950151,AX,229.355777030665,L1,2.92871198353223,L2,3.0324714051...
GetData ===>> H2,-0.108782928168098,H1,1183.98351492835,AX,229.433894024329,L1,2.97411607125731,L2,3.1064939977...
GetData ===>> H2,-0.115922649864956,H1,1183.7072504636,AX,229.399605035317,L1,2.927115995099,L2,3.0786290423385...
GetData ===>> H2,-0.174865224885054,H1,1182.83133358849,AX,229.325857103708,L1,2.91236071304084,L2,3.0459911111...
GetData ===>> H2,-0.113793836318729,H1,1182.03594593077,AX,229.087647498906,L1,2.94833609993734,L2,3.0584938831...
testing H1>-5.0
evaluate ot="H1.bs>-5.0" t="H1>-5.0", ctx="{'H1': None}"
GetData ===>> H2,-0.0720770372305403,H1,1181.70733153713,AX,228.955051287491,L1,2.95610222045537,L2,2.941775072...
GetData ===>> H2,-0.100664659705248,H1,1181.91987308079,AX,228.628317801268,L1,2.96098106830988,L2,3.0322746425...
GetData ===>> H2,-0.140452542011163,H1,1181.74011108111,AX,228.788096559702,L1,2.9291351474881,L2,3.00437310324...
GetData ===>> H2,-0.147789247533159,H1,1181.13255776809,AX,228.725971150298,L1,2.90622761033416,L2,3.0492092635...
GetData ===>> H2,-0.0756546334878898,H1,1179.59049140077,AX,228.285558361778,L1,2.94302986362188,L2,3.034033946...
testing H1>-5.0
evaluate ot="H1.bs>-5.0" t="H1>-5.0", ctx="{'H1': None}"
11:10:13 -- collecting point 25
GetData ===>> H2,-0.115991663841268,H1,1179.43998767497,AX,228.481659642349,L1,2.91421730922275,L2,3.0531221247...
GetData ===>> H2,-0.113768120301772,H1,1179.18836490349,AX,228.316262780237,L1,2.9270390026493,L2,2.92618568485...
set states for children of C. state=False
handle state [('C', False)]
update switch state C False args=() kw={'refresh': False} ncanvase=2
refresh_canvas_needed fired
GetData ===>> H2,-0.114869796414272,H1,1178.53349124765,AX,228.047993945375,L1,2.92888372027897,L2,2.9822358241...
GetData ===>> H2,-0.053521908037035,H1,1178.48188814242,AX,227.862206404514,L1,2.89989313384319,L2,3.0017465356...
set states for children of B. state=True
handle state [('B', True)]
update switch state B True args=() kw={'refresh': False} ncanvase=2
refresh_canvas_needed fired
GetData ===>> H2,-0.0844968651711859,H1,1177.75647505145,AX,228.088609486251,L1,2.93080185001656,L2,3.030075557...
testing H1>-5.0
evaluate ot="H1.bs>-5.0" t="H1>-5.0", ctx="{'H1': None}"
GetData ===>> H2,-0.155411664444025,H1,1177.20122442949,AX,227.96824692732,L1,2.93697885564802,L2,3.07941647087...
GetData ===>> H2,-0.237293007648521,H1,1176.78038524102,AX,228.041191857241,L1,2.89118462539057,L2,3.0131095547...
GetData ===>> H2,-0.145069950630467,H1,1176.35989828847,AX,228.077169828551,L1,2.88489394659673,L2,3.0831684238...
GetData ===>> H2,-0.0717339952308071,H1,1175.4089612685,AX,227.717653763696,L1,2.89857806463095,L2,2.9910132273...
GetData ===>> H2,-0.0508609041095841,H1,1175.25292370761,AX,227.743203622635,L1,2.86001332954356,L2,2.918305142...
testing H1>-5.0
evaluate ot="H1.bs>-5.0" t="H1>-5.0", ctx="{'H1': None}"
GetData ===>> H2,-0.0712011071054021,H1,1174.60034174508,AX,227.652835484034,L1,2.89706413640577,L2,3.010575324...
GetData ===>> H2,-0.0316311456372976,H1,1174.2611641893,AX,227.573419313877,L1,2.98415557868645,L2,3.0021052257...
GetData ===>> H2,-0.0946998085743851,H1,1173.75617343956,AX,227.434760259758,L1,2.95628660205205,L2,3.026788597...
GetData ===>> H2,-0.146322286094126,H1,1173.53204715612,AX,227.562651613412,L1,2.88195371680416,L2,3.0302954638...
GetData ===>> H2,-0.0567859110233536,H1,1173.19636967101,AX,227.300974612211,L1,2.89921498963594,L2,2.938129223...
testing H1>-5.0
evaluate ot="H1.bs>-5.0" t="H1>-5.0", ctx="{'H1': None}"
GetData ===>> H2,-0.115957833513131,H1,1172.66323067018,AX,226.992582067574,L1,2.90193467123415,L2,3.0437801401...
GetData ===>> H2,-0.222036495198127,H1,1172.26582230981,AX,227.033309864975,L1,2.89667024572512,L2,2.9853854079...
GetData ===>> H2,-0.144402522274311,H1,1171.8467526266,AX,227.115442636157,L1,2.89237263464236,L2,3.03609422406...
GetData ===>> H2,0.051072148056824,H1,1171.73060359022,AX,226.741491655286,L1,2.90195801302703,L2,3.07732053550...
GetData ===>> H2,0.0502122222563086,H1,1170.78364750815,AX,226.581946107231,L1,2.91397972512743,L2,2.8774083442...
testing H1>-5.0
evaluate ot="H1.bs>-5.0" t="H1>-5.0", ctx="{'H1': None}"
GetData ===>> H2,-0.0704349519409236,H1,1170.87484321902,AX,226.704099021733,L1,2.87552021100967,L2,3.137356287...
GetData ===>> H2,-0.0584935097828866,H1,1170.23399738562,AX,226.52122145651,L1,2.86622704178204,L2,2.9966440236...
GetData ===>> H2,-0.0834322592687591,H1,1169.58047000735,AX,226.762212392072,L1,2.87047850559527,L2,3.058991712...
set states for children of B. state=False
handle state [('B', False)]
update switch state B False args=() kw={'refresh': False} ncanvase=2
refresh_canvas_needed fired
GetData ===>> H2,-0.094499346039142,H1,1169.36468617222,AX,226.398990402675,L1,2.91304179643789,L2,3.0243234497...
GetData ===>> H2,0.00329713739187489,H1,1168.42413437349,AX,226.480463674,L1,2.90748310974105,L2,3.040249636343...
testing H1>-5.0
evaluate ot="H1.bs>-5.0" t="H1>-5.0", ctx="{'H1': None}"
11:10:39 -- collecting point 50
GetData ===>> H2,-0.0452790536276534,H1,1168.36230632119,AX,226.60984163493,L1,2.8926483910347,L2,3.00351685755...
GetData ===>> H2,-0.203126659132855,H1,1167.91785210933,AX,226.194836859318,L1,2.90570292354,L2,2.9189300082901...
GetData ===>> H2,-0.227258926531441,H1,1167.4580506808,AX,225.914679933257,L1,2.89465296802865,L2,2.99774318160...
GetData ===>> H2,-0.079227039838436,H1,1166.26388433212,AX,225.875879243966,L1,2.89203515072976,L2,2.8205169896...
GetData ===>> H2,-0.062086903903128,H1,1166.07333345531,AX,225.943701857492,L1,2.89452947270803,L2,3.0535620420...
testing H1>-5.0
evaluate ot="H1.bs>-5.0" t="H1>-5.0", ctx="{'H1': None}"
GetData ===>> H2,-0.116513991315812,H1,1165.9908299471,AX,225.905633330117,L1,2.90186601917623,L2,2.96455604900...
GetData ===>> H2,-0.23259467901975,H1,1165.5192617063,AX,225.848207333043,L1,2.89899535634586,L2,3.003713561982...
GetData ===>> H2,-0.121558762511967,H1,1164.31779350035,AX,225.825776708259,L1,2.88441231763346,L2,3.0359553275...
GetData ===>> H2,-0.0681538093491823,H1,1163.94735218186,AX,225.640870159498,L1,2.893516861024,L2,3.12403240042...
GetData ===>> H2,-0.126155141590523,H1,1163.89736550113,AX,225.776112041734,L1,2.88674243624758,L2,3.0084693019...
testing H1>-5.0
evaluate ot="H1.bs>-5.0" t="H1>-5.0", ctx="{'H1': None}"
GetData ===>> H2,-0.0897576472761839,H1,1163.91338262676,AX,225.665721034663,L1,2.83724893646951,L2,3.059466388...
GetData ===>> H2,-0.147092261894122,H1,1163.46356321951,AX,225.591152179354,L1,2.83940510280988,L2,2.9728455756...
GetData ===>> H2,-0.0629098348973904,H1,1162.81381578371,AX,225.235169821565,L1,2.9007470483078,L2,2.8853202704...
GetData ===>> H2,-0.0220442948931535,H1,1161.9868229119,AX,225.326502712984,L1,2.86201429109071,L2,2.9442867370...
GetData ===>> H2,-0.0557224317776994,H1,1161.33973284265,AX,225.30094190173,L1,2.84503768582318,L2,2.9962013003...
testing H1>-5.0
evaluate ot="H1.bs>-5.0" t="H1>-5.0", ctx="{'H1': None}"
GetData ===>> H2,-0.0611337480086542,H1,1161.32431505847,AX,225.179875150433,L1,2.88584079731542,L2,3.081801955...
GetData ===>> H2,-0.0614374649525646,H1,1160.63533546749,AX,224.855961865343,L1,2.88862828383346,L2,2.925560772...
GetData ===>> H2,-0.0410567368152517,H1,1160.12650792178,AX,225.277864267176,L1,2.88428745415423,L2,2.910517805...
GetData ===>> H2,-0.00711702967618131,H1,1159.86821320943,AX,224.923273658868,L1,2.87770179645564,L2,2.95281762...
GetData ===>> H2,-0.0318280726550606,H1,1159.24985002281,AX,224.965078304339,L1,2.84322285178903,L2,2.972903465...
testing H1>-5.0
evaluate ot="H1.bs>-5.0" t="H1>-5.0", ctx="{'H1': None}"
GetData ===>> H2,-0.0418084934141802,H1,1158.78943992879,AX,224.619003115897,L1,2.84043062167388,L2,2.999779549...
GetData ===>> H2,-0.088337462320747,H1,1158.46348821927,AX,224.822564030174,L1,2.86411704634071,L2,2.9233273233...
GetData ===>> H2,-0.0475096785782187,H1,1157.49914431603,AX,224.661778644348,L1,2.89993431797557,L2,2.993468263...
GetData ===>> H2,-0.102578706489756,H1,1157.19683348376,AX,224.577902549585,L1,2.87804326366129,L2,2.9812631792...
GetData ===>> H2,-0.0640905759285171,H1,1156.8127124579,AX,224.391375837368,L1,2.83172688934002,L2,2.9180042831...
testing H1>-5.0
evaluate ot="H1.bs>-5.0" t="H1>-5.0", ctx="{'H1': None}"
11:11:06 -- collecting point 75
GetData ===>> H2,-0.0203045792986184,H1,1156.61163569922,AX,224.352014072817,L1,2.82720279951808,L2,2.880889975...
GetData ===>> H2,-0.075140906164955,H1,1156.34668946013,AX,224.038811563276,L1,2.83415982114713,L2,3.0123110914...
GetData ===>> H2,-0.160471684623858,H1,1155.79677235578,AX,224.221319136257,L1,2.86957128799994,L2,2.9261162499...
GetData ===>> H2,-0.0264663688332871,H1,1155.42091342778,AX,224.142816877183,L1,2.86604468121765,L2,3.056572056...
GetData ===>> H2,-0.0885488751372469,H1,1154.79562260607,AX,223.894033922792,L1,2.87207521784643,L2,3.060438903...
testing H1>-5.0
evaluate ot="H1.bs>-5.0" t="H1>-5.0", ctx="{'H1': None}"
GetData ===>> H2,-0.197519093525753,H1,1154.53038394259,AX,223.847125410862,L1,2.87013315149183,L2,2.9412310797...
GetData ===>> H2,-0.199706361267317,H1,1154.09291221073,AX,223.840284599611,L1,2.88042421618927,L2,3.0495218235...
GetData ===>> H2,-0.106629087307659,H1,1153.67137196884,AX,223.827088851786,L1,2.84986312915107,L2,2.9150420219...
GetData ===>> H2,-0.130200956873405,H1,1153.37940945759,AX,223.559154928051,L1,2.86897930542124,L2,2.9135262122...
GetData ===>> H2,-0.1186950577885,H1,1152.88481167067,AX,223.661576617851,L1,2.82079018122857,L2,2.920712054065...
testing H1>-5.0
evaluate ot="H1.bs>-5.0" t="H1>-5.0", ctx="{'H1': None}"
GetData ===>> H2,-0.143002686646701,H1,1151.87995658048,AX,223.410941295246,L1,2.85491930191549,L2,3.0683698948...
GetData ===>> H2,-0.247826824140068,H1,1151.51525575506,AX,223.284249564886,L1,2.82171230489793,L2,2.9583277919...
GetData ===>> H2,-0.175479479474114,H1,1151.64450879623,AX,223.349282362602,L1,2.84021428297419,L2,2.9784842473...
GetData ===>> H2,-0.230846434272912,H1,1151.26346557115,AX,223.267758270055,L1,2.8765471912336,L2,2.99930516428...
GetData ===>> H2,-0.122462228451342,H1,1150.25729135309,AX,223.407079292849,L1,2.8832446911664,L2,3.01322527463...
testing H1>-5.0
evaluate ot="H1.bs>-5.0" t="H1>-5.0", ctx="{'H1': None}"
GetData ===>> H2,-0.0462783407312636,H1,1149.64467870507,AX,223.19274179716,L1,2.84949345295112,L2,2.9484884227...
GetData ===>> H2,0.0574384270234169,H1,1149.46603417957,AX,222.766047148643,L1,2.86096442812792,L2,2.9597632655...
GetData ===>> H2,-0.0840431331129812,H1,1149.69600551268,AX,222.766246129535,L1,2.84615138247943,L2,2.952725017...
GetData ===>> H2,-0.0817240764122681,H1,1148.92863411811,AX,222.49857891056,L1,2.80573648851922,L2,2.9700437291...
GetData ===>> H2,0.0146360668073848,H1,1148.24155286062,AX,222.570442975229,L1,2.83932432483892,L2,2.9532690741...
testing H1>-5.0
evaluate ot="H1.bs>-5.0" t="H1>-5.0", ctx="{'H1': None}"
GetData ===>> H2,-0.0502135388488892,H1,1147.78168386022,AX,222.772986719304,L1,2.85639192630953,L2,2.977627426...
GetData ===>> H2,-0.144505206116589,H1,1147.09638643031,AX,222.662894108239,L1,2.84589520899315,L2,2.9569502202...
GetData ===>> H2,-0.23149650606326,H1,1146.74303046804,AX,222.407178504058,L1,2.84717476347701,L2,3.01852539200...
GetData ===>> H2,-0.0829134648028276,H1,1145.81240011778,AX,222.260865757379,L1,2.85736053652029,L2,3.011107622...
GetData ===>> H2,-0.0380247816895532,H1,1145.8504555561,AX,222.291502479159,L1,2.80934032101552,L2,2.8080269024...
testing H1>-5.0
evaluate ot="H1.bs>-5.0" t="H1>-5.0", ctx="{'H1': None}"
11:11:32 -- collecting point 100
GetData ===>> H2,-0.206997345031409,H1,1146.04156945182,AX,222.379072916066,L1,2.8175045207399,L2,2.89495657195...
GetData ===>> H2,-0.14758258765485,H1,1145.34535741257,AX,222.218260121778,L1,2.82853750127027,L2,2.93243502742...
GetData ===>> H2,-0.0662493424639453,H1,1144.33597208848,AX,222.14349018236,L1,2.85096812111165,L2,2.9104136696...
GetData ===>> H2,0.00910055502443686,H1,1143.74108171452,AX,222.019413923959,L1,2.84471989795864,L2,3.021117694...
GetData ===>> H2,0.00588770573113038,H1,1143.11833889761,AX,222.178123525205,L1,2.8241493115991,L2,2.9842274608...
testing H1>-5.0
evaluate ot="H1.bs>-5.0" t="H1>-5.0", ctx="{'H1': None}"
GetData ===>> H2,0.00676632066891052,H1,1142.81658078125,AX,221.886078137036,L1,2.79943421275139,L2,2.783919535...
GetData ===>> H2,-0.100843353814416,H1,1142.45347495324,AX,221.880046268563,L1,2.78843113308028,L2,2.8769456784...
GetData ===>> H2,-0.0477228073362225,H1,1141.97531294814,AX,221.705684452775,L1,2.78163169214594,L2,2.927192496...
set states for children of V. state=False
handle state [('V', False)]
update switch state V False args=() kw={'refresh': False} ncanvase=2
refresh_canvas_needed fired
GetData ===>> H2,-0.0574695237972124,H1,1141.58873216938,AX,221.522037700466,L1,2.80348586420433,L2,2.973876027...
GetData ===>> H2,-0.0412222903617142,H1,1141.47077942717,AX,221.62642395108,L1,2.82782564103195,L2,2.9140121944...
testing H1>-5.0
evaluate ot="H1.bs>-5.0" t="H1>-5.0", ctx="{'H1': None}"
GetData ===>> H2,-0.0910868772158634,H1,1140.80510893431,AX,221.537216792009,L1,2.81220868097332,L2,2.920862487...
set states for children of H. state=True
handle state [('H', True)]
update switch state H True args=() kw={'refresh': False} ncanvase=2
refresh_canvas_needed fired
GetData ===>> H2,-0.190180592624271,H1,1140.2515417255,AX,221.437873665897,L1,2.81719816236652,L2,2.91744885227...
GetData ===>> H2,-0.143351310517651,H1,1140.43611910734,AX,221.431400305954,L1,2.79116721546019,L2,2.9666515189...
GetData ===>> H2,-0.13900761103369,H1,1139.79029360504,AX,221.373620230514,L1,2.80628485452682,L2,2.93404371957...
GetData ===>> H2,-0.219833947319524,H1,1139.31513624209,AX,221.241661424863,L1,2.81972586349569,L2,2.9473540654...
testing H1>-5.0
evaluate ot="H1.bs>-5.0" t="H1>-5.0", ctx="{'H1': None}"
GetData ===>> H2,-0.145641421832552,H1,1138.81650896645,AX,220.985307824014,L1,2.85348384591096,L2,2.9268453186...
GetData ===>> H2,-0.167150530929785,H1,1138.27092498881,AX,221.255060151598,L1,2.86590071439307,L2,2.8877610679...
GetData ===>> H2,-0.225455992625179,H1,1138.16196568695,AX,221.039959059237,L1,2.83260531258867,L2,2.9079375918...
GetData ===>> H2,-0.175398480775885,H1,1137.91787717545,AX,220.880301820421,L1,2.84340774629551,L2,2.8949218656...
GetData ===>> H2,-0.12986983006534,H1,1137.54384465464,AX,220.905809249685,L1,2.86043953258352,L2,2.91488002587...
testing H1>-5.0
evaluate ot="H1.bs>-5.0" t="H1>-5.0", ctx="{'H1': None}"
GetData ===>> H2,-0.090576070234464,H1,1136.55755475307,AX,220.626157930099,L1,2.79215741076775,L2,2.9668020240...
measurement finished
estimated time: 125.829 actual time: :126.148
flush and close file /Users/jan/PychronDev/data/isotopes/da/228a55-e9e1-42b8-842c-421cc4522a72.h5
baselines () {'settling_time': 15.0, 'detector': 'H1', 'mass': 34.2, 'ncounts': 60}
%%%%%%%%%%%%%%%%%%%%%%%%%%%%%%%% Baseline
build tables- baseline [Detector(H2), Detector(H1), Detector(AX), Detector(L1), Detector(L2), Detector(CDD)]
add group baseline table H2
add group baseline table H1
add group baseline table AX
add group baseline table L1
add group baseline table L2
add group baseline table CDD
flush and close file /Users/jan/PychronDev/data/isotopes/da/228a55-e9e1-42b8-842c-421cc4522a72.h5
detector Detector(H1)
POSITION 34.2 H1
Mapping mass to dac mass func: "parabolic"
H1 map mass coeffs = [-0.00063987  0.15840543  0.57086999]
H1 map mass to dac 34.2 >> 5.23991599104
GetDeflection H1 ===>> 0
GetHighVoltage ===>> 4499.94659342336
positioning 34.2 (5.23988513367) on H1
setting magnet DAC
current  : 5.879225
requested: 5.239885
Delta Dac: 0.639340
Checking detector protection. dv=0.63934
Checking detector "CDD". Protection Threshold: 0.1 (V)
ProtectDetector CDD,On ===>> OK
GetDeflection CDD ===>> 2000
Protected = 2000
SetMagnetDAC 5.23988513367 ===>> OK
Magnet settling time: 0.500
GetMagnetMoving ===>> True
GetMagnetMoving ===>> True
GetMagnetMoving ===>> True
GetMagnetMoving ===>> True
GetMagnetMoving ===>> True
GetMagnetMoving ===>> True
GetMagnetMoving ===>> True
GetMagnetMoving ===>> True
GetMagnetMoving ===>> False
ProtectDetector CDD,Off ===>> OK
GetDeflection CDD ===>> 50
Delaying 15.0s for detectors to settle
set states for children of H. state=False
handle state [('H', False)]
update switch state H False args=() kw={'refresh': False} ncanvase=2
refresh_canvas_needed fired
set states for children of C. state=True
handle state [('C', True)]
update switch state C True args=() kw={'refresh': False} ncanvase=2
refresh_canvas_needed fired
State checksums do not match. Local:-1990985319 Remote:678048056
State checksum failed
set states for children of B. state=True
set states for children of D. state=True
handle state [('B', True), ('D', True)]
update switch state B True args=() kw={'refresh': True} ncanvase=2
update switch state D True args=() kw={'refresh': False} ncanvase=2
refresh_canvas_needed fired
Join finished
measuring baseline. ncounts=60
"baseline" increment series count="2" fit count="1" regressing="True"
starting measurement
GetData ===>> H2,-0.220450973427697,H1,-0.0594131508686367,AX,-0.113250099075083,L1,-0.0339758153218572,L2,-0.0...
GetData ===>> H2,-0.165765672273574,H1,-0.0426620354071037,AX,-0.0812059728330814,L1,-0.0659439524061873,L2,-0....
GetData ===>> H2,-0.113594874038312,H1,-0.132138564397466,AX,-0.0778792689936365,L1,-0.0396731893548776,L2,-0.0...
GetData ===>> H2,-0.161319753109586,H1,-0.0240954238537093,AX,-0.0991357592280802,L1,-0.0491575656293064,L2,-0....
testing H1>-5.0
evaluate ot="H1.bs>-5.0" t="H1>-5.0", ctx="{'H1': None}"
GetData ===>> H2,-0.16520277198074,H1,-0.0457978667731894,AX,-0.105300895170816,L1,-0.053737316912369,L2,-0.054...
GetData ===>> H2,-0.172866342871705,H1,-0.0906068650862178,AX,-0.0784008851283655,L1,-0.0538892216759815,L2,-0....
GetData ===>> H2,-0.182520101932172,H1,-0.071226664300039,AX,-0.103041163254143,L1,-0.0760398091695396,L2,-0.09...
GetData ===>> H2,-0.260683129106481,H1,-0.0809291528459209,AX,-0.130455699212541,L1,-0.0443494519988229,L2,-0.0...
GetData ===>> H2,-0.269505273675232,H1,-0.0603549452778516,AX,-0.0806959629017525,L1,-0.0439783045107861,L2,-0....
testing H1>-5.0
evaluate ot="H1.bs>-5.0" t="H1>-5.0", ctx="{'H1': None}"
GetData ===>> H2,-0.319858149459001,H1,-0.0303323769671458,AX,-0.121511484184259,L1,-0.040733173262097,L2,-0.00...
GetData ===>> H2,-0.295631976317933,H1,-0.138923203199082,AX,-0.089945273076108,L1,-0.0569783930478914,L2,0.060...
GetData ===>> H2,-0.248183297362591,H1,0.0106621353909155,AX,-0.138454938654312,L1,-0.0473265165711772,L2,-0.02...
GetData ===>> H2,-0.144747049913615,H1,0.00282452818274344,AX,-0.0656494671872519,L1,-0.0561453165664853,L2,0.0...
GetData ===>> H2,-0.0883455936556208,H1,-0.0029489025626493,AX,-0.135266176790589,L1,-0.0575193769675131,L2,0.0...
testing H1>-5.0
evaluate ot="H1.bs>-5.0" t="H1>-5.0", ctx="{'H1': None}"
GetData ===>> H2,-0.122767875799583,H1,-0.00207813784471862,AX,-0.0757927764911332,L1,-0.0294909713532549,L2,-0...
GetData ===>> H2,-0.23736833720541,H1,-0.105371915468333,AX,-0.0314558281463712,L1,-0.0264636188772586,L2,-0.04...
GetData ===>> H2,-0.20460392955003,H1,0.00346869193130774,AX,-0.16436699937364,L1,-0.0592498510234647,L2,0.0344...
GetData ===>> H2,-0.172415767428972,H1,-0.0100340215697379,AX,-0.0688722560621805,L1,-0.0723419997528638,L2,0.0...
GetData ===>> H2,-0.152276722835316,H1,0.0174862444330294,AX,-0.145922030145379,L1,-0.0604571766838121,L2,-0.01...
testing H1>-5.0
evaluate ot="H1.bs>-5.0" t="H1>-5.0", ctx="{'H1': None}"
GetData ===>> H2,-0.108379790531595,H1,0.0503606294440796,AX,-0.137817194644306,L1,-0.0588262355650505,L2,-0.06...
GetData ===>> H2,-0.0704932629088795,H1,0.0523179205799586,AX,-0.0410229091479847,L1,-0.0221696130407837,L2,-0....
GetData ===>> H2,-0.102382443544178,H1,0.035562837137726,AX,-0.053592044187983,L1,-0.0441195816222168,L2,-0.065...
GetData ===>> H2,-0.166293450262153,H1,-0.00801827276142293,AX,-0.0414055728267119,L1,-0.0566588158444495,L2,0....
GetData ===>> H2,-0.186612635779752,H1,0.0334149522872586,AX,-0.0342506726848426,L1,-0.010015150471949,L2,-0.07...
testing H1>-5.0
evaluate ot="H1.bs>-5.0" t="H1>-5.0", ctx="{'H1': None}"
11:12:38 -- collecting point 25
GetData ===>> H2,-0.369673615053778,H1,0.014968905304369,AX,-0.0749002077014618,L1,0.0231206864788307,L2,0.0309...
GetData ===>> H2,-0.250570705190258,H1,-0.09063070066031,AX,-0.119495446501606,L1,-0.0101434390963207,L2,0.0112...
GetData ===>> H2,-0.133806228414943,H1,-0.0567307764474332,AX,-0.111662627751312,L1,-0.0215139057571787,L2,0.00...
GetData ===>> H2,-0.264593580608531,H1,0.0114614387958458,AX,-0.0744133485469775,L1,-0.0261472936168046,L2,0.03...
GetData ===>> H2,-0.341495565969414,H1,0.00865793999234046,AX,-0.128683141626854,L1,-0.0429976908360657,L2,-0.0...
testing H1>-5.0
evaluate ot="H1.bs>-5.0" t="H1>-5.0", ctx="{'H1': None}"
GetData ===>> H2,-0.272613294407099,H1,-0.0265043887145432,AX,-0.12492938364399,L1,-0.0152987475714164,L2,-0.15...
GetData ===>> H2,-0.139833501509292,H1,0.0414339575144808,AX,-0.0612440435338759,L1,-0.018285092839367,L2,-0.06...
GetData ===>> H2,-0.127624670632815,H1,0.0283676042657667,AX,-0.0848802835581002,L1,-0.00345106576405287,L2,0.0...
GetData ===>> H2,-0.181187078711072,H1,-0.00888898580677626,AX,-0.0361293197571066,L1,-0.0288908444974057,L2,-0...
GetData ===>> H2,-0.274413485304914,H1,-0.0781520010010748,AX,-0.140681212241495,L1,-0.0343337980814423,L2,-0.0...
testing H1>-5.0
evaluate ot="H1.bs>-5.0" t="H1>-5.0", ctx="{'H1': None}"
GetData ===>> H2,-0.164440044712714,H1,-0.0028057636772381,AX,-0.127304463395939,L1,-0.00820694621121267,L2,-0....
GetData ===>> H2,-0.271182340676427,H1,-0.0216267709977068,AX,-0.0801395853823361,L1,-0.0337243816827045,L2,-0....
GetData ===>> H2,-0.263644331478937,H1,-0.0110359171174633,AX,0.0535267192406108,L1,-0.015690980822629,L2,-0.04...
GetData ===>> H2,-0.211507879632867,H1,-0.0103202784637933,AX,0.00107928336898336,L1,0.00392889319056531,L2,-0....
GetData ===>> H2,-0.221924694240036,H1,0.0855880012543999,AX,-0.144797365144061,L1,-0.0182239356219473,L2,0.023...
testing H1>-5.0
evaluate ot="H1.bs>-5.0" t="H1>-5.0", ctx="{'H1': None}"
GetData ===>> H2,-0.249688431877953,H1,0.118751733997313,AX,-0.0874186064581422,L1,0.0286755131774031,L2,-0.112...
GetData ===>> H2,-0.210000526562984,H1,0.0395007457133502,AX,-0.00346816672695279,L1,-0.0135095318561472,L2,-0....
GetData ===>> H2,-0.170691543780716,H1,-0.00671815288331139,AX,-0.103110694249625,L1,-0.00572193409967261,L2,-0...
GetData ===>> H2,-0.143086465454357,H1,-0.0191580572520554,AX,-0.016796075927203,L1,-0.0174672341968875,L2,0.01...
GetData ===>> H2,-0.171981363355492,H1,-0.0189791625855971,AX,-0.149180006904009,L1,-0.040897251174052,L2,-0.03...
testing H1>-5.0
evaluate ot="H1.bs>-5.0" t="H1>-5.0", ctx="{'H1': None}"
GetData ===>> H2,-0.210621542648997,H1,0.00840741838887844,AX,-0.00966256561434927,L1,-0.0211230982729789,L2,-0...
GetData ===>> H2,-0.29662640926374,H1,-0.0300581023042977,AX,-0.0697880650797559,L1,-0.00863504513514745,L2,-0....
GetData ===>> H2,-0.257318621600309,H1,-0.0850411030764996,AX,-0.0826316682321508,L1,-0.0246961437992054,L2,-0....
GetData ===>> H2,-0.20452575766567,H1,0.0271624831505559,AX,-0.125265374057148,L1,-0.0253468504120387,L2,0.0506...
GetData ===>> H2,-0.292159495749123,H1,-0.00801827276142293,AX,-0.0062406149626437,L1,0.0236590799037644,L2,0.0...
testing H1>-5.0
evaluate ot="H1.bs>-5.0" t="H1>-5.0", ctx="{'H1': None}"
11:13:04 -- collecting point 50
GetData ===>> H2,-0.18140296356728,H1,0.0357776281571855,AX,-0.105405189222902,L1,0.0228707278759186,L2,-0.0146...
GetData ===>> H2,-0.118971043781314,H1,-0.0550378631379854,AX,-0.097038133301992,L1,0.00836692501587898,L2,-0.0...
GetData ===>> H2,-0.272559552947733,H1,-0.0235468395920922,AX,-0.107780745688173,L1,-0.0302096390217697,L2,0.02...
GetData ===>> H2,-0.197037622080352,H1,-0.010606534539259,AX,0.0215918515188308,L1,-0.0330490716413394,L2,-0.04...
GetData ===>> H2,-0.109535011688243,H1,-0.0489693681356983,AX,-0.087244750837765,L1,-0.0284811564926087,L2,-0.0...
testing H1>-5.0
evaluate ot="H1.bs>-5.0" t="H1>-5.0", ctx="{'H1': None}"
GetData ===>> H2,-0.19468680041539,H1,-0.0547159679302521,AX,-0.0809625593356634,L1,-0.0234880906205573,L2,-0.0...
GetData ===>> H2,-0.154187518866945,H1,-0.00453534483699762,AX,0.0280551341113986,L1,-0.041611018798728,L2,-0.0...
GetData ===>> H2,-0.150700995447127,H1,-0.0705352962856896,AX,-0.0151838323323383,L1,-0.0348725182200854,L2,0.0...
GetData ===>> H2,-0.227689756872921,H1,0.0103281000379819,AX,-0.122241418560246,L1,0.0290731263756959,L2,-0.046...
GetData ===>> H2,-0.247516077921686,H1,0.0430330621510545,AX,-0.00820100141012843,L1,-0.0129054442566991,L2,-0....
testing H1>-5.0
evaluate ot="H1.bs>-5.0" t="H1>-5.0", ctx="{'H1': None}"
GetData ===>> H2,-0.180755296649427,H1,0.0423647765098735,AX,-0.159127175262674,L1,0.00701103777800977,L2,-0.03...
measurement finished
estimated time: 62.915 actual time: :63.104
flush and close file /Users/jan/PychronDev/data/isotopes/da/228a55-e9e1-42b8-842c-421cc4522a72.h5
activate_detectors ('H1', 'AX', 'CDD') {'peak_center': True}
peak_center () {'detector': 'H1', 'integration_time': 0.262144, 'isotope': 'Ar40'}
peak center: mean=1138.70617669 threshold=3
peak center started
setup peak center. detector=['H1', 'AX', 'CDD'], isotope=Ar40
VersionedUnpickler [<apptools.sweet_pickle.versioned_unpickler.VersionedUnpickler object at 0x1464ebb90>] using Updater [<apptools.sweet_pickle.updater.Updater object at 0x135230b30>]
VersionedUnpickler [<apptools.sweet_pickle.versioned_unpickler.VersionedUnpickler object at 0x1464ebb90>] using Updater [<apptools.sweet_pickle.updater.Updater object at 0x135230b30>]
VersionedUnpickler [<apptools.sweet_pickle.versioned_unpickler.VersionedUnpickler object at 0x1464ebb90>] using Updater [<apptools.sweet_pickle.updater.Updater object at 0x135230b30>]
setting integration time = 0.524288
SetIntegrationTime 0.524288 ===>> OK
Mapping mass to dac mass func: "parabolic"
H1 map mass coeffs = [-0.00063987  0.15840543  0.57086999]
H1 map mass to dac 39.9624 >> 5.87926
GetDeflection H1 ===>> 0
GetHighVoltage ===>> 4499.94659342336
do peak center. <pychron.spectrometer.jobs.peak_center.PeakCenter object at 0x1352309b0>
doing pc
starting peak center. center dac= 5.87922537759 step_width=0.001
width = 0.001
get scan parameters. half-width=0.015,window=0.015, i=0, scalar=1
Scan parameters center=5.87923 width=0.03000 (5.86423 - 5.89423)
GetData ===>> H2,-0.155506239726778,H1,0.0758676214150491,AX,-0.122032866440274,L1,0.00922494794003474,L2,0.080...
Moving to starting dac 5.86422537759
setting magnet DAC
current  : 5.239885
requested: 5.864225
Delta Dac: 0.624340
Checking detector protection. dv=0.62434
Checking detector "CDD". Protection Threshold: 0.1 (V)
ProtectDetector CDD,On ===>> OK
GetDeflection CDD ===>> 2000
Protected = 2000
SetMagnetDAC 5.86422537759 ===>> OK
Magnet settling time: 0.500
GetMagnetMoving ===>> True
GetMagnetMoving ===>> True
GetMagnetMoving ===>> True
GetMagnetMoving ===>> True
GetMagnetMoving ===>> True
GetMagnetMoving ===>> True
GetMagnetMoving ===>> True
GetMagnetMoving ===>> True
GetMagnetMoving ===>> False
ProtectDetector CDD,Off ===>> OK
GetDeflection CDD ===>> 50
Wait until signal near baseline. tol= 0.0569007160613. timeout= 10
GetData ===>> H2,3.61185385342856,H1,1.5618404570154,AX,0.0336368778314797,L1,0.0551239637954551,L2,0.000683209...
GetData ===>> H2,53.0117332571321,H1,24.3525747059062,AX,1.49840317260663,L1,0.0978400976867121,L2,0.0314326925...
GetData ===>> H2,70.7438901405395,H1,40.8798431550562,AX,5.74189028095674,L1,0.0967269588174084,L2,0.0078116539...
GetData ===>> H2,39.6564003099333,H1,19.6270314623867,AX,2.5910026398155,L1,0.0860523473545085,L2,0.08049288278...
GetData ===>> H2,16.8576306405841,H1,9.91788147025316,AX,1.14496623488844,L1,0.0680227110991703,L2,0.0734501851...
GetData ===>> H2,5.94941105977191,H1,5.23825358427101,AX,0.721541400273863,L1,0.0274046975716607,L2,-0.02855379...
GetData ===>> H2,1.86189349916737,H1,3.11153678536995,AX,0.343049206237588,L1,0.000982982135639385,L2,0.0021862...
GetData ===>> H2,0.58031863418085,H1,2.05340189698264,AX,0.0598032704355945,L1,-0.0104131995610252,L2,0.0751367...
GetData ===>> H2,0.330572855594591,H1,1.54625879153898,AX,0.166196592597821,L1,-0.01199564867136,L2,-0.13265743...
GetData ===>> H2,0.356829475701269,H1,1.25478727645458,AX,0.103561392148122,L1,0.000469276596887644,L2,0.037401...
GetData ===>> H2,0.36380444306911,H1,1.15317532861112,AX,0.199954206927362,L1,0.00230337360810228,L2,0.02564647...
GetData ===>> H2,0.376976039680536,H1,1.14189799058499,AX,0.237321628525267,L1,0.0100808972327968,L2,-0.1402674...
GetData ===>> H2,0.295338828434626,H1,1.07483592813005,AX,0.123824724465645,L1,0.0174791109259787,L2,-0.0853172...
GetData ===>> H2,0.274892867359043,H1,1.00724346076462,AX,0.0147461135039843,L1,0.0199847955152048,L2,0.0667042...
GetData ===>> H2,0.164203817460822,H1,1.0294337111229,AX,0.1767518405692,L1,0.0150652186000234,L2,0.00198132123...
GetData ===>> H2,0.087744945178637,H1,0.968290562449714,AX,0.0828850834017829,L1,0.0183478697122453,L2,-0.01716...
GetData ===>> H2,0.0233146381337441,H1,0.985153926408811,AX,0.0243534888846801,L1,-0.0189363036250336,L2,-0.105...
GetData ===>> H2,0.0252290371283018,H1,0.978638200651427,AX,0.179721435123096,L1,-0.0334922824276625,L2,-0.1516...
GetData ===>> H2,0.0369562896420239,H1,0.911732708033308,AX,0.0998986767231216,L1,-0.0441531047130065,L2,-0.128...
GetData ===>> H2,0.0257566409597291,H1,0.961440628324728,AX,0.226550914283749,L1,-0.0738297806190114,L2,0.01439...
GetData ===>> H2,0.00539674448165994,H1,0.950184756730432,AX,0.0675892946090595,L1,-0.075398837622134,L2,-0.098...
Peak center failed to move to a baseline position
_do_sweep sm= 5.86422537759, em= 5.89422537759, stm= 0.001
calculated step values: start=5.86422537759, end=5.89422537759, width=0.001, nsteps=31.0
setting magnet DAC
current  : 5.864225
requested: 5.864225
Delta Dac: 0.000000
Checking detector protection. dv=0.00000
Checking detector "CDD". Protection Threshold: 0.1 (V)
SetMagnetDAC 5.86422537759 ===>> OK
GetData ===>> H2,0.00539674448165994,H1,0.950184756730432,AX,0.0675892946090595,L1,-0.075398837622134,L2,-0.098...
setting magnet DAC
current  : 5.864225
requested: 5.865260
Delta Dac: 0.001034
Checking detector protection. dv=0.00103
Checking detector "CDD". Protection Threshold: 0.1 (V)
SetMagnetDAC 5.86525986035 ===>> OK
Magnet settling time: 1.049
GetData ===>> H2,-0.0254309584131181,H1,2.17473507691779,AX,0.290798204762802,L1,-0.0582157484536966,L2,-0.0306...
setting magnet DAC
current  : 5.865260
requested: 5.866294
Delta Dac: 0.001034
Checking detector protection. dv=0.00103
Checking detector "CDD". Protection Threshold: 0.1 (V)
SetMagnetDAC 5.86629434311 ===>> OK
Magnet settling time: 1.049
GetData ===>> H2,-0.138497596577118,H1,6.7819480436716,AX,1.13229227202013,L1,-0.0635657221175306,L2,0.05287206...
setting magnet DAC
current  : 5.866294
requested: 5.867329
Delta Dac: 0.001034
Checking detector protection. dv=0.00103
Checking detector "CDD". Protection Threshold: 0.1 (V)
SetMagnetDAC 5.86732882587 ===>> OK
Magnet settling time: 1.049
GetData ===>> H2,-0.0141049336698391,H1,24.970789043117,AX,3.3549284691486,L1,-0.00377619243560284,L2,-0.079173...
setting magnet DAC
current  : 5.867329
requested: 5.868363
Delta Dac: 0.001034
Checking detector protection. dv=0.00103
Checking detector "CDD". Protection Threshold: 0.1 (V)
SetMagnetDAC 5.86836330862 ===>> OK
Magnet settling time: 1.049
GetData ===>> H2,-0.0109384498810416,H1,85.4733866897036,AX,10.7676645907258,L1,0.0567420188399165,L2,-0.074690...
setting magnet DAC
current  : 5.868363
requested: 5.869398
Delta Dac: 0.001034
Checking detector protection. dv=0.00103
Checking detector "CDD". Protection Threshold: 0.1 (V)
SetMagnetDAC 5.86939779138 ===>> OK
Magnet settling time: 1.049
GetData ===>> H2,0.0186206287229453,H1,238.374537411123,AX,32.1240592028313,L1,0.123992545496555,L2,0.006832315...
setting magnet DAC
current  : 5.869398
requested: 5.870432
Delta Dac: 0.001034
Checking detector protection. dv=0.00103
Checking detector "CDD". Protection Threshold: 0.1 (V)
SetMagnetDAC 5.87043227414 ===>> OK
Magnet settling time: 1.049
GetData ===>> H2,-0.0351454418445756,H1,496.202915424445,AX,74.5594164407827,L1,0.420994528479314,L2,0.05884222...
setting magnet DAC
current  : 5.870432
requested: 5.871467
Delta Dac: 0.001034
Checking detector protection. dv=0.00103
Checking detector "CDD". Protection Threshold: 0.1 (V)
SetMagnetDAC 5.8714667569 ===>> OK
Magnet settling time: 1.049
GetData ===>> H2,-0.124021484793586,H1,765.602712052783,AX,126.564827110763,L1,0.919932817665722,L2,0.639663220...
setting magnet DAC
current  : 5.871467
requested: 5.872501
Delta Dac: 0.001034
Checking detector protection. dv=0.00103
Checking detector "CDD". Protection Threshold: 0.1 (V)
SetMagnetDAC 5.87250123966 ===>> OK
Magnet settling time: 1.049
GetData ===>> H2,-0.0805860485197071,H1,953.909602510837,AX,169.960337662339,L1,1.45170571424555,L2,1.360468335...
setting magnet DAC
current  : 5.872501
requested: 5.873536
Delta Dac: 0.001034
Checking detector protection. dv=0.00103
Checking detector "CDD". Protection Threshold: 0.1 (V)
SetMagnetDAC 5.87353572242 ===>> OK
Magnet settling time: 1.049
GetData ===>> H2,-0.0176940006210007,H1,1043.52947692017,AX,195.731570877158,L1,1.90467375844307,L2,2.096541603...
setting magnet DAC
current  : 5.873536
requested: 5.874570
Delta Dac: 0.001034
Checking detector protection. dv=0.00103
Checking detector "CDD". Protection Threshold: 0.1 (V)
SetMagnetDAC 5.87457020518 ===>> OK
Magnet settling time: 1.049
GetData ===>> H2,-0.109968277241556,H1,1074.72349338762,AX,206.210488228848,L1,2.23262675699489,L2,2.3942976082...
setting magnet DAC
current  : 5.874570
requested: 5.875605
Delta Dac: 0.001034
Checking detector protection. dv=0.00103
Checking detector "CDD". Protection Threshold: 0.1 (V)
SetMagnetDAC 5.87560468793 ===>> OK
Magnet settling time: 1.049
GetData ===>> H2,-0.0919666192477329,H1,1083.68613949603,AX,209.43375660291,L1,2.43811553442302,L2,2.6721715491...
setting magnet DAC
current  : 5.875605
requested: 5.876639
Delta Dac: 0.001034
Checking detector protection. dv=0.00103
Checking detector "CDD". Protection Threshold: 0.1 (V)
SetMagnetDAC 5.87663917069 ===>> OK
Magnet settling time: 1.049
GetData ===>> H2,-0.163025150924373,H1,1085.81084213545,AX,210.34448559205,L1,2.59649531094279,L2,2.68647531950...
setting magnet DAC
current  : 5.876639
requested: 5.877674
Delta Dac: 0.001034
Checking detector protection. dv=0.00103
Checking detector "CDD". Protection Threshold: 0.1 (V)
SetMagnetDAC 5.87767365345 ===>> OK
Magnet settling time: 1.049
GetData ===>> H2,-0.0730993223996098,H1,1086.03296594208,AX,210.217316043345,L1,2.63501689333295,L2,2.855546062...
setting magnet DAC
current  : 5.877674
requested: 5.878708
Delta Dac: 0.001034
Checking detector protection. dv=0.00103
Checking detector "CDD". Protection Threshold: 0.1 (V)
SetMagnetDAC 5.87870813621 ===>> OK
Magnet settling time: 1.049
GetData ===>> H2,-0.0515808842246209,H1,1085.28892326714,AX,210.468597099607,L1,2.65627023470071,L2,2.695627141...
setting magnet DAC
current  : 5.878708
requested: 5.879743
Delta Dac: 0.001034
Checking detector protection. dv=0.00103
Checking detector "CDD". Protection Threshold: 0.1 (V)
SetMagnetDAC 5.87974261897 ===>> OK
Magnet settling time: 1.049
GetData ===>> H2,-0.0694002215768659,H1,1085.24739803585,AX,210.297047117659,L1,2.65023104624805,L2,2.680859856...
setting magnet DAC
current  : 5.879743
requested: 5.880777
Delta Dac: 0.001034
Checking detector protection. dv=0.00103
Checking detector "CDD". Protection Threshold: 0.1 (V)
SetMagnetDAC 5.88077710173 ===>> OK
Magnet settling time: 1.049
GetData ===>> H2,-0.146333367410977,H1,1084.95235852661,AX,210.54415318916,L1,2.62054919342262,L2,2.82024584211...
setting magnet DAC
current  : 5.880777
requested: 5.881812
Delta Dac: 0.001034
Checking detector protection. dv=0.00103
Checking detector "CDD". Protection Threshold: 0.1 (V)
SetMagnetDAC 5.88181158449 ===>> OK
Magnet settling time: 1.049
GetData ===>> H2,-0.146109331994653,H1,1084.33615177397,AX,210.476320390781,L1,2.67071480065378,L2,2.7231802638...
setting magnet DAC
current  : 5.881812
requested: 5.882846
Delta Dac: 0.001034
Checking detector protection. dv=0.00103
Checking detector "CDD". Protection Threshold: 0.1 (V)
SetMagnetDAC 5.88284606724 ===>> OK
Magnet settling time: 1.049
GetData ===>> H2,-0.132069952721775,H1,1083.02193989093,AX,209.412810127057,L1,2.65057063722996,L2,2.7830751924...
setting magnet DAC
current  : 5.882846
requested: 5.883881
Delta Dac: 0.001034
Checking detector protection. dv=0.00103
Checking detector "CDD". Protection Threshold: 0.1 (V)
SetMagnetDAC 5.88388055 ===>> OK
Magnet settling time: 1.049
GetData ===>> H2,-0.195073397474375,H1,1077.17232802561,AX,207.138941324527,L1,2.6764515436706,L2,2.60412466938...
setting magnet DAC
current  : 5.883881
requested: 5.884915
Delta Dac: 0.001034
Checking detector protection. dv=0.00103
Checking detector "CDD". Protection Threshold: 0.1 (V)
SetMagnetDAC 5.88491503276 ===>> OK
Magnet settling time: 1.049
GetData ===>> H2,-0.214710506174154,H1,1055.92500408274,AX,199.591658919534,L1,2.6294591868801,L2,2.53241071137...
setting magnet DAC
current  : 5.884915
requested: 5.885950
Delta Dac: 0.001034
Checking detector protection. dv=0.00103
Checking detector "CDD". Protection Threshold: 0.1 (V)
SetMagnetDAC 5.88594951552 ===>> OK
Magnet settling time: 1.049
GetData ===>> H2,-0.207503994159033,H1,989.133711595873,AX,177.769485416327,L1,2.35903540164219,L2,1.9582003556...
setting magnet DAC
current  : 5.885950
requested: 5.886984
Delta Dac: 0.001034
Checking detector protection. dv=0.00103
Checking detector "CDD". Protection Threshold: 0.1 (V)
SetMagnetDAC 5.88698399828 ===>> OK
Magnet settling time: 1.049
GetData ===>> H2,-0.112949237732258,H1,834.066883616731,AX,136.658591200848,L1,1.89137951309604,L2,1.5201515161...
setting magnet DAC
current  : 5.886984
requested: 5.888018
Delta Dac: 0.001034
Checking detector protection. dv=0.00103
Checking detector "CDD". Protection Threshold: 0.1 (V)
SetMagnetDAC 5.88801848104 ===>> OK
Magnet settling time: 1.049
GetData ===>> H2,-0.265980530686429,H1,586.367538695105,AX,83.4931912540083,L1,1.36289581166916,L2,0.6992689908...
setting magnet DAC
current  : 5.888018
requested: 5.889053
Delta Dac: 0.001034
Checking detector protection. dv=0.00103
Checking detector "CDD". Protection Threshold: 0.1 (V)
SetMagnetDAC 5.8890529638 ===>> OK
Magnet settling time: 1.049
GetData ===>> H2,-0.227525397035697,H1,208.61629306446,AX,22.956146541714,L1,0.705798133737051,L2,0.24812063555...
setting magnet DAC
current  : 5.889053
requested: 5.890087
Delta Dac: 0.001034
Checking detector protection. dv=0.00103
Checking detector "CDD". Protection Threshold: 0.1 (V)
SetMagnetDAC 5.89008744655 ===>> OK
Magnet settling time: 1.049
GetData ===>> H2,-0.225241260242311,H1,74.763692922569,AX,6.77972988666001,L1,0.442796909943357,L2,0.0926421846...
setting magnet DAC
current  : 5.890087
requested: 5.891122
Delta Dac: 0.001034
Checking detector protection. dv=0.00103
Checking detector "CDD". Protection Threshold: 0.1 (V)
SetMagnetDAC 5.89112192931 ===>> OK
Magnet settling time: 1.049
GetData ===>> H2,-0.173138837884644,H1,21.7727782996819,AX,1.52819671605833,L1,0.284438746141276,L2,0.041889768...
setting magnet DAC
current  : 5.891122
requested: 5.892156
Delta Dac: 0.001034
Checking detector protection. dv=0.00103
Checking detector "CDD". Protection Threshold: 0.1 (V)
SetMagnetDAC 5.89215641207 ===>> OK
Magnet settling time: 1.049
GetData ===>> H2,-0.0915280743783848,H1,5.40514823466023,AX,0.0755381698326697,L1,0.137921135557888,L2,-0.07045...
setting magnet DAC
current  : 5.892156
requested: 5.893191
Delta Dac: 0.001034
Checking detector protection. dv=0.00103
Checking detector "CDD". Protection Threshold: 0.1 (V)
SetMagnetDAC 5.89319089483 ===>> OK
Magnet settling time: 1.049
GetData ===>> H2,-0.254378752334404,H1,1.17306971291107,AX,-0.0887167186043211,L1,0.0595604097656452,L2,0.04653...
setting magnet DAC
current  : 5.893191
requested: 5.894225
Delta Dac: 0.001034
Checking detector protection. dv=0.00103
Checking detector "CDD". Protection Threshold: 0.1 (V)
SetMagnetDAC 5.89422537759 ===>> OK
Magnet settling time: 1.049
GetData ===>> H2,-0.227571128864373,H1,0.101237257600961,AX,-0.0709820816136846,L1,0.0658661603736566,L2,-0.007...
result of _do_sweep=True
result of _calculate_peak_center=([5.8716844336322875, 5.8794047017547397, 5.8871249698771919], [805.22640643780596, 1086.0245083221882, 800.31226346703511], 5.8776342643281625, 1086.0245083221882)
Failed to find a valid peak. No peak greater than 1.0. max = 0.0625165626278
new center pos Detector(H1) (Ar40) @ 5.87940470175
GetHighVoltage ===>> 4499.94659342336
GetDeflection H1 ===>> 0
dac uncorrected for HV and deflection 5.87943932522
update mftable H1 Ar40 5.87943932522 message=automated run peakcenter
get initial guess parabolic
get initial guess parabolic
get initial guess parabolic
get initial guess parabolic
get initial guess parabolic
get initial guess parabolic
dump mftable to /Users/jan/PychronDev/setupfiles/spectrometer/mftables/mftable.csv
add to repo msg=modified - automated run peakcenter
locally archiving mftable
setting magnet DAC
current  : 5.894225
requested: 5.879405
Delta Dac: 0.014821
Checking detector protection. dv=0.01482
Checking detector "CDD". Protection Threshold: 0.1 (V)
SetMagnetDAC 5.87940470175 ===>> OK
Magnet settling time: 0.500
sweep finished
setting integration time = 1.048576
SetIntegrationTime 1.048576 ===>> OK
Failed to find a valid peak. No peak greater than 1.0. max = 0.062464653267
flush and close file /Users/jan/PychronDev/data/isotopes/da/228a55-e9e1-42b8-842c-421cc4522a72.h5
finished measure script
executed snippet estimated_duration=226.132928, duration=273.031656027
jan_unknown120_60.py completed successfully
Measurement Finished
11:14:02 -- ******* Measurement Finished *******
Post Measurement Started jan_pump_ms.py
11:14:02 -- ******* Post Measurement Started jan_pump_ms.py *******
testing...
no interpolation path defined
executed snippet estimated_duration=0, duration=2.90870666504e-05
Pumping spectrometer
open () {'name': 'O'}
opening name=O desc=---
checking ownership. requestor=129.138.12.150
check software interlocks O
interlocks []
actuate state mode=None-script, software_lock=False
doing actuation None-script open_channel True
Open O ===>> OK
GetIndicatorState O ===>> OK
change switch state (True, True)
update switch state O True args=() kw={} ncanvase=2
11:14:02 -- OPEN   VALVE-O (Jan Ion Pump)
---------------------------------------- open O () result=[(True, True)], time=0.09 sec
action=open, ok=True, locked=[False]
executed snippet estimated_duration=0, duration=0.350311994553
jan_pump_ms.py completed successfully
setting _ms_pumptime
Post Measurement Finished
11:14:02 -- ******* Post Measurement Finished *******
$$$$$$$$$$$$$$$$$$$$ state at run end measurement
state changed from measurement to success
post measurement save measured=True aborted=False
Set filtering
setting fod for Ar40= {'filter_outliers': True, 'std_devs': 2, 'iterations': 1}
setting fod for H1= {'filter_outliers': True, 'std_devs': 2, 'iterations': 1}
setting fod for PM41= {'filter_outliers': False, 'std_devs': 2, 'iterations': 1}
setting fod for H2= {'filter_outliers': True, 'std_devs': 2, 'iterations': 1}
setting fod for Ar36= {'filter_outliers': True, 'std_devs': 2, 'iterations': 1}
setting fod for CDD= {'filter_outliers': True, 'std_devs': 10, 'iterations': 1}
setting fod for Ar37= {'filter_outliers': True, 'std_devs': 2, 'iterations': 1}
setting fod for L2= {'filter_outliers': True, 'std_devs': 2, 'iterations': 1}
setting fod for Ar38= {'filter_outliers': True, 'std_devs': 2, 'iterations': 1}
setting fod for L1= {'filter_outliers': True, 'std_devs': 2, 'iterations': 1}
setting fod for Ar39= {'filter_outliers': True, 'std_devs': 2, 'iterations': 1}
setting fod for AX= {'filter_outliers': True, 'std_devs': 2, 'iterations': 1}
persistence save...
persistence save - db
post measurement save
5653227280 connecting to database sqlite:////Users/jan/PychronDev/.appdata/local_lab.db
connected to db sqlite:////Users/jan/PychronDev/.appdata/local_lab.db
create new session 5653227280
close session 5653227280
No database instance. Not saving post measurement to isotopedb database
$$$$$$$$$$$$$$$ auto_save_detector_ic=False
massspec enabled True
create new session 4985539184
MassSpec Database Version: 16.0
close session 4985539184
saving post measurement to secondary database
saving to massspec database 129.138.12.160/massspecdata
setting labnumber to 65584
setting aliquot to 5
setting step to C
setting uuid to da228a55-e9e1-42b8-842c-421cc4522a72
setting irradpos to 65584
setting extract_device to Fusions CO2
setting tray to 
setting position to 203
setting power_requested to 5.0
setting extract_value to 5.0
setting duration to 30.0
setting duration_at_request to 30.0
setting first_stage_delay to 30.0
setting cleanup to 30.0
setting comment to O:9
setting irradiation to NM-289
setting level to O
setting irradiation_level to O
setting sample to BW-102
setting material to 
setting project to 
setting mass_spectrometer to jan
no attribute chron_dosages
no attribute production_ratios
no attribute interference_corrections
no attribute production_name
no attribute j
Reference Isotope=Ar40
Reference Detector=H1
%%%%%%%%%%%%%%%%%%%% Comment: O:9 %%%%%%%%%%%%%%%%%%%
adding isotope PM41 H2
add baseline dbdet= PM41. original det= H2
get baseline data PM41 H2
Get data baseline <pychron.processing.isotope.Baseline object at 0x173337950> len t=60
baseline PM41. v=-0.195712996702, e=0.00791644906018
get signal data PM41 H2
Get data signal PM41 0.09+/-0.07 len t=120
adding isotope Ar40 H1
add baseline dbdet= Ar40. original det= H1
get baseline data Ar40 H1
Get data baseline <pychron.processing.isotope.Baseline object at 0x188f1a850> len t=60
baseline Ar40. v=-0.0153379175076, e=0.0054373558731
get signal data Ar40 H1
Get data signal Ar40 1196.98+/-0.07 len t=120
adding isotope Ar39 AX
add baseline dbdet= Ar39. original det= AX
get baseline data Ar39 AX
Get data baseline <pychron.processing.isotope.Baseline object at 0x188f1ac90> len t=60
baseline Ar39. v=-0.0870108617365, e=0.00578806058334
get signal data Ar39 AX
Get data signal Ar39 231.690+/-0.028 len t=120
adding isotope Ar38 L1
add baseline dbdet= Ar38. original det= L1
get baseline data Ar38 L1
Get data baseline <pychron.processing.isotope.Baseline object at 0x1732eced0> len t=60
baseline Ar38. v=-0.0313568747173, e=0.00286441135221
get signal data Ar38 L1
Get data signal Ar38 3.003+/-0.005 len t=120
adding isotope Ar37 L2
add baseline dbdet= Ar37. original det= L2
get baseline data Ar37 L2
Get data baseline <pychron.processing.isotope.Baseline object at 0x1732ecc10> len t=60
baseline Ar37. v=-0.0268193347847, e=0.00518471716108
get signal data Ar37 L2
Get data signal Ar37 3.108+/-0.011 len t=120
adding isotope Ar36 CDD
add baseline dbdet= Ar36. original det= CDD
get baseline data Ar36 CDD
Get data baseline <pychron.processing.isotope.Baseline object at 0x1732ec110> len t=60
baseline Ar36. v=0.00023570357138, e=2.48424219602e-05
get signal data Ar36 CDD
Get data signal Ar36 0.0560+/-0.0006 len t=120
65584-05C added analysis time 0.497248888016s
analysis added to mass spec database
mass spec save time= 0.505
persistence save - dvc
================= post measurement started
create new session 4989601072
close session 4989601072
---------------- Experiment Queue saving disabled
DVC saving peakcenter
Failed to find a valid peak. No peak greater than 1.0. max = 0.062464653267
Smart pull ahead: 0 behind: 0
Up-to-date with origin
add to repo msg=modified - ad8224ebc6dbfeb9f5997218dfa5fe690569839d.json
add to repo msg=modified - 84-05C.json
add to repo msg=modified - 84-05C.dat.json
add to repo msg=modified - 84-05C.blan.json
add to repo msg=modified - 84-05C.inte.json
add to repo msg=modified - 84-05C.icfa.json
add to repo msg=modified - 84-05C.base.json
not at valid file /Users/jan/PychronDev/data/.dvc/repositories/Load1791/655/tags/84-05C.tags.json
add to repo msg=modified - 84-05C.peak.json
add to repo msg=modified - 84-05C.extr.json
not at valid file /Users/jan/PychronDev/data/.dvc/repositories/Load1791/655/monitor/84-05C.moni.json
commit message=<COLLECTION>
add to repo msg=modified - 84-05C.inte.json
add to repo msg=modified - 84-05C.base.json
commit message=<ISOEVO> default collection fits
add to repo msg=modified - 84-05C.blan.json
commit message=<BLANKS> preceding bu-FC-J-7752
add to repo msg=modified - 84-05C.icfa.json
commit message=<ICFactor> default
push repository <pychron.git_archive.repo_manager.GitRepoManager object at 0x17c249ad0>
pushing to remote=origin, url=https://github.com
no changes to meta repo
create new session 4989601072
add association Load1791
get identifier "65584"
setting analysis irradiation position=<pychron.dvc.dvc_orm.IrradiationPositionTbl object at 0x14ee9e810>
close session 4989601072
================= post measurement finished
11:14:14 -- ******* Post Run Check *******
loading queue conditionals post_run_actions
loading system conditionals post_run_actions
loading conditionals from /Users/jan/PychronDev/setupfiles/spectrometer/default_conditionals.yaml
loading queue conditionals post_run_terminations
loading system conditionals post_run_terminations
loading conditionals from /Users/jan/PychronDev/setupfiles/spectrometer/default_conditionals.yaml
Checking default post run terminations n=1
GetDeflection CDD ===>> 50
testing CDD==2000
evaluate ot="CDD.deflection==2000" t="CDD==2000", ctx="{'CDD': 50.0}"
11:14:14 -- ******* Post Run Check Passed *******
11:14:14 -- Automated run 65584-05C success duration: 360.918 s
----------------- finish -----------------
----------------- stop -----------------
retroactive repository identifiers disabled
finish run. runs completed=11
update duration runid=65584-05C, duration=360.917592049, md5=301e91d8
write rem/ex queues
/Users/jan/PychronDev/experiments/rem/CurrentExperiment.rem.txt
/Users/jan/PychronDev/experiments/rem/CurrentExperiment.ex.txt
doing event level: 3
