do run
loading script "jan_unknown120_60.py"
loading script "jan_pump_ms.py"
loading script "jan_co2.py"
loading script "jan_pump_extraction_line.py"
testing...
no interpolation path defined
executed snippet estimated_duration=213.652928, duration=0.000193119049072
script duration name:unknown120_60 seconds:214.0
loading script "jan_unknown120_60.py"
loading script "jan_pump_ms.py"
loading script "jan_co2.py"
loading script "jan_pump_extraction_line.py"
testing...
no interpolation path defined
executed snippet estimated_duration=0, duration=2.31266021729e-05
loading script "jan_unknown120_60.py"
loading script "jan_pump_ms.py"
loading script "jan_co2.py"
loading script "jan_pump_extraction_line.py"
testing...
no interpolation path defined
calculate duration
testing...
no interpolation path defined
executed snippet estimated_duration=0, duration=4.6968460083e-05
calculate duration
testing...
no interpolation path defined
executed snippet estimated_duration=0, duration=7.00950622559e-05
executed snippet estimated_duration=0.0, duration=0.00163197517395
script duration name:co2 seconds:0.0
loading script "jan_unknown120_60.py"
loading script "jan_pump_ms.py"
loading script "jan_co2.py"
loading script "jan_pump_extraction_line.py"
testing...
no interpolation path defined
calculate duration
testing...
no interpolation path defined
executed snippet estimated_duration=4.0, duration=0.000108957290649
executed snippet estimated_duration=4.0, duration=0.000876188278198
Script duration 214.0
Run total estimated duration= 215.000
run duration: 0:03:35
doing event level: 2
10:21:29 -- Setting default integration. t=1.048576
setting integration time = 1.048576
SetIntegrationTime 1.048576 ===>> OK
----------------- start -----------------
**************** Experiment Type: Ar/Ar, Ar/Ar
create new session 4436069840
close session 4436069840
$$$$$ Clearing conditionals
adding conditionals 
Add queue conditionals
add default conditionals
adding default conditionals from /Users/jan/PychronDev/setupfiles/spectrometer/default_conditionals.yaml
Start automated run 65584-04B
loading script "jan_unknown120_60.py"
loading script "jan_pump_ms.py"
loading script "jan_co2.py"
loading script "jan_pump_extraction_line.py"
%%%%%%%%%%%%%%%%%% setting automated run 65584-04B
No value "sensitivity_multiplier" in metadata
$$$$$$$$$$$$$$$ auto_save_detector_ic=False
============================= Pre Extraction Check =============================
loading queue conditionals pre_run_terminations
loading system conditionals pre_run_terminations
loading conditionals from /Users/jan/PychronDev/setupfiles/spectrometer/default_conditionals.yaml
10:21:29 -- ******* Pre Extraction Check *******
Get a measurement from the spectrometer
GetData ===>> H2,-0.24480105668223,H1,-0.0739324897344627,AX,-0.0149750506331506,L1,-0.00352185069361336,L2,-0....
Pre Extraction Termination data. keys=H2,H1,AX,L1,L2,CDD, signals=-0.24480,-0.07393,-0.01498,-0.00352,-0.01934,0.00268
10:21:29 -- testing system defined conditionals
Checking default pre extraction terminations n=2
testing CDD
evaluate ot="CDD.inactive" t="CDD", ctx="{'CDD': False}"
GetDeflection CDD ===>> 50
testing CDD==2000
evaluate ot="CDD.deflection==2000" t="CDD==2000", ctx="{'CDD': 50.0}"
10:21:29 -- ******* Pre Extraction Check Passed *******
=================================================================================
10:21:29 -- stopping status monitor
stop 4982387056
Alive clients [4989850544]
10:21:29 -- starting status monitor
start 4982387056
Monitor already running
start extraction
do extraction
Analysis started at 10:21:29.415828
Extraction Started jan_co2.py
10:21:29 -- ******* Extraction Started jan_co2.py *******
state changed from not run to extraction
DO EXTRACTION <pychron.extraction_line.pyscript_runner.RemotePyScriptRunner object at 0x12c299590>
testing...
no interpolation path defined
calculate duration
testing...
no interpolation path defined
executed snippet estimated_duration=0, duration=4.41074371338e-05
calculate duration
testing...
no interpolation path defined
executed snippet estimated_duration=0, duration=7.29560852051e-05
executed snippet estimated_duration=100.0, duration=0.00170207023621
Jan CO2 laser analysis
doing GOSUB
testing...
no interpolation path defined
executed snippet estimated_duration=0, duration=5.00679016113e-05
Waiting for CO2 access
wait ('FelixCO2Flag', 0) {}
waiting for FelixCO2Flag = 0
Read FelixCO2Flag ===>> 0
finished waiting
CO2 free
wait ('CO2PumpTimeFlag', 0) {}
waiting for CO2PumpTimeFlag = 0
Read CO2PumpTimeFlag ===>> 0
finished waiting
acquire ('JanCO2Flag',) {'clear': True}
acquire JanCO2Flag
Set JanCO2Flag 1 ===>> OK
JanCO2Flag acquired
set extraction state False (0.75, 'red', 1.5)
CO2 acquired
executed snippet estimated_duration=0, duration=0.0156149864197
WaitForCO2Access.py completed successfully
gosub finished
doing GOSUB
testing...
no interpolation path defined
executed snippet estimated_duration=0, duration=0.000101089477539
Prepare for CO2 analysis
close () {'description': 'Jan Inlet'}
closing name=--- desc=Jan Inlet
checking ownership. requestor=129.138.12.150
check software interlocks R
interlocks []
actuate state mode=None-script, software_lock=False
doing actuation None-script close_channel False
Close R ===>> OK
GetIndicatorState R ===>> False
change switch state (True, True)
update switch state R False args=() kw={} ncanvase=2
10:21:29 -- CLOSE  VALVE-R (Jan Inlet)
---------------------------------------- close None (Jan Inlet) result=[(True, True)]
action=close, ok=True, locked=[False]
open () {'description': 'Jan Ion Pump'}
opening name=--- desc=Jan Ion Pump
checking ownership. requestor=129.138.12.150
check software interlocks O
interlocks []
actuate state mode=None-script, software_lock=False
doing actuation None-script open_channel False
Open O ===>> OK
GetIndicatorState O ===>> OK
change switch state (True, True)
update switch state O True args=() kw={} ncanvase=2
10:21:30 -- OPEN   VALVE-O (Jan Ion Pump)
---------------------------------------- open None (Jan Ion Pump) result=[(True, True)], time=0.10 sec
action=open, ok=True, locked=[False]
close () {'description': 'Microbone to Minibone'}
closing name=--- desc=Microbone to Minibone
checking ownership. requestor=129.138.12.150
check software interlocks L
interlocks []
actuate state mode=None-script, software_lock=False
doing actuation None-script close_channel False
Close L ===>> OK
GetIndicatorState L ===>> False
change switch state (True, True)
update switch state L False args=() kw={} ncanvase=2
10:21:30 -- CLOSE  VALVE-L (Microbone to Minibone)
---------------------------------------- close None (Microbone to Minibone) result=[(True, True)]
action=close, ok=True, locked=[False]
open () {'description': 'Microbone to Turbo'}
opening name=--- desc=Microbone to Turbo
checking ownership. requestor=129.138.12.150
check software interlocks U
interlocks []
actuate state mode=None-script, software_lock=False
doing actuation None-script open_channel False
Open U ===>> OK
GetIndicatorState U ===>> OK
change switch state (True, True)
update switch state U True args=() kw={} ncanvase=2
10:21:31 -- OPEN   VALVE-U (Microbone to Turbo)
---------------------------------------- open None (Microbone to Turbo) result=[(True, True)], time=0.14 sec
action=open, ok=True, locked=[False]
open () {'description': 'Microbone to Inlet Pipette'}
opening name=--- desc=Microbone to Inlet Pipette
checking ownership. requestor=129.138.12.150
check software interlocks S
interlocks []
actuate state mode=None-script, software_lock=False
doing actuation None-script open_channel False
Open S ===>> OK
GetIndicatorState S ===>> OK
change switch state (True, True)
update switch state S True args=() kw={} ncanvase=2
10:21:31 -- OPEN   VALVE-S (Microbone to Inlet Pipette)
---------------------------------------- open None (Microbone to Inlet Pipette) result=[(True, True)], time=0.41 sec
action=open, ok=True, locked=[False]
open () {'description': 'Microbone to Getter D-50'}
opening name=--- desc=Microbone to Getter D-50
checking ownership. requestor=129.138.12.150
check software interlocks K
interlocks []
actuate state mode=None-script, software_lock=False
doing actuation None-script open_channel False
Open K ===>> OK
GetIndicatorState K ===>> OK
change switch state (True, True)
update switch state K True args=() kw={} ncanvase=2
10:21:32 -- OPEN   VALVE-K (Microbone to Getter D-50)
---------------------------------------- open None (Microbone to Getter D-50) result=[(True, True)], time=0.43 sec
action=open, ok=True, locked=[False]
open () {'description': 'Microbone to Getter NP-10'}
opening name=--- desc=Microbone to Getter NP-10
checking ownership. requestor=129.138.12.150
check software interlocks M
interlocks []
actuate state mode=None-script, software_lock=False
doing actuation None-script open_channel False
Open M ===>> OK
GetIndicatorState M ===>> OK
change switch state (True, True)
update switch state M True args=() kw={} ncanvase=2
10:21:33 -- OPEN   VALVE-M (Microbone to Getter NP-10)
---------------------------------------- open None (Microbone to Getter NP-10) result=[(True, True)], time=0.16 sec
action=open, ok=True, locked=[False]
close () {'description': 'CO2 Laser to Felix'}
closing name=--- desc=CO2 Laser to Felix
checking ownership. requestor=129.138.12.150
check software interlocks F
interlocks []
actuate state mode=None-script, software_lock=True
VALVE-F(CO2 Laser to Felix) software locked
change switch state (True, False)
---------------------------------------- close None (CO2 Laser to Felix) result=[(True, False)]
action=close, ok=True, locked=[True]
open () {'description': 'CO2 Laser to Jan'}
opening name=--- desc=CO2 Laser to Jan
checking ownership. requestor=129.138.12.150
check software interlocks A
interlocks []
actuate state mode=None-script, software_lock=False
doing actuation None-script open_channel False
Open A ===>> OK
GetIndicatorState A ===>> OK
change switch state (True, True)
update switch state A True args=() kw={} ncanvase=2
10:21:33 -- OPEN   VALVE-A (CO2 Laser to Jan)
---------------------------------------- open None (CO2 Laser to Jan) result=[(True, True)], time=0.12 sec
action=open, ok=True, locked=[False]
open () {'description': 'Microbone to CO2 Laser'}
opening name=--- desc=Microbone to CO2 Laser
checking ownership. requestor=129.138.12.150
check software interlocks T
interlocks []
actuate state mode=None-script, software_lock=False
doing actuation None-script open_channel False
Open T ===>> OK
GetIndicatorState T ===>> OK
change switch state (True, True)
update switch state T True args=() kw={} ncanvase=2
10:21:34 -- OPEN   VALVE-T (Microbone to CO2 Laser)
---------------------------------------- open None (Microbone to CO2 Laser) result=[(True, True)], time=0.44 sec
action=open, ok=True, locked=[False]
executed snippet estimated_duration=0, duration=4.951182127
PrepareForCO2Analysis.py completed successfully
gosub finished
set_motor ('beam', '1.25') {}
setting motor "beam" to 1.25
set motor beam to 1.25
SetMotor beam,1.25 ===>> OK
GetMotorMoving beam ===>> False
GetMotorMoving beam ===>> False
Block completed
move_to_position ('202',) {'autocenter': True}
FusionsCO2 move to position 202
sending GoToHole 202,True
GoToHole 202,True ===>> OK
GetDriveMoving ===>> False
GetDriveMoving ===>> False
Block completed
GetAutoCorrecting ===>> False
GetAutoCorrecting ===>> False
Block completed
update position
GetPosition ===>> 0.00000,-11.96340,1.00000
got position (0.0, -11.9634, 1.0)
move to position succeeded
sleep (5,) {}
SLEEP 5.0
block started
WaitControl setup for 5.0  
Join finished
block finished. duration 5.01820588112
close () {'description': 'Microbone to Turbo'}
closing name=--- desc=Microbone to Turbo
checking ownership. requestor=129.138.12.150
check software interlocks U
interlocks []
actuate state mode=None-script, software_lock=False
doing actuation None-script close_channel True
Close U ===>> OK
GetIndicatorState U ===>> False
change switch state (True, True)
update switch state U False args=() kw={} ncanvase=2
10:21:42 -- CLOSE  VALVE-U (Microbone to Turbo)
---------------------------------------- close None (Microbone to Turbo) result=[(True, True)]
action=close, ok=True, locked=[False]
enable laser
enable () {}
set extraction state FusionsCO2 Enabled (False, 'red', 1.5)
enabling laser
Enable ===>> OK
begin interval
BEGIN INTERVAL Interval 1 waiting for 30.0
block started
set extract to 0.4
WaitControl setup for 30.0  
extract (0.4,) {}
GetPosition ===>> 0.00000,-11.96340,1.00000
set extraction state FusionsCO2 ON! 0.4(watts) (0.75, 'red', 1.5)
extract sample to 0.4 (watts)
set laser output
SetLaserOutput 0.4,watts ===>> OK
executing pattern triangle.lp
execute_pattern ('triangle.lp',) {}
executing pattern triangle.lp
IsPatterning ===>> OK
IsPatterning ===>> OK
IsPatterning ===>> OK
IsPatterning ===>> OK
IsPatterning ===>> OK
IsPatterning ===>> OK
IsPatterning ===>> OK
IsPatterning ===>> OK
IsPatterning ===>> OK
IsPatterning ===>> OK
IsPatterning ===>> OK
IsPatterning ===>> OK
IsPatterning ===>> OK
IsPatterning ===>> OK
IsPatterning ===>> OK
IsPatterning ===>> OK
IsPatterning ===>> OK
IsPatterning ===>> OK
IsPatterning ===>> OK
IsPatterning ===>> OK
IsPatterning ===>> OK
IsPatterning ===>> OK
IsPatterning ===>> OK
IsPatterning ===>> OK
IsPatterning ===>> OK
IsPatterning ===>> OK
IsPatterning ===>> False
IsPatterning ===>> False
Block completed
COMPLETE INTERVAL waiting for Interval 1 to complete
Join finished
block finished. duration 30.0493619442
Interval 1 finished
end_extract () {}
ending extraction. set laser power to 0
set laser power 0
SetLaserPower 0 ===>> OK
disable () {}
%%%%%%%%%%%%%%%%%%%%%%%%%%%%%%%%%%% disable
set extraction state False (0.75, 'red', 1.5)
disabling laser
Disable ===>> OK
sleep (30.0,) {}
SLEEP 30.0
block started
WaitControl setup for 30.0  
Join finished
block finished. duration 30.0392308235
executed snippet estimated_duration=166.0, duration=74.1533358097
jan_co2.py completed successfully
GetAchievedOutput ===>> No Response
Requested Output= 0.000
Achieved Output=  0.000
GetResponseBlob ===>> No Response
GetOutputBlob ===>> No Response
persistence save...
persistence save - db
AutomatedRunPersister post_extraction_save deprecated
persistence save - dvc
no extraction position for 202
create new session 4989601072
close session 4989601072
Extraction Finished
10:22:43 -- ******* Extraction Finished *******
no overlap. not waiting for min ms pumptime
10:22:43 -- Sending spectrometer configuration
======== Sending configuration ========
SetDeflection CDD,50.0 ===>> OK
SetDeflection H2,0.0 ===>> OK
SetDeflection H1,0.0 ===>> OK
SetDeflection L2,825.0 ===>> OK
SetDeflection L1,400.0 ===>> OK
SetDeflection AX,190.0 ===>> OK
SetZFocus 74.64 ===>> OK
SetZSymmetry -50.72 ===>> OK
SetExtractionLens 26.13 ===>> OK
SetIonRepeller -3.81 ===>> OK
SetElectronEnergy 75.08 ===>> OK
SetYSymmetry -2.81 ===>> OK
SetIonCounterVoltage 1590.0 ===>> OK
send trap current 200.0
GetParameter Trap Current Readback ===>> 198.370811206739
SetParameter Trap Current Set,200.0 ===>> OK
updating mftable name mftable
Using mftable located at /Users/jan/PychronDev/setupfiles/spectrometer/mftables/mftable.csv
============ MFtable ===========
Isotope  H2     H1     AX     L1     L2     CDD    
Ar40     5.8080 5.8794 5.9928 6.1479 6.2311 6.3762
Ar39     5.7073 5.7716 5.8852 6.0340 6.1162 6.2627
Ar36     5.3848 5.4406 5.5486 5.6929 5.7712 5.9138
================================
get initial guess parabolic
get initial guess parabolic
get initial guess parabolic
get initial guess parabolic
get initial guess parabolic
get initial guess parabolic
======== Configuration Finished ========
GetYSymmetry ===>> -2.81
GetZSymmetry ===>> -50.72
GetParameter Trap Current Readback ===>> 198.035158395898
GetHighVoltage ===>> 4499.94659342336
start measurement
do measurement
L#=65584 analysis type=unknown
Measurement Started jan_unknown120_60.py
10:22:43 -- ******* Measurement Started jan_unknown120_60.py *******
state changed from extraction to measurement
setting spec, defl, and gains
GetExtractionLens ===>> 26.13
GetYSymmetry ===>> -2.81
GetZSymmetry ===>> -50.72
GetZFocus ===>> 74.64
GetDeflection H2 ===>> 0
GetDeflection H1 ===>> 0
GetDeflection AX ===>> 190
GetDeflection L1 ===>> 400
GetDeflection L2 ===>> 825
GetDeflection CDD ===>> 50
GetGain H2 ===>> 0.0113
GetGain H1 ===>> 0.1
GetGain AX ===>> 0.097049
GetGain L1 ===>> 0.010355
GetGain L2 ===>> 0.095649
GetGain CDD ===>> 0
pre measurement save
New frame /Users/jan/PychronDev/data/isotopes/93/f1324a-903c-4c03-b380-7eff00220ea3.h5
flush and close file /Users/jan/PychronDev/data/isotopes/93/f1324a-903c-4c03-b380-7eff00220ea3.h5
testing...
no interpolation path defined
executed snippet estimated_duration=226.132928, duration=0.000172853469849
unknown measurement script
activate_detectors ('H2', 'H1', 'AX', 'L1', 'L2', 'CDD') {}
activate detectors
*************** Set Analysis View Ar/Ar
create graphs
clearing graphs
clear isotope group
setting isotope det=H2, iso=PM41
setting isotope det=H1, iso=Ar40
setting isotope det=AX, iso=Ar39
setting isotope det=L1, iso=Ar38
setting isotope det=L2, iso=Ar37
setting isotope det=CDD, iso=Ar36
setting previous blanks
 - setting Ar40 blank 1.456+/-0.007
 - setting Ar36 blank 0.00849+/-0.00021
 - setting Ar37 blank 0.049+/-0.005
 - setting Ar38 blank 0.0056+/-0.0022
 - setting PM41 blank 0.02+/-0.06
 - setting Ar39 blank -0.004+/-0.009
load analysis view
position_magnet ('Ar40',) {'detector': 'H1'}
detector Detector(H1)
POSITION Ar40 H1
setting detector H2 to PM41 (40.9624)
setting detector H1 to Ar40 (39.9624)
setting detector AX to Ar39 (38.9624)
setting detector L1 to Ar38 (37.9624)
setting detector L2 to Ar37 (36.9624)
setting detector CDD to Ar36 (35.9624)
Mapping mass to dac mass func: "parabolic"
H1 map mass coeffs = [-0.00063987  0.15840543  0.57097999]
H1 map mass to dac 39.9624 >> 5.87937
GetDeflection H1 ===>> 0
GetHighVoltage ===>> 4499.94659342336
positioning Ar40 (5.87933537694) on H1
setting magnet DAC
current  : 5.879336
requested: 5.879335
Delta Dac: 0.000000
Checking detector protection. dv=0.00000
Checking detector "CDD". Protection Threshold: 0.1 (V)
SetMagnetDAC 5.87933537694 ===>> OK
Magnet settling time: 0.500
equilibrate () {'delay': 3, 'inlet': 'R', 'outlet': 'O', 'eqtime': 12.0}
Equilibration Started
10:22:46 -- ******* Equilibration Started *******
checking ownership. requestor=129.138.12.150
check software interlocks O
interlocks []
actuate state mode=None-script, software_lock=False
doing actuation None-script close_channel True
Close O ===>> OK
GetIndicatorState O ===>> False
change switch state (True, True)
update switch state O False args=() kw={} ncanvase=2
10:22:46 -- CLOSE  VALVE-O (Jan Ion Pump)
waiting 3s before opening inlet value ('R',)
update labels <pychron.experiment.plot_panel.PlotPanel object at 0x1a049f5f0>
update labels "<pychron.graph.stacked_regression_graph.StackedRegressionGraph object at 0x1a9a82890>"
setting label 0 H2 PM41
setting label 1 H1 Ar40
setting label 2 AX Ar39
setting label 3 L1 Ar38
setting label 4 L2 Ar37
setting label 5 CDD Ar36
update labels "<pychron.graph.stacked_graph.StackedGraph object at 0x1ae482ef0>"
setting label 0 H2 PM41
setting label 1 H1 Ar40
setting label 2 AX Ar39
setting label 3 L1 Ar38
setting label 4 L2 Ar37
setting label 5 CDD Ar36
checking ownership. requestor=129.138.12.150
check software interlocks R
interlocks []
actuate state mode=None-script, software_lock=False
doing actuation None-script open_channel True
Open R ===>> OK
State checksums do not match. Local:1281862853 Remote:594863745
State checksum failed
GetIndicatorState R ===>> OK
change switch state (True, True)
update switch state R True args=() kw={} ncanvase=2
10:22:49 -- OPEN   VALVE-R (Jan Inlet)
equilibrating for 12.0sec
set_time_zero () {}
sniff (12.0,) {}
py_sniff
build tables- sniff [Detector(H2), Detector(H1), Detector(AX), Detector(L1), Detector(L2), Detector(CDD)]
add group /sniff/PM41 (Group) '' table H2
add group /sniff/Ar40 (Group) '' table H1
add group /sniff/Ar39 (Group) '' table AX
add group /sniff/Ar38 (Group) '' table L1
add group /sniff/Ar37 (Group) '' table L2
add group /sniff/Ar36 (Group) '' table CDD
flush and close file /Users/jan/PychronDev/data/isotopes/93/f1324a-903c-4c03-b380-7eff00220ea3.h5
measuring sniff. ncounts=12.0
"sniff" increment series count="1" fit count="0" regressing="False"
starting measurement
GetData ===>> H2,-0.174576311206979,H1,0.0104116087717323,AX,0.0100123931666804,L1,-0.00862425294901016,L2,0.06...
GetData ===>> H2,0.307095067905649,H1,67.6805500607736,AX,15.0355183407437,L1,0.115522163001574,L2,0.4557797778...
GetData ===>> H2,0.657808556768554,H1,199.42951807857,AX,41.3562674100254,L1,0.420897797508033,L2,0.64435348830...
GetData ===>> H2,0.250722312391573,H1,246.061221342109,AX,49.2472961068275,L1,0.564923526185494,L2,0.5863004737...
GetData ===>> H2,-0.0100102461939276,H1,267.821677471033,AX,52.337218250532,L1,0.62836923607524,L2,0.5276458875...
GetData ===>> H2,-0.0100102461939276,H1,267.821677471033,AX,52.337218250532,L1,0.62836923607524,L2,0.5276458875...
GetData ===>> H2,-0.0576607652606542,H1,270.195092789579,AX,52.4747303781092,L1,0.648911632144212,L2,0.66878456...
GetData ===>> H2,-0.0637259284541075,H1,271.191358337583,AX,52.7551061833414,L1,0.651011386370993,L2,0.62606568...
GetData ===>> H2,-0.105534422468987,H1,271.959192113883,AX,52.8300231640491,L1,0.687090933938596,L2,0.558734867...
GetData ===>> H2,-0.0493761166148023,H1,272.179809958666,AX,52.8460499752734,L1,0.683496768709961,L2,0.65298425...
GetData ===>> H2,-0.141755390240222,H1,271.949485082229,AX,52.8902929756988,L1,0.675571549287773,L2,0.526994498...
Equilibration Finished
10:23:01 -- ******* Equilibration Finished *******
checking ownership. requestor=129.138.12.150
check software interlocks R
interlocks []
actuate state mode=None-script, software_lock=False
doing actuation None-script close_channel True
GetData ===>> H2,-0.141072900236368,H1,271.959642304746,AX,52.8864137068451,L1,0.695055367466885,L2,0.557820341...
Close R ===>> OK
GetIndicatorState R ===>> False
change switch state (True, True)
update switch state R False args=() kw={} ncanvase=2
10:23:02 -- CLOSE  VALVE-R (Jan Inlet)
Post Equilibration Started jan_pump_extraction_line.py
10:23:02 -- ******* Post Equilibration Started jan_pump_extraction_line.py *******
testing...
no interpolation path defined
calculate duration
testing...
no interpolation path defined
executed snippet estimated_duration=4.0, duration=0.000159978866577
executed snippet estimated_duration=4.0, duration=0.00178003311157
Pump after analysis
doing GOSUB
testing...
no interpolation path defined
executed snippet estimated_duration=4.0, duration=0.000147104263306
Pump Microbone
close () {'description': 'Jan Inlet'}
closing name=--- desc=Jan Inlet
checking ownership. requestor=129.138.12.150
check software interlocks R
interlocks []
actuate state mode=None-script, software_lock=False
doing actuation None-script close_channel False
measurement finished
estimated time: 12.583 actual time: :12.673
flush and close file /Users/jan/PychronDev/data/isotopes/93/f1324a-903c-4c03-b380-7eff00220ea3.h5
set_fits () {}
using default fits file=/Users/jan/PychronDev/scripts/measurement/fits/nominal_linear.yaml
Close R ===>> OK
set "Ar40" to "('Linear', 'SEM')"
No fit for "PM41". defaulting to linear. check the measurement script "jan_unknown120_60.py"
set "PM41" to "linear"
set "Ar36" to "('Linear', 'SEM')"
set "Ar37" to "('linear', 'SEM')"
set "Ar38" to "('linear', 'SEM')"
set "Ar39" to "('Linear', 'SEM')"
set_baseline_fits () {}
using default fits file=/Users/jan/PychronDev/scripts/measurement/fits/nominal_linear.yaml
set "H1" to "('average', 'SEM')"
set "H2" to "('average', 'SEM')"
set "CDD" to "('average', 'SEM')"
set "L2" to "('average', 'SEM')"
set "L1" to "('average', 'SEM')"
set "AX" to "('average', 'SEM')"
multicollect () {'integration_time': 1, 'ncounts': 120}
build tables- signal [Detector(H2), Detector(H1), Detector(AX), Detector(L1), Detector(L2), Detector(CDD)]
add group /signal/PM41 (Group) '' table H2
add group /signal/Ar40 (Group) '' table H1
add group /signal/Ar39 (Group) '' table AX
add group /signal/Ar38 (Group) '' table L1
add group /signal/Ar37 (Group) '' table L2
add group /signal/Ar36 (Group) '' table CDD
flush and close file /Users/jan/PychronDev/data/isotopes/93/f1324a-903c-4c03-b380-7eff00220ea3.h5
measuring signal. ncounts=120
GetIndicatorState R ===>> False
change switch state (True, True)
update switch state R False args=() kw={} ncanvase=2
10:23:02 -- CLOSE  VALVE-R (Jan Inlet)
---------------------------------------- close None (Jan Inlet) result=[(True, True)]
action=close, ok=True, locked=[False]
is_closed ('F',) {}
is F () closed?
is closed True
open () {'description': 'CO2 Laser to Jan'}
opening name=--- desc=CO2 Laser to Jan
checking ownership. requestor=129.138.12.150
check software interlocks A
interlocks []
actuate state mode=None-script, software_lock=False
doing actuation None-script open_channel False
Open A ===>> OK
GetIndicatorState A ===>> OK
change switch state (True, True)
update switch state A True args=() kw={} ncanvase=2
10:23:03 -- OPEN   VALVE-A (CO2 Laser to Jan)
---------------------------------------- open None (CO2 Laser to Jan) result=[(True, True)], time=0.12 sec
"signal" increment series count="2" fit count="1" regressing="True"
starting measurement
GetData ===>> H2,-0.153126756030251,H1,272.096101245259,AX,52.8550447711977,L1,0.665129119689459,L2,0.632523170...
action=open, ok=True, locked=[False]
sleep (1,) {}
SLEEP 1.0
GetData ===>> H2,-0.0279540971078623,H1,272.028587912433,AX,52.8622558255898,L1,0.674425234584744,L2,0.55409374...
close () {'description': 'CO2 Laser to Roughing'}
closing name=--- desc=CO2 Laser to Roughing
checking ownership. requestor=129.138.12.150
check software interlocks G
interlocks []
actuate state mode=None-script, software_lock=True
VALVE-G(CO2 Laser to Roughing) software locked
change switch state (True, False)
---------------------------------------- close None (CO2 Laser to Roughing) result=[(True, False)]
action=close, ok=True, locked=[True]
open () {'description': 'Microbone to Turbo'}
opening name=--- desc=Microbone to Turbo
checking ownership. requestor=129.138.12.150
check software interlocks U
interlocks []
actuate state mode=None-script, software_lock=False
doing actuation None-script open_channel True
Open U ===>> OK
GetIndicatorState U ===>> OK
change switch state (True, True)
update switch state U True args=() kw={} ncanvase=2
10:23:04 -- OPEN   VALVE-U (Microbone to Turbo)
---------------------------------------- open None (Microbone to Turbo) result=[(True, True)], time=0.20 sec
action=open, ok=True, locked=[False]
open () {'description': 'Microbone to Getter NP-10'}
opening name=--- desc=Microbone to Getter NP-10
checking ownership. requestor=129.138.12.150
check software interlocks M
interlocks []
actuate state mode=None-script, software_lock=False
doing actuation None-script open_channel False
Open M ===>> OK
GetIndicatorState M ===>> OK
change switch state (True, True)
update switch state M True args=() kw={} ncanvase=2
10:23:05 -- OPEN   VALVE-M (Microbone to Getter NP-10)
---------------------------------------- open None (Microbone to Getter NP-10) result=[(True, True)], time=0.14 sec
action=open, ok=True, locked=[False]
open () {'description': 'Microbone to Getter D-50'}
opening name=--- desc=Microbone to Getter D-50
checking ownership. requestor=129.138.12.150
check software interlocks K
interlocks []
actuate state mode=None-script, software_lock=False
doing actuation None-script open_channel False
GetData ===>> H2,-0.0614713614302038,H1,271.836318188239,AX,52.9151349781127,L1,0.69600167277066,L2,0.594442474...
Open K ===>> OK
GetIndicatorState K ===>> OK
change switch state (True, True)
update switch state K True args=() kw={} ncanvase=2
10:23:05 -- OPEN   VALVE-K (Microbone to Getter D-50)
---------------------------------------- open None (Microbone to Getter D-50) result=[(True, True)], time=0.45 sec
action=open, ok=True, locked=[False]
open () {'description': 'Microbone to CO2 Laser'}
opening name=--- desc=Microbone to CO2 Laser
checking ownership. requestor=129.138.12.150
check software interlocks T
interlocks []
actuate state mode=None-script, software_lock=False
doing actuation None-script open_channel False
Open T ===>> OK
GetIndicatorState T ===>> OK
change switch state (True, True)
update switch state T True args=() kw={} ncanvase=2
10:23:06 -- OPEN   VALVE-T (Microbone to CO2 Laser)
---------------------------------------- open None (Microbone to CO2 Laser) result=[(True, True)], time=0.47 sec
GetData ===>> H2,-0.0707780331100892,H1,271.591158039669,AX,52.9086437125159,L1,0.686935826983061,L2,0.61951319...
action=open, ok=True, locked=[False]
open () {'description': 'Microbone to Inlet Pipette'}
opening name=--- desc=Microbone to Inlet Pipette
checking ownership. requestor=129.138.12.150
check software interlocks S
interlocks []
actuate state mode=None-script, software_lock=False
doing actuation None-script open_channel False
Open S ===>> OK
GetIndicatorState S ===>> OK
change switch state (True, True)
update switch state S True args=() kw={} ncanvase=2
10:23:07 -- OPEN   VALVE-S (Microbone to Inlet Pipette)
---------------------------------------- open None (Microbone to Inlet Pipette) result=[(True, True)], time=0.46 sec
action=open, ok=True, locked=[False]
sleep (1,) {}
SLEEP 1.0
testing H1>-5.0
evaluate ot="H1.bs>-5.0" t="H1>-5.0", ctx="{'H1': None}"
GetData ===>> H2,-0.128019396704333,H1,271.542326008818,AX,52.6798399987598,L1,0.707878553634071,L2,0.643519031...
set_resource () {'name': 'CO2PumpTimeFlag', 'value': 30}
Set CO2PumpTimeFlag 30 ===>> OK
release ('JanCO2Flag',) {}
release JanCO2Flag
Set JanCO2Flag 0 ===>> OK
executed snippet estimated_duration=6.0, duration=6.08230090141
PumpMicrobone.py completed successfully
gosub finished
get_resource_value () {'name': 'JanMiniboneFlag'}
Read JanMiniboneFlag ===>> 0
Get Resource Value JanMiniboneFlag=0.0
get resource value 0.0
get_resource_value () {'name': 'JanMiniboneFlag'}
Read JanMiniboneFlag ===>> 0
Get Resource Value JanMiniboneFlag=0.0
executed snippet estimated_duration=4.0, duration=6.09636092186
jan_pump_extraction_line.py completed successfully
Post Equilibration Finished
10:23:08 -- ******* Post Equilibration Finished *******
GetData ===>> H2,-0.0521908053231194,H1,271.614832702642,AX,52.819600215796,L1,0.673377037824404,L2,0.593184536...
GetData ===>> H2,-0.0532179798417298,H1,271.439273672181,AX,52.811507188187,L1,0.638307852473011,L2,0.550778786...
GetData ===>> H2,-0.175613126059682,H1,271.247125259611,AX,52.636743978761,L1,0.622903857528696,L2,0.6140455754...
GetData ===>> H2,-0.175618525888577,H1,271.199813833306,AX,52.7837299636017,L1,0.62283954697721,L2,0.5641421780...
testing H1>-5.0
evaluate ot="H1.bs>-5.0" t="H1>-5.0", ctx="{'H1': None}"
GetData ===>> H2,-0.112376661619479,H1,271.135492270429,AX,52.5956492439976,L1,0.615145152024199,L2,0.577656071...
GetData ===>> H2,-0.132146746608703,H1,271.095425259902,AX,52.6816083613364,L1,0.620337928363224,L2,0.535440045...
GetData ===>> H2,-0.143518862363646,H1,270.984773590627,AX,52.56924292544,L1,0.657869867045844,L2,0.70374428506...
GetData ===>> H2,-0.190738742632136,H1,270.754657982288,AX,52.6358601150142,L1,0.656389682131189,L2,0.719244078...
GetData ===>> H2,-0.158676757155634,H1,270.692492897991,AX,52.6477044141061,L1,0.667920677472988,L2,0.564645199...
testing H1>-5.0
evaluate ot="H1.bs>-5.0" t="H1>-5.0", ctx="{'H1': None}"
GetData ===>> H2,-0.279802935402001,H1,270.953272644861,AX,52.6723394752266,L1,0.689349552936246,L2,0.609001454...
GetData ===>> H2,-0.13984836969024,H1,270.619225332897,AX,52.6163420641187,L1,0.661036106944564,L2,0.6217895606...
GetData ===>> H2,-0.185153305958383,H1,270.450661906128,AX,52.6723689459416,L1,0.662380440013733,L2,0.560552512...
GetData ===>> H2,-0.273747179488124,H1,270.42494327693,AX,52.4965957193309,L1,0.677002627831036,L2,0.4640591704...
GetData ===>> H2,-0.240260211542246,H1,270.527497975704,AX,52.4315932803576,L1,0.660877524270635,L2,0.512859299...
testing H1>-5.0
evaluate ot="H1.bs>-5.0" t="H1>-5.0", ctx="{'H1': None}"
GetData ===>> H2,-0.167301694336967,H1,270.10586330377,AX,52.4041272732026,L1,0.649123446521234,L2,0.5488698827...
GetData ===>> H2,-0.0680086795738167,H1,269.968333991111,AX,52.4215045199878,L1,0.59386316360633,L2,0.665125797...
GetData ===>> H2,0.0248573473029839,H1,269.973096294086,AX,52.5676074516874,L1,0.620324327537068,L2,0.584425166...
GetData ===>> H2,-0.0494901290976669,H1,269.690209170511,AX,52.4299584034035,L1,0.648274976316984,L2,0.61493776...
GetData ===>> H2,-0.15780147496985,H1,269.703930963789,AX,52.3694389960786,L1,0.681470092478235,L2,0.6133135324...
testing H1>-5.0
evaluate ot="H1.bs>-5.0" t="H1>-5.0", ctx="{'H1': None}"
10:23:28 -- collecting point 25
GetData ===>> H2,-0.253414760162766,H1,269.445685532481,AX,52.4088247793672,L1,0.688727763349833,L2,0.578856636...
GetData ===>> H2,-0.245738875689414,H1,269.525932416346,AX,52.3910812180682,L1,0.682856723068621,L2,0.462334713...
GetData ===>> H2,-0.326662445688693,H1,269.43110576746,AX,52.4079853999556,L1,0.665622422213962,L2,0.4312768569...
GetData ===>> H2,-0.257186901735439,H1,269.29109403689,AX,52.3401912153835,L1,0.63989432639952,L2,0.64396483632...
GetData ===>> H2,-0.0957386354800436,H1,269.414903981162,AX,52.2539454484689,L1,0.655452617586557,L2,0.57131047...
testing H1>-5.0
evaluate ot="H1.bs>-5.0" t="H1>-5.0", ctx="{'H1': None}"
GetData ===>> H2,-0.223138281628244,H1,269.08540939628,AX,52.3388960535819,L1,0.673808708437697,L2,0.5356229073...
GetData ===>> H2,-0.308083998944277,H1,268.868054373997,AX,52.2093783179518,L1,0.671793158532562,L2,0.684919119...
GetData ===>> H2,-0.206853161476747,H1,269.196400169729,AX,52.2459020370363,L1,0.674484780291548,L2,0.542126154...
GetData ===>> H2,-0.251635796943858,H1,268.594495574476,AX,52.3074778234723,L1,0.663009920198199,L2,0.624454917...
GetData ===>> H2,-0.173039013739825,H1,268.576893761863,AX,52.3504794034739,L1,0.644185949707761,L2,0.510974001...
testing H1>-5.0
evaluate ot="H1.bs>-5.0" t="H1>-5.0", ctx="{'H1': None}"
GetData ===>> H2,-0.21443310679284,H1,268.644494467447,AX,52.0627559321054,L1,0.63960349596294,L2,0.63807809437...
GetData ===>> H2,-0.219886490156025,H1,268.771269967023,AX,52.2755380189643,L1,0.640891874762995,L2,0.640558483...
GetData ===>> H2,-0.215745980632525,H1,268.488932449767,AX,52.0717389597711,L1,0.608558996817874,L2,0.646593983...
GetData ===>> H2,-0.142193243389603,H1,268.261936931381,AX,52.0964762576533,L1,0.61386493914449,L2,0.6274257240...
GetData ===>> H2,-0.0414855426860926,H1,268.30079388432,AX,52.0288172691056,L1,0.648819971120258,L2,0.643256122...
testing H1>-5.0
evaluate ot="H1.bs>-5.0" t="H1>-5.0", ctx="{'H1': None}"
GetData ===>> H2,-0.0814951251896123,H1,268.237760188977,AX,52.0634765682038,L1,0.644328332744598,L2,0.48413823...
GetData ===>> H2,-0.0963372383705195,H1,268.045074560697,AX,52.0290378108638,L1,0.639250797632811,L2,0.61071711...
GetData ===>> H2,-0.108157923446501,H1,268.053919076533,AX,52.1063843264272,L1,0.669815198351543,L2,0.539405937...
GetData ===>> H2,-0.17981341489517,H1,267.940690102305,AX,52.0487264271965,L1,0.653490757264852,L2,0.5962036164...
GetData ===>> H2,-0.0785169846760375,H1,267.86529773058,AX,52.0290966220658,L1,0.618443875784699,L2,0.525337475...
testing H1>-5.0
evaluate ot="H1.bs>-5.0" t="H1>-5.0", ctx="{'H1': None}"
GetData ===>> H2,-0.148395698242052,H1,267.916560785287,AX,52.0552998016097,L1,0.667502887816524,L2,0.601956142...
GetData ===>> H2,-0.0660350021627469,H1,267.664114132237,AX,52.0796902181404,L1,0.717194885509788,L2,0.57992000...
GetData ===>> H2,-0.165822365716937,H1,267.507027212284,AX,51.932963055221,L1,0.704081944651946,L2,0.5412803649...
GetData ===>> H2,-0.20659443497567,H1,267.412678868673,AX,51.8701724419791,L1,0.648234102858637,L2,0.6209659460...
GetData ===>> H2,-0.167097893198482,H1,267.282539885949,AX,51.9565743117973,L1,0.618001320623498,L2,0.584162169...
testing H1>-5.0
evaluate ot="H1.bs>-5.0" t="H1>-5.0", ctx="{'H1': None}"
10:23:54 -- collecting point 50
GetData ===>> H2,-0.0974977880867185,H1,267.185622457393,AX,51.8888968866675,L1,0.596211140139871,L2,0.51522454...
GetData ===>> H2,-0.0199677418624751,H1,266.945880482395,AX,51.8980319781746,L1,0.595485682204098,L2,0.68920763...
GetData ===>> H2,-0.0858755577619092,H1,266.79881218261,AX,51.9050673411952,L1,0.625477843352222,L2,0.653521559...
GetData ===>> H2,-0.12378483781728,H1,267.077242263224,AX,51.829077680724,L1,0.683246203520461,L2,0.53164574288...
GetData ===>> H2,-0.0833089969310266,H1,266.931573804405,AX,51.7946491452284,L1,0.658116343297661,L2,0.54992148...
testing H1>-5.0
evaluate ot="H1.bs>-5.0" t="H1>-5.0", ctx="{'H1': None}"
GetData ===>> H2,-0.183983818092503,H1,266.977809244746,AX,51.7253071987252,L1,0.650216031329989,L2,0.544583560...
GetData ===>> H2,-0.195951875981997,H1,266.72340860523,AX,51.7935183368568,L1,0.622769053176523,L2,0.6078576998...
GetData ===>> H2,-0.130122568542785,H1,266.487292039002,AX,51.793136507802,L1,0.640493338991012,L2,0.5241490078...
GetData ===>> H2,-0.0615255955844646,H1,266.330746195282,AX,51.7290794069322,L1,0.678401061735897,L2,0.59828500...
GetData ===>> H2,-0.09510343187154,H1,266.369250235894,AX,51.7480743035507,L1,0.654189697268152,L2,0.5383544462...
testing H1>-5.0
evaluate ot="H1.bs>-5.0" t="H1>-5.0", ctx="{'H1': None}"
GetData ===>> H2,-0.182996336345972,H1,266.226521048218,AX,51.8120531541737,L1,0.653541565149539,L2,0.645302262...
GetData ===>> H2,-0.158586260433164,H1,266.463762334744,AX,51.7928134226027,L1,0.63903052194261,L2,0.5979762267...
GetData ===>> H2,-0.0763824870955252,H1,266.462121462786,AX,51.7119659570284,L1,0.653004996853466,L2,0.48081428...
GetData ===>> H2,-0.218973018364918,H1,266.076065109159,AX,51.6975402554349,L1,0.646079184508223,L2,0.509797137...
GetData ===>> H2,-0.253561313791831,H1,265.912609631047,AX,51.6961319366482,L1,0.64043021826789,L2,0.5946254490...
testing H1>-5.0
evaluate ot="H1.bs>-5.0" t="H1>-5.0", ctx="{'H1': None}"
GetData ===>> H2,-0.153219999035638,H1,265.854223616401,AX,51.6474161518093,L1,0.64680982515211,L2,0.4035582279...
GetData ===>> H2,-0.241171487855484,H1,265.624889502446,AX,51.6078469254189,L1,0.641145608917154,L2,0.505855319...
GetData ===>> H2,-0.191031288525485,H1,265.567068186918,AX,51.7074311444736,L1,0.650748739036065,L2,0.575380756...
GetData ===>> H2,-0.177652728234146,H1,265.56501384975,AX,51.487945416058,L1,0.669895797530763,L2,0.64391911266...
GetData ===>> H2,-0.168776781354096,H1,265.2122248524,AX,51.5446887357045,L1,0.653390381441974,L2,0.61330209428...
testing H1>-5.0
evaluate ot="H1.bs>-5.0" t="H1>-5.0", ctx="{'H1': None}"
GetData ===>> H2,-0.155318439464484,H1,265.375753631082,AX,51.5607502903862,L1,0.639093634163024,L2,0.555019661...
GetData ===>> H2,-0.149387019976499,H1,265.311687703351,AX,51.5150353710692,L1,0.615887376738386,L2,0.557614574...
GetData ===>> H2,-0.0788584671192492,H1,265.164135814091,AX,51.6150817428987,L1,0.637077969716478,L2,0.60194470...
GetData ===>> H2,-0.120862179053739,H1,265.007451660549,AX,51.5996587401141,L1,0.583481597913622,L2,0.600892527...
GetData ===>> H2,-0.0736158533130151,H1,264.884377883202,AX,51.3675815017499,L1,0.611810743994888,L2,0.67327818...
testing H1>-5.0
evaluate ot="H1.bs>-5.0" t="H1>-5.0", ctx="{'H1': None}"
10:24:21 -- collecting point 75
GetData ===>> H2,-0.117710111906995,H1,264.86251243873,AX,51.4706197202374,L1,0.668818300123003,L2,0.5787765982...
GetData ===>> H2,-0.0769341067567088,H1,264.847133034595,AX,51.4474590306942,L1,0.643246270587107,L2,0.54691529...
GetData ===>> H2,-0.148474034720902,H1,264.881606483684,AX,51.4229976271902,L1,0.606355064884452,L2,0.490101092...
GetData ===>> H2,-0.17857994409083,H1,264.822999119502,AX,51.4220151663933,L1,0.623480196791665,L2,0.5546995887...
GetData ===>> H2,-0.131524547434914,H1,264.290175376146,AX,51.3287757559037,L1,0.614620678568497,L2,0.532742875...
testing H1>-5.0
evaluate ot="H1.bs>-5.0" t="H1>-5.0", ctx="{'H1': None}"
GetData ===>> H2,-0.126553974632341,H1,264.361704875663,AX,51.4181293908546,L1,0.618077962903787,L2,0.626088546...
GetData ===>> H2,-0.135681813357621,H1,264.017197003782,AX,51.4422671752659,L1,0.640649285950898,L2,0.494419252...
GetData ===>> H2,-0.14630607551535,H1,263.874780102508,AX,51.3910496762119,L1,0.643285886436532,L2,0.4601877516...
GetData ===>> H2,-0.202707435029981,H1,263.911254179507,AX,51.4208274257544,L1,0.627051492556766,L2,0.454055470...
GetData ===>> H2,-0.315109199671684,H1,263.878623575025,AX,51.4164284862124,L1,0.579328673773978,L2,0.641507220...
testing H1>-5.0
evaluate ot="H1.bs>-5.0" t="H1>-5.0", ctx="{'H1': None}"
GetData ===>> H2,-0.264135100562768,H1,263.846554378638,AX,51.1642476380778,L1,0.645767129920625,L2,0.618495144...
GetData ===>> H2,-0.249299725563516,H1,263.591746635642,AX,51.3113891409121,L1,0.62787057731193,L2,0.5696641227...
GetData ===>> H2,-0.171117902065985,H1,263.654801240506,AX,51.3293472018673,L1,0.636358464299609,L2,0.463819343...
GetData ===>> H2,-0.0691995028243236,H1,263.576572966207,AX,51.2750782654723,L1,0.649984373937529,L2,0.60427783...
GetData ===>> H2,-0.197556855125575,H1,263.265275507934,AX,50.9846480299152,L1,0.626639500025858,L2,0.576775666...
testing H1>-5.0
evaluate ot="H1.bs>-5.0" t="H1>-5.0", ctx="{'H1': None}"
GetData ===>> H2,-0.255888437931521,H1,263.466144164099,AX,51.1518010002028,L1,0.648271260541398,L2,0.621949708...
GetData ===>> H2,-0.159103567777617,H1,263.178664511225,AX,51.2139149478257,L1,0.670216960460491,L2,0.506826477...
GetData ===>> H2,-0.0519180525310292,H1,263.205312724987,AX,51.1436893993016,L1,0.670818392609034,L2,0.56246164...
GetData ===>> H2,-0.0144030516780103,H1,263.442461286343,AX,51.0524050344066,L1,0.609517105383889,L2,0.55762600...
GetData ===>> H2,-0.219736944518115,H1,262.990347467846,AX,51.1726388475326,L1,0.589130517980667,L2,0.445845450...
testing H1>-5.0
evaluate ot="H1.bs>-5.0" t="H1>-5.0", ctx="{'H1': None}"
GetData ===>> H2,-0.103817115160475,H1,262.855009237738,AX,51.1524599082602,L1,0.591570074595992,L2,0.576352618...
GetData ===>> H2,-0.184752699151906,H1,262.832573724153,AX,51.0275901288109,L1,0.622511816701014,L2,0.659489277...
GetData ===>> H2,-0.215416093342739,H1,262.678860482647,AX,51.200613683223,L1,0.653262744449515,L2,0.5904400002...
GetData ===>> H2,-0.0854124007052353,H1,262.524172982721,AX,51.2137245010635,L1,0.646056894584106,L2,0.60589047...
GetData ===>> H2,-0.166487817546953,H1,262.585495073638,AX,51.094653142104,L1,0.614083862906013,L2,0.5577746156...
testing H1>-5.0
evaluate ot="H1.bs>-5.0" t="H1>-5.0", ctx="{'H1': None}"
10:24:47 -- collecting point 100
GetData ===>> H2,-0.168776781354096,H1,262.42348251578,AX,50.9959163168067,L1,0.594366080144052,L2,0.6218124388...
GetData ===>> H2,-0.18248232610699,H1,262.296923143859,AX,50.9722541081654,L1,0.583802546924295,L2,0.4850863306...
GetData ===>> H2,-0.175168981318268,H1,262.236150588519,AX,50.8668825453335,L1,0.583924757045478,L2,0.487131042...
GetData ===>> H2,-0.298458029652472,H1,262.131415594924,AX,50.9501288036443,L1,0.617593395428272,L2,0.566394361...
GetData ===>> H2,-0.285946092222463,H1,262.032260984839,AX,50.980506828393,L1,0.634251008873421,L2,0.6133364086...
testing H1>-5.0
evaluate ot="H1.bs>-5.0" t="H1>-5.0", ctx="{'H1': None}"
GetData ===>> H2,-0.220271796827452,H1,261.963161685072,AX,50.8105389525359,L1,0.598528279026694,L2,0.567446160...
GetData ===>> H2,-0.135808914601253,H1,261.672211739423,AX,51.0677356840577,L1,0.596444731096161,L2,0.551030261...
GetData ===>> H2,-0.254431184693941,H1,261.812194914851,AX,50.9547845326896,L1,0.636416666843985,L2,0.572956862...
GetData ===>> H2,-0.184897027143469,H1,261.77786777099,AX,50.9373484170211,L1,0.62577350295549,L2,0.60600484610...
GetData ===>> H2,-0.261862593031309,H1,261.72456928651,AX,50.878675260862,L1,0.645512044638316,L2,0.59326458637...
testing H1>-5.0
evaluate ot="H1.bs>-5.0" t="H1>-5.0", ctx="{'H1': None}"
GetData ===>> H2,-0.262719207316744,H1,261.676202827442,AX,50.8073363942526,L1,0.642772130109904,L2,0.447032948...
GetData ===>> H2,-0.152582147503887,H1,261.430619352627,AX,50.8343194645989,L1,0.605528247667504,L2,0.552379094...
GetData ===>> H2,-0.140302515646262,H1,261.327449649018,AX,50.8603867937996,L1,0.632115510511029,L2,0.548972756...
GetData ===>> H2,-0.161308950088468,H1,261.297909940089,AX,50.7892193845908,L1,0.634767308292187,L2,0.527474468...
GetData ===>> H2,-0.110737282896823,H1,261.129009923389,AX,50.7591020092035,L1,0.616435420052552,L2,0.578227767...
testing H1>-5.0
evaluate ot="H1.bs>-5.0" t="H1>-5.0", ctx="{'H1': None}"
GetData ===>> H2,-0.181192475882645,H1,261.171849331765,AX,50.7118021016107,L1,0.669262180821697,L2,0.655545054...
GetData ===>> H2,-0.174742369969337,H1,261.004578799592,AX,50.8056254727021,L1,0.625156214850954,L2,0.594328116...
GetData ===>> H2,-0.217617494975644,H1,261.124693428084,AX,50.8124400540534,L1,0.627692402319841,L2,0.491860319...
GetData ===>> H2,-0.198209571433777,H1,260.731903187375,AX,50.6754108443412,L1,0.614729529370135,L2,0.491700388...
GetData ===>> H2,-0.133744019131912,H1,260.844328325339,AX,50.4695622539082,L1,0.643017244417939,L2,0.593184536...
testing H1>-5.0
evaluate ot="H1.bs>-5.0" t="H1>-5.0", ctx="{'H1': None}"
GetData ===>> H2,-0.16520547180908,H1,260.710478163037,AX,50.5232771997902,L1,0.619971948707768,L2,0.5571115903...
measurement finished
estimated time: 125.829 actual time: :126.072
flush and close file /Users/jan/PychronDev/data/isotopes/93/f1324a-903c-4c03-b380-7eff00220ea3.h5
baselines () {'settling_time': 15.0, 'detector': 'H1', 'mass': 34.2, 'ncounts': 60}
%%%%%%%%%%%%%%%%%%%%%%%%%%%%%%%% Baseline
build tables- baseline [Detector(H2), Detector(H1), Detector(AX), Detector(L1), Detector(L2), Detector(CDD)]
add group baseline table H2
add group baseline table H1
add group baseline table AX
add group baseline table L1
add group baseline table L2
add group baseline table CDD
flush and close file /Users/jan/PychronDev/data/isotopes/93/f1324a-903c-4c03-b380-7eff00220ea3.h5
detector Detector(H1)
POSITION 34.2 H1
Mapping mass to dac mass func: "parabolic"
H1 map mass coeffs = [-0.00063987  0.15840543  0.57097999]
H1 map mass to dac 34.2 >> 5.24002599104
GetDeflection H1 ===>> 0
GetHighVoltage ===>> 4499.94659342336
positioning 34.2 (5.23999513302) on H1
setting magnet DAC
current  : 5.879335
requested: 5.239995
Delta Dac: 0.639340
Checking detector protection. dv=0.63934
Checking detector "CDD". Protection Threshold: 0.1 (V)
ProtectDetector CDD,On ===>> OK
GetDeflection CDD ===>> 2000
Protected = 2000
SetMagnetDAC 5.23999513302 ===>> OK
Magnet settling time: 0.500
GetMagnetMoving ===>> True
GetMagnetMoving ===>> True
GetMagnetMoving ===>> True
GetMagnetMoving ===>> True
GetMagnetMoving ===>> True
GetMagnetMoving ===>> True
GetMagnetMoving ===>> True
GetMagnetMoving ===>> True
GetMagnetMoving ===>> False
ProtectDetector CDD,Off ===>> OK
GetDeflection CDD ===>> 50
Delaying 15.0s for detectors to settle
Join finished
measuring baseline. ncounts=60
"baseline" increment series count="2" fit count="1" regressing="True"
starting measurement
GetData ===>> H2,-0.209942599245461,H1,-0.103381918697898,AX,-0.0344362196887127,L1,0.00836692501587898,L2,0.02...
GetData ===>> H2,-0.205690193266381,H1,-0.120034770808064,AX,-0.233872283827782,L1,0.00884212868388283,L2,-0.03...
GetData ===>> H2,-0.18249042093728,H1,-0.0132543644285164,AX,-0.0968527056301733,L1,0.00790494293848615,L2,-0.0...
GetData ===>> H2,-0.160967299232637,H1,0.0430569295778895,AX,-0.101951837837297,L1,-0.0337938258877822,L2,0.033...
testing H1>-5.0
evaluate ot="H1.bs>-5.0" t="H1>-5.0", ctx="{'H1': None}"
GetData ===>> H2,-0.245835747819336,H1,0.0211728884800479,AX,-0.126632495494838,L1,-0.0461475273350587,L2,0.044...
GetData ===>> H2,-0.281589161214396,H1,0.0177248580613966,AX,-0.122658521458837,L1,-0.0408517407808057,L2,-0.01...
GetData ===>> H2,-0.255323841847883,H1,-0.174269807466287,AX,-0.00679741512790416,L1,-0.0494782640586685,L2,0.0...
GetData ===>> H2,-0.168992697464968,H1,-0.106635006655753,AX,-0.016633692889671,L1,-0.0321090699206375,L2,-0.04...
GetData ===>> H2,-0.271596193845462,H1,-0.0559200891403709,AX,-0.144287203536657,L1,-0.0228708249052161,L2,-0.0...
testing H1>-5.0
evaluate ot="H1.bs>-5.0" t="H1>-5.0", ctx="{'H1': None}"
GetData ===>> H2,-0.134769076430394,H1,0.0216143403964477,AX,-0.111280240276397,L1,-0.0416505380082107,L2,-0.01...
GetData ===>> H2,-0.164255092490296,H1,-0.0209231341537162,AX,-0.0329866243076878,L1,-0.055933445576129,L2,0.01...
GetData ===>> H2,-0.2114742054852,H1,-0.0048693294803613,AX,-0.134442879476285,L1,0.00159634246209021,L2,-0.056...
GetData ===>> H2,-0.184820142367644,H1,-0.120833785579699,AX,-0.0520499775345671,L1,0.0198464795994199,L2,0.010...
GetData ===>> H2,-0.206163210987344,H1,-0.0664227498984758,AX,-0.0314094400080549,L1,-0.0161383719508444,L2,-0....
testing H1>-5.0
evaluate ot="H1.bs>-5.0" t="H1>-5.0", ctx="{'H1': None}"
GetData ===>> H2,-0.18808526221009,H1,0.000522273112513361,AX,-0.109229227259998,L1,-0.0354009798962645,L2,0.01...
GetData ===>> H2,-0.111820301148536,H1,0.0272579377593509,AX,-0.113493431805858,L1,-0.0147865422954587,L2,0.032...
GetData ===>> H2,-0.227867469603173,H1,-0.0340886717115073,AX,-0.112091363435845,L1,-0.0500550168132636,L2,-0.0...
GetData ===>> H2,-0.266266000869983,H1,-0.0350545532878275,AX,-0.0499745259441711,L1,-0.0162930950843825,L2,0.0...
GetData ===>> H2,-0.310552776061232,H1,-0.057958716772588,AX,-0.173999656277407,L1,-0.0155170566498941,L2,-0.04...
testing H1>-5.0
evaluate ot="H1.bs>-5.0" t="H1>-5.0", ctx="{'H1': None}"
GetData ===>> H2,-0.271542447538773,H1,-0.0659459219916723,AX,-0.11079356313453,L1,-0.0249909442762163,L2,0.056...
GetData ===>> H2,-0.122325631179185,H1,0.00583066114165938,AX,-0.0665305279848091,L1,-0.0547423361888641,L2,-0....
GetData ===>> H2,-0.2391388504087,H1,-0.0262539544740424,AX,-0.0193361753214044,L1,-0.0621069935366569,L2,-0.07...
GetData ===>> H2,-0.213454074966238,H1,-0.0939318728170989,AX,-0.0991589371624421,L1,-0.0505958420079897,L2,0.0...
GetData ===>> H2,-0.20594894045364,H1,0.00654642039041877,AX,-0.0128640105179224,L1,-0.0469064053087957,L2,-0.0...
testing H1>-5.0
evaluate ot="H1.bs>-5.0" t="H1>-5.0", ctx="{'H1': None}"
10:25:52 -- collecting point 25
GetData ===>> H2,-0.132675589082692,H1,-0.0959697261659674,AX,-0.0314906192356488,L1,-0.0513759190944469,L2,0.0...
GetData ===>> H2,-0.104633172988299,H1,-0.145492775170441,AX,0.00403756011031606,L1,-0.046388124191684,L2,-0.03...
GetData ===>> H2,-0.172639708362469,H1,-0.0209708385028538,AX,-0.154559487670785,L1,-0.00193566901569422,L2,-0....
GetData ===>> H2,-0.21718358535308,H1,-0.0265043887145432,AX,-0.0715269192415235,L1,0.00511398306877758,L2,-0.0...
GetData ===>> H2,-0.125269546932308,H1,0.0811630242336438,AX,-0.0132931817217956,L1,0.00462167956299954,L2,0.03...
testing H1>-5.0
evaluate ot="H1.bs>-5.0" t="H1>-5.0", ctx="{'H1': None}"
GetData ===>> H2,-0.0895665831024301,H1,0.0133105979996053,AX,-0.00433819036575733,L1,-0.0156046188505458,L2,-0...
GetData ===>> H2,-0.141406717309774,H1,-0.0253237646660186,AX,-0.170093386950097,L1,-0.00598101805882293,L2,-0....
GetData ===>> H2,-0.322158162454638,H1,-0.0661485741296762,AX,-0.111454052951317,L1,-0.0342595685902429,L2,0.01...
GetData ===>> H2,-0.213732845068452,H1,-0.0715127462190377,AX,-0.148507550887902,L1,-0.0513699371387054,L2,-0.0...
GetData ===>> H2,-0.147057141328963,H1,0.0837273401937512,AX,-0.120225396004921,L1,-0.0191976102992192,L2,0.019...
testing H1>-5.0
evaluate ot="H1.bs>-5.0" t="H1>-5.0", ctx="{'H1': None}"
GetData ===>> H2,-0.283545487818111,H1,0.028797155892968,AX,-0.139753604439093,L1,0.0189383008957195,L2,-0.1030...
GetData ===>> H2,-0.149038581615513,H1,-0.0627272741893002,AX,-0.111372940408304,L1,-0.0175511816940186,L2,-0.0...
GetData ===>> H2,-0.206977132494344,H1,0.0182498100459451,AX,0.0105808915349389,L1,-0.0169395481764823,L2,-0.03...
GetData ===>> H2,-0.173347926147496,H1,-0.0313459941992498,AX,-0.142095797108831,L1,-0.00826570596503202,L2,0.0...
GetData ===>> H2,-0.266573838992655,H1,-0.053428376745157,AX,-0.000115602922008325,L1,-0.0247500713614807,L2,-0...
testing H1>-5.0
evaluate ot="H1.bs>-5.0" t="H1>-5.0", ctx="{'H1': None}"
GetData ===>> H2,-0.18903184946777,H1,-0.0826216281859747,AX,-0.156994068668206,L1,-0.00574832258566798,L2,-0.0...
GetData ===>> H2,-0.127700372587234,H1,-0.0175360672498347,AX,-0.00695981457614836,L1,0.0128618562507323,L2,0.0...
GetData ===>> H2,-0.134076699593259,H1,-0.0512942770932277,AX,-0.028660903346672,L1,0.0136314166606412,L2,-0.09...
GetData ===>> H2,-0.203851839705924,H1,-0.0313817687375149,AX,-0.121326103153156,L1,-0.0258788886235953,L2,-0.0...
GetData ===>> H2,-0.227135059767907,H1,-0.00155328969839701,AX,-0.0793629697750724,L1,-0.0579155214849894,L2,0....
testing H1>-5.0
evaluate ot="H1.bs>-5.0" t="H1>-5.0", ctx="{'H1': None}"
GetData ===>> H2,-0.223752433794804,H1,-0.0589839757929365,AX,-0.131463609709283,L1,-0.0309905329903874,L2,-0.1...
GetData ===>> H2,-0.197867034926101,H1,0.00877723621435251,AX,0.00164772956872404,L1,0.005841281719254,L2,-0.02...
GetData ===>> H2,-0.135403267354678,H1,-0.0545967472201923,AX,-0.0453248899379887,L1,-0.0416565257536661,L2,0.0...
GetData ===>> H2,-0.155475165078051,H1,-0.0864832253057777,AX,-0.0283013843719212,L1,-0.021035584087047,L2,-0.0...
GetData ===>> H2,-0.172364503219005,H1,-0.166009476824791,AX,-0.0757580012370315,L1,0.0144406590158865,L2,-0.03...
testing H1>-5.0
evaluate ot="H1.bs>-5.0" t="H1>-5.0", ctx="{'H1': None}"
10:26:19 -- collecting point 50
GetData ===>> H2,-0.194856607442486,H1,-0.0405754011572722,AX,-0.140321765267859,L1,-0.0136833201829327,L2,0.01...
GetData ===>> H2,-0.178459828704414,H1,-0.0613921010175876,AX,0.0508018744974279,L1,0.00689225635127092,L2,-0.0...
GetData ===>> H2,-0.211423020588689,H1,-0.0564088866851662,AX,-0.029832230149037,L1,-0.00283197635780792,L2,0.0...
GetData ===>> H2,-0.248460397072783,H1,-0.0478009319586413,AX,-0.0673768025553655,L1,-0.0125098910645748,L2,0.0...
GetData ===>> H2,-0.317760116934774,H1,-0.0312267456459513,AX,-0.186586744628418,L1,-0.0287291275420582,L2,0.03...
testing H1>-5.0
evaluate ot="H1.bs>-5.0" t="H1>-5.0", ctx="{'H1': None}"
GetData ===>> H2,-0.248656784010941,H1,-0.0375228749670107,AX,-0.0160073557785886,L1,-0.0141711100038229,L2,-0....
GetData ===>> H2,-0.15610339686234,H1,-0.0518784764939049,AX,-0.0913708404247047,L1,-0.024679366276415,L2,-0.06...
GetData ===>> H2,-0.158487658704024,H1,-0.0293306745584808,AX,0.00959472301176691,L1,-0.0414661137010093,L2,-0....
GetData ===>> H2,-0.220356670307945,H1,-0.00545379992484814,AX,-0.0177587697999842,L1,-0.0167512535107887,L2,-0...
GetData ===>> H2,-0.174024114561149,H1,0.0258977181756272,AX,-0.060942612520078,L1,-0.02446844645961,L2,0.02327...
testing H1>-5.0
evaluate ot="H1.bs>-5.0" t="H1>-5.0", ctx="{'H1': None}"
GetData ===>> H2,-0.108681468700889,H1,-0.143680522549361,AX,-0.180652703376219,L1,-0.0121095274571128,L2,0.010...
measurement finished
estimated time: 62.915 actual time: :63.068
flush and close file /Users/jan/PychronDev/data/isotopes/93/f1324a-903c-4c03-b380-7eff00220ea3.h5
activate_detectors ('H1', 'AX', 'CDD') {'peak_center': True}
peak_center () {'detector': 'H1', 'integration_time': 0.262144, 'isotope': 'Ar40'}
peak center: mean=261.07728201 threshold=3
peak center started
setup peak center. detector=['H1', 'AX', 'CDD'], isotope=Ar40
VersionedUnpickler [<apptools.sweet_pickle.versioned_unpickler.VersionedUnpickler object at 0x167b04ad0>] using Updater [<apptools.sweet_pickle.updater.Updater object at 0x135230b30>]
VersionedUnpickler [<apptools.sweet_pickle.versioned_unpickler.VersionedUnpickler object at 0x167b04ad0>] using Updater [<apptools.sweet_pickle.updater.Updater object at 0x135230b30>]
VersionedUnpickler [<apptools.sweet_pickle.versioned_unpickler.VersionedUnpickler object at 0x167b04ad0>] using Updater [<apptools.sweet_pickle.updater.Updater object at 0x135230b30>]
setting integration time = 0.524288
SetIntegrationTime 0.524288 ===>> OK
Mapping mass to dac mass func: "parabolic"
H1 map mass coeffs = [-0.00063987  0.15840543  0.57097999]
H1 map mass to dac 39.9624 >> 5.87937
GetDeflection H1 ===>> 0
GetHighVoltage ===>> 4499.94659342336
do peak center. <pychron.spectrometer.jobs.peak_center.PeakCenter object at 0x1352309b0>
doing pc
starting peak center. center dac= 5.87933537694 step_width=0.001
width = 0.001
get scan parameters. half-width=0.015,window=0.015, i=0, scalar=1
Scan parameters center=5.87934 width=0.03000 (5.86434 - 5.89434)
GetData ===>> H2,-0.19607057131095,H1,-0.0348756870325538,AX,0.0009516734538625,L1,-0.0554953252819924,L2,0.032...
Moving to starting dac 5.86433537694
setting magnet DAC
current  : 5.239995
requested: 5.864335
Delta Dac: 0.624340
Checking detector protection. dv=0.62434
Checking detector "CDD". Protection Threshold: 0.1 (V)
ProtectDetector CDD,On ===>> OK
GetDeflection CDD ===>> 2000
Protected = 2000
SetMagnetDAC 5.86433537694 ===>> OK
Magnet settling time: 0.500
GetMagnetMoving ===>> True
GetMagnetMoving ===>> True
GetMagnetMoving ===>> True
GetMagnetMoving ===>> True
GetMagnetMoving ===>> True
GetMagnetMoving ===>> True
GetMagnetMoving ===>> True
GetMagnetMoving ===>> True
GetMagnetMoving ===>> False
ProtectDetector CDD,Off ===>> OK
GetDeflection CDD ===>> 50
Wait until signal near baseline. tol= -0.0261567652744. timeout= 10
GetData ===>> H2,0.628935073204432,H1,0.226692615445701,AX,-0.0319313052894989,L1,0.0423523152953536,L2,0.09268...
GetData ===>> H2,12.4004390747696,H1,6.45864053311829,AX,0.448971559743303,L1,0.047496392098272,L2,0.0200428425...
GetData ===>> H2,14.2756007055722,H1,8.36173070967827,AX,1.04849402699098,L1,-0.0182199313513359,L2,-0.08720578...
GetData ===>> H2,7.7073169138834,H1,4.07894843028445,AX,0.458399501065009,L1,-0.0428456212928157,L2,0.002869513...
GetData ===>> H2,3.25082775476186,H1,2.08465469942778,AX,0.196751951724478,L1,-0.0431186263890765,L2,-0.1762587...
GetData ===>> H2,1.11654539833604,H1,1.03252539792436,AX,-0.0207279824929697,L1,-0.0651954870469973,L2,-0.07432...
GetData ===>> H2,0.266712754169538,H1,0.644226984941576,AX,-0.0152534261325533,L1,-0.0654153177806648,L2,-0.055...
GetData ===>> H2,-0.0816509209013975,H1,0.422654912823561,AX,-0.0579978142677445,L1,-0.065173981608,L2,-0.04954...
GetData ===>> H2,-0.194077048793511,H1,0.334289493025497,AX,0.0186214382734588,L1,-0.0445865003169939,L2,-0.017...
GetData ===>> H2,-0.205269716461582,H1,0.280667646360322,AX,-0.0204728193347717,L1,-0.0232765723912074,L2,0.154...
GetData ===>> H2,-0.151314987327204,H1,0.261256205610949,AX,-0.040999717361534,L1,-0.0508339394439854,L2,0.1142...
GetData ===>> H2,-0.0928707262594954,H1,0.197007998378918,AX,-0.109715912227674,L1,-0.0212863173650753,L2,0.001...
GetData ===>> H2,-0.0997006357894945,H1,0.251134141132048,AX,-0.0788413587978442,L1,-0.00764331482174643,L2,-0....
GetData ===>> H2,-0.0931089221258509,H1,0.194335859811612,AX,-0.0576268097418358,L1,-0.0130265043991416,L2,-0.1...
GetData ===>> H2,-0.138740689432995,H1,0.194479008285442,AX,-0.0652553058265855,L1,-0.0195088855854698,L2,-0.01...
GetData ===>> H2,-0.194957610105874,H1,0.288452379704585,AX,-0.0234883411695255,L1,-0.016477903681234,L2,-0.114...
GetData ===>> H2,-0.222106210200734,H1,0.222349139971168,AX,-0.0637713899136853,L1,-0.0160201820051965,L2,-0.05...
GetData ===>> H2,-0.19783332014231,H1,0.222373004706689,AX,-0.0212615032984749,L1,-0.0320519884294811,L2,0.0174...
GetData ===>> H2,-0.19783332014231,H1,0.222373004706689,AX,-0.0212615032984749,L1,-0.0320519884294811,L2,0.0174...
GetData ===>> H2,-0.205838434566616,H1,0.153642271380883,AX,0.103491845635616,L1,-0.0138343338091625,L2,-0.0027...
GetData ===>> H2,-0.20618612017527,H1,0.0946825998040303,AX,0.113112918293977,L1,-0.00345946400205233,L2,-0.093...
Peak center failed to move to a baseline position
_do_sweep sm= 5.86433537694, em= 5.89433537694, stm= 0.001
calculated step values: start=5.86433537694, end=5.89433537694, width=0.001, nsteps=31.0
setting magnet DAC
current  : 5.864335
requested: 5.864335
Delta Dac: 0.000000
Checking detector protection. dv=0.00000
Checking detector "CDD". Protection Threshold: 0.1 (V)
SetMagnetDAC 5.86433537694 ===>> OK
GetData ===>> H2,-0.231145709078398,H1,0.361218714439793,AX,0.053616605850576,L1,0.0293554292503059,L2,0.019655...
setting magnet DAC
current  : 5.864335
requested: 5.865370
Delta Dac: 0.001034
Checking detector protection. dv=0.00103
Checking detector "CDD". Protection Threshold: 0.1 (V)
SetMagnetDAC 5.8653698597 ===>> OK
Magnet settling time: 1.049
GetData ===>> H2,-0.247452851453401,H1,0.623729781573235,AX,-0.13694321623097,L1,-0.0104131995610252,L2,-0.1230...
setting magnet DAC
current  : 5.865370
requested: 5.866404
Delta Dac: 0.001034
Checking detector protection. dv=0.00103
Checking detector "CDD". Protection Threshold: 0.1 (V)
SetMagnetDAC 5.86640434246 ===>> OK
Magnet settling time: 1.049
GetData ===>> H2,-0.138721782397699,H1,1.81226128666092,AX,0.187702669001207,L1,-0.0307742127408426,L2,-0.02063...
setting magnet DAC
current  : 5.866404
requested: 5.867439
Delta Dac: 0.001034
Checking detector protection. dv=0.00103
Checking detector "CDD". Protection Threshold: 0.1 (V)
SetMagnetDAC 5.86743882522 ===>> OK
Magnet settling time: 1.049
GetData ===>> H2,-0.00255361529425897,H1,7.05006146188201,AX,0.926843724545236,L1,-0.0312934782532389,L2,-0.002...
setting magnet DAC
current  : 5.867439
requested: 5.868473
Delta Dac: 0.001034
Checking detector protection. dv=0.00103
Checking detector "CDD". Protection Threshold: 0.1 (V)
SetMagnetDAC 5.86847330798 ===>> OK
Magnet settling time: 1.049
GetData ===>> H2,0.00362347584019498,H1,23.4372847071458,AX,2.97638212733994,L1,-0.0442081781193545,L2,-0.00152...
setting magnet DAC
current  : 5.868473
requested: 5.869508
Delta Dac: 0.001034
Checking detector protection. dv=0.00103
Checking detector "CDD". Protection Threshold: 0.1 (V)
SetMagnetDAC 5.86950779073 ===>> OK
Magnet settling time: 1.049
GetData ===>> H2,-0.122936925001807,H1,61.7737020540102,AX,8.60872600895486,L1,0.0502785624968931,L2,-0.1510662...
setting magnet DAC
current  : 5.869508
requested: 5.870542
Delta Dac: 0.001034
Checking detector protection. dv=0.00103
Checking detector "CDD". Protection Threshold: 0.1 (V)
SetMagnetDAC 5.87054227349 ===>> OK
Magnet settling time: 1.049
GetData ===>> H2,-0.18256690346038,H1,120.450260427061,AX,18.3013124782916,L1,0.103014668462634,L2,0.0716041268...
setting magnet DAC
current  : 5.870542
requested: 5.871577
Delta Dac: 0.001034
Checking detector protection. dv=0.00103
Checking detector "CDD". Protection Threshold: 0.1 (V)
SetMagnetDAC 5.87157675625 ===>> OK
Magnet settling time: 1.049
GetData ===>> H2,-0.170570109687327,H1,179.668087850693,AX,29.6466394517046,L1,0.224635344221373,L2,0.116284177...
setting magnet DAC
current  : 5.871577
requested: 5.872611
Delta Dac: 0.001034
Checking detector protection. dv=0.00103
Checking detector "CDD". Protection Threshold: 0.1 (V)
SetMagnetDAC 5.87261123901 ===>> OK
Magnet settling time: 1.049
GetData ===>> H2,-0.165282416646311,H1,220.675962392789,AX,39.1927253910042,L1,0.30925968698688,L2,0.4388349470...
setting magnet DAC
current  : 5.872611
requested: 5.873646
Delta Dac: 0.001034
Checking detector protection. dv=0.00103
Checking detector "CDD". Protection Threshold: 0.1 (V)
SetMagnetDAC 5.87364572177 ===>> OK
Magnet settling time: 1.049
GetData ===>> H2,-0.182901164419301,H1,245.096902925251,AX,46.7409630992653,L1,0.442309492541967,L2,0.262644757...
setting magnet DAC
current  : 5.873646
requested: 5.874680
Delta Dac: 0.001034
Checking detector protection. dv=0.00103
Checking detector "CDD". Protection Threshold: 0.1 (V)
SetMagnetDAC 5.87468020453 ===>> OK
Magnet settling time: 1.049
GetData ===>> H2,-0.238170537636503,H1,248.552883044256,AX,47.841290125508,L1,0.491499252248253,L2,0.3938155288...
setting magnet DAC
current  : 5.874680
requested: 5.875715
Delta Dac: 0.001034
Checking detector protection. dv=0.00103
Checking detector "CDD". Protection Threshold: 0.1 (V)
SetMagnetDAC 5.87571468729 ===>> OK
Magnet settling time: 1.049
GetData ===>> H2,-0.133050950983648,H1,249.867373035649,AX,48.3007428729257,L1,0.570316448101769,L2,0.505786768...
setting magnet DAC
current  : 5.875715
requested: 5.876749
Delta Dac: 0.001034
Checking detector protection. dv=0.00103
Checking detector "CDD". Protection Threshold: 0.1 (V)
SetMagnetDAC 5.87674917004 ===>> OK
Magnet settling time: 1.049
GetData ===>> H2,-0.190176981132571,H1,249.8093374554,AX,48.2585615230728,L1,0.555560606700013,L2,0.57157344055...
setting magnet DAC
current  : 5.876749
requested: 5.877784
Delta Dac: 0.001034
Checking detector protection. dv=0.00103
Checking detector "CDD". Protection Threshold: 0.1 (V)
SetMagnetDAC 5.8777836528 ===>> OK
Magnet settling time: 1.049
GetData ===>> H2,-0.0528525093971193,H1,249.956045440127,AX,48.4837560729901,L1,0.594982711354428,L2,0.43214461...
setting magnet DAC
current  : 5.877784
requested: 5.878818
Delta Dac: 0.001034
Checking detector protection. dv=0.00103
Checking detector "CDD". Protection Threshold: 0.1 (V)
SetMagnetDAC 5.87881813556 ===>> OK
Magnet settling time: 1.049
GetData ===>> H2,-0.0698152099316123,H1,249.778823824949,AX,48.4845964841731,L1,0.575774401902909,L2,0.49219160...
setting magnet DAC
current  : 5.878818
requested: 5.879853
Delta Dac: 0.001034
Checking detector protection. dv=0.00103
Checking detector "CDD". Protection Threshold: 0.1 (V)
SetMagnetDAC 5.87985261832 ===>> OK
Magnet settling time: 1.049
GetData ===>> H2,-0.160154317837069,H1,249.470952851176,AX,48.192686088983,L1,0.558172777344019,L2,0.4668571957...
setting magnet DAC
current  : 5.879853
requested: 5.880887
Delta Dac: 0.001034
Checking detector protection. dv=0.00103
Checking detector "CDD". Protection Threshold: 0.1 (V)
SetMagnetDAC 5.88088710108 ===>> OK
Magnet settling time: 1.049
GetData ===>> H2,-0.184011702547724,H1,249.60558059108,AX,48.2273255196298,L1,0.607288098281784,L2,0.5238176107...
setting magnet DAC
current  : 5.880887
requested: 5.881922
Delta Dac: 0.001034
Checking detector protection. dv=0.00103
Checking detector "CDD". Protection Threshold: 0.1 (V)
SetMagnetDAC 5.88192158384 ===>> OK
Magnet settling time: 1.049
GetData ===>> H2,-0.215644995749838,H1,249.461413108188,AX,48.2284822654069,L1,0.609187526266642,L2,0.512505088...
setting magnet DAC
current  : 5.881922
requested: 5.882956
Delta Dac: 0.001034
Checking detector protection. dv=0.00103
Checking detector "CDD". Protection Threshold: 0.1 (V)
SetMagnetDAC 5.8829560666 ===>> OK
Magnet settling time: 1.049
GetData ===>> H2,-0.208288177575248,H1,249.329559594956,AX,47.9281640184597,L1,0.604571705567943,L2,0.450070268...
setting magnet DAC
current  : 5.882956
requested: 5.883991
Delta Dac: 0.001034
Checking detector protection. dv=0.00103
Checking detector "CDD". Protection Threshold: 0.1 (V)
SetMagnetDAC 5.88399054936 ===>> OK
Magnet settling time: 1.049
GetData ===>> H2,-0.114952350147557,H1,247.603447090046,AX,47.5014606264206,L1,0.63719287684607,L2,0.5402745703...
setting magnet DAC
current  : 5.883991
requested: 5.885025
Delta Dac: 0.001034
Checking detector protection. dv=0.00103
Checking detector "CDD". Protection Threshold: 0.1 (V)
SetMagnetDAC 5.88502503211 ===>> OK
Magnet settling time: 1.049
GetData ===>> H2,-0.188043226231622,H1,239.939617511902,AX,44.8494069568652,L1,0.606184169261659,L2,0.359791045...
setting magnet DAC
current  : 5.885025
requested: 5.886060
Delta Dac: 0.001034
Checking detector protection. dv=0.00103
Checking detector "CDD". Protection Threshold: 0.1 (V)
SetMagnetDAC 5.88605951487 ===>> OK
Magnet settling time: 1.049
GetData ===>> H2,-0.257725868191493,H1,217.500885635548,AX,37.5845419518897,L1,0.507654636412117,L2,0.368347374...
setting magnet DAC
current  : 5.886060
requested: 5.887094
Delta Dac: 0.001034
Checking detector protection. dv=0.00103
Checking detector "CDD". Protection Threshold: 0.1 (V)
SetMagnetDAC 5.88709399763 ===>> OK
Magnet settling time: 1.049
GetData ===>> H2,-0.0766589779354068,H1,167.884674732584,AX,25.6405539357373,L1,0.348513361811074,L2,0.21910468...
setting magnet DAC
current  : 5.887094
requested: 5.888128
Delta Dac: 0.001034
Checking detector protection. dv=0.00103
Checking detector "CDD". Protection Threshold: 0.1 (V)
SetMagnetDAC 5.88812848039 ===>> OK
Magnet settling time: 1.049
GetData ===>> H2,-0.148848738348789,H1,102.000540593133,AX,13.2084368279665,L1,0.24483618180175,L2,0.1027867796...
setting magnet DAC
current  : 5.888128
requested: 5.889163
Delta Dac: 0.001034
Checking detector protection. dv=0.00103
Checking detector "CDD". Protection Threshold: 0.1 (V)
SetMagnetDAC 5.88916296315 ===>> OK
Magnet settling time: 1.049
GetData ===>> H2,-0.194785273223809,H1,47.2617535277122,AX,5.21160985011483,L1,0.172804675769153,L2,-0.03151343...
setting magnet DAC
current  : 5.889163
requested: 5.890197
Delta Dac: 0.001034
Checking detector protection. dv=0.00103
Checking detector "CDD". Protection Threshold: 0.1 (V)
SetMagnetDAC 5.89019744591 ===>> OK
Magnet settling time: 1.049
GetData ===>> H2,-0.235896616720292,H1,16.8537617416089,AX,1.54813327541006,L1,0.109364180798904,L2,-0.00582985...
setting magnet DAC
current  : 5.890197
requested: 5.891232
Delta Dac: 0.001034
Checking detector protection. dv=0.00103
Checking detector "CDD". Protection Threshold: 0.1 (V)
SetMagnetDAC 5.89123192867 ===>> OK
Magnet settling time: 1.049
GetData ===>> H2,-0.1097922651038,H1,4.74593979427314,AX,0.182551914181199,L1,0.0187918775636632,L2,-0.15705748...
setting magnet DAC
current  : 5.891232
requested: 5.892266
Delta Dac: 0.001034
Checking detector protection. dv=0.00103
Checking detector "CDD". Protection Threshold: 0.1 (V)
SetMagnetDAC 5.89226641142 ===>> OK
Magnet settling time: 1.049
GetData ===>> H2,-0.205741404117044,H1,1.05850890744004,AX,0.0659439816688345,L1,0.0551552164893322,L2,-0.06567...
setting magnet DAC
current  : 5.892266
requested: 5.893301
Delta Dac: 0.001034
Checking detector protection. dv=0.00103
Checking detector "CDD". Protection Threshold: 0.1 (V)
SetMagnetDAC 5.89330089418 ===>> OK
Magnet settling time: 1.049
GetData ===>> H2,-0.232054639405558,H1,0.190041500691884,AX,-0.152256674138811,L1,0.0297182300798703,L2,0.01104...
setting magnet DAC
current  : 5.893301
requested: 5.894335
Delta Dac: 0.001034
Checking detector protection. dv=0.00103
Checking detector "CDD". Protection Threshold: 0.1 (V)
SetMagnetDAC 5.89433537694 ===>> OK
Magnet settling time: 1.049
GetData ===>> H2,-0.112827415445031,H1,0.0116045982885506,AX,-0.118128224758133,L1,0.0176758950304474,L2,-0.011...
result of _do_sweep=True
result of _calculate_peak_center=([5.8717363858557672, 5.8792534890276285, 5.8867705921994897], [185.99595626702532, 249.9528490582901, 183.39595509503164], 5.8778023108091224, 249.9528490582901)
Failed to find a valid peak. No peak greater than 1.0. max = 0.0242994073147
new center pos Detector(H1) (Ar40) @ 5.87925348903
GetHighVoltage ===>> 4499.94659342336
GetDeflection H1 ===>> 0
dac uncorrected for HV and deflection 5.8792881116
update mftable H1 Ar40 5.8792881116 message=automated run peakcenter
get initial guess parabolic
get initial guess parabolic
get initial guess parabolic
get initial guess parabolic
get initial guess parabolic
get initial guess parabolic
dump mftable to /Users/jan/PychronDev/setupfiles/spectrometer/mftables/mftable.csv
add to repo msg=modified - automated run peakcenter
locally archiving mftable
setting magnet DAC
current  : 5.894335
requested: 5.879253
Delta Dac: 0.015082
Checking detector protection. dv=0.01508
Checking detector "CDD". Protection Threshold: 0.1 (V)
SetMagnetDAC 5.87925348903 ===>> OK
Magnet settling time: 0.500
sweep finished
setting integration time = 1.048576
SetIntegrationTime 1.048576 ===>> OK
Failed to find a valid peak. No peak greater than 1.0. max = 0.0243757793638
flush and close file /Users/jan/PychronDev/data/isotopes/93/f1324a-903c-4c03-b380-7eff00220ea3.h5
finished measure script
executed snippet estimated_duration=226.132928, duration=273.152802944
jan_unknown120_60.py completed successfully
Measurement Finished
10:27:17 -- ******* Measurement Finished *******
Post Measurement Started jan_pump_ms.py
10:27:17 -- ******* Post Measurement Started jan_pump_ms.py *******
testing...
no interpolation path defined
executed snippet estimated_duration=0, duration=2.8133392334e-05
Pumping spectrometer
open () {'name': 'O'}
opening name=O desc=---
checking ownership. requestor=129.138.12.150
check software interlocks O
interlocks []
actuate state mode=None-script, software_lock=False
doing actuation None-script open_channel True
Open O ===>> OK
GetIndicatorState O ===>> OK
change switch state (True, True)
update switch state O True args=() kw={} ncanvase=2
10:27:17 -- OPEN   VALVE-O (Jan Ion Pump)
---------------------------------------- open O () result=[(True, True)], time=0.11 sec
action=open, ok=True, locked=[False]
executed snippet estimated_duration=0, duration=0.363093137741
jan_pump_ms.py completed successfully
setting _ms_pumptime
Post Measurement Finished
10:27:17 -- ******* Post Measurement Finished *******
$$$$$$$$$$$$$$$$$$$$ state at run end measurement
state changed from measurement to success
post measurement save measured=True aborted=False
Set filtering
setting fod for Ar40= {'filter_outliers': True, 'std_devs': 2, 'iterations': 1}
setting fod for H1= {'filter_outliers': True, 'std_devs': 2, 'iterations': 1}
setting fod for PM41= {'filter_outliers': False, 'std_devs': 2, 'iterations': 1}
setting fod for H2= {'filter_outliers': True, 'std_devs': 2, 'iterations': 1}
setting fod for Ar36= {'filter_outliers': True, 'std_devs': 2, 'iterations': 1}
setting fod for CDD= {'filter_outliers': True, 'std_devs': 10, 'iterations': 1}
setting fod for Ar37= {'filter_outliers': True, 'std_devs': 2, 'iterations': 1}
setting fod for L2= {'filter_outliers': True, 'std_devs': 2, 'iterations': 1}
setting fod for Ar38= {'filter_outliers': True, 'std_devs': 2, 'iterations': 1}
setting fod for L1= {'filter_outliers': True, 'std_devs': 2, 'iterations': 1}
setting fod for Ar39= {'filter_outliers': True, 'std_devs': 2, 'iterations': 1}
setting fod for AX= {'filter_outliers': True, 'std_devs': 2, 'iterations': 1}
persistence save...
persistence save - db
post measurement save
7374307984 connecting to database sqlite:////Users/jan/PychronDev/.appdata/local_lab.db
connected to db sqlite:////Users/jan/PychronDev/.appdata/local_lab.db
create new session 7374307984
close session 7374307984
No database instance. Not saving post measurement to isotopedb database
$$$$$$$$$$$$$$$ auto_save_detector_ic=False
massspec enabled True
create new session 4985539184
MassSpec Database Version: 16.0
close session 4985539184
saving post measurement to secondary database
saving to massspec database 129.138.12.160/massspecdata
setting labnumber to 65584
setting aliquot to 4
setting step to B
setting uuid to 93f1324a-903c-4c03-b380-7eff00220ea3
setting irradpos to 65584
setting extract_device to Fusions CO2
setting tray to 
setting position to 202
setting power_requested to 0.4
setting extract_value to 0.4
setting duration to 30.0
setting duration_at_request to 30.0
setting first_stage_delay to 30.0
setting cleanup to 30.0
setting comment to O:9
setting irradiation to NM-289
setting level to O
setting irradiation_level to O
setting sample to BW-102
setting material to 
setting project to 
setting mass_spectrometer to jan
no attribute chron_dosages
no attribute production_ratios
no attribute interference_corrections
no attribute production_name
no attribute j
Reference Isotope=Ar40
Reference Detector=H1
%%%%%%%%%%%%%%%%%%%% Comment: O:9 %%%%%%%%%%%%%%%%%%%
adding isotope PM41 H2
add baseline dbdet= PM41. original det= H2
get baseline data PM41 H2
Get data baseline <pychron.processing.isotope.Baseline object at 0x137453610> len t=60
baseline PM41. v=-0.18982762965, e=0.00652445729196
get signal data PM41 H2
Get data signal PM41 0.06+/-0.07 len t=120
adding isotope Ar40 H1
add baseline dbdet= Ar40. original det= H1
get baseline data Ar40 H1
Get data baseline <pychron.processing.isotope.Baseline object at 0x14ccbae90> len t=60
baseline Ar40. v=-0.0388552833142, e=0.00602772760017
get signal data Ar40 H1
Get data signal Ar40 273.258+/-0.025 len t=120
adding isotope Ar39 AX
add baseline dbdet= Ar39. original det= AX
get baseline data Ar39 AX
Get data baseline <pychron.processing.isotope.Baseline object at 0x14ccba790> len t=60
baseline Ar39. v=-0.0782389321909, e=0.00755362671901
get signal data Ar39 AX
Get data signal Ar39 53.160+/-0.015 len t=120
adding isotope Ar38 L1
add baseline dbdet= Ar38. original det= L1
get baseline data Ar38 L1
Get data baseline <pychron.processing.isotope.Baseline object at 0x14ccba610> len t=60
baseline Ar38. v=-0.0208285841462, e=0.00285588574992
get signal data Ar38 L1
Get data signal Ar38 0.689+/-0.005 len t=120
adding isotope Ar37 L2
add baseline dbdet= Ar37. original det= L2
get baseline data Ar37 L2
Get data baseline <pychron.processing.isotope.Baseline object at 0x14ccba2d0> len t=60
baseline Ar37. v=-0.0127261763222, e=0.00532928793631
get signal data Ar37 L2
Get data signal Ar37 0.619+/-0.012 len t=120
adding isotope Ar36 CDD
add baseline dbdet= Ar36. original det= CDD
get baseline data Ar36 CDD
Get data baseline <pychron.processing.isotope.Baseline object at 0x14ccba550> len t=60
baseline Ar36. v=8.18759767288e-05, e=1.55950828948e-05
get signal data Ar36 CDD
Get data signal Ar36 0.01459+/-0.00029 len t=120
65584-04B added analysis time 0.518562078476s
analysis added to mass spec database
mass spec save time= 0.541
persistence save - dvc
================= post measurement started
create new session 4989601072
close session 4989601072
---------------- Experiment Queue saving disabled
DVC saving peakcenter
Failed to find a valid peak. No peak greater than 1.0. max = 0.0243757793638
Smart pull ahead: 0 behind: 0
Up-to-date with origin
add to repo msg=modified - ad8224ebc6dbfeb9f5997218dfa5fe690569839d.json
add to repo msg=modified - 84-04B.json
add to repo msg=modified - 84-04B.dat.json
add to repo msg=modified - 84-04B.blan.json
add to repo msg=modified - 84-04B.inte.json
add to repo msg=modified - 84-04B.icfa.json
add to repo msg=modified - 84-04B.base.json
not at valid file /Users/jan/PychronDev/data/.dvc/repositories/Load1791/655/tags/84-04B.tags.json
add to repo msg=modified - 84-04B.peak.json
add to repo msg=modified - 84-04B.extr.json
not at valid file /Users/jan/PychronDev/data/.dvc/repositories/Load1791/655/monitor/84-04B.moni.json
commit message=<COLLECTION>
add to repo msg=modified - 84-04B.inte.json
add to repo msg=modified - 84-04B.base.json
commit message=<ISOEVO> default collection fits
add to repo msg=modified - 84-04B.blan.json
commit message=<BLANKS> preceding bu-FC-J-7751
add to repo msg=modified - 84-04B.icfa.json
commit message=<ICFactor> default
push repository <pychron.git_archive.repo_manager.GitRepoManager object at 0x1b7834890>
pushing to remote=origin, url=https://github.com
no changes to meta repo
create new session 4989601072
add association Load1791
get identifier "65584"
setting analysis irradiation position=<pychron.dvc.dvc_orm.IrradiationPositionTbl object at 0x134a38e10>
close session 4989601072
================= post measurement finished
10:27:31 -- ******* Post Run Check *******
loading queue conditionals post_run_actions
loading system conditionals post_run_actions
loading conditionals from /Users/jan/PychronDev/setupfiles/spectrometer/default_conditionals.yaml
loading queue conditionals post_run_terminations
loading system conditionals post_run_terminations
loading conditionals from /Users/jan/PychronDev/setupfiles/spectrometer/default_conditionals.yaml
Checking default post run terminations n=1
GetDeflection CDD ===>> 50
testing CDD==2000
evaluate ot="CDD.deflection==2000" t="CDD==2000", ctx="{'CDD': 50.0}"
10:27:31 -- ******* Post Run Check Passed *******
10:27:31 -- Automated run 65584-04B success duration: 362.425 s
----------------- finish -----------------
----------------- stop -----------------
retroactive repository identifiers disabled
finish run. runs completed=5
update duration runid=65584-04B, duration=362.425201893, md5=301e91d8
write rem/ex queues
/Users/jan/PychronDev/experiments/rem/CurrentExperiment.rem.txt
/Users/jan/PychronDev/experiments/rem/CurrentExperiment.ex.txt
doing event level: 3
