do run
loading script "jan_unknown120_60.py"
loading script "jan_pump_ms.py"
loading script "jan_co2.py"
loading script "jan_pump_extraction_line.py"
testing...
no interpolation path defined
executed snippet estimated_duration=213.652928, duration=0.000271081924438
script duration name:unknown120_60 seconds:214.0
loading script "jan_unknown120_60.py"
loading script "jan_pump_ms.py"
loading script "jan_co2.py"
loading script "jan_pump_extraction_line.py"
testing...
no interpolation path defined
executed snippet estimated_duration=0, duration=2.50339508057e-05
loading script "jan_unknown120_60.py"
loading script "jan_pump_ms.py"
loading script "jan_co2.py"
loading script "jan_pump_extraction_line.py"
testing...
no interpolation path defined
calculate duration
testing...
no interpolation path defined
executed snippet estimated_duration=0, duration=5.91278076172e-05
calculate duration
testing...
no interpolation path defined
executed snippet estimated_duration=0, duration=9.10758972168e-05
executed snippet estimated_duration=0.0, duration=0.00232005119324
script duration name:co2 seconds:0.0
loading script "jan_unknown120_60.py"
loading script "jan_pump_ms.py"
loading script "jan_co2.py"
loading script "jan_pump_extraction_line.py"
testing...
no interpolation path defined
calculate duration
testing...
no interpolation path defined
executed snippet estimated_duration=4.0, duration=0.000144958496094
executed snippet estimated_duration=4.0, duration=0.00154590606689
Script duration 214.0
Run total estimated duration= 215.000
run duration: 0:03:35
doing event level: 2
14:43:49 -- Setting default integration. t=1.048576
setting integration time = 1.048576
SetIntegrationTime 1.048576 ===>> OK
----------------- start -----------------
**************** Experiment Type: Ar/Ar, Ar/Ar
create new session 4436069840
close session 4436069840
$$$$$ Clearing conditionals
adding conditionals 
Add queue conditionals
add default conditionals
adding default conditionals from /Users/jan/PychronDev/setupfiles/spectrometer/default_conditionals.yaml
Start automated run 65584-13A
loading script "jan_unknown120_60.py"
loading script "jan_pump_ms.py"
loading script "jan_co2.py"
loading script "jan_pump_extraction_line.py"
%%%%%%%%%%%%%%%%%% setting automated run 65584-13A
No value "sensitivity_multiplier" in metadata
$$$$$$$$$$$$$$$ auto_save_detector_ic=False
============================= Pre Extraction Check =============================
loading queue conditionals pre_run_terminations
loading system conditionals pre_run_terminations
loading conditionals from /Users/jan/PychronDev/setupfiles/spectrometer/default_conditionals.yaml
14:43:49 -- ******* Pre Extraction Check *******
Get a measurement from the spectrometer
GetData ===>> H2,-0.227810924946729,H1,-0.0763164162708161,AX,-0.0239638572384509,L1,-0.00274318909712711,L2,0....
Pre Extraction Termination data. keys=H2,H1,AX,L1,L2,CDD, signals=-0.22781,-0.07632,-0.02396,-0.00274,0.07854,0.00461
14:43:49 -- testing system defined conditionals
Checking default pre extraction terminations n=2
testing CDD
evaluate ot="CDD.inactive" t="CDD", ctx="{'CDD': False}"
GetDeflection CDD ===>> 50
testing CDD==2000
evaluate ot="CDD.deflection==2000" t="CDD==2000", ctx="{'CDD': 50.0}"
14:43:49 -- ******* Pre Extraction Check Passed *******
=================================================================================
14:43:49 -- stopping status monitor
stop 4982387056
Alive clients [4989850544]
14:43:49 -- starting status monitor
start 4982387056
Monitor already running
start extraction
do extraction
Analysis started at 14:43:49.751582
Extraction Started jan_co2.py
14:43:49 -- ******* Extraction Started jan_co2.py *******
state changed from not run to extraction
DO EXTRACTION <pychron.extraction_line.pyscript_runner.RemotePyScriptRunner object at 0x12c299590>
testing...
no interpolation path defined
calculate duration
testing...
no interpolation path defined
executed snippet estimated_duration=0, duration=5.10215759277e-05
calculate duration
testing...
no interpolation path defined
executed snippet estimated_duration=0, duration=0.000108957290649
executed snippet estimated_duration=100.0, duration=0.00300288200378
Jan CO2 laser analysis
doing GOSUB
testing...
no interpolation path defined
executed snippet estimated_duration=0, duration=4.2200088501e-05
Waiting for CO2 access
wait ('FelixCO2Flag', 0) {}
waiting for FelixCO2Flag = 0
Read FelixCO2Flag ===>> 0
finished waiting
CO2 free
wait ('CO2PumpTimeFlag', 0) {}
waiting for CO2PumpTimeFlag = 0
Read CO2PumpTimeFlag ===>> 0
finished waiting
acquire ('JanCO2Flag',) {'clear': True}
acquire JanCO2Flag
Set JanCO2Flag 1 ===>> OK
JanCO2Flag acquired
set extraction state False (0.75, 'red', 1.5)
CO2 acquired
executed snippet estimated_duration=0, duration=0.0204980373383
WaitForCO2Access.py completed successfully
gosub finished
doing GOSUB
testing...
no interpolation path defined
executed snippet estimated_duration=0, duration=9.51290130615e-05
Prepare for CO2 analysis
close () {'description': 'Jan Inlet'}
closing name=--- desc=Jan Inlet
checking ownership. requestor=129.138.12.150
check software interlocks R
interlocks []
actuate state mode=None-script, software_lock=False
doing actuation None-script close_channel False
Close R ===>> OK
GetIndicatorState R ===>> False
change switch state (True, True)
update switch state R False args=() kw={} ncanvase=2
14:43:50 -- CLOSE  VALVE-R (Jan Inlet)
---------------------------------------- close None (Jan Inlet) result=[(True, True)]
action=close, ok=True, locked=[False]
open () {'description': 'Jan Ion Pump'}
opening name=--- desc=Jan Ion Pump
checking ownership. requestor=129.138.12.150
check software interlocks O
interlocks []
actuate state mode=None-script, software_lock=False
doing actuation None-script open_channel False
Open O ===>> OK
GetIndicatorState O ===>> OK
change switch state (True, True)
update switch state O True args=() kw={} ncanvase=2
14:43:50 -- OPEN   VALVE-O (Jan Ion Pump)
---------------------------------------- open None (Jan Ion Pump) result=[(True, True)], time=0.12 sec
action=open, ok=True, locked=[False]
close () {'description': 'Microbone to Minibone'}
closing name=--- desc=Microbone to Minibone
checking ownership. requestor=129.138.12.150
check software interlocks L
interlocks []
actuate state mode=None-script, software_lock=False
doing actuation None-script close_channel False
Close L ===>> OK
GetIndicatorState L ===>> False
change switch state (True, True)
update switch state L False args=() kw={} ncanvase=2
14:43:51 -- CLOSE  VALVE-L (Microbone to Minibone)
---------------------------------------- close None (Microbone to Minibone) result=[(True, True)]
action=close, ok=True, locked=[False]
open () {'description': 'Microbone to Turbo'}
opening name=--- desc=Microbone to Turbo
checking ownership. requestor=129.138.12.150
check software interlocks U
interlocks []
actuate state mode=None-script, software_lock=False
doing actuation None-script open_channel False
Open U ===>> OK
GetIndicatorState U ===>> OK
change switch state (True, True)
update switch state U True args=() kw={} ncanvase=2
14:43:51 -- OPEN   VALVE-U (Microbone to Turbo)
---------------------------------------- open None (Microbone to Turbo) result=[(True, True)], time=0.13 sec
action=open, ok=True, locked=[False]
open () {'description': 'Microbone to Inlet Pipette'}
opening name=--- desc=Microbone to Inlet Pipette
checking ownership. requestor=129.138.12.150
check software interlocks S
interlocks []
actuate state mode=None-script, software_lock=False
doing actuation None-script open_channel False
Open S ===>> OK
GetIndicatorState S ===>> OK
change switch state (True, True)
update switch state S True args=() kw={} ncanvase=2
14:43:52 -- OPEN   VALVE-S (Microbone to Inlet Pipette)
---------------------------------------- open None (Microbone to Inlet Pipette) result=[(True, True)], time=0.46 sec
action=open, ok=True, locked=[False]
open () {'description': 'Microbone to Getter D-50'}
opening name=--- desc=Microbone to Getter D-50
checking ownership. requestor=129.138.12.150
check software interlocks K
interlocks []
actuate state mode=None-script, software_lock=False
doing actuation None-script open_channel False
Open K ===>> OK
GetIndicatorState K ===>> OK
change switch state (True, True)
update switch state K True args=() kw={} ncanvase=2
14:43:53 -- OPEN   VALVE-K (Microbone to Getter D-50)
---------------------------------------- open None (Microbone to Getter D-50) result=[(True, True)], time=0.40 sec
action=open, ok=True, locked=[False]
open () {'description': 'Microbone to Getter NP-10'}
opening name=--- desc=Microbone to Getter NP-10
checking ownership. requestor=129.138.12.150
check software interlocks M
interlocks []
actuate state mode=None-script, software_lock=False
doing actuation None-script open_channel False
Open M ===>> OK
GetIndicatorState M ===>> OK
change switch state (True, True)
update switch state M True args=() kw={} ncanvase=2
14:43:53 -- OPEN   VALVE-M (Microbone to Getter NP-10)
---------------------------------------- open None (Microbone to Getter NP-10) result=[(True, True)], time=0.21 sec
action=open, ok=True, locked=[False]
close () {'description': 'CO2 Laser to Felix'}
closing name=--- desc=CO2 Laser to Felix
checking ownership. requestor=129.138.12.150
check software interlocks F
interlocks []
actuate state mode=None-script, software_lock=True
VALVE-F(CO2 Laser to Felix) software locked
change switch state (True, False)
---------------------------------------- close None (CO2 Laser to Felix) result=[(True, False)]
action=close, ok=True, locked=[True]
open () {'description': 'CO2 Laser to Jan'}
opening name=--- desc=CO2 Laser to Jan
checking ownership. requestor=129.138.12.150
check software interlocks A
interlocks []
actuate state mode=None-script, software_lock=False
doing actuation None-script open_channel False
Open A ===>> OK
GetIndicatorState A ===>> OK
change switch state (True, True)
update switch state A True args=() kw={} ncanvase=2
14:43:53 -- OPEN   VALVE-A (CO2 Laser to Jan)
---------------------------------------- open None (CO2 Laser to Jan) result=[(True, True)], time=0.17 sec
action=open, ok=True, locked=[False]
open () {'description': 'Microbone to CO2 Laser'}
opening name=--- desc=Microbone to CO2 Laser
checking ownership. requestor=129.138.12.150
check software interlocks T
interlocks []
actuate state mode=None-script, software_lock=False
doing actuation None-script open_channel False
Open T ===>> OK
GetIndicatorState T ===>> OK
change switch state (True, True)
update switch state T True args=() kw={} ncanvase=2
14:43:54 -- OPEN   VALVE-T (Microbone to CO2 Laser)
---------------------------------------- open None (Microbone to CO2 Laser) result=[(True, True)], time=0.46 sec
action=open, ok=True, locked=[False]
executed snippet estimated_duration=0, duration=5.1441090107
PrepareForCO2Analysis.py completed successfully
gosub finished
set_motor ('beam', '1.25') {}
setting motor "beam" to 1.25
set motor beam to 1.25
SetMotor beam,1.25 ===>> OK
GetMotorMoving beam ===>> False
GetMotorMoving beam ===>> False
Block completed
move_to_position ('210',) {'autocenter': True}
FusionsCO2 move to position 210
sending GoToHole 210,True
GoToHole 210,True ===>> OK
GetDriveMoving ===>> OK
GetDriveMoving ===>> OK
GetDriveMoving ===>> OK
GetDriveMoving ===>> False
GetDriveMoving ===>> OK
GetDriveMoving ===>> OK
GetDriveMoving ===>> OK
GetDriveMoving ===>> OK
GetDriveMoving ===>> OK
GetDriveMoving ===>> OK
GetDriveMoving ===>> OK
GetDriveMoving ===>> OK
GetDriveMoving ===>> OK
GetDriveMoving ===>> OK
GetDriveMoving ===>> OK
GetDriveMoving ===>> False
Block completed
GetAutoCorrecting ===>> False
GetAutoCorrecting ===>> False
Block completed
update position
GetPosition ===>> -3.98780,-13.95730,1.00000
got position (-3.9878, -13.9573, 1.0)
move to position succeeded
sleep (5,) {}
SLEEP 5.0
block started
WaitControl setup for 5.0  
Join finished
block finished. duration 5.04770183563
close () {'description': 'Microbone to Turbo'}
closing name=--- desc=Microbone to Turbo
checking ownership. requestor=129.138.12.150
check software interlocks U
interlocks []
actuate state mode=None-script, software_lock=False
doing actuation None-script close_channel True
Close U ===>> OK
GetIndicatorState U ===>> False
change switch state (True, True)
update switch state U False args=() kw={} ncanvase=2
14:44:06 -- CLOSE  VALVE-U (Microbone to Turbo)
---------------------------------------- close None (Microbone to Turbo) result=[(True, True)]
action=close, ok=True, locked=[False]
enable laser
enable () {}
set extraction state FusionsCO2 Enabled (False, 'red', 1.5)
enabling laser
Enable ===>> OK
begin interval
BEGIN INTERVAL Interval 1 waiting for 30.0
block started
set extract to 0.3
WaitControl setup for 30.0  
extract (0.3,) {}
GetPosition ===>> -3.98780,-13.95730,1.00000
set extraction state FusionsCO2 ON! 0.3(watts) (0.75, 'red', 1.5)
extract sample to 0.3 (watts)
set laser output
SetLaserOutput 0.3,watts ===>> OK
executing pattern triangle.lp
execute_pattern ('triangle.lp',) {}
executing pattern triangle.lp
IsPatterning ===>> OK
IsPatterning ===>> OK
IsPatterning ===>> OK
IsPatterning ===>> OK
IsPatterning ===>> OK
IsPatterning ===>> OK
IsPatterning ===>> OK
IsPatterning ===>> OK
IsPatterning ===>> OK
IsPatterning ===>> OK
IsPatterning ===>> OK
IsPatterning ===>> OK
IsPatterning ===>> OK
IsPatterning ===>> OK
IsPatterning ===>> OK
IsPatterning ===>> OK
IsPatterning ===>> OK
IsPatterning ===>> OK
IsPatterning ===>> OK
IsPatterning ===>> OK
IsPatterning ===>> OK
IsPatterning ===>> OK
IsPatterning ===>> OK
IsPatterning ===>> OK
IsPatterning ===>> OK
IsPatterning ===>> OK
IsPatterning ===>> False
IsPatterning ===>> False
Block completed
COMPLETE INTERVAL waiting for Interval 1 to complete
Join finished
block finished. duration 30.0766751766
Interval 1 finished
end_extract () {}
ending extraction. set laser power to 0
set laser power 0
SetLaserPower 0 ===>> OK
disable () {}
%%%%%%%%%%%%%%%%%%%%%%%%%%%%%%%%%%% disable
set extraction state False (0.75, 'red', 1.5)
disabling laser
Disable ===>> OK
sleep (30.0,) {}
SLEEP 30.0
block started
WaitControl setup for 30.0  
Join finished
block finished. duration 30.0711190701
executed snippet estimated_duration=166.0, duration=78.0662479401
jan_co2.py completed successfully
GetAchievedOutput ===>> No Response
Requested Output= 0.000
Achieved Output=  0.000
GetResponseBlob ===>> No Response
GetOutputBlob ===>> No Response
persistence save...
persistence save - db
AutomatedRunPersister post_extraction_save deprecated
persistence save - dvc
no extraction position for 210
create new session 4989601072
close session 4989601072
Extraction Finished
14:45:07 -- ******* Extraction Finished *******
no overlap. not waiting for min ms pumptime
14:45:07 -- Sending spectrometer configuration
======== Sending configuration ========
SetDeflection CDD,50.0 ===>> OK
SetDeflection H2,0.0 ===>> OK
SetDeflection H1,0.0 ===>> OK
SetDeflection L2,825.0 ===>> OK
SetDeflection L1,400.0 ===>> OK
SetDeflection AX,190.0 ===>> OK
SetZFocus 74.64 ===>> OK
SetZSymmetry -50.72 ===>> OK
SetExtractionLens 26.13 ===>> OK
SetIonRepeller -3.81 ===>> OK
SetElectronEnergy 75.08 ===>> OK
SetYSymmetry -2.81 ===>> OK
SetIonCounterVoltage 1590.0 ===>> OK
send trap current 200.0
GetParameter Trap Current Readback ===>> 198.258926936459
SetParameter Trap Current Set,200.0 ===>> OK
updating mftable name mftable
Using mftable located at /Users/jan/PychronDev/setupfiles/spectrometer/mftables/mftable.csv
============ MFtable ===========
Isotope  H2     H1     AX     L1     L2     CDD    
Ar40     5.8082 5.8792 5.9928 6.1482 6.2310 6.3764
Ar39     5.7075 5.7715 5.8852 6.0342 6.1161 6.2629
Ar36     5.3850 5.4405 5.5485 5.6931 5.7711 5.9140
================================
get initial guess parabolic
get initial guess parabolic
get initial guess parabolic
get initial guess parabolic
get initial guess parabolic
get initial guess parabolic
======== Configuration Finished ========
GetYSymmetry ===>> -2.81
GetZSymmetry ===>> -50.72
GetParameter Trap Current Readback ===>> 198.147042666178
GetHighVoltage ===>> 4499.94659342336
start measurement
do measurement
L#=65584 analysis type=unknown
Measurement Started jan_unknown120_60.py
14:45:08 -- ******* Measurement Started jan_unknown120_60.py *******
state changed from extraction to measurement
setting spec, defl, and gains
GetExtractionLens ===>> 26.13
GetYSymmetry ===>> -2.81
GetZSymmetry ===>> -50.72
GetZFocus ===>> 74.64
GetDeflection H2 ===>> 0
GetDeflection H1 ===>> 0
GetDeflection AX ===>> 190
GetDeflection L1 ===>> 400
GetDeflection L2 ===>> 825
GetDeflection CDD ===>> 50
GetGain H2 ===>> 0.0113
GetGain H1 ===>> 0.1
GetGain AX ===>> 0.097049
GetGain L1 ===>> 0.010355
GetGain L2 ===>> 0.095649
GetGain CDD ===>> 0
pre measurement save
New frame /Users/jan/PychronDev/data/isotopes/1e/aaedae-af0a-42f8-a787-ec765f5aa097.h5
flush and close file /Users/jan/PychronDev/data/isotopes/1e/aaedae-af0a-42f8-a787-ec765f5aa097.h5
testing...
no interpolation path defined
executed snippet estimated_duration=226.132928, duration=0.000216007232666
unknown measurement script
activate_detectors ('H2', 'H1', 'AX', 'L1', 'L2', 'CDD') {}
activate detectors
*************** Set Analysis View Ar/Ar
create graphs
clearing graphs
clear isotope group
setting isotope det=H2, iso=PM41
setting isotope det=H1, iso=Ar40
setting isotope det=AX, iso=Ar39
setting isotope det=L1, iso=Ar38
setting isotope det=L2, iso=Ar37
setting isotope det=CDD, iso=Ar36
setting previous blanks
 - setting Ar40 blank 0.161+/-0.007
 - setting Ar36 blank 0.00416+/-0.00016
 - setting Ar37 blank 0.043+/-0.005
 - setting Ar38 blank 0.0113+/-0.0025
 - setting PM41 blank 0.03+/-0.06
 - setting Ar39 blank 0.030+/-0.009
load analysis view
position_magnet ('Ar40',) {'detector': 'H1'}
detector Detector(H1)
POSITION Ar40 H1
setting detector H2 to PM41 (40.9624)
setting detector H1 to Ar40 (39.9624)
setting detector AX to Ar39 (38.9624)
setting detector L1 to Ar38 (37.9624)
setting detector L2 to Ar37 (36.9624)
setting detector CDD to Ar36 (35.9624)
Mapping mass to dac mass func: "parabolic"
H1 map mass coeffs = [-0.00063987  0.15840543  0.57081999]
H1 map mass to dac 39.9624 >> 5.87921
GetDeflection H1 ===>> 0
GetHighVoltage ===>> 4499.94659342336
positioning Ar40 (5.87917537788) on H1
setting magnet DAC
current  : 5.879171
requested: 5.879175
Delta Dac: 0.000005
Checking detector protection. dv=0.00000
Checking detector "CDD". Protection Threshold: 0.1 (V)
SetMagnetDAC 5.87917537788 ===>> OK
Magnet settling time: 0.500
equilibrate () {'delay': 3, 'inlet': 'R', 'outlet': 'O', 'eqtime': 12.0}
Equilibration Started
14:45:09 -- ******* Equilibration Started *******
checking ownership. requestor=129.138.12.150
check software interlocks O
interlocks []
actuate state mode=None-script, software_lock=False
doing actuation None-script close_channel True
Close O ===>> OK
GetIndicatorState O ===>> False
change switch state (True, True)
update switch state O False args=() kw={} ncanvase=2
14:45:09 -- CLOSE  VALVE-O (Jan Ion Pump)
waiting 3s before opening inlet value ('R',)
update labels <pychron.experiment.plot_panel.PlotPanel object at 0x16211aad0>
update labels "<pychron.graph.stacked_regression_graph.StackedRegressionGraph object at 0x12edac3b0>"
setting label 0 H2 PM41
setting label 1 H1 Ar40
setting label 2 AX Ar39
setting label 3 L1 Ar38
setting label 4 L2 Ar37
setting label 5 CDD Ar36
update labels "<pychron.graph.stacked_graph.StackedGraph object at 0x1ab268410>"
setting label 0 H2 PM41
setting label 1 H1 Ar40
setting label 2 AX Ar39
setting label 3 L1 Ar38
setting label 4 L2 Ar37
setting label 5 CDD Ar36
checking ownership. requestor=129.138.12.150
check software interlocks R
interlocks []
actuate state mode=None-script, software_lock=False
doing actuation None-script open_channel True
Open R ===>> OK
GetIndicatorState R ===>> OK
change switch state (True, True)
update switch state R True args=() kw={} ncanvase=2
14:45:13 -- OPEN   VALVE-R (Jan Inlet)
equilibrating for 12.0sec
set_time_zero () {}
sniff (12.0,) {}
py_sniff
build tables- sniff [Detector(H2), Detector(H1), Detector(AX), Detector(L1), Detector(L2), Detector(CDD)]
add group /sniff/PM41 (Group) '' table H2
add group /sniff/Ar40 (Group) '' table H1
add group /sniff/Ar39 (Group) '' table AX
add group /sniff/Ar38 (Group) '' table L1
add group /sniff/Ar37 (Group) '' table L2
add group /sniff/Ar36 (Group) '' table CDD
flush and close file /Users/jan/PychronDev/data/isotopes/1e/aaedae-af0a-42f8-a787-ec765f5aa097.h5
measuring sniff. ncounts=12.0
starting measurement
GetData ===>> H2,-0.185543108400589,H1,0.0443099774767088,AX,-0.17077728519488,L1,-0.0258393462111827,L2,0.0428...
"sniff" increment series count="1" fit count="0" regressing="False"
GetData ===>> H2,0.260457722624127,H1,21.8960288896414,AX,6.46716576696168,L1,0.0598614286645637,L2,0.087444921...
GetData ===>> H2,0.780460979227679,H1,86.776447492576,AX,23.043604665996,L1,0.305365870733762,L2,0.162821473594...
GetData ===>> H2,0.373491168997766,H1,112.016576170706,AX,28.5281682087412,L1,0.38619494547556,L2,0.13015975409...
GetData ===>> H2,0.231145622245923,H1,120.57489450139,AX,30.087610278594,L1,0.397097025253126,L2,0.217689500398...
GetData ===>> H2,0.0611057572794792,H1,123.910232511557,AX,30.6651845117404,L1,0.418741366851258,L2,0.258270302...
GetData ===>> H2,0.0753354159257658,H1,125.260394126198,AX,30.8095207441655,L1,0.425267516876434,L2,0.167657815...
GetData ===>> H2,0.0889731983323429,H1,125.70340939971,AX,31.0134415098968,L1,0.42499435500318,L2,0.22727666163...
GetData ===>> H2,-0.045868317770543,H1,126.070378937731,AX,30.9737877985655,L1,0.463988798272714,L2,0.211412712...
GetData ===>> H2,-0.103183716442734,H1,126.083017145353,AX,30.9989763722262,L1,0.451956382738902,L2,0.089906747...
GetData ===>> H2,-0.0980800495966776,H1,126.266282571394,AX,30.8277749828127,L1,0.431177184129739,L2,0.11427768...
GetData ===>> H2,-0.211210196692325,H1,126.261555165263,AX,30.8206421801693,L1,0.454243692639291,L2,0.088983555...
Equilibration Finished
14:45:25 -- ******* Equilibration Finished *******
checking ownership. requestor=129.138.12.150
check software interlocks R
interlocks []
actuate state mode=None-script, software_lock=False
doing actuation None-script close_channel True
Close R ===>> OK
State checksums do not match. Local:-173909521 Remote:-423938523
State checksum failed
GetIndicatorState R ===>> False
change switch state (True, True)
update switch state R False args=() kw={} ncanvase=2
14:45:26 -- CLOSE  VALVE-R (Jan Inlet)
Post Equilibration Started jan_pump_extraction_line.py
14:45:26 -- ******* Post Equilibration Started jan_pump_extraction_line.py *******
testing...
no interpolation path defined
calculate duration
testing...
no interpolation path defined
executed snippet estimated_duration=4.0, duration=0.000149011611938
executed snippet estimated_duration=4.0, duration=0.00171089172363
Pump after analysis
doing GOSUB
testing...
no interpolation path defined
executed snippet estimated_duration=4.0, duration=0.000155925750732
Pump Microbone
close () {'description': 'Jan Inlet'}
closing name=--- desc=Jan Inlet
checking ownership. requestor=129.138.12.150
check software interlocks R
interlocks []
actuate state mode=None-script, software_lock=False
doing actuation None-script close_channel False
measurement finished
estimated time: 12.583 actual time: :12.663
flush and close file /Users/jan/PychronDev/data/isotopes/1e/aaedae-af0a-42f8-a787-ec765f5aa097.h5
set_fits () {}
using default fits file=/Users/jan/PychronDev/scripts/measurement/fits/nominal_linear.yaml
Close R ===>> OK
set "Ar40" to "('Linear', 'SEM')"
No fit for "PM41". defaulting to linear. check the measurement script "jan_unknown120_60.py"
set "PM41" to "linear"
set "Ar36" to "('Linear', 'SEM')"
set "Ar37" to "('linear', 'SEM')"
set "Ar38" to "('linear', 'SEM')"
set "Ar39" to "('Linear', 'SEM')"
set_baseline_fits () {}
using default fits file=/Users/jan/PychronDev/scripts/measurement/fits/nominal_linear.yaml
set "H1" to "('average', 'SEM')"
set "H2" to "('average', 'SEM')"
set "CDD" to "('average', 'SEM')"
set "L2" to "('average', 'SEM')"
set "L1" to "('average', 'SEM')"
set "AX" to "('average', 'SEM')"
multicollect () {'integration_time': 1, 'ncounts': 120}
build tables- signal [Detector(H2), Detector(H1), Detector(AX), Detector(L1), Detector(L2), Detector(CDD)]
add group /signal/PM41 (Group) '' table H2
add group /signal/Ar40 (Group) '' table H1
add group /signal/Ar39 (Group) '' table AX
add group /signal/Ar38 (Group) '' table L1
add group /signal/Ar37 (Group) '' table L2
add group /signal/Ar36 (Group) '' table CDD
flush and close file /Users/jan/PychronDev/data/isotopes/1e/aaedae-af0a-42f8-a787-ec765f5aa097.h5
measuring signal. ncounts=120
GetIndicatorState R ===>> False
change switch state (True, True)
update switch state R False args=() kw={} ncanvase=2
14:45:26 -- CLOSE  VALVE-R (Jan Inlet)
---------------------------------------- close None (Jan Inlet) result=[(True, True)]
action=close, ok=True, locked=[False]
is_closed ('F',) {}
is F () closed?
is closed True
open () {'description': 'CO2 Laser to Jan'}
opening name=--- desc=CO2 Laser to Jan
checking ownership. requestor=129.138.12.150
check software interlocks A
interlocks []
actuate state mode=None-script, software_lock=False
doing actuation None-script open_channel False
Open A ===>> OK
GetIndicatorState A ===>> OK
change switch state (True, True)
update switch state A True args=() kw={} ncanvase=2
14:45:26 -- OPEN   VALVE-A (CO2 Laser to Jan)
---------------------------------------- open None (CO2 Laser to Jan) result=[(True, True)], time=0.12 sec
starting measurement
GetData ===>> H2,0.0363936419193808,H1,126.185157482447,AX,30.9824028946128,L1,0.412684991112492,L2,0.184313124...
action=open, ok=True, locked=[False]
sleep (1,) {}
SLEEP 1.0
"signal" increment series count="2" fit count="1" regressing="True"
GetData ===>> H2,0.0681238021677398,H1,126.203611793237,AX,31.0008583484036,L1,0.431874609167976,L2,0.068319052...
close () {'description': 'CO2 Laser to Roughing'}
closing name=--- desc=CO2 Laser to Roughing
checking ownership. requestor=129.138.12.150
check software interlocks G
interlocks []
actuate state mode=None-script, software_lock=True
VALVE-G(CO2 Laser to Roughing) software locked
change switch state (True, False)
---------------------------------------- close None (CO2 Laser to Roughing) result=[(True, False)]
action=close, ok=True, locked=[True]
open () {'description': 'Microbone to Turbo'}
opening name=--- desc=Microbone to Turbo
checking ownership. requestor=129.138.12.150
check software interlocks U
interlocks []
actuate state mode=None-script, software_lock=False
doing actuation None-script open_channel True
Open U ===>> OK
GetIndicatorState U ===>> OK
change switch state (True, True)
update switch state U True args=() kw={} ncanvase=2
14:45:28 -- OPEN   VALVE-U (Microbone to Turbo)
---------------------------------------- open None (Microbone to Turbo) result=[(True, True)], time=0.16 sec
action=open, ok=True, locked=[False]
open () {'description': 'Microbone to Getter NP-10'}
opening name=--- desc=Microbone to Getter NP-10
checking ownership. requestor=129.138.12.150
check software interlocks M
interlocks []
actuate state mode=None-script, software_lock=False
doing actuation None-script open_channel False
Open M ===>> OK
GetIndicatorState M ===>> OK
change switch state (True, True)
update switch state M True args=() kw={} ncanvase=2
14:45:28 -- OPEN   VALVE-M (Microbone to Getter NP-10)
---------------------------------------- open None (Microbone to Getter NP-10) result=[(True, True)], time=0.16 sec
action=open, ok=True, locked=[False]
open () {'description': 'Microbone to Getter D-50'}
opening name=--- desc=Microbone to Getter D-50
checking ownership. requestor=129.138.12.150
check software interlocks K
interlocks []
actuate state mode=None-script, software_lock=False
doing actuation None-script open_channel False
GetData ===>> H2,-0.112705591851003,H1,126.107012990419,AX,31.0502042082966,L1,0.4429335836187,L2,0.08245307853...
Open K ===>> OK
GetIndicatorState K ===>> OK
change switch state (True, True)
update switch state K True args=() kw={} ncanvase=2
14:45:29 -- OPEN   VALVE-K (Microbone to Getter D-50)
---------------------------------------- open None (Microbone to Getter D-50) result=[(True, True)], time=0.43 sec
action=open, ok=True, locked=[False]
open () {'description': 'Microbone to CO2 Laser'}
opening name=--- desc=Microbone to CO2 Laser
checking ownership. requestor=129.138.12.150
check software interlocks T
interlocks []
actuate state mode=None-script, software_lock=False
doing actuation None-script open_channel False
Open T ===>> OK
GetIndicatorState T ===>> OK
change switch state (True, True)
update switch state T True args=() kw={} ncanvase=2
14:45:30 -- OPEN   VALVE-T (Microbone to CO2 Laser)
---------------------------------------- open None (Microbone to CO2 Laser) result=[(True, True)], time=0.40 sec
GetData ===>> H2,-0.0713326365199496,H1,126.315296136631,AX,30.9517374752279,L1,0.447405362330654,L2,0.15622893...
action=open, ok=True, locked=[False]
open () {'description': 'Microbone to Inlet Pipette'}
opening name=--- desc=Microbone to Inlet Pipette
checking ownership. requestor=129.138.12.150
check software interlocks S
interlocks []
actuate state mode=None-script, software_lock=False
doing actuation None-script open_channel False
Open S ===>> OK
GetIndicatorState S ===>> OK
change switch state (True, True)
update switch state S True args=() kw={} ncanvase=2
14:45:30 -- OPEN   VALVE-S (Microbone to Inlet Pipette)
---------------------------------------- open None (Microbone to Inlet Pipette) result=[(True, True)], time=0.44 sec
action=open, ok=True, locked=[False]
sleep (1,) {}
SLEEP 1.0
testing H1>-5.0
evaluate ot="H1.bs>-5.0" t="H1>-5.0", ctx="{'H1': None}"
GetData ===>> H2,-0.100056807947643,H1,126.27071828683,AX,30.8465292871086,L1,0.406807203577315,L2,0.1630381912...
set_resource () {'name': 'CO2PumpTimeFlag', 'value': 30}
Set CO2PumpTimeFlag 30 ===>> OK
release ('JanCO2Flag',) {}
release JanCO2Flag
Set JanCO2Flag 0 ===>> OK
executed snippet estimated_duration=6.0, duration=5.93979692459
PumpMicrobone.py completed successfully
gosub finished
get_resource_value () {'name': 'JanMiniboneFlag'}
Read JanMiniboneFlag ===>> 0
Get Resource Value JanMiniboneFlag=0.0
get resource value 0.0
get_resource_value () {'name': 'JanMiniboneFlag'}
Read JanMiniboneFlag ===>> 0
Get Resource Value JanMiniboneFlag=0.0
executed snippet estimated_duration=4.0, duration=5.95472383499
jan_pump_extraction_line.py completed successfully
Post Equilibration Finished
14:45:32 -- ******* Post Equilibration Finished *******
GetData ===>> H2,-0.0123264658568499,H1,126.213763526146,AX,30.7404827846831,L1,0.396336978503876,L2,0.12390010...
GetData ===>> H2,-0.107735822880811,H1,126.02415088296,AX,30.8237182299268,L1,0.419697189013815,L2,0.2112985927...
GetData ===>> H2,-0.190745483406032,H1,125.886781632518,AX,30.7979169369774,L1,0.402594063258484,L2,0.145029490...
GetData ===>> H2,-0.170961392660924,H1,126.030604139134,AX,30.657572880238,L1,0.394694686350606,L2,0.1861499486...
testing H1>-5.0
evaluate ot="H1.bs>-5.0" t="H1>-5.0", ctx="{'H1': None}"
GetData ===>> H2,-0.26073289233352,H1,126.074675818471,AX,30.7700007538658,L1,0.421132892083534,L2,0.0491592558...
GetData ===>> H2,-0.236305605932757,H1,126.144063750102,AX,30.7150822918987,L1,0.392368759274323,L2,0.151507214...
GetData ===>> H2,-0.163578708655572,H1,126.050781930502,AX,30.9325488528638,L1,0.384007850504032,L2,0.036958289...
GetData ===>> H2,-0.121917182005504,H1,125.954088972118,AX,30.7648274969447,L1,0.416343624712565,L2,0.163540065...
GetData ===>> H2,-0.140329547570288,H1,125.928332810149,AX,30.7895640095609,L1,0.389073476632355,L2,0.138575011...
testing H1>-5.0
evaluate ot="H1.bs>-5.0" t="H1>-5.0", ctx="{'H1': None}"
GetData ===>> H2,-0.195131527702841,H1,125.724405538689,AX,30.6925476734773,L1,0.394446284998557,L2,0.193064026...
GetData ===>> H2,-0.212201544764009,H1,125.715121065894,AX,30.7470521145241,L1,0.429693015135596,L2,0.109045049...
GetData ===>> H2,-0.159275097898393,H1,125.664823181926,AX,30.8786042259871,L1,0.407025066119742,L2,0.185431187...
GetData ===>> H2,-0.0945426895895898,H1,125.61646252497,AX,30.9056606905433,L1,0.410998808122005,L2,0.231865142...
GetData ===>> H2,-0.0798245900799544,H1,125.555807591417,AX,30.7150419995252,L1,0.382680417040966,L2,0.14125482...
testing H1>-5.0
evaluate ot="H1.bs>-5.0" t="H1>-5.0", ctx="{'H1': None}"
GetData ===>> H2,-0.0896438221976524,H1,125.680454645185,AX,30.730488465095,L1,0.372697751111061,L2,0.108497861...
GetData ===>> H2,-0.0980638008429178,H1,125.494272378759,AX,30.6560425613865,L1,0.351577315933178,L2,0.07821363...
GetData ===>> H2,-0.0889825301499943,H1,125.712304750889,AX,30.6853638646177,L1,0.345434461835198,L2,0.14424261...
GetData ===>> H2,-0.177932115676052,H1,125.677502999386,AX,30.6132020708354,L1,0.395299195536021,L2,0.179555798...
GetData ===>> H2,-0.0593397545108744,H1,125.458410210669,AX,30.6620565656582,L1,0.431868480446758,L2,0.27580886...
testing H1>-5.0
evaluate ot="H1.bs>-5.0" t="H1>-5.0", ctx="{'H1': None}"
14:45:52 -- collecting point 25
GetData ===>> H2,-0.147080104787725,H1,125.330800723887,AX,30.7093609190697,L1,0.432921448330509,L2,0.112909649...
GetData ===>> H2,-0.299167786346911,H1,125.397707042963,AX,30.6905066195254,L1,0.39775553313672,L2,0.1051920042...
GetData ===>> H2,-0.234041251284845,H1,125.229118542489,AX,30.6792412040024,L1,0.428485983581988,L2,0.156285957...
GetData ===>> H2,-0.215157562697923,H1,125.399549727086,AX,30.5769673217592,L1,0.421281053405752,L2,0.130627248...
GetData ===>> H2,-0.134750144813114,H1,125.47172176042,AX,30.5343364442754,L1,0.448547221777412,L2,0.1663916737...
testing H1>-5.0
evaluate ot="H1.bs>-5.0" t="H1>-5.0", ctx="{'H1': None}"
GetData ===>> H2,-0.111988159733463,H1,125.151924735668,AX,30.5960006689556,L1,0.430923475327789,L2,0.071957566...
GetData ===>> H2,-0.0570259939956462,H1,125.075255366577,AX,30.5761618029694,L1,0.427469000970269,L2,0.21015740...
GetData ===>> H2,-0.103427335513184,H1,125.291287816672,AX,30.5134027533771,L1,0.4092333269788,L2,0.10919324643...
GetData ===>> H2,-0.103666889171859,H1,125.271408906169,AX,30.4487878267599,L1,0.413463888000067,L2,0.067668925...
GetData ===>> H2,-0.228504250601397,H1,125.065332668884,AX,30.7131079825371,L1,0.402042310238884,L2,0.092277455...
testing H1>-5.0
evaluate ot="H1.bs>-5.0" t="H1>-5.0", ctx="{'H1': None}"
GetData ===>> H2,-0.224326151060875,H1,124.905955880333,AX,30.5784978233316,L1,0.42441988128898,L2,0.0591378380...
GetData ===>> H2,-0.249435572544386,H1,124.960497338225,AX,30.5957055040164,L1,0.43651755162438,L2,0.2472986623...
GetData ===>> H2,-0.184601624890612,H1,124.924244120397,AX,30.48210341106,L1,0.435174842996736,L2,0.07419321146...
GetData ===>> H2,-0.196189265394785,H1,124.980826704307,AX,30.5251439276703,L1,0.401796416556354,L2,0.209415638...
GetData ===>> H2,-0.181482570069218,H1,125.045004657464,AX,30.5811963899251,L1,0.386463932883228,L2,0.090715972...
testing H1>-5.0
evaluate ot="H1.bs>-5.0" t="H1>-5.0", ctx="{'H1': None}"
GetData ===>> H2,-0.101114097110093,H1,124.972338061226,AX,30.3729490499135,L1,0.381145404236402,L2,0.137069788...
GetData ===>> H2,-0.164349594003032,H1,124.828253807748,AX,30.2924249567676,L1,0.418834494333708,L2,0.191569356...
GetData ===>> H2,-0.150989968596252,H1,124.701396882953,AX,30.3621260269047,L1,0.405852579496715,L2,0.123033590...
GetData ===>> H2,-0.149484256677815,H1,124.648652090775,AX,30.3362059676153,L1,0.368962099318763,L2,0.166494333...
GetData ===>> H2,-0.175845316377294,H1,124.783926026106,AX,30.4476747950839,L1,0.398895169784236,L2,0.147823525...
testing H1>-5.0
evaluate ot="H1.bs>-5.0" t="H1>-5.0", ctx="{'H1': None}"
GetData ===>> H2,-0.152356458387596,H1,124.732393646585,AX,30.4216490836033,L1,0.411415123877677,L2,0.199145632...
GetData ===>> H2,-0.12208624387652,H1,124.724532570902,AX,30.4105219451893,L1,0.381503471879186,L2,0.1373890765...
GetData ===>> H2,-0.139045460029761,H1,124.552542745786,AX,30.4866642823982,L1,0.390988868546455,L2,0.128517838...
GetData ===>> H2,-0.174344094870962,H1,124.487318057491,AX,30.4322275881852,L1,0.427723849820161,L2,0.102308021...
GetData ===>> H2,-0.10386177655782,H1,124.643813976636,AX,30.2895300588162,L1,0.394688568018521,L2,0.1602665239...
testing H1>-5.0
evaluate ot="H1.bs>-5.0" t="H1>-5.0", ctx="{'H1': None}"
14:46:18 -- collecting point 50
GetData ===>> H2,-0.142351352872904,H1,124.512952046268,AX,30.4300420868699,L1,0.359166682675327,L2,0.140034643...
GetData ===>> H2,-0.232801920275073,H1,124.579251602427,AX,30.3533959453364,L1,0.375456676853929,L2,0.126647914...
GetData ===>> H2,-0.250573394942478,H1,124.469985970844,AX,30.3049301636149,L1,0.414322457525922,L2,0.163973504...
GetData ===>> H2,-0.141306708367144,H1,124.285100936291,AX,30.2774017824453,L1,0.443884915372724,L2,0.050961025...
GetData ===>> H2,-0.042975381924175,H1,124.249359742104,AX,30.4221585451925,L1,0.404333930928393,L2,0.185157374...
testing H1>-5.0
evaluate ot="H1.bs>-5.0" t="H1>-5.0", ctx="{'H1': None}"
GetData ===>> H2,-0.109891103024633,H1,124.386568407078,AX,30.2542343792634,L1,0.390857984287458,L2,0.079341856...
GetData ===>> H2,-0.170887184859697,H1,124.318142932057,AX,30.146470767587,L1,0.400563366867632,L2,0.1545637572...
GetData ===>> H2,-0.216584793524732,H1,124.204810860409,AX,30.2832714368833,L1,0.390535062038476,L2,0.121460205...
GetData ===>> H2,-0.236691698352498,H1,124.117831474845,AX,30.2792510925747,L1,0.379679013041043,L2,0.225085225...
GetData ===>> H2,-0.222553728610079,H1,124.157391647428,AX,30.2169563966418,L1,0.383446787233713,L2,0.054986621...
testing H1>-5.0
evaluate ot="H1.bs>-5.0" t="H1>-5.0", ctx="{'H1': None}"
GetData ===>> H2,-0.20668741549332,H1,124.253901858414,AX,30.2470935104174,L1,0.424121020662686,L2,0.1277995099...
GetData ===>> H2,-0.194388958126093,H1,124.295501962321,AX,30.3473483136292,L1,0.412779288380928,L2,0.215863483...
GetData ===>> H2,-0.187366504196648,H1,124.223005114705,AX,30.2089407848507,L1,0.3767648894577,L2,0.17479870915...
GetData ===>> H2,-0.195101879760787,H1,124.119029540606,AX,30.2448160303536,L1,0.377191622923686,L2,0.134435706...
GetData ===>> H2,-0.0970346657712196,H1,123.982835782205,AX,30.1268471795701,L1,0.404839306373444,L2,0.13092371...
testing H1>-5.0
evaluate ot="H1.bs>-5.0" t="H1>-5.0", ctx="{'H1': None}"
GetData ===>> H2,-0.194440171385526,H1,124.073972903059,AX,30.0663236313097,L1,0.425329989893914,L2,0.105203403...
GetData ===>> H2,-0.244195536742786,H1,123.944183384572,AX,30.1448364540618,L1,0.418052739811365,L2,0.146055860...
GetData ===>> H2,-0.175465979731299,H1,123.745866576941,AX,30.212854691131,L1,0.385859943743456,L2,0.2407573773...
GetData ===>> H2,-0.12680137927239,H1,123.913457345656,AX,30.2422036835436,L1,0.396660083291109,L2,0.1993738432...
GetData ===>> H2,-0.120314350387435,H1,124.007198675185,AX,30.0715311240352,L1,0.393386669881378,L2,0.181255631...
testing H1>-5.0
evaluate ot="H1.bs>-5.0" t="H1>-5.0", ctx="{'H1': None}"
GetData ===>> H2,-0.187146687285628,H1,123.89248741699,AX,30.042150103252,L1,0.388402073264422,L2,0.07383961113...
GetData ===>> H2,-0.188708238798235,H1,123.776154191865,AX,30.2067560265519,L1,0.400072886384884,L2,0.135165488...
GetData ===>> H2,-0.156370891439905,H1,123.747989807031,AX,30.1481854827294,L1,0.402628319412052,L2,0.093451433...
GetData ===>> H2,-0.175942510910768,H1,123.70817422504,AX,30.1374823372233,L1,0.408738752814494,L2,0.1357812462...
GetData ===>> H2,-0.138933264423734,H1,123.777621422186,AX,30.1179540671271,L1,0.414192626432576,L2,0.105203403...
testing H1>-5.0
evaluate ot="H1.bs>-5.0" t="H1>-5.0", ctx="{'H1': None}"
14:46:44 -- collecting point 75
GetData ===>> H2,-0.206944792359897,H1,123.822243154354,AX,30.0836605645351,L1,0.413417348477463,L2,0.158555658...
GetData ===>> H2,-0.161554716271117,H1,123.747873993763,AX,30.0422705564459,L1,0.381166179150669,L2,0.137799590...
GetData ===>> H2,-0.0370772999103802,H1,123.565268035586,AX,30.1035578239365,L1,0.388395958681449,L2,0.12541652...
GetData ===>> H2,-0.110807682221509,H1,123.339603335108,AX,30.1228559065342,L1,0.385032267369836,L2,0.193406320...
GetData ===>> H2,-0.278918076646399,H1,123.314681033553,AX,30.1284678376018,L1,0.395222100279317,L2,0.179658472...
testing H1>-5.0
evaluate ot="H1.bs>-5.0" t="H1>-5.0", ctx="{'H1': None}"
GetData ===>> H2,-0.283980778050145,H1,123.342089993485,AX,30.089980173661,L1,0.419758462696412,L2,0.2251879483...
GetData ===>> H2,-0.152253748080583,H1,123.369580717484,AX,30.1557948467386,L1,0.413457764366629,L2,0.111416231...
GetData ===>> H2,-0.124112085472793,H1,123.458678131088,AX,30.0087142319112,L1,0.424973531301549,L2,0.083011513...
GetData ===>> H2,-0.113881811725827,H1,123.53382544815,AX,30.0970499880515,L1,0.41625909521219,L2,0.14769807695...
GetData ===>> H2,-0.255696209579213,H1,123.315278507073,AX,30.1164540934131,L1,0.42161656710195,L2,0.0413367752...
testing H1>-5.0
evaluate ot="H1.bs>-5.0" t="H1>-5.0", ctx="{'H1': None}"
GetData ===>> H2,-0.201000722524538,H1,122.990548535516,AX,29.944938949447,L1,0.441174587075902,L2,0.0310408113...
GetData ===>> H2,-0.232115587278779,H1,123.147119316886,AX,29.9680405891061,L1,0.439026863185228,L2,0.196703815...
GetData ===>> H2,-0.155985859369857,H1,123.113968173781,AX,30.1524321945507,L1,0.408391096116623,L2,0.166391673...
GetData ===>> H2,-0.179728398790082,H1,123.119650193779,AX,29.9326806811122,L1,0.395452164028901,L2,0.214482580...
GetData ===>> H2,-0.211565798932257,H1,123.098309945456,AX,29.97791979728,L1,0.356072366160343,L2,0.12447018239...
testing H1>-5.0
evaluate ot="H1.bs>-5.0" t="H1>-5.0", ctx="{'H1': None}"
GetData ===>> H2,-0.175795368862013,H1,123.153900632188,AX,30.0023136501489,L1,0.392880148863286,L2,0.153993499...
GetData ===>> H2,-0.132474063783164,H1,123.006571485589,AX,29.9888441609649,L1,0.386004213221835,L2,0.060415171...
GetData ===>> H2,-0.21517372103643,H1,123.084879541813,AX,29.8917536458579,L1,0.401132166039206,L2,0.1646122602...
GetData ===>> H2,-0.141299950974353,H1,123.106013681292,AX,29.9873446755945,L1,0.423567416550046,L2,0.083604142...
GetData ===>> H2,-0.136075281737428,H1,123.002257458128,AX,29.8195118077691,L1,0.436989687165754,L2,0.175197976...
testing H1>-5.0
evaluate ot="H1.bs>-5.0" t="H1>-5.0", ctx="{'H1': None}"
GetData ===>> H2,-0.177701317849627,H1,122.894170256585,AX,29.8444801686847,L1,0.442500854844035,L2,0.174570557...
GetData ===>> H2,-0.142917555934036,H1,122.61633897813,AX,29.9654303743405,L1,0.380766574941267,L2,0.1522257211...
GetData ===>> H2,-0.0895516772517111,H1,122.657431292976,AX,29.8062805603565,L1,0.382770862856848,L2,0.04174726...
GetData ===>> H2,-0.0533794427056004,H1,122.695416358429,AX,29.8185618886988,L1,0.392374876224147,L2,0.21791775...
GetData ===>> H2,-0.0395395029232289,H1,122.790753281432,AX,29.7061937072574,L1,0.411525327930426,L2,0.18045704...
testing H1>-5.0
evaluate ot="H1.bs>-5.0" t="H1>-5.0", ctx="{'H1': None}"
14:47:11 -- collecting point 100
GetData ===>> H2,-0.0961043016265642,H1,122.849114514201,AX,29.7521811222818,L1,0.435554952770921,L2,0.14705943...
GetData ===>> H2,-0.245890910744119,H1,122.752498851513,AX,29.8798890665797,L1,0.451252131038047,L2,0.076041079...
GetData ===>> H2,-0.206423294923103,H1,122.661240941876,AX,29.7991906449175,L1,0.451005531638011,L2,0.127389038...
GetData ===>> H2,-0.25763985033387,H1,122.589065305919,AX,29.6484577352341,L1,0.40684881741386,L2,0.13185870982...
GetData ===>> H2,-0.234438185236934,H1,122.615050202996,AX,29.8027087922616,L1,0.416034911643166,L2,0.156479848...
testing H1>-5.0
evaluate ot="H1.bs>-5.0" t="H1>-5.0", ctx="{'H1': None}"
GetData ===>> H2,-0.195442011430315,H1,122.658489519763,AX,29.8706871896779,L1,0.419263381787146,L2,0.228064221...
GetData ===>> H2,-0.176817224176859,H1,122.507769947696,AX,29.8096785276362,L1,0.379312103426491,L2,0.090180287...
GetData ===>> H2,-0.151805535325408,H1,122.435120439362,AX,29.9261907641631,L1,0.335895438303091,L2,0.063517338...
GetData ===>> H2,-0.159822086062107,H1,122.526995455516,AX,29.7829791627048,L1,0.366693510873922,L2,0.193132485...
GetData ===>> H2,-0.137060920964102,H1,122.473748675267,AX,29.780879331773,L1,0.413349989015383,L2,0.1064003389...
testing H1>-5.0
evaluate ot="H1.bs>-5.0" t="H1>-5.0", ctx="{'H1': None}"
GetData ===>> H2,-0.298315804595715,H1,122.274452695682,AX,29.8611517379549,L1,0.416243169442122,L2,0.166802312...
GetData ===>> H2,-0.306445451797549,H1,122.27053237196,AX,29.7330218650494,L1,0.37850494845865,L2,0.14686556115...
GetData ===>> H2,-0.207443359155905,H1,122.219000508248,AX,29.6701388555339,L1,0.400092475328805,L2,0.081826267...
GetData ===>> H2,-0.176952204774563,H1,122.36988299216,AX,29.7505632218396,L1,0.417365384092762,L2,0.1066397278...
GetData ===>> H2,-0.178416640838337,H1,122.209260877127,AX,29.787406323528,L1,0.379144552399932,L2,0.1622283542...
testing H1>-5.0
evaluate ot="H1.bs>-5.0" t="H1>-5.0", ctx="{'H1': None}"
GetData ===>> H2,-0.212065508937411,H1,122.050029793827,AX,29.7852261590626,L1,0.414062796979332,L2,0.114129482...
GetData ===>> H2,-0.222552381678807,H1,121.981991837739,AX,29.8045949927107,L1,0.362931961044108,L2,0.230107340...
GetData ===>> H2,-0.203974495763519,H1,121.930697163709,AX,29.6880712881443,L1,0.407202541830182,L2,0.166174948...
GetData ===>> H2,-0.15996254296024,H1,122.106109750952,AX,29.6349282729713,L1,0.415444462472936,L2,0.2048168221...
GetData ===>> H2,-0.244425638145211,H1,122.09792700691,AX,29.6156529452964,L1,0.413639025460839,L2,0.0753224599...
testing H1>-5.0
evaluate ot="H1.bs>-5.0" t="H1>-5.0", ctx="{'H1': None}"
GetData ===>> H2,-0.178803976126267,H1,121.966733318087,AX,29.6031297679452,L1,0.413910923096635,L2,0.127218009...
measurement finished
estimated time: 125.829 actual time: :126.156
flush and close file /Users/jan/PychronDev/data/isotopes/1e/aaedae-af0a-42f8-a787-ec765f5aa097.h5
baselines () {'settling_time': 15.0, 'detector': 'H1', 'mass': 34.2, 'ncounts': 60}
%%%%%%%%%%%%%%%%%%%%%%%%%%%%%%%% Baseline
build tables- baseline [Detector(H2), Detector(H1), Detector(AX), Detector(L1), Detector(L2), Detector(CDD)]
add group baseline table H2
add group baseline table H1
add group baseline table AX
add group baseline table L1
add group baseline table L2
add group baseline table CDD
flush and close file /Users/jan/PychronDev/data/isotopes/1e/aaedae-af0a-42f8-a787-ec765f5aa097.h5
detector Detector(H1)
POSITION 34.2 H1
Mapping mass to dac mass func: "parabolic"
H1 map mass coeffs = [-0.00063987  0.15840543  0.57081999]
H1 map mass to dac 34.2 >> 5.23986599104
GetDeflection H1 ===>> 0
GetHighVoltage ===>> 4499.94659342336
positioning 34.2 (5.23983513396) on H1
setting magnet DAC
current  : 5.879175
requested: 5.239835
Delta Dac: 0.639340
Checking detector protection. dv=0.63934
Checking detector "CDD". Protection Threshold: 0.1 (V)
ProtectDetector CDD,On ===>> OK
GetDeflection CDD ===>> 2000
Protected = 2000
SetMagnetDAC 5.23983513396 ===>> OK
Magnet settling time: 0.500
GetMagnetMoving ===>> True
GetMagnetMoving ===>> True
GetMagnetMoving ===>> True
GetMagnetMoving ===>> True
GetMagnetMoving ===>> True
GetMagnetMoving ===>> True
GetMagnetMoving ===>> True
GetMagnetMoving ===>> True
GetMagnetMoving ===>> False
ProtectDetector CDD,Off ===>> OK
GetDeflection CDD ===>> 50
Delaying 15.0s for detectors to settle
set states for children of V. state=True
handle state [('V', True)]
update switch state V True args=() kw={'refresh': False} ncanvase=2
refresh_canvas_needed fired
Join finished
measuring baseline. ncounts=60
"baseline" increment series count="2" fit count="1" regressing="True"
starting measurement
GetData ===>> H2,-0.136195618138905,H1,-0.0597707953590152,AX,-0.0554587237588364,L1,-0.0257410886344732,L2,-0....
GetData ===>> H2,-0.0933980935119343,H1,-0.0765071279401617,AX,-0.108638249383204,L1,-0.0157329620691051,L2,-0....
GetData ===>> H2,-0.117067415713599,H1,-0.0241431266908563,AX,0.0199325860711861,L1,-0.0412038421365959,L2,0.02...
GetData ===>> H2,-0.125773871139548,H1,-0.0906783717914415,AX,0.036213175179883,L1,-0.0727865554967441,L2,0.040...
testing H1>-5.0
evaluate ot="H1.bs>-5.0" t="H1>-5.0", ctx="{'H1': None}"
GetData ===>> H2,-0.160649946325163,H1,0.0327825283071849,AX,0.0694959099985528,L1,-0.048439546950926,L2,-0.085...
GetData ===>> H2,-0.286026685625103,H1,-0.0356030744774525,AX,-0.0673883953065871,L1,-0.0527337308636882,L2,0.0...
GetData ===>> H2,-0.198182600431349,H1,-0.0952189429190618,AX,-0.122195073683342,L1,-0.0385999166082971,L2,-0.0...
GetData ===>> H2,-0.0979974515239358,H1,-0.0491839773791412,AX,-0.154802948512845,L1,-0.0370688671837571,L2,0.0...
GetData ===>> H2,-0.230806055909221,H1,-0.0750887011976563,AX,-0.113377559152836,L1,-0.00598821474028848,L2,0.0...
testing H1>-5.0
evaluate ot="H1.bs>-5.0" t="H1>-5.0", ctx="{'H1': None}"
GetData ===>> H2,-0.270325025082036,H1,-0.0790697807389272,AX,-0.0800700379687283,L1,-0.00260760703979592,L2,0....
GetData ===>> H2,-0.270105982588842,H1,-0.0350664776934682,AX,-0.0585195369890745,L1,0.0208088058411032,L2,-0.1...
GetData ===>> H2,-0.160970000070305,H1,0.0319591898662488,AX,-0.105219777497454,L1,0.00461087317056038,L2,0.022...
GetData ===>> H2,-0.181729481591152,H1,-0.0351499484932958,AX,-0.165456661850768,L1,-0.0471649373953863,L2,-0.0...
GetData ===>> H2,-0.224215719484525,H1,-0.0368431982593396,AX,-0.0697185102669692,L1,-0.0419056128033908,L2,0.0...
testing H1>-5.0
evaluate ot="H1.bs>-5.0" t="H1>-5.0", ctx="{'H1': None}"
GetData ===>> H2,-0.253347533090724,H1,-0.0355196040555892,AX,-0.0587746004125869,L1,0.00174758773596401,L2,0.0...
GetData ===>> H2,-0.266205507674807,H1,-0.00999823940042151,AX,-0.0194869553929596,L1,-0.0292514040491426,L2,-0...
GetData ===>> H2,-0.23821441503629,H1,-0.0988417180184829,AX,-0.0860509338538879,L1,-0.0739612861062417,L2,-0.0...
GetData ===>> H2,-0.180430099913828,H1,-0.0225212174722376,AX,-0.00586941308297857,L1,-0.0443362824838389,L2,-0...
GetData ===>> H2,-0.289568196471628,H1,-0.104227970065884,AX,-0.0560384306244103,L1,-0.0243438099433484,L2,-0.0...
testing H1>-5.0
evaluate ot="H1.bs>-5.0" t="H1>-5.0", ctx="{'H1': None}"
GetData ===>> H2,-0.285970270303771,H1,-0.0307139752476314,AX,-0.0949984094740852,L1,-0.0336884620780586,L2,0.0...
GetData ===>> H2,-0.206451593850661,H1,-0.107111640695589,AX,-0.083327121821793,L1,-0.00909550096512059,L2,0.00...
GetData ===>> H2,-0.142174324158485,H1,0.0020610802188294,AX,-0.221546194544495,L1,-0.0160736034210955,L2,0.086...
GetData ===>> H2,-0.113015562650329,H1,-0.0274584181757963,AX,-0.00909418214275512,L1,0.0124200758926646,L2,0.0...
GetData ===>> H2,-0.235754022437999,H1,-0.0334685946754785,AX,-0.124280571286073,L1,-0.0310815534942005,L2,0.03...
testing H1>-5.0
evaluate ot="H1.bs>-5.0" t="H1>-5.0", ctx="{'H1': None}"
14:48:16 -- collecting point 25
GetData ===>> H2,-0.247501280269359,H1,-0.0624769305765714,AX,-0.0760825697920219,L1,-0.0230422248152266,L2,-0....
GetData ===>> H2,-0.148723897459694,H1,-0.0235110622531785,AX,-0.0886471773212472,L1,-0.0276761068787462,L2,-0....
GetData ===>> H2,-0.304399952700535,H1,0.0019656496327737,AX,-0.0251120449980746,L1,-0.0433149938896658,L2,-0.0...
GetData ===>> H2,-0.212165178911237,H1,-0.0393233997243002,AX,-0.00987135870910241,L1,-0.00385777238814917,L2,0...
GetData ===>> H2,-0.206841033804227,H1,-0.0543940716871248,AX,-0.120885821788368,L1,-0.0442608567473273,L2,-0.0...
testing H1>-5.0
evaluate ot="H1.bs>-5.0" t="H1>-5.0", ctx="{'H1': None}"
GetData ===>> H2,-0.238453594138967,H1,0.00653449102763233,AX,-0.105625365187963,L1,0.0116926210971308,L2,-0.11...
GetData ===>> H2,-0.284620248024927,H1,-0.109995228210668,AX,-0.178056446464137,L1,0.0141056680218725,L2,0.0325...
GetData ===>> H2,-0.239697525635841,H1,-0.0685922881863419,AX,-0.0496614651584761,L1,-0.00329029814320481,L2,-0...
GetData ===>> H2,-0.170301600792678,H1,-0.0370459093393947,AX,-0.0661943346743614,L1,-0.0304839169725735,L2,0.1...
GetData ===>> H2,-0.206680677800338,H1,-0.0663273844988542,AX,-0.119136262989263,L1,-0.017376090406962,L2,-0.00...
testing H1>-5.0
evaluate ot="H1.bs>-5.0" t="H1>-5.0", ctx="{'H1': None}"
GetData ===>> H2,-0.0782662866735736,H1,-0.104120724513845,AX,-0.0725354404175316,L1,-0.0349899565489573,L2,-0....
GetData ===>> H2,-0.140987755037842,H1,-0.0470020952920923,AX,-0.0930281810843492,L1,-0.0268745872151781,L2,-0....
GetData ===>> H2,-0.283548174846418,H1,-0.112306804464368,AX,-0.0994138940764999,L1,-0.0637182643042201,L2,-0.0...
GetData ===>> H2,-0.305136858382737,H1,0.024239229827905,AX,-0.0841616595679576,L1,-0.0771339103837914,L2,0.000...
GetData ===>> H2,-0.297898511282081,H1,0.0357418296218938,AX,-0.167415705173598,L1,-0.0492437244220931,L2,-0.05...
testing H1>-5.0
evaluate ot="H1.bs>-5.0" t="H1>-5.0", ctx="{'H1': None}"
GetData ===>> H2,-0.15631820361327,H1,-0.00492896947796846,AX,-0.0781922390100641,L1,-0.0344434971543051,L2,-0....
GetData ===>> H2,-0.224180704369135,H1,-0.0474193988238224,AX,-0.140286980006349,L1,-0.0267236212057837,L2,-0.0...
GetData ===>> H2,-0.281169697553635,H1,-0.0762329798011717,AX,-0.092889104631625,L1,-0.036662704606851,L2,-0.05...
GetData ===>> H2,-0.227028694833003,H1,0.060672642222648,AX,-0.0838255271699634,L1,-0.0166289200562228,L2,-0.07...
GetData ===>> H2,-0.262790476846045,H1,-0.0453447869451782,AX,-0.0440261987952212,L1,-0.0286524608174679,L2,-0....
testing H1>-5.0
evaluate ot="H1.bs>-5.0" t="H1>-5.0", ctx="{'H1': None}"
GetData ===>> H2,-0.329222015985914,H1,-0.056599636298915,AX,-0.0320588719326918,L1,-0.0289974564751719,L2,-0.0...
GetData ===>> H2,-0.319307202431164,H1,-0.169931132998591,AX,-0.0224329191548767,L1,0.0119999223266878,L2,-0.05...
GetData ===>> H2,-0.221785951754229,H1,0.00927828189929443,AX,-0.101754830874408,L1,0.0122844243977663,L2,-7.97...
GetData ===>> H2,-0.13581026673449,H1,0.0366606627452139,AX,-0.122160315011139,L1,-0.0326730814993521,L2,-0.016...
GetData ===>> H2,-0.146191249918914,H1,0.0426631177628202,AX,-0.0600499075020099,L1,-0.0687262653053909,L2,-0.0...
testing H1>-5.0
evaluate ot="H1.bs>-5.0" t="H1>-5.0", ctx="{'H1': None}"
14:48:42 -- collecting point 50
GetData ===>> H2,-0.236171075856754,H1,0.0802565840675175,AX,0.015894771525657,L1,-0.056023221965256,L2,-0.0294...
GetData ===>> H2,-0.25985191370245,H1,0.00609310560524281,AX,-0.126447124222509,L1,-0.00683258965201005,L2,-0.0...
GetData ===>> H2,-0.164622293949547,H1,-0.0449632444464275,AX,-0.0900264034857841,L1,0.0129242832979431,L2,-0.0...
GetData ===>> H2,-0.217736076074038,H1,0.02081495592281,AX,-0.0392719137268711,L1,-0.0259951184508791,L2,-0.052...
GetData ===>> H2,-0.228438285525792,H1,0.0531414264567821,AX,-0.178149171118783,L1,-0.0061525375672724,L2,-0.06...
testing H1>-5.0
evaluate ot="H1.bs>-5.0" t="H1>-5.0", ctx="{'H1': None}"
GetData ===>> H2,-0.0888348182689037,H1,0.0135492016753116,AX,-0.00521980638716271,L1,-0.0272699636428761,L2,0....
GetData ===>> H2,-0.158953645624684,H1,-0.0685326861145306,AX,-0.0044309924282569,L1,-0.0752350006365323,L2,-0....
GetData ===>> H2,-0.180933408745067,H1,-0.0374632543878704,AX,-0.0473076795924041,L1,-0.042321143323218,L2,-0.0...
GetData ===>> H2,-0.162672750086432,H1,-0.00179185737876324,AX,-0.0782965621251781,L1,-0.0128431156946746,L2,0....
GetData ===>> H2,-0.0916315320532182,H1,-0.0312028959182474,AX,-0.0733121105203691,L1,-0.00531530277516245,L2,0...
testing H1>-5.0
evaluate ot="H1.bs>-5.0" t="H1>-5.0", ctx="{'H1': None}"
GetData ===>> H2,-0.181912975190752,H1,-0.0505073908773966,AX,-0.110434347491975,L1,-0.0246278351385748,L2,-0.0...
measurement finished
estimated time: 62.915 actual time: :63.070
flush and close file /Users/jan/PychronDev/data/isotopes/1e/aaedae-af0a-42f8-a787-ec765f5aa097.h5
activate_detectors ('H1', 'AX', 'CDD') {'peak_center': True}
peak_center () {'detector': 'H1', 'integration_time': 0.262144, 'isotope': 'Ar40'}
peak center: mean=122.120216562 threshold=3
peak center started
setup peak center. detector=['H1', 'AX', 'CDD'], isotope=Ar40
VersionedUnpickler [<apptools.sweet_pickle.versioned_unpickler.VersionedUnpickler object at 0x199d61650>] using Updater [<apptools.sweet_pickle.updater.Updater object at 0x135230b30>]
VersionedUnpickler [<apptools.sweet_pickle.versioned_unpickler.VersionedUnpickler object at 0x199d61650>] using Updater [<apptools.sweet_pickle.updater.Updater object at 0x135230b30>]
VersionedUnpickler [<apptools.sweet_pickle.versioned_unpickler.VersionedUnpickler object at 0x19136f470>] using Updater [<apptools.sweet_pickle.updater.Updater object at 0x135230b30>]
setting integration time = 0.524288
SetIntegrationTime 0.524288 ===>> OK
Mapping mass to dac mass func: "parabolic"
H1 map mass coeffs = [-0.00063987  0.15840543  0.57081999]
H1 map mass to dac 39.9624 >> 5.87921
GetDeflection H1 ===>> 0
GetHighVoltage ===>> 4499.94659342336
do peak center. <pychron.spectrometer.jobs.peak_center.PeakCenter object at 0x1352309b0>
doing pc
starting peak center. center dac= 5.87917537788 step_width=0.001
width = 0.001
get scan parameters. half-width=0.015,window=0.015, i=0, scalar=1
Scan parameters center=5.87918 width=0.03000 (5.86418 - 5.89418)
GetData ===>> H2,-0.240265595960946,H1,-0.143251300014291,AX,-0.0505658602360108,L1,-0.0294526409681431,L2,-0.0...
Moving to starting dac 5.86417537788
setting magnet DAC
current  : 5.239835
requested: 5.864175
Delta Dac: 0.624340
Checking detector protection. dv=0.62434
Checking detector "CDD". Protection Threshold: 0.1 (V)
ProtectDetector CDD,On ===>> OK
GetDeflection CDD ===>> 2000
Protected = 2000
SetMagnetDAC 5.86417537788 ===>> OK
Magnet settling time: 0.500
GetMagnetMoving ===>> True
GetMagnetMoving ===>> True
GetMagnetMoving ===>> True
GetMagnetMoving ===>> True
GetMagnetMoving ===>> True
GetMagnetMoving ===>> True
GetMagnetMoving ===>> True
GetMagnetMoving ===>> True
GetMagnetMoving ===>> False
ProtectDetector CDD,Off ===>> OK
GetDeflection CDD ===>> 50
Wait until signal near baseline. tol= -0.107438475011. timeout= 10
GetData ===>> H2,0.721075651280541,H1,0.428824516766091,AX,-0.16177713976292,L1,-0.00718998838062791,L2,0.03320...
GetData ===>> H2,9.17850187790681,H1,4.79887176794265,AX,0.232887849850007,L1,0.0140168192324093,L2,0.025714818...
GetData ===>> H2,8.94121865901168,H1,4.34868470577203,AX,0.564817251402964,L1,0.0173015285687536,L2,-0.06788669...
GetData ===>> H2,4.55361558132823,H1,2.0685696164801,AX,0.261838726531214,L1,-0.0364973593884524,L2,-0.12623174...
GetData ===>> H2,1.82331648519094,H1,1.06512570672395,AX,0.0453584207721137,L1,-0.0438777331533545,L2,-0.210437...
GetData ===>> H2,0.606209567936236,H1,0.452693457234443,AX,0.0349830427162225,L1,-0.0267675486484477,L2,-0.1719...
GetData ===>> H2,0.0680808155892544,H1,0.261017465904545,AX,0.0246551851083164,L1,-0.0345154014033675,L2,-0.055...
GetData ===>> H2,-0.0860258766109901,H1,0.14205263239957,AX,-0.000823247110792912,L1,-0.0215929045664587,L2,0.0...
GetData ===>> H2,-0.175928162245552,H1,0.135471459039027,AX,-0.0230012247387588,L1,-0.00505260300999066,L2,0.01...
GetData ===>> H2,-0.18801628231018,H1,0.142243397495956,AX,-0.109901315384426,L1,-0.023872853727242,L2,-0.00088...
GetData ===>> H2,-0.12320739848903,H1,0.113084400213937,AX,-0.0690809221661646,L1,-0.0134244344084579,L2,0.0220...
GetData ===>> H2,-0.117850823692823,H1,0.124813736721907,AX,-0.0752943299947092,L1,-0.0361786428153112,L2,-0.01...
GetData ===>> H2,-0.196792158164142,H1,-0.0110120625781416,AX,0.0766737764066652,L1,-0.0619763270013733,L2,0.01...
GetData ===>> H2,-0.203803316063209,H1,0.043009194729904,AX,0.0350294625270028,L1,-0.0549943493753026,L2,0.0395...
GetData ===>> H2,-0.154202382354383,H1,0.0547049127723966,AX,0.0103836570310014,L1,-0.0405151970022542,L2,0.039...
GetData ===>> H2,-0.160448726473663,H1,0.039429145993153,AX,-0.125033656655,L1,-0.0230442765200325,L2,0.0358067...
GetData ===>> H2,-0.138411162306281,H1,0.0219603446106166,AX,-0.12994594739856,L1,-0.0253502338918162,L2,-0.052...
GetData ===>> H2,-0.134891107368485,H1,0.117423141041928,AX,-0.140696510642039,L1,-0.0214635642303526,L2,-0.063...
GetData ===>> H2,-0.215370312305151,H1,0.116183481626675,AX,-0.180977384859526,L1,-0.00588026397810763,L2,0.037...
GetData ===>> H2,-0.239884642003233,H1,0.000725060292628044,AX,-0.113678827763623,L1,-0.0149680621534904,L2,0.0...
GetData ===>> H2,-0.239884642003233,H1,0.000725060292628044,AX,-0.113678827763623,L1,-0.0149680621534904,L2,0.0...
Peak center failed to move to a baseline position
_do_sweep sm= 5.86417537788, em= 5.89417537788, stm= 0.001
calculated step values: start=5.86417537788, end=5.89417537788, width=0.001, nsteps=31.0
setting magnet DAC
current  : 5.864175
requested: 5.864175
Delta Dac: 0.000000
Checking detector protection. dv=0.00000
Checking detector "CDD". Protection Threshold: 0.1 (V)
SetMagnetDAC 5.86417537788 ===>> OK
GetData ===>> H2,-0.171379645721402,H1,0.0751641781597147,AX,-0.104848952986465,L1,-0.039116203853508,L2,-0.003...
setting magnet DAC
current  : 5.864175
requested: 5.865210
Delta Dac: 0.001034
Checking detector protection. dv=0.00103
Checking detector "CDD". Protection Threshold: 0.1 (V)
SetMagnetDAC 5.86520986064 ===>> OK
Magnet settling time: 1.049
GetData ===>> H2,-0.132848272343734,H1,0.266962253805114,AX,-0.079235465127784,L1,-0.0363919204377119,L2,-0.063...
setting magnet DAC
current  : 5.865210
requested: 5.866244
Delta Dac: 0.001034
Checking detector protection. dv=0.00103
Checking detector "CDD". Protection Threshold: 0.1 (V)
SetMagnetDAC 5.8662443434 ===>> OK
Magnet settling time: 1.049
GetData ===>> H2,-0.0605957824001041,H1,0.617942530630011,AX,0.0132609999905079,L1,-0.0384142383772859,L2,-0.05...
setting magnet DAC
current  : 5.866244
requested: 5.867279
Delta Dac: 0.001034
Checking detector protection. dv=0.00103
Checking detector "CDD". Protection Threshold: 0.1 (V)
SetMagnetDAC 5.86727882616 ===>> OK
Magnet settling time: 1.049
GetData ===>> H2,-0.0198327862691721,H1,2.4159885485785,AX,0.421606159180101,L1,-0.0120795594805271,L2,0.002801...
setting magnet DAC
current  : 5.867279
requested: 5.868313
Delta Dac: 0.001034
Checking detector protection. dv=0.00103
Checking detector "CDD". Protection Threshold: 0.1 (V)
SetMagnetDAC 5.86831330892 ===>> OK
Magnet settling time: 1.049
set states for children of B. state=False
set states for children of D. state=False
handle state [('B', False), ('D', False)]
update switch state B False args=() kw={'refresh': True} ncanvase=2
update switch state D False args=() kw={'refresh': False} ncanvase=2
refresh_canvas_needed fired
GetData ===>> H2,-0.127839608792053,H1,8.51899313081706,AX,1.31612080219434,L1,0.00973798598677915,L2,-0.062447...
setting magnet DAC
current  : 5.868313
requested: 5.869348
Delta Dac: 0.001034
Checking detector protection. dv=0.00103
Checking detector "CDD". Protection Threshold: 0.1 (V)
SetMagnetDAC 5.86934779168 ===>> OK
Magnet settling time: 1.049
GetData ===>> H2,-0.207156349063181,H1,24.0620127849371,AX,3.87612019518393,L1,0.0526432892965562,L2,-0.0841796...
setting magnet DAC
current  : 5.869348
requested: 5.870382
Delta Dac: 0.001034
Checking detector protection. dv=0.00103
Checking detector "CDD". Protection Threshold: 0.1 (V)
SetMagnetDAC 5.87038227444 ===>> OK
Magnet settling time: 1.049
GetData ===>> H2,-0.127542209000735,H1,51.315733607206,AX,9.36177671322034,L1,0.0655172082689179,L2,-0.05557413...
setting magnet DAC
current  : 5.870382
requested: 5.871417
Delta Dac: 0.001034
Checking detector protection. dv=0.00103
Checking detector "CDD". Protection Threshold: 0.1 (V)
SetMagnetDAC 5.87141675719 ===>> OK
Magnet settling time: 1.049
GetData ===>> H2,-0.155042813301472,H1,80.6094083534846,AX,16.394159027739,L1,0.118392502051955,L2,0.0515049084...
setting magnet DAC
current  : 5.871417
requested: 5.872451
Delta Dac: 0.001034
Checking detector protection. dv=0.00103
Checking detector "CDD". Protection Threshold: 0.1 (V)
SetMagnetDAC 5.87245123995 ===>> OK
Magnet settling time: 1.049
GetData ===>> H2,-0.274959213310983,H1,101.898022130492,AX,22.3696774127257,L1,0.174831145529391,L2,0.076868905...
setting magnet DAC
current  : 5.872451
requested: 5.873486
Delta Dac: 0.001034
Checking detector protection. dv=0.00103
Checking detector "CDD". Protection Threshold: 0.1 (V)
SetMagnetDAC 5.87348572271 ===>> OK
Magnet settling time: 1.049
GetData ===>> H2,-0.203247975106388,H1,112.581014192439,AX,26.0782787988966,L1,0.244042996020978,L2,0.093508422...
setting magnet DAC
current  : 5.873486
requested: 5.874520
Delta Dac: 0.001034
Checking detector protection. dv=0.00103
Checking detector "CDD". Protection Threshold: 0.1 (V)
SetMagnetDAC 5.87452020547 ===>> OK
Magnet settling time: 1.049
GetData ===>> H2,-0.169007541546399,H1,116.469822409106,AX,27.8644828602715,L1,0.326528626262855,L2,0.010795282...
setting magnet DAC
current  : 5.874520
requested: 5.875555
Delta Dac: 0.001034
Checking detector protection. dv=0.00103
Checking detector "CDD". Protection Threshold: 0.1 (V)
SetMagnetDAC 5.87555468823 ===>> OK
Magnet settling time: 1.049
GetData ===>> H2,-0.113791129372322,H1,117.428652354153,AX,28.3127296739729,L1,0.267320871913186,L2,0.147367350...
setting magnet DAC
current  : 5.875555
requested: 5.876589
Delta Dac: 0.001034
Checking detector protection. dv=0.00103
Checking detector "CDD". Protection Threshold: 0.1 (V)
SetMagnetDAC 5.87658917099 ===>> OK
Magnet settling time: 1.049
GetData ===>> H2,-0.0707210796400401,H1,117.731084434719,AX,28.2538492334673,L1,0.322510350251778,L2,0.09277895...
setting magnet DAC
current  : 5.876589
requested: 5.877624
Delta Dac: 0.001034
Checking detector protection. dv=0.00103
Checking detector "CDD". Protection Threshold: 0.1 (V)
SetMagnetDAC 5.87762365375 ===>> OK
Magnet settling time: 1.049
GetData ===>> H2,-0.212870924940587,H1,117.464195720042,AX,28.3334168849286,L1,0.355629001353885,L2,0.172437364...
setting magnet DAC
current  : 5.877624
requested: 5.878658
Delta Dac: 0.001034
Checking detector protection. dv=0.00103
Checking detector "CDD". Protection Threshold: 0.1 (V)
SetMagnetDAC 5.8786581365 ===>> OK
Magnet settling time: 1.049
GetData ===>> H2,-0.196131267304837,H1,117.650166660533,AX,28.3698080703383,L1,0.384795102101509,L2,0.014029548...
setting magnet DAC
current  : 5.878658
requested: 5.879693
Delta Dac: 0.001034
Checking detector protection. dv=0.00103
Checking detector "CDD". Protection Threshold: 0.1 (V)
SetMagnetDAC 5.87969261926 ===>> OK
Magnet settling time: 1.049
GetData ===>> H2,-0.127993712891239,H1,117.583290085847,AX,28.4017198948452,L1,0.411910687115415,L2,0.246088548...
setting magnet DAC
current  : 5.879693
requested: 5.880727
Delta Dac: 0.001034
Checking detector protection. dv=0.00103
Checking detector "CDD". Protection Threshold: 0.1 (V)
SetMagnetDAC 5.88072710202 ===>> OK
Magnet settling time: 1.049
GetData ===>> H2,-0.180267244068462,H1,117.726691022621,AX,28.3034362844188,L1,0.428728603929914,L2,0.025783157...
setting magnet DAC
current  : 5.880727
requested: 5.881762
Delta Dac: 0.001034
Checking detector protection. dv=0.00103
Checking detector "CDD". Protection Threshold: 0.1 (V)
SetMagnetDAC 5.88176158478 ===>> OK
Magnet settling time: 1.049
GetData ===>> H2,-0.209993790843638,H1,117.738394432552,AX,28.3190761765185,L1,0.387127872886554,L2,0.179464533...
setting magnet DAC
current  : 5.881762
requested: 5.882796
Delta Dac: 0.001034
Checking detector protection. dv=0.00103
Checking detector "CDD". Protection Threshold: 0.1 (V)
SetMagnetDAC 5.88279606754 ===>> OK
Magnet settling time: 1.049
GetData ===>> H2,-0.26895900210084,H1,117.426797806878,AX,28.1583634936848,L1,0.377272228820716,L2,0.1037443025...
setting magnet DAC
current  : 5.882796
requested: 5.883831
Delta Dac: 0.001034
Checking detector protection. dv=0.00103
Checking detector "CDD". Protection Threshold: 0.1 (V)
SetMagnetDAC 5.8838305503 ===>> OK
Magnet settling time: 1.049
GetData ===>> H2,-0.245313704845247,H1,117.173316204266,AX,28.0839114854832,L1,0.384653294559378,L2,0.157837103...
setting magnet DAC
current  : 5.883831
requested: 5.884865
Delta Dac: 0.001034
Checking detector protection. dv=0.00103
Checking detector "CDD". Protection Threshold: 0.1 (V)
SetMagnetDAC 5.88486503306 ===>> OK
Magnet settling time: 1.049
GetData ===>> H2,-0.121946937077368,H1,114.910491093223,AX,26.9820049622273,L1,0.373664282685172,L2,0.042915033...
setting magnet DAC
current  : 5.884865
requested: 5.885900
Delta Dac: 0.001034
Checking detector protection. dv=0.00103
Checking detector "CDD". Protection Threshold: 0.1 (V)
SetMagnetDAC 5.88589951581 ===>> OK
Magnet settling time: 1.049
GetData ===>> H2,-0.185364686738733,H1,108.111194704689,AX,24.2444203940584,L1,0.334596729371058,L2,0.186035859...
setting magnet DAC
current  : 5.885900
requested: 5.886934
Delta Dac: 0.001034
Checking detector protection. dv=0.00103
Checking detector "CDD". Protection Threshold: 0.1 (V)
SetMagnetDAC 5.88693399857 ===>> OK
Magnet settling time: 1.049
GetData ===>> H2,-0.0119026096314225,H1,92.3277188606484,AX,19.096548594679,L1,0.269620945123568,L2,-0.05382157...
setting magnet DAC
current  : 5.886934
requested: 5.887968
Delta Dac: 0.001034
Checking detector protection. dv=0.00103
Checking detector "CDD". Protection Threshold: 0.1 (V)
SetMagnetDAC 5.88796848133 ===>> OK
Magnet settling time: 1.049
GetData ===>> H2,-0.0377600919885962,H1,66.721258705327,AX,11.9328637356313,L1,0.142874219982213,L2,9.109432911...
setting magnet DAC
current  : 5.887968
requested: 5.889003
Delta Dac: 0.001034
Checking detector protection. dv=0.00103
Checking detector "CDD". Protection Threshold: 0.1 (V)
SetMagnetDAC 5.88900296409 ===>> OK
Magnet settling time: 1.049
GetData ===>> H2,-0.138132947525425,H1,24.89162200223,AX,3.32488482782304,L1,0.10361496458695,L2,0.021682897395...
setting magnet DAC
current  : 5.889003
requested: 5.890037
Delta Dac: 0.001034
Checking detector protection. dv=0.00103
Checking detector "CDD". Protection Threshold: 0.1 (V)
SetMagnetDAC 5.89003744685 ===>> OK
Magnet settling time: 1.049
GetData ===>> H2,-0.225200900317544,H1,9.10614085011796,AX,1.02424511653545,L1,0.0264390808863511,L2,0.04703898...
setting magnet DAC
current  : 5.890037
requested: 5.891072
Delta Dac: 0.001034
Checking detector protection. dv=0.00103
Checking detector "CDD". Protection Threshold: 0.1 (V)
SetMagnetDAC 5.89107192961 ===>> OK
Magnet settling time: 1.049
GetData ===>> H2,-0.335179576538412,H1,2.62699657824756,AX,0.125795639630587,L1,0.0194279228859865,L2,-0.036043...
setting magnet DAC
current  : 5.891072
requested: 5.892106
Delta Dac: 0.001034
Checking detector protection. dv=0.00103
Checking detector "CDD". Protection Threshold: 0.1 (V)
SetMagnetDAC 5.89210641237 ===>> OK
Magnet settling time: 1.049
GetData ===>> H2,-0.252345802281091,H1,0.556551253871329,AX,-0.126053209095837,L1,-0.0213485936465914,L2,-0.068...
setting magnet DAC
current  : 5.892106
requested: 5.893141
Delta Dac: 0.001034
Checking detector protection. dv=0.00103
Checking detector "CDD". Protection Threshold: 0.1 (V)
SetMagnetDAC 5.89314089512 ===>> OK
Magnet settling time: 1.049
GetData ===>> H2,-0.11170388164067,H1,0.00604538837889486,AX,-0.0888558010213054,L1,-0.0395330475220178,L2,-0.0...
setting magnet DAC
current  : 5.893141
requested: 5.894175
Delta Dac: 0.001034
Checking detector protection. dv=0.00103
Checking detector "CDD". Protection Threshold: 0.1 (V)
SetMagnetDAC 5.89417537788 ===>> OK
Magnet settling time: 1.049
GetData ===>> H2,-0.114881976511023,H1,-0.0511512073324337,AX,-0.224274034533607,L1,-0.0209270235971949,L2,0.01...
result of _do_sweep=True
result of _calculate_peak_center=([5.871720468063975, 5.8794459189657777, 5.8871713698675805], [86.859472318088123, 117.73804262664225, 86.452088223812197], 5.8817304881040542, 117.73804262664225)
Failed to find a valid peak. No peak greater than 1.0. max = 0.0243614596106
new center pos Detector(H1) (Ar40) @ 5.87944591897
GetHighVoltage ===>> 4499.94659342336
GetDeflection H1 ===>> 0
dac uncorrected for HV and deflection 5.87948054268
update mftable H1 Ar40 5.87948054268 message=automated run peakcenter
get initial guess parabolic
get initial guess parabolic
get initial guess parabolic
get initial guess parabolic
get initial guess parabolic
get initial guess parabolic
dump mftable to /Users/jan/PychronDev/setupfiles/spectrometer/mftables/mftable.csv
add to repo msg=modified - automated run peakcenter
sweep finished
locally archiving mftable
setting magnet DAC
current  : 5.894175
requested: 5.879446
Delta Dac: 0.014729
Checking detector protection. dv=0.01473
Checking detector "CDD". Protection Threshold: 0.1 (V)
SetMagnetDAC 5.87944591897 ===>> OK
Magnet settling time: 0.500
setting integration time = 1.048576
SetIntegrationTime 1.048576 ===>> OK
Failed to find a valid peak. No peak greater than 1.0. max = 0.0243614596106
flush and close file /Users/jan/PychronDev/data/isotopes/1e/aaedae-af0a-42f8-a787-ec765f5aa097.h5
finished measure script
executed snippet estimated_duration=226.132928, duration=272.200071096
jan_unknown120_60.py completed successfully
Measurement Finished
14:49:40 -- ******* Measurement Finished *******
Post Measurement Started jan_pump_ms.py
14:49:40 -- ******* Post Measurement Started jan_pump_ms.py *******
testing...
no interpolation path defined
executed snippet estimated_duration=0, duration=2.88486480713e-05
Pumping spectrometer
open () {'name': 'O'}
opening name=O desc=---
checking ownership. requestor=129.138.12.150
check software interlocks O
interlocks []
actuate state mode=None-script, software_lock=False
doing actuation None-script open_channel True
Open O ===>> OK
GetIndicatorState O ===>> OK
change switch state (True, True)
update switch state O True args=() kw={} ncanvase=2
14:49:40 -- OPEN   VALVE-O (Jan Ion Pump)
---------------------------------------- open O () result=[(True, True)], time=0.10 sec
action=open, ok=True, locked=[False]
executed snippet estimated_duration=0, duration=0.359297037125
jan_pump_ms.py completed successfully
setting _ms_pumptime
Post Measurement Finished
14:49:40 -- ******* Post Measurement Finished *******
$$$$$$$$$$$$$$$$$$$$ state at run end measurement
state changed from measurement to success
post measurement save measured=True aborted=False
Set filtering
setting fod for Ar40= {'filter_outliers': True, 'std_devs': 2, 'iterations': 1}
setting fod for H1= {'filter_outliers': True, 'std_devs': 2, 'iterations': 1}
setting fod for PM41= {'filter_outliers': False, 'std_devs': 2, 'iterations': 1}
setting fod for H2= {'filter_outliers': True, 'std_devs': 2, 'iterations': 1}
setting fod for Ar36= {'filter_outliers': True, 'std_devs': 2, 'iterations': 1}
setting fod for CDD= {'filter_outliers': True, 'std_devs': 10, 'iterations': 1}
setting fod for Ar37= {'filter_outliers': True, 'std_devs': 2, 'iterations': 1}
setting fod for L2= {'filter_outliers': True, 'std_devs': 2, 'iterations': 1}
setting fod for Ar38= {'filter_outliers': True, 'std_devs': 2, 'iterations': 1}
setting fod for L1= {'filter_outliers': True, 'std_devs': 2, 'iterations': 1}
setting fod for Ar39= {'filter_outliers': True, 'std_devs': 2, 'iterations': 1}
setting fod for AX= {'filter_outliers': True, 'std_devs': 2, 'iterations': 1}
persistence save...
persistence save - db
post measurement save
7036206448 connecting to database sqlite:////Users/jan/PychronDev/.appdata/local_lab.db
connected to db sqlite:////Users/jan/PychronDev/.appdata/local_lab.db
create new session 7036206448
close session 7036206448
No database instance. Not saving post measurement to isotopedb database
$$$$$$$$$$$$$$$ auto_save_detector_ic=False
massspec enabled True
create new session 4985539184
MassSpec Database Version: 16.0
close session 4985539184
saving post measurement to secondary database
saving to massspec database 129.138.12.160/massspecdata
setting labnumber to 65584
setting aliquot to 13
setting step to A
setting uuid to 1eaaedae-af0a-42f8-a787-ec765f5aa097
setting irradpos to 65584
setting extract_device to Fusions CO2
setting tray to 
setting position to 210
setting power_requested to 0.3
setting extract_value to 0.3
setting duration to 30.0
setting duration_at_request to 30.0
setting first_stage_delay to 30.0
setting cleanup to 30.0
setting comment to O:9
setting irradiation to NM-289
setting level to O
setting irradiation_level to O
setting sample to BW-102
setting material to 
setting project to 
setting mass_spectrometer to jan
no attribute chron_dosages
no attribute production_ratios
no attribute interference_corrections
no attribute production_name
no attribute j
Reference Isotope=Ar40
Reference Detector=H1
%%%%%%%%%%%%%%%%%%%% Comment: O:9 %%%%%%%%%%%%%%%%%%%
adding isotope PM41 H2
add baseline dbdet= PM41. original det= H2
get baseline data PM41 H2
Get data baseline <pychron.processing.isotope.Baseline object at 0x15c3977d0> len t=60
baseline PM41. v=-0.20675602146, e=0.00848334626281
get signal data PM41 H2
Get data signal PM41 0.09+/-0.06 len t=120
adding isotope Ar40 H1
add baseline dbdet= Ar40. original det= H1
get baseline data Ar40 H1
Get data baseline <pychron.processing.isotope.Baseline object at 0x15c3971d0> len t=60
baseline Ar40. v=-0.0340363880547, e=0.00584414651689
get signal data Ar40 H1
Get data signal Ar40 126.820+/-0.021 len t=120
adding isotope Ar39 AX
add baseline dbdet= Ar39. original det= AX
get baseline data Ar39 AX
Get data baseline <pychron.processing.isotope.Baseline object at 0x15c397610> len t=60
baseline Ar39. v=-0.0787603415343, e=0.00628909331728
get signal data Ar39 AX
Get data signal Ar39 31.105+/-0.015 len t=120
adding isotope Ar38 L1
add baseline dbdet= Ar38. original det= L1
get baseline data Ar38 L1
Get data baseline <pychron.processing.isotope.Baseline object at 0x15c3973d0> len t=60
baseline Ar38. v=-0.02565191782, e=0.0030827578684
get signal data Ar38 L1
Get data signal Ar38 0.437+/-0.004 len t=120
adding isotope Ar37 L2
add baseline dbdet= Ar37. original det= L2
get baseline data Ar37 L2
Get data baseline <pychron.processing.isotope.Baseline object at 0x15c397850> len t=60
baseline Ar37. v=-0.028342375559, e=0.00591465456162
get signal data Ar37 L2
Get data signal Ar37 0.163+/-0.011 len t=120
adding isotope Ar36 CDD
add baseline dbdet= Ar36. original det= CDD
get baseline data Ar36 CDD
Get data baseline <pychron.processing.isotope.Baseline object at 0x15c397650> len t=60
baseline Ar36. v=4.96218038758e-05, e=1.1001338861e-05
get signal data Ar36 CDD
Get data signal Ar36 0.01551+/-0.00034 len t=120
65584-13A added analysis time 0.540106058121s
analysis added to mass spec database
mass spec save time= 0.550
persistence save - dvc
================= post measurement started
create new session 4989601072
close session 4989601072
---------------- Experiment Queue saving disabled
DVC saving peakcenter
Failed to find a valid peak. No peak greater than 1.0. max = 0.0243614596106
Smart pull ahead: 0 behind: 0
Up-to-date with origin
add to repo msg=modified - ad8224ebc6dbfeb9f5997218dfa5fe690569839d.json
add to repo msg=modified - 84-13A.json
add to repo msg=modified - 84-13A.dat.json
add to repo msg=modified - 84-13A.blan.json
add to repo msg=modified - 84-13A.inte.json
add to repo msg=modified - 84-13A.icfa.json
add to repo msg=modified - 84-13A.base.json
not at valid file /Users/jan/PychronDev/data/.dvc/repositories/Load1791/655/tags/84-13A.tags.json
add to repo msg=modified - 84-13A.peak.json
add to repo msg=modified - 84-13A.extr.json
not at valid file /Users/jan/PychronDev/data/.dvc/repositories/Load1791/655/monitor/84-13A.moni.json
commit message=<COLLECTION>
add to repo msg=modified - 84-13A.inte.json
add to repo msg=modified - 84-13A.base.json
commit message=<ISOEVO> default collection fits
add to repo msg=modified - 84-13A.blan.json
commit message=<BLANKS> preceding bc-02-J-363
add to repo msg=modified - 84-13A.icfa.json
commit message=<ICFactor> default
push repository <pychron.git_archive.repo_manager.GitRepoManager object at 0x16b27c170>
pushing to remote=origin, url=https://github.com
no changes to meta repo
create new session 4989601072
add association Load1791
get identifier "65584"
setting analysis irradiation position=<pychron.dvc.dvc_orm.IrradiationPositionTbl object at 0x1a7d1dfd0>
close session 4989601072
================= post measurement finished
14:49:52 -- ******* Post Run Check *******
loading queue conditionals post_run_actions
loading system conditionals post_run_actions
loading conditionals from /Users/jan/PychronDev/setupfiles/spectrometer/default_conditionals.yaml
loading queue conditionals post_run_terminations
loading system conditionals post_run_terminations
loading conditionals from /Users/jan/PychronDev/setupfiles/spectrometer/default_conditionals.yaml
Checking default post run terminations n=1
GetDeflection CDD ===>> 50
testing CDD==2000
evaluate ot="CDD.deflection==2000" t="CDD==2000", ctx="{'CDD': 50.0}"
14:49:52 -- ******* Post Run Check Passed *******
14:49:52 -- Automated run 65584-13A success duration: 363.129 s
----------------- finish -----------------
----------------- stop -----------------
retroactive repository identifiers disabled
finish run. runs completed=37
update duration runid=65584-13A, duration=363.129416943, md5=301e91d8
write rem/ex queues
/Users/jan/PychronDev/experiments/rem/CurrentExperiment.rem.txt
/Users/jan/PychronDev/experiments/rem/CurrentExperiment.ex.txt
doing event level: 3
