do run
loading script "jan_unknown120_60.py"
loading script "jan_pump_ms.py"
loading script "jan_co2.py"
loading script "jan_pump_extraction_line.py"
testing...
no interpolation path defined
executed snippet estimated_duration=213.652928, duration=0.00018310546875
script duration name:unknown120_60 seconds:214.0
loading script "jan_unknown120_60.py"
loading script "jan_pump_ms.py"
loading script "jan_co2.py"
loading script "jan_pump_extraction_line.py"
testing...
no interpolation path defined
executed snippet estimated_duration=0, duration=1.97887420654e-05
loading script "jan_unknown120_60.py"
loading script "jan_pump_ms.py"
loading script "jan_co2.py"
loading script "jan_pump_extraction_line.py"
testing...
no interpolation path defined
calculate duration
testing...
no interpolation path defined
executed snippet estimated_duration=0, duration=4.48226928711e-05
calculate duration
testing...
no interpolation path defined
executed snippet estimated_duration=0, duration=7.17639923096e-05
executed snippet estimated_duration=0.0, duration=0.0024139881134
script duration name:co2 seconds:0.0
loading script "jan_unknown120_60.py"
loading script "jan_pump_ms.py"
loading script "jan_co2.py"
loading script "jan_pump_extraction_line.py"
testing...
no interpolation path defined
calculate duration
testing...
no interpolation path defined
executed snippet estimated_duration=4.0, duration=0.000112056732178
executed snippet estimated_duration=4.0, duration=0.00109601020813
Script duration 214.0
Run total estimated duration= 215.000
run duration: 0:03:35
doing event level: 2
14:09:37 -- Setting default integration. t=1.048576
setting integration time = 1.048576
SetIntegrationTime 1.048576 ===>> OK
----------------- start -----------------
**************** Experiment Type: Ar/Ar, Ar/Ar
create new session 4436069840
close session 4436069840
$$$$$ Clearing conditionals
adding conditionals 
Add queue conditionals
add default conditionals
adding default conditionals from /Users/jan/PychronDev/setupfiles/spectrometer/default_conditionals.yaml
Start automated run 65584-10B
loading script "jan_unknown120_60.py"
loading script "jan_pump_ms.py"
loading script "jan_co2.py"
loading script "jan_pump_extraction_line.py"
%%%%%%%%%%%%%%%%%% setting automated run 65584-10B
No value "sensitivity_multiplier" in metadata
$$$$$$$$$$$$$$$ auto_save_detector_ic=False
============================= Pre Extraction Check =============================
loading queue conditionals pre_run_terminations
loading system conditionals pre_run_terminations
loading conditionals from /Users/jan/PychronDev/setupfiles/spectrometer/default_conditionals.yaml
14:09:37 -- ******* Pre Extraction Check *******
Get a measurement from the spectrometer
GetData ===>> H2,-0.305920690549334,H1,-0.0857562076064021,AX,-0.101314460926649,L1,0.00447759528372349,L2,0.00...
Pre Extraction Termination data. keys=H2,H1,AX,L1,L2,CDD, signals=-0.30592,-0.08576,-0.10131,0.00448,0.00719,0.00342
14:09:37 -- testing system defined conditionals
Checking default pre extraction terminations n=2
testing CDD
evaluate ot="CDD.inactive" t="CDD", ctx="{'CDD': False}"
GetDeflection CDD ===>> 50
testing CDD==2000
evaluate ot="CDD.deflection==2000" t="CDD==2000", ctx="{'CDD': 50.0}"
14:09:37 -- ******* Pre Extraction Check Passed *******
=================================================================================
14:09:37 -- stopping status monitor
stop 4982387056
Alive clients [4989850544]
14:09:37 -- starting status monitor
start 4982387056
Monitor already running
start extraction
do extraction
Analysis started at 14:09:37.121362
Extraction Started jan_co2.py
14:09:37 -- ******* Extraction Started jan_co2.py *******
state changed from not run to extraction
DO EXTRACTION <pychron.extraction_line.pyscript_runner.RemotePyScriptRunner object at 0x12c299590>
testing...
no interpolation path defined
calculate duration
testing...
no interpolation path defined
executed snippet estimated_duration=0, duration=4.10079956055e-05
calculate duration
testing...
no interpolation path defined
executed snippet estimated_duration=0, duration=0.000128984451294
executed snippet estimated_duration=100.0, duration=0.00182104110718
Jan CO2 laser analysis
doing GOSUB
testing...
no interpolation path defined
executed snippet estimated_duration=0, duration=6.29425048828e-05
Waiting for CO2 access
wait ('FelixCO2Flag', 0) {}
waiting for FelixCO2Flag = 0
Read FelixCO2Flag ===>> 0
finished waiting
CO2 free
wait ('CO2PumpTimeFlag', 0) {}
waiting for CO2PumpTimeFlag = 0
Read CO2PumpTimeFlag ===>> 0
finished waiting
acquire ('JanCO2Flag',) {'clear': True}
acquire JanCO2Flag
Set JanCO2Flag 1 ===>> OK
JanCO2Flag acquired
set extraction state False (0.75, 'red', 1.5)
CO2 acquired
executed snippet estimated_duration=0, duration=0.01726603508
WaitForCO2Access.py completed successfully
gosub finished
doing GOSUB
testing...
no interpolation path defined
executed snippet estimated_duration=0, duration=7.70092010498e-05
Prepare for CO2 analysis
close () {'description': 'Jan Inlet'}
closing name=--- desc=Jan Inlet
checking ownership. requestor=129.138.12.150
check software interlocks R
interlocks []
actuate state mode=None-script, software_lock=False
doing actuation None-script close_channel False
Close R ===>> OK
GetIndicatorState R ===>> False
change switch state (True, True)
update switch state R False args=() kw={} ncanvase=2
14:09:37 -- CLOSE  VALVE-R (Jan Inlet)
---------------------------------------- close None (Jan Inlet) result=[(True, True)]
action=close, ok=True, locked=[False]
open () {'description': 'Jan Ion Pump'}
opening name=--- desc=Jan Ion Pump
checking ownership. requestor=129.138.12.150
check software interlocks O
interlocks []
actuate state mode=None-script, software_lock=False
doing actuation None-script open_channel False
Open O ===>> OK
GetIndicatorState O ===>> OK
change switch state (True, True)
update switch state O True args=() kw={} ncanvase=2
14:09:37 -- OPEN   VALVE-O (Jan Ion Pump)
---------------------------------------- open None (Jan Ion Pump) result=[(True, True)], time=0.11 sec
action=open, ok=True, locked=[False]
close () {'description': 'Microbone to Minibone'}
closing name=--- desc=Microbone to Minibone
checking ownership. requestor=129.138.12.150
check software interlocks L
interlocks []
actuate state mode=None-script, software_lock=False
doing actuation None-script close_channel False
Close L ===>> OK
GetIndicatorState L ===>> False
change switch state (True, True)
update switch state L False args=() kw={} ncanvase=2
14:09:38 -- CLOSE  VALVE-L (Microbone to Minibone)
---------------------------------------- close None (Microbone to Minibone) result=[(True, True)]
action=close, ok=True, locked=[False]
open () {'description': 'Microbone to Turbo'}
opening name=--- desc=Microbone to Turbo
checking ownership. requestor=129.138.12.150
check software interlocks U
interlocks []
actuate state mode=None-script, software_lock=False
doing actuation None-script open_channel False
Open U ===>> OK
GetIndicatorState U ===>> OK
change switch state (True, True)
update switch state U True args=() kw={} ncanvase=2
14:09:39 -- OPEN   VALVE-U (Microbone to Turbo)
---------------------------------------- open None (Microbone to Turbo) result=[(True, True)], time=0.14 sec
action=open, ok=True, locked=[False]
open () {'description': 'Microbone to Inlet Pipette'}
opening name=--- desc=Microbone to Inlet Pipette
checking ownership. requestor=129.138.12.150
check software interlocks S
interlocks []
actuate state mode=None-script, software_lock=False
doing actuation None-script open_channel False
Open S ===>> OK
GetIndicatorState S ===>> OK
change switch state (True, True)
update switch state S True args=() kw={} ncanvase=2
14:09:39 -- OPEN   VALVE-S (Microbone to Inlet Pipette)
---------------------------------------- open None (Microbone to Inlet Pipette) result=[(True, True)], time=0.44 sec
action=open, ok=True, locked=[False]
open () {'description': 'Microbone to Getter D-50'}
opening name=--- desc=Microbone to Getter D-50
checking ownership. requestor=129.138.12.150
check software interlocks K
interlocks []
actuate state mode=None-script, software_lock=False
doing actuation None-script open_channel False
Open K ===>> OK
GetIndicatorState K ===>> OK
change switch state (True, True)
update switch state K True args=() kw={} ncanvase=2
14:09:40 -- OPEN   VALVE-K (Microbone to Getter D-50)
---------------------------------------- open None (Microbone to Getter D-50) result=[(True, True)], time=0.43 sec
action=open, ok=True, locked=[False]
open () {'description': 'Microbone to Getter NP-10'}
opening name=--- desc=Microbone to Getter NP-10
checking ownership. requestor=129.138.12.150
check software interlocks M
interlocks []
actuate state mode=None-script, software_lock=False
doing actuation None-script open_channel False
Open M ===>> OK
GetIndicatorState M ===>> OK
change switch state (True, True)
update switch state M True args=() kw={} ncanvase=2
14:09:40 -- OPEN   VALVE-M (Microbone to Getter NP-10)
---------------------------------------- open None (Microbone to Getter NP-10) result=[(True, True)], time=0.15 sec
action=open, ok=True, locked=[False]
close () {'description': 'CO2 Laser to Felix'}
closing name=--- desc=CO2 Laser to Felix
checking ownership. requestor=129.138.12.150
check software interlocks F
interlocks []
actuate state mode=None-script, software_lock=True
VALVE-F(CO2 Laser to Felix) software locked
change switch state (True, False)
---------------------------------------- close None (CO2 Laser to Felix) result=[(True, False)]
action=close, ok=True, locked=[True]
open () {'description': 'CO2 Laser to Jan'}
opening name=--- desc=CO2 Laser to Jan
checking ownership. requestor=129.138.12.150
check software interlocks A
interlocks []
actuate state mode=None-script, software_lock=False
doing actuation None-script open_channel False
Open A ===>> OK
GetIndicatorState A ===>> OK
change switch state (True, True)
update switch state A True args=() kw={} ncanvase=2
14:09:41 -- OPEN   VALVE-A (CO2 Laser to Jan)
---------------------------------------- open None (CO2 Laser to Jan) result=[(True, True)], time=0.13 sec
action=open, ok=True, locked=[False]
open () {'description': 'Microbone to CO2 Laser'}
opening name=--- desc=Microbone to CO2 Laser
checking ownership. requestor=129.138.12.150
check software interlocks T
interlocks []
actuate state mode=None-script, software_lock=False
doing actuation None-script open_channel False
Open T ===>> OK
GetIndicatorState T ===>> OK
change switch state (True, True)
update switch state T True args=() kw={} ncanvase=2
14:09:41 -- OPEN   VALVE-T (Microbone to CO2 Laser)
---------------------------------------- open None (Microbone to CO2 Laser) result=[(True, True)], time=0.40 sec
action=open, ok=True, locked=[False]
executed snippet estimated_duration=0, duration=4.97879385948
PrepareForCO2Analysis.py completed successfully
gosub finished
set_motor ('beam', '1.25') {}
setting motor "beam" to 1.25
set motor beam to 1.25
SetMotor beam,1.25 ===>> OK
GetMotorMoving beam ===>> False
GetMotorMoving beam ===>> False
Block completed
move_to_position ('208',) {'autocenter': True}
FusionsCO2 move to position 208
sending GoToHole 208,True
GoToHole 208,True ===>> OK
GetDriveMoving ===>> False
GetDriveMoving ===>> OK
GetDriveMoving ===>> OK
GetDriveMoving ===>> False
Block completed
GetAutoCorrecting ===>> False
GetAutoCorrecting ===>> False
Block completed
update position
GetPosition ===>> -7.97560,-13.95730,1.00000
got position (-7.9756, -13.9573, 1.0)
move to position succeeded
sleep (5,) {}
SLEEP 5.0
block started
WaitControl setup for 5.0  
Join finished
block finished. duration 5.03294491768
close () {'description': 'Microbone to Turbo'}
closing name=--- desc=Microbone to Turbo
checking ownership. requestor=129.138.12.150
check software interlocks U
interlocks []
actuate state mode=None-script, software_lock=False
doing actuation None-script close_channel True
Close U ===>> OK
GetIndicatorState U ===>> False
change switch state (True, True)
update switch state U False args=() kw={} ncanvase=2
14:09:51 -- CLOSE  VALVE-U (Microbone to Turbo)
---------------------------------------- close None (Microbone to Turbo) result=[(True, True)]
action=close, ok=True, locked=[False]
enable laser
enable () {}
set extraction state FusionsCO2 Enabled (False, 'red', 1.5)
enabling laser
Enable ===>> OK
begin interval
BEGIN INTERVAL Interval 1 waiting for 30.0
set extract to 0.4
block started
WaitControl setup for 30.0  
extract (0.4,) {}
GetPosition ===>> -7.97560,-13.95730,1.00000
set extraction state FusionsCO2 ON! 0.4(watts) (0.75, 'red', 1.5)
extract sample to 0.4 (watts)
set laser output
SetLaserOutput 0.4,watts ===>> OK
executing pattern triangle.lp
execute_pattern ('triangle.lp',) {}
executing pattern triangle.lp
IsPatterning ===>> OK
IsPatterning ===>> OK
set states for children of B. state=False
handle state [('B', False)]
update switch state B False args=() kw={'refresh': False} ncanvase=2
refresh_canvas_needed fired
IsPatterning ===>> OK
IsPatterning ===>> OK
IsPatterning ===>> OK
IsPatterning ===>> OK
IsPatterning ===>> OK
IsPatterning ===>> OK
IsPatterning ===>> OK
IsPatterning ===>> OK
IsPatterning ===>> OK
IsPatterning ===>> OK
IsPatterning ===>> OK
IsPatterning ===>> OK
IsPatterning ===>> OK
IsPatterning ===>> OK
IsPatterning ===>> OK
IsPatterning ===>> OK
IsPatterning ===>> OK
IsPatterning ===>> OK
IsPatterning ===>> OK
IsPatterning ===>> OK
IsPatterning ===>> OK
IsPatterning ===>> OK
IsPatterning ===>> OK
IsPatterning ===>> OK
IsPatterning ===>> False
IsPatterning ===>> False
Block completed
COMPLETE INTERVAL waiting for Interval 1 to complete
Join finished
block finished. duration 30.0848379135
Interval 1 finished
end_extract () {}
ending extraction. set laser power to 0
set laser power 0
SetLaserPower 0 ===>> OK
disable () {}
%%%%%%%%%%%%%%%%%%%%%%%%%%%%%%%%%%% disable
set extraction state False (0.75, 'red', 1.5)
disabling laser
Disable ===>> OK
sleep (30.0,) {}
SLEEP 30.0
block started
WaitControl setup for 30.0  
Join finished
block finished. duration 30.0691139698
executed snippet estimated_duration=166.0, duration=74.7550420761
jan_co2.py completed successfully
GetAchievedOutput ===>> No Response
Requested Output= 0.000
Achieved Output=  0.000
GetResponseBlob ===>> No Response
GetOutputBlob ===>> No Response
persistence save...
persistence save - db
AutomatedRunPersister post_extraction_save deprecated
persistence save - dvc
no extraction position for 208
create new session 4989601072
close session 4989601072
Extraction Finished
14:10:52 -- ******* Extraction Finished *******
no overlap. not waiting for min ms pumptime
14:10:52 -- Sending spectrometer configuration
======== Sending configuration ========
SetDeflection CDD,50.0 ===>> OK
SetDeflection H2,0.0 ===>> OK
SetDeflection H1,0.0 ===>> OK
SetDeflection L2,825.0 ===>> OK
SetDeflection L1,400.0 ===>> OK
SetDeflection AX,190.0 ===>> OK
SetZFocus 74.64 ===>> OK
SetZSymmetry -50.72 ===>> OK
SetExtractionLens 26.13 ===>> OK
SetIonRepeller -3.81 ===>> OK
SetElectronEnergy 75.08 ===>> OK
SetYSymmetry -2.81 ===>> OK
SetIonCounterVoltage 1590.0 ===>> OK
send trap current 200.0
GetParameter Trap Current Readback ===>> 198.370811206739
SetParameter Trap Current Set,200.0 ===>> OK
updating mftable name mftable
Using mftable located at /Users/jan/PychronDev/setupfiles/spectrometer/mftables/mftable.csv
============ MFtable ===========
Isotope  H2     H1     AX     L1     L2     CDD    
Ar40     5.8085 5.8794 5.9930 6.1484 6.2312 6.3766
Ar39     5.7077 5.7717 5.8854 6.0344 6.1163 6.2631
Ar36     5.3852 5.4407 5.5488 5.6933 5.7713 5.9142
================================
get initial guess parabolic
get initial guess parabolic
get initial guess parabolic
get initial guess parabolic
get initial guess parabolic
get initial guess parabolic
======== Configuration Finished ========
GetYSymmetry ===>> -2.81
GetZSymmetry ===>> -50.72
GetParameter Trap Current Readback ===>> 198.147042666178
GetHighVoltage ===>> 4499.94659342336
start measurement
do measurement
L#=65584 analysis type=unknown
Measurement Started jan_unknown120_60.py
14:10:52 -- ******* Measurement Started jan_unknown120_60.py *******
state changed from extraction to measurement
setting spec, defl, and gains
GetExtractionLens ===>> 26.13
GetYSymmetry ===>> -2.81
GetZSymmetry ===>> -50.72
GetZFocus ===>> 74.64
GetDeflection H2 ===>> 0
GetDeflection H1 ===>> 0
GetDeflection AX ===>> 190
GetDeflection L1 ===>> 400
GetDeflection L2 ===>> 825
GetDeflection CDD ===>> 50
GetGain H2 ===>> 0.0113
GetGain H1 ===>> 0.1
GetGain AX ===>> 0.097049
GetGain L1 ===>> 0.010355
GetGain L2 ===>> 0.095649
GetGain CDD ===>> 0
pre measurement save
New frame /Users/jan/PychronDev/data/isotopes/24/9eafb9-dac1-46ff-8a13-08035a6d466f.h5
flush and close file /Users/jan/PychronDev/data/isotopes/24/9eafb9-dac1-46ff-8a13-08035a6d466f.h5
testing...
no interpolation path defined
executed snippet estimated_duration=226.132928, duration=0.000122785568237
unknown measurement script
activate_detectors ('H2', 'H1', 'AX', 'L1', 'L2', 'CDD') {}
activate detectors
*************** Set Analysis View Ar/Ar
create graphs
clearing graphs
clear isotope group
setting isotope det=H2, iso=PM41
setting isotope det=H1, iso=Ar40
setting isotope det=AX, iso=Ar39
setting isotope det=L1, iso=Ar38
setting isotope det=L2, iso=Ar37
setting isotope det=CDD, iso=Ar36
setting previous blanks
 - setting Ar40 blank 0.161+/-0.007
 - setting Ar36 blank 0.00416+/-0.00016
 - setting Ar37 blank 0.043+/-0.005
 - setting Ar38 blank 0.0113+/-0.0025
 - setting PM41 blank 0.03+/-0.06
 - setting Ar39 blank 0.030+/-0.009
load analysis view
position_magnet ('Ar40',) {'detector': 'H1'}
detector Detector(H1)
POSITION Ar40 H1
setting detector H2 to PM41 (40.9624)
setting detector H1 to Ar40 (39.9624)
setting detector AX to Ar39 (38.9624)
setting detector L1 to Ar38 (37.9624)
setting detector L2 to Ar37 (36.9624)
setting detector CDD to Ar36 (35.9624)
Mapping mass to dac mass func: "parabolic"
H1 map mass coeffs = [-0.00063987  0.15840543  0.57104999]
H1 map mass to dac 39.9624 >> 5.87944
GetDeflection H1 ===>> 0
GetHighVoltage ===>> 4499.94659342336
positioning Ar40 (5.87940537653) on H1
setting magnet DAC
current  : 5.879406
requested: 5.879405
Delta Dac: 0.000001
Checking detector protection. dv=0.00000
Checking detector "CDD". Protection Threshold: 0.1 (V)
SetMagnetDAC 5.87940537653 ===>> OK
Magnet settling time: 0.500
update labels <pychron.experiment.plot_panel.PlotPanel object at 0x172bb8830>
update labels "<pychron.graph.stacked_regression_graph.StackedRegressionGraph object at 0x1a667f530>"
setting label 0 H2 PM41
setting label 1 H1 Ar40
setting label 2 AX Ar39
setting label 3 L1 Ar38
setting label 4 L2 Ar37
setting label 5 CDD Ar36
update labels "<pychron.graph.stacked_graph.StackedGraph object at 0x12ea55290>"
setting label 0 H2 PM41
setting label 1 H1 Ar40
setting label 2 AX Ar39
equilibrate () {'delay': 3, 'inlet': 'R', 'outlet': 'O', 'eqtime': 12.0}
setting label 3 L1 Ar38
Equilibration Started
setting label 4 L2 Ar37
setting label 5 CDD Ar36
14:10:53 -- ******* Equilibration Started *******
checking ownership. requestor=129.138.12.150
check software interlocks O
interlocks []
actuate state mode=None-script, software_lock=False
doing actuation None-script close_channel True
Close O ===>> OK
GetIndicatorState O ===>> False
change switch state (True, True)
update switch state O False args=() kw={} ncanvase=2
14:10:53 -- CLOSE  VALVE-O (Jan Ion Pump)
waiting 3s before opening inlet value ('R',)
checking ownership. requestor=129.138.12.150
check software interlocks R
interlocks []
actuate state mode=None-script, software_lock=False
doing actuation None-script open_channel True
Open R ===>> OK
GetIndicatorState R ===>> OK
change switch state (True, True)
update switch state R True args=() kw={} ncanvase=2
14:10:56 -- OPEN   VALVE-R (Jan Inlet)
set_time_zero () {}
equilibrating for 12.0sec
sniff (12.0,) {}
py_sniff
build tables- sniff [Detector(H2), Detector(H1), Detector(AX), Detector(L1), Detector(L2), Detector(CDD)]
add group /sniff/PM41 (Group) '' table H2
add group /sniff/Ar40 (Group) '' table H1
add group /sniff/Ar39 (Group) '' table AX
add group /sniff/Ar38 (Group) '' table L1
add group /sniff/Ar37 (Group) '' table L2
add group /sniff/Ar36 (Group) '' table CDD
flush and close file /Users/jan/PychronDev/data/isotopes/24/9eafb9-dac1-46ff-8a13-08035a6d466f.h5
measuring sniff. ncounts=12.0
"sniff" increment series count="1" fit count="0" regressing="False"
starting measurement
GetData ===>> H2,-0.135913028388827,H1,4.30341097109344,AX,0.990330039569459,L1,-0.0445505842646218,L2,0.133318...
set states for children of V. state=False
handle state [('V', False)]
update switch state V False args=() kw={'refresh': False} ncanvase=2
refresh_canvas_needed fired
GetData ===>> H2,0.803898461929243,H1,144.205496471441,AX,31.0048912601949,L1,0.183802766304586,L2,0.6561166708...
GetData ===>> H2,0.596749670507045,H1,260.202785684792,AX,52.9589599253973,L1,0.503615878119049,L2,0.7767009318...
GetData ===>> H2,0.15302469076392,H1,297.2960730894,AX,58.9925155311633,L1,0.640581213577385,L2,0.7885032386029...
GetData ===>> H2,-0.0105934232589075,H1,310.198128063368,AX,61.05788090357,L1,0.669423371237067,L2,0.6753364004...
set states for children of H. state=True
handle state [('H', True)]
update switch state H True args=() kw={'refresh': False} ncanvase=2
refresh_canvas_needed fired
GetData ===>> H2,-0.0406726976041046,H1,315.545779197054,AX,61.8125210955395,L1,0.759148627165886,L2,0.71432505...
GetData ===>> H2,0.0292855695425585,H1,317.735618466808,AX,62.1521845216652,L1,0.765167464251145,L2,0.819781520...
GetData ===>> H2,-0.0388731046802816,H1,318.765930344416,AX,62.3508829404045,L1,0.75529092662033,L2,0.686577323...
GetData ===>> H2,-0.0761059895347374,H1,319.343558859074,AX,62.3548037424039,L1,0.776678822204766,L2,0.79550975...
GetData ===>> H2,-0.00403674250358936,H1,319.321976367257,AX,62.3380033351066,L1,0.775319182431782,L2,0.6556593...
GetData ===>> H2,-0.0695927997543724,H1,319.486833853259,AX,62.1576936284807,L1,0.809172380067751,L2,0.74967899...
Equilibration Finished
14:11:09 -- ******* Equilibration Finished *******
checking ownership. requestor=129.138.12.150
check software interlocks R
interlocks []
actuate state mode=None-script, software_lock=False
doing actuation None-script close_channel True
GetData ===>> H2,-0.19360994891952,H1,319.443786567995,AX,62.4175068762928,L1,0.836434216047484,L2,0.6898480737...
Close R ===>> OK
GetIndicatorState R ===>> False
change switch state (True, True)
update switch state R False args=() kw={} ncanvase=2
14:11:09 -- CLOSE  VALVE-R (Jan Inlet)
Post Equilibration Started jan_pump_extraction_line.py
14:11:09 -- ******* Post Equilibration Started jan_pump_extraction_line.py *******
testing...
no interpolation path defined
calculate duration
testing...
no interpolation path defined
executed snippet estimated_duration=4.0, duration=0.000208854675293
executed snippet estimated_duration=4.0, duration=0.031909942627
Pump after analysis
doing GOSUB
testing...
no interpolation path defined
executed snippet estimated_duration=4.0, duration=0.000123977661133
Pump Microbone
close () {'description': 'Jan Inlet'}
closing name=--- desc=Jan Inlet
checking ownership. requestor=129.138.12.150
check software interlocks R
interlocks []
actuate state mode=None-script, software_lock=False
doing actuation None-script close_channel False
Close R ===>> OK
measurement finished
estimated time: 12.583 actual time: :12.674
flush and close file /Users/jan/PychronDev/data/isotopes/24/9eafb9-dac1-46ff-8a13-08035a6d466f.h5
set_fits () {}
using default fits file=/Users/jan/PychronDev/scripts/measurement/fits/nominal_linear.yaml
set "Ar40" to "('Linear', 'SEM')"
No fit for "PM41". defaulting to linear. check the measurement script "jan_unknown120_60.py"
set "PM41" to "linear"
set "Ar36" to "('Linear', 'SEM')"
set "Ar37" to "('linear', 'SEM')"
set "Ar38" to "('linear', 'SEM')"
set "Ar39" to "('Linear', 'SEM')"
set_baseline_fits () {}
GetIndicatorState R ===>> False
change switch state (True, True)
update switch state R False args=() kw={} ncanvase=2
using default fits file=/Users/jan/PychronDev/scripts/measurement/fits/nominal_linear.yaml
set "H1" to "('average', 'SEM')"
set "H2" to "('average', 'SEM')"
set "CDD" to "('average', 'SEM')"
set "L2" to "('average', 'SEM')"
set "L1" to "('average', 'SEM')"
set "AX" to "('average', 'SEM')"
multicollect () {'integration_time': 1, 'ncounts': 120}
14:11:10 -- CLOSE  VALVE-R (Jan Inlet)
build tables- signal [Detector(H2), Detector(H1), Detector(AX), Detector(L1), Detector(L2), Detector(CDD)]
---------------------------------------- close None (Jan Inlet) result=[(True, True)]
add group /signal/PM41 (Group) '' table H2
add group /signal/Ar40 (Group) '' table H1
add group /signal/Ar39 (Group) '' table AX
add group /signal/Ar38 (Group) '' table L1
add group /signal/Ar37 (Group) '' table L2
add group /signal/Ar36 (Group) '' table CDD
flush and close file /Users/jan/PychronDev/data/isotopes/24/9eafb9-dac1-46ff-8a13-08035a6d466f.h5
measuring signal. ncounts=120
"signal" increment series count="2" fit count="1" regressing="True"
action=close, ok=True, locked=[False]
is_closed ('F',) {}
is F () closed?
is closed True
open () {'description': 'CO2 Laser to Jan'}
opening name=--- desc=CO2 Laser to Jan
checking ownership. requestor=129.138.12.150
check software interlocks A
interlocks []
actuate state mode=None-script, software_lock=False
doing actuation None-script open_channel False
Open A ===>> OK
GetIndicatorState A ===>> OK
change switch state (True, True)
update switch state A True args=() kw={} ncanvase=2
14:11:10 -- OPEN   VALVE-A (CO2 Laser to Jan)
---------------------------------------- open None (CO2 Laser to Jan) result=[(True, True)], time=0.13 sec
starting measurement
GetData ===>> H2,-0.0436944513638514,H1,319.580492369746,AX,62.3848110275153,L1,0.814820210160646,L2,0.72509003...
action=open, ok=True, locked=[False]
sleep (1,) {}
SLEEP 1.0
GetData ===>> H2,0.00348478085967561,H1,319.667010542993,AX,62.2825331788472,L1,0.778961118822621,L2,0.72427776...
close () {'description': 'CO2 Laser to Roughing'}
closing name=--- desc=CO2 Laser to Roughing
checking ownership. requestor=129.138.12.150
check software interlocks G
interlocks []
actuate state mode=None-script, software_lock=True
VALVE-G(CO2 Laser to Roughing) software locked
change switch state (True, False)
---------------------------------------- close None (CO2 Laser to Roughing) result=[(True, False)]
action=close, ok=True, locked=[True]
open () {'description': 'Microbone to Turbo'}
opening name=--- desc=Microbone to Turbo
checking ownership. requestor=129.138.12.150
check software interlocks U
interlocks []
actuate state mode=None-script, software_lock=False
doing actuation None-script open_channel True
Open U ===>> OK
GetIndicatorState U ===>> OK
change switch state (True, True)
update switch state U True args=() kw={} ncanvase=2
14:11:12 -- OPEN   VALVE-U (Microbone to Turbo)
---------------------------------------- open None (Microbone to Turbo) result=[(True, True)], time=0.15 sec
action=open, ok=True, locked=[False]
open () {'description': 'Microbone to Getter NP-10'}
opening name=--- desc=Microbone to Getter NP-10
checking ownership. requestor=129.138.12.150
check software interlocks M
interlocks []
actuate state mode=None-script, software_lock=False
doing actuation None-script open_channel False
Open M ===>> OK
GetIndicatorState M ===>> OK
change switch state (True, True)
update switch state M True args=() kw={} ncanvase=2
14:11:12 -- OPEN   VALVE-M (Microbone to Getter NP-10)
---------------------------------------- open None (Microbone to Getter NP-10) result=[(True, True)], time=0.16 sec
action=open, ok=True, locked=[False]
open () {'description': 'Microbone to Getter D-50'}
opening name=--- desc=Microbone to Getter D-50
checking ownership. requestor=129.138.12.150
check software interlocks K
interlocks []
actuate state mode=None-script, software_lock=False
doing actuation None-script open_channel False
GetData ===>> H2,0.0745167708491664,H1,319.541319023599,AX,62.3092777364693,L1,0.748173039932731,L2,0.682769213...
Open K ===>> OK
GetIndicatorState K ===>> OK
change switch state (True, True)
update switch state K True args=() kw={} ncanvase=2
14:11:13 -- OPEN   VALVE-K (Microbone to Getter D-50)
---------------------------------------- open None (Microbone to Getter D-50) result=[(True, True)], time=0.41 sec
action=open, ok=True, locked=[False]
open () {'description': 'Microbone to CO2 Laser'}
opening name=--- desc=Microbone to CO2 Laser
checking ownership. requestor=129.138.12.150
check software interlocks T
interlocks []
actuate state mode=None-script, software_lock=False
doing actuation None-script open_channel False
Open T ===>> OK
GetIndicatorState T ===>> OK
change switch state (True, True)
update switch state T True args=() kw={} ncanvase=2
14:11:13 -- OPEN   VALVE-T (Microbone to CO2 Laser)
---------------------------------------- open None (Microbone to CO2 Laser) result=[(True, True)], time=0.41 sec
GetData ===>> H2,-0.0137031975153547,H1,319.35126953838,AX,62.2477751051015,L1,0.780956044619974,L2,0.673140971...
action=open, ok=True, locked=[False]
open () {'description': 'Microbone to Inlet Pipette'}
opening name=--- desc=Microbone to Inlet Pipette
checking ownership. requestor=129.138.12.150
check software interlocks S
interlocks []
actuate state mode=None-script, software_lock=False
doing actuation None-script open_channel False
Open S ===>> OK
GetIndicatorState S ===>> OK
change switch state (True, True)
update switch state S True args=() kw={} ncanvase=2
14:11:14 -- OPEN   VALVE-S (Microbone to Inlet Pipette)
---------------------------------------- open None (Microbone to Inlet Pipette) result=[(True, True)], time=0.44 sec
action=open, ok=True, locked=[False]
sleep (1,) {}
SLEEP 1.0
testing H1>-5.0
evaluate ot="H1.bs>-5.0" t="H1>-5.0", ctx="{'H1': None}"
GetData ===>> H2,-0.0922533821608757,H1,318.971261906119,AX,62.1834671447926,L1,0.810275983676466,L2,0.69389663...
set_resource () {'name': 'CO2PumpTimeFlag', 'value': 30}
Set CO2PumpTimeFlag 30 ===>> OK
release ('JanCO2Flag',) {}
release JanCO2Flag
Set JanCO2Flag 0 ===>> OK
executed snippet estimated_duration=6.0, duration=5.98879981041
PumpMicrobone.py completed successfully
gosub finished
get_resource_value () {'name': 'JanMiniboneFlag'}
Read JanMiniboneFlag ===>> 0
Get Resource Value JanMiniboneFlag=0.0
get resource value 0.0
get_resource_value () {'name': 'JanMiniboneFlag'}
Read JanMiniboneFlag ===>> 0
Get Resource Value JanMiniboneFlag=0.0
executed snippet estimated_duration=4.0, duration=6.00186181068
jan_pump_extraction_line.py completed successfully
Post Equilibration Finished
14:11:15 -- ******* Post Equilibration Finished *******
GetData ===>> H2,-0.183761237513131,H1,318.77254974232,AX,62.0817194107456,L1,0.817949927295588,L2,0.6822660511...
GetData ===>> H2,-0.218838281765021,H1,318.576224528543,AX,62.0353812178308,L1,0.813004281130723,L2,0.743968854...
GetData ===>> H2,-0.0829283652351113,H1,318.570658965688,AX,61.9237408587414,L1,0.799739068808309,L2,0.70978375...
GetData ===>> H2,-0.0678621915683527,H1,318.565062603452,AX,62.1537148054071,L1,0.78053609420845,L2,0.709909585...
testing H1>-5.0
evaluate ot="H1.bs>-5.0" t="H1>-5.0", ctx="{'H1': None}"
GetData ===>> H2,-0.156443843410941,H1,318.526262418157,AX,62.2502236266969,L1,0.779291295756048,L2,0.784713979...
GetData ===>> H2,-0.123435943562152,H1,318.316704207996,AX,62.1166105646995,L1,0.746594987755965,L2,0.746600742...
GetData ===>> H2,-0.196573663824993,H1,318.105833097846,AX,61.9929311450952,L1,0.752743019978363,L2,0.739403273...
GetData ===>> H2,-0.14838489316802,H1,318.089309192502,AX,61.875033913922,L1,0.772910886838462,L2,0.81199051315...
GetData ===>> H2,-0.108130866188433,H1,317.792787484448,AX,61.9352827224918,L1,0.799464681664616,L2,0.734712050...
testing H1>-5.0
evaluate ot="H1.bs>-5.0" t="H1>-5.0", ctx="{'H1': None}"
GetData ===>> H2,-0.134679827100946,H1,317.666118928545,AX,61.9891075035644,L1,0.820598994363277,L2,0.670659740...
GetData ===>> H2,-0.0871498194348233,H1,317.531221695513,AX,61.850645856749,L1,0.808598152687112,L2,0.600183458...
set states for children of H. state=False
handle state [('H', False)]
update switch state H False args=() kw={'refresh': False} ncanvase=2
refresh_canvas_needed fired
GetData ===>> H2,-0.10541263617668,H1,317.260877362499,AX,61.7990563160917,L1,0.793824415500386,L2,0.7080107683...
State checksums do not match. Local:2052577745 Remote:-1990985319
State checksum failed
GetData ===>> H2,-0.188225502354664,H1,317.64760532424,AX,61.8316890657359,L1,0.803755921829116,L2,0.6882241210...
set states for children of C. state=True
set states for children of B. state=True
set states for children of D. state=True
handle state [('C', True), ('B', True), ('D', True)]
update switch state C True args=() kw={'refresh': True} ncanvase=2
update switch state B True args=() kw={'refresh': True} ncanvase=2
update switch state D True args=() kw={'refresh': False} ncanvase=2
refresh_canvas_needed fired
GetData ===>> H2,-0.126106469480133,H1,317.538348697135,AX,61.9122917442647,L1,0.798387158088421,L2,0.737732713...
testing H1>-5.0
evaluate ot="H1.bs>-5.0" t="H1>-5.0", ctx="{'H1': None}"
GetData ===>> H2,-0.155850757298187,H1,317.361748296506,AX,61.8192158026363,L1,0.774931474205243,L2,0.722264256...
GetData ===>> H2,-0.133320716475545,H1,317.255572437313,AX,61.7320132886915,L1,0.791243238091788,L2,0.716464226...
GetData ===>> H2,-0.110435373152251,H1,316.803171853077,AX,61.6783773418878,L1,0.826132735671703,L2,0.717310757...
GetData ===>> H2,-0.245636620872757,H1,316.893015371338,AX,61.6513510008254,L1,0.818219547244748,L2,0.696618651...
GetData ===>> H2,-0.192515471687952,H1,316.626357190663,AX,61.7242692359397,L1,0.791370473100819,L2,0.659615038...
testing H1>-5.0
evaluate ot="H1.bs>-5.0" t="H1>-5.0", ctx="{'H1': None}"
14:11:36 -- collecting point 25
GetData ===>> H2,-0.141337792322138,H1,316.498003642421,AX,61.7664471471178,L1,0.767767069742352,L2,0.702074345...
GetData ===>> H2,-0.224693799629744,H1,316.566363086292,AX,61.5956357544174,L1,0.821525451996894,L2,0.652984254...
GetData ===>> H2,-0.266546953901917,H1,316.490981922074,AX,61.6351134925393,L1,0.789051795470107,L2,0.750995010...
GetData ===>> H2,-0.244063663649776,H1,316.294586241978,AX,61.6459891878078,L1,0.768758752274462,L2,0.778738471...
GetData ===>> H2,-0.264982131220856,H1,316.162985016142,AX,61.5486906426848,L1,0.759677657788721,L2,0.726051052...
testing H1>-5.0
evaluate ot="H1.bs>-5.0" t="H1>-5.0", ctx="{'H1': None}"
GetData ===>> H2,-0.157436754108342,H1,316.10197991653,AX,61.7306232960603,L1,0.734776711723162,L2,0.7055515122...
GetData ===>> H2,0.0902111377904707,H1,315.882367918834,AX,61.5880775747837,L1,0.74284247134134,L2,0.6395526036...
GetData ===>> H2,-0.148973754692529,H1,315.717478713189,AX,61.4763035710541,L1,0.759581807901028,L2,0.685559525...
GetData ===>> H2,-0.143640471024149,H1,315.564389817538,AX,61.4101870038642,L1,0.723625976649379,L2,0.659077699...
GetData ===>> H2,-0.250916333100151,H1,315.47689833886,AX,61.464854353426,L1,0.733272588625556,L2,0.75495460175...
testing H1>-5.0
evaluate ot="H1.bs>-5.0" t="H1>-5.0", ctx="{'H1': None}"
GetData ===>> H2,-0.229248686899338,H1,315.605327584948,AX,61.4621372227173,L1,0.731558476058732,L2,0.683638318...
GetData ===>> H2,-0.227998059752106,H1,315.173866512353,AX,61.3914662836666,L1,0.801400511822829,L2,0.763549536...
GetData ===>> H2,-0.0811537219059732,H1,314.933568367395,AX,61.5325729714265,L1,0.796445650769065,L2,0.71882080...
GetData ===>> H2,-0.0692103525771478,H1,315.221959421008,AX,61.3743499766628,L1,0.787324658402478,L2,0.68884167...
GetData ===>> H2,-0.203351766628744,H1,314.819505398463,AX,61.3625285516331,L1,0.772417329519166,L2,0.664153959...
testing H1>-5.0
evaluate ot="H1.bs>-5.0" t="H1>-5.0", ctx="{'H1': None}"
GetData ===>> H2,-0.224668212753952,H1,314.777163087367,AX,61.4222417278945,L1,0.772050915668072,L2,0.709646494...
GetData ===>> H2,-0.197799605258055,H1,314.987527390043,AX,61.415588600633,L1,0.790875263193072,L2,0.6821631318...
GetData ===>> H2,-0.247912916817253,H1,314.92764297039,AX,61.4017493722444,L1,0.751049740547508,L2,0.7411425169...
GetData ===>> H2,-0.251883228116425,H1,314.787898392135,AX,61.3418322464092,L1,0.752960925131678,L2,0.661627228...
GetData ===>> H2,-0.235912773619057,H1,314.461702949359,AX,61.2419237698184,L1,0.763567166196046,L2,0.583064448...
testing H1>-5.0
evaluate ot="H1.bs>-5.0" t="H1>-5.0", ctx="{'H1': None}"
GetData ===>> H2,-0.252203266913929,H1,314.353589478543,AX,61.1889430748818,L1,0.788687638885816,L2,0.710412893...
GetData ===>> H2,-0.247396350905538,H1,314.232116065648,AX,61.4123689773869,L1,0.803099647366123,L2,0.823236765...
GetData ===>> H2,-0.21528952178657,H1,314.070126008814,AX,61.3079859699657,L1,0.793095782818651,L2,0.7489237288...
GetData ===>> H2,-0.222204868048028,H1,314.209779984677,AX,61.0956322241222,L1,0.754381778167054,L2,0.718580567...
GetData ===>> H2,-0.311608549691674,H1,314.169494475105,AX,61.1424905809224,L1,0.72135053731866,L2,0.6600037536...
testing H1>-5.0
evaluate ot="H1.bs>-5.0" t="H1>-5.0", ctx="{'H1': None}"
14:12:02 -- collecting point 50
GetData ===>> H2,-0.347118980383557,H1,313.927879178995,AX,61.2243576667434,L1,0.745848358470522,L2,0.775441799...
GetData ===>> H2,-0.159456079620629,H1,313.698346211481,AX,61.0503533093135,L1,0.754577300677294,L2,0.702348854...
GetData ===>> H2,-0.157700164796679,H1,313.493334589441,AX,61.2261873566343,L1,0.775412063537524,L2,0.592944386...
GetData ===>> H2,-0.135510089203082,H1,313.536773548563,AX,61.114473951159,L1,0.777418769933516,L2,0.7505715957...
GetData ===>> H2,-0.156759963193183,H1,313.585425331645,AX,61.0521208827276,L1,0.75384504409885,L2,0.6254828225...
testing H1>-5.0
evaluate ot="H1.bs>-5.0" t="H1>-5.0", ctx="{'H1': None}"
GetData ===>> H2,-0.228370973827163,H1,313.178172476448,AX,60.9545751873287,L1,0.704016134054154,L2,0.711865636...
GetData ===>> H2,-0.219115837407348,H1,313.133110069026,AX,61.0837737255034,L1,0.736140816995972,L2,0.614754747...
GetData ===>> H2,-0.217399194700798,H1,313.049437188066,AX,61.077692479892,L1,0.786505459124803,L2,0.7127121263...
GetData ===>> H2,-0.178488170652016,H1,313.100564818914,AX,60.8879533426212,L1,0.750760914400604,L2,0.710584475...
GetData ===>> H2,-0.177772852181906,H1,313.180405917606,AX,60.801267295949,L1,0.756512586753618,L2,0.6621988817...
testing H1>-5.0
evaluate ot="H1.bs>-5.0" t="H1>-5.0", ctx="{'H1': None}"
GetData ===>> H2,-0.16413493942887,H1,312.748798914417,AX,61.0186478022832,L1,0.740357296028703,L2,0.5815436692...
GetData ===>> H2,-0.186746151018385,H1,312.403560179995,AX,61.1385441156559,L1,0.747025568244547,L2,0.663628028...
GetData ===>> H2,-0.140190332473157,H1,312.487000580778,AX,61.0105132020307,L1,0.738580223603976,L2,0.754897381...
GetData ===>> H2,-0.137473268621354,H1,312.527924926068,AX,60.8742477352559,L1,0.747400162820249,L2,0.708514065...
GetData ===>> H2,-0.150640229128058,H1,312.225196582918,AX,60.9050569566567,L1,0.75691205720673,L2,0.7225045015...
testing H1>-5.0
evaluate ot="H1.bs>-5.0" t="H1>-5.0", ctx="{'H1': None}"
GetData ===>> H2,-0.216268394688214,H1,311.936518893346,AX,60.8614114829288,L1,0.767129253301257,L2,0.682769213...
GetData ===>> H2,-0.256803830125462,H1,311.959070581922,AX,60.7510526587818,L1,0.752638427119228,L2,0.610042283...
GetData ===>> H2,-0.29448578680838,H1,312.003752593288,AX,60.8850902720594,L1,0.713958242731892,L2,0.6993636161...
GetData ===>> H2,-0.19829048405526,H1,311.928646105771,AX,60.6807220090278,L1,0.751267610382057,L2,0.6955549986...
GetData ===>> H2,-0.149316792951379,H1,311.82974921448,AX,60.8049959906385,L1,0.77858360853398,L2,0.56506819627...
testing H1>-5.0
evaluate ot="H1.bs>-5.0" t="H1>-5.0", ctx="{'H1': None}"
GetData ===>> H2,-0.130955070027957,H1,311.70424110232,AX,60.7698288353128,L1,0.787748622329869,L2,0.7113051264...
GetData ===>> H2,-0.204233282202786,H1,311.352259261473,AX,60.7095588259548,L1,0.769916249474127,L2,0.745708180...
GetData ===>> H2,-0.259026808332746,H1,311.342975832598,AX,60.6204672407937,L1,0.754095350523063,L2,0.616287492...
GetData ===>> H2,-0.135661531112532,H1,311.447403807773,AX,60.5648013010848,L1,0.774862909937455,L2,0.677543314...
GetData ===>> H2,-0.109999417566568,H1,311.139108030579,AX,60.9092608667589,L1,0.742755393137684,L2,0.751933396...
testing H1>-5.0
evaluate ot="H1.bs>-5.0" t="H1>-5.0", ctx="{'H1': None}"
14:12:28 -- collecting point 75
GetData ===>> H2,-0.202781575471681,H1,310.973763210576,AX,60.7159814206871,L1,0.725807434415664,L2,0.718946642...
GetData ===>> H2,0.0403833989232601,H1,311.106865471142,AX,60.711004642566,L1,0.739757857805928,L2,0.6838212890...
GetData ===>> H2,-0.0367338522459578,H1,311.00940064702,AX,60.6531999562644,L1,0.7319875997386,L2,0.64550802258...
GetData ===>> H2,-0.219501170349555,H1,310.913165258394,AX,60.5470796054605,L1,0.751621191670605,L2,0.658917641...
GetData ===>> H2,-0.299166444694027,H1,310.609232938854,AX,60.5092562012579,L1,0.749351756534484,L2,0.646125304...
testing H1>-5.0
evaluate ot="H1.bs>-5.0" t="H1>-5.0", ctx="{'H1': None}"
GetData ===>> H2,-0.296842462033524,H1,310.095962361859,AX,60.440117178079,L1,0.742686975058545,L2,0.6538530893...
GetData ===>> H2,-0.305334163741365,H1,310.312149812527,AX,60.3350519494879,L1,0.716426054041698,L2,0.695086080...
GetData ===>> H2,-0.121626389697657,H1,310.415214588761,AX,60.4921351780601,L1,0.775230668998148,L2,0.687412155...
GetData ===>> H2,-0.096995394297479,H1,310.505622511572,AX,60.3789924790896,L1,0.768683999056704,L2,0.650297773...
GetData ===>> H2,-0.124166175085785,H1,310.274518315055,AX,60.2856274528366,L1,0.745065699411084,L2,0.735478648...
testing H1>-5.0
evaluate ot="H1.bs>-5.0" t="H1>-5.0", ctx="{'H1': None}"
GetData ===>> H2,-0.139463142349608,H1,310.131848004162,AX,60.3209200268425,L1,0.791495214807378,L2,0.621846756...
GetData ===>> H2,-0.205789919445888,H1,309.985167415236,AX,60.3396413623583,L1,0.833268091310592,L2,0.672374870...
GetData ===>> H2,-0.241853887398106,H1,309.747607722469,AX,60.3759217736305,L1,0.825995324646226,L2,0.726943430...
GetData ===>> H2,-0.290192579549932,H1,309.351224963433,AX,60.4444030728841,L1,0.760356100958609,L2,0.780352509...
GetData ===>> H2,-0.197555506499178,H1,309.705337856979,AX,60.2948484610827,L1,0.725016836337135,L2,0.713501427...
testing H1>-5.0
evaluate ot="H1.bs>-5.0" t="H1>-5.0", ctx="{'H1': None}"
GetData ===>> H2,-0.236419955237519,H1,309.68674255141,AX,60.373079156759,L1,0.741507766620794,L2,0.71720780074...
GetData ===>> H2,-0.217888343160305,H1,309.205635812399,AX,60.3350823424072,L1,0.716329177845456,L2,0.645988130...
GetData ===>> H2,-0.29954746769063,H1,309.129382582332,AX,60.2135685788407,L1,0.745274734563426,L2,0.7058145924...
GetData ===>> H2,-0.224245347574347,H1,309.076728969529,AX,60.2197781610953,L1,0.75762641316235,L2,0.7277900536...
GetData ===>> H2,-0.167386722867178,H1,308.879447436683,AX,60.2437994917068,L1,0.796892028411918,L2,0.682288922...
testing H1>-5.0
evaluate ot="H1.bs>-5.0" t="H1>-5.0", ctx="{'H1': None}"
GetData ===>> H2,-0.071828909072066,H1,308.965424592654,AX,60.2002029385377,L1,0.759307955923296,L2,0.621446387...
GetData ===>> H2,-0.0851862323628201,H1,308.748247910141,AX,60.1484411103947,L1,0.72126852638093,L2,0.679464399...
GetData ===>> H2,-0.143816125676153,H1,308.410968926423,AX,60.2344455150269,L1,0.709546915644194,L2,0.683569704...
GetData ===>> H2,-0.174930026941091,H1,308.451861582135,AX,60.182764387356,L1,0.747121393485011,L2,0.6895736009...
GetData ===>> H2,-0.140155190528067,H1,308.377901913543,AX,60.1297949935425,L1,0.76325709786688,L2,0.7100697289...
testing H1>-5.0
evaluate ot="H1.bs>-5.0" t="H1>-5.0", ctx="{'H1': None}"
14:12:54 -- collecting point 100
GetData ===>> H2,-0.151997266005644,H1,308.041401315945,AX,60.0154385072947,L1,0.76517244610623,L2,0.7360850672...
GetData ===>> H2,-0.212955773118889,H1,308.141921196634,AX,60.1859389981836,L1,0.750996207512179,L2,0.612249792...
GetData ===>> H2,-0.133343707760221,H1,307.88012370149,AX,60.0294747224198,L1,0.782215997017322,L2,0.6039804727...
GetData ===>> H2,-0.0739073236611146,H1,308.073813206274,AX,59.9953715698742,L1,0.780932367442071,L2,0.65874615...
GetData ===>> H2,-0.0632961987755868,H1,307.849480472206,AX,60.0343902440448,L1,0.783068513790626,L2,0.66143286...
testing H1>-5.0
evaluate ot="H1.bs>-5.0" t="H1>-5.0", ctx="{'H1': None}"
GetData ===>> H2,-0.256287670970172,H1,307.357170192409,AX,60.2074342572195,L1,0.769913757415703,L2,0.662770537...
GetData ===>> H2,-0.174759920753179,H1,307.491904249917,AX,59.8731257066256,L1,0.765783986852319,L2,0.714073389...
GetData ===>> H2,-0.164854488730674,H1,307.630836599696,AX,59.8393963127086,L1,0.780741705804922,L2,0.688281302...
GetData ===>> H2,-0.169625577854783,H1,307.442588247774,AX,59.8214509122669,L1,0.746155714395593,L2,0.627745735...
GetData ===>> H2,-0.120797252592686,H1,307.246324285805,AX,59.8395328470103,L1,0.752020852536098,L2,0.590645837...
testing H1>-5.0
evaluate ot="H1.bs>-5.0" t="H1>-5.0", ctx="{'H1': None}"
GetData ===>> H2,-0.323444677962723,H1,307.063184015679,AX,59.8625117251411,L1,0.770534298304455,L2,0.715308838...
GetData ===>> H2,-0.229048111241428,H1,306.922137298575,AX,59.7840361417601,L1,0.772252815589572,L2,0.787850696...
GetData ===>> H2,-0.11230897932005,H1,306.862541904856,AX,59.8403975676561,L1,0.740722945371233,L2,0.7109962755...
GetData ===>> H2,-0.0776063147009572,H1,306.660910908719,AX,59.8458495598017,L1,0.746911076902265,L2,0.70914319...
GetData ===>> H2,-0.0931799976354728,H1,306.624879419344,AX,59.7521505166866,L1,0.719750197924883,L2,0.73146265...
testing H1>-5.0
evaluate ot="H1.bs>-5.0" t="H1>-5.0", ctx="{'H1': None}"
GetData ===>> H2,-0.0728905342198546,H1,306.472845138696,AX,59.6977071933288,L1,0.717752603256253,L2,0.74565096...
GetData ===>> H2,-0.193270294899576,H1,306.681118571064,AX,59.7272601150378,L1,0.713038544503302,L2,0.630443013...
GetData ===>> H2,-0.242864624354353,H1,306.662511755938,AX,59.5770166008017,L1,0.72622016035804,L2,0.5387430396...
GetData ===>> H2,-0.11664253973013,H1,305.997534337368,AX,59.6396175952238,L1,0.748114543207072,L2,0.7392545237...
GetData ===>> H2,-0.130059046567345,H1,306.112457717904,AX,59.7259566106719,L1,0.720654707412028,L2,0.757369345...
testing H1>-5.0
evaluate ot="H1.bs>-5.0" t="H1>-5.0", ctx="{'H1': None}"
GetData ===>> H2,-0.124782778456768,H1,305.984470648089,AX,59.6947825852484,L1,0.761301015384785,L2,0.691369124...
measurement finished
estimated time: 125.829 actual time: :126.181
flush and close file /Users/jan/PychronDev/data/isotopes/24/9eafb9-dac1-46ff-8a13-08035a6d466f.h5
baselines () {'settling_time': 15.0, 'detector': 'H1', 'mass': 34.2, 'ncounts': 60}
%%%%%%%%%%%%%%%%%%%%%%%%%%%%%%%% Baseline
build tables- baseline [Detector(H2), Detector(H1), Detector(AX), Detector(L1), Detector(L2), Detector(CDD)]
add group baseline table H2
add group baseline table H1
add group baseline table AX
add group baseline table L1
add group baseline table L2
add group baseline table CDD
flush and close file /Users/jan/PychronDev/data/isotopes/24/9eafb9-dac1-46ff-8a13-08035a6d466f.h5
detector Detector(H1)
POSITION 34.2 H1
Mapping mass to dac mass func: "parabolic"
H1 map mass coeffs = [-0.00063987  0.15840543  0.57104999]
H1 map mass to dac 34.2 >> 5.24009599104
GetDeflection H1 ===>> 0
GetHighVoltage ===>> 4499.94659342336
positioning 34.2 (5.24006513261) on H1
setting magnet DAC
current  : 5.879405
requested: 5.240065
Delta Dac: 0.639340
Checking detector protection. dv=0.63934
Checking detector "CDD". Protection Threshold: 0.1 (V)
ProtectDetector CDD,On ===>> OK
GetDeflection CDD ===>> 2000
Protected = 2000
SetMagnetDAC 5.24006513261 ===>> OK
Magnet settling time: 0.500
GetMagnetMoving ===>> True
GetMagnetMoving ===>> True
GetMagnetMoving ===>> True
GetMagnetMoving ===>> True
GetMagnetMoving ===>> True
GetMagnetMoving ===>> True
GetMagnetMoving ===>> True
GetMagnetMoving ===>> True
GetMagnetMoving ===>> False
ProtectDetector CDD,Off ===>> OK
GetDeflection CDD ===>> 50
Delaying 15.0s for detectors to settle
Join finished
measuring baseline. ncounts=60
"baseline" increment series count="2" fit count="1" regressing="True"
starting measurement
GetData ===>> H2,-0.222032454218904,H1,-0.0644558201381649,AX,-0.00555621039588555,L1,-0.0267104415259833,L2,-0...
GetData ===>> H2,-0.198031561629596,H1,-0.0298792271193225,AX,-0.115602289977393,L1,-0.0306264427353308,L2,-0.0...
GetData ===>> H2,-0.187073863563931,H1,-0.0357461664672652,AX,-0.0538934979715779,L1,-0.0627816773575104,L2,0.0...
GetData ===>> H2,-0.280288973935612,H1,-0.129932563370327,AX,-0.070170615661479,L1,-0.0356861698939959,L2,-0.13...
testing H1>-5.0
evaluate ot="H1.bs>-5.0" t="H1>-5.0", ctx="{'H1': None}"
GetData ===>> H2,-0.182741357805716,H1,-0.0871983195289026,AX,-0.158848946620858,L1,-0.0212885339691678,L2,0.05...
GetData ===>> H2,-0.223951756710079,H1,-0.0349949312382634,AX,-0.143881391256305,L1,-0.0312348493223681,L2,-0.1...
GetData ===>> H2,-0.249096624552861,H1,-0.0200405995937956,AX,-0.130606307191829,L1,-0.0365956083243902,L2,-0.0...
GetData ===>> H2,-0.221465355806298,H1,-0.0404561636003774,AX,-0.0669130913734413,L1,-0.043914848890552,L2,0.00...
GetData ===>> H2,-0.154052395359918,H1,-0.0643962156025022,AX,-0.079525248175431,L1,-0.0174024742205312,L2,0.05...
testing H1>-5.0
evaluate ot="H1.bs>-5.0" t="H1>-5.0", ctx="{'H1': None}"
GetData ===>> H2,-0.205357317085013,H1,0.115184316235939,AX,-0.105254542222915,L1,0.00991621955711608,L2,-0.022...
GetData ===>> H2,-0.23215461517513,H1,0.0031108226703715,AX,-0.067411580804936,L1,-0.0215019180232591,L2,0.0085...
GetData ===>> H2,-0.211789391583743,H1,-0.00880549310335859,AX,-0.0370802260566831,L1,-0.0564134406773831,L2,-0...
GetData ===>> H2,-0.124328442378291,H1,0.0192758605094269,AX,-0.140379740676011,L1,-0.0251131760862285,L2,-0.13...
GetData ===>> H2,-0.168606744520324,H1,0.0771318137591905,AX,-0.0154506082962258,L1,-0.0106062237226038,L2,-0.0...
testing H1>-5.0
evaluate ot="H1.bs>-5.0" t="H1>-5.0", ctx="{'H1': None}"
GetData ===>> H2,-0.222572585630983,H1,-0.0158186374213052,AX,-0.0802439064095476,L1,-0.0138882666979105,L2,0.0...
GetData ===>> H2,-0.230356500379215,H1,-0.0330512329688169,AX,-0.0716776184723064,L1,-0.0144982874705684,L2,0.0...
GetData ===>> H2,-0.245853238531984,H1,-0.0968873424835202,AX,-0.0214354768418441,L1,4.80372657240533E-06,L2,-0...
GetData ===>> H2,-0.217664658061493,H1,-0.0303800768317817,AX,0.0218471256363086,L1,0.0112232845728285,L2,0.023...
GetData ===>> H2,-0.117808880939087,H1,-0.0176076261865664,AX,-0.0552732168324397,L1,0.0140636448481413,L2,0.02...
testing H1>-5.0
evaluate ot="H1.bs>-5.0" t="H1>-5.0", ctx="{'H1': None}"
GetData ===>> H2,-0.138101900960432,H1,0.016245462733422,AX,-0.132436754762242,L1,-0.015058842023013,L2,-0.0415...
GetData ===>> H2,-0.251571248789388,H1,-0.0930142293933177,AX,0.0197353326191603,L1,-0.0329245414319135,L2,-0.0...
GetData ===>> H2,-0.209578862795734,H1,-0.121537390318349,AX,-0.0992864157029957,L1,-0.0441938111728868,L2,-0.1...
GetData ===>> H2,-0.156984213761535,H1,0.0677508304406384,AX,-0.0561775597583511,L1,-0.0667391484752892,L2,-0.0...
GetData ===>> H2,-0.262280822574206,H1,-0.0137314434478728,AX,-0.133874684307996,L1,-0.0370916309722925,L2,0.02...
testing H1>-5.0
evaluate ot="H1.bs>-5.0" t="H1>-5.0", ctx="{'H1': None}"
14:14:00 -- collecting point 25
GetData ===>> H2,-0.204167238309641,H1,-0.0527726526452941,AX,-0.0998426837432613,L1,-0.0195045620896821,L2,-0....
GetData ===>> H2,-0.175098780555328,H1,-0.0496251171564708,AX,-0.0721181225779711,L1,-0.0403630898884673,L2,-0....
GetData ===>> H2,-0.143355364220561,H1,0.0116761781116416,AX,-0.0676202500412267,L1,-0.0543376859778825,L2,0.04...
GetData ===>> H2,-0.119522995641323,H1,-0.0418750813142353,AX,-0.0672724677320933,L1,-0.0534490503748175,L2,0.0...
GetData ===>> H2,-0.14973814857767,H1,0.038056827918065,AX,0.0168461955029936,L1,-0.032561718662669,L2,-0.00714...
testing H1>-5.0
evaluate ot="H1.bs>-5.0" t="H1>-5.0", ctx="{'H1': None}"
GetData ===>> H2,-0.208412132863317,H1,0.00382656247166509,AX,-0.0362916702708515,L1,-0.0365740415670583,L2,-0....
GetData ===>> H2,-0.131930333374397,H1,-0.0718584274466359,AX,-0.117282391516281,L1,0.00736499073834018,L2,0.02...
GetData ===>> H2,-0.102100901812747,H1,0.026780665625359,AX,-0.119333234757039,L1,0.000517285350270412,L2,-0.02...
GetData ===>> H2,-0.0959553279500437,H1,-0.0682108343130981,AX,-0.0596789107998854,L1,-0.0432838627126021,L2,-0...
GetData ===>> H2,-0.119395832640742,H1,-0.0769958249337897,AX,-0.203448108127598,L1,-0.0125206790851303,L2,0.04...
testing H1>-5.0
evaluate ot="H1.bs>-5.0" t="H1>-5.0", ctx="{'H1': None}"
GetData ===>> H2,-0.280995169376704,H1,0.00668957285425722,AX,-0.0694982530317466,L1,0.0133696874925545,L2,0.02...
GetData ===>> H2,-0.218831544892867,H1,0.031625083444742,AX,-0.0752247791177991,L1,-0.00899597714037492,L2,-0.0...
GetData ===>> H2,-0.197045714206697,H1,-0.0472167087543383,AX,-0.0960182767334055,L1,0.0162514841162042,L2,-0.1...
GetData ===>> H2,-0.175792668990045,H1,-0.00405822198474832,AX,-0.0245669474474951,L1,-0.0290669333355137,L2,-0...
GetData ===>> H2,-0.234342653255191,H1,-0.0325026977931795,AX,-0.0600151266212379,L1,-0.00667427475064816,L2,0....
testing H1>-5.0
evaluate ot="H1.bs>-5.0" t="H1>-5.0", ctx="{'H1': None}"
GetData ===>> H2,-0.155060377913754,H1,0.063740193558526,AX,-0.0781574646134484,L1,0.0126253572913523,L2,-0.055...
GetData ===>> H2,-0.253343499453664,H1,-0.054274850593594,AX,-0.0493715931626421,L1,-0.00607217564393123,L2,0.0...
GetData ===>> H2,-0.294726039937096,H1,-0.0550497851628638,AX,-0.101870717371459,L1,-0.0668419812612659,L2,-0.0...
GetData ===>> H2,-0.19238337244947,H1,-0.0576129875254015,AX,-0.0334157067900716,L1,-0.0561692565103071,L2,-0.0...
GetData ===>> H2,-0.194436128241889,H1,-0.0551690053331775,AX,-0.135950319961934,L1,-0.0713010408386819,L2,-0.0...
testing H1>-5.0
evaluate ot="H1.bs>-5.0" t="H1>-5.0", ctx="{'H1': None}"
GetData ===>> H2,-0.179036101029679,H1,-0.0254668713530524,AX,-0.10593824596529,L1,-0.0600288260198207,L2,0.038...
GetData ===>> H2,-0.124832808401481,H1,-0.0148525701925582,AX,-0.139417344426222,L1,-0.000608459675060798,L2,-0...
GetData ===>> H2,-0.12455426049996,H1,0.0352287186900171,AX,-0.122623762952262,L1,0.0355031821752168,L2,-0.0034...
GetData ===>> H2,-0.262218963232968,H1,0.00733376147510358,AX,-0.0130263998446765,L1,0.000404465142862022,L2,-0...
GetData ===>> H2,-0.235615449667989,H1,-0.0304277766736803,AX,-0.0614295390781972,L1,-0.0418924400851879,L2,0.0...
testing H1>-5.0
evaluate ot="H1.bs>-5.0" t="H1>-5.0", ctx="{'H1': None}"
14:14:26 -- collecting point 50
GetData ===>> H2,-0.320734783282474,H1,0.00127378060443841,AX,0.000383231318905782,L1,-0.0260394531857345,L2,-0...
GetData ===>> H2,-0.19503854071525,H1,-0.0473359382566983,AX,-0.0577427488081338,L1,-0.000651662733490472,L2,-0...
GetData ===>> H2,-0.242401661531836,H1,-0.0603072596980113,AX,-0.0562587183278841,L1,-0.0107177204646253,L2,0.0...
GetData ===>> H2,-0.281318715627635,H1,0.0525924217863462,AX,-0.0389936069172892,L1,-0.0217956133919263,L2,-0.0...
GetData ===>> H2,-0.0994448619748785,H1,-0.0483851517524279,AX,-0.0651625617450284,L1,0.00341023510532891,L2,-0...
testing H1>-5.0
evaluate ot="H1.bs>-5.0" t="H1>-5.0", ctx="{'H1': None}"
GetData ===>> H2,-0.158918528437325,H1,-0.070809460035348,AX,-0.0349348755085725,L1,-0.0284416243109145,L2,0.00...
GetData ===>> H2,-0.192689355069491,H1,-0.0154846893103631,AX,-0.105602188794025,L1,-0.00294715866446321,L2,0.0...
GetData ===>> H2,-0.162237972265722,H1,-0.0507100742821674,AX,-0.0993211825486831,L1,0.0184734315553958,L2,-0.0...
GetData ===>> H2,-0.28215083368176,H1,-0.0184663294362284,AX,-0.0934801781827595,L1,0.008533723750329,L2,-0.093...
GetData ===>> H2,-0.253738789033465,H1,-0.0356507718301423,AX,-0.128903264913543,L1,-0.0197971167981438,L2,-0.0...
testing H1>-5.0
evaluate ot="H1.bs>-5.0" t="H1>-5.0", ctx="{'H1': None}"
GetData ===>> H2,-0.157789317796881,H1,-0.0381429268845988,AX,-0.129841679653013,L1,-0.0292226555891014,L2,-0.0...
measurement finished
estimated time: 62.915 actual time: :63.104
flush and close file /Users/jan/PychronDev/data/isotopes/24/9eafb9-dac1-46ff-8a13-08035a6d466f.h5
activate_detectors ('H1', 'AX', 'CDD') {'peak_center': True}
peak_center () {'detector': 'H1', 'integration_time': 0.262144, 'isotope': 'Ar40'}
peak center: mean=306.49814077 threshold=3
peak center started
setup peak center. detector=['H1', 'AX', 'CDD'], isotope=Ar40
VersionedUnpickler [<apptools.sweet_pickle.versioned_unpickler.VersionedUnpickler object at 0x1a9807fb0>] using Updater [<apptools.sweet_pickle.updater.Updater object at 0x135230b30>]
VersionedUnpickler [<apptools.sweet_pickle.versioned_unpickler.VersionedUnpickler object at 0x1a9807fb0>] using Updater [<apptools.sweet_pickle.updater.Updater object at 0x135230b30>]
VersionedUnpickler [<apptools.sweet_pickle.versioned_unpickler.VersionedUnpickler object at 0x17296ead0>] using Updater [<apptools.sweet_pickle.updater.Updater object at 0x135230b30>]
setting integration time = 0.524288
SetIntegrationTime 0.524288 ===>> OK
Mapping mass to dac mass func: "parabolic"
H1 map mass coeffs = [-0.00063987  0.15840543  0.57104999]
H1 map mass to dac 39.9624 >> 5.87944
GetDeflection H1 ===>> 0
GetHighVoltage ===>> 4499.94659342336
do peak center. <pychron.spectrometer.jobs.peak_center.PeakCenter object at 0x1352309b0>
doing pc
starting peak center. center dac= 5.87940537653 step_width=0.001
width = 0.001
get scan parameters. half-width=0.015,window=0.015, i=0, scalar=1
Scan parameters center=5.87941 width=0.03000 (5.86441 - 5.89441)
GetData ===>> H2,-0.146322286094126,H1,0.0157324517167325,AX,-0.0804641393219648,L1,-0.0394036840957037,L2,-0.1...
Moving to starting dac 5.86440537653
setting magnet DAC
current  : 5.240065
requested: 5.864405
Delta Dac: 0.624340
Checking detector protection. dv=0.62434
Checking detector "CDD". Protection Threshold: 0.1 (V)
ProtectDetector CDD,On ===>> OK
GetDeflection CDD ===>> 2000
Protected = 2000
SetMagnetDAC 5.86440537653 ===>> OK
Magnet settling time: 0.500
GetMagnetMoving ===>> True
GetMagnetMoving ===>> True
GetMagnetMoving ===>> True
GetMagnetMoving ===>> True
GetMagnetMoving ===>> True
GetMagnetMoving ===>> True
GetMagnetMoving ===>> True
GetMagnetMoving ===>> True
GetMagnetMoving ===>> False
ProtectDetector CDD,Off ===>> OK
GetDeflection CDD ===>> 50
Wait until signal near baseline. tol= 0.0117993387875. timeout= 10
GetData ===>> H2,2.0880633558425,H1,0.927988038027228,AX,-0.108000916277009,L1,0.0119683169626302,L2,0.04580861...
GetData ===>> H2,17.4314066023766,H1,9.98368065336226,AX,0.993895814194478,L1,0.0360585390488276,L2,-0.00138917...
GetData ===>> H2,15.114476359196,H1,8.37853087740379,AX,1.09766314192596,L1,-0.00582029083226847,L2,-0.07892339...
GetData ===>> H2,7.54417040452341,H1,4.13988757017336,AX,0.500766815448226,L1,-0.0394923221785049,L2,-0.0994687...
GetData ===>> H2,2.94993454815917,H1,2.21147446252619,AX,0.23311997985525,L1,-0.0358000039783279,L2,-0.06986656...
GetData ===>> H2,1.03589701261738,H1,1.29785468109944,AX,0.159678428210375,L1,-0.0184379630952626,L2,0.00724226...
GetData ===>> H2,0.280888541944329,H1,0.818634274821473,AX,-0.0392603176256528,L1,0.0164328599638298,L2,-0.1278...
GetData ===>> H2,0.0317632511256924,H1,0.543742232845612,AX,-0.00641461535645398,L1,0.0106180683793722,L2,0.085...
GetData ===>> H2,-0.094640835338591,H1,0.402833443514728,AX,-0.0633076615501477,L1,0.0048125944077905,L2,-0.063...
GetData ===>> H2,-0.0256945757637782,H1,0.322989498513837,AX,0.0674966001833396,L1,0.0258362178549292,L2,0.0898...
GetData ===>> H2,-0.0618907825817095,H1,0.322129508799418,AX,-0.0306788239127808,L1,0.034209872122315,L2,0.0005...
GetData ===>> H2,-0.056045858591266,H1,0.167761503320096,AX,-0.00718021339392684,L1,0.0302396289624021,L2,-0.05...
GetData ===>> H2,-0.0151475627007427,H1,0.208246075417873,AX,0.0442674453350409,L1,0.0295716665840782,L2,-0.067...
GetData ===>> H2,-0.114738521208978,H1,0.345686337586826,AX,0.0774849320676607,L1,-0.0132470458660892,L2,0.0268...
GetData ===>> H2,-0.141349558093621,H1,0.264407623030727,AX,0.0160688118022222,L1,-0.0494651012649208,L2,-0.087...
GetData ===>> H2,-0.165887157876274,H1,0.270066098429989,AX,0.0262100958566488,L1,-0.041849329250342,L2,-0.0426...
GetData ===>> H2,-0.218092615250426,H1,0.24743411326662,AX,0.0296449120989924,L1,-0.0268776694729977,L2,0.02755...
GetData ===>> H2,-0.189153260041505,H1,0.192284087493078,AX,-0.00987135870910241,L1,-0.0232550193918286,L2,-0.0...
GetData ===>> H2,-0.147469671664284,H1,0.231489749439207,AX,-0.041347593578146,L1,-0.00209405844617463,L2,-0.06...
GetData ===>> H2,-0.164386044375877,H1,0.261948553975278,AX,-0.171227191271347,L1,-0.0195208639395717,L2,-0.142...
GetData ===>> H2,-0.164386044375877,H1,0.261948553975278,AX,-0.171227191271347,L1,-0.0195208639395717,L2,-0.142...
Peak center failed to move to a baseline position
_do_sweep sm= 5.86440537653, em= 5.89440537653, stm= 0.001
calculated step values: start=5.86440537653, end=5.89440537653, width=0.001, nsteps=31.0
setting magnet DAC
current  : 5.864405
requested: 5.864405
Delta Dac: 0.000000
Checking detector protection. dv=0.00000
Checking detector "CDD". Protection Threshold: 0.1 (V)
SetMagnetDAC 5.86440537653 ===>> OK
GetData ===>> H2,-0.231110748759207,H1,0.325617290569169,AX,-0.174145403967898,L1,-0.0109071422054144,L2,-0.001...
setting magnet DAC
current  : 5.864405
requested: 5.865440
Delta Dac: 0.001034
Checking detector protection. dv=0.00103
Checking detector "CDD". Protection Threshold: 0.1 (V)
SetMagnetDAC 5.86543985929 ===>> OK
Magnet settling time: 1.049
GetData ===>> H2,-0.253088032836546,H1,0.603858425182913,AX,-0.0288000716254798,L1,0.000433270182043074,L2,0.05...
setting magnet DAC
current  : 5.865440
requested: 5.866474
Delta Dac: 0.001034
Checking detector protection. dv=0.00103
Checking detector "CDD". Protection Threshold: 0.1 (V)
SetMagnetDAC 5.86647434205 ===>> OK
Magnet settling time: 1.049
GetData ===>> H2,-0.349604030993347,H1,2.10088685222825,AX,0.172668795842071,L1,-0.0423474876184723,L2,-0.07507...
setting magnet DAC
current  : 5.866474
requested: 5.867509
Delta Dac: 0.001034
Checking detector protection. dv=0.00103
Checking detector "CDD". Protection Threshold: 0.1 (V)
SetMagnetDAC 5.86750882481 ===>> OK
Magnet settling time: 1.049
GetData ===>> H2,-0.338499429637386,H1,7.3339093033977,AX,0.902555092269729,L1,-0.0431066526368661,L2,-0.042941...
setting magnet DAC
current  : 5.867509
requested: 5.868543
Delta Dac: 0.001034
Checking detector protection. dv=0.00103
Checking detector "CDD". Protection Threshold: 0.1 (V)
SetMagnetDAC 5.86854330756 ===>> OK
Magnet settling time: 1.049
GetData ===>> H2,-0.275345694642901,H1,24.3731763259266,AX,3.14566219078687,L1,0.00574141295059871,L2,-0.002231...
setting magnet DAC
current  : 5.868543
requested: 5.869578
Delta Dac: 0.001034
Checking detector protection. dv=0.00103
Checking detector "CDD". Protection Threshold: 0.1 (V)
SetMagnetDAC 5.86957779032 ===>> OK
Magnet settling time: 1.049
GetData ===>> H2,-0.303480374338422,H1,63.1182505674645,AX,8.59805661116357,L1,0.0465667703298817,L2,0.02416581...
setting magnet DAC
current  : 5.869578
requested: 5.870612
Delta Dac: 0.001034
Checking detector protection. dv=0.00103
Checking detector "CDD". Protection Threshold: 0.1 (V)
SetMagnetDAC 5.87061227308 ===>> OK
Magnet settling time: 1.049
GetData ===>> H2,-0.293691170133127,H1,125.452666787658,AX,18.6649250186999,L1,0.0491228355748532,L2,-0.1051333...
setting magnet DAC
current  : 5.870612
requested: 5.871647
Delta Dac: 0.001034
Checking detector protection. dv=0.00103
Checking detector "CDD". Protection Threshold: 0.1 (V)
SetMagnetDAC 5.87164675584 ===>> OK
Magnet settling time: 1.049
GetData ===>> H2,-0.115726431366154,H1,232.438423747657,AX,39.6454538203436,L1,0.273967213022992,L2,0.200777349...
setting magnet DAC
current  : 5.871647
requested: 5.872681
Delta Dac: 0.001034
Checking detector protection. dv=0.00103
Checking detector "CDD". Protection Threshold: 0.1 (V)
SetMagnetDAC 5.8726812386 ===>> OK
Magnet settling time: 1.049
GetData ===>> H2,-0.150392230498155,H1,271.692914042376,AX,49.8518911519854,L1,0.460999726586969,L2,0.351303922...
setting magnet DAC
current  : 5.872681
requested: 5.873716
Delta Dac: 0.001034
Checking detector protection. dv=0.00103
Checking detector "CDD". Protection Threshold: 0.1 (V)
SetMagnetDAC 5.87371572136 ===>> OK
Magnet settling time: 1.049
GetData ===>> H2,-0.152545659148847,H1,287.118064526508,AX,54.5779794486324,L1,0.557736598236934,L2,0.552413387...
setting magnet DAC
current  : 5.873716
requested: 5.874750
Delta Dac: 0.001034
Checking detector protection. dv=0.00103
Checking detector "CDD". Protection Threshold: 0.1 (V)
SetMagnetDAC 5.87475020412 ===>> OK
Magnet settling time: 1.049
GetData ===>> H2,-0.234646571580042,H1,291.882865896333,AX,56.6132979487117,L1,0.605201351453733,L2,0.517852660...
setting magnet DAC
current  : 5.874750
requested: 5.875785
Delta Dac: 0.001034
Checking detector protection. dv=0.00103
Checking detector "CDD". Protection Threshold: 0.1 (V)
SetMagnetDAC 5.87578468687 ===>> OK
Magnet settling time: 1.049
GetData ===>> H2,-0.175305074903863,H1,293.354752776842,AX,56.8621364031233,L1,0.647440236376956,L2,0.455231650...
setting magnet DAC
current  : 5.875785
requested: 5.876819
Delta Dac: 0.001034
Checking detector protection. dv=0.00103
Checking detector "CDD". Protection Threshold: 0.1 (V)
SetMagnetDAC 5.87681916963 ===>> OK
Magnet settling time: 1.049
GetData ===>> H2,-0.235154671130888,H1,293.674007782806,AX,56.9724453600414,L1,0.681214831487178,L2,0.574614707...
setting magnet DAC
current  : 5.876819
requested: 5.877854
Delta Dac: 0.001034
Checking detector protection. dv=0.00103
Checking detector "CDD". Protection Threshold: 0.1 (V)
SetMagnetDAC 5.87785365239 ===>> OK
Magnet settling time: 1.049
GetData ===>> H2,-0.187760311857573,H1,293.513257440011,AX,56.904689812108,L1,0.671710064238553,L2,0.5728768290...
setting magnet DAC
current  : 5.877854
requested: 5.878888
Delta Dac: 0.001034
Checking detector protection. dv=0.00103
Checking detector "CDD". Protection Threshold: 0.1 (V)
SetMagnetDAC 5.87888813515 ===>> OK
Magnet settling time: 1.049
GetData ===>> H2,-0.128953436938083,H1,293.740409617725,AX,57.0315063875943,L1,0.68763973969571,L2,0.7387447687...
setting magnet DAC
current  : 5.878888
requested: 5.879923
Delta Dac: 0.001034
Checking detector protection. dv=0.00103
Checking detector "CDD". Protection Threshold: 0.1 (V)
SetMagnetDAC 5.87992261791 ===>> OK
Magnet settling time: 1.049
GetData ===>> H2,-0.215472646133217,H1,293.27728804389,AX,56.7841092897065,L1,0.675141046169744,L2,0.5229262727...
setting magnet DAC
current  : 5.879923
requested: 5.880957
Delta Dac: 0.001034
Checking detector protection. dv=0.00103
Checking detector "CDD". Protection Threshold: 0.1 (V)
SetMagnetDAC 5.88095710067 ===>> OK
Magnet settling time: 1.049
GetData ===>> H2,-0.230080715423179,H1,293.497435191787,AX,56.8745712979124,L1,0.675071571830963,L2,0.535268612...
setting magnet DAC
current  : 5.880957
requested: 5.881992
Delta Dac: 0.001034
Checking detector protection. dv=0.00103
Checking detector "CDD". Protection Threshold: 0.1 (V)
SetMagnetDAC 5.88199158343 ===>> OK
Magnet settling time: 1.049
GetData ===>> H2,-0.290786047091909,H1,293.154523621814,AX,56.8365813106316,L1,0.708376673974056,L2,0.617499979...
setting magnet DAC
current  : 5.881992
requested: 5.883026
Delta Dac: 0.001034
Checking detector protection. dv=0.00103
Checking detector "CDD". Protection Threshold: 0.1 (V)
SetMagnetDAC 5.88302606618 ===>> OK
Magnet settling time: 1.049
GetData ===>> H2,-0.208395964859315,H1,292.685114740882,AX,56.6435180142155,L1,0.729506824282027,L2,0.664812387...
setting magnet DAC
current  : 5.883026
requested: 5.884061
Delta Dac: 0.001034
Checking detector protection. dv=0.00103
Checking detector "CDD". Protection Threshold: 0.1 (V)
SetMagnetDAC 5.88406054894 ===>> OK
Magnet settling time: 1.049
GetData ===>> H2,-0.161245482131397,H1,290.871508356592,AX,56.0165068038205,L1,0.733848642482867,L2,0.539154493...
setting magnet DAC
current  : 5.884061
requested: 5.885095
Delta Dac: 0.001034
Checking detector protection. dv=0.00103
Checking detector "CDD". Protection Threshold: 0.1 (V)
SetMagnetDAC 5.8850950317 ===>> OK
Magnet settling time: 1.049
GetData ===>> H2,-0.0961265397816338,H1,280.50308067156,AX,52.5657215268329,L1,0.592224838144218,L2,0.411071995...
setting magnet DAC
current  : 5.885095
requested: 5.886130
Delta Dac: 0.001034
Checking detector protection. dv=0.00103
Checking detector "CDD". Protection Threshold: 0.1 (V)
SetMagnetDAC 5.88612951446 ===>> OK
Magnet settling time: 1.049
GetData ===>> H2,-0.22252067871876,H1,252.152616206481,AX,43.5524770324999,L1,0.517064034175996,L2,0.4665830998...
setting magnet DAC
current  : 5.886130
requested: 5.887164
Delta Dac: 0.001034
Checking detector protection. dv=0.00103
Checking detector "CDD". Protection Threshold: 0.1 (V)
SetMagnetDAC 5.88716399722 ===>> OK
Magnet settling time: 1.049
GetData ===>> H2,-0.129704938826676,H1,191.515942054552,AX,28.7646196930306,L1,0.427971353305807,L2,0.259636163...
setting magnet DAC
current  : 5.887164
requested: 5.888198
Delta Dac: 0.001034
Checking detector protection. dv=0.00103
Checking detector "CDD". Protection Threshold: 0.1 (V)
SetMagnetDAC 5.88819847998 ===>> OK
Magnet settling time: 1.049
GetData ===>> H2,-0.145456095031979,H1,115.12149829185,AX,14.8510199828403,L1,0.235590507816189,L2,0.1017152772...
setting magnet DAC
current  : 5.888198
requested: 5.889233
Delta Dac: 0.001034
Checking detector protection. dv=0.00103
Checking detector "CDD". Protection Threshold: 0.1 (V)
SetMagnetDAC 5.88923296274 ===>> OK
Magnet settling time: 1.049
GetData ===>> H2,-0.115888819331203,H1,52.2714107471731,AX,5.60538326290251,L1,0.157723810727648,L2,0.111997635...
setting magnet DAC
current  : 5.889233
requested: 5.890267
Delta Dac: 0.001034
Checking detector protection. dv=0.00103
Checking detector "CDD". Protection Threshold: 0.1 (V)
SetMagnetDAC 5.89026744549 ===>> OK
Magnet settling time: 1.049
GetData ===>> H2,-0.0933335795619722,H1,18.3181239189395,AX,1.51828012080516,L1,0.0855734218136363,L2,0.0174461...
setting magnet DAC
current  : 5.890267
requested: 5.891302
Delta Dac: 0.001034
Checking detector protection. dv=0.00103
Checking detector "CDD". Protection Threshold: 0.1 (V)
SetMagnetDAC 5.89130192825 ===>> OK
Magnet settling time: 1.049
GetData ===>> H2,-0.0720716137220917,H1,5.21038668195655,AX,0.261629747933002,L1,0.039008934231016,L2,0.0016169...
setting magnet DAC
current  : 5.891302
requested: 5.892336
Delta Dac: 0.001034
Checking detector protection. dv=0.00103
Checking detector "CDD". Protection Threshold: 0.1 (V)
SetMagnetDAC 5.89233641101 ===>> OK
Magnet settling time: 1.049
GetData ===>> H2,-0.173910421862439,H1,1.28641460471803,AX,0.0499557684905429,L1,0.0505741230579881,L2,0.020817...
setting magnet DAC
current  : 5.892336
requested: 5.893371
Delta Dac: 0.001034
Checking detector protection. dv=0.00103
Checking detector "CDD". Protection Threshold: 0.1 (V)
SetMagnetDAC 5.89337089377 ===>> OK
Magnet settling time: 1.049
GetData ===>> H2,-0.207754615389748,H1,0.21779107969373,AX,0.0481671584655414,L1,-0.0145989553202922,L2,-0.1258...
setting magnet DAC
current  : 5.893371
requested: 5.894405
Delta Dac: 0.001034
Checking detector protection. dv=0.00103
Checking detector "CDD". Protection Threshold: 0.1 (V)
SetMagnetDAC 5.89440537653 ===>> OK
Magnet settling time: 1.049
GetData ===>> H2,-0.191704308619714,H1,-0.0175479937428722,AX,0.0128897251521671,L1,0.00921764645822356,L2,-0.0...
result of _do_sweep=True
result of _calculate_peak_center=([5.8714695047856775, 5.87910477532676, 5.8867400458678425], [214.10719685374832, 293.73762531968561, 216.36604198254216], 5.8788943544850767, 293.73762531968561)
Failed to find a valid peak. No peak greater than 1.0. max = 0.0205309238013
new center pos Detector(H1) (Ar40) @ 5.87910477533
GetHighVoltage ===>> 4499.94659342336
GetDeflection H1 ===>> 0
dac uncorrected for HV and deflection 5.87913939703
update mftable H1 Ar40 5.87913939703 message=automated run peakcenter
get initial guess parabolic
get initial guess parabolic
get initial guess parabolic
get initial guess parabolic
get initial guess parabolic
get initial guess parabolic
dump mftable to /Users/jan/PychronDev/setupfiles/spectrometer/mftables/mftable.csv
add to repo msg=modified - automated run peakcenter
sweep finished
locally archiving mftable
setting magnet DAC
current  : 5.894405
requested: 5.879105
Delta Dac: 0.015301
Checking detector protection. dv=0.01530
Checking detector "CDD". Protection Threshold: 0.1 (V)
SetMagnetDAC 5.87910477533 ===>> OK
Magnet settling time: 0.500
setting integration time = 1.048576
SetIntegrationTime 1.048576 ===>> OK
Failed to find a valid peak. No peak greater than 1.0. max = 0.0205309238013
flush and close file /Users/jan/PychronDev/data/isotopes/24/9eafb9-dac1-46ff-8a13-08035a6d466f.h5
finished measure script
executed snippet estimated_duration=226.132928, duration=272.37886095
jan_unknown120_60.py completed successfully
Measurement Finished
14:15:24 -- ******* Measurement Finished *******
Post Measurement Started jan_pump_ms.py
14:15:24 -- ******* Post Measurement Started jan_pump_ms.py *******
testing...
no interpolation path defined
executed snippet estimated_duration=0, duration=2.98023223877e-05
Pumping spectrometer
open () {'name': 'O'}
opening name=O desc=---
checking ownership. requestor=129.138.12.150
check software interlocks O
interlocks []
actuate state mode=None-script, software_lock=False
doing actuation None-script open_channel True
Open O ===>> OK
GetIndicatorState O ===>> OK
change switch state (True, True)
update switch state O True args=() kw={} ncanvase=2
14:15:24 -- OPEN   VALVE-O (Jan Ion Pump)
---------------------------------------- open O () result=[(True, True)], time=0.13 sec
action=open, ok=True, locked=[False]
executed snippet estimated_duration=0, duration=0.381305932999
jan_pump_ms.py completed successfully
setting _ms_pumptime
Post Measurement Finished
14:15:25 -- ******* Post Measurement Finished *******
$$$$$$$$$$$$$$$$$$$$ state at run end measurement
state changed from measurement to success
post measurement save measured=True aborted=False
Set filtering
setting fod for Ar40= {'filter_outliers': True, 'std_devs': 2, 'iterations': 1}
setting fod for H1= {'filter_outliers': True, 'std_devs': 2, 'iterations': 1}
setting fod for PM41= {'filter_outliers': False, 'std_devs': 2, 'iterations': 1}
setting fod for H2= {'filter_outliers': True, 'std_devs': 2, 'iterations': 1}
setting fod for Ar36= {'filter_outliers': True, 'std_devs': 2, 'iterations': 1}
setting fod for CDD= {'filter_outliers': True, 'std_devs': 10, 'iterations': 1}
setting fod for Ar37= {'filter_outliers': True, 'std_devs': 2, 'iterations': 1}
setting fod for L2= {'filter_outliers': True, 'std_devs': 2, 'iterations': 1}
setting fod for Ar38= {'filter_outliers': True, 'std_devs': 2, 'iterations': 1}
setting fod for L1= {'filter_outliers': True, 'std_devs': 2, 'iterations': 1}
setting fod for Ar39= {'filter_outliers': True, 'std_devs': 2, 'iterations': 1}
setting fod for AX= {'filter_outliers': True, 'std_devs': 2, 'iterations': 1}
persistence save...
persistence save - db
post measurement save
6649874960 connecting to database sqlite:////Users/jan/PychronDev/.appdata/local_lab.db
connected to db sqlite:////Users/jan/PychronDev/.appdata/local_lab.db
create new session 6649874960
close session 6649874960
No database instance. Not saving post measurement to isotopedb database
$$$$$$$$$$$$$$$ auto_save_detector_ic=False
massspec enabled True
create new session 4985539184
MassSpec Database Version: 16.0
close session 4985539184
saving post measurement to secondary database
saving to massspec database 129.138.12.160/massspecdata
setting labnumber to 65584
setting aliquot to 10
setting step to B
setting uuid to 249eafb9-dac1-46ff-8a13-08035a6d466f
setting irradpos to 65584
setting extract_device to Fusions CO2
setting tray to 
setting position to 208
setting power_requested to 0.4
setting extract_value to 0.4
setting duration to 30.0
setting duration_at_request to 30.0
setting first_stage_delay to 30.0
setting cleanup to 30.0
setting comment to O:9
setting irradiation to NM-289
setting level to O
setting irradiation_level to O
setting sample to BW-102
setting material to 
setting project to 
setting mass_spectrometer to jan
no attribute chron_dosages
no attribute production_ratios
no attribute interference_corrections
no attribute production_name
no attribute j
Reference Isotope=Ar40
Reference Detector=H1
%%%%%%%%%%%%%%%%%%%% Comment: O:9 %%%%%%%%%%%%%%%%%%%
adding isotope PM41 H2
add baseline dbdet= PM41. original det= H2
get baseline data PM41 H2
Get data baseline <pychron.processing.isotope.Baseline object at 0x16f8a3150> len t=60
baseline PM41. v=-0.195124816108, e=0.00682737345028
get signal data PM41 H2
Get data signal PM41 0.05+/-0.08 len t=120
adding isotope Ar40 H1
add baseline dbdet= Ar40. original det= H1
get baseline data Ar40 H1
Get data baseline <pychron.processing.isotope.Baseline object at 0x16f8a3990> len t=60
baseline Ar40. v=-0.0254378356588, e=0.00515970472107
get signal data Ar40 H1
Get data signal Ar40 320.863+/-0.033 len t=120
adding isotope Ar39 AX
add baseline dbdet= Ar39. original det= AX
get baseline data Ar39 AX
Get data baseline <pychron.processing.isotope.Baseline object at 0x16f8a3910> len t=60
baseline Ar39. v=-0.0778939599457, e=0.00548124519782
get signal data Ar39 AX
Get data signal Ar39 62.599+/-0.016 len t=120
adding isotope Ar38 L1
add baseline dbdet= Ar38. original det= L1
get baseline data Ar38 L1
Get data baseline <pychron.processing.isotope.Baseline object at 0x16f8a3450> len t=60
baseline Ar38. v=-0.0213218920632, e=0.00303514784646
get signal data Ar38 L1
Get data signal Ar38 0.814+/-0.005 len t=120
adding isotope Ar37 L2
add baseline dbdet= Ar37. original det= L2
get baseline data Ar37 L2
Get data baseline <pychron.processing.isotope.Baseline object at 0x16f8a3110> len t=60
baseline Ar37. v=-0.021476431995, e=0.00690427307739
get signal data Ar37 L2
Get data signal Ar37 0.739+/-0.009 len t=120
adding isotope Ar36 CDD
add baseline dbdet= Ar36. original det= CDD
get baseline data Ar36 CDD
Get data baseline <pychron.processing.isotope.Baseline object at 0x16f8a3cd0> len t=60
baseline Ar36. v=5.95461647173e-05, e=1.2359106831e-05
get signal data Ar36 CDD
Get data signal Ar36 0.01223+/-0.00028 len t=120
65584-10B added analysis time 0.49393415451s
analysis added to mass spec database
mass spec save time= 0.503
persistence save - dvc
================= post measurement started
create new session 4989601072
close session 4989601072
---------------- Experiment Queue saving disabled
DVC saving peakcenter
Failed to find a valid peak. No peak greater than 1.0. max = 0.0205309238013
Smart pull ahead: 0 behind: 0
Up-to-date with origin
add to repo msg=modified - ad8224ebc6dbfeb9f5997218dfa5fe690569839d.json
add to repo msg=modified - 84-10B.json
add to repo msg=modified - 84-10B.dat.json
add to repo msg=modified - 84-10B.blan.json
add to repo msg=modified - 84-10B.inte.json
add to repo msg=modified - 84-10B.icfa.json
add to repo msg=modified - 84-10B.base.json
not at valid file /Users/jan/PychronDev/data/.dvc/repositories/Load1791/655/tags/84-10B.tags.json
add to repo msg=modified - 84-10B.peak.json
add to repo msg=modified - 84-10B.extr.json
not at valid file /Users/jan/PychronDev/data/.dvc/repositories/Load1791/655/monitor/84-10B.moni.json
commit message=<COLLECTION>
add to repo msg=modified - 84-10B.inte.json
add to repo msg=modified - 84-10B.base.json
commit message=<ISOEVO> default collection fits
add to repo msg=modified - 84-10B.blan.json
commit message=<BLANKS> preceding bc-02-J-363
add to repo msg=modified - 84-10B.icfa.json
commit message=<ICFactor> default
push repository <pychron.git_archive.repo_manager.GitRepoManager object at 0x1495375f0>
pushing to remote=origin, url=https://github.com
no changes to meta repo
create new session 4989601072
add association Load1791
get identifier "65584"
setting analysis irradiation position=<pychron.dvc.dvc_orm.IrradiationPositionTbl object at 0x172d447d0>
close session 4989601072
================= post measurement finished
14:15:37 -- ******* Post Run Check *******
loading queue conditionals post_run_actions
loading system conditionals post_run_actions
loading conditionals from /Users/jan/PychronDev/setupfiles/spectrometer/default_conditionals.yaml
loading queue conditionals post_run_terminations
loading system conditionals post_run_terminations
loading conditionals from /Users/jan/PychronDev/setupfiles/spectrometer/default_conditionals.yaml
Checking default post run terminations n=1
GetDeflection CDD ===>> 50
testing CDD==2000
evaluate ot="CDD.deflection==2000" t="CDD==2000", ctx="{'CDD': 50.0}"
14:15:37 -- ******* Post Run Check Passed *******
14:15:37 -- Automated run 65584-10B success duration: 360.647 s
----------------- finish -----------------
----------------- stop -----------------
retroactive repository identifiers disabled
finish run. runs completed=32
update duration runid=65584-10B, duration=360.64719677, md5=301e91d8
write rem/ex queues
/Users/jan/PychronDev/experiments/rem/CurrentExperiment.rem.txt
/Users/jan/PychronDev/experiments/rem/CurrentExperiment.ex.txt
doing event level: 3
