do run
loading script "jan_unknown120_60.py"
loading script "jan_pump_ms.py"
loading script "jan_co2.py"
loading script "jan_pump_extraction_line.py"
testing...
no interpolation path defined
executed snippet estimated_duration=213.652928, duration=0.000414848327637
script duration name:unknown120_60 seconds:214.0
loading script "jan_unknown120_60.py"
loading script "jan_pump_ms.py"
loading script "jan_co2.py"
loading script "jan_pump_extraction_line.py"
testing...
no interpolation path defined
executed snippet estimated_duration=0, duration=2.71797180176e-05
loading script "jan_unknown120_60.py"
loading script "jan_pump_ms.py"
loading script "jan_co2.py"
loading script "jan_pump_extraction_line.py"
testing...
no interpolation path defined
calculate duration
testing...
no interpolation path defined
executed snippet estimated_duration=0, duration=5.50746917725e-05
calculate duration
testing...
no interpolation path defined
executed snippet estimated_duration=0, duration=0.000141859054565
executed snippet estimated_duration=0.0, duration=0.0023820400238
script duration name:co2 seconds:0.0
loading script "jan_unknown120_60.py"
loading script "jan_pump_ms.py"
loading script "jan_co2.py"
loading script "jan_pump_extraction_line.py"
testing...
no interpolation path defined
calculate duration
testing...
no interpolation path defined
executed snippet estimated_duration=4.0, duration=0.000179052352905
executed snippet estimated_duration=4.0, duration=0.00138592720032
Script duration 214.0
Run total estimated duration= 215.000
run duration: 0:03:35
doing event level: 2
17:25:49 -- Setting default integration. t=1.048576
setting integration time = 1.048576
SetIntegrationTime 1.048576 ===>> OK
----------------- start -----------------
**************** Experiment Type: Ar/Ar, Ar/Ar
create new session 4436069840
close session 4436069840
$$$$$ Clearing conditionals
adding conditionals 
Add queue conditionals
add default conditionals
adding default conditionals from /Users/jan/PychronDev/setupfiles/spectrometer/default_conditionals.yaml
Start automated run 65584-19A
loading script "jan_unknown120_60.py"
loading script "jan_pump_ms.py"
loading script "jan_co2.py"
loading script "jan_pump_extraction_line.py"
%%%%%%%%%%%%%%%%%% setting automated run 65584-19A
No value "sensitivity_multiplier" in metadata
$$$$$$$$$$$$$$$ auto_save_detector_ic=False
============================= Pre Extraction Check =============================
loading queue conditionals pre_run_terminations
loading system conditionals pre_run_terminations
loading conditionals from /Users/jan/PychronDev/setupfiles/spectrometer/default_conditionals.yaml
17:25:49 -- ******* Pre Extraction Check *******
Get a measurement from the spectrometer
GetData ===>> H2,-0.25098088499993,H1,-0.0479201607649802,AX,-0.189275487865055,L1,-0.0410625240268229,L2,-0.02...
Pre Extraction Termination data. keys=H2,H1,AX,L1,L2,CDD, signals=-0.25098,-0.04792,-0.18928,-0.04106,-0.02729,0.00298
17:25:49 -- testing system defined conditionals
Checking default pre extraction terminations n=2
testing CDD
evaluate ot="CDD.inactive" t="CDD", ctx="{'CDD': False}"
GetDeflection CDD ===>> 50
testing CDD==2000
evaluate ot="CDD.deflection==2000" t="CDD==2000", ctx="{'CDD': 50.0}"
17:25:49 -- ******* Pre Extraction Check Passed *******
=================================================================================
17:25:49 -- stopping status monitor
stop 4982387056
Alive clients [4989850544]
17:25:49 -- starting status monitor
start 4982387056
Monitor already running
start extraction
do extraction
Analysis started at 17:25:49.732998
Extraction Started jan_co2.py
17:25:49 -- ******* Extraction Started jan_co2.py *******
state changed from not run to extraction
DO EXTRACTION <pychron.extraction_line.pyscript_runner.RemotePyScriptRunner object at 0x12c299590>
testing...
no interpolation path defined
calculate duration
testing...
no interpolation path defined
executed snippet estimated_duration=0, duration=4.91142272949e-05
calculate duration
testing...
no interpolation path defined
executed snippet estimated_duration=0, duration=0.000128030776978
executed snippet estimated_duration=100.0, duration=0.00322699546814
Jan CO2 laser analysis
doing GOSUB
testing...
no interpolation path defined
executed snippet estimated_duration=0, duration=4.6968460083e-05
Waiting for CO2 access
wait ('FelixCO2Flag', 0) {}
waiting for FelixCO2Flag = 0
Read FelixCO2Flag ===>> 0
finished waiting
CO2 free
wait ('CO2PumpTimeFlag', 0) {}
waiting for CO2PumpTimeFlag = 0
Read CO2PumpTimeFlag ===>> 0
finished waiting
acquire ('JanCO2Flag',) {'clear': True}
acquire JanCO2Flag
Set JanCO2Flag 1 ===>> OK
JanCO2Flag acquired
set extraction state False (0.75, 'red', 1.5)
CO2 acquired
executed snippet estimated_duration=0, duration=0.0170781612396
WaitForCO2Access.py completed successfully
gosub finished
doing GOSUB
testing...
no interpolation path defined
executed snippet estimated_duration=0, duration=0.000149965286255
Prepare for CO2 analysis
close () {'description': 'Jan Inlet'}
closing name=--- desc=Jan Inlet
checking ownership. requestor=129.138.12.150
check software interlocks R
interlocks []
actuate state mode=None-script, software_lock=False
doing actuation None-script close_channel False
Close R ===>> OK
GetIndicatorState R ===>> False
change switch state (True, True)
update switch state R False args=() kw={} ncanvase=2
17:25:50 -- CLOSE  VALVE-R (Jan Inlet)
---------------------------------------- close None (Jan Inlet) result=[(True, True)]
action=close, ok=True, locked=[False]
open () {'description': 'Jan Ion Pump'}
opening name=--- desc=Jan Ion Pump
checking ownership. requestor=129.138.12.150
check software interlocks O
interlocks []
actuate state mode=None-script, software_lock=False
doing actuation None-script open_channel False
Open O ===>> OK
GetIndicatorState O ===>> OK
change switch state (True, True)
update switch state O True args=() kw={} ncanvase=2
17:25:50 -- OPEN   VALVE-O (Jan Ion Pump)
---------------------------------------- open None (Jan Ion Pump) result=[(True, True)], time=0.12 sec
action=open, ok=True, locked=[False]
close () {'description': 'Microbone to Minibone'}
closing name=--- desc=Microbone to Minibone
checking ownership. requestor=129.138.12.150
check software interlocks L
interlocks []
actuate state mode=None-script, software_lock=False
doing actuation None-script close_channel False
Close L ===>> OK
GetIndicatorState L ===>> False
change switch state (True, True)
update switch state L False args=() kw={} ncanvase=2
17:25:51 -- CLOSE  VALVE-L (Microbone to Minibone)
---------------------------------------- close None (Microbone to Minibone) result=[(True, True)]
action=close, ok=True, locked=[False]
open () {'description': 'Microbone to Turbo'}
opening name=--- desc=Microbone to Turbo
checking ownership. requestor=129.138.12.150
check software interlocks U
interlocks []
actuate state mode=None-script, software_lock=False
doing actuation None-script open_channel False
Open U ===>> OK
GetIndicatorState U ===>> OK
change switch state (True, True)
update switch state U True args=() kw={} ncanvase=2
17:25:51 -- OPEN   VALVE-U (Microbone to Turbo)
---------------------------------------- open None (Microbone to Turbo) result=[(True, True)], time=0.13 sec
action=open, ok=True, locked=[False]
open () {'description': 'Microbone to Inlet Pipette'}
opening name=--- desc=Microbone to Inlet Pipette
checking ownership. requestor=129.138.12.150
check software interlocks S
interlocks []
actuate state mode=None-script, software_lock=False
doing actuation None-script open_channel False
Open S ===>> OK
GetIndicatorState S ===>> OK
change switch state (True, True)
update switch state S True args=() kw={} ncanvase=2
17:25:52 -- OPEN   VALVE-S (Microbone to Inlet Pipette)
---------------------------------------- open None (Microbone to Inlet Pipette) result=[(True, True)], time=0.39 sec
action=open, ok=True, locked=[False]
open () {'description': 'Microbone to Getter D-50'}
opening name=--- desc=Microbone to Getter D-50
checking ownership. requestor=129.138.12.150
check software interlocks K
interlocks []
actuate state mode=None-script, software_lock=False
doing actuation None-script open_channel False
Open K ===>> OK
GetIndicatorState K ===>> OK
change switch state (True, True)
update switch state K True args=() kw={} ncanvase=2
17:25:52 -- OPEN   VALVE-K (Microbone to Getter D-50)
---------------------------------------- open None (Microbone to Getter D-50) result=[(True, True)], time=0.42 sec
action=open, ok=True, locked=[False]
open () {'description': 'Microbone to Getter NP-10'}
opening name=--- desc=Microbone to Getter NP-10
checking ownership. requestor=129.138.12.150
check software interlocks M
interlocks []
actuate state mode=None-script, software_lock=False
doing actuation None-script open_channel False
Open M ===>> OK
GetIndicatorState M ===>> OK
change switch state (True, True)
update switch state M True args=() kw={} ncanvase=2
17:25:53 -- OPEN   VALVE-M (Microbone to Getter NP-10)
---------------------------------------- open None (Microbone to Getter NP-10) result=[(True, True)], time=0.13 sec
action=open, ok=True, locked=[False]
close () {'description': 'CO2 Laser to Felix'}
closing name=--- desc=CO2 Laser to Felix
checking ownership. requestor=129.138.12.150
check software interlocks F
interlocks []
actuate state mode=None-script, software_lock=True
VALVE-F(CO2 Laser to Felix) software locked
change switch state (True, False)
---------------------------------------- close None (CO2 Laser to Felix) result=[(True, False)]
action=close, ok=True, locked=[True]
open () {'description': 'CO2 Laser to Jan'}
opening name=--- desc=CO2 Laser to Jan
checking ownership. requestor=129.138.12.150
check software interlocks A
interlocks []
actuate state mode=None-script, software_lock=False
doing actuation None-script open_channel False
Open A ===>> OK
GetIndicatorState A ===>> OK
change switch state (True, True)
update switch state A True args=() kw={} ncanvase=2
17:25:53 -- OPEN   VALVE-A (CO2 Laser to Jan)
---------------------------------------- open None (CO2 Laser to Jan) result=[(True, True)], time=0.14 sec
action=open, ok=True, locked=[False]
open () {'description': 'Microbone to CO2 Laser'}
opening name=--- desc=Microbone to CO2 Laser
checking ownership. requestor=129.138.12.150
check software interlocks T
interlocks []
actuate state mode=None-script, software_lock=False
doing actuation None-script open_channel False
Open T ===>> OK
GetIndicatorState T ===>> OK
change switch state (True, True)
update switch state T True args=() kw={} ncanvase=2
17:25:54 -- OPEN   VALVE-T (Microbone to CO2 Laser)
---------------------------------------- open None (Microbone to CO2 Laser) result=[(True, True)], time=0.45 sec
action=open, ok=True, locked=[False]
executed snippet estimated_duration=0, duration=4.91884279251
PrepareForCO2Analysis.py completed successfully
gosub finished
set_motor ('beam', '1.25') {}
setting motor "beam" to 1.25
set motor beam to 1.25
SetMotor beam,1.25 ===>> OK
GetMotorMoving beam ===>> False
GetMotorMoving beam ===>> False
Block completed
move_to_position ('216',) {'autocenter': True}
FusionsCO2 move to position 216
sending GoToHole 216,True
GoToHole 216,True ===>> OK
GetDriveMoving ===>> OK
GetDriveMoving ===>> OK
GetDriveMoving ===>> OK
GetDriveMoving ===>> False
GetDriveMoving ===>> OK
GetDriveMoving ===>> OK
GetDriveMoving ===>> False
Block completed
GetAutoCorrecting ===>> False
GetAutoCorrecting ===>> False
Block completed
update position
GetPosition ===>> 7.97560,-13.95730,1.00000
got position (7.9756, -13.9573, 1.0)
move to position succeeded
sleep (5,) {}
SLEEP 5.0
block started
WaitControl setup for 5.0  
Join finished
block finished. duration 5.04552507401
close () {'description': 'Microbone to Turbo'}
closing name=--- desc=Microbone to Turbo
checking ownership. requestor=129.138.12.150
check software interlocks U
interlocks []
actuate state mode=None-script, software_lock=False
doing actuation None-script close_channel True
Close U ===>> OK
GetIndicatorState U ===>> False
change switch state (True, True)
update switch state U False args=() kw={} ncanvase=2
17:26:04 -- CLOSE  VALVE-U (Microbone to Turbo)
---------------------------------------- close None (Microbone to Turbo) result=[(True, True)]
action=close, ok=True, locked=[False]
enable laser
enable () {}
set extraction state FusionsCO2 Enabled (False, 'red', 1.5)
enabling laser
Enable ===>> OK
begin interval
BEGIN INTERVAL Interval 1 waiting for 30.0
set extract to 0.3
block started
WaitControl setup for 30.0  
extract (0.3,) {}
GetPosition ===>> 7.97560,-13.95730,1.00000
set extraction state FusionsCO2 ON! 0.3(watts) (0.75, 'red', 1.5)
extract sample to 0.3 (watts)
set laser output
SetLaserOutput 0.3,watts ===>> OK
executing pattern triangle.lp
execute_pattern ('triangle.lp',) {}
executing pattern triangle.lp
IsPatterning ===>> OK
IsPatterning ===>> OK
IsPatterning ===>> OK
IsPatterning ===>> OK
IsPatterning ===>> OK
IsPatterning ===>> OK
IsPatterning ===>> OK
IsPatterning ===>> OK
IsPatterning ===>> OK
IsPatterning ===>> OK
IsPatterning ===>> OK
IsPatterning ===>> OK
IsPatterning ===>> OK
IsPatterning ===>> OK
IsPatterning ===>> OK
IsPatterning ===>> OK
IsPatterning ===>> OK
IsPatterning ===>> OK
IsPatterning ===>> OK
IsPatterning ===>> OK
IsPatterning ===>> OK
IsPatterning ===>> OK
IsPatterning ===>> OK
IsPatterning ===>> OK
IsPatterning ===>> OK
IsPatterning ===>> OK
IsPatterning ===>> False
IsPatterning ===>> False
Block completed
COMPLETE INTERVAL waiting for Interval 1 to complete
Join finished
block finished. duration 30.0476338863
Interval 1 finished
end_extract () {}
ending extraction. set laser power to 0
set laser power 0
SetLaserPower 0 ===>> OK
disable () {}
%%%%%%%%%%%%%%%%%%%%%%%%%%%%%%%%%%% disable
set extraction state False (0.75, 'red', 1.5)
disabling laser
Disable ===>> OK
sleep (30.0,) {}
SLEEP 30.0
block started
WaitControl setup for 30.0  
State checksums do not match. Local:1550443794 Remote:-1921872142
State checksum failed
set states for children of D. state=False
handle state [('D', False)]
update switch state D False args=() kw={'refresh': False} ncanvase=2
refresh_canvas_needed fired
set states for children of B. state=False
handle state [('B', False)]
update switch state B False args=() kw={'refresh': False} ncanvase=2
refresh_canvas_needed fired
Join finished
block finished. duration 30.0603060722
executed snippet estimated_duration=166.5, duration=75.8156869411
jan_co2.py completed successfully
GetAchievedOutput ===>> No Response
Requested Output= 0.000
Achieved Output=  0.000
GetResponseBlob ===>> No Response
GetOutputBlob ===>> No Response
persistence save...
persistence save - db
AutomatedRunPersister post_extraction_save deprecated
persistence save - dvc
no extraction position for 216
create new session 4989601072
close session 4989601072
Extraction Finished
17:27:05 -- ******* Extraction Finished *******
no overlap. not waiting for min ms pumptime
17:27:05 -- Sending spectrometer configuration
======== Sending configuration ========
SetDeflection CDD,50.0 ===>> OK
SetDeflection H2,0.0 ===>> OK
SetDeflection H1,0.0 ===>> OK
SetDeflection L2,825.0 ===>> OK
SetDeflection L1,400.0 ===>> OK
SetDeflection AX,190.0 ===>> OK
SetZFocus 74.64 ===>> OK
SetZSymmetry -50.72 ===>> OK
SetExtractionLens 26.13 ===>> OK
SetIonRepeller -3.81 ===>> OK
SetElectronEnergy 75.08 ===>> OK
SetYSymmetry -2.81 ===>> OK
SetIonCounterVoltage 1590.0 ===>> OK
send trap current 200.0
GetParameter Trap Current Readback ===>> 198.147042666178
SetParameter Trap Current Set,200.0 ===>> OK
updating mftable name mftable
Using mftable located at /Users/jan/PychronDev/setupfiles/spectrometer/mftables/mftable.csv
============ MFtable ===========
Isotope  H2     H1     AX     L1     L2     CDD    
Ar40     5.8088 5.8794 5.9929 6.1487 6.2312 6.3770
Ar39     5.7081 5.7717 5.8853 6.0348 6.1163 6.2635
Ar36     5.3856 5.4407 5.5487 5.6937 5.7713 5.9146
================================
get initial guess parabolic
get initial guess parabolic
get initial guess parabolic
get initial guess parabolic
get initial guess parabolic
get initial guess parabolic
======== Configuration Finished ========
GetYSymmetry ===>> -2.81
GetZSymmetry ===>> -50.72
GetParameter Trap Current Readback ===>> 197.923274125618
GetHighVoltage ===>> 4499.94659342336
start measurement
do measurement
L#=65584 analysis type=unknown
Measurement Started jan_unknown120_60.py
17:27:05 -- ******* Measurement Started jan_unknown120_60.py *******
state changed from extraction to measurement
setting spec, defl, and gains
GetExtractionLens ===>> 26.13
GetYSymmetry ===>> -2.81
GetZSymmetry ===>> -50.72
GetZFocus ===>> 74.64
GetDeflection H2 ===>> 0
GetDeflection H1 ===>> 0
GetDeflection AX ===>> 190
GetDeflection L1 ===>> 400
GetDeflection L2 ===>> 825
GetDeflection CDD ===>> 50
GetGain H2 ===>> 0.0113
GetGain H1 ===>> 0.1
GetGain AX ===>> 0.097049
GetGain L1 ===>> 0.010355
GetGain L2 ===>> 0.095649
GetGain CDD ===>> 0
pre measurement save
New frame /Users/jan/PychronDev/data/isotopes/c2/8aefad-796d-4a93-9f00-b51e28f48d9d.h5
flush and close file /Users/jan/PychronDev/data/isotopes/c2/8aefad-796d-4a93-9f00-b51e28f48d9d.h5
testing...
no interpolation path defined
executed snippet estimated_duration=226.132928, duration=0.000193119049072
unknown measurement script
activate_detectors ('H2', 'H1', 'AX', 'L1', 'L2', 'CDD') {}
activate detectors
*************** Set Analysis View Ar/Ar
create graphs
clearing graphs
clear isotope group
setting isotope det=H2, iso=PM41
setting isotope det=H1, iso=Ar40
setting isotope det=AX, iso=Ar39
setting isotope det=L1, iso=Ar38
setting isotope det=L2, iso=Ar37
setting isotope det=CDD, iso=Ar36
setting previous blanks
 - setting Ar40 blank 1.057+/-0.007
 - setting Ar36 blank 0.00842+/-0.00021
 - setting Ar37 blank 0.052+/-0.006
 - setting Ar38 blank 0.0146+/-0.0025
 - setting PM41 blank 0.03+/-0.06
 - setting Ar39 blank 0.023+/-0.010
load analysis view
position_magnet ('Ar40',) {'detector': 'H1'}
detector Detector(H1)
POSITION Ar40 H1
setting detector H2 to PM41 (40.9624)
setting detector H1 to Ar40 (39.9624)
setting detector AX to Ar39 (38.9624)
setting detector L1 to Ar38 (37.9624)
setting detector L2 to Ar37 (36.9624)
setting detector CDD to Ar36 (35.9624)
Mapping mass to dac mass func: "parabolic"
H1 map mass coeffs = [-0.00063987  0.15840543  0.57102999]
H1 map mass to dac 39.9624 >> 5.87942
GetDeflection H1 ===>> 0
GetHighVoltage ===>> 4499.94659342336
positioning Ar40 (5.87938537665) on H1
setting magnet DAC
current  : 5.879386
requested: 5.879385
Delta Dac: 0.000000
Checking detector protection. dv=0.00000
Checking detector "CDD". Protection Threshold: 0.1 (V)
SetMagnetDAC 5.87938537665 ===>> OK
Magnet settling time: 0.500
equilibrate () {'delay': 3, 'inlet': 'R', 'outlet': 'O', 'eqtime': 12.0}
Equilibration Started
17:27:07 -- ******* Equilibration Started *******
checking ownership. requestor=129.138.12.150
check software interlocks O
interlocks []
actuate state mode=None-script, software_lock=False
doing actuation None-script close_channel True
Close O ===>> OK
GetIndicatorState O ===>> False
change switch state (True, True)
update switch state O False args=() kw={} ncanvase=2
17:27:07 -- CLOSE  VALVE-O (Jan Ion Pump)
waiting 3s before opening inlet value ('R',)
update labels <pychron.experiment.plot_panel.PlotPanel object at 0x1acb4ea10>
update labels "<pychron.graph.stacked_regression_graph.StackedRegressionGraph object at 0x1a8eb01d0>"
setting label 0 H2 PM41
setting label 1 H1 Ar40
setting label 2 AX Ar39
setting label 3 L1 Ar38
setting label 4 L2 Ar37
setting label 5 CDD Ar36
update labels "<pychron.graph.stacked_graph.StackedGraph object at 0x15911b050>"
setting label 0 H2 PM41
setting label 1 H1 Ar40
setting label 2 AX Ar39
setting label 3 L1 Ar38
setting label 4 L2 Ar37
setting label 5 CDD Ar36
checking ownership. requestor=129.138.12.150
check software interlocks R
interlocks []
actuate state mode=None-script, software_lock=False
doing actuation None-script open_channel True
Open R ===>> OK
GetIndicatorState R ===>> OK
change switch state (True, True)
update switch state R True args=() kw={} ncanvase=2
17:27:10 -- OPEN   VALVE-R (Jan Inlet)
equilibrating for 12.0sec
set_time_zero () {}
sniff (12.0,) {}
py_sniff
build tables- sniff [Detector(H2), Detector(H1), Detector(AX), Detector(L1), Detector(L2), Detector(CDD)]
add group /sniff/PM41 (Group) '' table H2
add group /sniff/Ar40 (Group) '' table H1
add group /sniff/Ar39 (Group) '' table AX
add group /sniff/Ar38 (Group) '' table L1
add group /sniff/Ar37 (Group) '' table L2
add group /sniff/Ar36 (Group) '' table CDD
flush and close file /Users/jan/PychronDev/data/isotopes/c2/8aefad-796d-4a93-9f00-b51e28f48d9d.h5
measuring sniff. ncounts=12.0
"sniff" increment series count="1" fit count="0" regressing="False"
starting measurement
GetData ===>> H2,-0.268623638452031,H1,-0.0634067751240196,AX,-0.111848027198108,L1,0.0382934983757176,L2,-0.06...
GetData ===>> H2,0.433452592147135,H1,66.0576642505874,AX,14.5730680773934,L1,0.0963232573345184,L2,0.415382796...
GetData ===>> H2,0.746820569536982,H1,202.366624442621,AX,41.4143329605715,L1,0.326204404971849,L2,0.6642111265...
GetData ===>> H2,0.341892181331072,H1,251.005508101729,AX,49.5721603370595,L1,0.523153951577325,L2,0.6307287467...
GetData ===>> H2,0.0120094938709469,H1,267.365921437794,AX,52.0541233330284,L1,0.637481299023333,L2,0.596741114...
GetData ===>> H2,-0.0137697874298437,H1,273.775796239999,AX,53.1101944713981,L1,0.627124489935136,L2,0.61656201...
GetData ===>> H2,-0.0176856778440182,H1,276.448796706071,AX,53.4350951753717,L1,0.665840573503389,L2,0.71025274...
GetData ===>> H2,-0.00532335650614907,H1,277.175019094464,AX,53.5922949975022,L1,0.698209054104706,L2,0.7124375...
GetData ===>> H2,-0.11030269278888,H1,277.565687280782,AX,53.4962935821682,L1,0.700140250397157,L2,0.6378494903...
GetData ===>> H2,-0.0752954334459145,H1,277.911716180527,AX,53.6489974682051,L1,0.667961589528155,L2,0.69570368...
GetData ===>> H2,-0.0555447233905655,H1,277.884306458333,AX,53.6228102235342,L1,0.689648670532246,L2,0.66915045...
GetData ===>> H2,-0.0421029405108573,H1,278.100773567589,AX,53.4425160362387,L1,0.703610104273993,L2,0.64253598...
Equilibration Finished
17:27:23 -- ******* Equilibration Finished *******
checking ownership. requestor=129.138.12.150
check software interlocks R
interlocks []
actuate state mode=None-script, software_lock=False
doing actuation None-script close_channel True
Close R ===>> OK
State checksums do not match. Local:-643835901 Remote:187403569
State checksum failed
GetIndicatorState R ===>> False
change switch state (True, True)
update switch state R False args=() kw={} ncanvase=2
17:27:23 -- CLOSE  VALVE-R (Jan Inlet)
Post Equilibration Started jan_pump_extraction_line.py
17:27:23 -- ******* Post Equilibration Started jan_pump_extraction_line.py *******
testing...
no interpolation path defined
calculate duration
testing...
no interpolation path defined
executed snippet estimated_duration=4.0, duration=0.000169992446899
executed snippet estimated_duration=4.0, duration=0.00150609016418
Pump after analysis
doing GOSUB
testing...
no interpolation path defined
executed snippet estimated_duration=4.0, duration=0.000144958496094
Pump Microbone
close () {'description': 'Jan Inlet'}
closing name=--- desc=Jan Inlet
checking ownership. requestor=129.138.12.150
check software interlocks R
interlocks []
actuate state mode=None-script, software_lock=False
doing actuation None-script close_channel False
measurement finished
estimated time: 12.583 actual time: :12.659
flush and close file /Users/jan/PychronDev/data/isotopes/c2/8aefad-796d-4a93-9f00-b51e28f48d9d.h5
set_fits () {}
using default fits file=/Users/jan/PychronDev/scripts/measurement/fits/nominal_linear.yaml
set "Ar40" to "('Linear', 'SEM')"
No fit for "PM41". defaulting to linear. check the measurement script "jan_unknown120_60.py"
set "PM41" to "linear"
set "Ar36" to "('Linear', 'SEM')"
set "Ar37" to "('linear', 'SEM')"
set "Ar38" to "('linear', 'SEM')"
set "Ar39" to "('Linear', 'SEM')"
set_baseline_fits () {}
using default fits file=/Users/jan/PychronDev/scripts/measurement/fits/nominal_linear.yaml
set "H1" to "('average', 'SEM')"
set "H2" to "('average', 'SEM')"
set "CDD" to "('average', 'SEM')"
set "L2" to "('average', 'SEM')"
set "L1" to "('average', 'SEM')"
set "AX" to "('average', 'SEM')"
multicollect () {'integration_time': 1, 'ncounts': 120}
build tables- signal [Detector(H2), Detector(H1), Detector(AX), Detector(L1), Detector(L2), Detector(CDD)]
add group /signal/PM41 (Group) '' table H2
add group /signal/Ar40 (Group) '' table H1
add group /signal/Ar39 (Group) '' table AX
add group /signal/Ar38 (Group) '' table L1
add group /signal/Ar37 (Group) '' table L2
add group /signal/Ar36 (Group) '' table CDD
flush and close file /Users/jan/PychronDev/data/isotopes/c2/8aefad-796d-4a93-9f00-b51e28f48d9d.h5
measuring signal. ncounts=120
Close R ===>> OK
GetIndicatorState R ===>> False
change switch state (True, True)
update switch state R False args=() kw={} ncanvase=2
17:27:24 -- CLOSE  VALVE-R (Jan Inlet)
"signal" increment series count="2" fit count="1" regressing="True"
---------------------------------------- close None (Jan Inlet) result=[(True, True)]
action=close, ok=True, locked=[False]
is_closed ('F',) {}
is F () closed?
is closed True
open () {'description': 'CO2 Laser to Jan'}
opening name=--- desc=CO2 Laser to Jan
checking ownership. requestor=129.138.12.150
check software interlocks A
interlocks []
actuate state mode=None-script, software_lock=False
doing actuation None-script open_channel False
Open A ===>> OK
GetIndicatorState A ===>> OK
change switch state (True, True)
update switch state A True args=() kw={} ncanvase=2
17:27:24 -- OPEN   VALVE-A (CO2 Laser to Jan)
---------------------------------------- open None (CO2 Laser to Jan) result=[(True, True)], time=0.19 sec
starting measurement
GetData ===>> H2,-0.00358108859535704,H1,278.074151158135,AX,53.5196778935689,L1,0.732144327568535,L2,0.5849740...
action=open, ok=True, locked=[False]
sleep (1,) {}
SLEEP 1.0
GetData ===>> H2,0.0226949076857218,H1,278.263139780866,AX,53.5196187246651,L1,0.727344051104207,L2,0.613382161...
close () {'description': 'CO2 Laser to Roughing'}
closing name=--- desc=CO2 Laser to Roughing
checking ownership. requestor=129.138.12.150
check software interlocks G
interlocks []
actuate state mode=None-script, software_lock=True
VALVE-G(CO2 Laser to Roughing) software locked
change switch state (True, False)
---------------------------------------- close None (CO2 Laser to Roughing) result=[(True, False)]
action=close, ok=True, locked=[True]
open () {'description': 'Microbone to Turbo'}
opening name=--- desc=Microbone to Turbo
checking ownership. requestor=129.138.12.150
check software interlocks U
interlocks []
actuate state mode=None-script, software_lock=False
doing actuation None-script open_channel True
Open U ===>> OK
GetIndicatorState U ===>> OK
change switch state (True, True)
update switch state U True args=() kw={} ncanvase=2
17:27:26 -- OPEN   VALVE-U (Microbone to Turbo)
---------------------------------------- open None (Microbone to Turbo) result=[(True, True)], time=0.17 sec
action=open, ok=True, locked=[False]
open () {'description': 'Microbone to Getter NP-10'}
opening name=--- desc=Microbone to Getter NP-10
checking ownership. requestor=129.138.12.150
check software interlocks M
interlocks []
actuate state mode=None-script, software_lock=False
doing actuation None-script open_channel False
Open M ===>> OK
GetIndicatorState M ===>> OK
change switch state (True, True)
update switch state M True args=() kw={} ncanvase=2
17:27:26 -- OPEN   VALVE-M (Microbone to Getter NP-10)
---------------------------------------- open None (Microbone to Getter NP-10) result=[(True, True)], time=0.19 sec
GetData ===>> H2,-0.0952916942120039,H1,277.906900731493,AX,53.5880355916409,L1,0.718658181788647,L2,0.67995611...
action=open, ok=True, locked=[False]
open () {'description': 'Microbone to Getter D-50'}
opening name=--- desc=Microbone to Getter D-50
checking ownership. requestor=129.138.12.150
check software interlocks K
interlocks []
actuate state mode=None-script, software_lock=False
doing actuation None-script open_channel False
Open K ===>> OK
GetIndicatorState K ===>> OK
change switch state (True, True)
update switch state K True args=() kw={} ncanvase=2
17:27:27 -- OPEN   VALVE-K (Microbone to Getter D-50)
---------------------------------------- open None (Microbone to Getter D-50) result=[(True, True)], time=0.57 sec
action=open, ok=True, locked=[False]
open () {'description': 'Microbone to CO2 Laser'}
opening name=--- desc=Microbone to CO2 Laser
checking ownership. requestor=129.138.12.150
check software interlocks T
interlocks []
actuate state mode=None-script, software_lock=False
doing actuation None-script open_channel False
GetData ===>> H2,-0.162665999005538,H1,277.961757001275,AX,53.557824626411,L1,0.702306445861129,L2,0.6269685671...
Open T ===>> OK
GetIndicatorState T ===>> OK
change switch state (True, True)
update switch state T True args=() kw={} ncanvase=2
17:27:28 -- OPEN   VALVE-T (Microbone to CO2 Laser)
---------------------------------------- open None (Microbone to CO2 Laser) result=[(True, True)], time=0.44 sec
action=open, ok=True, locked=[False]
open () {'description': 'Microbone to Inlet Pipette'}
opening name=--- desc=Microbone to Inlet Pipette
checking ownership. requestor=129.138.12.150
check software interlocks S
interlocks []
actuate state mode=None-script, software_lock=False
doing actuation None-script open_channel False
Open S ===>> OK
GetIndicatorState S ===>> OK
change switch state (True, True)
update switch state S True args=() kw={} ncanvase=2
17:27:28 -- OPEN   VALVE-S (Microbone to Inlet Pipette)
---------------------------------------- open None (Microbone to Inlet Pipette) result=[(True, True)], time=0.43 sec
testing H1>-5.0
evaluate ot="H1.bs>-5.0" t="H1>-5.0", ctx="{'H1': None}"
GetData ===>> H2,-0.0744278846801242,H1,277.887326502345,AX,53.4680933205087,L1,0.655922378806518,L2,0.63095733...
action=open, ok=True, locked=[False]
sleep (1,) {}
SLEEP 1.0
GetData ===>> H2,-0.182843889549244,H1,277.600497081253,AX,53.3395587398538,L1,0.660347281013868,L2,0.655087763...
set_resource () {'name': 'CO2PumpTimeFlag', 'value': 30}
Set CO2PumpTimeFlag 30 ===>> OK
release ('JanCO2Flag',) {}
release JanCO2Flag
Set JanCO2Flag 0 ===>> OK
executed snippet estimated_duration=6.0, duration=6.24948215485
PumpMicrobone.py completed successfully
gosub finished
get_resource_value () {'name': 'JanMiniboneFlag'}
Read JanMiniboneFlag ===>> 0
Get Resource Value JanMiniboneFlag=0.0
get resource value 0.0
get_resource_value () {'name': 'JanMiniboneFlag'}
Read JanMiniboneFlag ===>> 0
Get Resource Value JanMiniboneFlag=0.0
executed snippet estimated_duration=4.0, duration=6.27362394333
jan_pump_extraction_line.py completed successfully
Post Equilibration Finished
17:27:30 -- ******* Post Equilibration Finished *******
GetData ===>> H2,-0.166370387711102,H1,277.509910180287,AX,53.4501738839294,L1,0.682975798348396,L2,0.509945673...
GetData ===>> H2,-0.0313608747424158,H1,277.451242968781,AX,53.453056786897,L1,0.669677561196589,L2,0.566119980...
GetData ===>> H2,-0.134101041683057,H1,277.202533494947,AX,53.4739783204773,L1,0.673853365040333,L2,0.695497813...
testing H1>-5.0
evaluate ot="H1.bs>-5.0" t="H1>-5.0", ctx="{'H1': None}"
GetData ===>> H2,-0.182362252111331,H1,277.025466809099,AX,53.4535003163763,L1,0.639045371842335,L2,0.649383244...
GetData ===>> H2,-0.170315093853835,H1,276.907919387211,AX,53.3057573917234,L1,0.650491053760286,L2,0.640009820...
GetData ===>> H2,-0.150625375089414,H1,277.008046830093,AX,53.3582738990094,L1,0.662561349709147,L2,0.572922562...
GetData ===>> H2,-0.157608309456935,H1,276.780528261657,AX,53.2549766246359,L1,0.713157852126739,L2,0.632648895...
GetData ===>> H2,-0.217462529165264,H1,276.897201046439,AX,53.3386127088564,L1,0.708490959304273,L2,0.588267298...
testing H1>-5.0
evaluate ot="H1.bs>-5.0" t="H1>-5.0", ctx="{'H1': None}"
GetData ===>> H2,-0.28026883463354,H1,276.735702414338,AX,53.3721244232124,L1,0.69176011415173,L2,0.58546572893...
GetData ===>> H2,-0.223780716314377,H1,276.835061219023,AX,53.3162352676183,L1,0.675838296465728,L2,0.612123974...
GetData ===>> H2,-0.247245681395448,H1,276.614819786051,AX,53.2209472751232,L1,0.679652125028754,L2,0.635929237...
GetData ===>> H2,-0.254647633651039,H1,276.541623560285,AX,53.2870058298565,L1,0.687988117896732,L2,0.662541875...
GetData ===>> H2,-0.171970570495603,H1,276.479413074172,AX,53.3323158739203,L1,0.662546480300436,L2,0.593367508...
testing H1>-5.0
evaluate ot="H1.bs>-5.0" t="H1>-5.0", ctx="{'H1': None}"
GetData ===>> H2,-0.0283711696396438,H1,276.538555265262,AX,53.3309412552919,L1,0.651243066651087,L2,0.59348186...
GetData ===>> H2,-0.106864514416954,H1,276.184474500296,AX,53.1087769931857,L1,0.648707253942175,L2,0.612078222...
GetData ===>> H2,-0.135140941079533,H1,275.95140189177,AX,53.345782029896,L1,0.663050812945235,L2,0.67535926978...
GetData ===>> H2,-0.162900934255159,H1,275.968682326647,AX,53.2376358495618,L1,0.61127531021022,L2,0.5949227829...
GetData ===>> H2,-0.143341851871886,H1,275.796934434807,AX,53.189141825667,L1,0.63607612466954,L2,0.65931778642...
testing H1>-5.0
evaluate ot="H1.bs>-5.0" t="H1>-5.0", ctx="{'H1': None}"
17:27:49 -- collecting point 25
GetData ===>> H2,-0.188833639030687,H1,275.889270789894,AX,53.0319768775502,L1,0.659802199303166,L2,0.540971767...
GetData ===>> H2,-0.233178712817239,H1,275.628887783946,AX,52.982738129827,L1,0.67871598323083,L2,0.59523155374...
GetData ===>> H2,-0.130660463782956,H1,275.453114136841,AX,52.9521416924441,L1,0.672059808882329,L2,0.584242212...
set states for children of C. state=False
handle state [('C', False)]
update switch state C False args=() kw={'refresh': False} ncanvase=2
refresh_canvas_needed fired
GetData ===>> H2,-0.0863915087586742,H1,275.455438747561,AX,53.0251744735667,L1,0.645566528347562,L2,0.62086299...
GetData ===>> H2,-0.168678268261384,H1,275.511768241616,AX,53.024171113708,L1,0.64310637832707,L2,0.66183302354...
set states for children of B. state=True
handle state [('B', True)]
update switch state B True args=() kw={'refresh': False} ncanvase=2
refresh_canvas_needed fired
testing H1>-5.0
evaluate ot="H1.bs>-5.0" t="H1>-5.0", ctx="{'H1': None}"
GetData ===>> H2,-0.104049893849715,H1,275.167483805829,AX,53.0614189201449,L1,0.663552691570899,L2,0.627128571...
GetData ===>> H2,0.0189337895295115,H1,275.165500987544,AX,52.9864432767453,L1,0.646105189480115,L2,0.517624125...
GetData ===>> H2,0.00837139560332652,H1,275.103261827046,AX,52.8644973841246,L1,0.65000791108404,L2,0.563696320...
GetData ===>> H2,-0.197439524027825,H1,274.953472712639,AX,52.885248474925,L1,0.648966133676766,L2,0.6541960527...
GetData ===>> H2,-0.277454349009098,H1,274.986118635044,AX,52.8227402761252,L1,0.663425051007027,L2,0.674055727...
testing H1>-5.0
evaluate ot="H1.bs>-5.0" t="H1>-5.0", ctx="{'H1': None}"
GetData ===>> H2,-0.2529750878572,H1,274.768178347595,AX,52.9501346650942,L1,0.640712408004848,L2,0.67356404540...
GetData ===>> H2,-0.201549433065878,H1,274.762348365625,AX,52.9507544788919,L1,0.671972991739222,L2,0.682471890...
GetData ===>> H2,-0.200528837136709,H1,274.702663728326,AX,52.7600901676319,L1,0.676086439513183,L2,0.542891944...
GetData ===>> H2,-0.133911712941427,H1,274.54157923549,AX,52.7174378850027,L1,0.713462341311936,L2,0.6316088099...
GetData ===>> H2,-0.180038771958143,H1,274.420739307849,AX,52.717039885946,L1,0.711322405689008,L2,0.6477599759...
testing H1>-5.0
evaluate ot="H1.bs>-5.0" t="H1>-5.0", ctx="{'H1': None}"
GetData ===>> H2,-0.151744774926198,H1,274.048577549243,AX,52.8591000159358,L1,0.686520151734174,L2,0.624054243...
GetData ===>> H2,-0.157359755981651,H1,274.017605602708,AX,52.8898947181635,L1,0.647701524001913,L2,0.529428659...
GetData ===>> H2,-0.2470169827608,H1,273.848875087359,AX,52.8159442835003,L1,0.644453383803341,L2,0.61587570759...
GetData ===>> H2,-0.178570496859411,H1,273.761473345478,AX,52.7137380172274,L1,0.643018482383667,L2,0.629471527...
GetData ===>> H2,-0.208717973251344,H1,273.76249032719,AX,52.6354034545536,L1,0.630214357967812,L2,0.5528134686...
testing H1>-5.0
evaluate ot="H1.bs>-5.0" t="H1>-5.0", ctx="{'H1': None}"
GetData ===>> H2,-0.190973319202675,H1,273.971663798325,AX,52.7298502019674,L1,0.643300742419004,L2,0.599016935...
GetData ===>> H2,-0.138716980605943,H1,273.698005373307,AX,52.9101189702639,L1,0.660824250946191,L2,0.652801342...
GetData ===>> H2,-0.101589235998552,H1,273.481895862208,AX,52.5753282565401,L1,0.673612717836579,L2,0.719999114...
GetData ===>> H2,-0.115741317026298,H1,273.264032113275,AX,52.5871903561126,L1,0.639188921967263,L2,0.604289272...
set states for children of B. state=False
handle state [('B', False)]
update switch state B False args=() kw={'refresh': False} ncanvase=2
refresh_canvas_needed fired
GetData ===>> H2,-0.168037237488652,H1,273.05891112911,AX,52.6819325638846,L1,0.649718036256364,L2,0.6273914371...
testing H1>-5.0
evaluate ot="H1.bs>-5.0" t="H1>-5.0", ctx="{'H1': None}"
17:28:16 -- collecting point 50
GetData ===>> H2,-0.174969178003606,H1,273.043627337565,AX,52.8576548589366,L1,0.614368347010402,L2,0.650000550...
GetData ===>> H2,-0.0280600648649256,H1,273.005495768765,AX,52.571688809444,L1,0.637798054250372,L2,0.667218139...
GetData ===>> H2,-0.0460651849414827,H1,272.872237484742,AX,52.4685027766714,L1,0.615986344044434,L2,0.61424002...
GetData ===>> H2,-0.147126031565738,H1,272.847460736382,AX,52.4064539153732,L1,0.652630778544375,L2,0.702394605...
GetData ===>> H2,-0.149739499051295,H1,272.90502345145,AX,52.5265067032548,L1,0.695214320881362,L2,0.5790510149...
testing H1>-5.0
evaluate ot="H1.bs>-5.0" t="H1>-5.0", ctx="{'H1': None}"
GetData ===>> H2,-0.140140322749294,H1,272.995060227887,AX,52.574724130375,L1,0.671666657035376,L2,0.5812578111...
GetData ===>> H2,-0.176744333985123,H1,272.827618659376,AX,52.6159440926099,L1,0.673151286186007,L2,0.498840427...
GetData ===>> H2,-0.20395832141448,H1,272.802190078815,AX,52.3780512628601,L1,0.674201941218441,L2,0.6432789837...
GetData ===>> H2,-0.171542895144993,H1,272.67378256303,AX,52.461377490024,L1,0.599042058858806,L2,0.67606822113...
GetData ===>> H2,-0.185401486228339,H1,272.513218224296,AX,52.4904259147677,L1,0.6532652228228,L2,0.54811547607...
testing H1>-5.0
evaluate ot="H1.bs>-5.0" t="H1>-5.0", ctx="{'H1': None}"
GetData ===>> H2,-0.231768367644459,H1,272.481248751308,AX,52.3838519997401,L1,0.680957904452332,L2,0.692329800...
GetData ===>> H2,-0.125256025867644,H1,272.290715357235,AX,52.3648460326348,L1,0.679406612148288,L2,0.603065515...
GetData ===>> H2,-0.0810846271372687,H1,272.299555780344,AX,52.399974767586,L1,0.673755368857908,L2,0.688109759...
GetData ===>> H2,-0.0629125462685473,H1,272.184229837718,AX,52.2970166645101,L1,0.653905902132959,L2,0.55960367...
GetData ===>> H2,-0.0395340741744462,H1,272.013277434419,AX,52.3307721666072,L1,0.666439273557502,L2,0.61154063...
testing H1>-5.0
evaluate ot="H1.bs>-5.0" t="H1>-5.0", ctx="{'H1': None}"
GetData ===>> H2,-0.211680289697728,H1,271.693667580226,AX,52.4154663859667,L1,0.644104235106791,L2,0.522560598...
GetData ===>> H2,-0.164897687234735,H1,271.636456887738,AX,52.1621577795591,L1,0.644722062949789,L2,0.676754308...
GetData ===>> H2,-0.0939399285076578,H1,271.556999857164,AX,52.3788462716038,L1,0.640797809041126,L2,0.60259660...
GetData ===>> H2,-0.0900665953159026,H1,271.321666723271,AX,52.3405002900933,L1,0.647190026278738,L2,0.59467119...
GetData ===>> H2,-0.240825561488828,H1,271.49184594776,AX,52.2252402335976,L1,0.64416737815112,L2,0.60325994340...
testing H1>-5.0
evaluate ot="H1.bs>-5.0" t="H1>-5.0", ctx="{'H1': None}"
GetData ===>> H2,-0.125078898432948,H1,271.455493139134,AX,52.3894027060419,L1,0.621464385911478,L2,0.581166336...
GetData ===>> H2,-0.00296218623749291,H1,271.232093581273,AX,52.3321261106617,L1,0.635348021035274,L2,0.6638566...
GetData ===>> H2,-0.201073525945937,H1,271.248614431331,AX,52.2315384796551,L1,0.641765736510786,L2,0.587935679...
GetData ===>> H2,-0.183932557498446,H1,271.380139692268,AX,52.1992560085962,L1,0.656687180599141,L2,0.636535027...
GetData ===>> H2,-0.18670838929243,H1,271.111874653349,AX,52.2333632651808,L1,0.652282594135207,L2,0.6598322613...
testing H1>-5.0
evaluate ot="H1.bs>-5.0" t="H1>-5.0", ctx="{'H1': None}"
17:28:42 -- collecting point 75
GetData ===>> H2,-0.131711210769388,H1,270.929467237966,AX,52.275596859465,L1,0.680774366207802,L2,0.6000347830...
GetData ===>> H2,-0.230828936999698,H1,270.678713150841,AX,52.2672123707942,L1,0.683748580396052,L2,0.586746436...
GetData ===>> H2,-0.158860449773281,H1,270.658143257017,AX,52.37921433294,L1,0.665173739056071,L2,0.54260620128...
GetData ===>> H2,-0.173835092409224,H1,270.586232911073,AX,52.1190425271834,L1,0.618508159109458,L2,0.535268612...
GetData ===>> H2,-0.205880211309378,H1,270.834450413225,AX,52.1153228514742,L1,0.623248915175251,L2,0.657717215...
testing H1>-5.0
evaluate ot="H1.bs>-5.0" t="H1>-5.0", ctx="{'H1': None}"
GetData ===>> H2,-0.232139811506175,H1,270.533165594112,AX,52.048594080973,L1,0.634414439007031,L2,0.5870437457...
GetData ===>> H2,-0.202869195367194,H1,270.524916729385,AX,52.0185110573789,L1,0.647783266890881,L2,0.626819991...
GetData ===>> H2,-0.17718976671895,H1,270.532969189211,AX,51.9997974136218,L1,0.66234822354872,L2,0.63156309222...
GetData ===>> H2,-0.163895979553759,H1,270.422082708899,AX,52.0601234400919,L1,0.62094380142437,L2,0.5764326542...
GetData ===>> H2,-0.199258693533342,H1,270.301823117085,AX,52.0000179034994,L1,0.621477988231429,L2,0.550275838...
testing H1>-5.0
evaluate ot="H1.bs>-5.0" t="H1>-5.0", ctx="{'H1': None}"
GetData ===>> H2,-0.176113949235125,H1,270.160255416391,AX,52.0113957161097,L1,0.628660028293189,L2,0.589216419...
GetData ===>> H2,-0.175039379569891,H1,270.125288656245,AX,51.9951084222171,L1,0.643275982460016,L2,0.569778452...
GetData ===>> H2,-0.120940631365437,H1,269.991193925267,AX,51.8796216194598,L1,0.682650825277326,L2,0.629837262...
GetData ===>> H2,-0.185907271565168,H1,269.791871071124,AX,51.9143799004371,L1,0.640978514997052,L2,0.631048768...
GetData ===>> H2,-0.223250070581752,H1,269.520893437555,AX,51.928350058245,L1,0.639504491714202,L2,0.6164476310...
testing H1>-5.0
evaluate ot="H1.bs>-5.0" t="H1>-5.0", ctx="{'H1': None}"
GetData ===>> H2,-0.214147620711189,H1,269.593675207218,AX,51.8603125639877,L1,0.649731662669765,L2,0.500531266...
GetData ===>> H2,-0.198279695739168,H1,269.510227955709,AX,51.7384590555749,L1,0.634403295961694,L2,0.558391919...
GetData ===>> H2,-0.146951778980821,H1,269.32419434621,AX,51.868511930403,L1,0.623274887720281,L2,0.64861733250...
GetData ===>> H2,-0.122928810697612,H1,269.089128750955,AX,51.9319934300667,L1,0.609190720400097,L2,0.640089833...
GetData ===>> H2,-0.108451490553277,H1,269.300075147187,AX,51.8997503909609,L1,0.623079476833249,L2,0.644536383...
testing H1>-5.0
evaluate ot="H1.bs>-5.0" t="H1>-5.0", ctx="{'H1': None}"
GetData ===>> H2,-0.131203966282236,H1,268.996744947582,AX,51.8342192856643,L1,0.646501463768669,L2,0.582458421...
GetData ===>> H2,-0.166170619216923,H1,268.784882079697,AX,51.6856177981987,L1,0.663213146345015,L2,0.652252609...
GetData ===>> H2,-0.156319554586242,H1,268.956785439261,AX,51.7389875077326,L1,0.608052162264612,L2,0.619456004...
GetData ===>> H2,-0.169312515641854,H1,268.889269618711,AX,51.6609512753681,L1,0.678397342247604,L2,0.617545733...
GetData ===>> H2,-0.0717434866505643,H1,268.729320561414,AX,51.7778202639729,L1,0.693271033460122,L2,0.56498816...
testing H1>-5.0
evaluate ot="H1.bs>-5.0" t="H1>-5.0", ctx="{'H1': None}"
17:29:08 -- collecting point 100
GetData ===>> H2,-0.0445213835045226,H1,268.686959558142,AX,51.7817556079895,L1,0.667288420711381,L2,0.60830376...
GetData ===>> H2,-0.0463828806478942,H1,268.742091837632,AX,51.7264080257616,L1,0.670081798019462,L2,0.58934220...
GetData ===>> H2,-0.136513354187976,H1,268.812332315932,AX,51.5632440529995,L1,0.692596865721441,L2,0.614045575...
GetData ===>> H2,-0.187362458525189,H1,268.396344633826,AX,51.608610009848,L1,0.65792312523865,L2,0.68804114222...
GetData ===>> H2,-0.171615749500355,H1,268.175337945453,AX,51.5166483773228,L1,0.596551022903065,L2,0.583841999...
testing H1>-5.0
evaluate ot="H1.bs>-5.0" t="H1>-5.0", ctx="{'H1': None}"
GetData ===>> H2,-0.155754833849774,H1,268.047251476251,AX,51.622214250829,L1,0.573438478291208,L2,0.5979762267...
GetData ===>> H2,-0.141513482640203,H1,267.878572612982,AX,51.5298758258938,L1,0.620891868062053,L2,0.607423076...
GetData ===>> H2,-0.149866442854134,H1,267.876369376604,AX,51.5584032658314,L1,0.66088867453587,L2,0.5988339531...
GetData ===>> H2,-0.0521609521020967,H1,267.938625762856,AX,51.5804670631764,L1,0.688931299167373,L2,0.66685226...
set states for children of V. state=False
handle state [('V', False)]
update switch state V False args=() kw={'refresh': False} ncanvase=2
refresh_canvas_needed fired
GetData ===>> H2,-0.0777526772930914,H1,267.840060195311,AX,51.5276467105935,L1,0.643864047423895,L2,0.61693948...
testing H1>-5.0
evaluate ot="H1.bs>-5.0" t="H1>-5.0", ctx="{'H1': None}"
GetData ===>> H2,-0.201508988480032,H1,267.58077662717,AX,51.5324129601857,L1,0.64296029815403,L2,0.57289969563...
GetData ===>> H2,-0.279276593798418,H1,267.607929849788,AX,51.6916970928433,L1,0.647246995723805,L2,0.595105758...
GetData ===>> H2,-0.129923892244993,H1,267.289255114237,AX,51.473318906194,L1,0.61633644846406,L2,0.60585616186...
set states for children of H. state=True
handle state [('H', True)]
update switch state H True args=() kw={'refresh': False} ncanvase=2
refresh_canvas_needed fired
GetData ===>> H2,-0.0926530282158007,H1,267.322850459363,AX,51.3930874116303,L1,0.649661053266572,L2,0.59882251...
GetData ===>> H2,-0.251910122482267,H1,267.15593404151,AX,51.4680086075452,L1,0.650569101991589,L2,0.6003435703...
testing H1>-5.0
evaluate ot="H1.bs>-5.0" t="H1>-5.0", ctx="{'H1': None}"
GetData ===>> H2,-0.192085469527573,H1,267.244258410519,AX,51.2910701479428,L1,0.618844416834594,L2,0.659695067...
GetData ===>> H2,-0.213972554925643,H1,267.405377628708,AX,51.3447039748114,L1,0.638312802092935,L2,0.584676730...
GetData ===>> H2,-0.177770152781344,H1,267.229242862604,AX,51.2482294790155,L1,0.637366230179976,L2,0.624043097...
GetData ===>> H2,-0.188492493211578,H1,266.733507376808,AX,51.4475323635544,L1,0.621981286599572,L2,0.818294201...
GetData ===>> H2,-0.174514207304445,H1,266.813422702807,AX,51.3885282085994,L1,0.609314349867737,L2,0.602310682...
testing H1>-5.0
evaluate ot="H1.bs>-5.0" t="H1>-5.0", ctx="{'H1': None}"
GetData ===>> H2,-0.123022124845572,H1,266.650074891129,AX,51.3649432611265,L1,0.604210914239456,L2,0.536994381...
measurement finished
estimated time: 125.829 actual time: :126.050
flush and close file /Users/jan/PychronDev/data/isotopes/c2/8aefad-796d-4a93-9f00-b51e28f48d9d.h5
baselines () {'settling_time': 15.0, 'detector': 'H1', 'mass': 34.2, 'ncounts': 60}
%%%%%%%%%%%%%%%%%%%%%%%%%%%%%%%% Baseline
build tables- baseline [Detector(H2), Detector(H1), Detector(AX), Detector(L1), Detector(L2), Detector(CDD)]
add group baseline table H2
add group baseline table H1
add group baseline table AX
add group baseline table L1
add group baseline table L2
add group baseline table CDD
flush and close file /Users/jan/PychronDev/data/isotopes/c2/8aefad-796d-4a93-9f00-b51e28f48d9d.h5
detector Detector(H1)
POSITION 34.2 H1
Mapping mass to dac mass func: "parabolic"
H1 map mass coeffs = [-0.00063987  0.15840543  0.57102999]
H1 map mass to dac 34.2 >> 5.24007599104
GetDeflection H1 ===>> 0
GetHighVoltage ===>> 4499.94659342336
positioning 34.2 (5.24004513273) on H1
setting magnet DAC
current  : 5.879385
requested: 5.240045
Delta Dac: 0.639340
Checking detector protection. dv=0.63934
Checking detector "CDD". Protection Threshold: 0.1 (V)
ProtectDetector CDD,On ===>> OK
GetDeflection CDD ===>> 2000
Protected = 2000
SetMagnetDAC 5.24004513273 ===>> OK
Magnet settling time: 0.500
GetMagnetMoving ===>> True
GetMagnetMoving ===>> True
GetMagnetMoving ===>> True
GetMagnetMoving ===>> True
GetMagnetMoving ===>> True
GetMagnetMoving ===>> True
GetMagnetMoving ===>> True
GetMagnetMoving ===>> True
GetMagnetMoving ===>> False
ProtectDetector CDD,Off ===>> OK
GetDeflection CDD ===>> 50
Delaying 15.0s for detectors to settle
set states for children of C. state=True
set states for children of H. state=False
handle state [('C', True), ('H', False)]
update switch state C True args=() kw={'refresh': True} ncanvase=2
update switch state H False args=() kw={'refresh': False} ncanvase=2
refresh_canvas_needed fired
State checksums do not match. Local:772584979 Remote:-1887691611
State checksum failed
Join finished
measuring baseline. ncounts=60
set states for children of B. state=True
set states for children of D. state=True
handle state [('B', True), ('D', True)]
update switch state B True args=() kw={'refresh': True} ncanvase=2
update switch state D True args=() kw={'refresh': False} ncanvase=2
refresh_canvas_needed fired
"baseline" increment series count="2" fit count="1" regressing="True"
starting measurement
GetData ===>> H2,-0.160119204369924,H1,0.0284034001643231,AX,-0.0482120965448406,L1,-0.0575732343908376,L2,0.01...
GetData ===>> H2,-0.200288842159859,H1,-0.0243816405357088,AX,0.0190507502096854,L1,-0.0534263236154327,L2,-0.0...
GetData ===>> H2,-0.188820155201382,H1,-0.0198974851480791,AX,-0.144507500922663,L1,-0.00492664863662501,L2,-0....
GetData ===>> H2,-0.201982181083308,H1,-0.0525222841282645,AX,-0.105903481484154,L1,-0.0373276524782801,L2,-0.0...
testing H1>-5.0
evaluate ot="H1.bs>-5.0" t="H1>-5.0", ctx="{'H1': None}"
GetData ===>> H2,-0.221358937493955,H1,0.014968905304369,AX,-0.0924255150200257,L1,-0.0131247897803276,L2,-0.04...
GetData ===>> H2,-0.110588359810559,H1,-0.0142800815088993,AX,-0.0362684773569463,L1,-0.0254259389541287,L2,0.0...
GetData ===>> H2,-0.0633422904327529,H1,-0.0789625082170396,AX,0.0308169548311311,L1,-0.0398217136088799,L2,0.0...
GetData ===>> H2,-0.171965174061797,H1,-0.0152103739570862,AX,-0.112195650208566,L1,-0.0385064789595095,L2,-0.0...
GetData ===>> H2,-0.20549747667126,H1,0.00863408076503554,AX,-0.0423796190374194,L1,-0.0418313663479107,L2,0.01...
testing H1>-5.0
evaluate ot="H1.bs>-5.0" t="H1>-5.0", ctx="{'H1': None}"
GetData ===>> H2,-0.160897077227291,H1,-0.0234156559536512,AX,-0.0935613056448056,L1,-0.081001169653187,L2,-0.0...
GetData ===>> H2,-0.136320009481922,H1,-0.104156473043937,AX,-0.133294041147744,L1,-0.0209324842062991,L2,-0.03...
GetData ===>> H2,-0.343767918291992,H1,0.0129407634262392,AX,-0.0790036380681873,L1,-0.0327066098537475,L2,0.04...
GetData ===>> H2,-0.256489298450109,H1,-0.0798802805207054,AX,-0.0946739040132331,L1,-0.0550248633565475,L2,0.0...
GetData ===>> H2,-0.180336992074644,H1,-0.0676744123435878,AX,-0.0867000012155079,L1,-0.0373947438744686,L2,-0....
testing H1>-5.0
evaluate ot="H1.bs>-5.0" t="H1>-5.0", ctx="{'H1': None}"
GetData ===>> H2,-0.220133034050063,H1,-0.0495535811084523,AX,-0.130363017263252,L1,-0.0521714874639722,L2,-0.0...
GetData ===>> H2,-0.282939546575473,H1,-0.0196470343757359,AX,-0.115671811995864,L1,-0.0592713903150604,L2,-0.0...
GetData ===>> H2,-0.227374713799882,H1,-0.0780804853432791,AX,-0.00990615751472009,L1,0.00159154106202293,L2,0....
GetData ===>> H2,-0.100994970854786,H1,-0.0203506801907725,AX,-0.0516325718320375,L1,0.0142017216484473,L2,-0.0...
GetData ===>> H2,-0.043595412419424,H1,-0.0249421458337505,AX,0.0043043894915412,L1,0.0326235100318091,L2,-0.10...
testing H1>-5.0
evaluate ot="H1.bs>-5.0" t="H1>-5.0", ctx="{'H1': None}"
GetData ===>> H2,-0.0635510561895587,H1,-0.0854701664077638,AX,-0.0389936069172892,L1,-0.0129989363759459,L2,0....
GetData ===>> H2,-0.146141266649016,H1,-0.0783546284205404,AX,-0.059157194294338,L1,-0.0427306695596237,L2,-0.0...
GetData ===>> H2,-0.23649663588755,H1,-0.0673287166617296,AX,-0.101754830874408,L1,-0.0597488327482084,L2,-0.05...
GetData ===>> H2,-0.231044286168952,H1,-0.0265520904035864,AX,-0.128775825176732,L1,-0.0466370939774139,L2,0.02...
GetData ===>> H2,-0.195589038221841,H1,0.0234875499128819,AX,-0.0487222767586916,L1,0.00173198295976192,L2,0.02...
testing H1>-5.0
evaluate ot="H1.bs>-5.0" t="H1>-5.0", ctx="{'H1': None}"
17:30:14 -- collecting point 25
GetData ===>> H2,-0.160717468964642,H1,0.00278874142936054,AX,-0.118533758635661,L1,-0.0113854761764093,L2,-0.0...
GetData ===>> H2,-0.200700066395672,H1,0.0258977181756272,AX,-0.0287536822213201,L1,-0.026566662078837,L2,0.038...
GetData ===>> H2,-0.163419394811713,H1,-0.0471213250501588,AX,-0.105567424192817,L1,-0.0350894185503976,L2,-0.0...
GetData ===>> H2,-0.216844637861389,H1,-0.0574818485329363,AX,-0.15600865036757,L1,-0.055045214582925,L2,0.0117...
GetData ===>> H2,-0.269960847796099,H1,-0.137456615518405,AX,-0.0589369131521668,L1,-0.0464336095169944,L2,-0.0...
testing H1>-5.0
evaluate ot="H1.bs>-5.0" t="H1>-5.0", ctx="{'H1': None}"
GetData ===>> H2,-0.270643502589814,H1,-0.0328723631331627,AX,0.0736712937157673,L1,-0.019105283123901,L2,-0.01...
GetData ===>> H2,-0.186524973403014,H1,0.040873083580162,AX,-0.12242679784707,L1,0.0206057605727411,L2,0.045704...
GetData ===>> H2,-0.198926976497294,H1,-0.0564923396859427,AX,-0.0418925971506518,L1,-0.0369226984712205,L2,0.0...
GetData ===>> H2,-0.220266408013519,H1,-0.119879737351902,AX,-0.00695981457614836,L1,-0.0513328489335873,L2,-0....
GetData ===>> H2,-0.228016907690199,H1,-0.0163314841367111,AX,-0.0685940338940903,L1,0.0035831181661819,L2,0.05...
testing H1>-5.0
evaluate ot="H1.bs>-5.0" t="H1>-5.0", ctx="{'H1': None}"
GetData ===>> H2,-0.275557934851268,H1,-0.0577918131471787,AX,-0.130397773004547,L1,-0.0212465758979313,L2,-0.0...
GetData ===>> H2,-0.344982240008833,H1,-0.00675393622520097,AX,-0.109727499935261,L1,-0.0146653845414522,L2,-0....
GetData ===>> H2,-0.314899996008584,H1,0.029238641430296,AX,-0.0720717538186411,L1,0.0107503691141023,L2,-0.091...
GetData ===>> H2,-0.313061250395373,H1,-0.0797610897880883,AX,0.0223228655505078,L1,-0.0138259442227117,L2,0.06...
GetData ===>> H2,-0.208335334638439,H1,-0.132758620792406,AX,-0.166975213664134,L1,-0.0255517603529862,L2,0.009...
testing H1>-5.0
evaluate ot="H1.bs>-5.0" t="H1>-5.0", ctx="{'H1': None}"
GetData ===>> H2,-0.203153618350533,H1,-0.0410404262718654,AX,-0.175263074794345,L1,-0.0274724382797929,L2,-0.0...
GetData ===>> H2,-0.21541743984104,H1,0.024621037660544,AX,0.00146211411810806,L1,-0.0109371136731845,L2,-0.043...
GetData ===>> H2,-0.233396708477531,H1,0.0136685037263941,AX,-0.0592847252539838,L1,-0.0423798191591639,L2,0.02...
GetData ===>> H2,-0.16350445248163,H1,0.0274130516928263,AX,-0.0996224946909791,L1,-0.0425905703568811,L2,-0.05...
GetData ===>> H2,-0.124590769594752,H1,0.0416845617773333,AX,-0.0489425810242393,L1,-0.0171266400230338,L2,0.02...
testing H1>-5.0
evaluate ot="H1.bs>-5.0" t="H1>-5.0", ctx="{'H1': None}"
GetData ===>> H2,-0.196258053441665,H1,-0.0509246797927297,AX,-0.0961921166770364,L1,-0.0188402874343552,L2,-0....
GetData ===>> H2,-0.143133759669255,H1,-0.0540125636877995,AX,-0.0592267566566737,L1,0.00136347719550812,L2,-0....
GetData ===>> H2,-0.159214319806111,H1,-0.0215313629019718,AX,-0.108881593649571,L1,-0.0149808714882603,L2,-0.0...
GetData ===>> H2,-0.179300609653918,H1,-0.0446890098769302,AX,-0.151730659876298,L1,-0.030129390346343,L2,-0.10...
GetData ===>> H2,-0.169081761661822,H1,-0.0422924062250861,AX,-0.0961457593890819,L1,-0.0227665452093064,L2,-0....
testing H1>-5.0
evaluate ot="H1.bs>-5.0" t="H1>-5.0", ctx="{'H1': None}"
17:30:40 -- collecting point 50
GetData ===>> H2,-0.237311840084845,H1,-0.0136002469442118,AX,-0.175576029138336,L1,-0.040921203929826,L2,-0.05...
GetData ===>> H2,-0.133297725144275,H1,-0.0575891440849795,AX,-0.0345985730267829,L1,-0.0628199559313238,L2,-0....
GetData ===>> H2,-0.166668684108526,H1,-0.0138149320424439,AX,-0.105648541576299,L1,-0.0236259214805224,L2,0.02...
GetData ===>> H2,-0.168137105720612,H1,0.0187270415114906,AX,-0.149261165074322,L1,-0.0286285023461592,L2,-0.05...
GetData ===>> H2,-0.165723826931035,H1,-0.00918717346480842,AX,-0.125624534939677,L1,-0.0240513874387756,L2,0.0...
testing H1>-5.0
evaluate ot="H1.bs>-5.0" t="H1>-5.0", ctx="{'H1': None}"
GetData ===>> H2,-0.222542953155428,H1,0.0412310878563861,AX,-0.0649654802781705,L1,-0.0329616611749368,L2,0.01...
GetData ===>> H2,-0.100284248492634,H1,-0.0384171793920583,AX,-0.0400720413711926,L1,-0.0371563277740224,L2,-0....
GetData ===>> H2,-0.189835442614251,H1,-0.00989089281573357,AX,-0.0468438727666528,L1,0.0104046987599857,L2,-0....
GetData ===>> H2,-0.203502734415707,H1,0.0423289756192659,AX,-0.0928311560509422,L1,-0.0519334217316893,L2,-0.0...
GetData ===>> H2,-0.0923319577492059,H1,-0.0236303199997899,AX,-0.0471221571273916,L1,-0.0432611129452934,L2,0....
testing H1>-5.0
evaluate ot="H1.bs>-5.0" t="H1>-5.0", ctx="{'H1': None}"
GetData ===>> H2,-0.215022908978901,H1,0.0439638960133105,AX,-0.0829909865408166,L1,-0.0331185205112328,L2,-0.1...
measurement finished
estimated time: 62.915 actual time: :63.033
flush and close file /Users/jan/PychronDev/data/isotopes/c2/8aefad-796d-4a93-9f00-b51e28f48d9d.h5
activate_detectors ('H1', 'AX', 'CDD') {'peak_center': True}
peak_center () {'detector': 'H1', 'integration_time': 0.262144, 'isotope': 'Ar40'}
peak center: mean=267.145185334 threshold=3
peak center started
setup peak center. detector=['H1', 'AX', 'CDD'], isotope=Ar40
VersionedUnpickler [<apptools.sweet_pickle.versioned_unpickler.VersionedUnpickler object at 0x199ddaa70>] using Updater [<apptools.sweet_pickle.updater.Updater object at 0x135230b30>]
VersionedUnpickler [<apptools.sweet_pickle.versioned_unpickler.VersionedUnpickler object at 0x199ddaa70>] using Updater [<apptools.sweet_pickle.updater.Updater object at 0x135230b30>]
VersionedUnpickler [<apptools.sweet_pickle.versioned_unpickler.VersionedUnpickler object at 0x15eb75b30>] using Updater [<apptools.sweet_pickle.updater.Updater object at 0x135230b30>]
setting integration time = 0.524288
SetIntegrationTime 0.524288 ===>> OK
Mapping mass to dac mass func: "parabolic"
H1 map mass coeffs = [-0.00063987  0.15840543  0.57102999]
H1 map mass to dac 39.9624 >> 5.87942
GetDeflection H1 ===>> 0
GetHighVoltage ===>> 4499.94659342336
do peak center. <pychron.spectrometer.jobs.peak_center.PeakCenter object at 0x1352309b0>
doing pc
starting peak center. center dac= 5.87938537665 step_width=0.001
width = 0.001
get scan parameters. half-width=0.015,window=0.015, i=0, scalar=1
Scan parameters center=5.87939 width=0.03000 (5.86439 - 5.89439)
GetData ===>> H2,-0.132006078475911,H1,0.0147660892675596,AX,-0.0735207671034827,L1,-0.0281253612625381,L2,-0.1...
Moving to starting dac 5.86438537665
setting magnet DAC
current  : 5.240045
requested: 5.864385
Delta Dac: 0.624340
Checking detector protection. dv=0.62434
Checking detector "CDD". Protection Threshold: 0.1 (V)
ProtectDetector CDD,On ===>> OK
GetDeflection CDD ===>> 2000
Protected = 2000
SetMagnetDAC 5.86438537665 ===>> OK
Magnet settling time: 0.500
GetMagnetMoving ===>> True
GetMagnetMoving ===>> True
GetMagnetMoving ===>> True
GetMagnetMoving ===>> True
GetMagnetMoving ===>> True
GetMagnetMoving ===>> True
GetMagnetMoving ===>> True
GetMagnetMoving ===>> True
GetMagnetMoving ===>> False
ProtectDetector CDD,Off ===>> OK
GetDeflection CDD ===>> 50
Wait until signal near baseline. tol= 0.0110745669507. timeout= 10
GetData ===>> H2,1.65254810219529,H1,0.69078576720234,AX,0.0356561321386838,L1,0.0493342684492459,L2,-0.0419624...
GetData ===>> H2,20.0769375263711,H1,9.17321753290945,AX,0.744456847550943,L1,0.0506149735722597,L2,0.103767100...
GetData ===>> H2,19.718716158517,H1,8.81546042163055,AX,1.06204339049377,L1,0.0309316654229658,L2,0.04605924854...
GetData ===>> H2,10.236193050421,H1,4.29926954346114,AX,0.307453220357068,L1,0.0215091516586445,L2,0.0081077350...
GetData ===>> H2,4.14981941630345,H1,2.1748073854418,AX,0.0437567801818037,L1,-0.00550122769013606,L2,0.0182661...
GetData ===>> H2,1.40663908686233,H1,1.1186034904042,AX,-0.00834019894659606,L1,-0.0270619994590586,L2,-0.09566...
GetData ===>> H2,0.352178145977365,H1,0.719530917708089,AX,-0.0240914343251221,L1,-0.0304104716179091,L2,-0.039...
GetData ===>> H2,0.0358919055684411,H1,0.444393692623346,AX,-0.030609241141493,L1,-0.0174436041434281,L2,-0.019...
GetData ===>> H2,-0.0561325924247964,H1,0.268752921666526,AX,0.0108245347090616,L1,-0.00284277475503273,L2,-0.1...
GetData ===>> H2,-0.0754906228003882,H1,0.291341959114422,AX,0.0822129452452252,L1,-0.0328343664163712,L2,-0.07...
GetData ===>> H2,-0.12029405992914,H1,0.190470928321518,AX,-0.04874546670484,L1,-0.0577375065652597,L2,0.026398...
GetData ===>> H2,-0.0621291765985493,H1,0.31696972541615,AX,-0.0581369406002023,L1,-0.0611349212599336,L2,0.049...
GetData ===>> H2,-0.0260967843056836,H1,0.240750538196255,AX,-0.0963427777102987,L1,-0.0704438255843939,L2,-0.0...
GetData ===>> H2,-0.0834444499768017,H1,0.243232956906847,AX,-0.0100801513559768,L1,-0.0529107712058472,L2,-0.1...
GetData ===>> H2,-0.0942429908010836,H1,0.134160044999043,AX,0.00281943526993127,L1,-0.0588302558417075,L2,-0.0...
GetData ===>> H2,-0.0718248413522522,H1,0.165901085287579,AX,-0.0861668390574175,L1,-0.0357856250072247,L2,-0.0...
GetData ===>> H2,0.0335565967774621,H1,0.197246585644995,AX,-0.0531050784110401,L1,-0.0264730892164733,L2,0.000...
GetData ===>> H2,-0.0355554629946464,H1,0.179067863528437,AX,0.0503956360990514,L1,-0.029659017364975,L2,0.0406...
GetData ===>> H2,-0.0355554629946464,H1,0.179067863528437,AX,0.0503956360990514,L1,-0.029659017364975,L2,0.0406...
GetData ===>> H2,-0.138467884870802,H1,0.0950162811099055,AX,-0.0491860746321267,L1,-0.00165728155466671,L2,-0....
GetData ===>> H2,-0.109453772557026,H1,0.142314934500765,AX,-0.104454950394795,L1,0.019571938720114,L2,-0.08349...
Peak center failed to move to a baseline position
_do_sweep sm= 5.86438537665, em= 5.89438537665, stm= 0.001
calculated step values: start=5.86438537665, end=5.89438537665, width=0.001, nsteps=31.0
setting magnet DAC
current  : 5.864385
requested: 5.864385
Delta Dac: 0.000000
Checking detector protection. dv=0.00000
Checking detector "CDD". Protection Threshold: 0.1 (V)
SetMagnetDAC 5.86438537665 ===>> OK
GetData ===>> H2,-0.0654797096298368,H1,0.0604577977905809,AX,-0.135946947095462,L1,0.0213218954933449,L2,-0.08...
setting magnet DAC
current  : 5.864385
requested: 5.865420
Delta Dac: 0.001034
Checking detector protection. dv=0.00103
Checking detector "CDD". Protection Threshold: 0.1 (V)
SetMagnetDAC 5.86541985941 ===>> OK
Magnet settling time: 1.049
GetData ===>> H2,-0.0779898349023488,H1,0.420335431193686,AX,0.0505581312549948,L1,0.0322774278194736,L2,0.0165...
setting magnet DAC
current  : 5.865420
requested: 5.866454
Delta Dac: 0.001034
Checking detector protection. dv=0.00103
Checking detector "CDD". Protection Threshold: 0.1 (V)
SetMagnetDAC 5.86645434216 ===>> OK
Magnet settling time: 1.049
GetData ===>> H2,-0.148846039751943,H1,1.37218684865321,AX,0.149148222842303,L1,-0.0187206785407786,L2,-0.05864...
setting magnet DAC
current  : 5.866454
requested: 5.867489
Delta Dac: 0.001034
Checking detector protection. dv=0.00103
Checking detector "CDD". Protection Threshold: 0.1 (V)
SetMagnetDAC 5.86748882492 ===>> OK
Magnet settling time: 1.049
GetData ===>> H2,-0.158317467399987,H1,5.38142606142673,AX,0.599579181331512,L1,0.0104861710254986,L2,-0.111441...
setting magnet DAC
current  : 5.867489
requested: 5.868523
Delta Dac: 0.001034
Checking detector protection. dv=0.00103
Checking detector "CDD". Protection Threshold: 0.1 (V)
SetMagnetDAC 5.86852330768 ===>> OK
Magnet settling time: 1.049
GetData ===>> H2,-0.126993350741651,H1,17.8722102090296,AX,2.16245051914682,L1,-0.0157637529089654,L2,-0.064973...
setting magnet DAC
current  : 5.868523
requested: 5.869558
Delta Dac: 0.001034
Checking detector protection. dv=0.00103
Checking detector "CDD". Protection Threshold: 0.1 (V)
SetMagnetDAC 5.86955779044 ===>> OK
Magnet settling time: 1.049
GetData ===>> H2,-0.268405801784122,H1,48.7871492079561,AX,6.44390502596794,L1,-0.0305038011873181,L2,0.1015100...
setting magnet DAC
current  : 5.869558
requested: 5.870592
Delta Dac: 0.001034
Checking detector protection. dv=0.00103
Checking detector "CDD". Protection Threshold: 0.1 (V)
SetMagnetDAC 5.8705922732 ===>> OK
Magnet settling time: 1.049
GetData ===>> H2,-0.241691030504213,H1,101.223150255368,AX,14.6896679781374,L1,-0.00842759330842363,L2,0.029496...
setting magnet DAC
current  : 5.870592
requested: 5.871627
Delta Dac: 0.001034
Checking detector protection. dv=0.00103
Checking detector "CDD". Protection Threshold: 0.1 (V)
SetMagnetDAC 5.87162675596 ===>> OK
Magnet settling time: 1.049
GetData ===>> H2,-0.198561537121082,H1,194.560648942645,AX,32.0438352493658,L1,0.176737073098455,L2,0.079695140...
setting magnet DAC
current  : 5.871627
requested: 5.872661
Delta Dac: 0.001034
Checking detector protection. dv=0.00103
Checking detector "CDD". Protection Threshold: 0.1 (V)
SetMagnetDAC 5.87266123872 ===>> OK
Magnet settling time: 1.049
GetData ===>> H2,-0.295320610845266,H1,232.225733430413,AX,41.4853048063422,L1,0.355614344993593,L2,0.292462294...
setting magnet DAC
current  : 5.872661
requested: 5.873696
Delta Dac: 0.001034
Checking detector protection. dv=0.00103
Checking detector "CDD". Protection Threshold: 0.1 (V)
SetMagnetDAC 5.87369572147 ===>> OK
Magnet settling time: 1.049
GetData ===>> H2,-0.25922838687548,H1,248.818861150661,AX,46.4967792276139,L1,0.477236548581931,L2,0.5181726098...
setting magnet DAC
current  : 5.873696
requested: 5.874730
Delta Dac: 0.001034
Checking detector protection. dv=0.00103
Checking detector "CDD". Protection Threshold: 0.1 (V)
SetMagnetDAC 5.87473020423 ===>> OK
Magnet settling time: 1.049
GetData ===>> H2,-0.341751345712215,H1,254.055661121844,AX,48.3172375070193,L1,0.507666937115019,L2,0.381422920...
setting magnet DAC
current  : 5.874730
requested: 5.875765
Delta Dac: 0.001034
Checking detector protection. dv=0.00103
Checking detector "CDD". Protection Threshold: 0.1 (V)
SetMagnetDAC 5.87576468699 ===>> OK
Magnet settling time: 1.049
GetData ===>> H2,-0.29500386817238,H1,255.664563248111,AX,48.970628258642,L1,0.5762801419445,L2,0.6135880479079...
setting magnet DAC
current  : 5.875765
requested: 5.876799
Delta Dac: 0.001034
Checking detector protection. dv=0.00103
Checking detector "CDD". Protection Threshold: 0.1 (V)
SetMagnetDAC 5.87679916975 ===>> OK
Magnet settling time: 1.049
GetData ===>> H2,-0.225448438920233,H1,255.733261625184,AX,48.9697290307846,L1,0.607562246515746,L2,0.659581000...
setting magnet DAC
current  : 5.876799
requested: 5.877834
Delta Dac: 0.001034
Checking detector protection. dv=0.00103
Checking detector "CDD". Protection Threshold: 0.1 (V)
SetMagnetDAC 5.87783365251 ===>> OK
Magnet settling time: 1.049
GetData ===>> H2,-0.255596733481879,H1,255.970253341836,AX,49.0470578684495,L1,0.639905229910553,L2,0.584539513...
setting magnet DAC
current  : 5.877834
requested: 5.878868
Delta Dac: 0.001034
Checking detector protection. dv=0.00103
Checking detector "CDD". Protection Threshold: 0.1 (V)
SetMagnetDAC 5.87886813527 ===>> OK
Magnet settling time: 1.049
GetData ===>> H2,-0.192630840716684,H1,256.082895395145,AX,48.9261969378836,L1,0.616642868317053,L2,0.538125862...
setting magnet DAC
current  : 5.878868
requested: 5.879903
Delta Dac: 0.001034
Checking detector protection. dv=0.00103
Checking detector "CDD". Protection Threshold: 0.1 (V)
SetMagnetDAC 5.87990261803 ===>> OK
Magnet settling time: 1.049
GetData ===>> H2,-0.145717934200913,H1,255.876372772364,AX,49.0856390749688,L1,0.616857934451647,L2,0.630779213...
setting magnet DAC
current  : 5.879903
requested: 5.880937
Delta Dac: 0.001034
Checking detector protection. dv=0.00103
Checking detector "CDD". Protection Threshold: 0.1 (V)
SetMagnetDAC 5.88093710078 ===>> OK
Magnet settling time: 1.049
GetData ===>> H2,-0.216339753497054,H1,255.99716891227,AX,49.0519052498328,L1,0.59762265349934,L2,0.56201579960...
setting magnet DAC
current  : 5.880937
requested: 5.881972
Delta Dac: 0.001034
Checking detector protection. dv=0.00103
Checking detector "CDD". Protection Threshold: 0.1 (V)
SetMagnetDAC 5.88197158354 ===>> OK
Magnet settling time: 1.049
GetData ===>> H2,-0.161780222310059,H1,255.752055459553,AX,49.0921430545854,L1,0.596915636799442,L2,0.526765941...
setting magnet DAC
current  : 5.881972
requested: 5.883006
Delta Dac: 0.001034
Checking detector protection. dv=0.00103
Checking detector "CDD". Protection Threshold: 0.1 (V)
SetMagnetDAC 5.8830060663 ===>> OK
Magnet settling time: 1.049
GetData ===>> H2,-0.203250671002139,H1,255.136275874101,AX,48.7574901920004,L1,0.6047223232627,L2,0.51652716601...
setting magnet DAC
current  : 5.883006
requested: 5.884041
Delta Dac: 0.001034
Checking detector protection. dv=0.00103
Checking detector "CDD". Protection Threshold: 0.1 (V)
SetMagnetDAC 5.88404054906 ===>> OK
Magnet settling time: 1.049
GetData ===>> H2,-0.298712956863656,H1,253.900379155706,AX,48.3212602223517,L1,0.606438531751958,L2,0.550515881...
setting magnet DAC
current  : 5.884041
requested: 5.885075
Delta Dac: 0.001034
Checking detector protection. dv=0.00103
Checking detector "CDD". Protection Threshold: 0.1 (V)
SetMagnetDAC 5.88507503182 ===>> OK
Magnet settling time: 1.049
GetData ===>> H2,-0.129807658240336,H1,248.132673518338,AX,46.4593830648853,L1,0.536302567913006,L2,0.412418860...
setting magnet DAC
current  : 5.885075
requested: 5.886110
Delta Dac: 0.001034
Checking detector protection. dv=0.00103
Checking detector "CDD". Protection Threshold: 0.1 (V)
SetMagnetDAC 5.88610951458 ===>> OK
Magnet settling time: 1.049
GetData ===>> H2,-0.0152751696033489,H1,231.194999980333,AX,40.5196888524681,L1,0.520556089125478,L2,0.40440643...
setting magnet DAC
current  : 5.886110
requested: 5.887144
Delta Dac: 0.001034
Checking detector protection. dv=0.00103
Checking detector "CDD". Protection Threshold: 0.1 (V)
SetMagnetDAC 5.88714399734 ===>> OK
Magnet settling time: 1.049
GetData ===>> H2,-0.232060017473884,H1,189.42402068305,AX,29.8552944566673,L1,0.389578586800788,L2,0.2929182920...
setting magnet DAC
current  : 5.887144
requested: 5.888178
Delta Dac: 0.001034
Checking detector protection. dv=0.00103
Checking detector "CDD". Protection Threshold: 0.1 (V)
SetMagnetDAC 5.8881784801 ===>> OK
Magnet settling time: 1.049
GetData ===>> H2,-0.300950701799604,H1,127.269663071267,AX,17.2395954461782,L1,0.270457463931535,L2,0.021774012...
setting magnet DAC
current  : 5.888178
requested: 5.889213
Delta Dac: 0.001034
Checking detector protection. dv=0.00103
Checking detector "CDD". Protection Threshold: 0.1 (V)
SetMagnetDAC 5.88921296285 ===>> OK
Magnet settling time: 1.049
GetData ===>> H2,-0.25922838687548,H1,66.1473229581557,AX,7.75876421119332,L1,0.171719060568881,L2,0.1175610570...
setting magnet DAC
current  : 5.889213
requested: 5.890247
Delta Dac: 0.001034
Checking detector protection. dv=0.00103
Checking detector "CDD". Protection Threshold: 0.1 (V)
SetMagnetDAC 5.89024744561 ===>> OK
Magnet settling time: 1.049
GetData ===>> H2,-0.270610385328063,H1,25.8311779135522,AX,2.41673325738424,L1,0.126148258342123,L2,0.005693562...
setting magnet DAC
current  : 5.890247
requested: 5.891282
Delta Dac: 0.001034
Checking detector protection. dv=0.00103
Checking detector "CDD". Protection Threshold: 0.1 (V)
SetMagnetDAC 5.89128192837 ===>> OK
Magnet settling time: 1.049
GetData ===>> H2,-0.224966809911309,H1,7.8408156266849,AX,0.556215874819264,L1,0.0581679493944353,L2,-0.0768526...
setting magnet DAC
current  : 5.891282
requested: 5.892316
Delta Dac: 0.001034
Checking detector protection. dv=0.00103
Checking detector "CDD". Protection Threshold: 0.1 (V)
SetMagnetDAC 5.89231641113 ===>> OK
Magnet settling time: 1.049
GetData ===>> H2,-0.246780207528467,H1,2.07271104000457,AX,-0.0540094414858909,L1,0.0462569154323503,L2,0.18829...
setting magnet DAC
current  : 5.892316
requested: 5.893351
Delta Dac: 0.001034
Checking detector protection. dv=0.00103
Checking detector "CDD". Protection Threshold: 0.1 (V)
SetMagnetDAC 5.89335089389 ===>> OK
Magnet settling time: 1.049
GetData ===>> H2,-0.216530939028984,H1,0.244474189320498,AX,-0.0662059275664718,L1,0.0374699081496633,L2,0.0495...
setting magnet DAC
current  : 5.893351
requested: 5.894385
Delta Dac: 0.001034
Checking detector protection. dv=0.00103
Checking detector "CDD". Protection Threshold: 0.1 (V)
SetMagnetDAC 5.89438537665 ===>> OK
Magnet settling time: 1.049
GetData ===>> H2,-0.2844227685225,H1,-0.0341482943009506,AX,-0.065603095345351,L1,0.0138992709548461,L2,-0.0988...
result of _do_sweep=True
result of _calculate_peak_center=([5.8715096251439363, 5.879325256406462, 5.8871408876689868], [183.99237504318964, 256.08165377617024, 189.28406980108298], 5.8788743546028543, 256.08165377617024)
Failed to find a valid peak. No peak greater than 1.0. max = 0.0309497468829
new center pos Detector(H1) (Ar40) @ 5.87932525641
GetHighVoltage ===>> 4499.94659342336
GetDeflection H1 ===>> 0
dac uncorrected for HV and deflection 5.87935987941
update mftable H1 Ar40 5.87935987941 message=automated run peakcenter
get initial guess parabolic
get initial guess parabolic
get initial guess parabolic
get initial guess parabolic
get initial guess parabolic
get initial guess parabolic
dump mftable to /Users/jan/PychronDev/setupfiles/spectrometer/mftables/mftable.csv
add to repo msg=modified - automated run peakcenter
sweep finished
locally archiving mftable
setting magnet DAC
current  : 5.894385
requested: 5.879325
Delta Dac: 0.015060
Checking detector protection. dv=0.01506
Checking detector "CDD". Protection Threshold: 0.1 (V)
SetMagnetDAC 5.87932525641 ===>> OK
Magnet settling time: 0.500
setting integration time = 1.048576
SetIntegrationTime 1.048576 ===>> OK
Failed to find a valid peak. No peak greater than 1.0. max = 0.0309497468829
flush and close file /Users/jan/PychronDev/data/isotopes/c2/8aefad-796d-4a93-9f00-b51e28f48d9d.h5
finished measure script
executed snippet estimated_duration=226.132928, duration=273.00180912
jan_unknown120_60.py completed successfully
Measurement Finished
17:31:38 -- ******* Measurement Finished *******
Post Measurement Started jan_pump_ms.py
17:31:38 -- ******* Post Measurement Started jan_pump_ms.py *******
testing...
no interpolation path defined
executed snippet estimated_duration=0, duration=3.00407409668e-05
Pumping spectrometer
open () {'name': 'O'}
opening name=O desc=---
checking ownership. requestor=129.138.12.150
check software interlocks O
interlocks []
actuate state mode=None-script, software_lock=False
doing actuation None-script open_channel True
Open O ===>> OK
GetIndicatorState O ===>> OK
change switch state (True, True)
update switch state O True args=() kw={} ncanvase=2
17:31:39 -- OPEN   VALVE-O (Jan Ion Pump)
---------------------------------------- open O () result=[(True, True)], time=0.12 sec
action=open, ok=True, locked=[False]
executed snippet estimated_duration=0, duration=0.377403974533
jan_pump_ms.py completed successfully
setting _ms_pumptime
Post Measurement Finished
17:31:39 -- ******* Post Measurement Finished *******
$$$$$$$$$$$$$$$$$$$$ state at run end measurement
state changed from measurement to success
post measurement save measured=True aborted=False
Set filtering
setting fod for Ar40= {'filter_outliers': True, 'std_devs': 2, 'iterations': 1}
setting fod for H1= {'filter_outliers': True, 'std_devs': 2, 'iterations': 1}
setting fod for PM41= {'filter_outliers': False, 'std_devs': 2, 'iterations': 1}
setting fod for H2= {'filter_outliers': True, 'std_devs': 2, 'iterations': 1}
setting fod for Ar36= {'filter_outliers': True, 'std_devs': 2, 'iterations': 1}
setting fod for CDD= {'filter_outliers': True, 'std_devs': 10, 'iterations': 1}
setting fod for Ar37= {'filter_outliers': True, 'std_devs': 2, 'iterations': 1}
setting fod for L2= {'filter_outliers': True, 'std_devs': 2, 'iterations': 1}
setting fod for Ar38= {'filter_outliers': True, 'std_devs': 2, 'iterations': 1}
setting fod for L1= {'filter_outliers': True, 'std_devs': 2, 'iterations': 1}
setting fod for Ar39= {'filter_outliers': True, 'std_devs': 2, 'iterations': 1}
setting fod for AX= {'filter_outliers': True, 'std_devs': 2, 'iterations': 1}
persistence save...
persistence save - db
post measurement save
6870350448 connecting to database sqlite:////Users/jan/PychronDev/.appdata/local_lab.db
connected to db sqlite:////Users/jan/PychronDev/.appdata/local_lab.db
create new session 6870350448
close session 6870350448
No database instance. Not saving post measurement to isotopedb database
$$$$$$$$$$$$$$$ auto_save_detector_ic=False
massspec enabled True
create new session 4985539184
MassSpec Database Version: 16.0
close session 4985539184
saving post measurement to secondary database
saving to massspec database 129.138.12.160/massspecdata
setting labnumber to 65584
setting aliquot to 19
setting step to A
setting uuid to c28aefad-796d-4a93-9f00-b51e28f48d9d
setting irradpos to 65584
setting extract_device to Fusions CO2
setting tray to 
setting position to 216
setting power_requested to 0.3
setting extract_value to 0.3
setting duration to 30.0
setting duration_at_request to 30.0
setting first_stage_delay to 30.0
setting cleanup to 30.0
setting comment to O:9
setting irradiation to NM-289
setting level to O
setting irradiation_level to O
setting sample to BW-102
setting material to 
setting project to 
setting mass_spectrometer to jan
no attribute chron_dosages
no attribute production_ratios
no attribute interference_corrections
no attribute production_name
no attribute j
Reference Isotope=Ar40
Reference Detector=H1
%%%%%%%%%%%%%%%%%%%% Comment: O:9 %%%%%%%%%%%%%%%%%%%
adding isotope PM41 H2
add baseline dbdet= PM41. original det= H2
get baseline data PM41 H2
Get data baseline <pychron.processing.isotope.Baseline object at 0x17b2ce0d0> len t=60
baseline PM41. v=-0.195362978556, e=0.00672735241701
get signal data PM41 H2
Get data signal PM41 0.05+/-0.07 len t=120
adding isotope Ar40 H1
add baseline dbdet= Ar40. original det= H1
get baseline data Ar40 H1
Get data baseline <pychron.processing.isotope.Baseline object at 0x17b2cee10> len t=60
baseline Ar40. v=-0.0221932670396, e=0.00514844874751
get signal data Ar40 H1
Get data signal Ar40 279.308+/-0.030 len t=120
adding isotope Ar39 AX
add baseline dbdet= Ar39. original det= AX
get baseline data Ar39 AX
Get data baseline <pychron.processing.isotope.Baseline object at 0x18256aa90> len t=60
baseline Ar39. v=-0.0819764244187, e=0.00637519971266
get signal data Ar39 AX
Get data signal Ar39 53.877+/-0.015 len t=120
adding isotope Ar38 L1
add baseline dbdet= Ar38. original det= L1
get baseline data Ar38 L1
Get data baseline <pychron.processing.isotope.Baseline object at 0x16a654ad0> len t=60
baseline Ar38. v=-0.0289618757418, e=0.00258845506431
get signal data Ar38 L1
Get data signal Ar38 0.713+/-0.005 len t=120
adding isotope Ar37 L2
add baseline dbdet= Ar37. original det= L2
get baseline data Ar37 L2
Get data baseline <pychron.processing.isotope.Baseline object at 0x16a654e10> len t=60
baseline Ar37. v=-0.0205880798707, e=0.00601554864428
get signal data Ar37 L2
Get data signal Ar37 0.646+/-0.009 len t=120
adding isotope Ar36 CDD
add baseline dbdet= Ar36. original det= CDD
get baseline data Ar36 CDD
Get data baseline <pychron.processing.isotope.Baseline object at 0x16a654e50> len t=60
baseline Ar36. v=6.94705253694e-05, e=1.14475188334e-05
get signal data Ar36 CDD
Get data signal Ar36 0.0249+/-0.0004 len t=120
65584-19A added analysis time 0.46559381485s
analysis added to mass spec database
mass spec save time= 0.475
persistence save - dvc
================= post measurement started
create new session 4989601072
close session 4989601072
---------------- Experiment Queue saving disabled
DVC saving peakcenter
Failed to find a valid peak. No peak greater than 1.0. max = 0.0309497468829
Smart pull ahead: 0 behind: 0
Up-to-date with origin
add to repo msg=modified - ad8224ebc6dbfeb9f5997218dfa5fe690569839d.json
add to repo msg=modified - 84-19A.json
add to repo msg=modified - 84-19A.dat.json
add to repo msg=modified - 84-19A.blan.json
add to repo msg=modified - 84-19A.inte.json
add to repo msg=modified - 84-19A.icfa.json
add to repo msg=modified - 84-19A.base.json
not at valid file /Users/jan/PychronDev/data/.dvc/repositories/Load1791/655/tags/84-19A.tags.json
add to repo msg=modified - 84-19A.peak.json
add to repo msg=modified - 84-19A.extr.json
not at valid file /Users/jan/PychronDev/data/.dvc/repositories/Load1791/655/monitor/84-19A.moni.json
commit message=<COLLECTION>
add to repo msg=modified - 84-19A.inte.json
add to repo msg=modified - 84-19A.base.json
commit message=<ISOEVO> default collection fits
add to repo msg=modified - 84-19A.blan.json
commit message=<BLANKS> preceding bu-FC-J-7754
add to repo msg=modified - 84-19A.icfa.json
commit message=<ICFactor> default
push repository <pychron.git_archive.repo_manager.GitRepoManager object at 0x18c0b30b0>
pushing to remote=origin, url=https://github.com
no changes to meta repo
create new session 4989601072
add association Load1791
get identifier "65584"
setting analysis irradiation position=<pychron.dvc.dvc_orm.IrradiationPositionTbl object at 0x19304a2d0>
close session 4989601072
================= post measurement finished
17:31:51 -- ******* Post Run Check *******
loading queue conditionals post_run_actions
loading system conditionals post_run_actions
loading conditionals from /Users/jan/PychronDev/setupfiles/spectrometer/default_conditionals.yaml
loading queue conditionals post_run_terminations
loading system conditionals post_run_terminations
loading conditionals from /Users/jan/PychronDev/setupfiles/spectrometer/default_conditionals.yaml
Checking default post run terminations n=1
GetDeflection CDD ===>> 50
testing CDD==2000
evaluate ot="CDD.deflection==2000" t="CDD==2000", ctx="{'CDD': 50.0}"
17:31:51 -- ******* Post Run Check Passed *******
17:31:51 -- Automated run 65584-19A success duration: 362.160 s
----------------- finish -----------------
----------------- stop -----------------
retroactive repository identifiers disabled
finish run. runs completed=13
update duration runid=65584-19A, duration=362.159955978, md5=301e91d8
write rem/ex queues
/Users/jan/PychronDev/experiments/rem/CurrentExperiment.rem.txt
/Users/jan/PychronDev/experiments/rem/CurrentExperiment.ex.txt
doing event level: 3
