do run
loading script "jan_unknown120_60.py"
loading script "jan_pump_ms.py"
loading script "jan_co2.py"
loading script "jan_pump_extraction_line.py"
testing...
no interpolation path defined
executed snippet estimated_duration=213.652928, duration=0.000483989715576
script duration name:unknown120_60 seconds:214.0
loading script "jan_unknown120_60.py"
loading script "jan_pump_ms.py"
loading script "jan_co2.py"
loading script "jan_pump_extraction_line.py"
testing...
no interpolation path defined
executed snippet estimated_duration=0, duration=3.00407409668e-05
loading script "jan_unknown120_60.py"
loading script "jan_pump_ms.py"
loading script "jan_co2.py"
loading script "jan_pump_extraction_line.py"
testing...
no interpolation path defined
calculate duration
testing...
no interpolation path defined
executed snippet estimated_duration=0, duration=6.69956207275e-05
calculate duration
testing...
no interpolation path defined
executed snippet estimated_duration=0, duration=9.41753387451e-05
executed snippet estimated_duration=0.0, duration=0.011167049408
script duration name:co2 seconds:0.0
loading script "jan_unknown120_60.py"
loading script "jan_pump_ms.py"
loading script "jan_co2.py"
loading script "jan_pump_extraction_line.py"
testing...
no interpolation path defined
calculate duration
testing...
no interpolation path defined
executed snippet estimated_duration=4.0, duration=0.00019097328186
executed snippet estimated_duration=4.0, duration=0.00150084495544
Script duration 214.0
Run total estimated duration= 215.000
run duration: 0:03:35
doing event level: 2
16:04:18 -- Setting default integration. t=1.048576
setting integration time = 1.048576
SetIntegrationTime 1.048576 ===>> OK
----------------- start -----------------
**************** Experiment Type: Ar/Ar, Ar/Ar
create new session 4436069840
close session 4436069840
$$$$$ Clearing conditionals
adding conditionals 
Add queue conditionals
add default conditionals
adding default conditionals from /Users/jan/PychronDev/setupfiles/spectrometer/default_conditionals.yaml
Start automated run 65584-15B
loading script "jan_unknown120_60.py"
loading script "jan_pump_ms.py"
loading script "jan_co2.py"
loading script "jan_pump_extraction_line.py"
%%%%%%%%%%%%%%%%%% setting automated run 65584-15B
No value "sensitivity_multiplier" in metadata
$$$$$$$$$$$$$$$ auto_save_detector_ic=False
============================= Pre Extraction Check =============================
loading queue conditionals pre_run_terminations
loading system conditionals pre_run_terminations
loading conditionals from /Users/jan/PychronDev/setupfiles/spectrometer/default_conditionals.yaml
16:04:18 -- ******* Pre Extraction Check *******
Get a measurement from the spectrometer
GetData ===>> H2,-0.185305721660157,H1,-0.0606529796370435,AX,-0.0758855104413307,L1,-0.0139553827780242,L2,0.0...
Pre Extraction Termination data. keys=H2,H1,AX,L1,L2,CDD, signals=-0.18531,-0.06065,-0.07589,-0.01396,0.01506,0.00342
16:04:18 -- testing system defined conditionals
Checking default pre extraction terminations n=2
testing CDD
evaluate ot="CDD.inactive" t="CDD", ctx="{'CDD': False}"
GetDeflection CDD ===>> 50
testing CDD==2000
evaluate ot="CDD.deflection==2000" t="CDD==2000", ctx="{'CDD': 50.0}"
16:04:18 -- ******* Pre Extraction Check Passed *******
=================================================================================
16:04:18 -- stopping status monitor
stop 4982387056
Alive clients [4989850544]
16:04:18 -- starting status monitor
start 4982387056
Monitor already running
start extraction
do extraction
Analysis started at 16:04:18.669909
Extraction Started jan_co2.py
16:04:18 -- ******* Extraction Started jan_co2.py *******
state changed from not run to extraction
DO EXTRACTION <pychron.extraction_line.pyscript_runner.RemotePyScriptRunner object at 0x12c299590>
testing...
no interpolation path defined
calculate duration
testing...
no interpolation path defined
executed snippet estimated_duration=0, duration=5.41210174561e-05
calculate duration
testing...
no interpolation path defined
executed snippet estimated_duration=0, duration=9.89437103271e-05
executed snippet estimated_duration=100.0, duration=0.0026330947876
Jan CO2 laser analysis
doing GOSUB
testing...
no interpolation path defined
executed snippet estimated_duration=0, duration=4.6968460083e-05
Waiting for CO2 access
wait ('FelixCO2Flag', 0) {}
waiting for FelixCO2Flag = 0
Read FelixCO2Flag ===>> 0
finished waiting
CO2 free
wait ('CO2PumpTimeFlag', 0) {}
waiting for CO2PumpTimeFlag = 0
Read CO2PumpTimeFlag ===>> 0
finished waiting
acquire ('JanCO2Flag',) {'clear': True}
acquire JanCO2Flag
Set JanCO2Flag 1 ===>> OK
JanCO2Flag acquired
set extraction state False (0.75, 'red', 1.5)
CO2 acquired
executed snippet estimated_duration=0, duration=0.0159738063812
WaitForCO2Access.py completed successfully
gosub finished
doing GOSUB
testing...
no interpolation path defined
executed snippet estimated_duration=0, duration=7.58171081543e-05
Prepare for CO2 analysis
close () {'description': 'Jan Inlet'}
closing name=--- desc=Jan Inlet
checking ownership. requestor=129.138.12.150
check software interlocks R
interlocks []
actuate state mode=None-script, software_lock=False
doing actuation None-script close_channel False
Close R ===>> OK
GetIndicatorState R ===>> False
change switch state (True, True)
update switch state R False args=() kw={} ncanvase=2
16:04:19 -- CLOSE  VALVE-R (Jan Inlet)
---------------------------------------- close None (Jan Inlet) result=[(True, True)]
action=close, ok=True, locked=[False]
open () {'description': 'Jan Ion Pump'}
opening name=--- desc=Jan Ion Pump
checking ownership. requestor=129.138.12.150
check software interlocks O
interlocks []
actuate state mode=None-script, software_lock=False
doing actuation None-script open_channel False
Open O ===>> OK
GetIndicatorState O ===>> OK
change switch state (True, True)
update switch state O True args=() kw={} ncanvase=2
16:04:19 -- OPEN   VALVE-O (Jan Ion Pump)
---------------------------------------- open None (Jan Ion Pump) result=[(True, True)], time=0.12 sec
action=open, ok=True, locked=[False]
close () {'description': 'Microbone to Minibone'}
closing name=--- desc=Microbone to Minibone
checking ownership. requestor=129.138.12.150
check software interlocks L
interlocks []
actuate state mode=None-script, software_lock=False
doing actuation None-script close_channel False
Close L ===>> OK
GetIndicatorState L ===>> False
change switch state (True, True)
update switch state L False args=() kw={} ncanvase=2
16:04:20 -- CLOSE  VALVE-L (Microbone to Minibone)
---------------------------------------- close None (Microbone to Minibone) result=[(True, True)]
action=close, ok=True, locked=[False]
open () {'description': 'Microbone to Turbo'}
opening name=--- desc=Microbone to Turbo
checking ownership. requestor=129.138.12.150
check software interlocks U
interlocks []
actuate state mode=None-script, software_lock=False
doing actuation None-script open_channel False
Open U ===>> OK
GetIndicatorState U ===>> OK
change switch state (True, True)
update switch state U True args=() kw={} ncanvase=2
16:04:20 -- OPEN   VALVE-U (Microbone to Turbo)
---------------------------------------- open None (Microbone to Turbo) result=[(True, True)], time=0.13 sec
action=open, ok=True, locked=[False]
open () {'description': 'Microbone to Inlet Pipette'}
opening name=--- desc=Microbone to Inlet Pipette
checking ownership. requestor=129.138.12.150
check software interlocks S
interlocks []
actuate state mode=None-script, software_lock=False
doing actuation None-script open_channel False
Open S ===>> OK
GetIndicatorState S ===>> OK
change switch state (True, True)
update switch state S True args=() kw={} ncanvase=2
16:04:21 -- OPEN   VALVE-S (Microbone to Inlet Pipette)
---------------------------------------- open None (Microbone to Inlet Pipette) result=[(True, True)], time=0.41 sec
action=open, ok=True, locked=[False]
open () {'description': 'Microbone to Getter D-50'}
opening name=--- desc=Microbone to Getter D-50
checking ownership. requestor=129.138.12.150
check software interlocks K
interlocks []
actuate state mode=None-script, software_lock=False
doing actuation None-script open_channel False
Open K ===>> OK
GetIndicatorState K ===>> OK
change switch state (True, True)
update switch state K True args=() kw={} ncanvase=2
16:04:21 -- OPEN   VALVE-K (Microbone to Getter D-50)
---------------------------------------- open None (Microbone to Getter D-50) result=[(True, True)], time=0.44 sec
action=open, ok=True, locked=[False]
open () {'description': 'Microbone to Getter NP-10'}
opening name=--- desc=Microbone to Getter NP-10
checking ownership. requestor=129.138.12.150
check software interlocks M
interlocks []
actuate state mode=None-script, software_lock=False
doing actuation None-script open_channel False
Open M ===>> OK
GetIndicatorState M ===>> OK
change switch state (True, True)
update switch state M True args=() kw={} ncanvase=2
16:04:22 -- OPEN   VALVE-M (Microbone to Getter NP-10)
---------------------------------------- open None (Microbone to Getter NP-10) result=[(True, True)], time=0.15 sec
action=open, ok=True, locked=[False]
close () {'description': 'CO2 Laser to Felix'}
closing name=--- desc=CO2 Laser to Felix
checking ownership. requestor=129.138.12.150
check software interlocks F
interlocks []
actuate state mode=None-script, software_lock=True
VALVE-F(CO2 Laser to Felix) software locked
change switch state (True, False)
---------------------------------------- close None (CO2 Laser to Felix) result=[(True, False)]
action=close, ok=True, locked=[True]
open () {'description': 'CO2 Laser to Jan'}
opening name=--- desc=CO2 Laser to Jan
checking ownership. requestor=129.138.12.150
check software interlocks A
interlocks []
actuate state mode=None-script, software_lock=False
doing actuation None-script open_channel False
Open A ===>> OK
GetIndicatorState A ===>> OK
change switch state (True, True)
update switch state A True args=() kw={} ncanvase=2
16:04:22 -- OPEN   VALVE-A (CO2 Laser to Jan)
---------------------------------------- open None (CO2 Laser to Jan) result=[(True, True)], time=0.15 sec
action=open, ok=True, locked=[False]
open () {'description': 'Microbone to CO2 Laser'}
opening name=--- desc=Microbone to CO2 Laser
checking ownership. requestor=129.138.12.150
check software interlocks T
interlocks []
actuate state mode=None-script, software_lock=False
doing actuation None-script open_channel False
Open T ===>> OK
GetIndicatorState T ===>> OK
change switch state (True, True)
update switch state T True args=() kw={} ncanvase=2
16:04:23 -- OPEN   VALVE-T (Microbone to CO2 Laser)
---------------------------------------- open None (Microbone to CO2 Laser) result=[(True, True)], time=0.42 sec
action=open, ok=True, locked=[False]
executed snippet estimated_duration=0, duration=4.97100782394
PrepareForCO2Analysis.py completed successfully
gosub finished
set_motor ('beam', '1.25') {}
setting motor "beam" to 1.25
set motor beam to 1.25
SetMotor beam,1.25 ===>> OK
GetMotorMoving beam ===>> False
GetMotorMoving beam ===>> False
Block completed
move_to_position ('212',) {'autocenter': True}
FusionsCO2 move to position 212
sending GoToHole 212,True
GoToHole 212,True ===>> OK
GetDriveMoving ===>> False
GetDriveMoving ===>> OK
GetDriveMoving ===>> OK
GetDriveMoving ===>> False
Block completed
GetAutoCorrecting ===>> False
GetAutoCorrecting ===>> False
Block completed
update position
GetPosition ===>> 0.00000,-13.95730,1.00000
got position (0.0, -13.9573, 1.0)
move to position succeeded
sleep (5,) {}
SLEEP 5.0
block started
WaitControl setup for 5.0  
Join finished
block finished. duration 5.00853705406
close () {'description': 'Microbone to Turbo'}
closing name=--- desc=Microbone to Turbo
checking ownership. requestor=129.138.12.150
check software interlocks U
interlocks []
actuate state mode=None-script, software_lock=False
doing actuation None-script close_channel True
Close U ===>> OK
GetIndicatorState U ===>> False
change switch state (True, True)
update switch state U False args=() kw={} ncanvase=2
16:04:32 -- CLOSE  VALVE-U (Microbone to Turbo)
---------------------------------------- close None (Microbone to Turbo) result=[(True, True)]
action=close, ok=True, locked=[False]
enable laser
enable () {}
set extraction state FusionsCO2 Enabled (False, 'red', 1.5)
enabling laser
Enable ===>> OK
begin interval
BEGIN INTERVAL Interval 1 waiting for 30.0
block started
set extract to 5.0
WaitControl setup for 30.0  
extract (5.0,) {}
GetPosition ===>> 0.00000,-13.95730,1.00000
set extraction state FusionsCO2 ON! 5.0(watts) (0.75, 'red', 1.5)
extract sample to 5.0 (watts)
set laser output
SetLaserOutput 5.0,watts ===>> OK
executing pattern triangle.lp
execute_pattern ('triangle.lp',) {}
executing pattern triangle.lp
IsPatterning ===>> OK
IsPatterning ===>> OK
IsPatterning ===>> OK
IsPatterning ===>> OK
IsPatterning ===>> OK
IsPatterning ===>> OK
IsPatterning ===>> OK
IsPatterning ===>> OK
IsPatterning ===>> OK
IsPatterning ===>> OK
IsPatterning ===>> OK
IsPatterning ===>> OK
IsPatterning ===>> OK
IsPatterning ===>> OK
IsPatterning ===>> OK
IsPatterning ===>> OK
IsPatterning ===>> OK
IsPatterning ===>> OK
IsPatterning ===>> OK
IsPatterning ===>> OK
IsPatterning ===>> OK
IsPatterning ===>> OK
IsPatterning ===>> OK
IsPatterning ===>> OK
IsPatterning ===>> OK
IsPatterning ===>> OK
IsPatterning ===>> False
IsPatterning ===>> False
Block completed
COMPLETE INTERVAL waiting for Interval 1 to complete
Join finished
block finished. duration 30.0660638809
Interval 1 finished
end_extract () {}
ending extraction. set laser power to 0
set laser power 0
SetLaserPower 0 ===>> OK
disable () {}
%%%%%%%%%%%%%%%%%%%%%%%%%%%%%%%%%%% disable
set extraction state False (0.75, 'red', 1.5)
disabling laser
Disable ===>> OK
sleep (30.0,) {}
SLEEP 30.0
block started
WaitControl setup for 30.0  
Join finished
block finished. duration 30.0497260094
executed snippet estimated_duration=166.0, duration=74.6998589039
jan_co2.py completed successfully
GetAchievedOutput ===>> No Response
Requested Output= 0.000
Achieved Output=  0.000
GetResponseBlob ===>> No Response
GetOutputBlob ===>> No Response
persistence save...
persistence save - db
AutomatedRunPersister post_extraction_save deprecated
persistence save - dvc
no extraction position for 212
create new session 4989601072
close session 4989601072
Extraction Finished
16:05:33 -- ******* Extraction Finished *******
no overlap. not waiting for min ms pumptime
16:05:33 -- Sending spectrometer configuration
======== Sending configuration ========
SetDeflection CDD,50.0 ===>> OK
SetDeflection H2,0.0 ===>> OK
SetDeflection H1,0.0 ===>> OK
SetDeflection L2,825.0 ===>> OK
SetDeflection L1,400.0 ===>> OK
SetDeflection AX,190.0 ===>> OK
SetZFocus 74.64 ===>> OK
SetZSymmetry -50.72 ===>> OK
SetExtractionLens 26.13 ===>> OK
SetIonRepeller -3.81 ===>> OK
SetElectronEnergy 75.08 ===>> OK
SetYSymmetry -2.81 ===>> OK
SetIonCounterVoltage 1590.0 ===>> OK
send trap current 200.0
GetParameter Trap Current Readback ===>> 198.258926936459
SetParameter Trap Current Set,200.0 ===>> OK
updating mftable name mftable
Using mftable located at /Users/jan/PychronDev/setupfiles/spectrometer/mftables/mftable.csv
============ MFtable ===========
Isotope  H2     H1     AX     L1     L2     CDD    
Ar40     5.8088 5.8794 5.9928 6.1487 6.2312 6.3769
Ar39     5.7081 5.7717 5.8853 6.0348 6.1163 6.2634
Ar36     5.3856 5.4407 5.5486 5.6936 5.7713 5.9146
================================
get initial guess parabolic
get initial guess parabolic
get initial guess parabolic
get initial guess parabolic
get initial guess parabolic
get initial guess parabolic
======== Configuration Finished ========
GetYSymmetry ===>> -2.81
GetZSymmetry ===>> -50.72
GetParameter Trap Current Readback ===>> 197.251968503937
GetHighVoltage ===>> 4499.94659342336
start measurement
do measurement
L#=65584 analysis type=unknown
Measurement Started jan_unknown120_60.py
16:05:33 -- ******* Measurement Started jan_unknown120_60.py *******
state changed from extraction to measurement
setting spec, defl, and gains
GetExtractionLens ===>> 26.13
GetYSymmetry ===>> -2.81
GetZSymmetry ===>> -50.72
GetZFocus ===>> 74.64
GetDeflection H2 ===>> 0
GetDeflection H1 ===>> 0
GetDeflection AX ===>> 190
GetDeflection L1 ===>> 400
GetDeflection L2 ===>> 825
GetDeflection CDD ===>> 50
GetGain H2 ===>> 0.0113
GetGain H1 ===>> 0.1
GetGain AX ===>> 0.097049
GetGain L1 ===>> 0.010355
GetGain L2 ===>> 0.095649
GetGain CDD ===>> 0
pre measurement save
New frame /Users/jan/PychronDev/data/isotopes/69/67eed4-5d51-4b67-a2a2-2d4e1c9e27b5.h5
flush and close file /Users/jan/PychronDev/data/isotopes/69/67eed4-5d51-4b67-a2a2-2d4e1c9e27b5.h5
testing...
no interpolation path defined
executed snippet estimated_duration=226.132928, duration=0.000152826309204
unknown measurement script
activate_detectors ('H2', 'H1', 'AX', 'L1', 'L2', 'CDD') {}
activate detectors
*************** Set Analysis View Ar/Ar
create graphs
clearing graphs
clear isotope group
setting isotope det=H2, iso=PM41
setting isotope det=H1, iso=Ar40
setting isotope det=AX, iso=Ar39
setting isotope det=L1, iso=Ar38
setting isotope det=L2, iso=Ar37
setting isotope det=CDD, iso=Ar36
setting previous blanks
 - setting Ar40 blank 1.085+/-0.007
 - setting Ar36 blank 0.00792+/-0.00021
 - setting Ar37 blank 0.051+/-0.006
 - setting Ar38 blank 0.0083+/-0.0021
 - setting PM41 blank 0.04+/-0.07
 - setting Ar39 blank 0.036+/-0.008
load analysis view
position_magnet ('Ar40',) {'detector': 'H1'}
detector Detector(H1)
POSITION Ar40 H1
setting detector H2 to PM41 (40.9624)
setting detector H1 to Ar40 (39.9624)
setting detector AX to Ar39 (38.9624)
setting detector L1 to Ar38 (37.9624)
setting detector L2 to Ar37 (36.9624)
setting detector CDD to Ar36 (35.9624)
Mapping mass to dac mass func: "parabolic"
H1 map mass coeffs = [-0.00063987  0.15840543  0.57101999]
H1 map mass to dac 39.9624 >> 5.87941
GetDeflection H1 ===>> 0
GetHighVoltage ===>> 4499.94659342336
positioning Ar40 (5.87937537671) on H1
setting magnet DAC
current  : 5.879378
requested: 5.879375
Delta Dac: 0.000002
Checking detector protection. dv=0.00000
Checking detector "CDD". Protection Threshold: 0.1 (V)
SetMagnetDAC 5.87937537671 ===>> OK
Magnet settling time: 0.500
equilibrate () {'delay': 3, 'inlet': 'R', 'outlet': 'O', 'eqtime': 12.0}
Equilibration Started
16:05:35 -- ******* Equilibration Started *******
checking ownership. requestor=129.138.12.150
check software interlocks O
interlocks []
actuate state mode=None-script, software_lock=False
doing actuation None-script close_channel True
Close O ===>> OK
GetIndicatorState O ===>> False
change switch state (True, True)
update switch state O False args=() kw={} ncanvase=2
16:05:35 -- CLOSE  VALVE-O (Jan Ion Pump)
waiting 3s before opening inlet value ('R',)
update labels <pychron.experiment.plot_panel.PlotPanel object at 0x1a8e2c7d0>
update labels "<pychron.graph.stacked_regression_graph.StackedRegressionGraph object at 0x1a3601ef0>"
setting label 0 H2 PM41
setting label 1 H1 Ar40
setting label 2 AX Ar39
setting label 3 L1 Ar38
setting label 4 L2 Ar37
setting label 5 CDD Ar36
update labels "<pychron.graph.stacked_graph.StackedGraph object at 0x14a283710>"
setting label 0 H2 PM41
setting label 1 H1 Ar40
setting label 2 AX Ar39
setting label 3 L1 Ar38
setting label 4 L2 Ar37
setting label 5 CDD Ar36
checking ownership. requestor=129.138.12.150
check software interlocks R
interlocks []
actuate state mode=None-script, software_lock=False
doing actuation None-script open_channel True
Open R ===>> OK
State checksums do not match. Local:1838806504 Remote:1775861429
State checksum failed
GetIndicatorState R ===>> OK
change switch state (True, True)
update switch state R True args=() kw={} ncanvase=2
16:05:38 -- OPEN   VALVE-R (Jan Inlet)
set_time_zero () {}
equilibrating for 12.0sec
sniff (12.0,) {}
py_sniff
build tables- sniff [Detector(H2), Detector(H1), Detector(AX), Detector(L1), Detector(L2), Detector(CDD)]
add group /sniff/PM41 (Group) '' table H2
add group /sniff/Ar40 (Group) '' table H1
add group /sniff/Ar39 (Group) '' table AX
add group /sniff/Ar38 (Group) '' table L1
add group /sniff/Ar37 (Group) '' table L2
add group /sniff/Ar36 (Group) '' table CDD
flush and close file /Users/jan/PychronDev/data/isotopes/69/67eed4-5d51-4b67-a2a2-2d4e1c9e27b5.h5
measuring sniff. ncounts=12.0
"sniff" increment series count="1" fit count="0" regressing="False"
starting measurement
GetData ===>> H2,-0.23629484358564,H1,0.00629590407117426,AX,-0.0211803155384725,L1,0.013022726735116,L2,0.0041...
GetData ===>> H2,0.196298462185905,H1,38.5355453832614,AX,8.60497712104496,L1,0.0845330076725982,L2,0.251237347...
GetData ===>> H2,0.835965384501694,H1,163.709798814909,AX,33.8780052307369,L1,0.361769579351588,L2,0.5250517848...
GetData ===>> H2,0.349474935053781,H1,213.945341991075,AX,42.4538262666398,L1,0.494151842119878,L2,0.6139311933...
GetData ===>> H2,0.131338183372308,H1,230.325199511751,AX,44.9664286756558,L1,0.537572281999653,L2,0.5525048343...
GetData ===>> H2,0.0265709869053473,H1,236.618759182566,AX,45.8671087955714,L1,0.576869387458616,L2,0.512687906...
GetData ===>> H2,-0.0279214914459703,H1,239.404582353297,AX,46.5587151978143,L1,0.555677782796388,L2,0.48982693...
GetData ===>> H2,-0.127930178998598,H1,240.645913615676,AX,46.488101587784,L1,0.571241515590634,L2,0.5696641227...
GetData ===>> H2,-0.146528968942274,H1,241.006183631458,AX,46.4407078865756,L1,0.552313506601769,L2,0.645702351...
GetData ===>> H2,-0.168149251796883,H1,240.928931516307,AX,46.5538149054178,L1,0.571301987539444,L2,0.547635402...
GetData ===>> H2,-0.13106328646149,H1,240.979502169256,AX,46.5233254772102,L1,0.552512027721604,L2,0.4510066047...
Equilibration Finished
GetData ===>> H2,-0.172562813480822,H1,241.174655645249,AX,46.4712285592643,L1,0.533805342886571,L2,0.558894910...
16:05:51 -- ******* Equilibration Finished *******
checking ownership. requestor=129.138.12.150
check software interlocks R
interlocks []
actuate state mode=None-script, software_lock=False
doing actuation None-script close_channel True
Close R ===>> OK
GetIndicatorState R ===>> False
change switch state (True, True)
update switch state R False args=() kw={} ncanvase=2
16:05:51 -- CLOSE  VALVE-R (Jan Inlet)
Post Equilibration Started jan_pump_extraction_line.py
16:05:51 -- ******* Post Equilibration Started jan_pump_extraction_line.py *******
testing...
no interpolation path defined
calculate duration
testing...
no interpolation path defined
executed snippet estimated_duration=4.0, duration=0.000153064727783
executed snippet estimated_duration=4.0, duration=0.00143599510193
Pump after analysis
doing GOSUB
testing...
no interpolation path defined
executed snippet estimated_duration=4.0, duration=0.000142097473145
Pump Microbone
close () {'description': 'Jan Inlet'}
closing name=--- desc=Jan Inlet
checking ownership. requestor=129.138.12.150
check software interlocks R
interlocks []
actuate state mode=None-script, software_lock=False
doing actuation None-script close_channel False
Close R ===>> OK
measurement finished
estimated time: 12.583 actual time: :12.660
flush and close file /Users/jan/PychronDev/data/isotopes/69/67eed4-5d51-4b67-a2a2-2d4e1c9e27b5.h5
set_fits () {}
using default fits file=/Users/jan/PychronDev/scripts/measurement/fits/nominal_linear.yaml
set "Ar40" to "('Linear', 'SEM')"
No fit for "PM41". defaulting to linear. check the measurement script "jan_unknown120_60.py"
set "PM41" to "linear"
set "Ar36" to "('Linear', 'SEM')"
set "Ar37" to "('linear', 'SEM')"
set "Ar38" to "('linear', 'SEM')"
set "Ar39" to "('Linear', 'SEM')"
set_baseline_fits () {}
using default fits file=/Users/jan/PychronDev/scripts/measurement/fits/nominal_linear.yaml
set "H1" to "('average', 'SEM')"
set "H2" to "('average', 'SEM')"
set "CDD" to "('average', 'SEM')"
set "L2" to "('average', 'SEM')"
set "L1" to "('average', 'SEM')"
set "AX" to "('average', 'SEM')"
multicollect () {'integration_time': 1, 'ncounts': 120}
build tables- signal [Detector(H2), Detector(H1), Detector(AX), Detector(L1), Detector(L2), Detector(CDD)]
add group /signal/PM41 (Group) '' table H2
add group /signal/Ar40 (Group) '' table H1
add group /signal/Ar39 (Group) '' table AX
add group /signal/Ar38 (Group) '' table L1
add group /signal/Ar37 (Group) '' table L2
add group /signal/Ar36 (Group) '' table CDD
flush and close file /Users/jan/PychronDev/data/isotopes/69/67eed4-5d51-4b67-a2a2-2d4e1c9e27b5.h5
GetIndicatorState R ===>> False
measuring signal. ncounts=120
change switch state (True, True)
update switch state R False args=() kw={} ncanvase=2
16:05:52 -- CLOSE  VALVE-R (Jan Inlet)
---------------------------------------- close None (Jan Inlet) result=[(True, True)]
action=close, ok=True, locked=[False]
is_closed ('F',) {}
is F () closed?
is closed True
open () {'description': 'CO2 Laser to Jan'}
opening name=--- desc=CO2 Laser to Jan
checking ownership. requestor=129.138.12.150
check software interlocks A
interlocks []
actuate state mode=None-script, software_lock=False
doing actuation None-script open_channel False
Open A ===>> OK
GetIndicatorState A ===>> OK
change switch state (True, True)
update switch state A True args=() kw={} ncanvase=2
16:05:52 -- OPEN   VALVE-A (CO2 Laser to Jan)
---------------------------------------- open None (CO2 Laser to Jan) result=[(True, True)], time=0.12 sec
starting measurement
GetData ===>> H2,-0.139478011016012,H1,241.22089142351,AX,46.6045087825984,L1,0.590916587688847,L2,0.5773587911...
"signal" increment series count="2" fit count="1" regressing="True"
action=open, ok=True, locked=[False]
sleep (1,) {}
SLEEP 1.0
GetData ===>> H2,-0.066801453633945,H1,241.195931316219,AX,46.5114891521981,L1,0.59139465440568,L2,0.4570930131...
close () {'description': 'CO2 Laser to Roughing'}
closing name=--- desc=CO2 Laser to Roughing
checking ownership. requestor=129.138.12.150
check software interlocks G
interlocks []
actuate state mode=None-script, software_lock=True
VALVE-G(CO2 Laser to Roughing) software locked
change switch state (True, False)
---------------------------------------- close None (CO2 Laser to Roughing) result=[(True, False)]
action=close, ok=True, locked=[True]
open () {'description': 'Microbone to Turbo'}
opening name=--- desc=Microbone to Turbo
checking ownership. requestor=129.138.12.150
check software interlocks U
interlocks []
actuate state mode=None-script, software_lock=False
doing actuation None-script open_channel True
Open U ===>> OK
GetIndicatorState U ===>> OK
change switch state (True, True)
update switch state U True args=() kw={} ncanvase=2
16:05:54 -- OPEN   VALVE-U (Microbone to Turbo)
---------------------------------------- open None (Microbone to Turbo) result=[(True, True)], time=0.16 sec
action=open, ok=True, locked=[False]
open () {'description': 'Microbone to Getter NP-10'}
opening name=--- desc=Microbone to Getter NP-10
checking ownership. requestor=129.138.12.150
check software interlocks M
interlocks []
actuate state mode=None-script, software_lock=False
doing actuation None-script open_channel False
Open M ===>> OK
GetIndicatorState M ===>> OK
change switch state (True, True)
update switch state M True args=() kw={} ncanvase=2
16:05:54 -- OPEN   VALVE-M (Microbone to Getter NP-10)
---------------------------------------- open None (Microbone to Getter NP-10) result=[(True, True)], time=0.14 sec
action=open, ok=True, locked=[False]
open () {'description': 'Microbone to Getter D-50'}
opening name=--- desc=Microbone to Getter D-50
checking ownership. requestor=129.138.12.150
check software interlocks K
interlocks []
actuate state mode=None-script, software_lock=False
doing actuation None-script open_channel False
GetData ===>> H2,-0.155529207890642,H1,241.030712393823,AX,46.5540735669017,L1,0.607291956859509,L2,0.439779147...
Open K ===>> OK
GetIndicatorState K ===>> OK
change switch state (True, True)
update switch state K True args=() kw={} ncanvase=2
16:05:55 -- OPEN   VALVE-K (Microbone to Getter D-50)
---------------------------------------- open None (Microbone to Getter D-50) result=[(True, True)], time=0.44 sec
action=open, ok=True, locked=[False]
open () {'description': 'Microbone to CO2 Laser'}
opening name=--- desc=Microbone to CO2 Laser
checking ownership. requestor=129.138.12.150
check software interlocks T
interlocks []
actuate state mode=None-script, software_lock=False
doing actuation None-script open_channel False
Open T ===>> OK
GetIndicatorState T ===>> OK
change switch state (True, True)
update switch state T True args=() kw={} ncanvase=2
16:05:55 -- OPEN   VALVE-T (Microbone to CO2 Laser)
---------------------------------------- open None (Microbone to CO2 Laser) result=[(True, True)], time=0.39 sec
GetData ===>> H2,-0.200408840284708,H1,240.983392467208,AX,46.4248039880913,L1,0.587037280315881,L2,0.495287477...
action=open, ok=True, locked=[False]
open () {'description': 'Microbone to Inlet Pipette'}
opening name=--- desc=Microbone to Inlet Pipette
checking ownership. requestor=129.138.12.150
check software interlocks S
interlocks []
actuate state mode=None-script, software_lock=False
doing actuation None-script open_channel False
Open S ===>> OK
GetIndicatorState S ===>> OK
change switch state (True, True)
update switch state S True args=() kw={} ncanvase=2
16:05:56 -- OPEN   VALVE-S (Microbone to Inlet Pipette)
---------------------------------------- open None (Microbone to Inlet Pipette) result=[(True, True)], time=0.43 sec
action=open, ok=True, locked=[False]
sleep (1,) {}
SLEEP 1.0
testing H1>-5.0
evaluate ot="H1.bs>-5.0" t="H1>-5.0", ctx="{'H1': None}"
GetData ===>> H2,-0.107459825568526,H1,240.954698104422,AX,46.5735322488523,L1,0.577310216358413,L2,0.561307017...
set_resource () {'name': 'CO2PumpTimeFlag', 'value': 30}
Set CO2PumpTimeFlag 30 ===>> OK
release ('JanCO2Flag',) {}
release JanCO2Flag
Set JanCO2Flag 0 ===>> OK
executed snippet estimated_duration=6.0, duration=5.89258384705
PumpMicrobone.py completed successfully
gosub finished
get_resource_value () {'name': 'JanMiniboneFlag'}
Read JanMiniboneFlag ===>> 0
Get Resource Value JanMiniboneFlag=0.0
get resource value 0.0
get_resource_value () {'name': 'JanMiniboneFlag'}
Read JanMiniboneFlag ===>> 0
Get Resource Value JanMiniboneFlag=0.0
executed snippet estimated_duration=4.0, duration=5.90531682968
jan_pump_extraction_line.py completed successfully
Post Equilibration Finished
16:05:57 -- ******* Post Equilibration Finished *******
GetData ===>> H2,-0.110126685833458,H1,240.989412049926,AX,46.5324197733219,L1,0.586608805324545,L2,0.508128986...
GetData ===>> H2,-0.149104758717086,H1,240.892810775976,AX,46.393892927088,L1,0.613909465637091,L2,0.5502186851...
GetData ===>> H2,-0.218010963836181,H1,240.495676072946,AX,46.3843712743707,L1,0.598585089967885,L2,0.493002692...
GetData ===>> H2,-0.19455068341877,H1,240.340186180674,AX,46.4389119483325,L1,0.571232876769627,L2,0.5121623060...
testing H1>-5.0
evaluate ot="H1.bs>-5.0" t="H1>-5.0", ctx="{'H1': None}"
GetData ===>> H2,-0.205450307773648,H1,240.222963338721,AX,46.3766022779035,L1,0.575298855463288,L2,0.522377761...
GetData ===>> H2,-0.333532683633722,H1,240.240571655159,AX,46.2279809137626,L1,0.536590059277893,L2,0.499514474...
GetData ===>> H2,-0.226657082897017,H1,240.327164173127,AX,46.4911056368741,L1,0.547277769683749,L2,0.499548748...
GetData ===>> H2,-0.108264798985782,H1,240.361007239755,AX,46.4024960927017,L1,0.606974294030785,L2,0.445651341...
GetData ===>> H2,-0.0877655438453451,H1,240.177085992018,AX,46.2772371148079,L1,0.60844155733935,L2,0.490546608...
testing H1>-5.0
evaluate ot="H1.bs>-5.0" t="H1>-5.0", ctx="{'H1': None}"
GetData ===>> H2,-0.173883698406735,H1,240.009373629673,AX,46.3866403179143,L1,0.575559359627276,L2,0.471140045...
GetData ===>> H2,-0.193961722693191,H1,240.151496898892,AX,46.3257377526355,L1,0.578667321549389,L2,0.532057166...
GetData ===>> H2,-0.152657826680679,H1,239.957061026678,AX,46.053766069832,L1,0.561708642889357,L2,0.5330857316...
GetData ===>> H2,-0.224872906138132,H1,239.99226703726,AX,46.2316554116128,L1,0.541143277779702,L2,0.4818765636...
GetData ===>> H2,-0.127977491505657,H1,239.70503047229,AX,46.3565861359247,L1,0.569806336042939,L2,0.4435846784...
testing H1>-5.0
evaluate ot="H1.bs>-5.0" t="H1>-5.0", ctx="{'H1': None}"
GetData ===>> H2,-0.0351182876051555,H1,239.552658199696,AX,46.1501107966796,L1,0.579078193990514,L2,0.48211643...
GetData ===>> H2,-0.165154174960627,H1,239.625655189251,AX,46.1614861345312,L1,0.583512457963447,L2,0.543829187...
GetData ===>> H2,-0.0670686820982536,H1,239.564058287093,AX,46.1533669311585,L1,0.587732509417651,L2,0.51724704...
GetData ===>> H2,-0.104131094595991,H1,239.675778470016,AX,46.1383797313513,L1,0.584525953070796,L2,0.672992324...
GetData ===>> H2,-0.272542086918289,H1,239.381134484055,AX,46.1526927463072,L1,0.585106195863321,L2,0.533714304...
testing H1>-5.0
evaluate ot="H1.bs>-5.0" t="H1>-5.0", ctx="{'H1': None}"
16:06:17 -- collecting point 25
GetData ===>> H2,-0.239939834008695,H1,238.991474336149,AX,46.0071298719557,L1,0.597119578976968,L2,0.535965774...
GetData ===>> H2,-0.164518344744003,H1,238.964438645279,AX,46.1565370849985,L1,0.554115132848358,L2,0.430088424...
GetData ===>> H2,-0.157929799889219,H1,239.089346047668,AX,46.0840921605872,L1,0.545070707743049,L2,0.542343318...
GetData ===>> H2,-0.262493293380441,H1,238.94287529179,AX,46.0129655778528,L1,0.560183556487915,L2,0.5926584940...
GetData ===>> H2,-0.195539130259083,H1,238.913438452587,AX,46.1191617442022,L1,0.590291551803591,L2,0.477216310...
testing H1>-5.0
evaluate ot="H1.bs>-5.0" t="H1>-5.0", ctx="{'H1': None}"
GetData ===>> H2,-0.152467276359428,H1,238.87385539685,AX,46.1275288701705,L1,0.593215709932612,L2,0.5459437324...
GetData ===>> H2,-0.251673449863498,H1,238.756168143381,AX,46.0457769759717,L1,0.594715788332731,L2,0.559272155...
GetData ===>> H2,-0.222491769605564,H1,238.794753028205,AX,46.0200060812533,L1,0.591368712235139,L2,0.516881391...
GetData ===>> H2,-0.0811645602629739,H1,238.621049846226,AX,46.0991002327399,L1,0.577394185894905,L2,0.44681600...
GetData ===>> H2,-0.151708318530359,H1,238.621965175301,AX,46.0026421628565,L1,0.571985715363826,L2,0.497103921...
testing H1>-5.0
evaluate ot="H1.bs>-5.0" t="H1>-5.0", ctx="{'H1': None}"
GetData ===>> H2,-0.091599016078999,H1,238.555783651783,AX,45.9189600254491,L1,0.532807463399388,L2,0.457595473...
GetData ===>> H2,-0.206925927238762,H1,238.64197260754,AX,46.0985262758792,L1,0.545196390416844,L2,0.5646337668...
GetData ===>> H2,-0.294724697755077,H1,238.367847161012,AX,45.9500642838233,L1,0.523578565710627,L2,0.463271169...
GetData ===>> H2,-0.171331075190829,H1,238.131665637688,AX,45.9768374992294,L1,0.573170621375449,L2,0.482310618...
GetData ===>> H2,-0.20460392955003,H1,237.903174895038,AX,45.9352783615605,L1,0.556827412338045,L2,0.5240690153...
testing H1>-5.0
evaluate ot="H1.bs>-5.0" t="H1>-5.0", ctx="{'H1': None}"
GetData ===>> H2,-0.204334369047496,H1,237.970687432106,AX,45.981438925506,L1,0.577417648092943,L2,0.5616614077...
GetData ===>> H2,-0.155002279476931,H1,237.917745932358,AX,45.9391503479256,L1,0.597272847253476,L2,0.479717741...
GetData ===>> H2,-0.145908909096369,H1,237.778238015884,AX,45.8949884179291,L1,0.552789470450633,L2,0.457789606...
GetData ===>> H2,-0.20022142692457,H1,237.797185410446,AX,45.8117270746017,L1,0.55409786731623,L2,0.56863516487...
GetData ===>> H2,-0.212096487536888,H1,237.913202171564,AX,45.7892091259488,L1,0.586649552904425,L2,0.389953210...
testing H1>-5.0
evaluate ot="H1.bs>-5.0" t="H1>-5.0", ctx="{'H1': None}"
GetData ===>> H2,-0.257588776920663,H1,237.690131487431,AX,45.8796645763171,L1,0.569912456009367,L2,0.424603544...
GetData ===>> H2,-0.214183980188218,H1,237.472101711087,AX,45.9761637849161,L1,0.579089298877255,L2,0.479112366...
GetData ===>> H2,-0.158274243804714,H1,237.422626996668,AX,45.9168236057704,L1,0.567444831218101,L2,0.462654478...
GetData ===>> H2,-0.145244232134214,H1,237.538032566775,AX,45.8361262784893,L1,0.590883235019746,L2,0.467519597...
GetData ===>> H2,-0.10153509011978,H1,237.169704545468,AX,45.6455299049957,L1,0.566107624292822,L2,0.5129621345...
testing H1>-5.0
evaluate ot="H1.bs>-5.0" t="H1>-5.0", ctx="{'H1': None}"
16:06:44 -- collecting point 50
GetData ===>> H2,-0.213712644567393,H1,237.265282957048,AX,45.5811382333535,L1,0.587184225386486,L2,0.510802612...
GetData ===>> H2,-0.11864094210126,H1,237.260564307919,AX,45.5288375321724,L1,0.593126749992076,L2,0.5275658921...
GetData ===>> H2,-0.0784695557480366,H1,237.230325658201,AX,45.7814606036445,L1,0.595766219543307,L2,0.54512076...
GetData ===>> H2,-0.188259213668841,H1,237.191516828235,AX,45.6123907224929,L1,0.574347021546601,L2,0.448871314...
GetData ===>> H2,-0.154572612025646,H1,236.809218163196,AX,45.7722731370457,L1,0.54503743905563,L2,0.5008968576...
testing H1>-5.0
evaluate ot="H1.bs>-5.0" t="H1>-5.0", ctx="{'H1': None}"
GetData ===>> H2,-0.0398882946104641,H1,236.60735956529,AX,45.7703526562368,L1,0.566603505606455,L2,0.481819451...
GetData ===>> H2,-0.249375046863749,H1,236.746043254869,AX,45.6268763594857,L1,0.530856332976274,L2,0.440750559...
GetData ===>> H2,-0.163945932034662,H1,236.648640455192,AX,45.4951469254038,L1,0.573654496979084,L2,0.484857873...
GetData ===>> H2,-0.154990119301308,H1,236.58614953217,AX,45.5898069190535,L1,0.559472255119371,L2,0.5269830704...
GetData ===>> H2,-0.30554757176788,H1,236.593748472887,AX,45.6483790129855,L1,0.514221605545466,L2,0.4882733586...
testing H1>-5.0
evaluate ot="H1.bs>-5.0" t="H1>-5.0", ctx="{'H1': None}"
GetData ===>> H2,-0.165965447907795,H1,236.220262321657,AX,45.6288661239082,L1,0.538666610128302,L2,0.518035488...
GetData ===>> H2,-0.0430242258135633,H1,236.034982749545,AX,45.4574744471591,L1,0.538941218820938,L2,0.45862324...
GetData ===>> H2,-0.0981139010923943,H1,236.234070052173,AX,45.5707707770541,L1,0.57394458630473,L2,0.530045780...
GetData ===>> H2,-0.172005647252639,H1,236.225774907782,AX,45.5596740079527,L1,0.5799123275043,L2,0.56489671074...
GetData ===>> H2,-0.205754880618149,H1,236.062717675528,AX,45.5036474019497,L1,0.575474170340864,L2,0.519258161...
testing H1>-5.0
evaluate ot="H1.bs>-5.0" t="H1>-5.0", ctx="{'H1': None}"
GetData ===>> H2,-0.201596618233273,H1,236.027523254128,AX,45.4176686417007,L1,0.558505851173425,L2,0.537874421...
GetData ===>> H2,-0.100180005474621,H1,235.979408343469,AX,45.540790379603,L1,0.548833224062651,L2,0.4702035127...
GetData ===>> H2,-0.204550017963459,H1,236.001740443991,AX,45.4489057157309,L1,0.530771348923456,L2,0.579485509...
GetData ===>> H2,-0.293237461828171,H1,236.090170146969,AX,45.4649564940489,L1,0.538550857976569,L2,0.568623732...
GetData ===>> H2,-0.263512559705529,H1,235.747244852983,AX,45.3957364814274,L1,0.553772294104134,L2,0.480494455...
testing H1>-5.0
evaluate ot="H1.bs>-5.0" t="H1>-5.0", ctx="{'H1': None}"
GetData ===>> H2,-0.248195403802701,H1,235.690303800383,AX,45.3751329434199,L1,0.581479594281414,L2,0.560118103...
GetData ===>> H2,-0.219933643775712,H1,235.535871598078,AX,45.4080302698768,L1,0.562656849491306,L2,0.521029350...
GetData ===>> H2,-0.299520635507128,H1,235.534677150519,AX,45.3927315785258,L1,0.547033749731179,L2,0.517304177...
GetData ===>> H2,-0.249465162759031,H1,235.498171759942,AX,45.4188413154075,L1,0.558351777252032,L2,0.385966883...
GetData ===>> H2,-0.261141749456684,H1,235.446955091722,AX,45.412477553005,L1,0.576287818367607,L2,0.3326528536...
testing H1>-5.0
evaluate ot="H1.bs>-5.0" t="H1>-5.0", ctx="{'H1': None}"
16:07:10 -- collecting point 75
GetData ===>> H2,-0.196371350489605,H1,235.224542505031,AX,45.2882935727218,L1,0.575968031018942,L2,0.419781679...
GetData ===>> H2,-0.255729816170694,H1,235.175680475633,AX,45.1345502338877,L1,0.577238595821038,L2,0.509340106...
GetData ===>> H2,-0.119954527546495,H1,234.893913350509,AX,45.2616050960364,L1,0.596998449199932,L2,0.595666121...
GetData ===>> H2,-0.174350845413036,H1,234.943226203507,AX,45.2905095406986,L1,0.58673722248309,L2,0.5211093401...
GetData ===>> H2,-0.231068512693619,H1,234.789763211506,AX,45.4600208658479,L1,0.613376397121261,L2,0.454717783...
testing H1>-5.0
evaluate ot="H1.bs>-5.0" t="H1>-5.0", ctx="{'H1': None}"
GetData ===>> H2,-0.171853197480264,H1,234.671729826878,AX,45.3172759475731,L1,0.561945378144442,L2,0.517269897...
GetData ===>> H2,-0.120411744082432,H1,234.635859296986,AX,45.3255129663934,L1,0.555246087949282,L2,0.556494295...
GetData ===>> H2,-0.148759012862779,H1,234.553022028082,AX,45.2960424910178,L1,0.549449554359528,L2,0.482036478...
GetData ===>> H2,-0.205221198901276,H1,234.582997338921,AX,45.3265569344957,L1,0.564717556280277,L2,0.499731541...
GetData ===>> H2,-0.174700517990429,H1,234.413359307155,AX,45.2103065972804,L1,0.526882536658487,L2,0.446153741...
testing H1>-5.0
evaluate ot="H1.bs>-5.0" t="H1>-5.0", ctx="{'H1': None}"
GetData ===>> H2,-0.198631659244988,H1,234.339088735875,AX,45.0732797721792,L1,0.498375279300309,L2,0.524046160...
GetData ===>> H2,-0.162121848658637,H1,234.384481923012,AX,45.3246263156853,L1,0.55382778881376,L2,0.5727967958...
GetData ===>> H2,-0.0716092501209227,H1,234.064586832683,AX,45.1174044923036,L1,0.570819455903493,L2,0.42194120...
GetData ===>> H2,-0.0561470215021655,H1,233.860287369461,AX,45.1996549345268,L1,0.553979475872017,L2,0.51842399...
GetData ===>> H2,-0.16290768519609,H1,233.803771194346,AX,45.0336827733049,L1,0.572707751329583,L2,0.5228919906...
testing H1>-5.0
evaluate ot="H1.bs>-5.0" t="H1>-5.0", ctx="{'H1': None}"
GetData ===>> H2,-0.239556176684032,H1,233.852319896178,AX,45.0451764075317,L1,0.565192403245937,L2,0.511613855...
GetData ===>> H2,-0.268318544359264,H1,233.924973106999,AX,45.0347392849852,L1,0.547836079409297,L2,0.484435230...
GetData ===>> H2,-0.131382518927738,H1,233.783263471673,AX,45.0887337180893,L1,0.526594443499586,L2,0.579668455...
GetData ===>> H2,-0.164292893189968,H1,233.660396239694,AX,45.0334257853853,L1,0.546933925046132,L2,0.484298157...
GetData ===>> H2,-0.153305133283806,H1,233.594188015935,AX,45.0115338156936,L1,0.56261739052747,L2,0.4608957870...
testing H1>-5.0
evaluate ot="H1.bs>-5.0" t="H1>-5.0", ctx="{'H1': None}"
GetData ===>> H2,-0.120775610356484,H1,233.632292115968,AX,45.1510267437887,L1,0.573931007474186,L2,0.469415461...
GetData ===>> H2,-0.104660238578594,H1,233.548518447926,AX,45.1350074872267,L1,0.605313211836177,L2,0.419930216...
GetData ===>> H2,-0.151253278837451,H1,233.361837883216,AX,44.9499933726664,L1,0.568887086499127,L2,0.482778942...
GetData ===>> H2,-0.160371748807129,H1,233.17670317801,AX,44.9729263112081,L1,0.568667465799945,L2,0.6232995389...
GetData ===>> H2,-0.227928052849637,H1,233.319052285011,AX,45.0062768646025,L1,0.55766504475489,L2,0.5125393672...
testing H1>-5.0
evaluate ot="H1.bs>-5.0" t="H1>-5.0", ctx="{'H1': None}"
16:07:36 -- collecting point 100
GetData ===>> H2,-0.221924694240036,H1,233.241369897838,AX,44.9790958209416,L1,0.534613572680554,L2,0.415828388...
GetData ===>> H2,-0.158714576467359,H1,233.173656260738,AX,44.9449675615742,L1,0.54163350908183,L2,0.4593883631...
GetData ===>> H2,-0.102998291760246,H1,232.965702861459,AX,45.0200482800088,L1,0.544908061844042,L2,0.417507945...
GetData ===>> H2,-0.159029282274045,H1,232.971432253481,AX,44.8903825594674,L1,0.532939276525678,L2,0.625654253...
GetData ===>> H2,-0.203982582929375,H1,232.87542009156,AX,44.9569042071559,L1,0.529841496606534,L2,0.4976180153...
testing H1>-5.0
evaluate ot="H1.bs>-5.0" t="H1>-5.0", ctx="{'H1': None}"
GetData ===>> H2,-0.191454590393818,H1,232.700252308618,AX,45.0194339611618,L1,0.546618436078982,L2,0.472145115...
GetData ===>> H2,-0.157851454321711,H1,232.732709657529,AX,44.9668999208894,L1,0.549352171730045,L2,0.464127692...
GetData ===>> H2,-0.20961523696721,H1,232.481543988049,AX,44.9061388558953,L1,0.576361901787356,L2,0.5270059261...
GetData ===>> H2,-0.240599424906569,H1,232.371019494007,AX,44.8933224357661,L1,0.547791709322238,L2,0.559443630...
GetData ===>> H2,-0.192325410051977,H1,232.290439009141,AX,44.8074172372732,L1,0.542076954398783,L2,0.408345003...
testing H1>-5.0
evaluate ot="H1.bs>-5.0" t="H1>-5.0", ctx="{'H1': None}"
GetData ===>> H2,-0.208761086649678,H1,232.298737979219,AX,44.8547958002585,L1,0.512272119824081,L2,0.503901609...
GetData ===>> H2,-0.246481540777956,H1,232.005866880069,AX,44.9578037872459,L1,0.548576841473967,L2,0.428580051...
GetData ===>> H2,-0.301633474285702,H1,232.215195804972,AX,44.7812734076682,L1,0.565620400861317,L2,0.440704845...
GetData ===>> H2,-0.196318748429858,H1,232.149832424509,AX,44.9365155365059,L1,0.625331872259188,L2,0.624922817...
GetData ===>> H2,-0.189189606314499,H1,232.002134606003,AX,44.8160665073102,L1,0.571905492252716,L2,0.489872624...
testing H1>-5.0
evaluate ot="H1.bs>-5.0" t="H1>-5.0", ctx="{'H1': None}"
GetData ===>> H2,-0.146491144911808,H1,231.853776013675,AX,44.6309700499661,L1,0.530118596162426,L2,0.417370837...
GetData ===>> H2,-0.0718465358411229,H1,231.761787115548,AX,44.7414264668795,L1,0.523236411507391,L2,0.44803776...
GetData ===>> H2,-0.0715523008116656,H1,231.668537501151,AX,44.8261438375598,L1,0.561713574818618,L2,0.49236296...
GetData ===>> H2,-0.0933181706641114,H1,231.672834900759,AX,44.7372042957923,L1,0.580391120864571,L2,0.55113313...
GetData ===>> H2,-0.160157018868499,H1,231.856453342765,AX,44.6659918667582,L1,0.578404519794198,L2,0.560163830...
testing H1>-5.0
evaluate ot="H1.bs>-5.0" t="H1>-5.0", ctx="{'H1': None}"
GetData ===>> H2,-0.167953563427312,H1,231.898290919923,AX,44.6589415054905,L1,0.55386725189946,L2,0.5222292064...
measurement finished
estimated time: 125.829 actual time: :126.046
flush and close file /Users/jan/PychronDev/data/isotopes/69/67eed4-5d51-4b67-a2a2-2d4e1c9e27b5.h5
baselines () {'settling_time': 15.0, 'detector': 'H1', 'mass': 34.2, 'ncounts': 60}
%%%%%%%%%%%%%%%%%%%%%%%%%%%%%%%% Baseline
build tables- baseline [Detector(H2), Detector(H1), Detector(AX), Detector(L1), Detector(L2), Detector(CDD)]
add group baseline table H2
add group baseline table H1
add group baseline table AX
add group baseline table L1
add group baseline table L2
add group baseline table CDD
flush and close file /Users/jan/PychronDev/data/isotopes/69/67eed4-5d51-4b67-a2a2-2d4e1c9e27b5.h5
detector Detector(H1)
POSITION 34.2 H1
Mapping mass to dac mass func: "parabolic"
H1 map mass coeffs = [-0.00063987  0.15840543  0.57101999]
H1 map mass to dac 34.2 >> 5.24006599104
GetDeflection H1 ===>> 0
GetHighVoltage ===>> 4499.94659342336
positioning 34.2 (5.24003513279) on H1
setting magnet DAC
current  : 5.879375
requested: 5.240035
Delta Dac: 0.639340
Checking detector protection. dv=0.63934
Checking detector "CDD". Protection Threshold: 0.1 (V)
ProtectDetector CDD,On ===>> OK
GetDeflection CDD ===>> 2000
Protected = 2000
SetMagnetDAC 5.24003513279 ===>> OK
Magnet settling time: 0.500
GetMagnetMoving ===>> True
GetMagnetMoving ===>> True
GetMagnetMoving ===>> True
GetMagnetMoving ===>> True
GetMagnetMoving ===>> True
GetMagnetMoving ===>> True
GetMagnetMoving ===>> True
GetMagnetMoving ===>> True
GetMagnetMoving ===>> False
ProtectDetector CDD,Off ===>> OK
GetDeflection CDD ===>> 50
Delaying 15.0s for detectors to settle
Join finished
measuring baseline. ncounts=60
"baseline" increment series count="2" fit count="1" regressing="True"
starting measurement
GetData ===>> H2,-0.182460739864581,H1,-0.0113698800715099,AX,-0.122832313805485,L1,-0.0656378150190466,L2,0.01...
GetData ===>> H2,-0.104481604491033,H1,0.0132390170078046,AX,-0.0880792549824668,L1,-0.0675713463650828,L2,-0.1...
GetData ===>> H2,-0.180741803194677,H1,0.0298829751681719,AX,-0.144078500289641,L1,-0.00534289185046617,L2,0.06...
GetData ===>> H2,-0.230605507897846,H1,0.000331414965271293,AX,-0.0841152965476123,L1,-0.0330622430155996,L2,0....
testing H1>-5.0
evaluate ot="H1.bs>-5.0" t="H1>-5.0", ctx="{'H1': None}"
GetData ===>> H2,-0.200642091424964,H1,-0.0470617101888891,AX,-0.040501092615846,L1,-0.0272915291827896,L2,-0.0...
GetData ===>> H2,-0.136708047625223,H1,-0.0315725660591458,AX,-0.117328738733645,L1,0.00252905783668989,L2,-0.0...
GetData ===>> H2,-0.28047156863247,H1,0.0176413432267931,AX,-0.00615941467242407,L1,-0.0118781723631751,L2,-0.0...
GetData ===>> H2,-0.208382491504987,H1,-0.0511512073324337,AX,-0.0142327120758156,L1,-0.0223721903781281,L2,-0....
GetData ===>> H2,-0.146828855003982,H1,-0.10148721433032,AX,-0.12930875387468,L1,-0.0479656265090231,L2,-0.0086...
testing H1>-5.0
evaluate ot="H1.bs>-5.0" t="H1>-5.0", ctx="{'H1': None}"
GetData ===>> H2,-0.143372930249774,H1,0.0265062351785474,AX,-0.0387384916426786,L1,0.00329378082731772,L2,-0.0...
GetData ===>> H2,-0.204086367711194,H1,-0.0914411068004604,AX,-0.0989619245440073,L1,-0.0099360183555757,L2,-0....
GetData ===>> H2,-0.162052984096996,H1,-0.0248467408982876,AX,-0.116181638613304,L1,-0.0152375721998656,L2,0.01...
GetData ===>> H2,-0.157289511620328,H1,-0.0481347722584456,AX,-0.07984980416426,L1,-0.0358515284558695,L2,0.060...
GetData ===>> H2,-0.192828190269825,H1,-0.0245366742299911,AX,-0.152182814105448,L1,-0.0533760853332489,L2,-0.0...
testing H1>-5.0
evaluate ot="H1.bs>-5.0" t="H1>-5.0", ctx="{'H1': None}"
GetData ===>> H2,-0.233965899535662,H1,0.0103400298527624,AX,-0.160008227377754,L1,0.0112112813678673,L2,-0.140...
GetData ===>> H2,-0.284343507068851,H1,0.0549316799904666,AX,-0.0305048668912746,L1,0.0171774361924371,L2,-0.06...
GetData ===>> H2,-0.326274906286007,H1,-0.0405038586402061,AX,-0.137086682731301,L1,-0.0392539558289658,L2,-0.0...
GetData ===>> H2,-0.252499093025575,H1,0.0263988495563307,AX,0.00894501744392331,L1,-0.025787821016273,L2,-0.08...
GetData ===>> H2,-0.123859213112883,H1,-0.0424235651233172,AX,-0.0577891243959765,L1,-0.0556401704450575,L2,-0....
testing H1>-5.0
evaluate ot="H1.bs>-5.0" t="H1>-5.0", ctx="{'H1': None}"
GetData ===>> H2,-0.231033518807978,H1,0.0189656580974031,AX,-0.00849099605305779,L1,-0.0462253329190279,L2,-0....
GetData ===>> H2,-0.14435523335006,H1,0.0460881390308867,AX,-0.109206051724623,L1,-0.0593025025435647,L2,-0.064...
GetData ===>> H2,-0.143005389198548,H1,-0.0406707911005498,AX,0.00088206811611593,L1,-0.0264288715131128,L2,0.0...
GetData ===>> H2,-0.09421083631959,H1,0.0514466826053496,AX,-0.115590702969466,L1,-0.0279312858310831,L2,-0.003...
GetData ===>> H2,-0.0927586949934349,H1,-0.044844012117262,AX,-0.0776822132816581,L1,-0.0379182809949931,L2,-0....
testing H1>-5.0
evaluate ot="H1.bs>-5.0" t="H1>-5.0", ctx="{'H1': None}"
16:08:42 -- collecting point 25
GetData ===>> H2,-0.212967894235235,H1,-0.0521526913630719,AX,-0.107769157748631,L1,-0.0249274310825774,L2,0.04...
GetData ===>> H2,-0.227153909145606,H1,0.0111631905103106,AX,-0.0996456725094493,L1,-0.0409451566285044,L2,-0.0...
GetData ===>> H2,-0.251097884377353,H1,-0.0333135748161738,AX,-0.102067724099763,L1,-0.0656856496012737,L2,0.01...
GetData ===>> H2,-0.215302986913094,H1,-0.0457382511235281,AX,-0.0427390860095379,L1,-0.0642816097658781,L2,0.0...
GetData ===>> H2,-0.198069321519067,H1,-0.00484547347132642,AX,-0.0502875857227423,L1,-0.0128814717785274,L2,-0...
testing H1>-5.0
evaluate ot="H1.bs>-5.0" t="H1>-5.0", ctx="{'H1': None}"
GetData ===>> H2,-0.124141834791838,H1,0.00794216564574697,AX,-0.0608614578568559,L1,0.00159874316298495,L2,0.0...
GetData ===>> H2,-0.157180091651817,H1,-0.0216029189823218,AX,-0.0339259645769729,L1,-0.000279630322844335,L2,-...
GetData ===>> H2,-0.141394554107102,H1,-0.0405754011572722,AX,-0.0713878120520881,L1,-0.0172513659880557,L2,-0....
GetData ===>> H2,-0.29378378881361,H1,-0.0839684366989111,AX,-0.145968407804402,L1,-0.0295724229364861,L2,-0.04...
GetData ===>> H2,-0.292210510167451,H1,-0.072478266657394,AX,-0.127061165209189,L1,-0.0382213689699027,L2,-0.09...
testing H1>-5.0
evaluate ot="H1.bs>-5.0" t="H1>-5.0", ctx="{'H1': None}"
GetData ===>> H2,-0.215715012031064,H1,-0.010177150119106,AX,0.00242499811255955,L1,-0.0154426881550657,L2,-0.0...
GetData ===>> H2,-0.159356134847758,H1,-0.00360495316862315,AX,0.0279390929391832,L1,-0.0221492352129732,L2,0.0...
GetData ===>> H2,-0.259106096322552,H1,0.00135728178511942,AX,-0.160112561968123,L1,-0.0193666747486342,L2,-0.0...
GetData ===>> H2,-0.251387015568187,H1,-0.0579110300509054,AX,-0.14084354269741,L1,-0.00806903931936179,L2,0.08...
GetData ===>> H2,-0.229189456874204,H1,-0.00582356517824216,AX,-0.152994367706122,L1,-0.00626528306494302,L2,-0...
testing H1>-5.0
evaluate ot="H1.bs>-5.0" t="H1>-5.0", ctx="{'H1': None}"
GetData ===>> H2,-0.188089307623211,H1,-0.0658982390760119,AX,-0.115382136591073,L1,-0.000225624475656409,L2,-0...
GetData ===>> H2,-0.290356390456174,H1,-0.0542033178692723,AX,-0.204560507651796,L1,0.0176326370786374,L2,-0.02...
GetData ===>> H2,-0.388392721011982,H1,0.0316966775841145,AX,-0.0687563302554974,L1,-0.0165473635935393,L2,0.06...
GetData ===>> H2,-0.158467397968505,H1,-0.0229505489408808,AX,-0.111558340407234,L1,-0.043641865425986,L2,-0.06...
GetData ===>> H2,-0.20165054389787,H1,0.0198724063109392,AX,-0.0355378977381441,L1,-0.0379913583784435,L2,-0.06...
testing H1>-5.0
evaluate ot="H1.bs>-5.0" t="H1>-5.0", ctx="{'H1': None}"
GetData ===>> H2,-0.263655088290448,H1,0.0143485281325574,AX,-0.056861608440001,L1,-0.0530638846608917,L2,-0.12...
GetData ===>> H2,-0.199215543900094,H1,-0.0907141251248465,AX,0.00582417078361359,L1,-0.00662030319248352,L2,0....
GetData ===>> H2,-0.166464871582753,H1,-0.0472167087543383,AX,-0.11269390769069,L1,0.0031629214411314,L2,0.0067...
GetData ===>> H2,-0.257633130161129,H1,-0.0355673014480694,AX,-0.0762564453583019,L1,-0.0261185362815853,L2,-0....
GetData ===>> H2,-0.25854300513691,H1,0.000152485782822964,AX,0.0216614716662698,L1,-0.0568646869687916,L2,-0.1...
testing H1>-5.0
evaluate ot="H1.bs>-5.0" t="H1>-5.0", ctx="{'H1': None}"
16:09:08 -- collecting point 50
GetData ===>> H2,-0.185111492442549,H1,0.00908740705696256,AX,-0.162709297936571,L1,0.000705721919437135,L2,-0....
GetData ===>> H2,-0.302903669735693,H1,-0.0344344822359897,AX,-0.105660129768441,L1,-0.00990004900610439,L2,-0....
GetData ===>> H2,-0.238506100510664,H1,-0.103524913797703,AX,-0.140414525904336,L1,-0.035131360063253,L2,-0.016...
GetData ===>> H2,-0.170699639340659,H1,-0.0908213850485005,AX,-0.0733237025645181,L1,-0.0241460661475884,L2,0.0...
GetData ===>> H2,-0.215663846329751,H1,-0.028233560417079,AX,-0.169583358009825,L1,-0.0498504049995025,L2,-0.05...
testing H1>-5.0
evaluate ot="H1.bs>-5.0" t="H1>-5.0", ctx="{'H1': None}"
GetData ===>> H2,-0.141905397389336,H1,-0.0261943271815611,AX,-0.105996186739514,L1,-0.0195081591254573,L2,-0.0...
GetData ===>> H2,-0.124697591827285,H1,-0.108267468812184,AX,-0.054681911144543,L1,0.00477417100352399,L2,-0.12...
GetData ===>> H2,-0.230379382380189,H1,0.00958845429439599,AX,-0.0336592392493688,L1,-0.0230086642236345,L2,-0....
GetData ===>> H2,-0.187199281904361,H1,0.0536188242693082,AX,-0.036975858745999,L1,-0.0287578774130868,L2,-0.06...
GetData ===>> H2,-0.203847796076982,H1,0.0133105979996053,AX,-0.116471311637424,L1,-0.0287890230139451,L2,-0.03...
testing H1>-5.0
evaluate ot="H1.bs>-5.0" t="H1>-5.0", ctx="{'H1': None}"
GetData ===>> H2,-0.142686483635677,H1,0.0215904780809019,AX,-0.0714341811372852,L1,-0.0188402874343552,L2,-0.0...
measurement finished
estimated time: 62.915 actual time: :63.105
flush and close file /Users/jan/PychronDev/data/isotopes/69/67eed4-5d51-4b67-a2a2-2d4e1c9e27b5.h5
activate_detectors ('H1', 'AX', 'CDD') {'peak_center': True}
peak_center () {'detector': 'H1', 'integration_time': 0.262144, 'isotope': 'Ar40'}
peak center: mean=231.908470951 threshold=3
peak center started
setup peak center. detector=['H1', 'AX', 'CDD'], isotope=Ar40
VersionedUnpickler [<apptools.sweet_pickle.versioned_unpickler.VersionedUnpickler object at 0x1aa722d70>] using Updater [<apptools.sweet_pickle.updater.Updater object at 0x135230b30>]
VersionedUnpickler [<apptools.sweet_pickle.versioned_unpickler.VersionedUnpickler object at 0x1aa722d70>] using Updater [<apptools.sweet_pickle.updater.Updater object at 0x135230b30>]
VersionedUnpickler [<apptools.sweet_pickle.versioned_unpickler.VersionedUnpickler object at 0x18f3d0350>] using Updater [<apptools.sweet_pickle.updater.Updater object at 0x135230b30>]
setting integration time = 0.524288
SetIntegrationTime 0.524288 ===>> OK
Mapping mass to dac mass func: "parabolic"
H1 map mass coeffs = [-0.00063987  0.15840543  0.57101999]
H1 map mass to dac 39.9624 >> 5.87941
GetDeflection H1 ===>> 0
GetHighVoltage ===>> 4499.94659342336
do peak center. <pychron.spectrometer.jobs.peak_center.PeakCenter object at 0x1352309b0>
doing pc
starting peak center. center dac= 5.87937537671 step_width=0.001
width = 0.001
get scan parameters. half-width=0.015,window=0.015, i=0, scalar=1
Scan parameters center=5.87938 width=0.03000 (5.86438 - 5.89438)
GetData ===>> H2,-0.176776729683814,H1,-0.0776156323217812,AX,-0.0565833519293278,L1,-0.0441986001573274,L2,-0....
Moving to starting dac 5.86437537671
setting magnet DAC
current  : 5.240035
requested: 5.864375
Delta Dac: 0.624340
Checking detector protection. dv=0.62434
Checking detector "CDD". Protection Threshold: 0.1 (V)
ProtectDetector CDD,On ===>> OK
GetDeflection CDD ===>> 2000
Protected = 2000
SetMagnetDAC 5.86437537671 ===>> OK
Magnet settling time: 0.500
GetMagnetMoving ===>> True
GetMagnetMoving ===>> True
GetMagnetMoving ===>> True
GetMagnetMoving ===>> True
GetMagnetMoving ===>> True
GetMagnetMoving ===>> True
GetMagnetMoving ===>> True
GetMagnetMoving ===>> True
GetMagnetMoving ===>> True
GetMagnetMoving ===>> False
ProtectDetector CDD,Off ===>> OK
GetDeflection CDD ===>> 50
Wait until signal near baseline. tol= -0.0582117242413. timeout= 10
GetData ===>> H2,10.8315944814863,H1,4.78203013888321,AX,0.322391728535893,L1,-0.0435137522080884,L2,-0.0140502...
GetData ===>> H2,15.7005837508521,H1,8.66434775151619,AX,1.15411678218114,L1,-0.0336406066354574,L2,-0.07576043...
GetData ===>> H2,8.9103188665301,H1,4.10513028382831,AX,0.426357503047373,L1,-0.0219952860884682,L2,-0.06788669...
GetData ===>> H2,3.73489003610664,H1,2.00254645261981,AX,0.175336675009525,L1,-0.0239111677851619,L2,-0.0724608...
GetData ===>> H2,1.22565246279568,H1,1.09332390247425,AX,0.0982991796551743,L1,-0.0326477496734116,L2,-0.060854...
GetData ===>> H2,0.361076410601937,H1,0.66374746433937,AX,-0.0469830150464717,L1,-0.0192884813245069,L2,-0.1181...
GetData ===>> H2,0.0743546157967782,H1,0.380410496294759,AX,-0.0175267962435351,L1,-0.0292545489941544,L2,0.027...
GetData ===>> H2,-0.107824071831986,H1,0.293061417795149,AX,-0.0219805919307628,L1,-0.0378583811041219,L2,-0.18...
GetData ===>> H2,-0.186113879335659,H1,0.229699747212364,AX,-0.105219777497454,L1,0.00116302532484169,L2,-0.178...
GetData ===>> H2,-0.186113879335659,H1,0.229699747212364,AX,-0.105219777497454,L1,0.00116302532484169,L2,-0.178...
GetData ===>> H2,-0.208204641723468,H1,0.164947038159258,AX,-0.0891339652588782,L1,0.00950778638300091,L2,0.042...
GetData ===>> H2,-0.154072663988652,H1,0.266007244025946,AX,-0.111315002836249,L1,-0.00396094608738645,L2,-0.05...
GetData ===>> H2,-0.104698696723592,H1,0.128986088013572,AX,0.161325325368815,L1,-0.00497583100802919,L2,0.0910...
GetData ===>> H2,-0.0654147127125505,H1,0.276321831194948,AX,0.198074609594766,L1,-0.0147044157970162,L2,0.0894...
GetData ===>> H2,-0.0496826720269989,H1,0.185580333641045,AX,0.0335440395600201,L1,-0.0207282088639777,L2,0.027...
GetData ===>> H2,-0.0963213718609048,H1,0.20094476091781,AX,-0.129992288582965,L1,-0.0299126992835853,L2,0.0076...
GetData ===>> H2,-0.194623705013083,H1,0.218077443869391,AX,-0.0235811249751491,L1,-0.0472559008066253,L2,0.017...
GetData ===>> H2,-0.20511607680662,H1,0.229126953252235,AX,-0.0688722560621805,L1,-0.0418181935323841,L2,0.0514...
GetData ===>> H2,-0.189673214167127,H1,0.0744016308466435,AX,-0.0776126641115313,L1,-0.0197508455727134,L2,-0.1...
GetData ===>> H2,-0.187504335616327,H1,0.115492139771001,AX,0.0586215176149398,L1,-0.0452569097304659,L2,-0.022...
GetData ===>> H2,-0.118124124293979,H1,0.268036650683157,AX,-0.15216401295994,L1,-0.036034857594845,L2,-0.05043...
Peak center failed to move to a baseline position
_do_sweep sm= 5.86437537671, em= 5.89437537671, stm= 0.001
calculated step values: start=5.86437537671, end=5.89437537671, width=0.001, nsteps=31.0
setting magnet DAC
current  : 5.864375
requested: 5.864375
Delta Dac: 0.000000
Checking detector protection. dv=0.00000
Checking detector "CDD". Protection Threshold: 0.1 (V)
SetMagnetDAC 5.86437537671 ===>> OK
GetData ===>> H2,-0.118124124293979,H1,0.268036650683157,AX,-0.15216401295994,L1,-0.036034857594845,L2,-0.05043...
setting magnet DAC
current  : 5.864375
requested: 5.865410
Delta Dac: 0.001034
Checking detector protection. dv=0.00103
Checking detector "CDD". Protection Threshold: 0.1 (V)
SetMagnetDAC 5.86540985946 ===>> OK
Magnet settling time: 1.049
GetData ===>> H2,-0.219457558967361,H1,0.384952053022514,AX,-0.121071203658511,L1,-0.0375349155249115,L2,-0.115...
setting magnet DAC
current  : 5.865410
requested: 5.866444
Delta Dac: 0.001034
Checking detector protection. dv=0.00103
Checking detector "CDD". Protection Threshold: 0.1 (V)
SetMagnetDAC 5.86644434222 ===>> OK
Magnet settling time: 1.049
GetData ===>> H2,-0.098602282324748,H1,1.127191360566,AX,0.0939412629652809,L1,-0.0134987448955606,L2,0.0299519...
setting magnet DAC
current  : 5.866444
requested: 5.867479
Delta Dac: 0.001034
Checking detector protection. dv=0.00103
Checking detector "CDD". Protection Threshold: 0.1 (V)
SetMagnetDAC 5.86747882498 ===>> OK
Magnet settling time: 1.049
GetData ===>> H2,-0.128328949669092,H1,4.1561993368908,AX,0.526372650793724,L1,-0.0144359687732066,L2,0.0297924...
setting magnet DAC
current  : 5.867479
requested: 5.868513
Delta Dac: 0.001034
Checking detector protection. dv=0.00103
Checking detector "CDD". Protection Threshold: 0.1 (V)
SetMagnetDAC 5.86851330774 ===>> OK
Magnet settling time: 1.049
GetData ===>> H2,-0.192848995671295,H1,19.9177063249447,AX,2.40014217382898,L1,-0.0296661971299224,L2,-0.016600...
setting magnet DAC
current  : 5.868513
requested: 5.869548
Delta Dac: 0.001034
Checking detector protection. dv=0.00103
Checking detector "CDD". Protection Threshold: 0.1 (V)
SetMagnetDAC 5.8695477905 ===>> OK
Magnet settling time: 1.049
GetData ===>> H2,-0.107215826593349,H1,55.9154348852948,AX,7.41205940010315,L1,0.0109873901562087,L2,0.02573759...
setting magnet DAC
current  : 5.869548
requested: 5.870582
Delta Dac: 0.001034
Checking detector protection. dv=0.00103
Checking detector "CDD". Protection Threshold: 0.1 (V)
SetMagnetDAC 5.87058227326 ===>> OK
Magnet settling time: 1.049
GetData ===>> H2,-0.119693445939911,H1,112.78863521968,AX,16.9173540109187,L1,0.0483732456110113,L2,0.123170407...
setting magnet DAC
current  : 5.870582
requested: 5.871617
Delta Dac: 0.001034
Checking detector protection. dv=0.00103
Checking detector "CDD". Protection Threshold: 0.1 (V)
SetMagnetDAC 5.87161675602 ===>> OK
Magnet settling time: 1.049
GetData ===>> H2,-0.152199899935212,H1,165.984964173593,AX,27.3398099788663,L1,0.200070101492111,L2,0.088333906...
setting magnet DAC
current  : 5.871617
requested: 5.872651
Delta Dac: 0.001034
Checking detector protection. dv=0.00103
Checking detector "CDD". Protection Threshold: 0.1 (V)
SetMagnetDAC 5.87265123877 ===>> OK
Magnet settling time: 1.049
GetData ===>> H2,-0.110891619307563,H1,199.992902507411,AX,35.5673495135669,L1,0.319602487362083,L2,0.293602292...
setting magnet DAC
current  : 5.872651
requested: 5.873686
Delta Dac: 0.001034
Checking detector protection. dv=0.00103
Checking detector "CDD". Protection Threshold: 0.1 (V)
SetMagnetDAC 5.87368572153 ===>> OK
Magnet settling time: 1.049
GetData ===>> H2,-0.249588902816234,H1,215.461674277597,AX,40.3784505515514,L1,0.360017080930148,L2,0.415500743...
setting magnet DAC
current  : 5.873686
requested: 5.874720
Delta Dac: 0.001034
Checking detector protection. dv=0.00103
Checking detector "CDD". Protection Threshold: 0.1 (V)
SetMagnetDAC 5.87472020429 ===>> OK
Magnet settling time: 1.049
GetData ===>> H2,0.0282209278492631,H1,220.531516886358,AX,41.896389509198,L1,0.439002331273463,L2,0.4109806831...
setting magnet DAC
current  : 5.874720
requested: 5.875755
Delta Dac: 0.001034
Checking detector protection. dv=0.00103
Checking detector "CDD". Protection Threshold: 0.1 (V)
SetMagnetDAC 5.87575468705 ===>> OK
Magnet settling time: 1.049
GetData ===>> H2,0.00948011725632279,H1,221.894472235349,AX,42.4418214379889,L1,0.461478214237307,L2,0.37254595...
setting magnet DAC
current  : 5.875755
requested: 5.876789
Delta Dac: 0.001034
Checking detector protection. dv=0.00103
Checking detector "CDD". Protection Threshold: 0.1 (V)
SetMagnetDAC 5.87678916981 ===>> OK
Magnet settling time: 1.049
GetData ===>> H2,-0.117407034445313,H1,222.546446240037,AX,42.594104449343,L1,0.511207688583746,L2,0.4906379962...
setting magnet DAC
current  : 5.876789
requested: 5.877824
Delta Dac: 0.001034
Checking detector protection. dv=0.00103
Checking detector "CDD". Protection Threshold: 0.1 (V)
SetMagnetDAC 5.87782365257 ===>> OK
Magnet settling time: 1.049
GetData ===>> H2,-0.309787326296183,H1,222.616708932849,AX,42.770988864191,L1,0.495948554404205,L2,0.5130078392...
setting magnet DAC
current  : 5.877824
requested: 5.878858
Delta Dac: 0.001034
Checking detector protection. dv=0.00103
Checking detector "CDD". Protection Threshold: 0.1 (V)
SetMagnetDAC 5.87885813533 ===>> OK
Magnet settling time: 1.049
GetData ===>> H2,-0.0852647823569141,H1,222.606079886616,AX,42.696721640794,L1,0.475513918349586,L2,0.517327031...
setting magnet DAC
current  : 5.878858
requested: 5.879893
Delta Dac: 0.001034
Checking detector protection. dv=0.00103
Checking detector "CDD". Protection Threshold: 0.1 (V)
SetMagnetDAC 5.87989261809 ===>> OK
Magnet settling time: 1.049
GetData ===>> H2,-0.0907673483968944,H1,222.406491329153,AX,42.7417231053675,L1,0.514434545155556,L2,0.44422408...
setting magnet DAC
current  : 5.879893
requested: 5.880927
Delta Dac: 0.001034
Checking detector protection. dv=0.00103
Checking detector "CDD". Protection Threshold: 0.1 (V)
SetMagnetDAC 5.88092710084 ===>> OK
Magnet settling time: 1.049
GetData ===>> H2,-0.163519303755352,H1,221.984871065212,AX,42.6933585230826,L1,0.524278949397769,L2,0.565994223...
setting magnet DAC
current  : 5.880927
requested: 5.881962
Delta Dac: 0.001034
Checking detector protection. dv=0.00103
Checking detector "CDD". Protection Threshold: 0.1 (V)
SetMagnetDAC 5.8819615836 ===>> OK
Magnet settling time: 1.049
GetData ===>> H2,-0.108070063989839,H1,221.906543294876,AX,42.7375388327625,L1,0.530013400869234,L2,0.479032411...
setting magnet DAC
current  : 5.881962
requested: 5.882996
Delta Dac: 0.001034
Checking detector protection. dv=0.00103
Checking detector "CDD". Protection Threshold: 0.1 (V)
SetMagnetDAC 5.88299606636 ===>> OK
Magnet settling time: 1.049
GetData ===>> H2,-0.085570851295123,H1,221.828646814657,AX,42.5843477274497,L1,0.501602008790987,L2,0.422281232...
setting magnet DAC
current  : 5.882996
requested: 5.884031
Delta Dac: 0.001034
Checking detector protection. dv=0.00103
Checking detector "CDD". Protection Threshold: 0.1 (V)
SetMagnetDAC 5.88403054912 ===>> OK
Magnet settling time: 1.049
GetData ===>> H2,-0.142192045873464,H1,220.265230196256,AX,41.6693975717069,L1,0.536578344986204,L2,0.456990237...
setting magnet DAC
current  : 5.884031
requested: 5.885065
Delta Dac: 0.001034
Checking detector protection. dv=0.00103
Checking detector "CDD". Protection Threshold: 0.1 (V)
SetMagnetDAC 5.88506503188 ===>> OK
Magnet settling time: 1.049
GetData ===>> H2,-0.135458496272003,H1,214.712737949762,AX,39.8465336529928,L1,0.469350685619289,L2,0.371268109...
setting magnet DAC
current  : 5.885065
requested: 5.886100
Delta Dac: 0.001034
Checking detector protection. dv=0.00103
Checking detector "CDD". Protection Threshold: 0.1 (V)
SetMagnetDAC 5.88609951464 ===>> OK
Magnet settling time: 1.049
GetData ===>> H2,-0.132256429994442,H1,196.727103608198,AX,34.3973594522702,L1,0.433403226269979,L2,0.292644693...
setting magnet DAC
current  : 5.886100
requested: 5.887134
Delta Dac: 0.001034
Checking detector protection. dv=0.00103
Checking detector "CDD". Protection Threshold: 0.1 (V)
SetMagnetDAC 5.8871339974 ===>> OK
Magnet settling time: 1.049
GetData ===>> H2,-0.226295948505435,H1,156.292731098915,AX,24.0350735673756,L1,0.347419837540336,L2,0.218922081...
setting magnet DAC
current  : 5.887134
requested: 5.888168
Delta Dac: 0.001034
Checking detector protection. dv=0.00103
Checking detector "CDD". Protection Threshold: 0.1 (V)
SetMagnetDAC 5.88816848015 ===>> OK
Magnet settling time: 1.049
GetData ===>> H2,-0.269439673548531,H1,99.6497179502872,AX,13.0973399151041,L1,0.175063320622612,L2,0.167897357...
setting magnet DAC
current  : 5.888168
requested: 5.889203
Delta Dac: 0.001034
Checking detector protection. dv=0.00103
Checking detector "CDD". Protection Threshold: 0.1 (V)
SetMagnetDAC 5.88920296291 ===>> OK
Magnet settling time: 1.049
GetData ===>> H2,-0.10284631693503,H1,49.2260745117492,AX,5.5339075312026,L1,0.137208921129937,L2,0.09519532977...
setting magnet DAC
current  : 5.889203
requested: 5.890237
Delta Dac: 0.001034
Checking detector protection. dv=0.00103
Checking detector "CDD". Protection Threshold: 0.1 (V)
SetMagnetDAC 5.89023744567 ===>> OK
Magnet settling time: 1.049
GetData ===>> H2,-0.181577541017369,H1,18.6300076366526,AX,1.68230107898173,L1,0.07042530399207,L2,-0.076534115...
setting magnet DAC
current  : 5.890237
requested: 5.891272
Delta Dac: 0.001034
Checking detector protection. dv=0.00103
Checking detector "CDD". Protection Threshold: 0.1 (V)
SetMagnetDAC 5.89127192843 ===>> OK
Magnet settling time: 1.049
GetData ===>> H2,-0.212235216745617,H1,5.62957477968318,AX,0.340283778344443,L1,0.0389007137863713,L2,2.2773574...
setting magnet DAC
current  : 5.891272
requested: 5.892306
Delta Dac: 0.001034
Checking detector protection. dv=0.00103
Checking detector "CDD". Protection Threshold: 0.1 (V)
SetMagnetDAC 5.89230641119 ===>> OK
Magnet settling time: 1.049
GetData ===>> H2,-0.116164873542209,H1,1.43665403697952,AX,-0.0361757056458149,L1,0.022128562217589,L2,-0.14106...
setting magnet DAC
current  : 5.892306
requested: 5.893341
Delta Dac: 0.001034
Checking detector protection. dv=0.00103
Checking detector "CDD". Protection Threshold: 0.1 (V)
SetMagnetDAC 5.89334089395 ===>> OK
Magnet settling time: 1.049
GetData ===>> H2,-0.156761314113508,H1,-0.00779164757591639,AX,-0.0991473481959507,L1,-0.042745038598185,L2,-0....
setting magnet DAC
current  : 5.893341
requested: 5.894375
Delta Dac: 0.001034
Checking detector protection. dv=0.00103
Checking detector "CDD". Protection Threshold: 0.1 (V)
SetMagnetDAC 5.89437537671 ===>> OK
Magnet settling time: 1.049
GetData ===>> H2,-0.147834020652536,H1,-0.0223423288168377,AX,-0.0769403529043265,L1,-0.0411188119866402,L2,0.1...
result of _do_sweep=True
result of _calculate_peak_center=([5.8715597454433084, 5.8792551362248711, 5.8869505270064337], [163.05330275828447, 222.61651722660432, 163.46395748584285], 5.8778423105735689, 222.61651722660432)
Failed to find a valid peak. No peak greater than 1.0. max = 0.0252988074959
new center pos Detector(H1) (Ar40) @ 5.87925513622
GetHighVoltage ===>> 4499.94659342336
GetDeflection H1 ===>> 0
dac uncorrected for HV and deflection 5.87928975881
update mftable H1 Ar40 5.87928975881 message=automated run peakcenter
get initial guess parabolic
get initial guess parabolic
get initial guess parabolic
get initial guess parabolic
get initial guess parabolic
get initial guess parabolic
dump mftable to /Users/jan/PychronDev/setupfiles/spectrometer/mftables/mftable.csv
add to repo msg=modified - automated run peakcenter
sweep finished
locally archiving mftable
setting magnet DAC
current  : 5.894375
requested: 5.879255
Delta Dac: 0.015120
Checking detector protection. dv=0.01512
Checking detector "CDD". Protection Threshold: 0.1 (V)
SetMagnetDAC 5.87925513622 ===>> OK
Magnet settling time: 0.500
setting integration time = 1.048576
SetIntegrationTime 1.048576 ===>> OK
Failed to find a valid peak. No peak greater than 1.0. max = 0.0252988074959
flush and close file /Users/jan/PychronDev/data/isotopes/69/67eed4-5d51-4b67-a2a2-2d4e1c9e27b5.h5
finished measure script
executed snippet estimated_duration=226.132928, duration=273.352273226
jan_unknown120_60.py completed successfully
Measurement Finished
16:10:07 -- ******* Measurement Finished *******
Post Measurement Started jan_pump_ms.py
16:10:07 -- ******* Post Measurement Started jan_pump_ms.py *******
testing...
no interpolation path defined
executed snippet estimated_duration=0, duration=3.00407409668e-05
Pumping spectrometer
open () {'name': 'O'}
opening name=O desc=---
checking ownership. requestor=129.138.12.150
check software interlocks O
interlocks []
actuate state mode=None-script, software_lock=False
doing actuation None-script open_channel True
Open O ===>> OK
GetIndicatorState O ===>> OK
change switch state (True, True)
update switch state O True args=() kw={} ncanvase=2
16:10:07 -- OPEN   VALVE-O (Jan Ion Pump)
---------------------------------------- open O () result=[(True, True)], time=0.10 sec
action=open, ok=True, locked=[False]
executed snippet estimated_duration=0, duration=0.350931882858
jan_pump_ms.py completed successfully
setting _ms_pumptime
Post Measurement Finished
16:10:07 -- ******* Post Measurement Finished *******
$$$$$$$$$$$$$$$$$$$$ state at run end measurement
state changed from measurement to success
post measurement save measured=True aborted=False
Set filtering
setting fod for Ar40= {'filter_outliers': True, 'std_devs': 2, 'iterations': 1}
setting fod for H1= {'filter_outliers': True, 'std_devs': 2, 'iterations': 1}
setting fod for PM41= {'filter_outliers': False, 'std_devs': 2, 'iterations': 1}
setting fod for H2= {'filter_outliers': True, 'std_devs': 2, 'iterations': 1}
setting fod for Ar36= {'filter_outliers': True, 'std_devs': 2, 'iterations': 1}
setting fod for CDD= {'filter_outliers': True, 'std_devs': 10, 'iterations': 1}
setting fod for Ar37= {'filter_outliers': True, 'std_devs': 2, 'iterations': 1}
setting fod for L2= {'filter_outliers': True, 'std_devs': 2, 'iterations': 1}
setting fod for Ar38= {'filter_outliers': True, 'std_devs': 2, 'iterations': 1}
setting fod for L1= {'filter_outliers': True, 'std_devs': 2, 'iterations': 1}
setting fod for Ar39= {'filter_outliers': True, 'std_devs': 2, 'iterations': 1}
setting fod for AX= {'filter_outliers': True, 'std_devs': 2, 'iterations': 1}
persistence save...
persistence save - db
post measurement save
6042709552 connecting to database sqlite:////Users/jan/PychronDev/.appdata/local_lab.db
connected to db sqlite:////Users/jan/PychronDev/.appdata/local_lab.db
create new session 6042709552
close session 6042709552
No database instance. Not saving post measurement to isotopedb database
$$$$$$$$$$$$$$$ auto_save_detector_ic=False
massspec enabled True
create new session 4985539184
MassSpec Database Version: 16.0
close session 4985539184
saving post measurement to secondary database
saving to massspec database 129.138.12.160/massspecdata
setting labnumber to 65584
setting aliquot to 15
setting step to B
setting uuid to 6967eed4-5d51-4b67-a2a2-2d4e1c9e27b5
setting irradpos to 65584
setting extract_device to Fusions CO2
setting tray to 
setting position to 212
setting power_requested to 5.0
setting extract_value to 5.0
setting duration to 30.0
setting duration_at_request to 30.0
setting first_stage_delay to 30.0
setting cleanup to 30.0
setting comment to O:9
setting irradiation to NM-289
setting level to O
setting irradiation_level to O
setting sample to BW-102
setting material to 
setting project to 
setting mass_spectrometer to jan
no attribute chron_dosages
no attribute production_ratios
no attribute interference_corrections
no attribute production_name
no attribute j
Reference Isotope=Ar40
Reference Detector=H1
%%%%%%%%%%%%%%%%%%%% Comment: O:9 %%%%%%%%%%%%%%%%%%%
adding isotope PM41 H2
add baseline dbdet= PM41. original det= H2
get baseline data PM41 H2
Get data baseline <pychron.processing.isotope.Baseline object at 0x1a88c0690> len t=60
baseline PM41. v=-0.198046836741, e=0.00710747035718
get signal data PM41 H2
Get data signal PM41 0.03+/-0.06 len t=120
adding isotope Ar40 H1
add baseline dbdet= Ar40. original det= H1
get baseline data Ar40 H1
Get data baseline <pychron.processing.isotope.Baseline object at 0x1a88c0510> len t=60
baseline Ar40. v=-0.0193643084695, e=0.00526033231389
get signal data Ar40 H1
Get data signal Ar40 242.343+/-0.023 len t=120
adding isotope Ar39 AX
add baseline dbdet= Ar39. original det= AX
get baseline data Ar39 AX
Get data baseline <pychron.processing.isotope.Baseline object at 0x1aa461910> len t=60
baseline Ar39. v=-0.083324013194, e=0.00669797260259
get signal data Ar39 AX
Get data signal Ar39 46.811+/-0.016 len t=120
adding isotope Ar38 L1
add baseline dbdet= Ar38. original det= L1
get baseline data Ar38 L1
Get data baseline <pychron.processing.isotope.Baseline object at 0x1aa461590> len t=60
baseline Ar38. v=-0.0249378338545, e=0.00281046225336
get signal data Ar38 L1
Get data signal Ar38 0.613+/-0.004 len t=120
adding isotope Ar37 L2
add baseline dbdet= Ar37. original det= L2
get baseline data Ar37 L2
Get data baseline <pychron.processing.isotope.Baseline object at 0x1aa461ad0> len t=60
baseline Ar37. v=-0.0390902958853, e=0.00678245274983
get signal data Ar37 L2
Get data signal Ar37 0.553+/-0.010 len t=120
adding isotope Ar36 CDD
add baseline dbdet= Ar36. original det= CDD
get baseline data Ar36 CDD
Get data baseline <pychron.processing.isotope.Baseline object at 0x1aa461610> len t=60
baseline Ar36. v=6.9470525748e-05, e=1.52055253062e-05
get signal data Ar36 CDD
Get data signal Ar36 0.01556+/-0.00034 len t=120
65584-15B added analysis time 0.513844966888s
analysis added to mass spec database
mass spec save time= 0.522
persistence save - dvc
================= post measurement started
create new session 4989601072
close session 4989601072
---------------- Experiment Queue saving disabled
DVC saving peakcenter
Failed to find a valid peak. No peak greater than 1.0. max = 0.0252988074959
Smart pull ahead: 0 behind: 0
Up-to-date with origin
add to repo msg=modified - ad8224ebc6dbfeb9f5997218dfa5fe690569839d.json
add to repo msg=modified - 84-15B.json
add to repo msg=modified - 84-15B.dat.json
add to repo msg=modified - 84-15B.blan.json
add to repo msg=modified - 84-15B.inte.json
add to repo msg=modified - 84-15B.icfa.json
add to repo msg=modified - 84-15B.base.json
not at valid file /Users/jan/PychronDev/data/.dvc/repositories/Load1791/655/tags/84-15B.tags.json
add to repo msg=modified - 84-15B.peak.json
add to repo msg=modified - 84-15B.extr.json
not at valid file /Users/jan/PychronDev/data/.dvc/repositories/Load1791/655/monitor/84-15B.moni.json
commit message=<COLLECTION>
add to repo msg=modified - 84-15B.inte.json
add to repo msg=modified - 84-15B.base.json
commit message=<ISOEVO> default collection fits
add to repo msg=modified - 84-15B.blan.json
commit message=<BLANKS> preceding bc-02-J-363
add to repo msg=modified - 84-15B.icfa.json
commit message=<ICFactor> default
push repository <pychron.git_archive.repo_manager.GitRepoManager object at 0x135c63f50>
pushing to remote=origin, url=https://github.com
no changes to meta repo
create new session 4989601072
add association Load1791
get identifier "65584"
setting analysis irradiation position=<pychron.dvc.dvc_orm.IrradiationPositionTbl object at 0x15064c210>
close session 4989601072
================= post measurement finished
16:10:20 -- ******* Post Run Check *******
loading queue conditionals post_run_actions
loading system conditionals post_run_actions
loading conditionals from /Users/jan/PychronDev/setupfiles/spectrometer/default_conditionals.yaml
loading queue conditionals post_run_terminations
loading system conditionals post_run_terminations
loading conditionals from /Users/jan/PychronDev/setupfiles/spectrometer/default_conditionals.yaml
Checking default post run terminations n=1
GetDeflection CDD ===>> 50
testing CDD==2000
evaluate ot="CDD.deflection==2000" t="CDD==2000", ctx="{'CDD': 50.0}"
16:10:20 -- ******* Post Run Check Passed *******
16:10:20 -- Automated run 65584-15B success duration: 361.583 s
----------------- finish -----------------
----------------- stop -----------------
retroactive repository identifiers disabled
finish run. runs completed=2
update duration runid=65584-15B, duration=361.583129883, md5=301e91d8
write rem/ex queues
/Users/jan/PychronDev/experiments/rem/CurrentExperiment.rem.txt
/Users/jan/PychronDev/experiments/rem/CurrentExperiment.ex.txt
doing event level: 3
