do run
loading script "jan_unknown120_60.py"
loading script "jan_pump_ms.py"
loading script "jan_co2.py"
loading script "jan_pump_extraction_line.py"
testing...
no interpolation path defined
executed snippet estimated_duration=213.652928, duration=0.000229835510254
script duration name:unknown120_60 seconds:214.0
loading script "jan_unknown120_60.py"
loading script "jan_pump_ms.py"
loading script "jan_co2.py"
loading script "jan_pump_extraction_line.py"
testing...
no interpolation path defined
executed snippet estimated_duration=0, duration=2.09808349609e-05
loading script "jan_unknown120_60.py"
loading script "jan_pump_ms.py"
loading script "jan_co2.py"
loading script "jan_pump_extraction_line.py"
testing...
no interpolation path defined
calculate duration
testing...
no interpolation path defined
executed snippet estimated_duration=0, duration=4.6968460083e-05
calculate duration
testing...
no interpolation path defined
executed snippet estimated_duration=0, duration=8.60691070557e-05
executed snippet estimated_duration=0.0, duration=0.00247001647949
script duration name:co2 seconds:0.0
loading script "jan_unknown120_60.py"
loading script "jan_pump_ms.py"
loading script "jan_co2.py"
loading script "jan_pump_extraction_line.py"
testing...
no interpolation path defined
calculate duration
testing...
no interpolation path defined
executed snippet estimated_duration=4.0, duration=0.000149965286255
executed snippet estimated_duration=4.0, duration=0.00168180465698
Script duration 214.0
Run total estimated duration= 215.000
run duration: 0:03:35
doing event level: 2
19:34:07 -- Setting default integration. t=1.048576
setting integration time = 1.048576
SetIntegrationTime 1.048576 ===>> OK
----------------- start -----------------
**************** Experiment Type: Ar/Ar, Ar/Ar
create new session 4436069840
close session 4436069840
$$$$$ Clearing conditionals
adding conditionals 
Add queue conditionals
add default conditionals
adding default conditionals from /Users/jan/PychronDev/setupfiles/spectrometer/default_conditionals.yaml
Start automated run 65584-23C
loading script "jan_unknown120_60.py"
loading script "jan_pump_ms.py"
loading script "jan_co2.py"
loading script "jan_pump_extraction_line.py"
%%%%%%%%%%%%%%%%%% setting automated run 65584-23C
No value "sensitivity_multiplier" in metadata
$$$$$$$$$$$$$$$ auto_save_detector_ic=False
============================= Pre Extraction Check =============================
loading queue conditionals pre_run_terminations
loading system conditionals pre_run_terminations
loading conditionals from /Users/jan/PychronDev/setupfiles/spectrometer/default_conditionals.yaml
19:34:07 -- ******* Pre Extraction Check *******
Get a measurement from the spectrometer
GetData ===>> H2,-0.202472878432086,H1,-0.0385483433690713,AX,-0.046043800796819,L1,-0.0204625271785281,L2,0.06...
Pre Extraction Termination data. keys=H2,H1,AX,L1,L2,CDD, signals=-0.20247,-0.03855,-0.04604,-0.02046,0.06064,0.00298
19:34:07 -- testing system defined conditionals
Checking default pre extraction terminations n=2
testing CDD
evaluate ot="CDD.inactive" t="CDD", ctx="{'CDD': False}"
GetDeflection CDD ===>> 50
testing CDD==2000
evaluate ot="CDD.deflection==2000" t="CDD==2000", ctx="{'CDD': 50.0}"
19:34:07 -- ******* Pre Extraction Check Passed *******
=================================================================================
19:34:07 -- stopping status monitor
stop 4982387056
Alive clients [4989850544]
19:34:07 -- starting status monitor
start 4982387056
Monitor already running
start extraction
do extraction
Analysis started at 19:34:07.615812
Extraction Started jan_co2.py
19:34:07 -- ******* Extraction Started jan_co2.py *******
state changed from not run to extraction
DO EXTRACTION <pychron.extraction_line.pyscript_runner.RemotePyScriptRunner object at 0x12c299590>
testing...
no interpolation path defined
calculate duration
testing...
no interpolation path defined
executed snippet estimated_duration=0, duration=5.10215759277e-05
calculate duration
testing...
no interpolation path defined
executed snippet estimated_duration=0, duration=9.58442687988e-05
executed snippet estimated_duration=100.0, duration=0.00269794464111
Jan CO2 laser analysis
doing GOSUB
testing...
no interpolation path defined
executed snippet estimated_duration=0, duration=3.50475311279e-05
Waiting for CO2 access
wait ('FelixCO2Flag', 0) {}
waiting for FelixCO2Flag = 0
Read FelixCO2Flag ===>> 0
finished waiting
CO2 free
wait ('CO2PumpTimeFlag', 0) {}
waiting for CO2PumpTimeFlag = 0
Read CO2PumpTimeFlag ===>> 0
finished waiting
acquire ('JanCO2Flag',) {'clear': True}
acquire JanCO2Flag
Set JanCO2Flag 1 ===>> OK
JanCO2Flag acquired
set extraction state False (0.75, 'red', 1.5)
CO2 acquired
executed snippet estimated_duration=0, duration=0.01478099823
WaitForCO2Access.py completed successfully
gosub finished
doing GOSUB
testing...
no interpolation path defined
executed snippet estimated_duration=0, duration=0.000113010406494
Prepare for CO2 analysis
close () {'description': 'Jan Inlet'}
closing name=--- desc=Jan Inlet
checking ownership. requestor=129.138.12.150
check software interlocks R
interlocks []
actuate state mode=None-script, software_lock=False
doing actuation None-script close_channel False
Close R ===>> OK
GetIndicatorState R ===>> False
change switch state (True, True)
update switch state R False args=() kw={} ncanvase=2
19:34:08 -- CLOSE  VALVE-R (Jan Inlet)
---------------------------------------- close None (Jan Inlet) result=[(True, True)]
action=close, ok=True, locked=[False]
open () {'description': 'Jan Ion Pump'}
opening name=--- desc=Jan Ion Pump
checking ownership. requestor=129.138.12.150
check software interlocks O
interlocks []
actuate state mode=None-script, software_lock=False
doing actuation None-script open_channel False
Open O ===>> OK
GetIndicatorState O ===>> OK
change switch state (True, True)
update switch state O True args=() kw={} ncanvase=2
19:34:08 -- OPEN   VALVE-O (Jan Ion Pump)
---------------------------------------- open None (Jan Ion Pump) result=[(True, True)], time=0.11 sec
action=open, ok=True, locked=[False]
close () {'description': 'Microbone to Minibone'}
closing name=--- desc=Microbone to Minibone
checking ownership. requestor=129.138.12.150
check software interlocks L
interlocks []
actuate state mode=None-script, software_lock=False
doing actuation None-script close_channel False
Close L ===>> OK
GetIndicatorState L ===>> False
change switch state (True, True)
update switch state L False args=() kw={} ncanvase=2
19:34:09 -- CLOSE  VALVE-L (Microbone to Minibone)
---------------------------------------- close None (Microbone to Minibone) result=[(True, True)]
action=close, ok=True, locked=[False]
open () {'description': 'Microbone to Turbo'}
opening name=--- desc=Microbone to Turbo
checking ownership. requestor=129.138.12.150
check software interlocks U
interlocks []
actuate state mode=None-script, software_lock=False
doing actuation None-script open_channel False
Open U ===>> OK
GetIndicatorState U ===>> OK
change switch state (True, True)
update switch state U True args=() kw={} ncanvase=2
19:34:09 -- OPEN   VALVE-U (Microbone to Turbo)
---------------------------------------- open None (Microbone to Turbo) result=[(True, True)], time=0.15 sec
action=open, ok=True, locked=[False]
open () {'description': 'Microbone to Inlet Pipette'}
opening name=--- desc=Microbone to Inlet Pipette
checking ownership. requestor=129.138.12.150
check software interlocks S
interlocks []
actuate state mode=None-script, software_lock=False
doing actuation None-script open_channel False
Open S ===>> OK
GetIndicatorState S ===>> OK
change switch state (True, True)
update switch state S True args=() kw={} ncanvase=2
19:34:10 -- OPEN   VALVE-S (Microbone to Inlet Pipette)
---------------------------------------- open None (Microbone to Inlet Pipette) result=[(True, True)], time=0.42 sec
action=open, ok=True, locked=[False]
open () {'description': 'Microbone to Getter D-50'}
opening name=--- desc=Microbone to Getter D-50
checking ownership. requestor=129.138.12.150
check software interlocks K
interlocks []
actuate state mode=None-script, software_lock=False
doing actuation None-script open_channel False
Open K ===>> OK
GetIndicatorState K ===>> OK
change switch state (True, True)
update switch state K True args=() kw={} ncanvase=2
19:34:10 -- OPEN   VALVE-K (Microbone to Getter D-50)
---------------------------------------- open None (Microbone to Getter D-50) result=[(True, True)], time=0.41 sec
action=open, ok=True, locked=[False]
open () {'description': 'Microbone to Getter NP-10'}
opening name=--- desc=Microbone to Getter NP-10
checking ownership. requestor=129.138.12.150
check software interlocks M
interlocks []
actuate state mode=None-script, software_lock=False
doing actuation None-script open_channel False
Open M ===>> OK
GetIndicatorState M ===>> OK
change switch state (True, True)
update switch state M True args=() kw={} ncanvase=2
19:34:11 -- OPEN   VALVE-M (Microbone to Getter NP-10)
---------------------------------------- open None (Microbone to Getter NP-10) result=[(True, True)], time=0.14 sec
action=open, ok=True, locked=[False]
close () {'description': 'CO2 Laser to Felix'}
closing name=--- desc=CO2 Laser to Felix
checking ownership. requestor=129.138.12.150
check software interlocks F
interlocks []
actuate state mode=None-script, software_lock=True
VALVE-F(CO2 Laser to Felix) software locked
change switch state (True, False)
---------------------------------------- close None (CO2 Laser to Felix) result=[(True, False)]
action=close, ok=True, locked=[True]
open () {'description': 'CO2 Laser to Jan'}
opening name=--- desc=CO2 Laser to Jan
checking ownership. requestor=129.138.12.150
check software interlocks A
interlocks []
actuate state mode=None-script, software_lock=False
doing actuation None-script open_channel False
Open A ===>> OK
GetIndicatorState A ===>> OK
change switch state (True, True)
update switch state A True args=() kw={} ncanvase=2
19:34:11 -- OPEN   VALVE-A (CO2 Laser to Jan)
---------------------------------------- open None (CO2 Laser to Jan) result=[(True, True)], time=0.12 sec
action=open, ok=True, locked=[False]
open () {'description': 'Microbone to CO2 Laser'}
opening name=--- desc=Microbone to CO2 Laser
checking ownership. requestor=129.138.12.150
check software interlocks T
interlocks []
actuate state mode=None-script, software_lock=False
doing actuation None-script open_channel False
Open T ===>> OK
GetIndicatorState T ===>> OK
change switch state (True, True)
update switch state T True args=() kw={} ncanvase=2
19:34:12 -- OPEN   VALVE-T (Microbone to CO2 Laser)
---------------------------------------- open None (Microbone to CO2 Laser) result=[(True, True)], time=0.40 sec
action=open, ok=True, locked=[False]
executed snippet estimated_duration=0, duration=4.91627287865
PrepareForCO2Analysis.py completed successfully
gosub finished
set_motor ('beam', '1.25') {}
setting motor "beam" to 1.25
set motor beam to 1.25
SetMotor beam,1.25 ===>> OK
GetMotorMoving beam ===>> False
GetMotorMoving beam ===>> False
Block completed
move_to_position ('220',) {'autocenter': True}
FusionsCO2 move to position 220
sending GoToHole 220,True
GoToHole 220,True ===>> OK
GetDriveMoving ===>> False
GetDriveMoving ===>> False
Block completed
GetAutoCorrecting ===>> OK
GetAutoCorrecting ===>> OK
GetAutoCorrecting ===>> False
GetAutoCorrecting ===>> False
Block completed
update position
GetPosition ===>> 1.99390,-15.95120,1.00000
got position (1.9939, -15.9512, 1.0)
move to position succeeded
sleep (5,) {}
SLEEP 5.0
block started
WaitControl setup for 5.0  
Join finished
block finished. duration 5.03330683708
close () {'description': 'Microbone to Turbo'}
closing name=--- desc=Microbone to Turbo
checking ownership. requestor=129.138.12.150
check software interlocks U
interlocks []
actuate state mode=None-script, software_lock=False
doing actuation None-script close_channel True
Close U ===>> OK
GetIndicatorState U ===>> False
change switch state (True, True)
update switch state U False args=() kw={} ncanvase=2
19:34:21 -- CLOSE  VALVE-U (Microbone to Turbo)
---------------------------------------- close None (Microbone to Turbo) result=[(True, True)]
action=close, ok=True, locked=[False]
enable laser
enable () {}
set extraction state FusionsCO2 Enabled (False, 'red', 1.5)
enabling laser
Enable ===>> OK
begin interval
BEGIN INTERVAL Interval 1 waiting for 30.0
block started
set extract to 5.0
WaitControl setup for 30.0  
extract (5.0,) {}
GetPosition ===>> 1.99390,-15.95120,1.00000
set extraction state FusionsCO2 ON! 5.0(watts) (0.75, 'red', 1.5)
extract sample to 5.0 (watts)
set laser output
SetLaserOutput 5.0,watts ===>> OK
executing pattern triangle.lp
execute_pattern ('triangle.lp',) {}
executing pattern triangle.lp
IsPatterning ===>> OK
IsPatterning ===>> OK
IsPatterning ===>> OK
IsPatterning ===>> OK
IsPatterning ===>> OK
IsPatterning ===>> OK
IsPatterning ===>> OK
IsPatterning ===>> OK
IsPatterning ===>> OK
IsPatterning ===>> OK
IsPatterning ===>> OK
IsPatterning ===>> OK
IsPatterning ===>> OK
IsPatterning ===>> OK
IsPatterning ===>> OK
IsPatterning ===>> OK
IsPatterning ===>> OK
IsPatterning ===>> OK
IsPatterning ===>> OK
IsPatterning ===>> OK
IsPatterning ===>> OK
IsPatterning ===>> OK
IsPatterning ===>> OK
IsPatterning ===>> OK
IsPatterning ===>> OK
IsPatterning ===>> OK
IsPatterning ===>> False
IsPatterning ===>> False
Block completed
COMPLETE INTERVAL waiting for Interval 1 to complete
Join finished
block finished. duration 30.1683130264
Interval 1 finished
end_extract () {}
ending extraction. set laser power to 0
set laser power 0
SetLaserPower 0 ===>> OK
disable () {}
%%%%%%%%%%%%%%%%%%%%%%%%%%%%%%%%%%% disable
set extraction state False (0.75, 'red', 1.5)
disabling laser
Disable ===>> OK
sleep (30.0,) {}
SLEEP 30.0
block started
WaitControl setup for 30.0  
Join finished
block finished. duration 30.1528830528
executed snippet estimated_duration=166.0, duration=75.3746919632
jan_co2.py completed successfully
GetAchievedOutput ===>> No Response
Requested Output= 0.000
Achieved Output=  0.000
GetResponseBlob ===>> No Response
GetOutputBlob ===>> No Response
persistence save...
persistence save - db
AutomatedRunPersister post_extraction_save deprecated
persistence save - dvc
no extraction position for 220
create new session 4989601072
close session 4989601072
Extraction Finished
19:35:23 -- ******* Extraction Finished *******
no overlap. not waiting for min ms pumptime
19:35:23 -- Sending spectrometer configuration
======== Sending configuration ========
SetDeflection CDD,50.0 ===>> OK
SetDeflection H2,0.0 ===>> OK
SetDeflection H1,0.0 ===>> OK
SetDeflection L2,825.0 ===>> OK
SetDeflection L1,400.0 ===>> OK
SetDeflection AX,190.0 ===>> OK
SetZFocus 74.64 ===>> OK
SetZSymmetry -50.72 ===>> OK
SetExtractionLens 26.13 ===>> OK
SetIonRepeller -3.81 ===>> OK
SetElectronEnergy 75.08 ===>> OK
SetYSymmetry -2.81 ===>> OK
SetIonCounterVoltage 1590.0 ===>> OK
send trap current 200.0
GetParameter Trap Current Readback ===>> 198.147042666178
SetParameter Trap Current Set,200.0 ===>> OK
updating mftable name mftable
Using mftable located at /Users/jan/PychronDev/setupfiles/spectrometer/mftables/mftable.csv
============ MFtable ===========
Isotope  H2     H1     AX     L1     L2     CDD    
Ar40     5.8087 5.8794 5.9927 6.1487 6.2310 6.3769
Ar39     5.7080 5.7716 5.8851 6.0347 6.1161 6.2634
Ar36     5.3855 5.4406 5.5485 5.6936 5.7711 5.9145
================================
get initial guess parabolic
get initial guess parabolic
get initial guess parabolic
get initial guess parabolic
get initial guess parabolic
get initial guess parabolic
======== Configuration Finished ========
GetYSymmetry ===>> -2.81
GetZSymmetry ===>> -50.72
GetParameter Trap Current Readback ===>> 198.258926936459
GetHighVoltage ===>> 4499.94659342336
start measurement
do measurement
L#=65584 analysis type=unknown
Measurement Started jan_unknown120_60.py
19:35:23 -- ******* Measurement Started jan_unknown120_60.py *******
state changed from extraction to measurement
setting spec, defl, and gains
GetExtractionLens ===>> 26.13
GetYSymmetry ===>> -2.81
GetZSymmetry ===>> -50.72
GetZFocus ===>> 74.64
GetDeflection H2 ===>> 0
GetDeflection H1 ===>> 0
GetDeflection AX ===>> 190
GetDeflection L1 ===>> 400
GetDeflection L2 ===>> 825
GetDeflection CDD ===>> 50
GetGain H2 ===>> 0.0113
GetGain H1 ===>> 0.1
GetGain AX ===>> 0.097049
GetGain L1 ===>> 0.010355
GetGain L2 ===>> 0.095649
GetGain CDD ===>> 0
pre measurement save
New frame /Users/jan/PychronDev/data/isotopes/f7/177e32-2a69-4030-af70-362857ea5b3f.h5
flush and close file /Users/jan/PychronDev/data/isotopes/f7/177e32-2a69-4030-af70-362857ea5b3f.h5
testing...
no interpolation path defined
executed snippet estimated_duration=226.132928, duration=0.000119924545288
unknown measurement script
activate_detectors ('H2', 'H1', 'AX', 'L1', 'L2', 'CDD') {}
activate detectors
*************** Set Analysis View Ar/Ar
create graphs
clearing graphs
clear isotope group
setting isotope det=H2, iso=PM41
setting isotope det=H1, iso=Ar40
setting isotope det=AX, iso=Ar39
setting isotope det=L1, iso=Ar38
setting isotope det=L2, iso=Ar37
setting isotope det=CDD, iso=Ar36
setting previous blanks
 - setting Ar40 blank 0.886+/-0.007
 - setting Ar36 blank 0.00731+/-0.00020
 - setting Ar37 blank 0.055+/-0.005
 - setting Ar38 blank 0.0077+/-0.0022
 - setting PM41 blank 0.01+/-0.06
 - setting Ar39 blank 0.032+/-0.009
load analysis view
position_magnet ('Ar40',) {'detector': 'H1'}
detector Detector(H1)
POSITION Ar40 H1
setting detector H2 to PM41 (40.9624)
setting detector H1 to Ar40 (39.9624)
setting detector AX to Ar39 (38.9624)
setting detector L1 to Ar38 (37.9624)
setting detector L2 to Ar37 (36.9624)
setting detector CDD to Ar36 (35.9624)
Mapping mass to dac mass func: "parabolic"
H1 map mass coeffs = [-0.00063987  0.15840543  0.57096999]
H1 map mass to dac 39.9624 >> 5.87936
GetDeflection H1 ===>> 0
GetHighVoltage ===>> 4499.94659342336
positioning Ar40 (5.879325377) on H1
setting magnet DAC
current  : 5.879325
requested: 5.879325
Delta Dac: 0.000000
Checking detector protection. dv=0.00000
Checking detector "CDD". Protection Threshold: 0.1 (V)
SetMagnetDAC 5.879325377 ===>> OK
equilibrate () {'delay': 3, 'inlet': 'R', 'outlet': 'O', 'eqtime': 12.0}
Equilibration Started
19:35:24 -- ******* Equilibration Started *******
checking ownership. requestor=129.138.12.150
check software interlocks O
interlocks []
actuate state mode=None-script, software_lock=False
doing actuation None-script close_channel True
Close O ===>> OK
GetIndicatorState O ===>> False
change switch state (True, True)
update switch state O False args=() kw={} ncanvase=2
19:35:24 -- CLOSE  VALVE-O (Jan Ion Pump)
waiting 3s before opening inlet value ('R',)
update labels <pychron.experiment.plot_panel.PlotPanel object at 0x17dcdecb0>
update labels "<pychron.graph.stacked_regression_graph.StackedRegressionGraph object at 0x1937d6d10>"
setting label 0 H2 PM41
setting label 1 H1 Ar40
setting label 2 AX Ar39
setting label 3 L1 Ar38
setting label 4 L2 Ar37
setting label 5 CDD Ar36
update labels "<pychron.graph.stacked_graph.StackedGraph object at 0x162707590>"
setting label 0 H2 PM41
setting label 1 H1 Ar40
setting label 2 AX Ar39
setting label 3 L1 Ar38
setting label 4 L2 Ar37
setting label 5 CDD Ar36
checking ownership. requestor=129.138.12.150
check software interlocks R
interlocks []
actuate state mode=None-script, software_lock=False
doing actuation None-script open_channel True
Open R ===>> OK
GetIndicatorState R ===>> OK
change switch state (True, True)
update switch state R True args=() kw={} ncanvase=2
19:35:28 -- OPEN   VALVE-R (Jan Inlet)
equilibrating for 12.0sec
set_time_zero () {}
sniff (12.0,) {}
py_sniff
build tables- sniff [Detector(H2), Detector(H1), Detector(AX), Detector(L1), Detector(L2), Detector(CDD)]
add group /sniff/PM41 (Group) '' table H2
add group /sniff/Ar40 (Group) '' table H1
add group /sniff/Ar39 (Group) '' table AX
add group /sniff/Ar38 (Group) '' table L1
add group /sniff/Ar37 (Group) '' table L2
add group /sniff/Ar36 (Group) '' table CDD
flush and close file /Users/jan/PychronDev/data/isotopes/f7/177e32-2a69-4030-af70-362857ea5b3f.h5
measuring sniff. ncounts=12.0
"sniff" increment series count="1" fit count="0" regressing="False"
starting measurement
GetData ===>> H2,-0.00474399014286313,H1,27.2271169544068,AX,5.89938800139984,L1,0.0384401886518991,L2,0.134219...
GetData ===>> H2,0.891368643229226,H1,289.020752639426,AX,60.7174425299936,L1,0.422713797828366,L2,0.8466258639...
GetData ===>> H2,0.583965699738499,H1,439.897540489334,AX,88.8766471708753,L1,0.827334534307627,L2,0.9205724027...
GetData ===>> H2,0.203858831967047,H1,488.338205138491,AX,96.495709137066,L1,1.00910827664327,L2,0.992196911182...
GetData ===>> H2,0.0200653246931834,H1,505.688691881541,AX,99.0884194932964,L1,1.12486734203957,L2,0.9377992748...
GetData ===>> H2,0.0616091010888025,H1,512.894578245037,AX,100.241787273859,L1,1.18962355257389,L2,0.9449360445...
GetData ===>> H2,0.0387371829044413,H1,515.955925787985,AX,100.753601905194,L1,1.24107318063766,L2,1.0536838358...
GetData ===>> H2,-0.0315102715066783,H1,517.090331355211,AX,101.143888208229,L1,1.28050790584286,L2,1.031595333...
GetData ===>> H2,0.000845818084760253,H1,517.828040401474,AX,101.249310818206,L1,1.254060073871,L2,0.9510193275...
GetData ===>> H2,-0.0197246151109308,H1,518.123757093539,AX,101.013454195744,L1,1.24037253533284,L2,1.005320290...
GetData ===>> H2,0.0023086607742832,H1,518.095635706717,AX,100.976354500617,L1,1.30177359382744,L2,0.9711392917...
Equilibration Finished
19:35:40 -- ******* Equilibration Finished *******
checking ownership. requestor=129.138.12.150
check software interlocks R
interlocks []
actuate state mode=None-script, software_lock=False
doing actuation None-script close_channel True
GetData ===>> H2,-0.000713344041224645,H1,518.014856568002,AX,101.1172101109,L1,1.2777629603521,L2,1.0034764961...
Close R ===>> OK
GetIndicatorState R ===>> False
change switch state (True, True)
update switch state R False args=() kw={} ncanvase=2
19:35:41 -- CLOSE  VALVE-R (Jan Inlet)
Post Equilibration Started jan_pump_extraction_line.py
19:35:41 -- ******* Post Equilibration Started jan_pump_extraction_line.py *******
testing...
no interpolation path defined
calculate duration
testing...
no interpolation path defined
executed snippet estimated_duration=4.0, duration=0.000176906585693
executed snippet estimated_duration=4.0, duration=0.00156998634338
Pump after analysis
doing GOSUB
testing...
no interpolation path defined
executed snippet estimated_duration=4.0, duration=0.000139951705933
Pump Microbone
close () {'description': 'Jan Inlet'}
closing name=--- desc=Jan Inlet
checking ownership. requestor=129.138.12.150
check software interlocks R
interlocks []
actuate state mode=None-script, software_lock=False
doing actuation None-script close_channel False
Close R ===>> OK
measurement finished
estimated time: 12.583 actual time: :12.690
flush and close file /Users/jan/PychronDev/data/isotopes/f7/177e32-2a69-4030-af70-362857ea5b3f.h5
set_fits () {}
GetIndicatorState R ===>> False
using default fits file=/Users/jan/PychronDev/scripts/measurement/fits/nominal_linear.yaml
change switch state (True, True)
update switch state R False args=() kw={} ncanvase=2
set "Ar40" to "('Linear', 'SEM')"
No fit for "PM41". defaulting to linear. check the measurement script "jan_unknown120_60.py"
set "PM41" to "linear"
set "Ar36" to "('Linear', 'SEM')"
set "Ar37" to "('linear', 'SEM')"
set "Ar38" to "('linear', 'SEM')"
19:35:41 -- CLOSE  VALVE-R (Jan Inlet)
set "Ar39" to "('Linear', 'SEM')"
---------------------------------------- close None (Jan Inlet) result=[(True, True)]
set_baseline_fits () {}
using default fits file=/Users/jan/PychronDev/scripts/measurement/fits/nominal_linear.yaml
set "H1" to "('average', 'SEM')"
set "H2" to "('average', 'SEM')"
set "CDD" to "('average', 'SEM')"
set "L2" to "('average', 'SEM')"
set "L1" to "('average', 'SEM')"
set "AX" to "('average', 'SEM')"
multicollect () {'integration_time': 1, 'ncounts': 120}
build tables- signal [Detector(H2), Detector(H1), Detector(AX), Detector(L1), Detector(L2), Detector(CDD)]
add group /signal/PM41 (Group) '' table H2
add group /signal/Ar40 (Group) '' table H1
add group /signal/Ar39 (Group) '' table AX
add group /signal/Ar38 (Group) '' table L1
add group /signal/Ar37 (Group) '' table L2
add group /signal/Ar36 (Group) '' table CDD
flush and close file /Users/jan/PychronDev/data/isotopes/f7/177e32-2a69-4030-af70-362857ea5b3f.h5
measuring signal. ncounts=120
action=close, ok=True, locked=[False]
is_closed ('F',) {}
is F () closed?
is closed True
open () {'description': 'CO2 Laser to Jan'}
opening name=--- desc=CO2 Laser to Jan
checking ownership. requestor=129.138.12.150
check software interlocks A
interlocks []
actuate state mode=None-script, software_lock=False
doing actuation None-script open_channel False
Open A ===>> OK
GetIndicatorState A ===>> OK
change switch state (True, True)
update switch state A True args=() kw={} ncanvase=2
19:35:41 -- OPEN   VALVE-A (CO2 Laser to Jan)
---------------------------------------- open None (CO2 Laser to Jan) result=[(True, True)], time=0.13 sec
starting measurement
GetData ===>> H2,-0.00606452175761658,H1,517.85821039487,AX,101.16061330364,L1,1.27742993951079,L2,0.9284867590...
action=open, ok=True, locked=[False]
sleep (1,) {}
SLEEP 1.0
"signal" increment series count="2" fit count="1" regressing="True"
close () {'description': 'CO2 Laser to Roughing'}
closing name=--- desc=CO2 Laser to Roughing
checking ownership. requestor=129.138.12.150
check software interlocks G
interlocks []
actuate state mode=None-script, software_lock=True
VALVE-G(CO2 Laser to Roughing) software locked
change switch state (True, False)
---------------------------------------- close None (CO2 Laser to Roughing) result=[(True, False)]
GetData ===>> H2,0.0936103583315837,H1,518.117250787075,AX,101.249557715153,L1,1.2886307344078,L2,1.02584490662...
action=close, ok=True, locked=[True]
open () {'description': 'Microbone to Turbo'}
opening name=--- desc=Microbone to Turbo
checking ownership. requestor=129.138.12.150
check software interlocks U
interlocks []
actuate state mode=None-script, software_lock=False
doing actuation None-script open_channel True
Open U ===>> OK
GetIndicatorState U ===>> OK
change switch state (True, True)
update switch state U True args=() kw={} ncanvase=2
19:35:43 -- OPEN   VALVE-U (Microbone to Turbo)
---------------------------------------- open None (Microbone to Turbo) result=[(True, True)], time=0.19 sec
action=open, ok=True, locked=[False]
open () {'description': 'Microbone to Getter NP-10'}
opening name=--- desc=Microbone to Getter NP-10
checking ownership. requestor=129.138.12.150
check software interlocks M
interlocks []
actuate state mode=None-script, software_lock=False
doing actuation None-script open_channel False
Open M ===>> OK
GetIndicatorState M ===>> OK
change switch state (True, True)
update switch state M True args=() kw={} ncanvase=2
19:35:43 -- OPEN   VALVE-M (Microbone to Getter NP-10)
---------------------------------------- open None (Microbone to Getter NP-10) result=[(True, True)], time=0.17 sec
action=open, ok=True, locked=[False]
open () {'description': 'Microbone to Getter D-50'}
opening name=--- desc=Microbone to Getter D-50
checking ownership. requestor=129.138.12.150
check software interlocks K
interlocks []
actuate state mode=None-script, software_lock=False
doing actuation None-script open_channel False
GetData ===>> H2,-0.0167061519698732,H1,518.02919600013,AX,101.136416279419,L1,1.29645990106765,L2,1.0085956885...
Open K ===>> OK
GetIndicatorState K ===>> OK
change switch state (True, True)
update switch state K True args=() kw={} ncanvase=2
19:35:44 -- OPEN   VALVE-K (Microbone to Getter D-50)
---------------------------------------- open None (Microbone to Getter D-50) result=[(True, True)], time=0.40 sec
action=open, ok=True, locked=[False]
open () {'description': 'Microbone to CO2 Laser'}
opening name=--- desc=Microbone to CO2 Laser
checking ownership. requestor=129.138.12.150
check software interlocks T
interlocks []
actuate state mode=None-script, software_lock=False
doing actuation None-script open_channel False
Open T ===>> OK
GetIndicatorState T ===>> OK
change switch state (True, True)
update switch state T True args=() kw={} ncanvase=2
19:35:45 -- OPEN   VALVE-T (Microbone to CO2 Laser)
---------------------------------------- open None (Microbone to CO2 Laser) result=[(True, True)], time=0.41 sec
GetData ===>> H2,-0.100640292108987,H1,517.498800738035,AX,101.109153070102,L1,1.31285602949726,L2,1.0026519537...
action=open, ok=True, locked=[False]
open () {'description': 'Microbone to Inlet Pipette'}
opening name=--- desc=Microbone to Inlet Pipette
checking ownership. requestor=129.138.12.150
check software interlocks S
interlocks []
actuate state mode=None-script, software_lock=False
doing actuation None-script open_channel False
Open S ===>> OK
GetIndicatorState S ===>> OK
change switch state (True, True)
update switch state S True args=() kw={} ncanvase=2
19:35:45 -- OPEN   VALVE-S (Microbone to Inlet Pipette)
---------------------------------------- open None (Microbone to Inlet Pipette) result=[(True, True)], time=0.42 sec
action=open, ok=True, locked=[False]
sleep (1,) {}
SLEEP 1.0
testing H1>-5.0
evaluate ot="H1.bs>-5.0" t="H1>-5.0", ctx="{'H1': None}"
GetData ===>> H2,-0.172672084998574,H1,517.090203105079,AX,100.969678953201,L1,1.28426212914901,L2,0.9068641264...
set_resource () {'name': 'CO2PumpTimeFlag', 'value': 30}
Set CO2PumpTimeFlag 30 ===>> OK
release ('JanCO2Flag',) {}
release JanCO2Flag
Set JanCO2Flag 0 ===>> OK
executed snippet estimated_duration=6.0, duration=5.98855900764
PumpMicrobone.py completed successfully
gosub finished
get_resource_value () {'name': 'JanMiniboneFlag'}
Read JanMiniboneFlag ===>> 0
Get Resource Value JanMiniboneFlag=0.0
get resource value 0.0
get_resource_value () {'name': 'JanMiniboneFlag'}
Read JanMiniboneFlag ===>> 0
Get Resource Value JanMiniboneFlag=0.0
executed snippet estimated_duration=4.0, duration=6.00341200829
jan_pump_extraction_line.py completed successfully
Post Equilibration Finished
19:35:47 -- ******* Post Equilibration Finished *******
GetData ===>> H2,-0.131910044422062,H1,516.620076301578,AX,100.979190378481,L1,1.2798251130816,L2,0.98710305632...
GetData ===>> H2,-0.0668774176936671,H1,516.793936181104,AX,100.964078066833,L1,1.30719090612416,L2,1.035524608...
GetData ===>> H2,-0.138593967344871,H1,516.427374801016,AX,100.726452544614,L1,1.30303342740099,L2,0.8751375977...
GetData ===>> H2,-0.29130027083921,H1,516.379221121826,AX,100.853101904965,L1,1.25482468939984,L2,0.95624369705...
testing H1>-5.0
evaluate ot="H1.bs>-5.0" t="H1>-5.0", ctx="{'H1': None}"
GetData ===>> H2,-0.17315907240136,H1,516.381954620569,AX,100.755643340747,L1,1.26632089657563,L2,0.97201018252...
GetData ===>> H2,-0.133877903905115,H1,516.633788634745,AX,100.804751886465,L1,1.26953999308943,L2,0.8924479237...
GetData ===>> H2,-0.271731902129915,H1,516.015427866198,AX,100.516518238814,L1,1.25184044975771,L2,0.9927236440...
GetData ===>> H2,-0.171584718998877,H1,515.994982892023,AX,100.67154885392,L1,1.28918211901653,L2,0.85170722337...
GetData ===>> H2,-0.0591471851178013,H1,515.507471495896,AX,100.444460349732,L1,1.25201244779244,L2,0.988707601...
testing H1>-5.0
evaluate ot="H1.bs>-5.0" t="H1>-5.0", ctx="{'H1': None}"
GetData ===>> H2,-0.2040715413721,H1,515.53225334619,AX,100.450175153433,L1,1.25960477496192,L2,0.9515463343799...
GetData ===>> H2,-0.169830682889551,H1,515.231205965773,AX,100.513017420904,L1,1.27639266509621,L2,0.8753779975...
GetData ===>> H2,-0.070691246756239,H1,514.970738074081,AX,100.472983820422,L1,1.29370573694988,L2,0.8945661341...
GetData ===>> H2,-0.0788137497636453,H1,515.084035672193,AX,100.179629635868,L1,1.27311053862173,L2,0.933686994...
GetData ===>> H2,-0.097063103650249,H1,514.631532476719,AX,100.403900396024,L1,1.28950754131869,L2,1.0311600303...
testing H1>-5.0
evaluate ot="H1.bs>-5.0" t="H1>-5.0", ctx="{'H1': None}"
GetData ===>> H2,-0.130498286998354,H1,514.439701589767,AX,100.396974496386,L1,1.31014745447982,L2,0.9935710030...
GetData ===>> H2,-0.174456153348472,H1,514.335363404198,AX,100.090151579063,L1,1.25872125427037,L2,0.9355541085...
GetData ===>> H2,-0.20598532630211,H1,514.182471741183,AX,100.200836021703,L1,1.2407139349452,L2,0.924283249908...
GetData ===>> H2,-0.0813081675180904,H1,513.714338027973,AX,100.319698074179,L1,1.23756022504333,L2,0.912051740...
GetData ===>> H2,-0.0201307289611358,H1,513.608653916809,AX,100.30036152973,L1,1.22196923983584,L2,0.9884439957...
testing H1>-5.0
evaluate ot="H1.bs>-5.0" t="H1>-5.0", ctx="{'H1': None}"
19:36:07 -- collecting point 25
GetData ===>> H2,-0.196569617593734,H1,513.532431021785,AX,100.283066259706,L1,1.29755052603763,L2,0.9720331008...
GetData ===>> H2,-0.196498133936278,H1,513.384820971518,AX,100.313808949002,L1,1.28987636520936,L2,1.0551848465...
GetData ===>> H2,-0.174957027688345,H1,513.245824376423,AX,100.127900373415,L1,1.24272815977402,L2,0.9630266354...
GetData ===>> H2,-0.0744089063113716,H1,512.909708562418,AX,100.029025714858,L1,1.244616601303,L2,0.98751565106...
GetData ===>> H2,-0.0271796874408684,H1,513.06909977966,AX,99.9481905667393,L1,1.20698412309063,L2,1.0032360039...
testing H1>-5.0
evaluate ot="H1.bs>-5.0" t="H1>-5.0", ctx="{'H1': None}"
GetData ===>> H2,-0.169624228467259,H1,512.712315587668,AX,99.9662408939146,L1,1.22536317607919,L2,0.9461160109...
GetData ===>> H2,-0.168697161249667,H1,512.458011043863,AX,99.8865937994769,L1,1.26290619258549,L2,1.1185924298...
GetData ===>> H2,-0.100092007377365,H1,512.272997397357,AX,99.8009050568894,L1,1.25681294557425,L2,0.9669797511...
GetData ===>> H2,-0.0655287184128101,H1,512.262679767179,AX,99.9931097762884,L1,1.26386913850931,L2,0.969878805...
GetData ===>> H2,-0.0850061070516214,H1,511.692525301309,AX,99.7813018021023,L1,1.27280189445614,L2,0.983424164...
testing H1>-5.0
evaluate ot="H1.bs>-5.0" t="H1>-5.0", ctx="{'H1': None}"
GetData ===>> H2,-0.0157740977859024,H1,511.491516434982,AX,99.5843847497157,L1,1.22134683816825,L2,1.097108028...
GetData ===>> H2,-0.124118846688515,H1,511.244258301842,AX,99.8154029652683,L1,1.19172315757067,L2,0.9226454200...
GetData ===>> H2,-0.0672029722060433,H1,510.819987304917,AX,99.6078501976131,L1,1.22863210017803,L2,0.924111448...
GetData ===>> H2,-0.109207343637808,H1,511.045472312937,AX,99.6369679884208,L1,1.25727055170552,L2,0.9408349146...
GetData ===>> H2,-0.254825091810827,H1,510.739648198819,AX,99.6312843044073,L1,1.26940357086285,L2,1.0012548286...
testing H1>-5.0
evaluate ot="H1.bs>-5.0" t="H1>-5.0", ctx="{'H1': None}"
GetData ===>> H2,-0.184445152994579,H1,510.432312683463,AX,99.6651749154348,L1,1.23790790267332,L2,0.9427709010...
GetData ===>> H2,-0.162584985721094,H1,509.897854221326,AX,99.7404364436202,L1,1.2345003855607,L2,0.88050667080...
GetData ===>> H2,-0.126406610835846,H1,510.006125933096,AX,99.5018820334126,L1,1.2199901536883,L2,0.82799651176...
GetData ===>> H2,-0.066682080515555,H1,510.101843721915,AX,99.6862709213878,L1,1.21430566190545,L2,0.8882001939...
GetData ===>> H2,-0.128226216870154,H1,510.101589764602,AX,99.5520513553881,L1,1.26393929027378,L2,1.0243672627...
testing H1>-5.0
evaluate ot="H1.bs>-5.0" t="H1>-5.0", ctx="{'H1': None}"
GetData ===>> H2,-0.0938776187975468,H1,509.873603024536,AX,99.4844792746035,L1,1.24125917783138,L2,0.926161634...
GetData ===>> H2,-0.0914879191319576,H1,509.489612713381,AX,99.481465108667,L1,1.2430772797022,L2,0.89313490580...
GetData ===>> H2,-0.201825800532462,H1,509.380921645931,AX,99.3286501679136,L1,1.25450864168832,L2,0.9437790041...
GetData ===>> H2,-0.129275129090218,H1,509.174880072501,AX,99.3511610505093,L1,1.26233739371415,L2,0.8754008928...
GetData ===>> H2,-0.103212138936796,H1,508.85446750025,AX,99.3271262093941,L1,1.22796600918596,L2,0.99985772373...
testing H1>-5.0
evaluate ot="H1.bs>-5.0" t="H1>-5.0", ctx="{'H1': None}"
19:36:33 -- collecting point 50
GetData ===>> H2,-0.0811997848518934,H1,508.694092674386,AX,99.3165640345528,L1,1.25170285332127,L2,1.040691332...
GetData ===>> H2,-0.117823763869437,H1,508.343866065183,AX,99.2906960424818,L1,1.23944902758647,L2,0.9114447865...
GetData ===>> H2,-0.18266580750578,H1,508.272503960426,AX,99.2245742689737,L1,1.25053208118006,L2,0.96044860419...
GetData ===>> H2,-0.300246423550295,H1,508.167200133463,AX,99.0827555007793,L1,1.21432982858483,L2,1.0001898205...
GetData ===>> H2,-0.191166099755922,H1,507.818559267802,AX,99.0361523248409,L1,1.23239860642818,L2,1.0705973424...
testing H1>-5.0
evaluate ot="H1.bs>-5.0" t="H1>-5.0", ctx="{'H1': None}"
GetData ===>> H2,-0.209611195398378,H1,507.509005446914,AX,99.0142913928351,L1,1.25991204817321,L2,0.9169189617...
GetData ===>> H2,-0.208882342201256,H1,507.327280951562,AX,98.9679023901767,L1,1.2856347085309,L2,0.92137411686...
GetData ===>> H2,-0.1137748876803,H1,507.505040896617,AX,98.9854868395353,L1,1.27058425444556,L2,0.819232353713...
GetData ===>> H2,-0.22965117361875,H1,507.365949294603,AX,99.0508739692417,L1,1.27118612166961,L2,0.97999753582...
GetData ===>> H2,-0.131980379301711,H1,506.863484118244,AX,98.9747084595696,L1,1.25493811202465,L2,0.9091544292...
testing H1>-5.0
evaluate ot="H1.bs>-5.0" t="H1>-5.0", ctx="{'H1': None}"
GetData ===>> H2,-0.0582344703757565,H1,506.764172809783,AX,99.0035633988747,L1,1.27758432719555,L2,0.989975504...
GetData ===>> H2,-0.0899717437407452,H1,506.625991780716,AX,98.8386387881967,L1,1.26633237855376,L2,0.959646564...
GetData ===>> H2,-0.107674941697223,H1,506.415262234066,AX,98.8250135121311,L1,1.24777366837079,L2,0.9136092244...
GetData ===>> H2,-0.0164330652660724,H1,506.070823772031,AX,99.0127162712241,L1,1.25469852407269,L2,0.926516699...
GetData ===>> H2,0.0493387346614849,H1,505.749151924233,AX,98.6575557146313,L1,1.27373168008965,L2,0.9153385193...
testing H1>-5.0
evaluate ot="H1.bs>-5.0" t="H1>-5.0", ctx="{'H1': None}"
GetData ===>> H2,0.0349754879662447,H1,506.12843533306,AX,98.804534251018,L1,1.2481573722572,L2,0.9231035514836...
GetData ===>> H2,-0.15224570093745,H1,505.480801977623,AX,98.7737944915766,L1,1.2713952529482,L2,1.052137017243...
GetData ===>> H2,-0.284516806812335,H1,505.187746939047,AX,98.7939022519384,L1,1.2557461237223,L2,1.01160777921...
GetData ===>> H2,-0.211288322385435,H1,505.299832756106,AX,98.5606731427397,L1,1.22822709152892,L2,0.9220269461...
GetData ===>> H2,-0.188874090422203,H1,505.144746719633,AX,98.560096652362,L1,1.25920444053001,L2,0.96903085194...
testing H1>-5.0
evaluate ot="H1.bs>-5.0" t="H1>-5.0", ctx="{'H1': None}"
GetData ===>> H2,-0.194220491821676,H1,504.595621962531,AX,98.608774399226,L1,1.26967259205991,L2,0.99414354710...
GetData ===>> H2,-0.177493460810603,H1,504.207270969462,AX,98.5696701802338,L1,1.23932547466994,L2,0.7919720875...
GetData ===>> H2,-0.208800158024936,H1,503.923614507578,AX,98.5343315940749,L1,1.20608087598551,L2,0.9740384719...
GetData ===>> H2,-0.109303478632436,H1,504.340947836684,AX,98.3699891928365,L1,1.24532899483327,L2,0.8962263857...
GetData ===>> H2,-0.0842625520705014,H1,503.84204420095,AX,98.5104341724216,L1,1.26109787400087,L2,1.0054462650...
testing H1>-5.0
evaluate ot="H1.bs>-5.0" t="H1>-5.0", ctx="{'H1': None}"
19:36:59 -- collecting point 75
GetData ===>> H2,-0.151049382723402,H1,503.848841004647,AX,98.4393302897425,L1,1.20169803263325,L2,1.0096836952...
GetData ===>> H2,-0.172369899462556,H1,503.578422325225,AX,98.4038087415575,L1,1.18681044706907,L2,0.8871697756...
GetData ===>> H2,-0.207867797350871,H1,503.570536474839,AX,98.372031762885,L1,1.23745707011972,L2,0.95217645506...
GetData ===>> H2,-0.170163970650811,H1,503.241918280772,AX,98.3253914060988,L1,1.21494800539866,L2,0.9795735133...
GetData ===>> H2,-0.0868627506280106,H1,503.610261145913,AX,98.3370574576292,L1,1.21137172472707,L2,0.914468141...
testing H1>-5.0
evaluate ot="H1.bs>-5.0" t="H1>-5.0", ctx="{'H1': None}"
GetData ===>> H2,-0.0714478930043306,H1,503.189592103651,AX,98.0772890815134,L1,1.27146156371882,L2,0.882223921...
GetData ===>> H2,-0.112203394127514,H1,502.649634463951,AX,98.0383746560936,L1,1.28310929836382,L2,0.9389447880...
GetData ===>> H2,-0.161527709258971,H1,502.69390129058,AX,98.1394235978383,L1,1.26882425917987,L2,0.87949923124...
GetData ===>> H2,-0.196055734462921,H1,502.415892464867,AX,98.1491448615756,L1,1.24045533647616,L2,0.9044593673...
GetData ===>> H2,-0.230194979054169,H1,502.366230908099,AX,98.2079618349302,L1,1.22476349375976,L2,0.8873071641...
testing H1>-5.0
evaluate ot="H1.bs>-5.0" t="H1>-5.0", ctx="{'H1': None}"
GetData ===>> H2,-0.314291137581453,H1,502.157273488349,AX,97.9955301732057,L1,1.20416777116504,L2,0.9544220096...
GetData ===>> H2,-0.140803947350702,H1,501.886076353768,AX,98.0187207862491,L1,1.20693832280624,L2,0.8991004062...
GetData ===>> H2,-0.204477236913974,H1,501.451958624419,AX,97.8002117594183,L1,1.20647651425326,L2,0.8995355244...
GetData ===>> H2,-0.172298399026831,H1,501.349184927586,AX,97.88102416076,L1,1.22100701452823,L2,0.878251394611...
GetData ===>> H2,-0.0434258231861965,H1,501.116416641698,AX,97.8822095788966,L1,1.23179017333187,L2,0.957091538...
testing H1>-5.0
evaluate ot="H1.bs>-5.0" t="H1>-5.0", ctx="{'H1': None}"
GetData ===>> H2,-0.19398059147549,H1,500.923554787973,AX,97.8980567527159,L1,1.22406327038609,L2,0.94396229672...
GetData ===>> H2,-0.0420215273283074,H1,500.796789402286,AX,97.7352667018263,L1,1.20535324517824,L2,0.997796458...
GetData ===>> H2,-0.0708160019317355,H1,500.334830115416,AX,97.7175279008634,L1,1.23165907199194,L2,0.999147727...
GetData ===>> H2,-0.137615220904183,H1,500.248286665088,AX,97.7767643851711,L1,1.2204826636825,L2,0.88352905286...
GetData ===>> H2,-0.135560119343199,H1,500.352826156913,AX,97.7569639373889,L1,1.22388376596726,L2,0.9269404877...
testing H1>-5.0
evaluate ot="H1.bs>-5.0" t="H1>-5.0", ctx="{'H1': None}"
GetData ===>> H2,-0.182201701745414,H1,500.122232620412,AX,97.730004082503,L1,1.2312874148004,L2,0.925623313257...
GetData ===>> H2,-0.236916352327586,H1,500.008512016987,AX,97.8812333514978,L1,1.2285595031588,L2,0.91970197787...
GetData ===>> H2,-0.22777861358743,H1,499.848442980395,AX,97.8286313027661,L1,1.23442526943261,L2,0.95321902745...
GetData ===>> H2,-0.0615337306853129,H1,499.526136077567,AX,97.6014031523394,L1,1.27121672599179,L2,0.871783510...
GetData ===>> H2,-0.0685634179828181,H1,499.38474672089,AX,97.5279560744719,L1,1.24543095127812,L2,0.9273757319...
testing H1>-5.0
evaluate ot="H1.bs>-5.0" t="H1>-5.0", ctx="{'H1': None}"
19:37:26 -- collecting point 100
GetData ===>> H2,-0.0895096697490906,H1,499.008211309743,AX,97.4690091557027,L1,1.26907437242252,L2,1.034092638...
GetData ===>> H2,-0.0827807146351632,H1,499.048610459101,AX,97.4694442938837,L1,1.22635380786736,L2,0.912979356...
GetData ===>> H2,-0.176324531341601,H1,498.787987216768,AX,97.4005769739309,L1,1.27172808615127,L2,0.8495441794...
GetData ===>> H2,-0.250797986991742,H1,498.688518163861,AX,97.4239010620924,L1,1.22193360031563,L2,0.8662546729...
GetData ===>> H2,-0.189430956551241,H1,498.557787110467,AX,97.351371793656,L1,1.20742050787914,L2,0.94001012755...
testing H1>-5.0
evaluate ot="H1.bs>-5.0" t="H1>-5.0", ctx="{'H1': None}"
GetData ===>> H2,-0.163766372089895,H1,498.476591599017,AX,97.3348229461066,L1,1.21256198955913,L2,0.8911884694...
GetData ===>> H2,-0.128420867700918,H1,498.055529386072,AX,97.174759870785,L1,1.24945951669049,L2,0.99339924048...
GetData ===>> H2,-0.0415900277470247,H1,497.762880436551,AX,97.1603943832349,L1,1.25356310308316,L2,0.864297334...
GetData ===>> H2,-0.11079279009306,H1,497.97159638516,AX,97.2118975566506,L1,1.2234687531153,L2,0.8514897723063...
GetData ===>> H2,-0.0993595660034233,H1,497.507672430015,AX,97.2133241105758,L1,1.22805515853698,L2,0.920664026...
testing H1>-5.0
evaluate ot="H1.bs>-5.0" t="H1>-5.0", ctx="{'H1': None}"
GetData ===>> H2,-0.182945071280576,H1,497.381687813244,AX,97.014773685769,L1,1.22852638889278,L2,0.92775370883...
GetData ===>> H2,-0.190614711675812,H1,497.198343750447,AX,97.142135211555,L1,1.24704326679413,L2,0.86271775752...
GetData ===>> H2,-0.193196162706566,H1,496.800199577092,AX,96.8957388098573,L1,1.22364443143427,L2,0.8527029266...
GetData ===>> H2,-0.139817281653305,H1,496.683548785067,AX,96.9955303709785,L1,1.2072258500696,L2,0.92845239724...
GetData ===>> H2,-0.216354563759431,H1,496.557101243047,AX,97.0144955348599,L1,1.20635438640646,L2,0.9548688354...
testing H1>-5.0
evaluate ot="H1.bs>-5.0" t="H1>-5.0", ctx="{'H1': None}"
GetData ===>> H2,-0.227579358163305,H1,496.737671558943,AX,96.9937052561512,L1,1.21384904913862,L2,0.9099216928...
GetData ===>> H2,-0.137913990857668,H1,496.431382976822,AX,96.940474099062,L1,1.21229365972623,L2,0.85397332166...
GetData ===>> H2,-0.216172800106331,H1,495.803616358516,AX,96.8790816794737,L1,1.24140313678501,L2,0.8256166090...
GetData ===>> H2,-0.27987946772139,H1,495.884957169023,AX,96.8857686199438,L1,1.23699224855452,L2,0.86911635028...
GetData ===>> H2,-0.209881977316331,H1,495.629474582839,AX,96.8697552124254,L1,1.19792839608104,L2,0.9495299759...
testing H1>-5.0
evaluate ot="H1.bs>-5.0" t="H1>-5.0", ctx="{'H1': None}"
GetData ===>> H2,-0.199946368601223,H1,495.495994867144,AX,96.7281583572846,L1,1.2148233495801,L2,0.96149126630...
measurement finished
estimated time: 125.829 actual time: :126.330
flush and close file /Users/jan/PychronDev/data/isotopes/f7/177e32-2a69-4030-af70-362857ea5b3f.h5
baselines () {'settling_time': 15.0, 'detector': 'H1', 'mass': 34.2, 'ncounts': 60}
%%%%%%%%%%%%%%%%%%%%%%%%%%%%%%%% Baseline
build tables- baseline [Detector(H2), Detector(H1), Detector(AX), Detector(L1), Detector(L2), Detector(CDD)]
add group baseline table H2
add group baseline table H1
add group baseline table AX
add group baseline table L1
add group baseline table L2
add group baseline table CDD
flush and close file /Users/jan/PychronDev/data/isotopes/f7/177e32-2a69-4030-af70-362857ea5b3f.h5
detector Detector(H1)
POSITION 34.2 H1
Mapping mass to dac mass func: "parabolic"
H1 map mass coeffs = [-0.00063987  0.15840543  0.57096999]
H1 map mass to dac 34.2 >> 5.24001599104
GetDeflection H1 ===>> 0
GetHighVoltage ===>> 4499.94659342336
positioning 34.2 (5.23998513308) on H1
setting magnet DAC
current  : 5.879325
requested: 5.239985
Delta Dac: 0.639340
Checking detector protection. dv=0.63934
Checking detector "CDD". Protection Threshold: 0.1 (V)
ProtectDetector CDD,On ===>> OK
GetDeflection CDD ===>> 2000
Protected = 2000
SetMagnetDAC 5.23998513308 ===>> OK
Magnet settling time: 0.500
GetMagnetMoving ===>> True
GetMagnetMoving ===>> True
GetMagnetMoving ===>> True
GetMagnetMoving ===>> True
GetMagnetMoving ===>> True
GetMagnetMoving ===>> True
GetMagnetMoving ===>> True
GetMagnetMoving ===>> True
GetMagnetMoving ===>> False
ProtectDetector CDD,Off ===>> OK
GetDeflection CDD ===>> 50
Delaying 15.0s for detectors to settle
Join finished
measuring baseline. ncounts=60
"baseline" increment series count="2" fit count="1" regressing="True"
starting measurement
GetData ===>> H2,-0.188450692028588,H1,-0.0453447869451782,AX,-0.0720369772346518,L1,-0.0291603669770476,L2,-0....
GetData ===>> H2,-0.104690010653441,H1,0.0145513433234214,AX,-0.0588905381113292,L1,-0.0407391615541606,L2,-0.0...
GetData ===>> H2,-0.177811993417726,H1,-0.0837062276130894,AX,-0.231011009516644,L1,-0.0103868233011621,L2,-0.0...
GetData ===>> H2,-0.163376190671371,H1,-0.0616186048639332,AX,-0.182750521055123,L1,-0.00397054358705561,L2,-0....
testing H1>-5.0
evaluate ot="H1.bs>-5.0" t="H1>-5.0", ctx="{'H1': None}"
GetData ===>> H2,-0.0503574009760788,H1,-0.0280546819711567,AX,0.0230886956616898,L1,-0.039000011588944,L2,-0.0...
GetData ===>> H2,-0.144082304848375,H1,-0.0408257995643922,AX,-0.0325807337318701,L1,-0.0293112964102572,L2,-0....
GetData ===>> H2,-0.332551669423702,H1,-0.0701896104872589,AX,-0.0503803439822554,L1,-0.0483462007532104,L2,-0....
GetData ===>> H2,-0.299173152956844,H1,-0.0418154633277322,AX,-0.11654083303489,L1,-0.0698188923418997,L2,-0.12...
GetData ===>> H2,-0.22033915678479,H1,0.0265778256573813,AX,-0.135416920614568,L1,-0.0582063366661417,L2,0.0021...
testing H1>-5.0
evaluate ot="H1.bs>-5.0" t="H1>-5.0", ctx="{'H1': None}"
GetData ===>> H2,-0.177474564526959,H1,0.0118074079203058,AX,-0.0738917110353921,L1,0.00411018970033823,L2,-0.0...
GetData ===>> H2,-0.155581899384829,H1,-0.0450824766335288,AX,-0.0330098180037429,L1,-0.0364170821059767,L2,-0....
GetData ===>> H2,-0.185656404862728,H1,0.016006852631212,AX,-0.0788065846333136,L1,-0.0468956329941456,L2,0.125...
GetData ===>> H2,-0.161839636327887,H1,-0.027637297687355,AX,-0.0833850760632368,L1,-0.0168807814297771,L2,-0.0...
GetData ===>> H2,-0.216855408482181,H1,-0.0858992278990332,AX,-0.118974050645757,L1,-0.0556293969098021,L2,-0.0...
testing H1>-5.0
evaluate ot="H1.bs>-5.0" t="H1>-5.0", ctx="{'H1': None}"
GetData ===>> H2,-0.297196725930061,H1,-0.0298792271193225,AX,-0.0919619231995462,L1,-0.0273957619737895,L2,-0....
GetData ===>> H2,-0.348876647073595,H1,-0.0286747925501317,AX,-0.054345676896119,L1,-0.010423989829234,L2,0.018...
GetData ===>> H2,-0.13522072136174,H1,-0.0506027713543354,AX,0.00393314881239973,L1,-0.0486968428773754,L2,0.16...
GetData ===>> H2,-0.207774826537306,H1,-0.0820137706189382,AX,-0.0806148247116492,L1,-0.067977854730706,L2,0.05...
GetData ===>> H2,-0.28536848930398,H1,-0.04359206408433,AX,-0.00103205916716735,L1,-0.0424384946525092,L2,-0.06...
testing H1>-5.0
evaluate ot="H1.bs>-5.0" t="H1>-5.0", ctx="{'H1': None}"
GetData ===>> H2,-0.29070280239837,H1,0.0225807689548276,AX,-0.025575955402416,L1,-0.0257590626531711,L2,0.0570...
GetData ===>> H2,-0.231325579838305,H1,-0.038202547058863,AX,-0.0126784223842017,L1,-0.0156022198962976,L2,-0.0...
GetData ===>> H2,-0.213785366202278,H1,0.0188463497333704,AX,-0.136993918921187,L1,-0.0388898073751761,L2,-0.03...
GetData ===>> H2,-0.216993576206538,H1,0.054299120085033,AX,-0.140205814347816,L1,-0.0621452746831165,L2,-0.089...
GetData ===>> H2,-0.232839600094847,H1,0.033975784441931,AX,0.027266056867645,L1,-0.00422127502433739,L2,-0.090...
testing H1>-5.0
evaluate ot="H1.bs>-5.0" t="H1>-5.0", ctx="{'H1': None}"
19:38:31 -- collecting point 25
GetData ===>> H2,-0.238194239037182,H1,-0.0178938614216804,AX,-0.147011899286167,L1,0.0233189753555082,L2,-0.03...
GetData ===>> H2,-0.176799676580984,H1,-0.0373797855174328,AX,-0.137388164503092,L1,-0.0303150392940897,L2,-0.1...
GetData ===>> H2,-0.237136966253827,H1,-0.0062291125952239,AX,-0.0144298963073068,L1,-0.0416864644274272,L2,-0....
GetData ===>> H2,-0.292488400442716,H1,-0.0140892512200839,AX,0.00585897521327248,L1,-0.0285889707437114,L2,0.0...
GetData ===>> H2,-0.193279729871126,H1,-0.00496475345947973,AX,-0.065429200741338,L1,-0.047429447135567,L2,0.02...
testing H1>-5.0
evaluate ot="H1.bs>-5.0" t="H1>-5.0", ctx="{'H1': None}"
GetData ===>> H2,-0.162822623046494,H1,0.00766778683651843,AX,-0.0649307011543486,L1,-0.00188527185622819,L2,-0...
GetData ===>> H2,-0.149441040469069,H1,-0.00599055549008727,AX,-0.0822839395732156,L1,0.014408240045908,L2,-0.0...
GetData ===>> H2,-0.149214152670684,H1,0.0364816686183157,AX,-0.104628775264325,L1,-0.0416325747504386,L2,0.082...
GetData ===>> H2,-0.139429349853475,H1,-0.0164626770603469,AX,-0.0648263637082362,L1,0.00241621509024115,L2,-0....
GetData ===>> H2,-0.138253308275193,H1,-0.0131470213357908,AX,-0.182368049381855,L1,-0.0207382699330745,L2,-0.0...
testing H1>-5.0
evaluate ot="H1.bs>-5.0" t="H1>-5.0", ctx="{'H1': None}"
GetData ===>> H2,-0.173990360836816,H1,-0.0461436368407895,AX,-0.0920082824810179,L1,-0.0283877165399691,L2,0.0...
GetData ===>> H2,-0.222588748766721,H1,-0.056790385549088,AX,0.0242722631380807,L1,-0.0608448302461988,L2,-0.04...
GetData ===>> H2,-0.300286669208078,H1,0.0077274343397661,AX,-0.0657074319585435,L1,-0.0455909005837079,L2,0.10...
GetData ===>> H2,-0.255883060959186,H1,-0.0672571932681219,AX,-0.0991821150913736,L1,-0.0445182597077156,L2,-0....
GetData ===>> H2,-0.239864449738717,H1,-0.0615828411327566,AX,-0.0390399914408121,L1,-0.00318951713160766,L2,0....
testing H1>-5.0
evaluate ot="H1.bs>-5.0" t="H1>-5.0", ctx="{'H1': None}"
GetData ===>> H2,-0.101120865609834,H1,0.00563979287295808,AX,-0.0773808331855329,L1,-0.0126525317352724,L2,0.0...
GetData ===>> H2,-0.197555506499178,H1,0.117892678640685,AX,-0.0896439309623133,L1,8.76151496878995E-05,L2,0.00...
GetData ===>> H2,-0.273001568841251,H1,-0.0300461773019343,AX,-0.109553684175616,L1,0.0141092700163448,L2,-0.02...
GetData ===>> H2,-0.355276678133137,H1,-0.0798206851721826,AX,-0.0633772209455454,L1,0.0134177106838955,L2,-0.0...
GetData ===>> H2,-0.270667690387499,H1,-0.0714293057437974,AX,-0.118441065327009,L1,-0.004238070208481,L2,-0.01...
testing H1>-5.0
evaluate ot="H1.bs>-5.0" t="H1>-5.0", ctx="{'H1': None}"
GetData ===>> H2,-0.206299317834432,H1,-0.0486474534075797,AX,-0.0964818492261857,L1,-0.0318300461255095,L2,-0....
GetData ===>> H2,-0.23352588910593,H1,-0.100712639319122,AX,-0.160124154693485,L1,-0.0216793350264613,L2,-0.125...
GetData ===>> H2,-0.083008285402363,H1,-0.0699392855428414,AX,-0.0522702742668569,L1,-0.0298107848085934,L2,0.0...
GetData ===>> H2,-0.123906542592722,H1,-0.0469424803598127,AX,-0.0501252585558822,L1,0.0181142836192487,L2,-0.0...
GetData ===>> H2,-0.204657840879638,H1,-0.0153296415943636,AX,-0.0613020109294298,L1,0.00623838367492379,L2,-0....
testing H1>-5.0
evaluate ot="H1.bs>-5.0" t="H1>-5.0", ctx="{'H1': None}"
19:38:58 -- collecting point 50
GetData ===>> H2,-0.234701903133708,H1,0.0077274343397661,AX,-0.0167264832299625,L1,-0.0270399283395693,L2,0.04...
GetData ===>> H2,-0.195343542877904,H1,-0.0560154644585474,AX,-0.00179769954133248,L1,-0.0343907670447934,L2,0....
GetData ===>> H2,-0.281950623500372,H1,-0.0136360278258916,AX,-0.12679469506837,L1,-0.0209228934659996,L2,-0.08...
GetData ===>> H2,-0.211887717072963,H1,-0.0298076769558396,AX,0.000128013480931258,L1,-0.00394654982072792,L2,-...
GetData ===>> H2,-0.286177125101348,H1,-0.0480990037081462,AX,0.00432759208099713,L1,-0.00324350708470154,L2,-0...
testing H1>-5.0
evaluate ot="H1.bs>-5.0" t="H1>-5.0", ctx="{'H1': None}"
GetData ===>> H2,-0.168585152358813,H1,-0.0303681518677433,AX,-0.019347773796742,L1,-0.015304745136839,L2,0.017...
GetData ===>> H2,-0.118147124539503,H1,-0.0207800209699681,AX,-0.213980630917417,L1,-0.0238452484332491,L2,-0.0...
GetData ===>> H2,-0.267538971308027,H1,-0.0411000447200437,AX,-0.0464844209562545,L1,-0.0444296659446192,L2,-0....
GetData ===>> H2,-0.185227490848319,H1,0.0271505513308458,AX,-0.0808698302241248,L1,-0.0399834109059839,L2,-0.0...
GetData ===>> H2,-0.190223735635447,H1,-0.100498140563476,AX,-0.192740611963834,L1,-0.0292406233862594,L2,0.065...
testing H1>-5.0
evaluate ot="H1.bs>-5.0" t="H1>-5.0", ctx="{'H1': None}"
GetData ===>> H2,-0.206027102502293,H1,-0.0062648961119514,AX,-0.0600151266212379,L1,-0.0160460166984873,L2,-0....
State checksums do not match. Local:-110011688 Remote:-860229079
State checksum failed
measurement finished
estimated time: 62.915 actual time: :63.131
flush and close file /Users/jan/PychronDev/data/isotopes/f7/177e32-2a69-4030-af70-362857ea5b3f.h5
activate_detectors ('H1', 'AX', 'CDD') {'peak_center': True}
peak_center () {'detector': 'H1', 'integration_time': 0.262144, 'isotope': 'Ar40'}
peak center: mean=496.322229087 threshold=3
peak center started
setup peak center. detector=['H1', 'AX', 'CDD'], isotope=Ar40
VersionedUnpickler [<apptools.sweet_pickle.versioned_unpickler.VersionedUnpickler object at 0x1a2021530>] using Updater [<apptools.sweet_pickle.updater.Updater object at 0x135230b30>]
VersionedUnpickler [<apptools.sweet_pickle.versioned_unpickler.VersionedUnpickler object at 0x1a2021530>] using Updater [<apptools.sweet_pickle.updater.Updater object at 0x135230b30>]
VersionedUnpickler [<apptools.sweet_pickle.versioned_unpickler.VersionedUnpickler object at 0x172f03ad0>] using Updater [<apptools.sweet_pickle.updater.Updater object at 0x135230b30>]
setting integration time = 0.524288
SetIntegrationTime 0.524288 ===>> OK
Mapping mass to dac mass func: "parabolic"
H1 map mass coeffs = [-0.00063987  0.15840543  0.57096999]
H1 map mass to dac 39.9624 >> 5.87936
GetDeflection H1 ===>> 0
GetHighVoltage ===>> 4499.94659342336
do peak center. <pychron.spectrometer.jobs.peak_center.PeakCenter object at 0x1352309b0>
doing pc
starting peak center. center dac= 5.879325377 step_width=0.001
width = 0.001
get scan parameters. half-width=0.015,window=0.015, i=0, scalar=1
Scan parameters center=5.87933 width=0.03000 (5.86433 - 5.89433)
GetData ===>> H2,-0.261061055145392,H1,-0.0765428863376936,AX,-0.0108225215843965,L1,-0.0203234540524524,L2,-0....
Moving to starting dac 5.864325377
setting magnet DAC
current  : 5.239985
requested: 5.864325
Delta Dac: 0.624340
Checking detector protection. dv=0.62434
Checking detector "CDD". Protection Threshold: 0.1 (V)
ProtectDetector CDD,On ===>> OK
GetDeflection CDD ===>> 2000
Protected = 2000
SetMagnetDAC 5.864325377 ===>> OK
Magnet settling time: 0.500
set states for children of V. state=True
handle state [('V', True)]
update switch state V True args=() kw={'refresh': False} ncanvase=2
refresh_canvas_needed fired
GetMagnetMoving ===>> True
GetMagnetMoving ===>> True
GetMagnetMoving ===>> True
GetMagnetMoving ===>> True
GetMagnetMoving ===>> True
GetMagnetMoving ===>> True
GetMagnetMoving ===>> True
GetMagnetMoving ===>> True
GetMagnetMoving ===>> False
ProtectDetector CDD,Off ===>> OK
GetDeflection CDD ===>> 50
Wait until signal near baseline. tol= -0.0574071647533. timeout= 10
GetData ===>> H2,2.11514541353552,H1,0.892631864089233,AX,-0.0368946840936465,L1,0.0836087990917928,L2,0.084709...
GetData ===>> H2,26.9912357241442,H1,14.4229772624253,AX,1.16779808418194,L1,0.0425952947926908,L2,-0.071732615...
GetData ===>> H2,29.0262739057205,H1,15.6404896833442,AX,2.11068137519427,L1,-0.0144791125278685,L2,-0.10594922...
GetData ===>> H2,15.3657630423458,H1,7.6309114398404,AX,0.981031670024474,L1,0.0015855393151583,L2,-0.042190120...
GetData ===>> H2,6.23796942996254,H1,3.75455006280061,AX,0.466365195965851,L1,-0.00290276563982798,L2,-0.038684...
GetData ===>> H2,2.19394191656288,H1,2.09077155500317,AX,0.212485782447727,L1,-0.0316835079830181,L2,0.02774223...
GetData ===>> H2,0.677731385927018,H1,1.27430440901188,AX,-0.0613367913502124,L1,-0.0279740240902091,L2,-0.0367...
GetData ===>> H2,0.158993256666855,H1,0.84822087317471,AX,-0.0287304875109437,L1,-0.0413319848063153,L2,0.05754...
GetData ===>> H2,0.0830133073182632,H1,0.657359831005411,AX,0.0249568822668436,L1,-0.033985093126319,L2,0.04446...
GetData ===>> H2,0.121560828667212,H1,0.510197991850681,AX,0.0495599510093278,L1,-0.0528078967922542,L2,-0.0272...
GetData ===>> H2,0.0638475348381764,H1,0.442193293816007,AX,0.0722009536886355,L1,-0.0569483576493241,L2,-0.072...
GetData ===>> H2,0.0664189163957686,H1,0.402020583874374,AX,0.0363060159966487,L1,-0.0317050429261137,L2,-0.059...
GetData ===>> H2,0.0677075483666315,H1,0.395924346543741,AX,0.0149781645371157,L1,-0.0213988934386714,L2,-0.030...
GetData ===>> H2,0.0412883479245984,H1,0.456106441020565,AX,0.0728034981427684,L1,-0.00106448261086488,L2,-0.02...
GetData ===>> H2,-0.017935584069869,H1,0.449583954899624,AX,0.0899312246784252,L1,0.0181750719437474,L2,-0.0920...
GetData ===>> H2,-0.115377289377284,H1,0.380004156505787,AX,-0.135136022824333,L1,0.0155498702729012,L2,-0.0100...
GetData ===>> H2,-0.144584154007277,H1,0.402068398965017,AX,-0.165274692327873,L1,0.0250244512767717,L2,-0.0871...
GetData ===>> H2,-0.161750515184324,H1,0.341050986656755,AX,-0.0779835924442717,L1,-0.00141248622089944,L2,-0.0...
GetData ===>> H2,-0.0930168924964794,H1,0.381605622863002,AX,0.120277177666511,L1,-0.0272391445736984,L2,-0.000...
GetData ===>> H2,-0.0773610176149792,H1,0.401016472237115,AX,0.0267902927966125,L1,-0.018128883730108,L2,0.0116...
GetData ===>> H2,-0.0773610176149792,H1,0.401016472237115,AX,0.0267902927966125,L1,-0.018128883730108,L2,0.0116...
Peak center failed to move to a baseline position
_do_sweep sm= 5.864325377, em= 5.894325377, stm= 0.001
calculated step values: start=5.864325377, end=5.894325377, width=0.001, nsteps=31.0
setting magnet DAC
current  : 5.864325
requested: 5.864325
Delta Dac: 0.000000
Checking detector protection. dv=0.00000
Checking detector "CDD". Protection Threshold: 0.1 (V)
SetMagnetDAC 5.864325377 ===>> OK
GetData ===>> H2,-0.177503260486839,H1,0.391214958060204,AX,0.148150927596789,L1,-0.0345321789874818,L2,0.06700...
setting magnet DAC
current  : 5.864325
requested: 5.865360
Delta Dac: 0.001034
Checking detector protection. dv=0.00103
Checking detector "CDD". Protection Threshold: 0.1 (V)
SetMagnetDAC 5.86535985976 ===>> OK
Magnet settling time: 1.049
GetData ===>> H2,-0.199572871838762,H1,0.844512868645553,AX,-0.058299254403451,L1,0.00171997930221649,L2,-0.137...
setting magnet DAC
current  : 5.865360
requested: 5.866394
Delta Dac: 0.001034
Checking detector protection. dv=0.00103
Checking detector "CDD". Protection Threshold: 0.1 (V)
SetMagnetDAC 5.86639434252 ===>> OK
Magnet settling time: 1.049
GetData ===>> H2,-0.224721951538925,H1,2.90378691631033,AX,0.28903298634091,L1,0.00492546400548343,L2,-0.060763...
setting magnet DAC
current  : 5.866394
requested: 5.867429
Delta Dac: 0.001034
Checking detector protection. dv=0.00103
Checking detector "CDD". Protection Threshold: 0.1 (V)
SetMagnetDAC 5.86742882528 ===>> OK
Magnet settling time: 1.049
GetData ===>> H2,-0.146444033874994,H1,9.23529817755593,AX,1.294114743338,L1,-0.0610608168073631,L2,-0.04512657...
setting magnet DAC
current  : 5.867429
requested: 5.868463
Delta Dac: 0.001034
Checking detector protection. dv=0.00103
Checking detector "CDD". Protection Threshold: 0.1 (V)
SetMagnetDAC 5.86846330803 ===>> OK
Magnet settling time: 1.049
GetData ===>> H2,-0.170799484104211,H1,30.0814645224406,AX,3.75216883379845,L1,-0.0270332729302222,L2,-0.098285...
setting magnet DAC
current  : 5.868463
requested: 5.869498
Delta Dac: 0.001034
Checking detector protection. dv=0.00103
Checking detector "CDD". Protection Threshold: 0.1 (V)
SetMagnetDAC 5.86949779079 ===>> OK
Magnet settling time: 1.049
GetData ===>> H2,-0.178581968496541,H1,121.679294549469,AX,16.6283762389247,L1,0.041200046647603,L2,-0.01755681...
setting magnet DAC
current  : 5.869498
requested: 5.870532
Delta Dac: 0.001034
Checking detector protection. dv=0.00103
Checking detector "CDD". Protection Threshold: 0.1 (V)
SetMagnetDAC 5.87053227355 ===>> OK
Magnet settling time: 1.049
GetData ===>> H2,-0.120464498651706,H1,242.129398126964,AX,37.0159779517788,L1,0.202055941077966,L2,-0.05099920...
setting magnet DAC
current  : 5.870532
requested: 5.871567
Delta Dac: 0.001034
Checking detector protection. dv=0.00103
Checking detector "CDD". Protection Threshold: 0.1 (V)
SetMagnetDAC 5.87156675631 ===>> OK
Magnet settling time: 1.049
GetData ===>> H2,-0.167385373212951,H1,358.73524931965,AX,60.620132655998,L1,0.416362259435429,L2,0.27212700431...
setting magnet DAC
current  : 5.871567
requested: 5.872601
Delta Dac: 0.001034
Checking detector protection. dv=0.00103
Checking detector "CDD". Protection Threshold: 0.1 (V)
SetMagnetDAC 5.87260123907 ===>> OK
Magnet settling time: 1.049
GetData ===>> H2,-0.202409520355807,H1,430.023190940971,AX,78.0472037827819,L1,0.680706857811045,L2,0.462243352...
setting magnet DAC
current  : 5.872601
requested: 5.873636
Delta Dac: 0.001034
Checking detector protection. dv=0.00103
Checking detector "CDD". Protection Threshold: 0.1 (V)
SetMagnetDAC 5.87363572183 ===>> OK
Magnet settling time: 1.049
GetData ===>> H2,-0.0711089000112623,H1,461.336501932718,AX,87.8307407186808,L1,0.83922705561986,L2,0.824655511...
setting magnet DAC
current  : 5.873636
requested: 5.874670
Delta Dac: 0.001034
Checking detector protection. dv=0.00103
Checking detector "CDD". Protection Threshold: 0.1 (V)
SetMagnetDAC 5.87467020459 ===>> OK
Magnet settling time: 1.049
GetData ===>> H2,-0.118513769220931,H1,470.922465431294,AX,91.389283256232,L1,1.02017832127459,L2,0.76883680534...
setting magnet DAC
current  : 5.874670
requested: 5.875705
Delta Dac: 0.001034
Checking detector protection. dv=0.00103
Checking detector "CDD". Protection Threshold: 0.1 (V)
SetMagnetDAC 5.87570468735 ===>> OK
Magnet settling time: 1.049
GetData ===>> H2,-0.206913799644266,H1,473.645581821042,AX,92.2035199810754,L1,1.10877406598111,L2,0.8484340646...
setting magnet DAC
current  : 5.875705
requested: 5.876739
Delta Dac: 0.001034
Checking detector protection. dv=0.00103
Checking detector "CDD". Protection Threshold: 0.1 (V)
SetMagnetDAC 5.8767391701 ===>> OK
Magnet settling time: 1.049
GetData ===>> H2,-0.0996411218197155,H1,474.121676564688,AX,92.3750688886199,L1,1.11007854982938,L2,0.941201488...
setting magnet DAC
current  : 5.876739
requested: 5.877774
Delta Dac: 0.001034
Checking detector protection. dv=0.00103
Checking detector "CDD". Protection Threshold: 0.1 (V)
SetMagnetDAC 5.87777365286 ===>> OK
Magnet settling time: 1.049
GetData ===>> H2,-0.0894082023062772,H1,474.381913654278,AX,92.4860658691718,L1,1.14349878612211,L2,0.842208504...
setting magnet DAC
current  : 5.877774
requested: 5.878808
Delta Dac: 0.001034
Checking detector protection. dv=0.00103
Checking detector "CDD". Protection Threshold: 0.1 (V)
SetMagnetDAC 5.87880813562 ===>> OK
Magnet settling time: 1.049
GetData ===>> H2,-0.175755535419524,H1,473.954063316574,AX,92.3631020756185,L1,1.1202047087884,L2,0.85147832752...
setting magnet DAC
current  : 5.878808
requested: 5.879843
Delta Dac: 0.001034
Checking detector protection. dv=0.00103
Checking detector "CDD". Protection Threshold: 0.1 (V)
SetMagnetDAC 5.87984261838 ===>> OK
Magnet settling time: 1.049
GetData ===>> H2,-0.229814451322382,H1,474.220949963678,AX,92.3371546144462,L1,1.12176635447458,L2,0.8811706708...
setting magnet DAC
current  : 5.879843
requested: 5.880877
Delta Dac: 0.001034
Checking detector protection. dv=0.00103
Checking detector "CDD". Protection Threshold: 0.1 (V)
SetMagnetDAC 5.88087710114 ===>> OK
Magnet settling time: 1.049
GetData ===>> H2,-0.18163685128374,H1,474.28546176899,AX,92.2710593594654,L1,1.12369531619973,L2,0.909612496329...
setting magnet DAC
current  : 5.880877
requested: 5.881912
Delta Dac: 0.001034
Checking detector protection. dv=0.00103
Checking detector "CDD". Protection Threshold: 0.1 (V)
SetMagnetDAC 5.8819115839 ===>> OK
Magnet settling time: 1.049
GetData ===>> H2,-0.0750812634950555,H1,473.441488076336,AX,92.1026102817461,L1,1.14086379981965,L2,0.819323881...
setting magnet DAC
current  : 5.881912
requested: 5.882946
Delta Dac: 0.001034
Checking detector protection. dv=0.00103
Checking detector "CDD". Protection Threshold: 0.1 (V)
SetMagnetDAC 5.88294606666 ===>> OK
Magnet settling time: 1.049
GetData ===>> H2,-0.0926189911119131,H1,472.590528871424,AX,91.8480331757268,L1,1.17396197464177,L2,0.837036102...
setting magnet DAC
current  : 5.882946
requested: 5.883981
Delta Dac: 0.001034
Checking detector protection. dv=0.00103
Checking detector "CDD". Protection Threshold: 0.1 (V)
SetMagnetDAC 5.88398054941 ===>> OK
Magnet settling time: 1.049
GetData ===>> H2,-0.199980077088653,H1,469.792158956307,AX,90.6138739427732,L1,1.14834186255382,L2,0.8084327156...
setting magnet DAC
current  : 5.883981
requested: 5.885015
Delta Dac: 0.001034
Checking detector protection. dv=0.00103
Checking detector "CDD". Protection Threshold: 0.1 (V)
SetMagnetDAC 5.88501503217 ===>> OK
Magnet settling time: 1.049
GetData ===>> H2,-0.193296065524337,H1,458.482085179808,AX,86.4705339734291,L1,1.15205561447426,L2,0.7884154116...
setting magnet DAC
current  : 5.885015
requested: 5.886050
Delta Dac: 0.001034
Checking detector protection. dv=0.00103
Checking detector "CDD". Protection Threshold: 0.1 (V)
SetMagnetDAC 5.88604951493 ===>> OK
Magnet settling time: 1.049
GetData ===>> H2,-0.165987045062663,H1,423.244442365767,AX,75.3390236817115,L1,1.02124732955456,L2,0.5202294542...
setting magnet DAC
current  : 5.886050
requested: 5.887084
Delta Dac: 0.001034
Checking detector protection. dv=0.00103
Checking detector "CDD". Protection Threshold: 0.1 (V)
SetMagnetDAC 5.88708399769 ===>> OK
Magnet settling time: 1.049
GetData ===>> H2,-0.180512599274087,H1,342.528485939368,AX,54.5043592985032,L1,0.740642103427558,L2,0.299804121...
setting magnet DAC
current  : 5.887084
requested: 5.888118
Delta Dac: 0.001034
Checking detector protection. dv=0.00103
Checking detector "CDD". Protection Threshold: 0.1 (V)
SetMagnetDAC 5.88811848045 ===>> OK
Magnet settling time: 1.049
GetData ===>> H2,-0.139656292426058,H1,225.98299851951,AX,30.9758037527261,L1,0.516921217018592,L2,0.2021694646...
setting magnet DAC
current  : 5.888118
requested: 5.889153
Delta Dac: 0.001034
Checking detector protection. dv=0.00103
Checking detector "CDD". Protection Threshold: 0.1 (V)
SetMagnetDAC 5.88915296321 ===>> OK
Magnet settling time: 1.049
GetData ===>> H2,-0.179161731594595,H1,113.616592933193,AX,13.1840244295138,L1,0.316900600794581,L2,0.141254821...
setting magnet DAC
current  : 5.889153
requested: 5.890187
Delta Dac: 0.001034
Checking detector protection. dv=0.00103
Checking detector "CDD". Protection Threshold: 0.1 (V)
SetMagnetDAC 5.89018744597 ===>> OK
Magnet settling time: 1.049
GetData ===>> H2,-0.306379543950913,H1,43.3219214984792,AX,4.04870223202709,L1,0.159816538239663,L2,0.006285712...
setting magnet DAC
current  : 5.890187
requested: 5.891222
Delta Dac: 0.001034
Checking detector protection. dv=0.00103
Checking detector "CDD". Protection Threshold: 0.1 (V)
SetMagnetDAC 5.89122192872 ===>> OK
Magnet settling time: 1.049
GetData ===>> H2,-0.162652496831687,H1,13.0696571071399,AX,0.858836786681635,L1,0.0778389042952067,L2,0.1840963...
setting magnet DAC
current  : 5.891222
requested: 5.892256
Delta Dac: 0.001034
Checking detector protection. dv=0.00103
Checking detector "CDD". Protection Threshold: 0.1 (V)
SetMagnetDAC 5.89225641148 ===>> OK
Magnet settling time: 1.049
GetData ===>> H2,-0.214336150064071,H1,3.25330069285805,AX,0.11735576555383,L1,0.0829892332183408,L2,-0.0887529...
setting magnet DAC
current  : 5.892256
requested: 5.893291
Delta Dac: 0.001034
Checking detector protection. dv=0.00103
Checking detector "CDD". Protection Threshold: 0.1 (V)
SetMagnetDAC 5.89329089424 ===>> OK
Magnet settling time: 1.049
GetData ===>> H2,-0.27896562999966,H1,0.284846492474,AX,-0.0251352405708071,L1,0.0176830945217542,L2,-0.0143690...
setting magnet DAC
current  : 5.893291
requested: 5.894325
Delta Dac: 0.001034
Checking detector protection. dv=0.00103
Checking detector "CDD". Protection Threshold: 0.1 (V)
SetMagnetDAC 5.894325377 ===>> OK
Magnet settling time: 1.049
GetData ===>> H2,-0.23440192290391,H1,0.0365651991710571,AX,-0.157283410799126,L1,0.0232978633957484,L2,0.00828...
result of _do_sweep=True
result of _calculate_peak_center=([5.8714941973996968, 5.8792434890865186, 5.8869927807733404], [350.55648220191381, 474.37419691472013, 349.64572458220073], 5.8777923108680126, 474.37419691472013)
Failed to find a valid peak. No peak greater than 1.0. max = 0.0237922490134
new center pos Detector(H1) (Ar40) @ 5.87924348909
GetHighVoltage ===>> 4499.94659342336
GetDeflection H1 ===>> 0
dac uncorrected for HV and deflection 5.8792781116
update mftable H1 Ar40 5.8792781116 message=automated run peakcenter
get initial guess parabolic
get initial guess parabolic
get initial guess parabolic
get initial guess parabolic
get initial guess parabolic
get initial guess parabolic
dump mftable to /Users/jan/PychronDev/setupfiles/spectrometer/mftables/mftable.csv
add to repo msg=modified - automated run peakcenter
locally archiving mftable
setting magnet DAC
current  : 5.894325
requested: 5.879243
Delta Dac: 0.015082
Checking detector protection. dv=0.01508
Checking detector "CDD". Protection Threshold: 0.1 (V)
SetMagnetDAC 5.87924348909 ===>> OK
Magnet settling time: 0.500
sweep finished
setting integration time = 1.048576
SetIntegrationTime 1.048576 ===>> OK
Failed to find a valid peak. No peak greater than 1.0. max = 0.0238137286555
flush and close file /Users/jan/PychronDev/data/isotopes/f7/177e32-2a69-4030-af70-362857ea5b3f.h5
finished measure script
executed snippet estimated_duration=226.132928, duration=272.772917032
jan_unknown120_60.py completed successfully
Measurement Finished
19:39:56 -- ******* Measurement Finished *******
Post Measurement Started jan_pump_ms.py
19:39:56 -- ******* Post Measurement Started jan_pump_ms.py *******
testing...
no interpolation path defined
executed snippet estimated_duration=0, duration=2.69412994385e-05
Pumping spectrometer
open () {'name': 'O'}
opening name=O desc=---
checking ownership. requestor=129.138.12.150
check software interlocks O
interlocks []
actuate state mode=None-script, software_lock=False
doing actuation None-script open_channel True
Open O ===>> OK
GetIndicatorState O ===>> OK
change switch state (True, True)
update switch state O True args=() kw={} ncanvase=2
19:39:56 -- OPEN   VALVE-O (Jan Ion Pump)
---------------------------------------- open O () result=[(True, True)], time=0.11 sec
action=open, ok=True, locked=[False]
executed snippet estimated_duration=0, duration=0.366040945053
jan_pump_ms.py completed successfully
setting _ms_pumptime
Post Measurement Finished
19:39:56 -- ******* Post Measurement Finished *******
$$$$$$$$$$$$$$$$$$$$ state at run end measurement
state changed from measurement to success
post measurement save measured=True aborted=False
Set filtering
setting fod for Ar40= {'filter_outliers': True, 'std_devs': 2, 'iterations': 1}
setting fod for H1= {'filter_outliers': True, 'std_devs': 2, 'iterations': 1}
setting fod for PM41= {'filter_outliers': False, 'std_devs': 2, 'iterations': 1}
setting fod for H2= {'filter_outliers': True, 'std_devs': 2, 'iterations': 1}
setting fod for Ar36= {'filter_outliers': True, 'std_devs': 2, 'iterations': 1}
setting fod for CDD= {'filter_outliers': True, 'std_devs': 10, 'iterations': 1}
setting fod for Ar37= {'filter_outliers': True, 'std_devs': 2, 'iterations': 1}
setting fod for L2= {'filter_outliers': True, 'std_devs': 2, 'iterations': 1}
setting fod for Ar38= {'filter_outliers': True, 'std_devs': 2, 'iterations': 1}
setting fod for L1= {'filter_outliers': True, 'std_devs': 2, 'iterations': 1}
setting fod for Ar39= {'filter_outliers': True, 'std_devs': 2, 'iterations': 1}
setting fod for AX= {'filter_outliers': True, 'std_devs': 2, 'iterations': 1}
persistence save...
persistence save - db
post measurement save
7123447632 connecting to database sqlite:////Users/jan/PychronDev/.appdata/local_lab.db
connected to db sqlite:////Users/jan/PychronDev/.appdata/local_lab.db
create new session 7123447632
close session 7123447632
No database instance. Not saving post measurement to isotopedb database
$$$$$$$$$$$$$$$ auto_save_detector_ic=False
massspec enabled True
create new session 4985539184
MassSpec Database Version: 16.0
close session 4985539184
saving post measurement to secondary database
saving to massspec database 129.138.12.160/massspecdata
setting labnumber to 65584
setting aliquot to 23
setting step to C
setting uuid to f7177e32-2a69-4030-af70-362857ea5b3f
setting irradpos to 65584
setting extract_device to Fusions CO2
setting tray to 
setting position to 220
setting power_requested to 5.0
setting extract_value to 5.0
setting duration to 30.0
setting duration_at_request to 30.0
setting first_stage_delay to 30.0
setting cleanup to 30.0
setting comment to O:9
setting irradiation to NM-289
setting level to O
setting irradiation_level to O
setting sample to BW-102
setting material to 
setting project to 
setting mass_spectrometer to jan
no attribute chron_dosages
no attribute production_ratios
no attribute interference_corrections
no attribute production_name
no attribute j
Reference Isotope=Ar40
Reference Detector=H1
%%%%%%%%%%%%%%%%%%%% Comment: O:9 %%%%%%%%%%%%%%%%%%%
adding isotope PM41 H2
add baseline dbdet= PM41. original det= H2
get baseline data PM41 H2
Get data baseline <pychron.processing.isotope.Baseline object at 0x19b166410> len t=60
baseline PM41. v=-0.20611083411, e=0.00765114253054
get signal data PM41 H2
Get data signal PM41 0.10+/-0.07 len t=120
adding isotope Ar40 H1
add baseline dbdet= Ar40. original det= H1
get baseline data Ar40 H1
Get data baseline <pychron.processing.isotope.Baseline object at 0x19b1662d0> len t=60
baseline Ar40. v=-0.0282960576137, e=0.00470953690322
get signal data Ar40 H1
Get data signal Ar40 520.60+/-0.04 len t=120
adding isotope Ar39 AX
add baseline dbdet= Ar39. original det= AX
get baseline data Ar39 AX
Get data baseline <pychron.processing.isotope.Baseline object at 0x19b166990> len t=60
baseline Ar39. v=-0.0702398222842, e=0.00710945244175
get signal data Ar39 AX
Get data signal Ar39 101.617+/-0.018 len t=120
adding isotope Ar38 L1
add baseline dbdet= Ar38. original det= L1
get baseline data Ar38 L1
Get data baseline <pychron.processing.isotope.Baseline object at 0x19b1663d0> len t=60
baseline Ar38. v=-0.0255732642178, e=0.00284749164262
get signal data Ar38 L1
Get data signal Ar38 1.308+/-0.005 len t=120
adding isotope Ar37 L2
add baseline dbdet= Ar37. original det= L2
get baseline data Ar37 L2
Get data baseline <pychron.processing.isotope.Baseline object at 0x19b166dd0> len t=60
baseline Ar37. v=-0.0312534091778, e=0.00665163120847
get signal data Ar37 L2
Get data signal Ar37 1.013+/-0.010 len t=120
adding isotope Ar36 CDD
add baseline dbdet= Ar36. original det= CDD
get baseline data Ar36 CDD
Get data baseline <pychron.processing.isotope.Baseline object at 0x19b1664d0> len t=60
baseline Ar36. v=0.00011661123991, e=1.90849698044e-05
get signal data Ar36 CDD
Get data signal Ar36 0.01665+/-0.00034 len t=120
65584-23C added analysis time 0.444628000259s
analysis added to mass spec database
mass spec save time= 0.456
persistence save - dvc
================= post measurement started
create new session 4989601072
close session 4989601072
---------------- Experiment Queue saving disabled
DVC saving peakcenter
Failed to find a valid peak. No peak greater than 1.0. max = 0.0238137286555
Smart pull ahead: 0 behind: 0
Up-to-date with origin
add to repo msg=modified - ad8224ebc6dbfeb9f5997218dfa5fe690569839d.json
add to repo msg=modified - 84-23C.json
add to repo msg=modified - 84-23C.dat.json
add to repo msg=modified - 84-23C.blan.json
add to repo msg=modified - 84-23C.inte.json
add to repo msg=modified - 84-23C.icfa.json
add to repo msg=modified - 84-23C.base.json
not at valid file /Users/jan/PychronDev/data/.dvc/repositories/Load1791/655/tags/84-23C.tags.json
add to repo msg=modified - 84-23C.peak.json
add to repo msg=modified - 84-23C.extr.json
not at valid file /Users/jan/PychronDev/data/.dvc/repositories/Load1791/655/monitor/84-23C.moni.json
commit message=<COLLECTION>
add to repo msg=modified - 84-23C.inte.json
add to repo msg=modified - 84-23C.base.json
commit message=<ISOEVO> default collection fits
add to repo msg=modified - 84-23C.blan.json
commit message=<BLANKS> preceding bu-FC-J-7755
add to repo msg=modified - 84-23C.icfa.json
commit message=<ICFactor> default
push repository <pychron.git_archive.repo_manager.GitRepoManager object at 0x1639538f0>
pushing to remote=origin, url=https://github.com
no changes to meta repo
create new session 4989601072
add association Load1791
get identifier "65584"
setting analysis irradiation position=<pychron.dvc.dvc_orm.IrradiationPositionTbl object at 0x1ac4cb350>
close session 4989601072
================= post measurement finished
19:40:08 -- ******* Post Run Check *******
loading queue conditionals post_run_actions
loading system conditionals post_run_actions
loading conditionals from /Users/jan/PychronDev/setupfiles/spectrometer/default_conditionals.yaml
loading queue conditionals post_run_terminations
loading system conditionals post_run_terminations
loading conditionals from /Users/jan/PychronDev/setupfiles/spectrometer/default_conditionals.yaml
Checking default post run terminations n=1
GetDeflection CDD ===>> 50
testing CDD==2000
evaluate ot="CDD.deflection==2000" t="CDD==2000", ctx="{'CDD': 50.0}"
19:40:08 -- ******* Post Run Check Passed *******
19:40:08 -- Automated run 65584-23C success duration: 361.412 s
----------------- finish -----------------
----------------- stop -----------------
retroactive repository identifiers disabled
finish run. runs completed=30
update duration runid=65584-23C, duration=361.411746025, md5=301e91d8
write rem/ex queues
/Users/jan/PychronDev/experiments/rem/CurrentExperiment.rem.txt
/Users/jan/PychronDev/experiments/rem/CurrentExperiment.ex.txt
doing event level: 3
