do run
loading script "jan_unknown120_60.py"
loading script "jan_pump_ms.py"
loading script "jan_co2.py"
loading script "jan_pump_extraction_line.py"
testing...
no interpolation path defined
executed snippet estimated_duration=213.652928, duration=0.000281095504761
script duration name:unknown120_60 seconds:214.0
loading script "jan_unknown120_60.py"
loading script "jan_pump_ms.py"
loading script "jan_co2.py"
loading script "jan_pump_extraction_line.py"
testing...
no interpolation path defined
executed snippet estimated_duration=0, duration=2.78949737549e-05
loading script "jan_unknown120_60.py"
loading script "jan_pump_ms.py"
loading script "jan_co2.py"
loading script "jan_pump_extraction_line.py"
testing...
no interpolation path defined
calculate duration
testing...
no interpolation path defined
executed snippet estimated_duration=0, duration=6.103515625e-05
calculate duration
testing...
no interpolation path defined
executed snippet estimated_duration=0, duration=9.3936920166e-05
executed snippet estimated_duration=0.0, duration=0.00750994682312
script duration name:co2 seconds:0.0
loading script "jan_unknown120_60.py"
loading script "jan_pump_ms.py"
loading script "jan_co2.py"
loading script "jan_pump_extraction_line.py"
testing...
no interpolation path defined
calculate duration
testing...
no interpolation path defined
executed snippet estimated_duration=4.0, duration=0.000182151794434
executed snippet estimated_duration=4.0, duration=0.00158405303955
Script duration 214.0
Run total estimated duration= 215.000
run duration: 0:03:35
doing event level: 2
21:51:24 -- Setting default integration. t=1.048576
setting integration time = 1.048576
SetIntegrationTime 1.048576 ===>> OK
----------------- start -----------------
**************** Experiment Type: Ar/Ar, Ar/Ar
create new session 4436069840
close session 4436069840
$$$$$ Clearing conditionals
adding conditionals 
Add queue conditionals
add default conditionals
adding default conditionals from /Users/jan/PychronDev/setupfiles/spectrometer/default_conditionals.yaml
Start automated run 65584-24C
loading script "jan_unknown120_60.py"
loading script "jan_pump_ms.py"
loading script "jan_co2.py"
loading script "jan_pump_extraction_line.py"
%%%%%%%%%%%%%%%%%% setting automated run 65584-24C
No value "sensitivity_multiplier" in metadata
$$$$$$$$$$$$$$$ auto_save_detector_ic=False
============================= Pre Extraction Check =============================
loading queue conditionals pre_run_terminations
loading system conditionals pre_run_terminations
loading conditionals from /Users/jan/PychronDev/setupfiles/spectrometer/default_conditionals.yaml
21:51:24 -- ******* Pre Extraction Check *******
Get a measurement from the spectrometer
GetData ===>> H2,-0.168239672177605,H1,-0.056122761582844,AX,-0.0929006943435897,L1,-0.0376511247273885,L2,-0.1...
Pre Extraction Termination data. keys=H2,H1,AX,L1,L2,CDD, signals=-0.16824,-0.05612,-0.09290,-0.03765,-0.13739,0.00238
21:51:24 -- testing system defined conditionals
Checking default pre extraction terminations n=2
testing CDD
evaluate ot="CDD.inactive" t="CDD", ctx="{'CDD': False}"
GetDeflection CDD ===>> 50
testing CDD==2000
evaluate ot="CDD.deflection==2000" t="CDD==2000", ctx="{'CDD': 50.0}"
21:51:24 -- ******* Pre Extraction Check Passed *******
=================================================================================
21:51:24 -- stopping status monitor
stop 4982387056
Alive clients [4989850544]
21:51:24 -- starting status monitor
start 4982387056
Monitor already running
start extraction
do extraction
Analysis started at 21:51:24.947928
Extraction Started jan_co2.py
21:51:24 -- ******* Extraction Started jan_co2.py *******
state changed from not run to extraction
DO EXTRACTION <pychron.extraction_line.pyscript_runner.RemotePyScriptRunner object at 0x12c299590>
testing...
no interpolation path defined
calculate duration
testing...
no interpolation path defined
executed snippet estimated_duration=0, duration=4.10079956055e-05
calculate duration
testing...
no interpolation path defined
executed snippet estimated_duration=0, duration=7.41481781006e-05
executed snippet estimated_duration=100.0, duration=0.00186610221863
Jan CO2 laser analysis
doing GOSUB
testing...
no interpolation path defined
executed snippet estimated_duration=0, duration=3.48091125488e-05
Waiting for CO2 access
wait ('FelixCO2Flag', 0) {}
waiting for FelixCO2Flag = 0
Read FelixCO2Flag ===>> 0
finished waiting
CO2 free
wait ('CO2PumpTimeFlag', 0) {}
waiting for CO2PumpTimeFlag = 0
Read CO2PumpTimeFlag ===>> 0
finished waiting
acquire ('JanCO2Flag',) {'clear': True}
acquire JanCO2Flag
Set JanCO2Flag 1 ===>> OK
JanCO2Flag acquired
set extraction state False (0.75, 'red', 1.5)
CO2 acquired
executed snippet estimated_duration=0, duration=0.0148460865021
WaitForCO2Access.py completed successfully
gosub finished
doing GOSUB
testing...
no interpolation path defined
executed snippet estimated_duration=0, duration=8.79764556885e-05
Prepare for CO2 analysis
close () {'description': 'Jan Inlet'}
closing name=--- desc=Jan Inlet
checking ownership. requestor=129.138.12.150
check software interlocks R
interlocks []
actuate state mode=None-script, software_lock=False
doing actuation None-script close_channel False
Close R ===>> OK
GetIndicatorState R ===>> False
change switch state (True, True)
update switch state R False args=() kw={} ncanvase=2
21:51:25 -- CLOSE  VALVE-R (Jan Inlet)
---------------------------------------- close None (Jan Inlet) result=[(True, True)]
action=close, ok=True, locked=[False]
open () {'description': 'Jan Ion Pump'}
opening name=--- desc=Jan Ion Pump
checking ownership. requestor=129.138.12.150
check software interlocks O
interlocks []
actuate state mode=None-script, software_lock=False
doing actuation None-script open_channel False
Open O ===>> OK
GetIndicatorState O ===>> OK
change switch state (True, True)
update switch state O True args=() kw={} ncanvase=2
21:51:25 -- OPEN   VALVE-O (Jan Ion Pump)
---------------------------------------- open None (Jan Ion Pump) result=[(True, True)], time=0.12 sec
action=open, ok=True, locked=[False]
close () {'description': 'Microbone to Minibone'}
closing name=--- desc=Microbone to Minibone
checking ownership. requestor=129.138.12.150
check software interlocks L
interlocks []
actuate state mode=None-script, software_lock=False
doing actuation None-script close_channel False
Close L ===>> OK
GetIndicatorState L ===>> False
change switch state (True, True)
update switch state L False args=() kw={} ncanvase=2
21:51:26 -- CLOSE  VALVE-L (Microbone to Minibone)
---------------------------------------- close None (Microbone to Minibone) result=[(True, True)]
action=close, ok=True, locked=[False]
open () {'description': 'Microbone to Turbo'}
opening name=--- desc=Microbone to Turbo
checking ownership. requestor=129.138.12.150
check software interlocks U
interlocks []
actuate state mode=None-script, software_lock=False
doing actuation None-script open_channel False
Open U ===>> OK
GetIndicatorState U ===>> OK
change switch state (True, True)
update switch state U True args=() kw={} ncanvase=2
21:51:26 -- OPEN   VALVE-U (Microbone to Turbo)
---------------------------------------- open None (Microbone to Turbo) result=[(True, True)], time=0.14 sec
action=open, ok=True, locked=[False]
open () {'description': 'Microbone to Inlet Pipette'}
opening name=--- desc=Microbone to Inlet Pipette
checking ownership. requestor=129.138.12.150
check software interlocks S
interlocks []
actuate state mode=None-script, software_lock=False
doing actuation None-script open_channel False
Open S ===>> OK
GetIndicatorState S ===>> OK
change switch state (True, True)
update switch state S True args=() kw={} ncanvase=2
21:51:27 -- OPEN   VALVE-S (Microbone to Inlet Pipette)
---------------------------------------- open None (Microbone to Inlet Pipette) result=[(True, True)], time=0.42 sec
action=open, ok=True, locked=[False]
open () {'description': 'Microbone to Getter D-50'}
opening name=--- desc=Microbone to Getter D-50
checking ownership. requestor=129.138.12.150
check software interlocks K
interlocks []
actuate state mode=None-script, software_lock=False
doing actuation None-script open_channel False
Open K ===>> OK
GetIndicatorState K ===>> OK
change switch state (True, True)
update switch state K True args=() kw={} ncanvase=2
21:51:28 -- OPEN   VALVE-K (Microbone to Getter D-50)
---------------------------------------- open None (Microbone to Getter D-50) result=[(True, True)], time=0.43 sec
action=open, ok=True, locked=[False]
open () {'description': 'Microbone to Getter NP-10'}
opening name=--- desc=Microbone to Getter NP-10
checking ownership. requestor=129.138.12.150
check software interlocks M
interlocks []
actuate state mode=None-script, software_lock=False
doing actuation None-script open_channel False
Open M ===>> OK
GetIndicatorState M ===>> OK
change switch state (True, True)
update switch state M True args=() kw={} ncanvase=2
21:51:28 -- OPEN   VALVE-M (Microbone to Getter NP-10)
---------------------------------------- open None (Microbone to Getter NP-10) result=[(True, True)], time=0.15 sec
action=open, ok=True, locked=[False]
close () {'description': 'CO2 Laser to Felix'}
closing name=--- desc=CO2 Laser to Felix
checking ownership. requestor=129.138.12.150
check software interlocks F
interlocks []
actuate state mode=None-script, software_lock=True
VALVE-F(CO2 Laser to Felix) software locked
change switch state (True, False)
---------------------------------------- close None (CO2 Laser to Felix) result=[(True, False)]
action=close, ok=True, locked=[True]
open () {'description': 'CO2 Laser to Jan'}
opening name=--- desc=CO2 Laser to Jan
checking ownership. requestor=129.138.12.150
check software interlocks A
interlocks []
actuate state mode=None-script, software_lock=False
doing actuation None-script open_channel False
Open A ===>> OK
GetIndicatorState A ===>> OK
change switch state (True, True)
update switch state A True args=() kw={} ncanvase=2
21:51:29 -- OPEN   VALVE-A (CO2 Laser to Jan)
---------------------------------------- open None (CO2 Laser to Jan) result=[(True, True)], time=0.14 sec
action=open, ok=True, locked=[False]
open () {'description': 'Microbone to CO2 Laser'}
opening name=--- desc=Microbone to CO2 Laser
checking ownership. requestor=129.138.12.150
check software interlocks T
interlocks []
actuate state mode=None-script, software_lock=False
doing actuation None-script open_channel False
Open T ===>> OK
GetIndicatorState T ===>> OK
change switch state (True, True)
update switch state T True args=() kw={} ncanvase=2
21:51:29 -- OPEN   VALVE-T (Microbone to CO2 Laser)
---------------------------------------- open None (Microbone to CO2 Laser) result=[(True, True)], time=0.44 sec
action=open, ok=True, locked=[False]
executed snippet estimated_duration=0, duration=4.98707795143
PrepareForCO2Analysis.py completed successfully
gosub finished
set_motor ('beam', '1.25') {}
setting motor "beam" to 1.25
set motor beam to 1.25
SetMotor beam,1.25 ===>> OK
GetMotorMoving beam ===>> False
GetMotorMoving beam ===>> False
Block completed
move_to_position ('221',) {'autocenter': True}
FusionsCO2 move to position 221
sending GoToHole 221,True
GoToHole 221,True ===>> OK
GetDriveMoving ===>> False
GetDriveMoving ===>> False
Block completed
GetAutoCorrecting ===>> OK
GetAutoCorrecting ===>> OK
GetAutoCorrecting ===>> False
GetAutoCorrecting ===>> False
Block completed
update position
GetPosition ===>> 3.98780,-15.95120,1.00000
got position (3.9878, -15.9512, 1.0)
move to position succeeded
sleep (5,) {}
SLEEP 5.0
block started
WaitControl setup for 5.0  
Join finished
block finished. duration 5.06454801559
close () {'description': 'Microbone to Turbo'}
closing name=--- desc=Microbone to Turbo
checking ownership. requestor=129.138.12.150
check software interlocks U
interlocks []
actuate state mode=None-script, software_lock=False
doing actuation None-script close_channel True
Close U ===>> OK
GetIndicatorState U ===>> False
change switch state (True, True)
update switch state U False args=() kw={} ncanvase=2
21:51:39 -- CLOSE  VALVE-U (Microbone to Turbo)
---------------------------------------- close None (Microbone to Turbo) result=[(True, True)]
action=close, ok=True, locked=[False]
enable laser
enable () {}
set extraction state FusionsCO2 Enabled (False, 'red', 1.5)
enabling laser
Enable ===>> OK
begin interval
BEGIN INTERVAL Interval 1 waiting for 30.0
block started
WaitControl setup for 30.0  
set extract to 5.0
extract (5.0,) {}
GetPosition ===>> 3.98780,-15.95120,1.00000
set extraction state FusionsCO2 ON! 5.0(watts) (0.75, 'red', 1.5)
extract sample to 5.0 (watts)
set laser output
SetLaserOutput 5.0,watts ===>> OK
executing pattern triangle.lp
execute_pattern ('triangle.lp',) {}
executing pattern triangle.lp
IsPatterning ===>> OK
IsPatterning ===>> OK
IsPatterning ===>> OK
IsPatterning ===>> OK
IsPatterning ===>> OK
IsPatterning ===>> OK
IsPatterning ===>> OK
IsPatterning ===>> OK
IsPatterning ===>> OK
IsPatterning ===>> OK
IsPatterning ===>> OK
IsPatterning ===>> OK
IsPatterning ===>> OK
IsPatterning ===>> OK
IsPatterning ===>> OK
IsPatterning ===>> OK
IsPatterning ===>> OK
IsPatterning ===>> OK
IsPatterning ===>> OK
IsPatterning ===>> OK
IsPatterning ===>> OK
IsPatterning ===>> OK
IsPatterning ===>> OK
IsPatterning ===>> OK
IsPatterning ===>> OK
IsPatterning ===>> OK
IsPatterning ===>> False
IsPatterning ===>> False
Block completed
COMPLETE INTERVAL waiting for Interval 1 to complete
Join finished
block finished. duration 30.1595799923
Interval 1 finished
end_extract () {}
ending extraction. set laser power to 0
set laser power 0
SetLaserPower 0 ===>> OK
disable () {}
%%%%%%%%%%%%%%%%%%%%%%%%%%%%%%%%%%% disable
set extraction state False (0.75, 'red', 1.5)
disabling laser
Disable ===>> OK
sleep (30.0,) {}
SLEEP 30.0
block started
WaitControl setup for 30.0  
Join finished
block finished. duration 30.1579780579
executed snippet estimated_duration=166.0, duration=75.5378258228
jan_co2.py completed successfully
GetAchievedOutput ===>> No Response
Requested Output= 0.000
Achieved Output=  0.000
GetResponseBlob ===>> No Response
GetOutputBlob ===>> No Response
persistence save...
persistence save - db
AutomatedRunPersister post_extraction_save deprecated
persistence save - dvc
no extraction position for 221
create new session 4989601072
close session 4989601072
Extraction Finished
21:52:40 -- ******* Extraction Finished *******
no overlap. not waiting for min ms pumptime
21:52:40 -- Sending spectrometer configuration
======== Sending configuration ========
SetDeflection CDD,50.0 ===>> OK
SetDeflection H2,0.0 ===>> OK
SetDeflection H1,0.0 ===>> OK
SetDeflection L2,825.0 ===>> OK
SetDeflection L1,400.0 ===>> OK
SetDeflection AX,190.0 ===>> OK
SetZFocus 74.64 ===>> OK
SetZSymmetry -50.72 ===>> OK
SetExtractionLens 26.13 ===>> OK
SetIonRepeller -3.81 ===>> OK
SetElectronEnergy 75.08 ===>> OK
SetYSymmetry -2.81 ===>> OK
SetIonCounterVoltage 1590.0 ===>> OK
send trap current 200.0
GetParameter Trap Current Readback ===>> 198.147042666178
SetParameter Trap Current Set,200.0 ===>> OK
updating mftable name mftable
Using mftable located at /Users/jan/PychronDev/setupfiles/spectrometer/mftables/mftable.csv
============ MFtable ===========
Isotope  H2     H1     AX     L1     L2     CDD    
Ar40     5.8090 5.8796 5.9929 6.1489 6.2312 6.3772
Ar39     5.7082 5.7719 5.8853 6.0350 6.1163 6.2637
Ar36     5.3858 5.4409 5.5487 5.6939 5.7713 5.9147
================================
get initial guess parabolic
get initial guess parabolic
get initial guess parabolic
get initial guess parabolic
get initial guess parabolic
get initial guess parabolic
======== Configuration Finished ========
GetYSymmetry ===>> -2.81
GetZSymmetry ===>> -50.72
GetParameter Trap Current Readback ===>> 198.147042666178
GetHighVoltage ===>> 4499.94659342336
start measurement
do measurement
L#=65584 analysis type=unknown
Measurement Started jan_unknown120_60.py
21:52:40 -- ******* Measurement Started jan_unknown120_60.py *******
state changed from extraction to measurement
setting spec, defl, and gains
GetExtractionLens ===>> 26.13
GetYSymmetry ===>> -2.81
GetZSymmetry ===>> -50.72
GetZFocus ===>> 74.64
GetDeflection H2 ===>> 0
GetDeflection H1 ===>> 0
GetDeflection AX ===>> 190
GetDeflection L1 ===>> 400
GetDeflection L2 ===>> 825
GetDeflection CDD ===>> 50
GetGain H2 ===>> 0.0113
GetGain H1 ===>> 0.1
GetGain AX ===>> 0.097049
GetGain L1 ===>> 0.010355
GetGain L2 ===>> 0.095649
GetGain CDD ===>> 0
pre measurement save
New frame /Users/jan/PychronDev/data/isotopes/46/b5da29-f8e6-49b3-a079-29d26c39a50b.h5
flush and close file /Users/jan/PychronDev/data/isotopes/46/b5da29-f8e6-49b3-a079-29d26c39a50b.h5
testing...
no interpolation path defined
executed snippet estimated_duration=226.132928, duration=0.00011682510376
unknown measurement script
activate_detectors ('H2', 'H1', 'AX', 'L1', 'L2', 'CDD') {}
activate detectors
*************** Set Analysis View Ar/Ar
create graphs
clearing graphs
clear isotope group
setting isotope det=H2, iso=PM41
setting isotope det=H1, iso=Ar40
setting isotope det=AX, iso=Ar39
setting isotope det=L1, iso=Ar38
setting isotope det=L2, iso=Ar37
setting isotope det=CDD, iso=Ar36
setting previous blanks
 - setting Ar40 blank 0.886+/-0.007
 - setting Ar36 blank 0.00731+/-0.00020
 - setting Ar37 blank 0.055+/-0.005
 - setting Ar38 blank 0.0077+/-0.0022
 - setting PM41 blank 0.01+/-0.06
 - setting Ar39 blank 0.032+/-0.009
load analysis view
position_magnet ('Ar40',) {'detector': 'H1'}
detector Detector(H1)
POSITION Ar40 H1
setting detector H2 to PM41 (40.9624)
setting detector H1 to Ar40 (39.9624)
setting detector AX to Ar39 (38.9624)
setting detector L1 to Ar38 (37.9624)
setting detector L2 to Ar37 (36.9624)
setting detector CDD to Ar36 (35.9624)
Mapping mass to dac mass func: "parabolic"
H1 map mass coeffs = [-0.00063987  0.15840543  0.57121999]
H1 map mass to dac 39.9624 >> 5.87961
GetDeflection H1 ===>> 0
GetHighVoltage ===>> 4499.94659342336
positioning Ar40 (5.87957537553) on H1
setting magnet DAC
current  : 5.879576
requested: 5.879575
Delta Dac: 0.000000
Checking detector protection. dv=0.00000
Checking detector "CDD". Protection Threshold: 0.1 (V)
SetMagnetDAC 5.87957537553 ===>> OK
Magnet settling time: 0.500
equilibrate () {'delay': 3, 'inlet': 'R', 'outlet': 'O', 'eqtime': 12.0}
Equilibration Started
21:52:42 -- ******* Equilibration Started *******
checking ownership. requestor=129.138.12.150
check software interlocks O
interlocks []
actuate state mode=None-script, software_lock=False
doing actuation None-script close_channel True
Close O ===>> OK
GetIndicatorState O ===>> False
change switch state (True, True)
update switch state O False args=() kw={} ncanvase=2
21:52:42 -- CLOSE  VALVE-O (Jan Ion Pump)
waiting 3s before opening inlet value ('R',)
update labels <pychron.experiment.plot_panel.PlotPanel object at 0x15fa05e90>
update labels "<pychron.graph.stacked_regression_graph.StackedRegressionGraph object at 0x18ef50950>"
setting label 0 H2 PM41
setting label 1 H1 Ar40
setting label 2 AX Ar39
setting label 3 L1 Ar38
setting label 4 L2 Ar37
setting label 5 CDD Ar36
update labels "<pychron.graph.stacked_graph.StackedGraph object at 0x1a226d650>"
setting label 0 H2 PM41
setting label 1 H1 Ar40
setting label 2 AX Ar39
setting label 3 L1 Ar38
setting label 4 L2 Ar37
setting label 5 CDD Ar36
checking ownership. requestor=129.138.12.150
check software interlocks R
interlocks []
actuate state mode=None-script, software_lock=False
doing actuation None-script open_channel True
Open R ===>> OK
set states for children of R. state=True
handle state [('R', True)]
update switch state R True args=() kw={'refresh': False} ncanvase=2
refresh_canvas_needed fired
GetIndicatorState R ===>> OK
change switch state (True, True)
update switch state R True args=() kw={} ncanvase=2
21:52:46 -- OPEN   VALVE-R (Jan Inlet)
equilibrating for 12.0sec
set_time_zero () {}
sniff (12.0,) {}
py_sniff
build tables- sniff [Detector(H2), Detector(H1), Detector(AX), Detector(L1), Detector(L2), Detector(CDD)]
add group /sniff/PM41 (Group) '' table H2
add group /sniff/Ar40 (Group) '' table H1
add group /sniff/Ar39 (Group) '' table AX
add group /sniff/Ar38 (Group) '' table L1
add group /sniff/Ar37 (Group) '' table L2
add group /sniff/Ar36 (Group) '' table CDD
flush and close file /Users/jan/PychronDev/data/isotopes/46/b5da29-f8e6-49b3-a079-29d26c39a50b.h5
measuring sniff. ncounts=12.0
"sniff" increment series count="1" fit count="0" regressing="False"
starting measurement
GetData ===>> H2,-0.144091762876609,H1,-0.0154369823463839,AX,0.0550922103853197,L1,-0.0164502145914592,L2,-0.0...
GetData ===>> H2,0.313097615565626,H1,82.410767134127,AX,17.9381182316416,L1,0.0850822071218831,L2,0.4360421607...
GetData ===>> H2,0.624133278101768,H1,238.010402491392,AX,48.511144875623,L1,0.43758939185615,L2,0.840160108191...
GetData ===>> H2,0.112311830452913,H1,292.488531507774,AX,57.8347938513094,L1,0.625030040236773,L2,0.8360634474...
GetData ===>> H2,0.0135486195484968,H1,310.750497379269,AX,60.6722776306078,L1,0.724773204980222,L2,0.757117568...
GetData ===>> H2,-0.0674905376115652,H1,318.043325776015,AX,61.8993611293203,L1,0.767516672320026,L2,0.83147493...
GetData ===>> H2,-0.0528421288453446,H1,320.812866557677,AX,62.1456963211707,L1,0.806905613388385,L2,0.82939244...
GetData ===>> H2,-0.131985789659012,H1,322.358831375367,AX,62.2558400994023,L1,0.79854678421334,L2,0.7712409954...
GetData ===>> H2,-0.114910396685969,H1,322.739918349044,AX,62.2812626829703,L1,0.779047088416799,L2,0.843776300...
GetData ===>> H2,-0.00932235800173149,H1,322.88758022174,AX,62.3431642110174,L1,0.818901117492093,L2,0.67889264...
GetData ===>> H2,-0.0111357919538006,H1,323.006753066171,AX,62.3902495447351,L1,0.769141247936364,L2,0.78939619...
Equilibration Finished
21:52:58 -- ******* Equilibration Finished *******
checking ownership. requestor=129.138.12.150
check software interlocks R
interlocks []
actuate state mode=None-script, software_lock=False
doing actuation None-script close_channel True
GetData ===>> H2,-0.156838316305681,H1,322.930633125977,AX,62.3896827026208,L1,0.812389883974718,L2,0.915590472...
Close R ===>> OK
GetIndicatorState R ===>> False
change switch state (True, True)
update switch state R False args=() kw={} ncanvase=2
21:52:58 -- CLOSE  VALVE-R (Jan Inlet)
Post Equilibration Started jan_pump_extraction_line.py
21:52:58 -- ******* Post Equilibration Started jan_pump_extraction_line.py *******
testing...
no interpolation path defined
calculate duration
testing...
no interpolation path defined
executed snippet estimated_duration=4.0, duration=0.000217914581299
executed snippet estimated_duration=4.0, duration=0.00213694572449
Pump after analysis
doing GOSUB
testing...
no interpolation path defined
executed snippet estimated_duration=4.0, duration=0.00014591217041
Pump Microbone
close () {'description': 'Jan Inlet'}
closing name=--- desc=Jan Inlet
checking ownership. requestor=129.138.12.150
check software interlocks R
interlocks []
actuate state mode=None-script, software_lock=False
doing actuation None-script close_channel False
Close R ===>> OK
measurement finished
estimated time: 12.583 actual time: :12.685
flush and close file /Users/jan/PychronDev/data/isotopes/46/b5da29-f8e6-49b3-a079-29d26c39a50b.h5
set_fits () {}
using default fits file=/Users/jan/PychronDev/scripts/measurement/fits/nominal_linear.yaml
set "Ar40" to "('Linear', 'SEM')"
No fit for "PM41". defaulting to linear. check the measurement script "jan_unknown120_60.py"
set "PM41" to "linear"
set "Ar36" to "('Linear', 'SEM')"
set "Ar37" to "('linear', 'SEM')"
set "Ar38" to "('linear', 'SEM')"
set "Ar39" to "('Linear', 'SEM')"
set_baseline_fits () {}
using default fits file=/Users/jan/PychronDev/scripts/measurement/fits/nominal_linear.yaml
set "H1" to "('average', 'SEM')"
set "H2" to "('average', 'SEM')"
set "CDD" to "('average', 'SEM')"
set "L2" to "('average', 'SEM')"
set "L1" to "('average', 'SEM')"
set "AX" to "('average', 'SEM')"
multicollect () {'integration_time': 1, 'ncounts': 120}
build tables- signal [Detector(H2), Detector(H1), Detector(AX), Detector(L1), Detector(L2), Detector(CDD)]
add group /signal/PM41 (Group) '' table H2
add group /signal/Ar40 (Group) '' table H1
GetIndicatorState R ===>> False
add group /signal/Ar39 (Group) '' table AX
change switch state (True, True)
add group /signal/Ar38 (Group) '' table L1
update switch state R False args=() kw={} ncanvase=2
add group /signal/Ar37 (Group) '' table L2
add group /signal/Ar36 (Group) '' table CDD
flush and close file /Users/jan/PychronDev/data/isotopes/46/b5da29-f8e6-49b3-a079-29d26c39a50b.h5
measuring signal. ncounts=120
21:52:59 -- CLOSE  VALVE-R (Jan Inlet)
---------------------------------------- close None (Jan Inlet) result=[(True, True)]
action=close, ok=True, locked=[False]
is_closed ('F',) {}
is F () closed?
is closed True
open () {'description': 'CO2 Laser to Jan'}
opening name=--- desc=CO2 Laser to Jan
checking ownership. requestor=129.138.12.150
check software interlocks A
interlocks []
actuate state mode=None-script, software_lock=False
doing actuation None-script open_channel False
Open A ===>> OK
GetIndicatorState A ===>> OK
change switch state (True, True)
update switch state A True args=() kw={} ncanvase=2
21:52:59 -- OPEN   VALVE-A (CO2 Laser to Jan)
---------------------------------------- open None (CO2 Laser to Jan) result=[(True, True)], time=0.13 sec
starting measurement
GetData ===>> H2,-0.0605425614320241,H1,323.126650103318,AX,62.3503775332251,L1,0.796949385578388,L2,0.83355747...
action=open, ok=True, locked=[False]
sleep (1,) {}
SLEEP 1.0
"signal" increment series count="2" fit count="1" regressing="True"
GetData ===>> H2,-0.140718800133191,H1,322.790786805378,AX,62.381716537338,L1,0.793200583026493,L2,0.8473468512...
close () {'description': 'CO2 Laser to Roughing'}
closing name=--- desc=CO2 Laser to Roughing
checking ownership. requestor=129.138.12.150
check software interlocks G
interlocks []
actuate state mode=None-script, software_lock=True
VALVE-G(CO2 Laser to Roughing) software locked
change switch state (True, False)
---------------------------------------- close None (CO2 Laser to Roughing) result=[(True, False)]
action=close, ok=True, locked=[True]
open () {'description': 'Microbone to Turbo'}
opening name=--- desc=Microbone to Turbo
checking ownership. requestor=129.138.12.150
check software interlocks U
interlocks []
actuate state mode=None-script, software_lock=False
doing actuation None-script open_channel True
Open U ===>> OK
GetIndicatorState U ===>> OK
change switch state (True, True)
update switch state U True args=() kw={} ncanvase=2
21:53:01 -- OPEN   VALVE-U (Microbone to Turbo)
---------------------------------------- open None (Microbone to Turbo) result=[(True, True)], time=0.23 sec
action=open, ok=True, locked=[False]
open () {'description': 'Microbone to Getter NP-10'}
opening name=--- desc=Microbone to Getter NP-10
checking ownership. requestor=129.138.12.150
check software interlocks M
interlocks []
actuate state mode=None-script, software_lock=False
doing actuation None-script open_channel False
Open M ===>> OK
GetIndicatorState M ===>> OK
change switch state (True, True)
update switch state M True args=() kw={} ncanvase=2
21:53:01 -- OPEN   VALVE-M (Microbone to Getter NP-10)
---------------------------------------- open None (Microbone to Getter NP-10) result=[(True, True)], time=0.16 sec
action=open, ok=True, locked=[False]
open () {'description': 'Microbone to Getter D-50'}
opening name=--- desc=Microbone to Getter D-50
checking ownership. requestor=129.138.12.150
check software interlocks K
interlocks []
actuate state mode=None-script, software_lock=False
doing actuation None-script open_channel False
GetData ===>> H2,-0.132230605627417,H1,322.94176381308,AX,62.4653717558701,L1,0.808880269162121,L2,0.8058588285...
Open K ===>> OK
GetIndicatorState K ===>> OK
change switch state (True, True)
update switch state K True args=() kw={} ncanvase=2
21:53:02 -- OPEN   VALVE-K (Microbone to Getter D-50)
---------------------------------------- open None (Microbone to Getter D-50) result=[(True, True)], time=0.42 sec
action=open, ok=True, locked=[False]
open () {'description': 'Microbone to CO2 Laser'}
opening name=--- desc=Microbone to CO2 Laser
checking ownership. requestor=129.138.12.150
check software interlocks T
interlocks []
actuate state mode=None-script, software_lock=False
doing actuation None-script open_channel False
Open T ===>> OK
GetIndicatorState T ===>> OK
change switch state (True, True)
update switch state T True args=() kw={} ncanvase=2
21:53:03 -- OPEN   VALVE-T (Microbone to CO2 Laser)
---------------------------------------- open None (Microbone to CO2 Laser) result=[(True, True)], time=0.44 sec
GetData ===>> H2,-0.182216542631043,H1,322.459804015683,AX,62.3754971438136,L1,0.809006350220456,L2,0.910654607...
action=open, ok=True, locked=[False]
open () {'description': 'Microbone to Inlet Pipette'}
opening name=--- desc=Microbone to Inlet Pipette
checking ownership. requestor=129.138.12.150
check software interlocks S
interlocks []
actuate state mode=None-script, software_lock=False
doing actuation None-script open_channel False
Open S ===>> OK
GetIndicatorState S ===>> OK
change switch state (True, True)
update switch state S True args=() kw={} ncanvase=2
21:53:03 -- OPEN   VALVE-S (Microbone to Inlet Pipette)
---------------------------------------- open None (Microbone to Inlet Pipette) result=[(True, True)], time=0.44 sec
action=open, ok=True, locked=[False]
sleep (1,) {}
SLEEP 1.0
testing H1>-5.0
evaluate ot="H1.bs>-5.0" t="H1>-5.0", ctx="{'H1': None}"
GetData ===>> H2,-0.177407077542259,H1,322.178919607536,AX,62.2407108063372,L1,0.760733309515649,L2,0.834976374...
set_resource () {'name': 'CO2PumpTimeFlag', 'value': 30}
Set CO2PumpTimeFlag 30 ===>> OK
release ('JanCO2Flag',) {}
release JanCO2Flag
Set JanCO2Flag 0 ===>> OK
executed snippet estimated_duration=6.0, duration=6.10692596436
PumpMicrobone.py completed successfully
gosub finished
get_resource_value () {'name': 'JanMiniboneFlag'}
Read JanMiniboneFlag ===>> 0
Get Resource Value JanMiniboneFlag=0.0
get resource value 0.0
get_resource_value () {'name': 'JanMiniboneFlag'}
Read JanMiniboneFlag ===>> 0
Get Resource Value JanMiniboneFlag=0.0
executed snippet estimated_duration=4.0, duration=6.11767601967
jan_pump_extraction_line.py completed successfully
Post Equilibration Finished
21:53:05 -- ******* Post Equilibration Finished *******
GetData ===>> H2,-0.189452529506187,H1,322.336222046428,AX,62.2480352583052,L1,0.797980621294023,L2,0.762473696...
GetData ===>> H2,-0.212935571229423,H1,322.333357092073,AX,62.2138081602801,L1,0.780782828609198,L2,0.692684338...
GetData ===>> H2,-0.216609027964116,H1,322.097331199364,AX,62.2185849973423,L1,0.795202626745328,L2,0.770943397...
GetData ===>> H2,-0.275568680305942,H1,321.918309591916,AX,62.1616266632121,L1,0.818048537490908,L2,0.789796887...
testing H1>-5.0
evaluate ot="H1.bs>-5.0" t="H1>-5.0", ctx="{'H1': None}"
GetData ===>> H2,-0.20409984618442,H1,321.831861681583,AX,62.1110573266205,L1,0.778896330609849,L2,0.7645109350...
GetData ===>> H2,-0.095860525502797,H1,321.40006541456,AX,62.1184769961624,L1,0.789852485672143,L2,0.8358574747...
GetData ===>> H2,-0.0500031711458148,H1,321.47707931384,AX,62.1441661329795,L1,0.804544503719757,L2,0.699569491...
GetData ===>> H2,-0.139091419355209,H1,321.337154486849,AX,62.0927777023284,L1,0.773187588253946,L2,0.637472294...
GetData ===>> H2,-0.129006151823021,H1,321.541182477477,AX,62.1164728782071,L1,0.769166166706052,L2,0.794570944...
testing H1>-5.0
evaluate ot="H1.bs>-5.0" t="H1>-5.0", ctx="{'H1': None}"
GetData ===>> H2,-0.191841479845114,H1,321.578743928762,AX,61.9549444995861,L1,0.797237423057221,L2,0.770851829...
GetData ===>> H2,-0.246416963144372,H1,321.252394641142,AX,62.1364848637698,L1,0.791928080060004,L2,0.736016415...
GetData ===>> H2,-0.164298293279629,H1,321.241175006847,AX,61.94141332662,L1,0.762125239756373,L2,0.80596323845...
GetData ===>> H2,-0.0992079271399558,H1,320.806811813644,AX,61.9390894721288,L1,0.781544252768522,L2,0.79185760...
GetData ===>> H2,-0.273289071399117,H1,320.525397554226,AX,62.0636121769062,L1,0.799661740794654,L2,0.823648657...
testing H1>-5.0
evaluate ot="H1.bs>-5.0" t="H1>-5.0", ctx="{'H1': None}"
GetData ===>> H2,-0.297361776895403,H1,320.564898472237,AX,61.8118638714436,L1,0.799902457296007,L2,0.788354412...
GetData ===>> H2,-0.17895107908824,H1,320.526545571766,AX,61.9550209509447,L1,0.780988445055529,L2,0.8399999002...
GetData ===>> H2,-0.130368543901865,H1,320.476724778902,AX,61.8333858901125,L1,0.773514155200219,L2,0.786705897...
GetData ===>> H2,-0.132835183760103,H1,320.056237639623,AX,61.920179142221,L1,0.771785460592656,L2,0.7262455440...
GetData ===>> H2,-0.138998148764939,H1,320.051834880592,AX,61.9465045496856,L1,0.736891725475388,L2,0.842597589...
testing H1>-5.0
evaluate ot="H1.bs>-5.0" t="H1>-5.0", ctx="{'H1': None}"
21:53:25 -- collecting point 25
GetData ===>> H2,-0.243051688249943,H1,320.101726843143,AX,61.7987812275027,L1,0.75207190066378,L2,0.7691349394...
GetData ===>> H2,-0.239783680319614,H1,320.174222765192,AX,61.8504471016647,L1,0.738728197795557,L2,0.775212868...
GetData ===>> H2,-0.122996429721944,H1,320.14002285187,AX,61.7838203535912,L1,0.767638755886157,L2,0.6731867095...
GetData ===>> H2,-0.213860780736988,H1,319.82867833255,AX,61.7368096427191,L1,0.778920003179529,L2,0.8115786713...
GetData ===>> H2,-0.129503552014696,H1,319.6458817148,AX,61.6492734626099,L1,0.739428305810621,L2,0.78350053187...
testing H1>-5.0
evaluate ot="H1.bs>-5.0" t="H1>-5.0", ctx="{'H1': None}"
GetData ===>> H2,-0.0900110394893346,H1,319.487670094162,AX,61.6997876650945,L1,0.773145210084865,L2,0.77177896...
GetData ===>> H2,-0.0765451295799824,H1,319.370870211495,AX,61.7839426008505,L1,0.80316078146292,L2,0.750960679...
GetData ===>> H2,-0.0255152079199198,H1,319.034115378473,AX,61.6679419627492,L1,0.794706578077789,L2,0.71334127...
GetData ===>> H2,-0.129886048746279,H1,319.156885785055,AX,61.6370227823623,L1,0.771086336515489,L2,0.777238929...
GetData ===>> H2,-0.156142575755657,H1,319.030031250574,AX,61.6153349236447,L1,0.761157841040487,L2,0.774354380...
testing H1>-5.0
evaluate ot="H1.bs>-5.0" t="H1>-5.0", ctx="{'H1': None}"
GetData ===>> H2,-0.153198377537472,H1,318.73831009985,AX,61.6670711130016,L1,0.786332151211045,L2,0.7461887898...
GetData ===>> H2,-0.167209916794573,H1,318.675750138729,AX,61.5090258910347,L1,0.785576612116034,L2,0.747756506...
GetData ===>> H2,-0.141889180495893,H1,318.942144783466,AX,61.5681078029801,L1,0.776014906934429,L2,0.759829929...
GetData ===>> H2,-0.120568654389185,H1,318.896727355684,AX,61.6478222610404,L1,0.796570335345731,L2,0.814690408...
GetData ===>> H2,-0.114106484288072,H1,318.578883672955,AX,61.5978498510602,L1,0.771400375772575,L2,0.797330159...
testing H1>-5.0
evaluate ot="H1.bs>-5.0" t="H1>-5.0", ctx="{'H1': None}"
GetData ===>> H2,-0.152995673986635,H1,318.601458521355,AX,61.5859094520058,L1,0.753170118355091,L2,0.735913439...
GetData ===>> H2,-0.157535364980366,H1,318.451831778282,AX,61.4278574804777,L1,0.781344856470203,L2,0.798360592...
GetData ===>> H2,-0.0613317072935362,H1,318.214546506182,AX,61.3833044793129,L1,0.781813443800201,L2,0.73856799...
GetData ===>> H2,-0.13861154074955,H1,317.832924463704,AX,61.3497931410068,L1,0.764948264977952,L2,0.8406521769...
GetData ===>> H2,-0.288164886741052,H1,317.840801909811,AX,61.4192050512397,L1,0.778644657129064,L2,0.777948633...
testing H1>-5.0
evaluate ot="H1.bs>-5.0" t="H1>-5.0", ctx="{'H1': None}"
GetData ===>> H2,-0.195888481375758,H1,317.620030122726,AX,61.3567783949884,L1,0.759870605033949,L2,0.787885041...
GetData ===>> H2,-0.0818961254811107,H1,317.60253140355,AX,61.3157521579588,L1,0.789520728093163,L2,0.715663461...
GetData ===>> H2,-0.13025096293935,H1,317.232657643939,AX,61.3119529226398,L1,0.76121511054283,L2,0.85770448883...
GetData ===>> H2,-0.138128938129138,H1,317.32723665257,AX,61.203287623784,L1,0.73117290171562,L2,0.765758478649...
GetData ===>> H2,-0.104014706679425,H1,317.432389692888,AX,61.1850104189094,L1,0.726140597460263,L2,0.783626454...
testing H1>-5.0
evaluate ot="H1.bs>-5.0" t="H1>-5.0", ctx="{'H1': None}"
21:53:51 -- collecting point 50
GetData ===>> H2,-0.0572362319884345,H1,317.388552739614,AX,61.3444400711485,L1,0.762877307828949,L2,0.85448835...
GetData ===>> H2,-0.0742896129827809,H1,317.338925067457,AX,61.3102135513317,L1,0.746760497808677,L2,0.68040208...
GetData ===>> H2,-0.138408769040303,H1,317.129427461197,AX,61.2298925588003,L1,0.747683917820934,L2,0.672797940...
GetData ===>> H2,-0.0821751916639041,H1,316.937232110919,AX,61.2495181964037,L1,0.777238138132806,L2,0.70397304...
GetData ===>> H2,-0.125646778143035,H1,316.716330008461,AX,61.1420029801656,L1,0.793377747668897,L2,0.768906023...
testing H1>-5.0
evaluate ot="H1.bs>-5.0" t="H1>-5.0", ctx="{'H1': None}"
GetData ===>> H2,-0.184379056457727,H1,316.41600308177,AX,61.1489514664324,L1,0.753213700803905,L2,0.7733928830...
GetData ===>> H2,-0.100269356691473,H1,316.467392803049,AX,61.2879547369801,L1,0.749264624038306,L2,0.718980961...
GetData ===>> H2,-0.108205273493039,H1,316.474044347021,AX,61.0755587780372,L1,0.783767778967932,L2,0.740947994...
GetData ===>> H2,-0.0699589605379947,H1,316.170708118383,AX,61.0302869693527,L1,0.751532795226444,L2,0.81495353...
GetData ===>> H2,-0.112162784176697,H1,315.863544614925,AX,61.1617370578486,L1,0.751738224733367,L2,0.788858131...
testing H1>-5.0
evaluate ot="H1.bs>-5.0" t="H1>-5.0", ctx="{'H1': None}"
GetData ===>> H2,-0.16976321453798,H1,316.088624795062,AX,61.1505972158345,L1,0.757921379257485,L2,0.7558586931...
GetData ===>> H2,-0.16896570817616,H1,316.131602674681,AX,60.9688886024925,L1,0.773135238775924,L2,0.7825847327...
GetData ===>> H2,-0.210362902349624,H1,315.837495673466,AX,60.8390158435471,L1,0.76609413015005,L2,0.7701879616...
GetData ===>> H2,-0.085203838443165,H1,315.947515083747,AX,61.0123563900689,L1,0.761263665366735,L2,0.764613942...
GetData ===>> H2,-0.132150804317428,H1,315.870034193692,AX,60.9468737372064,L1,0.758665676712177,L2,0.847175187...
testing H1>-5.0
evaluate ot="H1.bs>-5.0" t="H1>-5.0", ctx="{'H1': None}"
GetData ===>> H2,-0.192022113596312,H1,315.75026471111,AX,60.8074006759623,L1,0.772317623798306,L2,0.7550347107...
GetData ===>> H2,-0.143885035604322,H1,315.355659399956,AX,60.9402918284236,L1,0.80894518199272,L2,0.6645083935...
GetData ===>> H2,-0.138683185886895,H1,315.393964509297,AX,60.8016782079867,L1,0.785648922077769,L2,0.793380269...
GetData ===>> H2,-0.109386072837138,H1,315.383396126761,AX,61.018952479015,L1,0.766385598503831,L2,0.8142213537...
GetData ===>> H2,-0.191613661525389,H1,315.072541296475,AX,61.0112900796996,L1,0.729179336491637,L2,0.775064062...
testing H1>-5.0
evaluate ot="H1.bs>-5.0" t="H1>-5.0", ctx="{'H1': None}"
GetData ===>> H2,-0.119150972212995,H1,314.777347255126,AX,60.7764780484047,L1,0.779358578371741,L2,0.786339564...
GetData ===>> H2,-0.120878410610988,H1,314.655150211076,AX,60.7413553505309,L1,0.799595638268014,L2,0.732263551...
GetData ===>> H2,-0.105313853002841,H1,314.511359848009,AX,60.7339420494861,L1,0.817295878096593,L2,0.820307807...
GetData ===>> H2,-0.137507066945047,H1,314.419445391011,AX,60.7360579169887,L1,0.766125269543695,L2,0.758754131...
GetData ===>> H2,-0.190665942018194,H1,314.276381913381,AX,60.8885015974936,L1,0.717765024926446,L2,0.728190486...
testing H1>-5.0
evaluate ot="H1.bs>-5.0" t="H1>-5.0", ctx="{'H1': None}"
21:54:17 -- collecting point 75
GetData ===>> H2,-0.217085212222026,H1,314.143591221283,AX,60.9065496335399,L1,0.728413351580307,L2,0.750720362...
GetData ===>> H2,-0.249162531903844,H1,314.064947150851,AX,60.6355700949788,L1,0.755531303750036,L2,0.744884285...
GetData ===>> H2,-0.192190612630746,H1,314.082905057229,AX,60.7616033139609,L1,0.787429400833918,L2,0.793437513...
GetData ===>> H2,-0.217074431552875,H1,313.572411837505,AX,60.6268853552655,L1,0.82391314346448,L2,0.6295743902...
GetData ===>> H2,-0.269853339338052,H1,313.589957244365,AX,60.6876909437372,L1,0.798380922742304,L2,0.756533906...
testing H1>-5.0
evaluate ot="H1.bs>-5.0" t="H1>-5.0", ctx="{'H1': None}"
GetData ===>> H2,-0.203827577910586,H1,313.537630768956,AX,60.6665570717554,L1,0.777991829396878,L2,0.801074118...
GetData ===>> H2,-0.186750196910128,H1,313.812625494716,AX,60.6646097059439,L1,0.75113315303304,L2,0.6785953322...
GetData ===>> H2,-0.286363828444389,H1,313.659274418073,AX,60.4825113131761,L1,0.754094105202632,L2,0.811853232...
GetData ===>> H2,-0.214779181668905,H1,313.426240235776,AX,60.372577525065,L1,0.730103318435021,L2,0.7722139173...
GetData ===>> H2,-0.119932883703719,H1,313.210299185585,AX,60.6072822218595,L1,0.748723174104974,L2,0.760951518...
testing H1>-5.0
evaluate ot="H1.bs>-5.0" t="H1>-5.0", ctx="{'H1': None}"
GetData ===>> H2,-0.181778053715744,H1,313.083987903887,AX,60.4731010003837,L1,0.725376078666396,L2,0.761947226...
GetData ===>> H2,-0.187285590492731,H1,313.026311454682,AX,60.3897861394237,L1,0.685247171952762,L2,0.721909609...
GetData ===>> H2,-0.153701066703617,H1,313.040198880577,AX,60.4523521171428,L1,0.715231040031812,L2,0.714382250...
GetData ===>> H2,-0.186112276785459,H1,312.970708102516,AX,60.6238587634484,L1,0.732294838255597,L2,0.740284333...
GetData ===>> H2,-0.233097972616203,H1,312.794805629617,AX,60.4104694171566,L1,0.763641882831409,L2,0.816109028...
testing H1>-5.0
evaluate ot="H1.bs>-5.0" t="H1>-5.0", ctx="{'H1': None}"
GetData ===>> H2,-0.216353217372745,H1,312.681400705999,AX,60.3556600115901,L1,0.788978214864731,L2,0.715720658...
GetData ===>> H2,-0.289145207631676,H1,312.617701078677,AX,60.2746451452429,L1,0.75758285347417,L2,0.7400211589...
GetData ===>> H2,-0.268119623942378,H1,312.216157437814,AX,60.2895466796236,L1,0.729088559368745,L2,0.787415671...
GetData ===>> H2,-0.245585493117131,H1,311.91407269445,AX,60.2811463140368,L1,0.770827136615055,L2,0.7422638879...
GetData ===>> H2,-0.153578099101488,H1,312.064195586322,AX,60.3767882523362,L1,0.788257401717811,L2,0.736474092...
testing H1>-5.0
evaluate ot="H1.bs>-5.0" t="H1>-5.0", ctx="{'H1': None}"
GetData ===>> H2,-0.0878129789362625,H1,312.17780569366,AX,60.2806754238513,L1,0.759371439151863,L2,0.792361339...
GetData ===>> H2,-0.181849562297756,H1,312.050182531442,AX,60.1712362025878,L1,0.749492414812097,L2,0.806673154...
GetData ===>> H2,-0.216884420571616,H1,312.014893789841,AX,60.2907315858607,L1,0.734418389778888,L2,0.739780869...
GetData ===>> H2,-0.179531374886444,H1,311.856236552341,AX,60.2693745811893,L1,0.745786141772821,L2,0.767818677...
GetData ===>> H2,-0.0635320776426346,H1,311.245244001406,AX,60.2338533220769,L1,0.76196711312341,L2,0.846122320...
testing H1>-5.0
evaluate ot="H1.bs>-5.0" t="H1>-5.0", ctx="{'H1': None}"
21:54:44 -- collecting point 100
GetData ===>> H2,-0.108749108446395,H1,311.188835046533,AX,60.1454800219562,L1,0.751902571247687,L2,0.796047858...
GetData ===>> H2,-0.00878262221889925,H1,311.336054726919,AX,60.0926171948962,L1,0.753183815676551,L2,0.7682765...
GetData ===>> H2,-0.189339271033976,H1,311.174666194919,AX,60.1381762980226,L1,0.715350372744159,L2,0.827035390...
GetData ===>> H2,-0.259161194428032,H1,311.039498352201,AX,60.161592211544,L1,0.713248576545814,L2,0.7342086152...
GetData ===>> H2,-0.194145018103801,H1,311.081086539056,AX,60.1700515470424,L1,0.775653694941104,L2,0.728957032...
testing H1>-5.0
evaluate ot="H1.bs>-5.0" t="H1>-5.0", ctx="{'H1': None}"
GetData ===>> H2,-0.0900056193941557,H1,311.04848570227,AX,60.0394121611323,L1,0.79122203240733,L2,0.6502063202...
GetData ===>> H2,-0.081812133347492,H1,310.936073231686,AX,60.1009960537837,L1,0.779595316941436,L2,0.753810194...
GetData ===>> H2,-0.0348182289516096,H1,310.783737239483,AX,59.954412653806,L1,0.770278850305895,L2,0.795452510...
GetData ===>> H2,-0.031286175625915,H1,310.829562488142,AX,59.9925484874859,L1,0.712146266188492,L2,0.680036158...
GetData ===>> H2,-0.0961435761796428,H1,310.569332001735,AX,60.1114855832784,L1,0.726307182972209,L2,0.67001943...
testing H1>-5.0
evaluate ot="H1.bs>-5.0" t="H1>-5.0", ctx="{'H1': None}"
GetData ===>> H2,-0.114911750025859,H1,310.254837760882,AX,60.0970949585289,L1,0.72316985482494,L2,0.7291744130...
GetData ===>> H2,-0.151592197377052,H1,310.250214419599,AX,59.8944776533182,L1,0.741087363749425,L2,0.682140260...
GetData ===>> H2,-0.242735427336584,H1,310.098638405098,AX,60.0262888375141,L1,0.769041573451517,L2,0.724392165...
GetData ===>> H2,-0.212018367427529,H1,309.884264609549,AX,59.9894370982173,L1,0.72730053538214,L2,0.8041999206...
GetData ===>> H2,-0.216870218069006,H1,309.80873060944,AX,59.9836850226461,L1,0.731097032312579,L2,0.7915255950...
testing H1>-5.0
evaluate ot="H1.bs>-5.0" t="H1>-5.0", ctx="{'H1': None}"
GetData ===>> H2,-0.141686467371394,H1,309.761466227419,AX,59.7319740620898,L1,0.739362396659874,L2,0.744151940...
GetData ===>> H2,-0.231955436912957,H1,309.8145670765,AX,59.7936352342795,L1,0.789776404997212,L2,0.77092050571...
GetData ===>> H2,-0.173253499668041,H1,309.482665694685,AX,59.7433125022102,L1,0.747637869336267,L2,0.861264111...
GetData ===>> H2,-0.151999966414606,H1,309.110080051636,AX,59.8125929154789,L1,0.749351756534484,L2,0.783855406...
GetData ===>> H2,-0.140945857959485,H1,309.282758569323,AX,59.7579872779772,L1,0.752744265137754,L2,0.705665894...
testing H1>-5.0
evaluate ot="H1.bs>-5.0" t="H1>-5.0", ctx="{'H1': None}"
GetData ===>> H2,-0.151519283486864,H1,309.193249180621,AX,59.7648552906841,L1,0.745881955641403,L2,0.726222662...
measurement finished
estimated time: 125.829 actual time: :126.443
flush and close file /Users/jan/PychronDev/data/isotopes/46/b5da29-f8e6-49b3-a079-29d26c39a50b.h5
baselines () {'settling_time': 15.0, 'detector': 'H1', 'mass': 34.2, 'ncounts': 60}
%%%%%%%%%%%%%%%%%%%%%%%%%%%%%%%% Baseline
build tables- baseline [Detector(H2), Detector(H1), Detector(AX), Detector(L1), Detector(L2), Detector(CDD)]
add group baseline table H2
add group baseline table H1
add group baseline table AX
add group baseline table L1
add group baseline table L2
add group baseline table CDD
flush and close file /Users/jan/PychronDev/data/isotopes/46/b5da29-f8e6-49b3-a079-29d26c39a50b.h5
detector Detector(H1)
POSITION 34.2 H1
Mapping mass to dac mass func: "parabolic"
H1 map mass coeffs = [-0.00063987  0.15840543  0.57121999]
H1 map mass to dac 34.2 >> 5.24026599104
GetDeflection H1 ===>> 0
GetHighVoltage ===>> 4499.94659342336
positioning 34.2 (5.24023513161) on H1
setting magnet DAC
current  : 5.879575
requested: 5.240235
Delta Dac: 0.639340
Checking detector protection. dv=0.63934
Checking detector "CDD". Protection Threshold: 0.1 (V)
ProtectDetector CDD,On ===>> OK
GetDeflection CDD ===>> 2000
Protected = 2000
SetMagnetDAC 5.24023513161 ===>> OK
Magnet settling time: 0.500
GetMagnetMoving ===>> True
GetMagnetMoving ===>> True
GetMagnetMoving ===>> True
GetMagnetMoving ===>> True
GetMagnetMoving ===>> True
GetMagnetMoving ===>> True
GetMagnetMoving ===>> True
GetMagnetMoving ===>> True
GetMagnetMoving ===>> False
ProtectDetector CDD,Off ===>> OK
GetDeflection CDD ===>> 50
Delaying 15.0s for detectors to settle
Join finished
measuring baseline. ncounts=60
"baseline" increment series count="2" fit count="1" regressing="True"
starting measurement
GetData ===>> H2,-0.242813484044914,H1,-0.0337190108640194,AX,0.0116366830271168,L1,-0.0220005956907806,L2,-0.0...
GetData ===>> H2,-0.229143688005745,H1,-0.0898322058376032,AX,-0.0206931875562104,L1,0.00128185559297377,L2,-0....
GetData ===>> H2,-0.173234614277681,H1,-0.0640266666888987,AX,-0.184535368974725,L1,-0.00570034346877312,L2,-0....
GetData ===>> H2,-0.228148842376522,H1,-0.0141608126210222,AX,-0.0732541502790226,L1,-0.0332047322340307,L2,-0....
testing H1>-5.0
evaluate ot="H1.bs>-5.0" t="H1>-5.0", ctx="{'H1': None}"
GetData ===>> H2,-0.301194841313087,H1,0.0367799923409297,AX,0.0261868880509487,L1,-0.0422457024592954,L2,0.048...
GetData ===>> H2,-0.1944779073231,H1,-0.0310240227791912,AX,-0.241911203093743,L1,-0.0704010203160927,L2,0.0559...
GetData ===>> H2,-0.135282922548495,H1,0.0137281548052705,AX,-0.0720253850372446,L1,-0.0486573513725853,L2,0.05...
GetData ===>> H2,-0.158578156213811,H1,-0.0602714954982318,AX,0.0312811340711805,L1,-0.0130157169208003,L2,-0.0...
GetData ===>> H2,-0.158837488358892,H1,-0.0534045323077546,AX,-0.0333113355495878,L1,-0.0226466821544159,L2,-0....
testing H1>-5.0
evaluate ot="H1.bs>-5.0" t="H1>-5.0", ctx="{'H1': None}"
GetData ===>> H2,-0.222789439110033,H1,-0.161765809384895,AX,-0.11122230264909,L1,-0.0579119311214782,L2,-0.158...
GetData ===>> H2,-0.237260723398909,H1,0.0379136305941109,AX,-0.181904445336942,L1,-0.0469291468240176,L2,-0.11...
GetData ===>> H2,-0.229115418906142,H1,0.0144916917540929,AX,-0.0124696353108141,L1,-0.0233598462981286,L2,0.02...
GetData ===>> H2,-0.271672781889919,H1,-0.0288417447418475,AX,-0.0756536754001664,L1,-0.0132602302572081,L2,-0....
GetData ===>> H2,-0.171774948127678,H1,0.041827764494884,AX,-0.11677257066752,L1,0.00916374388456827,L2,-0.0266...
testing H1>-5.0
evaluate ot="H1.bs>-5.0" t="H1>-5.0", ctx="{'H1': None}"
GetData ===>> H2,-0.188361695447371,H1,0.0469593303789263,AX,-0.06552194456883,L1,-0.00148568544930833,L2,0.106...
GetData ===>> H2,-0.258221802113283,H1,-0.0588170738775372,AX,-0.158420009238636,L1,-0.0361882284235484,L2,-0.0...
GetData ===>> H2,-0.211194032688422,H1,-0.00820911462497946,AX,-0.0386225299331205,L1,-0.0198678562085866,L2,-0...
GetData ===>> H2,-0.250216997189378,H1,-0.00699249151099297,AX,0.00895661929102218,L1,-0.0341039243292407,L2,-0...
GetData ===>> H2,-0.179799920317932,H1,-0.0656955864310359,AX,-0.0555630712494652,L1,-0.0286560545832393,L2,-0....
testing H1>-5.0
evaluate ot="H1.bs>-5.0" t="H1>-5.0", ctx="{'H1': None}"
GetData ===>> H2,-0.180417955456487,H1,0.0250147785129997,AX,-0.0811827906214605,L1,0.0329551832950013,L2,-0.07...
GetData ===>> H2,-0.215899475926597,H1,0.0109007327540268,AX,-0.104628775264325,L1,0.0208268278080929,L2,0.0151...
GetData ===>> H2,-0.306997028689689,H1,0.0278425992243704,AX,-0.0504267230788692,L1,-0.00986527851276412,L2,0.0...
GetData ===>> H2,-0.223425159491472,H1,-0.0211735817330137,AX,-0.0635627124236174,L1,-0.0111565020994835,L2,0.0...
GetData ===>> H2,-0.22076082099581,H1,-0.0592104850900331,AX,-0.0272692096132348,L1,-0.0343182338787023,L2,-0.0...
testing H1>-5.0
evaluate ot="H1.bs>-5.0" t="H1>-5.0", ctx="{'H1': None}"
21:55:49 -- collecting point 25
GetData ===>> H2,-0.253699798499898,H1,-0.0791889722950188,AX,-0.125242202341801,L1,0.00834532538172521,L2,-0.0...
GetData ===>> H2,-0.319427850072369,H1,0.00135728178511942,AX,-0.0395270276031967,L1,0.0300822453534313,L2,-0.0...
GetData ===>> H2,-0.272227693762352,H1,-0.0844094231572388,AX,-0.0911042725081953,L1,0.0286779156269907,L2,-0.0...
GetData ===>> H2,-0.306983608648059,H1,-0.0154608358312157,AX,-0.0530007282846418,L1,-0.0035590425758185,L2,-0....
GetData ===>> H2,-0.176219240777821,H1,-0.0683061979177112,AX,-0.0189534248600562,L1,-0.04763051775407,L2,0.045...
testing H1>-5.0
evaluate ot="H1.bs>-5.0" t="H1>-5.0", ctx="{'H1': None}"
GetData ===>> H2,-0.230814131593505,H1,-0.0144947651490089,AX,-0.0573485554191829,L1,-0.0421894208109908,L2,-0....
GetData ===>> H2,-0.307764628447507,H1,-0.0567426982706508,AX,-0.136460525296471,L1,-0.0303150392940897,L2,0.00...
GetData ===>> H2,-0.220353975921531,H1,-0.0122047825817482,AX,-0.0725586246894722,L1,-0.0403403335081192,L2,-0....
GetData ===>> H2,-0.118290536784144,H1,-0.0685922881863419,AX,-0.0481773114328818,L1,-0.0367381873892869,L2,0.0...
GetData ===>> H2,-0.157274652180416,H1,-0.0209112080628902,AX,-0.108638249383204,L1,-0.00751379506454551,L2,-0....
testing H1>-5.0
evaluate ot="H1.bs>-5.0" t="H1>-5.0", ctx="{'H1': None}"
GetData ===>> H2,-0.190594489108408,H1,0.00572329769570352,AX,-0.151324878650336,L1,-0.0169035685763856,L2,-0.0...
GetData ===>> H2,-0.213284385451744,H1,0.0386534856394729,AX,-0.130235579438761,L1,-0.0625280781193421,L2,-0.15...
GetData ===>> H2,-0.317049512459559,H1,-0.0278638779431127,AX,-0.0267473193326421,L1,-0.0293592100423023,L2,0.0...
GetData ===>> H2,-0.166379836133723,H1,-0.00944957786901386,AX,0.0343215628175495,L1,-0.0297329285370744,L2,0.0...
GetData ===>> H2,-0.16687789182826,H1,-0.0379879142653693,AX,0.107579719422991,L1,-0.0340069447635177,L2,-0.068...
testing H1>-5.0
evaluate ot="H1.bs>-5.0" t="H1>-5.0", ctx="{'H1': None}"
GetData ===>> H2,-0.279680751148546,H1,-0.0151268865264729,AX,-0.169734048656955,L1,-0.0239962576534671,L2,0.09...
GetData ===>> H2,-0.115551861713618,H1,0.0321620407375935,AX,-0.155313054967769,L1,-0.0556916438428533,L2,-0.10...
GetData ===>> H2,-0.134126736054511,H1,0.0556239199382748,AX,-0.133631171077013,L1,-0.0541904275649657,L2,-0.10...
GetData ===>> H2,-0.148478086593024,H1,-0.0363185323808189,AX,-0.0980348009834011,L1,-0.0449947370894109,L2,-0....
GetData ===>> H2,-0.192359109156412,H1,0.0273295287757104,AX,-0.00769060874019028,L1,-0.0250137130592899,L2,-0....
testing H1>-5.0
evaluate ot="H1.bs>-5.0" t="H1>-5.0", ctx="{'H1': None}"
GetData ===>> H2,-0.282639922794359,H1,-0.0220441803472358,AX,-0.0730339010468737,L1,-0.00296515578085793,L2,0....
GetData ===>> H2,-0.373847264161708,H1,-0.0153654218578268,AX,-0.0696953253183405,L1,-0.0542359222644879,L2,-0....
GetData ===>> H2,-0.190103743728233,H1,0.0114017890676667,AX,-0.0314326340799282,L1,-0.0617756162618246,L2,-0.0...
GetData ===>> H2,-0.212610989256555,H1,-0.00625296827447814,AX,-0.0709473046402149,L1,-0.0104719464368572,L2,-0...
GetData ===>> H2,-0.33049555057139,H1,0.0318756631563445,AX,-0.0759086939150887,L1,-0.0375145488252825,L2,-0.06...
testing H1>-5.0
evaluate ot="H1.bs>-5.0" t="H1>-5.0", ctx="{'H1': None}"
21:56:16 -- collecting point 50
GetData ===>> H2,-0.294249555272765,H1,0.0055682173660589,AX,-0.0841268873047566,L1,-0.0610589904560615,L2,-0.0...
GetData ===>> H2,-0.257225880222973,H1,0.0187151106971097,AX,-0.019312978366592,L1,-0.0782231101083278,L2,-0.02...
GetData ===>> H2,-0.137340778221447,H1,-0.0319899339320305,AX,-0.0384601833076714,L1,-0.0785339467351267,L2,0.0...
GetData ===>> H2,-0.138685889468122,H1,-0.0403369259014184,AX,-0.220746798331327,L1,-0.0549039522788649,L2,-0.0...
GetData ===>> H2,-0.0917358535092611,H1,0.0203615765208333,AX,0.00650866018412567,L1,0.0190295955845662,L2,-0.0...
testing H1>-5.0
evaluate ot="H1.bs>-5.0" t="H1>-5.0", ctx="{'H1': None}"
GetData ===>> H2,-0.0934495689468953,H1,-0.0308928489407777,AX,-0.0557601717599173,L1,0.00484501426915077,L2,0....
GetData ===>> H2,-0.205590466207543,H1,-0.0438066848594374,AX,-0.0901075338277524,L1,-0.00611295640161636,L2,-0...
GetData ===>> H2,-0.205802048245577,H1,-0.0755297267925446,AX,0.0323023361897415,L1,-0.0379146870116072,L2,-0.0...
GetData ===>> H2,-0.222798867427781,H1,-0.114904285185546,AX,-0.0693939204831224,L1,-0.0142142548940378,L2,-0.0...
GetData ===>> H2,-0.139292827144197,H1,0.0399064784284199,AX,-0.0133743760610295,L1,-0.00671505306935764,L2,0.0...
testing H1>-5.0
evaluate ot="H1.bs>-5.0" t="H1>-5.0", ctx="{'H1': None}"
GetData ===>> H2,-0.23134711399328,H1,-0.0555624308876233,AX,-0.101163807592186,L1,0.0130959596719568,L2,-0.109...
measurement finished
estimated time: 62.915 actual time: :63.234
flush and close file /Users/jan/PychronDev/data/isotopes/46/b5da29-f8e6-49b3-a079-29d26c39a50b.h5
activate_detectors ('H1', 'AX', 'CDD') {'peak_center': True}
peak_center () {'detector': 'H1', 'integration_time': 0.262144, 'isotope': 'Ar40'}
peak center: mean=309.668663484 threshold=3
peak center started
setup peak center. detector=['H1', 'AX', 'CDD'], isotope=Ar40
VersionedUnpickler [<apptools.sweet_pickle.versioned_unpickler.VersionedUnpickler object at 0x1a888b0b0>] using Updater [<apptools.sweet_pickle.updater.Updater object at 0x135230b30>]
VersionedUnpickler [<apptools.sweet_pickle.versioned_unpickler.VersionedUnpickler object at 0x1a888b0b0>] using Updater [<apptools.sweet_pickle.updater.Updater object at 0x135230b30>]
VersionedUnpickler [<apptools.sweet_pickle.versioned_unpickler.VersionedUnpickler object at 0x199757fb0>] using Updater [<apptools.sweet_pickle.updater.Updater object at 0x135230b30>]
setting integration time = 0.524288
SetIntegrationTime 0.524288 ===>> OK
Mapping mass to dac mass func: "parabolic"
H1 map mass coeffs = [-0.00063987  0.15840543  0.57121999]
H1 map mass to dac 39.9624 >> 5.87961
GetDeflection H1 ===>> 0
GetHighVoltage ===>> 4499.94659342336
do peak center. <pychron.spectrometer.jobs.peak_center.PeakCenter object at 0x1352309b0>
doing pc
starting peak center. center dac= 5.87957537553 step_width=0.001
width = 0.001
get scan parameters. half-width=0.015,window=0.015, i=0, scalar=1
Scan parameters center=5.87958 width=0.03000 (5.86458 - 5.89458)
GetData ===>> H2,-0.231986390522004,H1,-0.0557889479294136,AX,-0.156681054525253,L1,-0.033514848846389,L2,-0.07...
Moving to starting dac 5.86457537553
setting magnet DAC
current  : 5.240235
requested: 5.864575
Delta Dac: 0.624340
Checking detector protection. dv=0.62434
Checking detector "CDD". Protection Threshold: 0.1 (V)
ProtectDetector CDD,On ===>> OK
GetDeflection CDD ===>> 2000
Protected = 2000
SetMagnetDAC 5.86457537553 ===>> OK
Magnet settling time: 0.500
GetMagnetMoving ===>> True
GetMagnetMoving ===>> True
GetMagnetMoving ===>> True
GetMagnetMoving ===>> True
GetMagnetMoving ===>> True
GetMagnetMoving ===>> True
GetMagnetMoving ===>> True
GetMagnetMoving ===>> True
GetMagnetMoving ===>> False
ProtectDetector CDD,Off ===>> OK
GetDeflection CDD ===>> 50
Wait until signal near baseline. tol= -0.0418417109471. timeout= 10
GetData ===>> H2,1.77639706840151,H1,0.880378596650355,AX,-0.0567456683239118,L1,-0.0110557998090351,L2,-0.0055...
GetData ===>> H2,23.1134046293891,H1,11.0541451237805,AX,0.893660860666331,L1,0.010359071572642,L2,-0.028143993...
GetData ===>> H2,23.1894877229096,H1,10.7471510392807,AX,1.39363640931474,L1,0.00806915801555166,L2,-0.03877553...
GetData ===>> H2,12.0832864618413,H1,5.18470395988333,AX,0.560237505211081,L1,0.0199199854808232,L2,0.018516705...
GetData ===>> H2,4.87803487740445,H1,2.66844831972752,AX,0.29535075768235,L1,-0.0226227775300291,L2,-0.04127957...
GetData ===>> H2,1.56635893853117,H1,1.46646453955885,AX,0.156895003346446,L1,-0.0585050737376899,L2,-0.1842296...
GetData ===>> H2,0.525725209452444,H1,0.873247499556107,AX,0.0694895497835484,L1,-0.0391713048702508,L2,-0.0980...
GetData ===>> H2,0.153385786403333,H1,0.653819295401381,AX,-0.143198626459592,L1,-0.050070571926883,L2,-0.06456...
GetData ===>> H2,-0.00314885370095854,H1,0.470408611311757,AX,-0.0338331906329127,L1,-0.0517790946998025,L2,0.1...
GetData ===>> H2,-0.0204976822989576,H1,0.391430102967605,AX,-0.0294727155011514,L1,-0.0194178496282158,L2,0.11...
GetData ===>> H2,0.0301715184202587,H1,0.439466779637621,AX,-0.034830505897252,L1,-0.0218467900197569,L2,0.0504...
GetData ===>> H2,-0.0357754020353922,H1,0.364683957506329,AX,-0.0455915832955345,L1,0.0062232192253985,L2,-0.16...
GetData ===>> H2,-0.0283929059004447,H1,0.258964327903333,AX,0.0141195784775301,L1,0.0267201090386597,L2,-0.062...
GetData ===>> H2,0.0331946394059044,H1,0.281336250031861,AX,0.0639742773883055,L1,0.00775508480999881,L2,0.0203...
GetData ===>> H2,0.0459517054297113,H1,0.342412897431621,AX,-0.0425303634132305,L1,-0.00893362436325349,L2,-0.1...
GetData ===>> H2,0.00790209187652853,H1,0.297670667805483,AX,0.00179854238300603,L1,0.0202392389386651,L2,-0.04...
GetData ===>> H2,-0.0736551683538244,H1,0.291652414749932,AX,0.0674966001833396,L1,-0.0132230742016252,L2,0.066...
GetData ===>> H2,-0.109410444782781,H1,0.331542019888276,AX,0.11640516622193,L1,-0.047409100479721,L2,-0.072210...
GetData ===>> H2,-0.0770737015940646,H1,0.35880506415753,AX,-0.0216094500743014,L1,-0.0360947683533145,L2,-0.03...
GetData ===>> H2,-0.0676967121086215,H1,0.446833321631357,AX,0.0020073605115589,L1,-0.0251323519183902,L2,-0.05...
GetData ===>> H2,-0.11533127761693,H1,0.36817321978766,AX,0.0385342221583794,L1,-0.0194274323993517,L2,-0.00617...
Peak center failed to move to a baseline position
_do_sweep sm= 5.86457537553, em= 5.89457537553, stm= 0.001
calculated step values: start=5.86457537553, end=5.89457537553, width=0.001, nsteps=31.0
setting magnet DAC
current  : 5.864575
requested: 5.864575
Delta Dac: 0.000000
Checking detector protection. dv=0.00000
Checking detector "CDD". Protection Threshold: 0.1 (V)
SetMagnetDAC 5.86457537553 ===>> OK
GetData ===>> H2,-0.11533127761693,H1,0.36817321978766,AX,0.0385342221583794,L1,-0.0194274323993517,L2,-0.00617...
setting magnet DAC
current  : 5.864575
requested: 5.865610
Delta Dac: 0.001034
Checking detector protection. dv=0.00103
Checking detector "CDD". Protection Threshold: 0.1 (V)
SetMagnetDAC 5.86560985829 ===>> OK
Magnet settling time: 1.049
GetData ===>> H2,-0.16253907793615,H1,0.841905386081155,AX,0.0517398302627976,L1,-0.0183229579290613,L2,-0.0972...
setting magnet DAC
current  : 5.865610
requested: 5.866644
Delta Dac: 0.001034
Checking detector protection. dv=0.00103
Checking detector "CDD". Protection Threshold: 0.1 (V)
SetMagnetDAC 5.86664434105 ===>> OK
Magnet settling time: 1.049
GetData ===>> H2,-0.0744685525065472,H1,2.80745257307424,AX,0.352949616269025,L1,-0.00736268657489637,L2,-0.055...
setting magnet DAC
current  : 5.866644
requested: 5.867679
Delta Dac: 0.001034
Checking detector protection. dv=0.00103
Checking detector "CDD". Protection Threshold: 0.1 (V)
SetMagnetDAC 5.8676788238 ===>> OK
Magnet settling time: 1.049
GetData ===>> H2,-0.175288890360284,H1,10.0743494577793,AX,1.10897926625577,L1,-0.0243302182660553,L2,-0.184867...
setting magnet DAC
current  : 5.867679
requested: 5.868713
Delta Dac: 0.001034
Checking detector protection. dv=0.00103
Checking detector "CDD". Protection Threshold: 0.1 (V)
SetMagnetDAC 5.86871330656 ===>> OK
Magnet settling time: 1.049
GetData ===>> H2,-0.138764998432062,H1,32.603754008161,AX,4.14474355051858,L1,-0.00848755092304903,L2,0.0874449...
setting magnet DAC
current  : 5.868713
requested: 5.869748
Delta Dac: 0.001034
Checking detector protection. dv=0.00103
Checking detector "CDD". Protection Threshold: 0.1 (V)
SetMagnetDAC 5.86974778932 ===>> OK
Magnet settling time: 1.049
GetData ===>> H2,-0.102586689213364,H1,82.2619503668897,AX,11.3271409831977,L1,0.0485942727624319,L2,-0.0006832...
setting magnet DAC
current  : 5.869748
requested: 5.870782
Delta Dac: 0.001034
Checking detector protection. dv=0.00103
Checking detector "CDD". Protection Threshold: 0.1 (V)
SetMagnetDAC 5.87078227208 ===>> OK
Magnet settling time: 1.049
GetData ===>> H2,-0.143571754471123,H1,154.317416740227,AX,23.6818585727807,L1,0.149577171650617,L2,0.042322657...
setting magnet DAC
current  : 5.870782
requested: 5.871817
Delta Dac: 0.001034
Checking detector protection. dv=0.00103
Checking detector "CDD". Protection Threshold: 0.1 (V)
SetMagnetDAC 5.87181675484 ===>> OK
Magnet settling time: 1.049
GetData ===>> H2,-0.133540067190273,H1,224.470739604692,AX,37.3906357419701,L1,0.269873838927147,L2,0.139202194...
setting magnet DAC
current  : 5.871817
requested: 5.872851
Delta Dac: 0.001034
Checking detector protection. dv=0.00103
Checking detector "CDD". Protection Threshold: 0.1 (V)
SetMagnetDAC 5.8728512376 ===>> OK
Magnet settling time: 1.049
GetData ===>> H2,-0.156653239978998,H1,268.9067128384,AX,48.320189414615,L1,0.427682191403287,L2,0.354908576540...
setting magnet DAC
current  : 5.872851
requested: 5.873886
Delta Dac: 0.001034
Checking detector protection. dv=0.00103
Checking detector "CDD". Protection Threshold: 0.1 (V)
SetMagnetDAC 5.87388572036 ===>> OK
Magnet settling time: 1.049
GetData ===>> H2,-0.0494521532869464,H1,288.169242030492,AX,54.1251115978046,L1,0.517854488981312,L2,0.64025703...
setting magnet DAC
current  : 5.873886
requested: 5.874920
Delta Dac: 0.001034
Checking detector protection. dv=0.00103
Checking detector "CDD". Protection Threshold: 0.1 (V)
SetMagnetDAC 5.87492020311 ===>> OK
Magnet settling time: 1.049
GetData ===>> H2,-0.304641740957123,H1,295.367765794674,AX,56.6708990559827,L1,0.600488577279583,L2,0.645121925...
setting magnet DAC
current  : 5.874920
requested: 5.875955
Delta Dac: 0.001034
Checking detector protection. dv=0.00103
Checking detector "CDD". Protection Threshold: 0.1 (V)
SetMagnetDAC 5.87595468587 ===>> OK
Magnet settling time: 1.049
GetData ===>> H2,-0.149544954876918,H1,296.041298761888,AX,57.0271861042165,L1,0.692800879252837,L2,0.848548508...
setting magnet DAC
current  : 5.875955
requested: 5.876989
Delta Dac: 0.001034
Checking detector protection. dv=0.00103
Checking detector "CDD". Protection Threshold: 0.1 (V)
SetMagnetDAC 5.87698916863 ===>> OK
Magnet settling time: 1.049
GetData ===>> H2,-0.109315664700408,H1,296.224028857983,AX,56.9660579918836,L1,0.680865442053717,L2,0.650306840...
setting magnet DAC
current  : 5.876989
requested: 5.878024
Delta Dac: 0.001034
Checking detector protection. dv=0.00103
Checking detector "CDD". Protection Threshold: 0.1 (V)
SetMagnetDAC 5.87802365139 ===>> OK
Magnet settling time: 1.049
GetData ===>> H2,-0.139756221022871,H1,296.364605779738,AX,56.9322373341139,L1,0.686536416055904,L2,0.786356725...
setting magnet DAC
current  : 5.878024
requested: 5.879058
Delta Dac: 0.001034
Checking detector protection. dv=0.00103
Checking detector "CDD". Protection Threshold: 0.1 (V)
SetMagnetDAC 5.87905813415 ===>> OK
Magnet settling time: 1.049
GetData ===>> H2,-0.258346790150618,H1,296.126571066462,AX,57.1200884466034,L1,0.660284099624564,L2,0.863061141...
setting magnet DAC
current  : 5.879058
requested: 5.880093
Delta Dac: 0.001034
Checking detector protection. dv=0.00103
Checking detector "CDD". Protection Threshold: 0.1 (V)
SetMagnetDAC 5.88009261691 ===>> OK
Magnet settling time: 1.049
GetData ===>> H2,-0.190909693056717,H1,296.018704293725,AX,57.1503114257923,L1,0.67692137621503,L2,0.6762584676...
setting magnet DAC
current  : 5.880093
requested: 5.881127
Delta Dac: 0.001034
Checking detector protection. dv=0.00103
Checking detector "CDD". Protection Threshold: 0.1 (V)
SetMagnetDAC 5.88112709967 ===>> OK
Magnet settling time: 1.049
GetData ===>> H2,-0.319653619421378,H1,296.077146563759,AX,56.8395769496229,L1,0.644686332327326,L2,0.640348396...
setting magnet DAC
current  : 5.881127
requested: 5.882162
Delta Dac: 0.001034
Checking detector protection. dv=0.00103
Checking detector "CDD". Protection Threshold: 0.1 (V)
SetMagnetDAC 5.88216158242 ===>> OK
Magnet settling time: 1.049
GetData ===>> H2,-0.139005384618222,H1,295.802918449147,AX,56.72728930118,L1,0.674421512989379,L2,0.77642990313...
setting magnet DAC
current  : 5.882162
requested: 5.883196
Delta Dac: 0.001034
Checking detector protection. dv=0.00103
Checking detector "CDD". Protection Threshold: 0.1 (V)
SetMagnetDAC 5.88319606518 ===>> OK
Magnet settling time: 1.049
GetData ===>> H2,-0.000629070452825182,H1,295.224344752796,AX,56.5191801285519,L1,0.757411291122822,L2,0.650717...
setting magnet DAC
current  : 5.883196
requested: 5.884231
Delta Dac: 0.001034
Checking detector protection. dv=0.00103
Checking detector "CDD". Protection Threshold: 0.1 (V)
SetMagnetDAC 5.88423054794 ===>> OK
Magnet settling time: 1.049
GetData ===>> H2,-0.285921914089285,H1,293.303283367636,AX,55.5476275719742,L1,0.731790589324569,L2,0.760260986...
setting magnet DAC
current  : 5.884231
requested: 5.885265
Delta Dac: 0.001034
Checking detector protection. dv=0.00103
Checking detector "CDD". Protection Threshold: 0.1 (V)
SetMagnetDAC 5.8852650307 ===>> OK
Magnet settling time: 1.049
GetData ===>> H2,-0.184898437539059,H1,286.413713420847,AX,53.1746150322592,L1,0.654891558117019,L2,0.553442171...
setting magnet DAC
current  : 5.885265
requested: 5.886300
Delta Dac: 0.001034
Checking detector protection. dv=0.00103
Checking detector "CDD". Protection Threshold: 0.1 (V)
SetMagnetDAC 5.88629951346 ===>> OK
Magnet settling time: 1.049
GetData ===>> H2,-0.159622202090389,H1,249.655738793934,AX,42.1910778126474,L1,0.523696088118744,L2,0.509374384...
setting magnet DAC
current  : 5.886300
requested: 5.887334
Delta Dac: 0.001034
Checking detector protection. dv=0.00103
Checking detector "CDD". Protection Threshold: 0.1 (V)
SetMagnetDAC 5.88733399622 ===>> OK
Magnet settling time: 1.049
GetData ===>> H2,-0.304419132616266,H1,186.363625921064,AX,27.711380388739,L1,0.365800574499829,L2,0.1942050112...
setting magnet DAC
current  : 5.887334
requested: 5.888368
Delta Dac: 0.001034
Checking detector protection. dv=0.00103
Checking detector "CDD". Protection Threshold: 0.1 (V)
SetMagnetDAC 5.88836847898 ===>> OK
Magnet settling time: 1.049
GetData ===>> H2,-0.0313024736567267,H1,109.313956835287,AX,13.8453017337229,L1,0.258446380980997,L2,0.07980910...
setting magnet DAC
current  : 5.888368
requested: 5.889403
Delta Dac: 0.001034
Checking detector protection. dv=0.00103
Checking detector "CDD". Protection Threshold: 0.1 (V)
SetMagnetDAC 5.88940296173 ===>> OK
Magnet settling time: 1.049
GetData ===>> H2,-0.113390494188812,H1,50.0696851082633,AX,5.43880320873954,L1,0.184993771029637,L2,-0.04776702...
setting magnet DAC
current  : 5.889403
requested: 5.890437
Delta Dac: 0.001034
Checking detector protection. dv=0.00103
Checking detector "CDD". Protection Threshold: 0.1 (V)
SetMagnetDAC 5.89043744449 ===>> OK
Magnet settling time: 1.049
GetData ===>> H2,-0.0888233404374282,H1,17.9636494354253,AX,1.50392154492683,L1,0.138903832171717,L2,-0.0743040...
setting magnet DAC
current  : 5.890437
requested: 5.891472
Delta Dac: 0.001034
Checking detector protection. dv=0.00103
Checking detector "CDD". Protection Threshold: 0.1 (V)
SetMagnetDAC 5.89147192725 ===>> OK
Magnet settling time: 1.049
GetData ===>> H2,-0.132407771615023,H1,5.19355765863254,AX,0.142074605092312,L1,0.0166032282909138,L2,0.0896560...
setting magnet DAC
current  : 5.891472
requested: 5.892506
Delta Dac: 0.001034
Checking detector protection. dv=0.00103
Checking detector "CDD". Protection Threshold: 0.1 (V)
SetMagnetDAC 5.89250641001 ===>> OK
Magnet settling time: 1.049
GetData ===>> H2,-0.0379311229598424,H1,1.20576359497846,AX,0.00799367068597156,L1,-0.0116336254458438,L2,-0.05...
setting magnet DAC
current  : 5.892506
requested: 5.893541
Delta Dac: 0.001034
Checking detector protection. dv=0.00103
Checking detector "CDD". Protection Threshold: 0.1 (V)
SetMagnetDAC 5.89354089277 ===>> OK
Magnet settling time: 1.049
GetData ===>> H2,-0.239418864579617,H1,0.0782144254810603,AX,-0.0918692045703606,L1,0.0520400390844257,L2,-0.03...
setting magnet DAC
current  : 5.893541
requested: 5.894575
Delta Dac: 0.001034
Checking detector protection. dv=0.00103
Checking detector "CDD". Protection Threshold: 0.1 (V)
SetMagnetDAC 5.89457537553 ===>> OK
Magnet settling time: 1.049
GetData ===>> H2,-0.176996232223449,H1,-0.154823130890347,AX,-0.210708281375763,L1,0.0299392806924198,L2,-0.031...
result of _do_sweep=True
result of _calculate_peak_center=([5.8716996240250445, 5.8792447142054058, 5.8867898043857663], [216.52752769719686, 296.36031256847644, 219.65857507764503], 5.8780423093957861, 296.36031256847644)
Failed to find a valid peak. No peak greater than 1.0. max = 0.0279724274487
new center pos Detector(H1) (Ar40) @ 5.87924471421
GetHighVoltage ===>> 4499.94659342336
GetDeflection H1 ===>> 0
dac uncorrected for HV and deflection 5.87927933673
update mftable H1 Ar40 5.87927933673 message=automated run peakcenter
get initial guess parabolic
get initial guess parabolic
get initial guess parabolic
get initial guess parabolic
get initial guess parabolic
get initial guess parabolic
dump mftable to /Users/jan/PychronDev/setupfiles/spectrometer/mftables/mftable.csv
add to repo msg=modified - automated run peakcenter
sweep finished
locally archiving mftable
setting magnet DAC
current  : 5.894575
requested: 5.879245
Delta Dac: 0.015331
Checking detector protection. dv=0.01533
Checking detector "CDD". Protection Threshold: 0.1 (V)
SetMagnetDAC 5.87924471421 ===>> OK
Magnet settling time: 0.500
setting integration time = 1.048576
SetIntegrationTime 1.048576 ===>> OK
Failed to find a valid peak. No peak greater than 1.0. max = 0.0279724274487
flush and close file /Users/jan/PychronDev/data/isotopes/46/b5da29-f8e6-49b3-a079-29d26c39a50b.h5
finished measure script
executed snippet estimated_duration=226.132928, duration=273.474897146
jan_unknown120_60.py completed successfully
Measurement Finished
21:57:14 -- ******* Measurement Finished *******
Post Measurement Started jan_pump_ms.py
21:57:14 -- ******* Post Measurement Started jan_pump_ms.py *******
testing...
no interpolation path defined
executed snippet estimated_duration=0, duration=2.88486480713e-05
Pumping spectrometer
open () {'name': 'O'}
opening name=O desc=---
checking ownership. requestor=129.138.12.150
check software interlocks O
interlocks []
actuate state mode=None-script, software_lock=False
doing actuation None-script open_channel True
Open O ===>> OK
GetIndicatorState O ===>> OK
change switch state (True, True)
update switch state O True args=() kw={} ncanvase=2
21:57:14 -- OPEN   VALVE-O (Jan Ion Pump)
---------------------------------------- open O () result=[(True, True)], time=0.11 sec
action=open, ok=True, locked=[False]
executed snippet estimated_duration=0, duration=0.367976903915
jan_pump_ms.py completed successfully
setting _ms_pumptime
Post Measurement Finished
21:57:14 -- ******* Post Measurement Finished *******
$$$$$$$$$$$$$$$$$$$$ state at run end measurement
state changed from measurement to success
post measurement save measured=True aborted=False
Set filtering
setting fod for Ar40= {'filter_outliers': True, 'std_devs': 2, 'iterations': 1}
setting fod for H1= {'filter_outliers': True, 'std_devs': 2, 'iterations': 1}
setting fod for PM41= {'filter_outliers': False, 'std_devs': 2, 'iterations': 1}
setting fod for H2= {'filter_outliers': True, 'std_devs': 2, 'iterations': 1}
setting fod for Ar36= {'filter_outliers': True, 'std_devs': 2, 'iterations': 1}
setting fod for CDD= {'filter_outliers': True, 'std_devs': 10, 'iterations': 1}
setting fod for Ar37= {'filter_outliers': True, 'std_devs': 2, 'iterations': 1}
setting fod for L2= {'filter_outliers': True, 'std_devs': 2, 'iterations': 1}
setting fod for Ar38= {'filter_outliers': True, 'std_devs': 2, 'iterations': 1}
setting fod for L1= {'filter_outliers': True, 'std_devs': 2, 'iterations': 1}
setting fod for Ar39= {'filter_outliers': True, 'std_devs': 2, 'iterations': 1}
setting fod for AX= {'filter_outliers': True, 'std_devs': 2, 'iterations': 1}
persistence save...
persistence save - db
post measurement save
7016657456 connecting to database sqlite:////Users/jan/PychronDev/.appdata/local_lab.db
connected to db sqlite:////Users/jan/PychronDev/.appdata/local_lab.db
create new session 7016657456
close session 7016657456
No database instance. Not saving post measurement to isotopedb database
$$$$$$$$$$$$$$$ auto_save_detector_ic=False
massspec enabled True
create new session 4985539184
MassSpec Database Version: 16.0
close session 4985539184
saving post measurement to secondary database
saving to massspec database 129.138.12.160/massspecdata
setting labnumber to 65584
setting aliquot to 24
setting step to C
setting uuid to 46b5da29-f8e6-49b3-a079-29d26c39a50b
setting irradpos to 65584
setting extract_device to Fusions CO2
setting tray to 
setting position to 221
setting power_requested to 5.0
setting extract_value to 5.0
setting duration to 30.0
setting duration_at_request to 30.0
setting first_stage_delay to 30.0
setting cleanup to 30.0
setting comment to O:9
setting irradiation to NM-289
setting level to O
setting irradiation_level to O
setting sample to BW-102
setting material to 
setting project to 
setting mass_spectrometer to jan
no attribute chron_dosages
no attribute production_ratios
no attribute interference_corrections
no attribute production_name
no attribute j
Reference Isotope=Ar40
Reference Detector=H1
%%%%%%%%%%%%%%%%%%%% Comment: O:9 %%%%%%%%%%%%%%%%%%%
adding isotope PM41 H2
add baseline dbdet= PM41. original det= H2
get baseline data PM41 H2
Get data baseline <pychron.processing.isotope.Baseline object at 0x1ada22b10> len t=60
baseline PM41. v=-0.212041152128, e=0.00777203803205
get signal data PM41 H2
Get data signal PM41 0.06+/-0.06 len t=120
adding isotope Ar40 H1
add baseline dbdet= Ar40. original det= H1
get baseline data Ar40 H1
Get data baseline <pychron.processing.isotope.Baseline object at 0x1ada22f90> len t=60
baseline Ar40. v=-0.015863462796, e=0.00502843394694
get signal data Ar40 H1
Get data signal Ar40 324.398+/-0.035 len t=120
adding isotope Ar39 AX
add baseline dbdet= Ar39. original det= AX
get baseline data Ar39 AX
Get data baseline <pychron.processing.isotope.Baseline object at 0x1ada22310> len t=60
baseline Ar39. v=-0.0665313340437, e=0.00730215332818
get signal data Ar39 AX
Get data signal Ar39 62.713+/-0.015 len t=120
adding isotope Ar38 L1
add baseline dbdet= Ar38. original det= L1
get baseline data Ar38 L1
Get data baseline <pychron.processing.isotope.Baseline object at 0x1362331d0> len t=60
baseline Ar38. v=-0.0268802208785, e=0.00331130013482
get signal data Ar38 L1
Get data signal Ar38 0.819+/-0.005 len t=120
adding isotope Ar37 L2
add baseline dbdet= Ar37. original det= L2
get baseline data Ar37 L2
Get data baseline <pychron.processing.isotope.Baseline object at 0x1362330d0> len t=60
baseline Ar37. v=-0.0278358167011, e=0.00703595193457
get signal data Ar37 L2
Get data signal Ar37 0.820+/-0.009 len t=120
adding isotope Ar36 CDD
add baseline dbdet= Ar36. original det= CDD
get baseline data Ar36 CDD
Get data baseline <pychron.processing.isotope.Baseline object at 0x1362334d0> len t=60
baseline Ar36. v=7.93948862108e-05, e=1.24934488874e-05
get signal data Ar36 CDD
Get data signal Ar36 0.01989+/-0.00034 len t=120
65584-24C added analysis time 0.506726026535s
analysis added to mass spec database
mass spec save time= 0.518
persistence save - dvc
================= post measurement started
create new session 4989601072
close session 4989601072
---------------- Experiment Queue saving disabled
DVC saving peakcenter
Failed to find a valid peak. No peak greater than 1.0. max = 0.0279724274487
Smart pull ahead: 0 behind: 0
Up-to-date with origin
add to repo msg=modified - ad8224ebc6dbfeb9f5997218dfa5fe690569839d.json
add to repo msg=modified - 84-24C.json
add to repo msg=modified - 84-24C.dat.json
add to repo msg=modified - 84-24C.blan.json
add to repo msg=modified - 84-24C.inte.json
add to repo msg=modified - 84-24C.icfa.json
add to repo msg=modified - 84-24C.base.json
not at valid file /Users/jan/PychronDev/data/.dvc/repositories/Load1791/655/tags/84-24C.tags.json
add to repo msg=modified - 84-24C.peak.json
add to repo msg=modified - 84-24C.extr.json
not at valid file /Users/jan/PychronDev/data/.dvc/repositories/Load1791/655/monitor/84-24C.moni.json
commit message=<COLLECTION>
add to repo msg=modified - 84-24C.inte.json
add to repo msg=modified - 84-24C.base.json
commit message=<ISOEVO> default collection fits
add to repo msg=modified - 84-24C.blan.json
commit message=<BLANKS> preceding bu-FC-J-7755
add to repo msg=modified - 84-24C.icfa.json
commit message=<ICFactor> default
push repository <pychron.git_archive.repo_manager.GitRepoManager object at 0x19adde230>
pushing to remote=origin, url=https://github.com
no changes to meta repo
create new session 4989601072
add association Load1791
get identifier "65584"
setting analysis irradiation position=<pychron.dvc.dvc_orm.IrradiationPositionTbl object at 0x19fe021d0>
close session 4989601072
================= post measurement finished
21:57:27 -- ******* Post Run Check *******
loading queue conditionals post_run_actions
loading system conditionals post_run_actions
loading conditionals from /Users/jan/PychronDev/setupfiles/spectrometer/default_conditionals.yaml
loading queue conditionals post_run_terminations
loading system conditionals post_run_terminations
loading conditionals from /Users/jan/PychronDev/setupfiles/spectrometer/default_conditionals.yaml
Checking default post run terminations n=1
GetDeflection CDD ===>> 50
testing CDD==2000
evaluate ot="CDD.deflection==2000" t="CDD==2000", ctx="{'CDD': 50.0}"
21:57:27 -- ******* Post Run Check Passed *******
21:57:27 -- Automated run 65584-24C success duration: 362.460 s
----------------- finish -----------------
----------------- stop -----------------
retroactive repository identifiers disabled
finish run. runs completed=2
update duration runid=65584-24C, duration=362.459800005, md5=301e91d8
write rem/ex queues
/Users/jan/PychronDev/experiments/rem/CurrentExperiment.rem.txt
/Users/jan/PychronDev/experiments/rem/CurrentExperiment.ex.txt
doing event level: 3
