do run
loading script "jan_unknown120_60.py"
loading script "jan_pump_ms.py"
loading script "jan_co2.py"
loading script "jan_pump_extraction_line.py"
testing...
no interpolation path defined
executed snippet estimated_duration=213.652928, duration=0.000205039978027
script duration name:unknown120_60 seconds:214.0
loading script "jan_unknown120_60.py"
loading script "jan_pump_ms.py"
loading script "jan_co2.py"
loading script "jan_pump_extraction_line.py"
testing...
no interpolation path defined
executed snippet estimated_duration=0, duration=5.60283660889e-05
loading script "jan_unknown120_60.py"
loading script "jan_pump_ms.py"
loading script "jan_co2.py"
loading script "jan_pump_extraction_line.py"
testing...
no interpolation path defined
calculate duration
testing...
no interpolation path defined
executed snippet estimated_duration=0, duration=5.3882598877e-05
calculate duration
testing...
no interpolation path defined
executed snippet estimated_duration=0, duration=9.79900360107e-05
executed snippet estimated_duration=0.0, duration=0.00326299667358
script duration name:co2 seconds:0.0
loading script "jan_unknown120_60.py"
loading script "jan_pump_ms.py"
loading script "jan_co2.py"
loading script "jan_pump_extraction_line.py"
testing...
no interpolation path defined
calculate duration
testing...
no interpolation path defined
executed snippet estimated_duration=4.0, duration=0.000164031982422
executed snippet estimated_duration=4.0, duration=0.00225710868835
Script duration 214.0
Run total estimated duration= 215.000
run duration: 0:03:35
doing event level: 2
22:10:52 -- Setting default integration. t=1.048576
setting integration time = 1.048576
SetIntegrationTime 1.048576 ===>> OK
----------------- start -----------------
**************** Experiment Type: Ar/Ar, Ar/Ar
create new session 4436069840
close session 4436069840
$$$$$ Clearing conditionals
adding conditionals 
Add queue conditionals
add default conditionals
adding default conditionals from /Users/jan/PychronDev/setupfiles/spectrometer/default_conditionals.yaml
Start automated run 25304-01
loading script "jan_unknown120_60.py"
loading script "jan_pump_ms.py"
loading script "jan_co2.py"
loading script "jan_pump_extraction_line.py"
%%%%%%%%%%%%%%%%%% setting automated run 25304-01
No value "sensitivity_multiplier" in metadata
$$$$$$$$$$$$$$$ auto_save_detector_ic=False
============================= Pre Extraction Check =============================
loading queue conditionals pre_run_terminations
loading system conditionals pre_run_terminations
loading conditionals from /Users/jan/PychronDev/setupfiles/spectrometer/default_conditionals.yaml
22:10:52 -- ******* Pre Extraction Check *******
Get a measurement from the spectrometer
GetData ===>> H2,-0.203646960687343,H1,-0.0166892826144903,AX,-0.119935734159107,L1,0.00768535888557117,L2,-0.0...
Pre Extraction Termination data. keys=H2,H1,AX,L1,L2,CDD, signals=-0.20365,-0.01669,-0.11994,0.00769,-0.01787,0.00253
22:10:52 -- testing system defined conditionals
Checking default pre extraction terminations n=2
testing CDD
evaluate ot="CDD.inactive" t="CDD", ctx="{'CDD': False}"
GetDeflection CDD ===>> 50
testing CDD==2000
evaluate ot="CDD.deflection==2000" t="CDD==2000", ctx="{'CDD': 50.0}"
22:10:52 -- ******* Pre Extraction Check Passed *******
=================================================================================
22:10:52 -- stopping status monitor
stop 4982387056
Alive clients [4989850544]
22:10:52 -- starting status monitor
start 4982387056
Monitor already running
start extraction
do extraction
Analysis started at 22:10:52.590738
Extraction Started jan_co2.py
22:10:52 -- ******* Extraction Started jan_co2.py *******
state changed from not run to extraction
DO EXTRACTION <pychron.extraction_line.pyscript_runner.RemotePyScriptRunner object at 0x12c299590>
testing...
no interpolation path defined
calculate duration
testing...
no interpolation path defined
executed snippet estimated_duration=0, duration=4.98294830322e-05
calculate duration
testing...
no interpolation path defined
executed snippet estimated_duration=0, duration=0.000114917755127
executed snippet estimated_duration=100.0, duration=0.00310301780701
Jan CO2 laser analysis
doing GOSUB
testing...
no interpolation path defined
executed snippet estimated_duration=0, duration=5.10215759277e-05
Waiting for CO2 access
wait ('FelixCO2Flag', 0) {}
waiting for FelixCO2Flag = 0
Read FelixCO2Flag ===>> 0
finished waiting
CO2 free
wait ('CO2PumpTimeFlag', 0) {}
waiting for CO2PumpTimeFlag = 0
Read CO2PumpTimeFlag ===>> 0
finished waiting
acquire ('JanCO2Flag',) {'clear': True}
acquire JanCO2Flag
Set JanCO2Flag 1 ===>> OK
JanCO2Flag acquired
set extraction state False (0.75, 'red', 1.5)
CO2 acquired
executed snippet estimated_duration=0, duration=0.0169508457184
WaitForCO2Access.py completed successfully
gosub finished
doing GOSUB
testing...
no interpolation path defined
executed snippet estimated_duration=0, duration=9.67979431152e-05
Prepare for CO2 analysis
close () {'description': 'Jan Inlet'}
closing name=--- desc=Jan Inlet
checking ownership. requestor=129.138.12.150
check software interlocks R
interlocks []
actuate state mode=None-script, software_lock=False
doing actuation None-script close_channel False
Close R ===>> OK
GetIndicatorState R ===>> False
change switch state (True, True)
update switch state R False args=() kw={} ncanvase=2
22:10:53 -- CLOSE  VALVE-R (Jan Inlet)
---------------------------------------- close None (Jan Inlet) result=[(True, True)]
action=close, ok=True, locked=[False]
open () {'description': 'Jan Ion Pump'}
opening name=--- desc=Jan Ion Pump
checking ownership. requestor=129.138.12.150
check software interlocks O
interlocks []
actuate state mode=None-script, software_lock=False
doing actuation None-script open_channel False
Open O ===>> OK
GetIndicatorState O ===>> OK
change switch state (True, True)
update switch state O True args=() kw={} ncanvase=2
22:10:53 -- OPEN   VALVE-O (Jan Ion Pump)
---------------------------------------- open None (Jan Ion Pump) result=[(True, True)], time=0.09 sec
action=open, ok=True, locked=[False]
close () {'description': 'Microbone to Minibone'}
closing name=--- desc=Microbone to Minibone
checking ownership. requestor=129.138.12.150
check software interlocks L
interlocks []
actuate state mode=None-script, software_lock=False
doing actuation None-script close_channel False
Close L ===>> OK
GetIndicatorState L ===>> False
change switch state (True, True)
update switch state L False args=() kw={} ncanvase=2
22:10:54 -- CLOSE  VALVE-L (Microbone to Minibone)
---------------------------------------- close None (Microbone to Minibone) result=[(True, True)]
action=close, ok=True, locked=[False]
open () {'description': 'Microbone to Turbo'}
opening name=--- desc=Microbone to Turbo
checking ownership. requestor=129.138.12.150
check software interlocks U
interlocks []
actuate state mode=None-script, software_lock=False
doing actuation None-script open_channel False
Open U ===>> OK
GetIndicatorState U ===>> OK
change switch state (True, True)
update switch state U True args=() kw={} ncanvase=2
22:10:54 -- OPEN   VALVE-U (Microbone to Turbo)
---------------------------------------- open None (Microbone to Turbo) result=[(True, True)], time=0.15 sec
action=open, ok=True, locked=[False]
open () {'description': 'Microbone to Inlet Pipette'}
opening name=--- desc=Microbone to Inlet Pipette
checking ownership. requestor=129.138.12.150
check software interlocks S
interlocks []
actuate state mode=None-script, software_lock=False
doing actuation None-script open_channel False
Open S ===>> OK
GetIndicatorState S ===>> OK
change switch state (True, True)
update switch state S True args=() kw={} ncanvase=2
22:10:55 -- OPEN   VALVE-S (Microbone to Inlet Pipette)
---------------------------------------- open None (Microbone to Inlet Pipette) result=[(True, True)], time=0.43 sec
action=open, ok=True, locked=[False]
open () {'description': 'Microbone to Getter D-50'}
opening name=--- desc=Microbone to Getter D-50
checking ownership. requestor=129.138.12.150
check software interlocks K
interlocks []
actuate state mode=None-script, software_lock=False
doing actuation None-script open_channel False
Open K ===>> OK
GetIndicatorState K ===>> OK
change switch state (True, True)
update switch state K True args=() kw={} ncanvase=2
22:10:55 -- OPEN   VALVE-K (Microbone to Getter D-50)
---------------------------------------- open None (Microbone to Getter D-50) result=[(True, True)], time=0.42 sec
action=open, ok=True, locked=[False]
open () {'description': 'Microbone to Getter NP-10'}
opening name=--- desc=Microbone to Getter NP-10
checking ownership. requestor=129.138.12.150
check software interlocks M
interlocks []
actuate state mode=None-script, software_lock=False
doing actuation None-script open_channel False
Open M ===>> OK
GetIndicatorState M ===>> OK
change switch state (True, True)
update switch state M True args=() kw={} ncanvase=2
22:10:56 -- OPEN   VALVE-M (Microbone to Getter NP-10)
---------------------------------------- open None (Microbone to Getter NP-10) result=[(True, True)], time=0.15 sec
action=open, ok=True, locked=[False]
close () {'description': 'CO2 Laser to Felix'}
closing name=--- desc=CO2 Laser to Felix
checking ownership. requestor=129.138.12.150
check software interlocks F
interlocks []
actuate state mode=None-script, software_lock=True
VALVE-F(CO2 Laser to Felix) software locked
change switch state (True, False)
---------------------------------------- close None (CO2 Laser to Felix) result=[(True, False)]
action=close, ok=True, locked=[True]
open () {'description': 'CO2 Laser to Jan'}
opening name=--- desc=CO2 Laser to Jan
checking ownership. requestor=129.138.12.150
check software interlocks A
interlocks []
actuate state mode=None-script, software_lock=False
doing actuation None-script open_channel False
Open A ===>> OK
GetIndicatorState A ===>> OK
change switch state (True, True)
update switch state A True args=() kw={} ncanvase=2
22:10:56 -- OPEN   VALVE-A (CO2 Laser to Jan)
---------------------------------------- open None (CO2 Laser to Jan) result=[(True, True)], time=0.13 sec
action=open, ok=True, locked=[False]
open () {'description': 'Microbone to CO2 Laser'}
opening name=--- desc=Microbone to CO2 Laser
checking ownership. requestor=129.138.12.150
check software interlocks T
interlocks []
actuate state mode=None-script, software_lock=False
doing actuation None-script open_channel False
Open T ===>> OK
GetIndicatorState T ===>> OK
change switch state (True, True)
update switch state T True args=() kw={} ncanvase=2
22:10:57 -- OPEN   VALVE-T (Microbone to CO2 Laser)
---------------------------------------- open None (Microbone to CO2 Laser) result=[(True, True)], time=0.41 sec
action=open, ok=True, locked=[False]
executed snippet estimated_duration=0, duration=4.96257615089
PrepareForCO2Analysis.py completed successfully
gosub finished
set_motor ('beam', '1.25') {}
setting motor "beam" to 1.25
set motor beam to 1.25
SetMotor beam,1.25 ===>> OK
GetMotorMoving beam ===>> False
GetMotorMoving beam ===>> False
Block completed
move_to_position ('1',) {'autocenter': True}
FusionsCO2 move to position 1
sending GoToHole 1,True
GoToHole 1,True ===>> OK
GetDriveMoving ===>> OK
GetDriveMoving ===>> OK
GetDriveMoving ===>> OK
GetDriveMoving ===>> OK
GetDriveMoving ===>> OK
GetDriveMoving ===>> OK
GetDriveMoving ===>> OK
GetDriveMoving ===>> OK
GetDriveMoving ===>> OK
GetDriveMoving ===>> OK
GetDriveMoving ===>> OK
GetDriveMoving ===>> OK
GetDriveMoving ===>> OK
GetDriveMoving ===>> OK
GetDriveMoving ===>> OK
GetDriveMoving ===>> OK
GetDriveMoving ===>> OK
GetDriveMoving ===>> OK
GetDriveMoving ===>> OK
GetDriveMoving ===>> OK
GetDriveMoving ===>> OK
GetDriveMoving ===>> OK
GetDriveMoving ===>> OK
GetDriveMoving ===>> OK
GetDriveMoving ===>> OK
GetDriveMoving ===>> OK
GetDriveMoving ===>> OK
GetDriveMoving ===>> OK
GetDriveMoving ===>> OK
GetDriveMoving ===>> OK
GetDriveMoving ===>> OK
GetDriveMoving ===>> OK
GetDriveMoving ===>> OK
GetDriveMoving ===>> OK
GetDriveMoving ===>> OK
GetDriveMoving ===>> OK
GetDriveMoving ===>> OK
GetDriveMoving ===>> OK
GetDriveMoving ===>> OK
GetDriveMoving ===>> OK
GetDriveMoving ===>> OK
GetDriveMoving ===>> OK
GetDriveMoving ===>> OK
GetDriveMoving ===>> OK
GetDriveMoving ===>> OK
GetDriveMoving ===>> OK
GetDriveMoving ===>> OK
GetDriveMoving ===>> OK
GetDriveMoving ===>> OK
GetDriveMoving ===>> OK
GetDriveMoving ===>> False
GetDriveMoving ===>> False
Block completed
GetAutoCorrecting ===>> OK
GetAutoCorrecting ===>> OK
GetAutoCorrecting ===>> OK
GetAutoCorrecting ===>> OK
GetAutoCorrecting ===>> False
GetAutoCorrecting ===>> False
Block completed
update position
GetPosition ===>> -3.98780,15.95120,1.00000
got position (-3.9878, 15.9512, 1.0)
move to position succeeded
sleep (5,) {}
SLEEP 5.0
block started
WaitControl setup for 5.0  
Join finished
block finished. duration 5.04305386543
close () {'description': 'Microbone to Turbo'}
closing name=--- desc=Microbone to Turbo
checking ownership. requestor=129.138.12.150
check software interlocks U
interlocks []
actuate state mode=None-script, software_lock=False
doing actuation None-script close_channel True
Close U ===>> OK
GetIndicatorState U ===>> False
change switch state (True, True)
update switch state U False args=() kw={} ncanvase=2
22:11:21 -- CLOSE  VALVE-U (Microbone to Turbo)
---------------------------------------- close None (Microbone to Turbo) result=[(True, True)]
action=close, ok=True, locked=[False]
enable laser
enable () {}
set extraction state FusionsCO2 Enabled (False, 'red', 1.5)
enabling laser
Enable ===>> OK
begin interval
BEGIN INTERVAL Interval 1 waiting for 30.0
set extract to 5.0
block started
WaitControl setup for 30.0  
extract (5.0,) {}
GetPosition ===>> -3.98780,15.95120,1.00000
set extraction state FusionsCO2 ON! 5.0(watts) (0.75, 'red', 1.5)
extract sample to 5.0 (watts)
set laser output
SetLaserOutput 5.0,watts ===>> OK
executing pattern triangle.lp
execute_pattern ('triangle.lp',) {}
executing pattern triangle.lp
IsPatterning ===>> OK
IsPatterning ===>> OK
IsPatterning ===>> OK
IsPatterning ===>> OK
IsPatterning ===>> OK
IsPatterning ===>> OK
IsPatterning ===>> OK
IsPatterning ===>> OK
IsPatterning ===>> OK
IsPatterning ===>> OK
IsPatterning ===>> OK
IsPatterning ===>> OK
IsPatterning ===>> OK
IsPatterning ===>> OK
IsPatterning ===>> OK
IsPatterning ===>> OK
IsPatterning ===>> OK
IsPatterning ===>> OK
IsPatterning ===>> OK
IsPatterning ===>> OK
IsPatterning ===>> OK
IsPatterning ===>> OK
IsPatterning ===>> OK
IsPatterning ===>> OK
IsPatterning ===>> OK
IsPatterning ===>> OK
IsPatterning ===>> False
IsPatterning ===>> False
Block completed
COMPLETE INTERVAL waiting for Interval 1 to complete
Join finished
block finished. duration 30.0760538578
Interval 1 finished
end_extract () {}
ending extraction. set laser power to 0
set laser power 0
SetLaserPower 0 ===>> OK
disable () {}
%%%%%%%%%%%%%%%%%%%%%%%%%%%%%%%%%%% disable
set extraction state False (0.75, 'red', 1.5)
disabling laser
Disable ===>> OK
sleep (30.0,) {}
SLEEP 30.0
block started
WaitControl setup for 30.0  
Join finished
block finished. duration 30.1134009361
executed snippet estimated_duration=166.0, duration=89.9794371128
jan_co2.py completed successfully
GetAchievedOutput ===>> No Response
Requested Output= 0.000
Achieved Output=  0.000
GetResponseBlob ===>> No Response
GetOutputBlob ===>> No Response
persistence save...
persistence save - db
AutomatedRunPersister post_extraction_save deprecated
persistence save - dvc
no extraction position for 1
create new session 4989601072
close session 4989601072
Extraction Finished
22:12:22 -- ******* Extraction Finished *******
no overlap. not waiting for min ms pumptime
22:12:22 -- Sending spectrometer configuration
======== Sending configuration ========
SetDeflection CDD,50.0 ===>> OK
SetDeflection H2,0.0 ===>> OK
SetDeflection H1,0.0 ===>> OK
SetDeflection L2,825.0 ===>> OK
SetDeflection L1,400.0 ===>> OK
SetDeflection AX,190.0 ===>> OK
SetZFocus 74.64 ===>> OK
SetZSymmetry -50.72 ===>> OK
SetExtractionLens 26.13 ===>> OK
SetIonRepeller -3.81 ===>> OK
SetElectronEnergy 75.08 ===>> OK
SetYSymmetry -2.81 ===>> OK
SetIonCounterVoltage 1590.0 ===>> OK
send trap current 200.0
GetParameter Trap Current Readback ===>> 198.258926936459
SetParameter Trap Current Set,200.0 ===>> OK
updating mftable name mftable
Using mftable located at /Users/jan/PychronDev/setupfiles/spectrometer/mftables/mftable.csv
============ MFtable ===========
Isotope  H2     H1     AX     L1     L2     CDD    
Ar40     5.8088 5.8794 5.9927 6.1487 6.2310 6.3769
Ar39     5.7080 5.7717 5.8851 6.0348 6.1161 6.2634
Ar36     5.3856 5.4407 5.5485 5.6936 5.7711 5.9145
================================
get initial guess parabolic
get initial guess parabolic
get initial guess parabolic
get initial guess parabolic
get initial guess parabolic
get initial guess parabolic
======== Configuration Finished ========
GetYSymmetry ===>> -2.81
GetZSymmetry ===>> -50.72
GetParameter Trap Current Readback ===>> 198.035158395898
GetHighVoltage ===>> 4499.94659342336
start measurement
do measurement
L#=25304 analysis type=unknown
Measurement Started jan_unknown120_60.py
22:12:22 -- ******* Measurement Started jan_unknown120_60.py *******
state changed from extraction to measurement
setting spec, defl, and gains
GetExtractionLens ===>> 26.13
GetYSymmetry ===>> -2.81
GetZSymmetry ===>> -50.72
GetZFocus ===>> 74.64
GetDeflection H2 ===>> 0
GetDeflection H1 ===>> 0
GetDeflection AX ===>> 190
GetDeflection L1 ===>> 400
GetDeflection L2 ===>> 825
GetDeflection CDD ===>> 50
GetGain H2 ===>> 0.0113
GetGain H1 ===>> 0.1
GetGain AX ===>> 0.097049
GetGain L1 ===>> 0.010355
GetGain L2 ===>> 0.095649
GetGain CDD ===>> 0
pre measurement save
New frame /Users/jan/PychronDev/data/isotopes/19/1f0e09-afba-479c-b967-6460d9ea983b.h5
flush and close file /Users/jan/PychronDev/data/isotopes/19/1f0e09-afba-479c-b967-6460d9ea983b.h5
testing...
no interpolation path defined
executed snippet estimated_duration=226.132928, duration=0.000217199325562
unknown measurement script
activate_detectors ('H2', 'H1', 'AX', 'L1', 'L2', 'CDD') {}
activate detectors
*************** Set Analysis View Ar/Ar
create graphs
clearing graphs
clear isotope group
setting isotope det=H2, iso=PM41
setting isotope det=H1, iso=Ar40
setting isotope det=AX, iso=Ar39
setting isotope det=L1, iso=Ar38
setting isotope det=L2, iso=Ar37
setting isotope det=CDD, iso=Ar36
setting previous blanks
 - setting Ar40 blank 0.764+/-0.007
 - setting Ar36 blank 0.00598+/-0.00020
 - setting Ar37 blank 0.037+/-0.005
 - setting Ar38 blank 0.0043+/-0.0021
 - setting PM41 blank 0.04+/-0.06
 - setting Ar39 blank 0.031+/-0.009
load analysis view
position_magnet ('Ar40',) {'detector': 'H1'}
detector Detector(H1)
POSITION Ar40 H1
setting detector H2 to PM41 (40.9624)
setting detector H1 to Ar40 (39.9624)
setting detector AX to Ar39 (38.9624)
setting detector L1 to Ar38 (37.9624)
setting detector L2 to Ar37 (36.9624)
setting detector CDD to Ar36 (35.9624)
Mapping mass to dac mass func: "parabolic"
H1 map mass coeffs = [-0.00063987  0.15840543  0.57100999]
H1 map mass to dac 39.9624 >> 5.8794
GetDeflection H1 ===>> 0
GetHighVoltage ===>> 4499.94659342336
positioning Ar40 (5.87936537676) on H1
setting magnet DAC
current  : 5.879367
requested: 5.879365
Delta Dac: 0.000001
Checking detector protection. dv=0.00000
Checking detector "CDD". Protection Threshold: 0.1 (V)
SetMagnetDAC 5.87936537676 ===>> OK
Magnet settling time: 0.500
equilibrate () {'delay': 3, 'inlet': 'R', 'outlet': 'O', 'eqtime': 12.0}
Equilibration Started
22:12:24 -- ******* Equilibration Started *******
checking ownership. requestor=129.138.12.150
check software interlocks O
interlocks []
actuate state mode=None-script, software_lock=False
doing actuation None-script close_channel True
Close O ===>> OK
GetIndicatorState O ===>> False
change switch state (True, True)
update switch state O False args=() kw={} ncanvase=2
22:12:24 -- CLOSE  VALVE-O (Jan Ion Pump)
waiting 3s before opening inlet value ('R',)
update labels <pychron.experiment.plot_panel.PlotPanel object at 0x19f6e4ef0>
update labels "<pychron.graph.stacked_regression_graph.StackedRegressionGraph object at 0x1ad090dd0>"
setting label 0 H2 PM41
setting label 1 H1 Ar40
setting label 2 AX Ar39
setting label 3 L1 Ar38
setting label 4 L2 Ar37
setting label 5 CDD Ar36
update labels "<pychron.graph.stacked_graph.StackedGraph object at 0x19f4f7830>"
setting label 0 H2 PM41
setting label 1 H1 Ar40
setting label 2 AX Ar39
setting label 3 L1 Ar38
setting label 4 L2 Ar37
setting label 5 CDD Ar36
checking ownership. requestor=129.138.12.150
check software interlocks R
interlocks []
actuate state mode=None-script, software_lock=False
doing actuation None-script open_channel True
Open R ===>> OK
set states for children of R. state=True
handle state [('R', True)]
update switch state R True args=() kw={'refresh': False} ncanvase=2
refresh_canvas_needed fired
GetIndicatorState R ===>> OK
change switch state (True, True)
update switch state R True args=() kw={} ncanvase=2
22:12:28 -- OPEN   VALVE-R (Jan Inlet)
set_time_zero () {}
equilibrating for 12.0sec
sniff (12.0,) {}
py_sniff
build tables- sniff [Detector(H2), Detector(H1), Detector(AX), Detector(L1), Detector(L2), Detector(CDD)]
add group /sniff/PM41 (Group) '' table H2
add group /sniff/Ar40 (Group) '' table H1
add group /sniff/Ar39 (Group) '' table AX
add group /sniff/Ar38 (Group) '' table L1
add group /sniff/Ar37 (Group) '' table L2
add group /sniff/Ar36 (Group) '' table CDD
flush and close file /Users/jan/PychronDev/data/isotopes/19/1f0e09-afba-479c-b967-6460d9ea983b.h5
measuring sniff. ncounts=12.0
"sniff" increment series count="1" fit count="0" regressing="False"
starting measurement
GetData ===>> H2,-0.296515026403375,H1,24.0685081412353,AX,3.16579276986031,L1,0.0263742293480748,L2,0.08423096...
GetData ===>> H2,0.765075629645281,H1,841.341131851102,AX,109.74901940266,L1,0.548235418757416,L2,0.55579698482...
GetData ===>> H2,0.581716975316142,H1,1517.14722876538,AX,190.643544306113,L1,1.42588938582028,L2,0.53666294014...
GetData ===>> H2,0.261974407791547,H1,1735.30113640719,AX,213.471141302706,L1,2.02495674034161,L2,0.37663564376...
GetData ===>> H2,0.160624193462003,H1,1811.82153782369,AX,220.97126334084,L1,2.39466118351888,L2,0.461889329436...
GetData ===>> H2,0.0482772849233028,H1,1841.71507020364,AX,223.793342454278,L1,2.60582344355776,L2,0.4874965821...
GetData ===>> H2,0.0120625637169505,H1,1854.90519003465,AX,224.956402669194,L1,2.68009999303263,L2,0.4453430521...
GetData ===>> H2,0.0935475523435323,H1,1861.28393968433,AX,225.265150124818,L1,2.78360129803441,L2,0.4429795313...
GetData ===>> H2,-0.0222208319922146,H1,1862.74979433503,AX,225.749229858838,L1,2.81920742054541,L2,0.475411665...
GetData ===>> H2,0.0495881010714473,H1,1863.44039540313,AX,225.652643897362,L1,2.86541809589712,L2,0.5041529618...
GetData ===>> H2,-0.0991646013787244,H1,1863.25975556732,AX,225.680151923617,L1,2.91581323219775,L2,0.478221443...
GetData ===>> H2,-0.0435506411071387,H1,1861.97285705745,AX,225.738958916556,L1,2.94502739267243,L2,0.486811196...
Equilibration Finished
22:12:42 -- ******* Equilibration Finished *******
checking ownership. requestor=129.138.12.150
check software interlocks R
interlocks []
actuate state mode=None-script, software_lock=False
doing actuation None-script close_channel True
measurement finished
estimated time: 12.583 actual time: :14.087
flush and close file /Users/jan/PychronDev/data/isotopes/19/1f0e09-afba-479c-b967-6460d9ea983b.h5
set_fits () {}
using default fits file=/Users/jan/PychronDev/scripts/measurement/fits/nominal_linear.yaml
set "Ar40" to "('Linear', 'SEM')"
No fit for "PM41". defaulting to linear. check the measurement script "jan_unknown120_60.py"
set "PM41" to "linear"
set "Ar36" to "('Linear', 'SEM')"
set "Ar37" to "('linear', 'SEM')"
set "Ar38" to "('linear', 'SEM')"
set "Ar39" to "('Linear', 'SEM')"
set_baseline_fits () {}
using default fits file=/Users/jan/PychronDev/scripts/measurement/fits/nominal_linear.yaml
set "H1" to "('average', 'SEM')"
set "H2" to "('average', 'SEM')"
set "CDD" to "('average', 'SEM')"
set "L2" to "('average', 'SEM')"
set "L1" to "('average', 'SEM')"
set "AX" to "('average', 'SEM')"
multicollect () {'integration_time': 1, 'ncounts': 120}
build tables- signal [Detector(H2), Detector(H1), Detector(AX), Detector(L1), Detector(L2), Detector(CDD)]
add group /signal/PM41 (Group) '' table H2
add group /signal/Ar40 (Group) '' table H1
add group /signal/Ar39 (Group) '' table AX
add group /signal/Ar38 (Group) '' table L1
add group /signal/Ar37 (Group) '' table L2
add group /signal/Ar36 (Group) '' table CDD
flush and close file /Users/jan/PychronDev/data/isotopes/19/1f0e09-afba-479c-b967-6460d9ea983b.h5
measuring signal. ncounts=120
Close R ===>> OK
State checksums do not match. Local:-173909521 Remote:-423938523
State checksum failed
GetIndicatorState R ===>> False
change switch state (True, True)
update switch state R False args=() kw={} ncanvase=2
22:12:42 -- CLOSE  VALVE-R (Jan Inlet)
Post Equilibration Started jan_pump_extraction_line.py
22:12:42 -- ******* Post Equilibration Started jan_pump_extraction_line.py *******
testing...
no interpolation path defined
calculate duration
testing...
no interpolation path defined
executed snippet estimated_duration=4.0, duration=0.000262975692749
executed snippet estimated_duration=4.0, duration=0.0020170211792
Pump after analysis
doing GOSUB
testing...
no interpolation path defined
executed snippet estimated_duration=4.0, duration=0.000138998031616
Pump Microbone
close () {'description': 'Jan Inlet'}
closing name=--- desc=Jan Inlet
checking ownership. requestor=129.138.12.150
check software interlocks R
interlocks []
actuate state mode=None-script, software_lock=False
doing actuation None-script close_channel False
"signal" increment series count="2" fit count="1" regressing="True"
Close R ===>> OK
GetIndicatorState R ===>> False
change switch state (True, True)
update switch state R False args=() kw={} ncanvase=2
22:12:43 -- CLOSE  VALVE-R (Jan Inlet)
---------------------------------------- close None (Jan Inlet) result=[(True, True)]
starting measurement
GetData ===>> H2,0.0486696964558042,H1,1861.8701077851,AX,225.682056073237,L1,2.88685360210119,L2,0.47241922726...
action=close, ok=True, locked=[False]
is_closed ('F',) {}
is F () closed?
is closed True
open () {'description': 'CO2 Laser to Jan'}
opening name=--- desc=CO2 Laser to Jan
checking ownership. requestor=129.138.12.150
check software interlocks A
interlocks []
actuate state mode=None-script, software_lock=False
doing actuation None-script open_channel False
Open A ===>> OK
GetIndicatorState A ===>> OK
change switch state (True, True)
update switch state A True args=() kw={} ncanvase=2
22:12:43 -- OPEN   VALVE-A (CO2 Laser to Jan)
---------------------------------------- open None (CO2 Laser to Jan) result=[(True, True)], time=0.13 sec
action=open, ok=True, locked=[False]
sleep (1,) {}
SLEEP 1.0
GetData ===>> H2,0.0931830113405036,H1,1861.97470073839,AX,225.799464500295,L1,2.89618304766354,L2,0.3770125305...
close () {'description': 'CO2 Laser to Roughing'}
closing name=--- desc=CO2 Laser to Roughing
checking ownership. requestor=129.138.12.150
check software interlocks G
interlocks []
actuate state mode=None-script, software_lock=True
VALVE-G(CO2 Laser to Roughing) software locked
change switch state (True, False)
---------------------------------------- close None (CO2 Laser to Roughing) result=[(True, False)]
action=close, ok=True, locked=[True]
open () {'description': 'Microbone to Turbo'}
opening name=--- desc=Microbone to Turbo
checking ownership. requestor=129.138.12.150
check software interlocks U
interlocks []
actuate state mode=None-script, software_lock=False
doing actuation None-script open_channel True
Open U ===>> OK
GetIndicatorState U ===>> OK
change switch state (True, True)
update switch state U True args=() kw={} ncanvase=2
22:12:45 -- OPEN   VALVE-U (Microbone to Turbo)
---------------------------------------- open None (Microbone to Turbo) result=[(True, True)], time=0.17 sec
action=open, ok=True, locked=[False]
open () {'description': 'Microbone to Getter NP-10'}
opening name=--- desc=Microbone to Getter NP-10
checking ownership. requestor=129.138.12.150
check software interlocks M
interlocks []
actuate state mode=None-script, software_lock=False
doing actuation None-script open_channel False
Open M ===>> OK
GetData ===>> H2,0.0744621965917047,H1,1861.37043952311,AX,225.437009943721,L1,2.89021620044158,L2,0.4888445217...
GetIndicatorState M ===>> OK
change switch state (True, True)
update switch state M True args=() kw={} ncanvase=2
22:12:45 -- OPEN   VALVE-M (Microbone to Getter NP-10)
---------------------------------------- open None (Microbone to Getter NP-10) result=[(True, True)], time=0.15 sec
action=open, ok=True, locked=[False]
open () {'description': 'Microbone to Getter D-50'}
opening name=--- desc=Microbone to Getter D-50
checking ownership. requestor=129.138.12.150
check software interlocks K
interlocks []
actuate state mode=None-script, software_lock=False
doing actuation None-script open_channel False
Open K ===>> OK
GetIndicatorState K ===>> OK
change switch state (True, True)
update switch state K True args=() kw={} ncanvase=2
22:12:46 -- OPEN   VALVE-K (Microbone to Getter D-50)
---------------------------------------- open None (Microbone to Getter D-50) result=[(True, True)], time=0.41 sec
action=open, ok=True, locked=[False]
open () {'description': 'Microbone to CO2 Laser'}
opening name=--- desc=Microbone to CO2 Laser
checking ownership. requestor=129.138.12.150
check software interlocks T
interlocks []
actuate state mode=None-script, software_lock=False
doing actuation None-script open_channel False
GetData ===>> H2,0.0230868109929281,H1,1860.40882036034,AX,225.380710320116,L1,2.90041343753489,L2,0.4210842446...
Open T ===>> OK
GetIndicatorState T ===>> OK
change switch state (True, True)
update switch state T True args=() kw={} ncanvase=2
22:12:46 -- OPEN   VALVE-T (Microbone to CO2 Laser)
---------------------------------------- open None (Microbone to CO2 Laser) result=[(True, True)], time=0.42 sec
action=open, ok=True, locked=[False]
open () {'description': 'Microbone to Inlet Pipette'}
opening name=--- desc=Microbone to Inlet Pipette
checking ownership. requestor=129.138.12.150
check software interlocks S
interlocks []
actuate state mode=None-script, software_lock=False
doing actuation None-script open_channel False
Open S ===>> OK
GetIndicatorState S ===>> OK
change switch state (True, True)
update switch state S True args=() kw={} ncanvase=2
22:12:47 -- OPEN   VALVE-S (Microbone to Inlet Pipette)
---------------------------------------- open None (Microbone to Inlet Pipette) result=[(True, True)], time=0.41 sec
testing H1>-5.0
evaluate ot="H1.bs>-5.0" t="H1>-5.0", ctx="{'H1': None}"
GetData ===>> H2,-0.146936920109366,H1,1859.61853690064,AX,225.298989465674,L1,2.90688556287712,L2,0.4598794153...
action=open, ok=True, locked=[False]
sleep (1,) {}
SLEEP 1.0
GetData ===>> H2,-0.11582251119267,H1,1858.87625869077,AX,225.226511866213,L1,2.89369522789583,L2,0.46855889184...
set_resource () {'name': 'CO2PumpTimeFlag', 'value': 30}
Set CO2PumpTimeFlag 30 ===>> OK
release ('JanCO2Flag',) {}
release JanCO2Flag
Set JanCO2Flag 0 ===>> OK
executed snippet estimated_duration=6.0, duration=5.9262650013
PumpMicrobone.py completed successfully
gosub finished
get_resource_value () {'name': 'JanMiniboneFlag'}
Read JanMiniboneFlag ===>> 0
Get Resource Value JanMiniboneFlag=0.0
get resource value 0.0
get_resource_value () {'name': 'JanMiniboneFlag'}
Read JanMiniboneFlag ===>> 0
Get Resource Value JanMiniboneFlag=0.0
executed snippet estimated_duration=4.0, duration=5.93650698662
jan_pump_extraction_line.py completed successfully
Post Equilibration Finished
22:12:48 -- ******* Post Equilibration Finished *******
GetData ===>> H2,-0.104848342649794,H1,1857.77593822734,AX,224.956402669194,L1,2.8950769787073,L2,0.40636857291...
GetData ===>> H2,0.0149940351787149,H1,1857.35155560854,AX,225.070889908852,L1,2.85313596657004,L2,0.4394820115...
GetData ===>> H2,0.0999309467449465,H1,1856.48826911756,AX,224.974279369874,L1,2.91163435997461,L2,0.4960871656...
testing H1>-5.0
evaluate ot="H1.bs>-5.0" t="H1>-5.0", ctx="{'H1': None}"
GetData ===>> H2,-0.00432100691954742,H1,1855.88677620781,AX,225.087350396237,L1,2.91320658072525,L2,0.48229919...
GetData ===>> H2,0.060279175641683,H1,1854.82177768801,AX,225.151808044242,L1,2.84341596389818,L2,0.44771804959...
GetData ===>> H2,-0.154664491969087,H1,1853.98631655855,AX,224.841462151999,L1,2.84129738655454,L2,0.4344765551...
GetData ===>> H2,-0.125926651262337,H1,1853.28768502795,AX,224.512690653811,L1,2.86540438544019,L2,0.3839223851...
GetData ===>> H2,-0.0732430315177111,H1,1852.72763663715,AX,224.311910642032,L1,2.83851794537965,L2,0.463145547...
testing H1>-5.0
evaluate ot="H1.bs>-5.0" t="H1>-5.0", ctx="{'H1': None}"
GetData ===>> H2,-0.0496394294325348,H1,1852.29775072985,AX,224.436535853897,L1,2.87871937118905,L2,0.440213424...
GetData ===>> H2,-0.0129856325473449,H1,1851.06701320539,AX,224.360680019422,L1,2.90605866407273,L2,0.408916233...
GetData ===>> H2,-0.0846715810459849,H1,1850.15407349923,AX,224.515713438853,L1,2.89105430850937,L2,0.391426708...
GetData ===>> H2,-0.0762198422854999,H1,1849.32249806773,AX,224.218548836866,L1,2.86464622260966,L2,0.497446650...
GetData ===>> H2,-0.122155220396707,H1,1848.13688848043,AX,224.288790982066,L1,2.86439122789689,L2,0.4209928359...
testing H1>-5.0
evaluate ot="H1.bs>-5.0" t="H1>-5.0", ctx="{'H1': None}"
GetData ===>> H2,-0.0139206325330355,H1,1848.01929049366,AX,224.159415594789,L1,2.83906693441415,L2,0.348430442...
GetData ===>> H2,0.00973316575436225,H1,1846.94142510979,AX,224.130487252887,L1,2.83510412358954,L2,0.499525899...
GetData ===>> H2,-0.0343430067740538,H1,1846.15885414919,AX,224.158017757312,L1,2.83872740692886,L2,0.446062396...
GetData ===>> H2,-0.143914761326423,H1,1845.79873209876,AX,224.017228168074,L1,2.86975354802834,L2,0.4417219808...
GetData ===>> H2,-0.114854909611612,H1,1845.46631546312,AX,223.979848092337,L1,2.86163325924951,L2,0.4781871777...
testing H1>-5.0
evaluate ot="H1.bs>-5.0" t="H1>-5.0", ctx="{'H1': None}"
22:13:08 -- collecting point 25
GetData ===>> H2,-0.0643562596676081,H1,1844.84920875817,AX,223.843951618682,L1,2.83472091903693,L2,0.597827554...
GetData ===>> H2,-0.0363659580866032,H1,1844.02937143296,AX,223.943547398608,L1,2.81749494691696,L2,0.378645723...
GetData ===>> H2,0.0172401003944994,H1,1842.48199282129,AX,223.571990672513,L1,2.85615218390408,L2,0.4547063641...
GetData ===>> H2,-0.0616381306301346,H1,1841.75815366195,AX,223.344101349407,L1,2.84502398788918,L2,0.385681336...
GetData ===>> H2,-0.0928359124020444,H1,1841.43636534849,AX,223.455197460783,L1,2.8288838646128,L2,0.4708430952...
testing H1>-5.0
evaluate ot="H1.bs>-5.0" t="H1>-5.0", ctx="{'H1': None}"
GetData ===>> H2,-0.0366184623674696,H1,1840.72835205013,AX,223.426564445937,L1,2.82171640947152,L2,0.490786501...
GetData ===>> H2,0.0236597216154827,H1,1839.5482713187,AX,223.272615842536,L1,2.7613410875806,L2,0.351056487093...
GetData ===>> H2,0.0607251949505802,H1,1839.56103612995,AX,223.033366891643,L1,2.7891732088589,L2,0.38998747785...
GetData ===>> H2,0.00541170420784572,H1,1838.30969978269,AX,222.998942114095,L1,2.7728299704156,L2,0.4783128201...
GetData ===>> H2,-0.0400199369463605,H1,1837.46541265484,AX,222.944441598319,L1,2.81751135918974,L2,0.490215327...
testing H1>-5.0
evaluate ot="H1.bs>-5.0" t="H1>-5.0", ctx="{'H1': None}"
GetData ===>> H2,-0.0774735025707931,H1,1836.99766828985,AX,222.650060894832,L1,2.84507877972313,L2,0.406345724...
GetData ===>> H2,-0.214680881322136,H1,1836.51411299219,AX,222.630737951957,L1,2.8572591505817,L2,0.47964920843...
GetData ===>> H2,-0.210100214740254,H1,1835.55577391386,AX,222.507355655958,L1,2.8617881375759,L2,0.42315238885...
GetData ===>> H2,0.0172360162387194,H1,1835.23498822293,AX,222.556074207712,L1,2.81134199851672,L2,0.3971495787...
GetData ===>> H2,-0.0948501531555675,H1,1834.36187426884,AX,222.420549246848,L1,2.81778490052397,L2,0.386914906...
testing H1>-5.0
evaluate ot="H1.bs>-5.0" t="H1>-5.0", ctx="{'H1': None}"
GetData ===>> H2,-0.129210250734807,H1,1833.28663474126,AX,222.545972749667,L1,2.81256275462532,L2,0.3475056349...
GetData ===>> H2,-0.147057141328963,H1,1832.40498083108,AX,222.3078289945,L1,2.83627571392974,L2,0.438819173567...
GetData ===>> H2,-0.0850047527151606,H1,1832.09094029931,AX,222.18356097463,L1,2.86368659448255,L2,0.5651482229...
GetData ===>> H2,-0.0589803794189528,H1,1831.2244008263,AX,222.209566163922,L1,2.85317294537006,L2,0.5143904165...
GetData ===>> H2,-0.0638967313279248,H1,1829.87746000004,AX,221.985418097928,L1,2.8389081219221,L2,0.3580672374...
testing H1>-5.0
evaluate ot="H1.bs>-5.0" t="H1>-5.0", ctx="{'H1': None}"
GetData ===>> H2,-0.164008034811953,H1,1829.24662010408,AX,222.092693431031,L1,2.82369087948731,L2,0.3721702187...
GetData ===>> H2,-0.045723041193482,H1,1829.0482811615,AX,221.935853925258,L1,2.78345786870398,L2,0.45282220960...
GetData ===>> H2,-0.13990649057421,H1,1827.92294565595,AX,221.760030683289,L1,2.75691951304996,L2,0.42442072036...
GetData ===>> H2,-0.0963169243096202,H1,1827.20670508027,AX,221.451390127967,L1,2.76817667278365,L2,0.465326837...
GetData ===>> H2,-0.0439400099638372,H1,1826.4778687697,AX,221.808184857252,L1,2.75724142134778,L2,0.3972295414...
testing H1>-5.0
evaluate ot="H1.bs>-5.0" t="H1>-5.0", ctx="{'H1': None}"
22:13:34 -- collecting point 50
GetData ===>> H2,-0.0844101834307501,H1,1825.74937021968,AX,221.823608359361,L1,2.73297411821261,L2,0.430099851...
GetData ===>> H2,-0.0491698054109991,H1,1824.80911046678,AX,221.605710087986,L1,2.77022638284629,L2,0.368127532...
GetData ===>> H2,-0.12250956375623,H1,1824.18551059517,AX,221.474498592988,L1,2.80595254980224,L2,0.48200221087...
GetData ===>> H2,-0.128426274620781,H1,1823.39751198591,AX,221.390407036285,L1,2.83010430903708,L2,0.5115224479...
GetData ===>> H2,-0.225135500774038,H1,1822.54153719059,AX,221.445390280993,L1,2.775031473316,L2,0.530560051368...
testing H1>-5.0
evaluate ot="H1.bs>-5.0" t="H1>-5.0", ctx="{'H1': None}"
GetData ===>> H2,-0.078132127094379,H1,1821.71339958091,AX,221.294539622087,L1,2.80005335024291,L2,0.4083678522...
GetData ===>> H2,-0.0237363240316426,H1,1821.03423570382,AX,221.276298332721,L1,2.80279818554845,L2,0.488730288...
GetData ===>> H2,0.0212158659739148,H1,1820.49122492307,AX,221.087548457239,L1,2.80431988369161,L2,0.3585011443...
GetData ===>> H2,-0.0333205330172373,H1,1820.23489751498,AX,220.972031180474,L1,2.79661093215075,L2,0.432968112...
GetData ===>> H2,-0.041792210403352,H1,1819.18867265855,AX,220.908607281228,L1,2.82324341266022,L2,0.3023151261...
testing H1>-5.0
evaluate ot="H1.bs>-5.0" t="H1>-5.0", ctx="{'H1': None}"
GetData ===>> H2,-0.0958510452145796,H1,1818.80132767551,AX,221.174292645429,L1,2.81839355338013,L2,0.429574203...
GetData ===>> H2,-0.135430310955688,H1,1818.17875176229,AX,221.075707871024,L1,2.76891671126381,L2,0.4032954763...
GetData ===>> H2,-0.0985025090397485,H1,1817.3652438243,AX,220.932800682676,L1,2.74220212247325,L2,0.4937680892...
GetData ===>> H2,-0.245558583679066,H1,1816.63797472277,AX,220.496951642891,L1,2.7499899089701,L2,0.41685668529...
GetData ===>> H2,-0.16604643702629,H1,1815.06396517633,AX,220.392304431972,L1,2.77914353396737,L2,0.48563462898...
testing H1>-5.0
evaluate ot="H1.bs>-5.0" t="H1>-5.0", ctx="{'H1': None}"
GetData ===>> H2,-0.118515122131408,H1,1814.29659846876,AX,220.351820365485,L1,2.75698362118409,L2,0.4698608810...
GetData ===>> H2,-0.0691194855777441,H1,1814.30284216297,AX,220.37922105685,L1,2.77776585658251,L2,0.4217126815...
GetData ===>> H2,-0.0688563740540521,H1,1813.80830027462,AX,220.312916144938,L1,2.77262526442663,L2,0.564633766...
GetData ===>> H2,-0.120058687962736,H1,1813.25977931951,AX,220.10519573284,L1,2.79579933343444,L2,0.45070971668...
GetData ===>> H2,-0.0532030545874469,H1,1811.84648220285,AX,219.952972994131,L1,2.81798048657451,L2,0.310086969...
testing H1>-5.0
evaluate ot="H1.bs>-5.0" t="H1>-5.0", ctx="{'H1': None}"
GetData ===>> H2,-0.0437514322841259,H1,1811.55730340507,AX,219.916276274741,L1,2.75666717600934,L2,0.445377306...
GetData ===>> H2,-0.0255342319159365,H1,1810.80891009597,AX,219.950699338579,L1,2.76238772675543,L2,0.376258758...
GetData ===>> H2,-0.0353165120650236,H1,1809.92117660466,AX,219.798668152227,L1,2.80956328976819,L2,0.455779777...
GetData ===>> H2,-0.0113559944396608,H1,1809.3417950028,AX,219.888480053904,L1,2.80979607607877,L2,0.3914495538...
GetData ===>> H2,-0.0975533073313275,H1,1808.95542315148,AX,219.777208967764,L1,2.80501585783491,L2,0.566783068...
testing H1>-5.0
evaluate ot="H1.bs>-5.0" t="H1>-5.0", ctx="{'H1': None}"
22:14:01 -- collecting point 75
GetData ===>> H2,-0.159533063506921,H1,1807.80756912808,AX,219.630567069286,L1,2.77075715011218,L2,0.4004281033...
GetData ===>> H2,-0.0876530541242709,H1,1806.74781474377,AX,219.459194855478,L1,2.74170175771306,L2,0.444909164...
GetData ===>> H2,-0.186441356349527,H1,1806.02032722547,AX,219.43627120199,L1,2.75717731177006,L2,0.40994445615...
GetData ===>> H2,-0.153605125062478,H1,1805.45042801378,AX,219.38196426297,L1,2.78440453545396,L2,0.40266716017...
GetData ===>> H2,-0.111670038536591,H1,1804.92235522248,AX,219.306189498089,L1,2.7738644739593,L2,0.43741351502...
testing H1>-5.0
evaluate ot="H1.bs>-5.0" t="H1>-5.0", ctx="{'H1': None}"
GetData ===>> H2,-0.156293886072215,H1,1803.49661618725,AX,219.289834079381,L1,2.80962347839496,L2,0.3992172066...
GetData ===>> H2,-0.0504605462882551,H1,1802.60592614367,AX,219.104556232594,L1,2.79650845439715,L2,0.393996817...
GetData ===>> H2,-0.0408572551658808,H1,1801.94723520522,AX,219.215319465291,L1,2.75105581919175,L2,0.414685848...
GetData ===>> H2,-0.117154012689741,H1,1801.25414874932,AX,218.883126466757,L1,2.76111730752411,L2,0.3780518322...
GetData ===>> H2,-0.134554065490539,H1,1800.78525778975,AX,218.962043338066,L1,2.77447320967065,L2,0.3900445897...
testing H1>-5.0
evaluate ot="H1.bs>-5.0" t="H1>-5.0", ctx="{'H1': None}"
GetData ===>> H2,-0.0469748028572449,H1,1800.06736506602,AX,218.865681079917,L1,2.76334984584154,L2,0.529017247...
GetData ===>> H2,-0.0639848429192982,H1,1799.41663206501,AX,218.738706410926,L1,2.82232800733529,L2,0.507226368...
State checksums do not match. Local:-110011688 Remote:-860229079
State checksum failed
GetData ===>> H2,-0.0378428930174791,H1,1798.83907940445,AX,218.528902823309,L1,2.81786696419535,L2,0.473629897...
set states for children of V. state=True
handle state [('V', True)]
update switch state V True args=() kw={'refresh': False} ncanvase=2
refresh_canvas_needed fired
GetData ===>> H2,-0.0604639150321211,H1,1798.56567160487,AX,218.366548039057,L1,2.80855244159979,L2,0.457755347...
GetData ===>> H2,-0.0434285366338076,H1,1797.73899956066,AX,218.225238034388,L1,2.78587591732171,L2,0.432339602...
testing H1>-5.0
evaluate ot="H1.bs>-5.0" t="H1>-5.0", ctx="{'H1': None}"
GetData ===>> H2,-0.0581408892452919,H1,1796.45452133705,AX,218.172462508049,L1,2.80969187494494,L2,0.542766217...
GetData ===>> H2,-0.0745810660687967,H1,1795.94362921909,AX,218.213082474897,L1,2.79210141123465,L2,0.435836459...
GetData ===>> H2,-0.164272642830825,H1,1795.32565880192,AX,218.076591622263,L1,2.79057040800599,L2,0.4764282016...
GetData ===>> H2,-0.120221013979025,H1,1794.16943944,AX,218.247213362167,L1,2.7661029082382,L2,0.49557307987104...
GetData ===>> H2,-0.0906966606897454,H1,1794.21662997684,AX,218.037259278631,L1,2.77127429662806,L2,0.448391737...
testing H1>-5.0
evaluate ot="H1.bs>-5.0" t="H1>-5.0", ctx="{'H1': None}"
GetData ===>> H2,-0.17343290930593,H1,1793.60773363385,AX,217.912646817448,L1,2.80007385205599,L2,0.33143139764...
GetData ===>> H2,-0.164843689078921,H1,1792.40889048906,AX,217.891720153171,L1,2.78198816299386,L2,0.4922487247...
GetData ===>> H2,-0.0897034449999743,H1,1791.46064814555,AX,217.827330493104,L1,2.77378121889866,L2,0.520732245...
GetData ===>> H2,-0.116129690535542,H1,1790.84753389957,AX,217.591116604409,L1,2.76142978210583,L2,0.3717134094...
GetData ===>> H2,-0.122908524911776,H1,1790.01117921502,AX,217.608140595234,L1,2.72287687336065,L2,0.4356536138...
testing H1>-5.0
evaluate ot="H1.bs>-5.0" t="H1>-5.0", ctx="{'H1': None}"
22:14:27 -- collecting point 100
GetData ===>> H2,-0.227781306204233,H1,1789.6111105098,AX,217.711026859885,L1,2.7470542049043,L2,0.375287999964...
GetData ===>> H2,-0.219138742180209,H1,1788.50588807474,AX,217.522443401446,L1,2.7600462257426,L2,0.42410077930...
GetData ===>> H2,-0.0982994054985265,H1,1788.24665955122,AX,217.377595364651,L1,2.74003994024973,L2,0.421061392...
GetData ===>> H2,-0.151319443013581,H1,1787.10020761041,AX,217.474984508892,L1,2.75012770912235,L2,0.3901473913...
GetData ===>> H2,-0.146926113645171,H1,1786.78851999407,AX,217.257041657695,L1,2.69713209013684,L2,0.4040951574...
testing H1>-5.0
evaluate ot="H1.bs>-5.0" t="H1>-5.0", ctx="{'H1': None}"
GetData ===>> H2,-0.0877655438453451,H1,1786.07071902895,AX,217.375238557994,L1,2.75397638147834,L2,0.504438590...
GetData ===>> H2,-0.109325142744232,H1,1785.64700173663,AX,217.302016431814,L1,2.74783171119972,L2,0.4799804528...
GetData ===>> H2,-0.0752520575789645,H1,1785.15280173711,AX,217.136057505872,L1,2.70744724554789,L2,0.418204913...
GetData ===>> H2,-0.0961476390567001,H1,1784.94207084883,AX,216.693878706921,L1,2.75331775824277,L2,0.414080308...
GetData ===>> H2,-0.0937760261463923,H1,1783.92395672805,AX,216.97408236845,L1,2.73874773387138,L2,0.3839109634...
testing H1>-5.0
evaluate ot="H1.bs>-5.0" t="H1>-5.0", ctx="{'H1': None}"
GetData ===>> H2,-0.0316922612828084,H1,1782.78491846943,AX,217.095294823241,L1,2.70233273650159,L2,0.498509118...
GetData ===>> H2,0.00310541790414927,H1,1781.55079009403,AX,216.865886035028,L1,2.6925375715014,L2,0.3825061098...
GetData ===>> H2,-0.0691072795076168,H1,1781.11667772312,AX,216.482683331068,L1,2.74776623494847,L2,0.454752041...
GetData ===>> H2,-0.187707683953517,H1,1780.46869263231,AX,216.71022941758,L1,2.75597293685264,L2,0.41329196934...
GetData ===>> H2,-0.18868801282418,H1,1779.17715683037,AX,216.675543923714,L1,2.74453517455883,L2,0.37720668499...
testing H1>-5.0
evaluate ot="H1.bs>-5.0" t="H1>-5.0", ctx="{'H1': None}"
GetData ===>> H2,-0.0945616523409362,H1,1778.69650677373,AX,216.568299586818,L1,2.75487096979115,L2,0.475194653...
GetData ===>> H2,-0.220900923194426,H1,1778.25995355445,AX,216.413549807779,L1,2.72674780869643,L2,0.3468434327...
GetData ===>> H2,-0.0886911700117001,H1,1777.3403793222,AX,216.585873216377,L1,2.75243419901297,L2,0.3341368866...
GetData ===>> H2,-0.200917132833277,H1,1775.99367069904,AX,216.281455776674,L1,2.73678653073222,L2,0.4264203762...
GetData ===>> H2,-0.194031806583118,H1,1775.86081283763,AX,216.190621515381,L1,2.72321472751078,L2,0.4283400850...
testing H1>-5.0
evaluate ot="H1.bs>-5.0" t="H1>-5.0", ctx="{'H1': None}"
GetData ===>> H2,-0.0814084205647024,H1,1776.0866345141,AX,216.165598408706,L1,2.72695631231499,L2,0.3324359584...
measurement finished
estimated time: 125.829 actual time: :126.331
flush and close file /Users/jan/PychronDev/data/isotopes/19/1f0e09-afba-479c-b967-6460d9ea983b.h5
baselines () {'settling_time': 15.0, 'detector': 'H1', 'mass': 34.2, 'ncounts': 60}
%%%%%%%%%%%%%%%%%%%%%%%%%%%%%%%% Baseline
build tables- baseline [Detector(H2), Detector(H1), Detector(AX), Detector(L1), Detector(L2), Detector(CDD)]
add group baseline table H2
add group baseline table H1
add group baseline table AX
add group baseline table L1
add group baseline table L2
add group baseline table CDD
flush and close file /Users/jan/PychronDev/data/isotopes/19/1f0e09-afba-479c-b967-6460d9ea983b.h5
detector Detector(H1)
POSITION 34.2 H1
Mapping mass to dac mass func: "parabolic"
H1 map mass coeffs = [-0.00063987  0.15840543  0.57100999]
H1 map mass to dac 34.2 >> 5.24005599104
GetDeflection H1 ===>> 0
GetHighVoltage ===>> 4499.94659342336
positioning 34.2 (5.24002513285) on H1
setting magnet DAC
current  : 5.879365
requested: 5.240025
Delta Dac: 0.639340
Checking detector protection. dv=0.63934
Checking detector "CDD". Protection Threshold: 0.1 (V)
ProtectDetector CDD,On ===>> OK
GetDeflection CDD ===>> 2000
Protected = 2000
SetMagnetDAC 5.24002513285 ===>> OK
Magnet settling time: 0.500
GetMagnetMoving ===>> True
GetMagnetMoving ===>> True
GetMagnetMoving ===>> True
GetMagnetMoving ===>> True
GetMagnetMoving ===>> True
GetMagnetMoving ===>> True
GetMagnetMoving ===>> True
GetMagnetMoving ===>> True
GetMagnetMoving ===>> False
ProtectDetector CDD,Off ===>> OK
GetDeflection CDD ===>> 50
Delaying 15.0s for detectors to settle
Join finished
measuring baseline. ncounts=60
"baseline" increment series count="2" fit count="1" regressing="True"
starting measurement
GetData ===>> H2,-0.244574999703549,H1,-0.105681731763929,AX,-0.100758201301392,L1,-0.0710022381953785,L2,-0.04...
GetData ===>> H2,-0.136963577691061,H1,-0.0508054545659274,AX,-0.0447915010301793,L1,-0.0670859059817698,L2,-0....
GetData ===>> H2,-0.212738937619843,H1,-0.0595681303047211,AX,0.0270455805456874,L1,-0.0638318927918725,L2,-0.1...
GetData ===>> H2,-0.228490788372349,H1,-0.0530587873263098,AX,-0.10494165924675,L1,-0.0863041223924668,L2,-0.08...
testing H1>-5.0
evaluate ot="H1.bs>-5.0" t="H1>-5.0", ctx="{'H1': None}"
GetData ===>> H2,-0.251224296134756,H1,-0.0861256762777039,AX,-0.141945063634979,L1,-0.0997560352208059,L2,-0.1...
GetData ===>> H2,-0.342285652158349,H1,-0.0532376210865547,AX,-0.148449580324011,L1,-0.0492102183127069,L2,-0.0...
GetData ===>> H2,-0.324815814672116,H1,-0.114773221260189,AX,-0.120167463704793,L1,-0.0186640194676703,L2,-0.11...
GetData ===>> H2,-0.181691703127958,H1,-0.00752923882532104,AX,-0.107885037081821,L1,-0.020173588617893,L2,-0.0...
GetData ===>> H2,-0.160328533045871,H1,0.00775129335102172,AX,-0.0592847252539838,L1,-0.0580447737164458,L2,0.0...
testing H1>-5.0
evaluate ot="H1.bs>-5.0" t="H1>-5.0", ctx="{'H1': None}"
GetData ===>> H2,-0.156866685402506,H1,-0.0431628211534417,AX,-0.150803157443657,L1,-0.0413319848063153,L2,0.02...
GetData ===>> H2,-0.232937836176855,H1,0.0238454920256761,AX,-0.122276177203443,L1,-0.0446918533300128,L2,-0.09...
GetData ===>> H2,-0.230862585577984,H1,-0.0391564650165098,AX,-0.0524789759742683,L1,-0.0309725683199057,L2,-0....
GetData ===>> H2,-0.0643630372328829,H1,-0.00150557609408501,AX,-0.0612324500505847,L1,-0.0527971308043474,L2,-...
GetData ===>> H2,-0.146208811556041,H1,-0.0799994711113915,AX,-0.0151142384823877,L1,-0.0536858840701816,L2,-0....
testing H1>-5.0
evaluate ot="H1.bs>-5.0" t="H1>-5.0", ctx="{'H1': None}"
GetData ===>> H2,-0.0948515076022131,H1,0.054776523417366,AX,-0.108279025782225,L1,-0.0471541653579318,L2,-0.00...
GetData ===>> H2,-0.117494981863349,H1,-0.00510788925767154,AX,-0.110909438865339,L1,-0.0559166872279348,L2,-0....
GetData ===>> H2,-0.266604756767782,H1,-0.0196470343757359,AX,-0.0424144062218084,L1,-0.0374079224889588,L2,-0....
GetData ===>> H2,-0.34334615514033,H1,0.0331166385913352,AX,-0.0994602498072656,L1,-0.0310264622350594,L2,0.087...
GetData ===>> H2,-0.252474889362223,H1,0.0242272983566274,AX,-0.0762912204342348,L1,-0.0239638987257066,L2,-0.0...
testing H1>-5.0
evaluate ot="H1.bs>-5.0" t="H1>-5.0", ctx="{'H1': None}"
GetData ===>> H2,-0.257274267123633,H1,0.00950494624734084,AX,-0.143568334911772,L1,-0.0332909432175553,L2,-0.0...
GetData ===>> H2,-0.137644963062169,H1,-0.00634839093460722,AX,-0.134025430288361,L1,-0.0375576782580098,L2,-0....
GetData ===>> H2,-0.212702573495446,H1,-0.00296083079389649,AX,0.0264305702864997,L1,-0.0253624285073956,L2,-0....
GetData ===>> H2,-0.225070862660581,H1,-0.0459528672960506,AX,-0.0223633304880275,L1,-0.00182887473585474,L2,-0...
GetData ===>> H2,-0.292402483408418,H1,0.0476634494733787,AX,-0.128810581485116,L1,-0.038632260207426,L2,-0.059...
testing H1>-5.0
evaluate ot="H1.bs>-5.0" t="H1>-5.0", ctx="{'H1': None}"
22:15:33 -- collecting point 25
GetData ===>> H2,-0.204338412502493,H1,-0.0258604136872396,AX,-0.0391791448787674,L1,-0.0700651354006043,L2,-0....
GetData ===>> H2,-0.209640833536257,H1,0.0437252198390194,AX,-0.0942566811160731,L1,-0.0661424583779709,L2,-0.0...
GetData ===>> H2,-0.173462585814223,H1,0.0434149416630226,AX,-0.0444784235705699,L1,-0.0344674652944682,L2,0.05...
set states for children of D. state=False
handle state [('D', False)]
update switch state D False args=() kw={'refresh': False} ncanvase=2
refresh_canvas_needed fired
GetData ===>> H2,-0.0835771923962724,H1,0.0358253595573956,AX,-0.0610353606237947,L1,-0.0775894517692891,L2,-0....
State checksums do not match. Local:1823859597 Remote:-2064761812
State checksum failed
GetData ===>> H2,-0.139008962785718,H1,0.0882597801617148,AX,-0.112404223418574,L1,-0.0234605242219167,L2,-0.01...
set states for children of B. state=False
handle state [('B', False)]
update switch state B False args=() kw={'refresh': False} ncanvase=2
refresh_canvas_needed fired
testing H1>-5.0
evaluate ot="H1.bs>-5.0" t="H1>-5.0", ctx="{'H1': None}"
GetData ===>> H2,-0.297422160790678,H1,0.0310046030486124,AX,-0.0647915845347217,L1,0.017757550679119,L2,0.0426...
GetData ===>> H2,-0.239342130617618,H1,0.0768694329036148,AX,-0.0317573505066105,L1,0.0149821913055433,L2,-0.11...
GetData ===>> H2,-0.147663631193288,H1,0.0261244201561929,AX,-0.142443642695314,L1,-0.015783339333682,L2,0.0372...
GetData ===>> H2,-0.129352171655526,H1,-0.012646085380985,AX,-0.15350448364636,L1,-0.053244507688953,L2,-0.0484...
GetData ===>> H2,-0.241911761596401,H1,0.0482362957795469,AX,-0.00786460654197577,L1,-0.0528150741111144,L2,-0....
testing H1>-5.0
evaluate ot="H1.bs>-5.0" t="H1>-5.0", ctx="{'H1': None}"
GetData ===>> H2,-0.211348936775465,H1,-0.0115845699535598,AX,-0.113771525610021,L1,-0.023429362115096,L2,-0.10...
GetData ===>> H2,-0.15719900382065,H1,-0.0212928422647306,AX,-0.0571862400302141,L1,-0.0325030431235108,L2,-0.0...
GetData ===>> H2,-0.165447103840099,H1,-0.0455713271155787,AX,-0.0736482792395945,L1,-0.0204793117361385,L2,0.0...
GetData ===>> H2,-0.237945398751231,H1,0.037376642453091,AX,-0.0392139332071176,L1,-0.0113051560200753,L2,0.071...
GetData ===>> H2,-0.250285587820065,H1,0.0218887574336748,AX,-0.117595234805228,L1,-0.0116623959798264,L2,-0.00...
testing H1>-5.0
evaluate ot="H1.bs>-5.0" t="H1>-5.0", ctx="{'H1': None}"
GetData ===>> H2,-0.128407350389988,H1,-0.0603072596980113,AX,-0.238019244495068,L1,-0.0153515260244924,L2,-0.0...
GetData ===>> H2,-0.235849542483799,H1,-0.0333612732599462,AX,-0.00731941239018076,L1,-0.000589258256263554,L2,...
GetData ===>> H2,-0.249541827954327,H1,0.0659126019292302,AX,-0.0434928027694502,L1,-0.0345669324654996,L2,-0.0...
GetData ===>> H2,-0.190063296731257,H1,0.0268403245176298,AX,-0.0423100446314045,L1,-0.0241520584409415,L2,0.00...
GetData ===>> H2,-0.249900936937466,H1,-0.0117276962857681,AX,-0.0896207507610609,L1,-0.0151751969283006,L2,0.0...
testing H1>-5.0
evaluate ot="H1.bs>-5.0" t="H1>-5.0", ctx="{'H1': None}"
GetData ===>> H2,-0.201816363705921,H1,-0.0110836261791423,AX,-0.125705635600587,L1,-0.0191784255013595,L2,-0.0...
GetData ===>> H2,-0.152167390513909,H1,0.0294772830719438,AX,-0.0557022010630249,L1,-0.0449408651515325,L2,-0.1...
GetData ===>> H2,-0.241561820057912,H1,0.0173550071798314,AX,-0.0367787201871466,L1,-0.0149856696924592,L2,0.01...
GetData ===>> H2,-0.0948826598305503,H1,-0.040646943623268,AX,-0.0534645057676571,L1,-0.0253540403052006,L2,0.0...
GetData ===>> H2,-0.154330748025882,H1,-0.0363304566358689,AX,-0.107317227030354,L1,0.00956817757146122,L2,-0.0...
testing H1>-5.0
evaluate ot="H1.bs>-5.0" t="H1>-5.0", ctx="{'H1': None}"
22:15:59 -- collecting point 50
GetData ===>> H2,-0.202050933917186,H1,0.0131793662204728,AX,-0.184048595518118,L1,0.0174140420028535,L2,0.0514...
GetData ===>> H2,-0.220619369898875,H1,0.0397513451373623,AX,-0.0208555638212145,L1,-0.0131487616789058,L2,-0.0...
GetData ===>> H2,-0.170498597889973,H1,0.0084432071509656,AX,-0.00628701509809309,L1,-0.0346915646400484,L2,-0....
GetData ===>> H2,-0.225974416081619,H1,0.0164602123116754,AX,-0.00229652260579346,L1,-0.0271022300871057,L2,-0....
GetData ===>> H2,-0.0772878340343704,H1,0.036517467418107,AX,-0.09244869455308,L1,0.00280156627803524,L2,-0.029...
testing H1>-5.0
evaluate ot="H1.bs>-5.0" t="H1>-5.0", ctx="{'H1': None}"
GetData ===>> H2,-0.169359745409165,H1,0.0645279845538973,AX,-0.00893178625556063,L1,-0.0121071300222671,L2,-0....
GetData ===>> H2,-0.144602484688494,H1,0.0521150288675944,AX,-0.10548630674167,L1,0.00512118768896676,L2,-0.045...
GetData ===>> H2,-0.0809003723683765,H1,0.0529146632932022,AX,-0.0510180546229697,L1,0.0224140887386641,L2,-0.0...
GetData ===>> H2,-0.107922523142497,H1,-0.0380833066748519,AX,-0.0939089940016815,L1,0.0246301835961027,L2,-0.0...
GetData ===>> H2,-0.263556932005197,H1,-0.0418393105266145,AX,-0.116656701920206,L1,-0.0169755276479211,L2,-0.0...
testing H1>-5.0
evaluate ot="H1.bs>-5.0" t="H1>-5.0", ctx="{'H1': None}"
GetData ===>> H2,-0.229310608866349,H1,0.0378658981982528,AX,-0.132390414742356,L1,-0.0475084396441982,L2,-0.06...
measurement finished
estimated time: 62.915 actual time: :63.205
flush and close file /Users/jan/PychronDev/data/isotopes/19/1f0e09-afba-479c-b967-6460d9ea983b.h5
activate_detectors ('H1', 'AX', 'CDD') {'peak_center': True}
peak_center () {'detector': 'H1', 'integration_time': 0.262144, 'isotope': 'Ar40'}
peak center: mean=1778.4551275 threshold=3
peak center started
setup peak center. detector=['H1', 'AX', 'CDD'], isotope=Ar40
VersionedUnpickler [<apptools.sweet_pickle.versioned_unpickler.VersionedUnpickler object at 0x17b4baa10>] using Updater [<apptools.sweet_pickle.updater.Updater object at 0x135230b30>]
VersionedUnpickler [<apptools.sweet_pickle.versioned_unpickler.VersionedUnpickler object at 0x17b4baa10>] using Updater [<apptools.sweet_pickle.updater.Updater object at 0x135230b30>]
VersionedUnpickler [<apptools.sweet_pickle.versioned_unpickler.VersionedUnpickler object at 0x15e3a08f0>] using Updater [<apptools.sweet_pickle.updater.Updater object at 0x135230b30>]
setting integration time = 0.524288
SetIntegrationTime 0.524288 ===>> OK
Mapping mass to dac mass func: "parabolic"
H1 map mass coeffs = [-0.00063987  0.15840543  0.57100999]
H1 map mass to dac 39.9624 >> 5.8794
GetDeflection H1 ===>> 0
GetHighVoltage ===>> 4499.94659342336
do peak center. <pychron.spectrometer.jobs.peak_center.PeakCenter object at 0x1352309b0>
doing pc
starting peak center. center dac= 5.87936537676 step_width=0.001
width = 0.001
get scan parameters. half-width=0.015,window=0.015, i=0, scalar=1
Scan parameters center=5.87937 width=0.03000 (5.86437 - 5.89437)
GetData ===>> H2,-0.223329534346197,H1,-0.0635379063522066,AX,-0.123469549753289,L1,-0.0573099286863233,L2,-0.0...
Moving to starting dac 5.86436537676
setting magnet DAC
current  : 5.240025
requested: 5.864365
Delta Dac: 0.624340
Checking detector protection. dv=0.62434
Checking detector "CDD". Protection Threshold: 0.1 (V)
ProtectDetector CDD,On ===>> OK
GetDeflection CDD ===>> 2000
Protected = 2000
SetMagnetDAC 5.86436537676 ===>> OK
Magnet settling time: 0.500
GetMagnetMoving ===>> True
GetMagnetMoving ===>> True
GetMagnetMoving ===>> True
GetMagnetMoving ===>> True
GetMagnetMoving ===>> True
GetMagnetMoving ===>> True
GetMagnetMoving ===>> True
GetMagnetMoving ===>> True
GetMagnetMoving ===>> False
ProtectDetector CDD,Off ===>> OK
GetDeflection CDD ===>> 50
Wait until signal near baseline. tol= -0.0476534297642. timeout= 10
GetData ===>> H2,10.2718261841156,H1,3.71048377404961,AX,-0.0965977420042702,L1,0.0101744205072903,L2,-0.209709...
GetData ===>> H2,100.865680436779,H1,48.1356078357323,AX,3.87786959090368,L1,0.0151851797148499,L2,-0.108729775...
GetData ===>> H2,88.9652890096597,H1,45.3621153708205,AX,4.35592215761879,L1,0.00678655429214022,L2,-0.00703677...
GetData ===>> H2,45.1072684231801,H1,22.4418200873483,AX,2.04842098867312,L1,-0.000416443839464414,L2,0.0448516...
GetData ===>> H2,17.9472423928076,H1,11.6272012938223,AX,1.04933351995817,L1,0.0230889639128999,L2,-0.089299015...
GetData ===>> H2,5.91324306444271,H1,6.67241201136275,AX,0.42788970683443,L1,0.028639476502216,L2,0.03562449865...
GetData ===>> H2,1.68134087232862,H1,4.13711239446595,AX,0.227200837429667,L1,0.0456036091459242,L2,-0.07439508...
GetData ===>> H2,0.518123548981611,H1,3.01597380496534,AX,0.243798557821839,L1,0.0192311045735692,L2,0.02694492...
GetData ===>> H2,0.260955470402837,H1,2.50872872787771,AX,0.126676767545519,L1,-0.00153488463167799,L2,-0.08012...
GetData ===>> H2,0.377987084026928,H1,2.07853821376338,AX,0.0273240770353963,L1,0.0201720268441191,L2,-0.001320...
GetData ===>> H2,0.443146870640329,H1,1.91021656419543,AX,0.16165006893974,L1,0.0139064677487598,L2,0.018106702...
GetData ===>> H2,0.40184675864098,H1,1.89208201792759,AX,0.193364173103202,L1,-0.0339037571027038,L2,0.12146020...
GetData ===>> H2,0.381802774447347,H1,1.80987918832527,AX,0.164433629667065,L1,-0.0262049560551998,L2,0.0428922...
GetData ===>> H2,0.290461350184051,H1,1.78594101629421,AX,0.0575324639893617,L1,-0.0469997648852776,L2,-0.01020...
GetData ===>> H2,0.278836363948477,H1,1.89607952671389,AX,0.167147677952946,L1,-0.0392958799684974,L2,-0.057190...
GetData ===>> H2,0.282612712312299,H1,1.80410463764977,AX,0.133262291735222,L1,-0.0279285445064037,L2,-0.122152...
GetData ===>> H2,0.23371810920229,H1,1.69005277234569,AX,0.192668068796384,L1,-0.01351552460703,L2,0.0474719004...
GetData ===>> H2,0.224343391208615,H1,1.70706941412668,AX,0.104442318938488,L1,-0.0379925563639138,L2,-0.032788...
GetData ===>> H2,0.144474317373382,H1,1.80648659979969,AX,0.0600813320071859,L1,-0.0158332530292015,L2,-0.00860...
GetData ===>> H2,0.000281667702093969,H1,1.84889011304257,AX,0.187563455831177,L1,0.0210218127383801,L2,-0.0265...
GetData ===>> H2,-0.0206143743375651,H1,1.79563589381464,AX,0.195429311808084,L1,0.0405602215015905,L2,-0.06367...
Peak center failed to move to a baseline position
_do_sweep sm= 5.86436537676, em= 5.89436537676, stm= 0.001
calculated step values: start=5.86436537676, end=5.89436537676, width=0.001, nsteps=31.0
setting magnet DAC
current  : 5.864365
requested: 5.864365
Delta Dac: 0.000000
Checking detector protection. dv=0.00000
Checking detector "CDD". Protection Threshold: 0.1 (V)
SetMagnetDAC 5.86436537676 ===>> OK
GetData ===>> H2,-0.0206143743375651,H1,1.79563589381464,AX,0.195429311808084,L1,0.0405602215015905,L2,-0.06367...
setting magnet DAC
current  : 5.864365
requested: 5.865400
Delta Dac: 0.001034
Checking detector protection. dv=0.00103
Checking detector "CDD". Protection Threshold: 0.1 (V)
SetMagnetDAC 5.86539985952 ===>> OK
Magnet settling time: 1.049
State checksums do not match. Local:-2064761812 Remote:968834110
State checksum failed
GetData ===>> H2,0.103216898883582,H1,3.98481249270108,AX,0.389143470210124,L1,0.00716292761460444,L2,-0.104541...
setting magnet DAC
current  : 5.865400
requested: 5.866434
Delta Dac: 0.001034
Checking detector protection. dv=0.00103
Checking detector "CDD". Protection Threshold: 0.1 (V)
SetMagnetDAC 5.86643434228 ===>> OK
Magnet settling time: 1.049
set states for children of C. state=False
set states for children of B. state=True
handle state [('C', False), ('B', True)]
update switch state C False args=() kw={'refresh': True} ncanvase=2
update switch state B True args=() kw={'refresh': False} ncanvase=2
refresh_canvas_needed fired
GetData ===>> H2,0.0569229947100231,H1,12.8500796317549,AX,1.11798643620764,L1,-0.02777295490109,L2,-0.00662687...
setting magnet DAC
current  : 5.866434
requested: 5.867469
Delta Dac: 0.001034
Checking detector protection. dv=0.00103
Checking detector "CDD". Protection Threshold: 0.1 (V)
SetMagnetDAC 5.86746882504 ===>> OK
Magnet settling time: 1.049
GetData ===>> H2,0.0682606420992575,H1,47.0083419483679,AX,3.78384782398884,L1,0.00326136595856434,L2,-0.112626...
setting magnet DAC
current  : 5.867469
requested: 5.868503
Delta Dac: 0.001034
Checking detector protection. dv=0.00103
Checking detector "CDD". Protection Threshold: 0.1 (V)
SetMagnetDAC 5.8685033078 ===>> OK
Magnet settling time: 1.049
GetData ===>> H2,0.019246958921996,H1,156.306323816886,AX,12.534050216491,L1,0.0579611409125655,L2,0.0423226570...
setting magnet DAC
current  : 5.868503
requested: 5.869538
Delta Dac: 0.001034
Checking detector protection. dv=0.00103
Checking detector "CDD". Protection Threshold: 0.1 (V)
SetMagnetDAC 5.86953779056 ===>> OK
Magnet settling time: 1.049
GetData ===>> H2,0.000991278247433481,H1,410.663780498951,AX,35.512582862644,L1,0.146355625806755,L2,0.06426582...
setting magnet DAC
current  : 5.869538
requested: 5.870572
Delta Dac: 0.001034
Checking detector protection. dv=0.00103
Checking detector "CDD". Protection Threshold: 0.1 (V)
SetMagnetDAC 5.87057227332 ===>> OK
Magnet settling time: 1.049
GetData ===>> H2,-0.0571083025233072,H1,810.750252958029,AX,77.1500726220839,L1,0.449101124984514,L2,0.07835038...
setting magnet DAC
current  : 5.870572
requested: 5.871607
Delta Dac: 0.001034
Checking detector protection. dv=0.00103
Checking detector "CDD". Protection Threshold: 0.1 (V)
SetMagnetDAC 5.87160675608 ===>> OK
Magnet settling time: 1.049
GetData ===>> H2,-0.0983587905799016,H1,1223.11585493582,AX,127.791582989732,L1,0.949027436875553,L2,0.06426582...
setting magnet DAC
current  : 5.871607
requested: 5.872641
Delta Dac: 0.001034
Checking detector protection. dv=0.00103
Checking detector "CDD". Protection Threshold: 0.1 (V)
SetMagnetDAC 5.87264123883 ===>> OK
Magnet settling time: 1.049
GetData ===>> H2,-0.0329783300761905,H1,1503.8908502016,AX,168.439568149571,L1,1.45103953366375,L2,0.1737149928...
setting magnet DAC
current  : 5.872641
requested: 5.873676
Delta Dac: 0.001034
Checking detector protection. dv=0.00103
Checking detector "CDD". Protection Threshold: 0.1 (V)
SetMagnetDAC 5.87367572159 ===>> OK
Magnet settling time: 1.049
GetData ===>> H2,-0.162196113893351,H1,1664.02944193637,AX,199.295731976405,L1,2.04636358466456,L2,0.3909853996...
setting magnet DAC
current  : 5.873676
requested: 5.874710
Delta Dac: 0.001034
Checking detector protection. dv=0.00103
Checking detector "CDD". Protection Threshold: 0.1 (V)
SetMagnetDAC 5.87471020435 ===>> OK
Magnet settling time: 1.049
GetData ===>> H2,-0.200751299843421,H1,1688.17882763466,AX,204.063838409926,L1,2.26329220196455,L2,0.3048434022...
setting magnet DAC
current  : 5.874710
requested: 5.875745
Delta Dac: 0.001034
Checking detector protection. dv=0.00103
Checking detector "CDD". Protection Threshold: 0.1 (V)
SetMagnetDAC 5.87574468711 ===>> OK
Magnet settling time: 1.049
GetData ===>> H2,-0.170680749691797,H1,1693.87993939402,AX,205.639103311773,L1,2.38897808314759,L2,0.3577604558...
setting magnet DAC
current  : 5.875745
requested: 5.876779
Delta Dac: 0.001034
Checking detector protection. dv=0.00103
Checking detector "CDD". Protection Threshold: 0.1 (V)
SetMagnetDAC 5.87677916987 ===>> OK
Magnet settling time: 1.049
GetData ===>> H2,-0.117588340684808,H1,1694.97221421615,AX,205.956867875713,L1,2.48617339875963,L2,0.4101817048...
setting magnet DAC
current  : 5.876779
requested: 5.877814
Delta Dac: 0.001034
Checking detector protection. dv=0.00103
Checking detector "CDD". Protection Threshold: 0.1 (V)
SetMagnetDAC 5.87781365263 ===>> OK
Magnet settling time: 1.049
GetData ===>> H2,-0.0804532711805687,H1,1694.67279669904,AX,206.114369841002,L1,2.5320432705671,L2,0.5778618815...
setting magnet DAC
current  : 5.877814
requested: 5.878848
Delta Dac: 0.001034
Checking detector protection. dv=0.00103
Checking detector "CDD". Protection Threshold: 0.1 (V)
SetMagnetDAC 5.87884813539 ===>> OK
Magnet settling time: 1.049
GetData ===>> H2,-0.0937098031548871,H1,1695.07070315177,AX,206.11174299747,L1,2.55750000163506,L2,0.4451603624...
setting magnet DAC
current  : 5.878848
requested: 5.879883
Delta Dac: 0.001034
Checking detector protection. dv=0.00103
Checking detector "CDD". Protection Threshold: 0.1 (V)
SetMagnetDAC 5.87988261814 ===>> OK
Magnet settling time: 1.049
GetData ===>> H2,-0.272409178060601,H1,1693.97182667336,AX,205.879949333621,L1,2.63202477965331,L2,0.3279682088...
setting magnet DAC
current  : 5.879883
requested: 5.880917
Delta Dac: 0.001034
Checking detector protection. dv=0.00103
Checking detector "CDD". Protection Threshold: 0.1 (V)
SetMagnetDAC 5.8809171009 ===>> OK
Magnet settling time: 1.049
GetData ===>> H2,-0.0838480904850904,H1,1693.74594124214,AX,205.971280913597,L1,2.62348137533991,L2,0.303361233...
setting magnet DAC
current  : 5.880917
requested: 5.881952
Delta Dac: 0.001034
Checking detector protection. dv=0.00103
Checking detector "CDD". Protection Threshold: 0.1 (V)
SetMagnetDAC 5.88195158366 ===>> OK
Magnet settling time: 1.049
GetData ===>> H2,-0.0437717825437087,H1,1692.60517317158,AX,205.695960175222,L1,2.67110331887387,L2,0.470603251...
setting magnet DAC
current  : 5.881952
requested: 5.882986
Delta Dac: 0.001034
Checking detector protection. dv=0.00103
Checking detector "CDD". Protection Threshold: 0.1 (V)
SetMagnetDAC 5.88298606642 ===>> OK
Magnet settling time: 1.049
GetData ===>> H2,-0.0697012930668685,H1,1688.07844765281,AX,204.629393893541,L1,2.63513898175423,L2,0.295403517...
setting magnet DAC
current  : 5.882986
requested: 5.884021
Delta Dac: 0.001034
Checking detector protection. dv=0.00103
Checking detector "CDD". Protection Threshold: 0.1 (V)
SetMagnetDAC 5.88402054918 ===>> OK
Magnet settling time: 1.049
GetData ===>> H2,-0.0766508459478097,H1,1675.16583543136,AX,201.684531543809,L1,2.59277703057393,L2,0.515018867...
setting magnet DAC
current  : 5.884021
requested: 5.885055
Delta Dac: 0.001034
Checking detector protection. dv=0.00103
Checking detector "CDD". Protection Threshold: 0.1 (V)
SetMagnetDAC 5.88505503194 ===>> OK
Magnet settling time: 1.049
GetData ===>> H2,-0.146554699259011,H1,1627.34825875581,AX,190.78746728648,L1,2.45146952576183,L2,0.32881211903...
setting magnet DAC
current  : 5.885055
requested: 5.886090
Delta Dac: 0.001034
Checking detector protection. dv=0.00103
Checking detector "CDD". Protection Threshold: 0.1 (V)
SetMagnetDAC 5.8860895147 ===>> OK
Magnet settling time: 1.049
set states for children of B. state=False
handle state [('B', False)]
update switch state B False args=() kw={'refresh': False} ncanvase=2
refresh_canvas_needed fired
GetData ===>> H2,-0.236157361386433,H1,1480.11144887406,AX,161.879146656054,L1,2.15437035959707,L2,0.3008529993...
setting magnet DAC
current  : 5.886090
requested: 5.887124
Delta Dac: 0.001034
Checking detector protection. dv=0.00103
Checking detector "CDD". Protection Threshold: 0.1 (V)
SetMagnetDAC 5.88712399745 ===>> OK
Magnet settling time: 1.049
GetData ===>> H2,-0.215515733783703,H1,1162.1823287913,AX,112.902062468333,L1,1.68933400206121,L2,0.07415671072...
setting magnet DAC
current  : 5.887124
requested: 5.888158
Delta Dac: 0.001034
Checking detector protection. dv=0.00103
Checking detector "CDD". Protection Threshold: 0.1 (V)
SetMagnetDAC 5.88815848021 ===>> OK
Magnet settling time: 1.049
GetData ===>> H2,-0.128385722659012,H1,738.318527434494,AX,61.760564932534,L1,1.15099656707113,L2,0.10771128538...
setting magnet DAC
current  : 5.888158
requested: 5.889193
Delta Dac: 0.001034
Checking detector protection. dv=0.00103
Checking detector "CDD". Protection Threshold: 0.1 (V)
SetMagnetDAC 5.88919296297 ===>> OK
Magnet settling time: 1.049
GetData ===>> H2,-0.284516806812335,H1,360.559227940401,AX,25.287095628702,L1,0.720632471404102,L2,0.0296330060...
setting magnet DAC
current  : 5.889193
requested: 5.890227
Delta Dac: 0.001034
Checking detector protection. dv=0.00103
Checking detector "CDD". Protection Threshold: 0.1 (V)
SetMagnetDAC 5.89022744573 ===>> OK
Magnet settling time: 1.049
GetData ===>> H2,-0.230110299935912,H1,133.607751884813,AX,7.78694567474057,L1,0.407759418936816,L2,-0.10670295...
setting magnet DAC
current  : 5.890227
requested: 5.891262
Delta Dac: 0.001034
Checking detector protection. dv=0.00103
Checking detector "CDD". Protection Threshold: 0.1 (V)
SetMagnetDAC 5.89126192849 ===>> OK
Magnet settling time: 1.049
GetData ===>> H2,-0.249949355252194,H1,39.4782253142026,AX,1.55341053430665,L1,0.285634608374914,L2,0.020270626...
setting magnet DAC
current  : 5.891262
requested: 5.892296
Delta Dac: 0.001034
Checking detector protection. dv=0.00103
Checking detector "CDD". Protection Threshold: 0.1 (V)
SetMagnetDAC 5.89229641125 ===>> OK
Magnet settling time: 1.049
GetData ===>> H2,-0.20056524042444,H1,4.59658290990153,AX,-0.132262979573935,L1,0.10734531306114,L2,-0.12923956...
setting magnet DAC
current  : 5.892296
requested: 5.893331
Delta Dac: 0.001034
Checking detector protection. dv=0.00103
Checking detector "CDD". Protection Threshold: 0.1 (V)
SetMagnetDAC 5.89333089401 ===>> OK
Magnet settling time: 1.049
GetData ===>> H2,-0.118370359795967,H1,0.891865991123697,AX,-0.0641655572852444,L1,0.0355656883484068,L2,-0.022...
setting magnet DAC
current  : 5.893331
requested: 5.894365
Delta Dac: 0.001034
Checking detector protection. dv=0.00103
Checking detector "CDD". Protection Threshold: 0.1 (V)
SetMagnetDAC 5.89436537676 ===>> OK
Magnet settling time: 1.049
GetData ===>> H2,-0.129369742693658,H1,0.116731790629543,AX,-0.19843728399363,L1,0.0749070159746236,L2,-0.06404...
result of _do_sweep=True
result of _calculate_peak_center=([5.8717083385503628, 5.8792544652865937, 5.8868005920228246], [1250.6869466554447, 1695.0595394436775, 1261.574999598723], 5.8788191118210413, 1695.0595394436775)
Failed to find a valid peak. No peak greater than 1.0. max = 0.0433614222572
new center pos Detector(H1) (Ar40) @ 5.87925446529
GetHighVoltage ===>> 4499.94659342336
GetDeflection H1 ===>> 0
dac uncorrected for HV and deflection 5.87928908787
update mftable H1 Ar40 5.87928908787 message=automated run peakcenter
get initial guess parabolic
get initial guess parabolic
get initial guess parabolic
get initial guess parabolic
get initial guess parabolic
get initial guess parabolic
dump mftable to /Users/jan/PychronDev/setupfiles/spectrometer/mftables/mftable.csv
add to repo msg=modified - automated run peakcenter
locally archiving mftable
setting magnet DAC
current  : 5.894365
requested: 5.879254
Delta Dac: 0.015111
Checking detector protection. dv=0.01511
Checking detector "CDD". Protection Threshold: 0.1 (V)
SetMagnetDAC 5.87925446529 ===>> OK
Magnet settling time: 0.500
sweep finished
setting integration time = 1.048576
SetIntegrationTime 1.048576 ===>> OK
Failed to find a valid peak. No peak greater than 1.0. max = 0.0434330212225
flush and close file /Users/jan/PychronDev/data/isotopes/19/1f0e09-afba-479c-b967-6460d9ea983b.h5
finished measure script
executed snippet estimated_duration=226.132928, duration=274.554541111
jan_unknown120_60.py completed successfully
Measurement Finished
22:16:57 -- ******* Measurement Finished *******
Post Measurement Started jan_pump_ms.py
22:16:57 -- ******* Post Measurement Started jan_pump_ms.py *******
testing...
no interpolation path defined
executed snippet estimated_duration=0, duration=2.8133392334e-05
Pumping spectrometer
open () {'name': 'O'}
opening name=O desc=---
checking ownership. requestor=129.138.12.150
check software interlocks O
interlocks []
actuate state mode=None-script, software_lock=False
doing actuation None-script open_channel True
Open O ===>> OK
GetIndicatorState O ===>> OK
change switch state (True, True)
update switch state O True args=() kw={} ncanvase=2
22:16:57 -- OPEN   VALVE-O (Jan Ion Pump)
---------------------------------------- open O () result=[(True, True)], time=0.12 sec
action=open, ok=True, locked=[False]
executed snippet estimated_duration=0, duration=0.376798868179
jan_pump_ms.py completed successfully
setting _ms_pumptime
Post Measurement Finished
22:16:57 -- ******* Post Measurement Finished *******
$$$$$$$$$$$$$$$$$$$$ state at run end measurement
state changed from measurement to success
post measurement save measured=True aborted=False
Set filtering
setting fod for Ar40= {'filter_outliers': True, 'std_devs': 2, 'iterations': 1}
setting fod for H1= {'filter_outliers': True, 'std_devs': 2, 'iterations': 1}
setting fod for PM41= {'filter_outliers': False, 'std_devs': 2, 'iterations': 1}
setting fod for H2= {'filter_outliers': True, 'std_devs': 2, 'iterations': 1}
setting fod for Ar36= {'filter_outliers': True, 'std_devs': 2, 'iterations': 1}
setting fod for CDD= {'filter_outliers': True, 'std_devs': 10, 'iterations': 1}
setting fod for Ar37= {'filter_outliers': True, 'std_devs': 2, 'iterations': 1}
setting fod for L2= {'filter_outliers': True, 'std_devs': 2, 'iterations': 1}
setting fod for Ar38= {'filter_outliers': True, 'std_devs': 2, 'iterations': 1}
setting fod for L1= {'filter_outliers': True, 'std_devs': 2, 'iterations': 1}
setting fod for Ar39= {'filter_outliers': True, 'std_devs': 2, 'iterations': 1}
setting fod for AX= {'filter_outliers': True, 'std_devs': 2, 'iterations': 1}
persistence save...
persistence save - db
post measurement save
5930439312 connecting to database sqlite:////Users/jan/PychronDev/.appdata/local_lab.db
connected to db sqlite:////Users/jan/PychronDev/.appdata/local_lab.db
create new session 5930439312
close session 5930439312
No database instance. Not saving post measurement to isotopedb database
$$$$$$$$$$$$$$$ auto_save_detector_ic=False
massspec enabled True
create new session 4985539184
MassSpec Database Version: 16.0
close session 4985539184
saving post measurement to secondary database
saving to massspec database 129.138.12.160/massspecdata
setting labnumber to 25304
setting aliquot to 1
setting step to 
setting uuid to 191f0e09-afba-479c-b967-6460d9ea983b
setting irradpos to 25304
setting extract_device to Fusions CO2
setting tray to 
setting position to 1
setting power_requested to 5.0
setting extract_value to 5.0
setting duration to 30.0
setting duration_at_request to 30.0
setting first_stage_delay to 30.0
setting cleanup to 30.0
setting comment to H:9
setting irradiation to NM-288
setting level to H
setting irradiation_level to H
setting sample to FC-2
setting material to 
setting project to 
setting mass_spectrometer to jan
no attribute chron_dosages
no attribute production_ratios
no attribute interference_corrections
no attribute production_name
no attribute j
Reference Isotope=Ar40
Reference Detector=H1
%%%%%%%%%%%%%%%%%%%% Comment: H:9 %%%%%%%%%%%%%%%%%%%
adding isotope PM41 H2
add baseline dbdet= PM41. original det= H2
get baseline data PM41 H2
Get data baseline <pychron.processing.isotope.Baseline object at 0x1964f3890> len t=60
baseline PM41. v=-0.193732938303, e=0.00783799056755
get signal data PM41 H2
Get data signal PM41 0.17+/-0.07 len t=120
adding isotope Ar40 H1
add baseline dbdet= Ar40. original det= H1
get baseline data Ar40 H1
Get data baseline <pychron.processing.isotope.Baseline object at 0x1964f3a90> len t=60
baseline Ar40. v=0.00293913997592, e=0.00546889763518
get signal data Ar40 H1
Get data signal Ar40 1872.52+/-0.09 len t=120
adding isotope Ar39 AX
add baseline dbdet= Ar39. original det= AX
get baseline data Ar39 AX
Get data baseline <pychron.processing.isotope.Baseline object at 0x1964f3c50> len t=60
baseline Ar39. v=-0.081147735325, e=0.00611059248549
get signal data Ar39 AX
Get data signal Ar39 226.875+/-0.028 len t=120
adding isotope Ar38 L1
add baseline dbdet= Ar38. original det= L1
get baseline data Ar38 L1
Get data baseline <pychron.processing.isotope.Baseline object at 0x1964f3e10> len t=60
baseline Ar38. v=-0.0289885864346, e=0.00319186426175
get signal data Ar38 L1
Get data signal Ar38 2.927+/-0.006 len t=120
adding isotope Ar37 L2
add baseline dbdet= Ar37. original det= L2
get baseline data Ar37 L2
Get data baseline <pychron.processing.isotope.Baseline object at 0x1964f3fd0> len t=60
baseline Ar37. v=-0.0385927236282, e=0.00629978183112
get signal data Ar37 L2
Get data signal Ar37 0.483+/-0.010 len t=120
adding isotope Ar36 CDD
add baseline dbdet= Ar36. original det= CDD
get baseline data Ar36 CDD
Get data baseline <pychron.processing.isotope.Baseline object at 0x1aaeea1d0> len t=60
baseline Ar36. v=0.000421785341487, e=2.50619472217e-05
get signal data Ar36 CDD
Get data signal Ar36 0.0294+/-0.0004 len t=120
25304-01 added analysis time 0.489399194717s
analysis added to mass spec database
mass spec save time= 0.498
persistence save - dvc
================= post measurement started
create new session 4989601072
close session 4989601072
---------------- Experiment Queue saving disabled
DVC saving peakcenter
Failed to find a valid peak. No peak greater than 1.0. max = 0.0434330212225
Smart pull ahead: 0 behind: 0
Up-to-date with origin
add to repo msg=modified - ad8224ebc6dbfeb9f5997218dfa5fe690569839d.json
add to repo msg=modified - 04-01.json
add to repo msg=modified - 04-01.dat.json
add to repo msg=modified - 04-01.blan.json
add to repo msg=modified - 04-01.inte.json
add to repo msg=modified - 04-01.icfa.json
add to repo msg=modified - 04-01.base.json
not at valid file /Users/jan/PychronDev/data/.dvc/repositories/Load1791/253/tags/04-01.tags.json
add to repo msg=modified - 04-01.peak.json
add to repo msg=modified - 04-01.extr.json
not at valid file /Users/jan/PychronDev/data/.dvc/repositories/Load1791/253/monitor/04-01.moni.json
commit message=<COLLECTION>
add to repo msg=modified - 04-01.inte.json
add to repo msg=modified - 04-01.base.json
commit message=<ISOEVO> default collection fits
add to repo msg=modified - 04-01.blan.json
commit message=<BLANKS> preceding bu-FC-J-7756
add to repo msg=modified - 04-01.icfa.json
commit message=<ICFactor> default
push repository <pychron.git_archive.repo_manager.GitRepoManager object at 0x1a239bb30>
pushing to remote=origin, url=https://github.com
no changes to meta repo
create new session 4989601072
add association Load1791
get identifier "25304"
setting analysis irradiation position=<pychron.dvc.dvc_orm.IrradiationPositionTbl object at 0x1b72a67d0>
close session 4989601072
================= post measurement finished
22:17:10 -- ******* Post Run Check *******
loading queue conditionals post_run_actions
loading system conditionals post_run_actions
loading conditionals from /Users/jan/PychronDev/setupfiles/spectrometer/default_conditionals.yaml
loading queue conditionals post_run_terminations
loading system conditionals post_run_terminations
loading conditionals from /Users/jan/PychronDev/setupfiles/spectrometer/default_conditionals.yaml
Checking default post run terminations n=1
GetDeflection CDD ===>> 50
testing CDD==2000
evaluate ot="CDD.deflection==2000" t="CDD==2000", ctx="{'CDD': 50.0}"
22:17:10 -- ******* Post Run Check Passed *******
22:17:10 -- Automated run 25304-01 success duration: 377.978 s
----------------- finish -----------------
----------------- stop -----------------
retroactive repository identifiers disabled
finish run. runs completed=4
update duration runid=25304-01, duration=377.978400946, md5=301e91d8
write rem/ex queues
/Users/jan/PychronDev/experiments/rem/CurrentExperiment.rem.txt
/Users/jan/PychronDev/experiments/rem/CurrentExperiment.ex.txt
doing event level: 3
