do run
loading script "jan_unknown120_60.py"
loading script "jan_pump_ms.py"
loading script "jan_co2.py"
loading script "jan_pump_extraction_line.py"
testing...
no interpolation path defined
executed snippet estimated_duration=213.652928, duration=0.000280857086182
script duration name:unknown120_60 seconds:214.0
loading script "jan_unknown120_60.py"
loading script "jan_pump_ms.py"
loading script "jan_co2.py"
loading script "jan_pump_extraction_line.py"
testing...
no interpolation path defined
executed snippet estimated_duration=0, duration=2.8133392334e-05
loading script "jan_unknown120_60.py"
loading script "jan_pump_ms.py"
loading script "jan_co2.py"
loading script "jan_pump_extraction_line.py"
testing...
no interpolation path defined
calculate duration
testing...
no interpolation path defined
executed snippet estimated_duration=0, duration=6.31809234619e-05
calculate duration
testing...
no interpolation path defined
executed snippet estimated_duration=0, duration=9.98973846436e-05
executed snippet estimated_duration=0.0, duration=0.00331711769104
script duration name:co2 seconds:0.0
loading script "jan_unknown120_60.py"
loading script "jan_pump_ms.py"
loading script "jan_co2.py"
loading script "jan_pump_extraction_line.py"
testing...
no interpolation path defined
calculate duration
testing...
no interpolation path defined
executed snippet estimated_duration=4.0, duration=0.00014591217041
executed snippet estimated_duration=4.0, duration=0.00130391120911
Script duration 214.0
Run total estimated duration= 215.000
run duration: 0:03:35
doing event level: 2
22:24:55 -- Setting default integration. t=1.048576
setting integration time = 1.048576
SetIntegrationTime 1.048576 ===>> OK
----------------- start -----------------
**************** Experiment Type: Ar/Ar, Ar/Ar
create new session 4436069840
close session 4436069840
$$$$$ Clearing conditionals
adding conditionals 
Add queue conditionals
add default conditionals
adding default conditionals from /Users/jan/PychronDev/setupfiles/spectrometer/default_conditionals.yaml
Start automated run 25304-03
loading script "jan_unknown120_60.py"
loading script "jan_pump_ms.py"
loading script "jan_co2.py"
loading script "jan_pump_extraction_line.py"
%%%%%%%%%%%%%%%%%% setting automated run 25304-03
No value "sensitivity_multiplier" in metadata
$$$$$$$$$$$$$$$ auto_save_detector_ic=False
============================= Pre Extraction Check =============================
loading queue conditionals pre_run_terminations
loading system conditionals pre_run_terminations
loading conditionals from /Users/jan/PychronDev/setupfiles/spectrometer/default_conditionals.yaml
22:24:55 -- ******* Pre Extraction Check *******
Get a measurement from the spectrometer
GetData ===>> H2,-0.283501151758572,H1,-0.0290206217811172,AX,-0.0218414139004647,L1,-0.0252390013978258,L2,0.0...
Pre Extraction Termination data. keys=H2,H1,AX,L1,L2,CDD, signals=-0.28350,-0.02902,-0.02184,-0.02524,0.02296,0.00432
22:24:55 -- testing system defined conditionals
Checking default pre extraction terminations n=2
testing CDD
evaluate ot="CDD.inactive" t="CDD", ctx="{'CDD': False}"
GetDeflection CDD ===>> 50
testing CDD==2000
evaluate ot="CDD.deflection==2000" t="CDD==2000", ctx="{'CDD': 50.0}"
22:24:55 -- ******* Pre Extraction Check Passed *******
=================================================================================
22:24:55 -- stopping status monitor
stop 4982387056
Alive clients [4989850544]
22:24:55 -- starting status monitor
start 4982387056
Monitor already running
start extraction
do extraction
Analysis started at 22:24:55.696389
Extraction Started jan_co2.py
22:24:55 -- ******* Extraction Started jan_co2.py *******
state changed from not run to extraction
DO EXTRACTION <pychron.extraction_line.pyscript_runner.RemotePyScriptRunner object at 0x12c299590>
testing...
no interpolation path defined
calculate duration
testing...
no interpolation path defined
executed snippet estimated_duration=0, duration=6.00814819336e-05
calculate duration
testing...
no interpolation path defined
executed snippet estimated_duration=0, duration=7.20024108887e-05
executed snippet estimated_duration=100.0, duration=0.00205183029175
Jan CO2 laser analysis
doing GOSUB
testing...
no interpolation path defined
executed snippet estimated_duration=0, duration=4.88758087158e-05
Waiting for CO2 access
wait ('FelixCO2Flag', 0) {}
waiting for FelixCO2Flag = 0
Read FelixCO2Flag ===>> 0
finished waiting
CO2 free
wait ('CO2PumpTimeFlag', 0) {}
waiting for CO2PumpTimeFlag = 0
Read CO2PumpTimeFlag ===>> 0
finished waiting
acquire ('JanCO2Flag',) {'clear': True}
acquire JanCO2Flag
Set JanCO2Flag 1 ===>> OK
JanCO2Flag acquired
set extraction state False (0.75, 'red', 1.5)
CO2 acquired
executed snippet estimated_duration=0, duration=0.0153260231018
WaitForCO2Access.py completed successfully
gosub finished
doing GOSUB
testing...
no interpolation path defined
executed snippet estimated_duration=0, duration=0.000108003616333
Prepare for CO2 analysis
close () {'description': 'Jan Inlet'}
closing name=--- desc=Jan Inlet
checking ownership. requestor=129.138.12.150
check software interlocks R
interlocks []
actuate state mode=None-script, software_lock=False
doing actuation None-script close_channel False
Close R ===>> OK
GetIndicatorState R ===>> False
change switch state (True, True)
update switch state R False args=() kw={} ncanvase=2
22:24:56 -- CLOSE  VALVE-R (Jan Inlet)
---------------------------------------- close None (Jan Inlet) result=[(True, True)]
action=close, ok=True, locked=[False]
open () {'description': 'Jan Ion Pump'}
opening name=--- desc=Jan Ion Pump
checking ownership. requestor=129.138.12.150
check software interlocks O
interlocks []
actuate state mode=None-script, software_lock=False
doing actuation None-script open_channel False
Open O ===>> OK
GetIndicatorState O ===>> OK
change switch state (True, True)
update switch state O True args=() kw={} ncanvase=2
22:24:56 -- OPEN   VALVE-O (Jan Ion Pump)
---------------------------------------- open None (Jan Ion Pump) result=[(True, True)], time=0.09 sec
action=open, ok=True, locked=[False]
close () {'description': 'Microbone to Minibone'}
closing name=--- desc=Microbone to Minibone
checking ownership. requestor=129.138.12.150
check software interlocks L
interlocks []
actuate state mode=None-script, software_lock=False
doing actuation None-script close_channel False
Close L ===>> OK
GetIndicatorState L ===>> False
change switch state (True, True)
update switch state L False args=() kw={} ncanvase=2
22:24:57 -- CLOSE  VALVE-L (Microbone to Minibone)
---------------------------------------- close None (Microbone to Minibone) result=[(True, True)]
action=close, ok=True, locked=[False]
open () {'description': 'Microbone to Turbo'}
opening name=--- desc=Microbone to Turbo
checking ownership. requestor=129.138.12.150
check software interlocks U
interlocks []
actuate state mode=None-script, software_lock=False
doing actuation None-script open_channel False
Open U ===>> OK
GetIndicatorState U ===>> OK
change switch state (True, True)
update switch state U True args=() kw={} ncanvase=2
22:24:57 -- OPEN   VALVE-U (Microbone to Turbo)
---------------------------------------- open None (Microbone to Turbo) result=[(True, True)], time=0.14 sec
action=open, ok=True, locked=[False]
open () {'description': 'Microbone to Inlet Pipette'}
opening name=--- desc=Microbone to Inlet Pipette
checking ownership. requestor=129.138.12.150
check software interlocks S
interlocks []
actuate state mode=None-script, software_lock=False
doing actuation None-script open_channel False
Open S ===>> OK
GetIndicatorState S ===>> OK
change switch state (True, True)
update switch state S True args=() kw={} ncanvase=2
22:24:58 -- OPEN   VALVE-S (Microbone to Inlet Pipette)
---------------------------------------- open None (Microbone to Inlet Pipette) result=[(True, True)], time=0.42 sec
action=open, ok=True, locked=[False]
open () {'description': 'Microbone to Getter D-50'}
opening name=--- desc=Microbone to Getter D-50
checking ownership. requestor=129.138.12.150
check software interlocks K
interlocks []
actuate state mode=None-script, software_lock=False
doing actuation None-script open_channel False
Open K ===>> OK
GetIndicatorState K ===>> OK
change switch state (True, True)
update switch state K True args=() kw={} ncanvase=2
22:24:58 -- OPEN   VALVE-K (Microbone to Getter D-50)
---------------------------------------- open None (Microbone to Getter D-50) result=[(True, True)], time=0.42 sec
action=open, ok=True, locked=[False]
open () {'description': 'Microbone to Getter NP-10'}
opening name=--- desc=Microbone to Getter NP-10
checking ownership. requestor=129.138.12.150
check software interlocks M
interlocks []
actuate state mode=None-script, software_lock=False
doing actuation None-script open_channel False
Open M ===>> OK
GetIndicatorState M ===>> OK
change switch state (True, True)
update switch state M True args=() kw={} ncanvase=2
22:24:59 -- OPEN   VALVE-M (Microbone to Getter NP-10)
---------------------------------------- open None (Microbone to Getter NP-10) result=[(True, True)], time=0.14 sec
action=open, ok=True, locked=[False]
close () {'description': 'CO2 Laser to Felix'}
closing name=--- desc=CO2 Laser to Felix
checking ownership. requestor=129.138.12.150
check software interlocks F
interlocks []
actuate state mode=None-script, software_lock=True
VALVE-F(CO2 Laser to Felix) software locked
change switch state (True, False)
---------------------------------------- close None (CO2 Laser to Felix) result=[(True, False)]
action=close, ok=True, locked=[True]
open () {'description': 'CO2 Laser to Jan'}
opening name=--- desc=CO2 Laser to Jan
checking ownership. requestor=129.138.12.150
check software interlocks A
interlocks []
actuate state mode=None-script, software_lock=False
doing actuation None-script open_channel False
Open A ===>> OK
GetIndicatorState A ===>> OK
change switch state (True, True)
update switch state A True args=() kw={} ncanvase=2
22:24:59 -- OPEN   VALVE-A (CO2 Laser to Jan)
---------------------------------------- open None (CO2 Laser to Jan) result=[(True, True)], time=0.12 sec
action=open, ok=True, locked=[False]
open () {'description': 'Microbone to CO2 Laser'}
opening name=--- desc=Microbone to CO2 Laser
checking ownership. requestor=129.138.12.150
check software interlocks T
interlocks []
actuate state mode=None-script, software_lock=False
doing actuation None-script open_channel False
Open T ===>> OK
GetIndicatorState T ===>> OK
change switch state (True, True)
update switch state T True args=() kw={} ncanvase=2
22:25:00 -- OPEN   VALVE-T (Microbone to CO2 Laser)
---------------------------------------- open None (Microbone to CO2 Laser) result=[(True, True)], time=0.41 sec
action=open, ok=True, locked=[False]
executed snippet estimated_duration=0, duration=4.87187600136
PrepareForCO2Analysis.py completed successfully
gosub finished
set_motor ('beam', '1.25') {}
setting motor "beam" to 1.25
set motor beam to 1.25
SetMotor beam,1.25 ===>> OK
GetMotorMoving beam ===>> False
GetMotorMoving beam ===>> False
Block completed
move_to_position ('3',) {'autocenter': True}
FusionsCO2 move to position 3
sending GoToHole 3,True
GoToHole 3,True ===>> OK
GetDriveMoving ===>> OK
GetDriveMoving ===>> OK
GetDriveMoving ===>> OK
GetDriveMoving ===>> OK
GetDriveMoving ===>> OK
GetDriveMoving ===>> OK
GetDriveMoving ===>> False
GetDriveMoving ===>> OK
GetDriveMoving ===>> OK
GetDriveMoving ===>> OK
GetDriveMoving ===>> False
Block completed
GetAutoCorrecting ===>> False
GetAutoCorrecting ===>> False
Block completed
update position
GetPosition ===>> 0.00000,15.95120,1.00000
got position (0.0, 15.9512, 1.0)
move to position succeeded
sleep (5,) {}
SLEEP 5.0
block started
WaitControl setup for 5.0  
Join finished
block finished. duration 5.03033995628
close () {'description': 'Microbone to Turbo'}
closing name=--- desc=Microbone to Turbo
checking ownership. requestor=129.138.12.150
check software interlocks U
interlocks []
actuate state mode=None-script, software_lock=False
doing actuation None-script close_channel True
Close U ===>> OK
GetIndicatorState U ===>> False
change switch state (True, True)
update switch state U False args=() kw={} ncanvase=2
22:25:11 -- CLOSE  VALVE-U (Microbone to Turbo)
---------------------------------------- close None (Microbone to Turbo) result=[(True, True)]
action=close, ok=True, locked=[False]
enable laser
enable () {}
set extraction state FusionsCO2 Enabled (False, 'red', 1.5)
enabling laser
Enable ===>> OK
begin interval
BEGIN INTERVAL Interval 1 waiting for 30.0
block started
set extract to 5.0
WaitControl setup for 30.0  
extract (5.0,) {}
GetPosition ===>> 0.00000,15.95120,1.00000
set extraction state FusionsCO2 ON! 5.0(watts) (0.75, 'red', 1.5)
extract sample to 5.0 (watts)
set laser output
SetLaserOutput 5.0,watts ===>> OK
executing pattern triangle.lp
execute_pattern ('triangle.lp',) {}
executing pattern triangle.lp
IsPatterning ===>> OK
IsPatterning ===>> OK
IsPatterning ===>> OK
IsPatterning ===>> OK
IsPatterning ===>> OK
IsPatterning ===>> OK
IsPatterning ===>> OK
IsPatterning ===>> OK
IsPatterning ===>> OK
IsPatterning ===>> OK
IsPatterning ===>> OK
IsPatterning ===>> OK
IsPatterning ===>> OK
IsPatterning ===>> OK
IsPatterning ===>> OK
IsPatterning ===>> OK
IsPatterning ===>> OK
IsPatterning ===>> OK
IsPatterning ===>> OK
IsPatterning ===>> OK
IsPatterning ===>> OK
IsPatterning ===>> OK
IsPatterning ===>> OK
IsPatterning ===>> OK
IsPatterning ===>> OK
IsPatterning ===>> OK
IsPatterning ===>> False
IsPatterning ===>> False
Block completed
COMPLETE INTERVAL waiting for Interval 1 to complete
Join finished
block finished. duration 30.1313061714
Interval 1 finished
end_extract () {}
ending extraction. set laser power to 0
set laser power 0
SetLaserPower 0 ===>> OK
disable () {}
%%%%%%%%%%%%%%%%%%%%%%%%%%%%%%%%%%% disable
set extraction state False (0.75, 'red', 1.5)
disabling laser
Disable ===>> OK
sleep (30.0,) {}
SLEEP 30.0
block started
WaitControl setup for 30.0  
Join finished
block finished. duration 30.1267521381
executed snippet estimated_duration=166.0, duration=76.7334020138
jan_co2.py completed successfully
GetAchievedOutput ===>> No Response
Requested Output= 0.000
Achieved Output=  0.000
GetResponseBlob ===>> No Response
GetOutputBlob ===>> No Response
persistence save...
persistence save - db
AutomatedRunPersister post_extraction_save deprecated
persistence save - dvc
no extraction position for 3
create new session 4989601072
close session 4989601072
Extraction Finished
22:26:12 -- ******* Extraction Finished *******
no overlap. not waiting for min ms pumptime
22:26:12 -- Sending spectrometer configuration
======== Sending configuration ========
SetDeflection CDD,50.0 ===>> OK
SetDeflection H2,0.0 ===>> OK
SetDeflection H1,0.0 ===>> OK
SetDeflection L2,825.0 ===>> OK
SetDeflection L1,400.0 ===>> OK
SetDeflection AX,190.0 ===>> OK
SetZFocus 74.64 ===>> OK
SetZSymmetry -50.72 ===>> OK
SetExtractionLens 26.13 ===>> OK
SetIonRepeller -3.81 ===>> OK
SetElectronEnergy 75.08 ===>> OK
SetYSymmetry -2.81 ===>> OK
SetIonCounterVoltage 1590.0 ===>> OK
send trap current 200.0
GetParameter Trap Current Readback ===>> 197.363852774217
SetParameter Trap Current Set,200.0 ===>> OK
updating mftable name mftable
Using mftable located at /Users/jan/PychronDev/setupfiles/spectrometer/mftables/mftable.csv
============ MFtable ===========
Isotope  H2     H1     AX     L1     L2     CDD    
Ar40     5.8087 5.8793 5.9926 6.1486 6.2309 6.3769
Ar39     5.7080 5.7716 5.8851 6.0347 6.1160 6.2634
Ar36     5.3855 5.4406 5.5484 5.6936 5.7710 5.9145
================================
get initial guess parabolic
get initial guess parabolic
get initial guess parabolic
get initial guess parabolic
get initial guess parabolic
get initial guess parabolic
======== Configuration Finished ========
GetYSymmetry ===>> -2.81
GetZSymmetry ===>> -50.72
GetParameter Trap Current Readback ===>> 198.147042666178
GetHighVoltage ===>> 4499.94659342336
start measurement
do measurement
L#=25304 analysis type=unknown
Measurement Started jan_unknown120_60.py
22:26:12 -- ******* Measurement Started jan_unknown120_60.py *******
state changed from extraction to measurement
setting spec, defl, and gains
GetExtractionLens ===>> 26.13
GetYSymmetry ===>> -2.81
GetZSymmetry ===>> -50.72
GetZFocus ===>> 74.64
GetDeflection H2 ===>> 0
GetDeflection H1 ===>> 0
GetDeflection AX ===>> 190
GetDeflection L1 ===>> 400
GetDeflection L2 ===>> 825
GetDeflection CDD ===>> 50
GetGain H2 ===>> 0.0113
GetGain H1 ===>> 0.1
GetGain AX ===>> 0.097049
GetGain L1 ===>> 0.010355
GetGain L2 ===>> 0.095649
GetGain CDD ===>> 0
pre measurement save
New frame /Users/jan/PychronDev/data/isotopes/9e/8326aa-826c-47e7-a663-80ba6fc305d4.h5
flush and close file /Users/jan/PychronDev/data/isotopes/9e/8326aa-826c-47e7-a663-80ba6fc305d4.h5
testing...
no interpolation path defined
executed snippet estimated_duration=226.132928, duration=0.000157117843628
unknown measurement script
activate_detectors ('H2', 'H1', 'AX', 'L1', 'L2', 'CDD') {}
activate detectors
*************** Set Analysis View Ar/Ar
create graphs
clearing graphs
clear isotope group
setting isotope det=H2, iso=PM41
setting isotope det=H1, iso=Ar40
setting isotope det=AX, iso=Ar39
setting isotope det=L1, iso=Ar38
setting isotope det=L2, iso=Ar37
setting isotope det=CDD, iso=Ar36
setting previous blanks
 - setting Ar40 blank 0.764+/-0.007
 - setting Ar36 blank 0.00598+/-0.00020
 - setting Ar37 blank 0.037+/-0.005
 - setting Ar38 blank 0.0043+/-0.0021
 - setting PM41 blank 0.04+/-0.06
 - setting Ar39 blank 0.031+/-0.009
load analysis view
position_magnet ('Ar40',) {'detector': 'H1'}
detector Detector(H1)
POSITION Ar40 H1
setting detector H2 to PM41 (40.9624)
setting detector H1 to Ar40 (39.9624)
setting detector AX to Ar39 (38.9624)
setting detector L1 to Ar38 (37.9624)
setting detector L2 to Ar37 (36.9624)
setting detector CDD to Ar36 (35.9624)
Mapping mass to dac mass func: "parabolic"
H1 map mass coeffs = [-0.00063987  0.15840543  0.57092999]
H1 map mass to dac 39.9624 >> 5.87932
GetDeflection H1 ===>> 0
GetHighVoltage ===>> 4499.94659342336
positioning Ar40 (5.87928537724) on H1
setting magnet DAC
current  : 5.879290
requested: 5.879285
Delta Dac: 0.000004
Checking detector protection. dv=0.00000
Checking detector "CDD". Protection Threshold: 0.1 (V)
SetMagnetDAC 5.87928537724 ===>> OK
Magnet settling time: 0.500
equilibrate () {'delay': 3, 'inlet': 'R', 'outlet': 'O', 'eqtime': 12.0}
Equilibration Started
22:26:14 -- ******* Equilibration Started *******
checking ownership. requestor=129.138.12.150
check software interlocks O
interlocks []
actuate state mode=None-script, software_lock=False
doing actuation None-script close_channel True
Close O ===>> OK
GetIndicatorState O ===>> False
change switch state (True, True)
update switch state O False args=() kw={} ncanvase=2
22:26:14 -- CLOSE  VALVE-O (Jan Ion Pump)
waiting 3s before opening inlet value ('R',)
update labels <pychron.experiment.plot_panel.PlotPanel object at 0x1af115fb0>
update labels "<pychron.graph.stacked_regression_graph.StackedRegressionGraph object at 0x1b72a1050>"
setting label 0 H2 PM41
setting label 1 H1 Ar40
setting label 2 AX Ar39
setting label 3 L1 Ar38
setting label 4 L2 Ar37
setting label 5 CDD Ar36
update labels "<pychron.graph.stacked_graph.StackedGraph object at 0x18ee2f8f0>"
setting label 0 H2 PM41
setting label 1 H1 Ar40
setting label 2 AX Ar39
setting label 3 L1 Ar38
setting label 4 L2 Ar37
setting label 5 CDD Ar36
checking ownership. requestor=129.138.12.150
check software interlocks R
interlocks []
actuate state mode=None-script, software_lock=False
doing actuation None-script open_channel True
Open R ===>> OK
GetIndicatorState R ===>> OK
change switch state (True, True)
update switch state R True args=() kw={} ncanvase=2
22:26:17 -- OPEN   VALVE-R (Jan Inlet)
equilibrating for 12.0sec
set_time_zero () {}
sniff (12.0,) {}
py_sniff
build tables- sniff [Detector(H2), Detector(H1), Detector(AX), Detector(L1), Detector(L2), Detector(CDD)]
add group /sniff/PM41 (Group) '' table H2
add group /sniff/Ar40 (Group) '' table H1
add group /sniff/Ar39 (Group) '' table AX
add group /sniff/Ar38 (Group) '' table L1
add group /sniff/Ar37 (Group) '' table L2
add group /sniff/Ar36 (Group) '' table CDD
flush and close file /Users/jan/PychronDev/data/isotopes/9e/8326aa-826c-47e7-a663-80ba6fc305d4.h5
measuring sniff. ncounts=12.0
"sniff" increment series count="1" fit count="0" regressing="False"
starting measurement
GetData ===>> H2,-0.148167438864247,H1,0.0707469765077963,AX,-0.0172716246929553,L1,-0.00135008645851346,L2,0.0...
GetData ===>> H2,0.619201675283848,H1,249.93384806266,AX,33.2942190144839,L1,0.198797331312565,L2,0.23522103669...
GetData ===>> H2,0.75544015734301,H1,610.544655305681,AX,77.5920850324503,L1,0.674507110019433,L2,0.28646525894...
GetData ===>> H2,0.281827072698359,H1,731.829002894532,AX,90.5569695825011,L1,0.953331395114002,L2,0.2208280486...
GetData ===>> H2,0.175592349574784,H1,772.951620676826,AX,94.4333952898303,L1,1.06650813211227,L2,0.27963088428...
GetData ===>> H2,0.116229670839916,H1,788.889747414138,AX,95.9048482908584,L1,1.11331338839193,L2,0.18448425536...
GetData ===>> H2,-0.00939577097166177,H1,795.695293205177,AX,96.4481171825823,L1,1.16070428853289,L2,0.15979888...
GetData ===>> H2,-0.0787961337874142,H1,798.608646050583,AX,96.8155814504573,L1,1.22632070043705,L2,0.181757600...
GetData ===>> H2,-0.067329122075825,H1,799.648690168776,AX,97.0108448533507,L1,1.2362562162998,L2,0.24651094471...
GetData ===>> H2,-0.138922450330783,H1,800.1906434865,AX,96.9687990670659,L1,1.26121263831331,L2,0.304472006241...
GetData ===>> H2,-0.0606523942880765,H1,800.419904722277,AX,97.0681828554829,L1,1.24816757055496,L2,0.290139364...
Equilibration Finished
22:26:29 -- ******* Equilibration Finished *******
checking ownership. requestor=129.138.12.150
check software interlocks R
interlocks []
actuate state mode=None-script, software_lock=False
doing actuation None-script close_channel True
GetData ===>> H2,-0.0521175290954348,H1,800.240410231105,AX,97.1089963048836,L1,1.23097177089833,L2,0.101874861...
Close R ===>> OK
set states for children of R. state=False
handle state [('R', False)]
update switch state R False args=() kw={'refresh': False} ncanvase=2
refresh_canvas_needed fired
GetIndicatorState R ===>> False
change switch state (True, True)
update switch state R False args=() kw={} ncanvase=2
22:26:30 -- CLOSE  VALVE-R (Jan Inlet)
Post Equilibration Started jan_pump_extraction_line.py
22:26:30 -- ******* Post Equilibration Started jan_pump_extraction_line.py *******
testing...
no interpolation path defined
calculate duration
testing...
no interpolation path defined
executed snippet estimated_duration=4.0, duration=0.000174045562744
executed snippet estimated_duration=4.0, duration=0.00144815444946
Pump after analysis
doing GOSUB
testing...
no interpolation path defined
executed snippet estimated_duration=4.0, duration=0.000138998031616
Pump Microbone
close () {'description': 'Jan Inlet'}
closing name=--- desc=Jan Inlet
checking ownership. requestor=129.138.12.150
check software interlocks R
interlocks []
actuate state mode=None-script, software_lock=False
doing actuation None-script close_channel False
Close R ===>> OK
measurement finished
estimated time: 12.583 actual time: :12.689
flush and close file /Users/jan/PychronDev/data/isotopes/9e/8326aa-826c-47e7-a663-80ba6fc305d4.h5
set_fits () {}
using default fits file=/Users/jan/PychronDev/scripts/measurement/fits/nominal_linear.yaml
set "Ar40" to "('Linear', 'SEM')"
No fit for "PM41". defaulting to linear. check the measurement script "jan_unknown120_60.py"
set "PM41" to "linear"
set "Ar36" to "('Linear', 'SEM')"
set "Ar37" to "('linear', 'SEM')"
set "Ar38" to "('linear', 'SEM')"
set "Ar39" to "('Linear', 'SEM')"
set_baseline_fits () {}
using default fits file=/Users/jan/PychronDev/scripts/measurement/fits/nominal_linear.yaml
GetIndicatorState R ===>> False
change switch state (True, True)
update switch state R False args=() kw={} ncanvase=2
set "H1" to "('average', 'SEM')"
set "H2" to "('average', 'SEM')"
set "CDD" to "('average', 'SEM')"
set "L2" to "('average', 'SEM')"
set "L1" to "('average', 'SEM')"
22:26:31 -- CLOSE  VALVE-R (Jan Inlet)
set "AX" to "('average', 'SEM')"
---------------------------------------- close None (Jan Inlet) result=[(True, True)]
multicollect () {'integration_time': 1, 'ncounts': 120}
build tables- signal [Detector(H2), Detector(H1), Detector(AX), Detector(L1), Detector(L2), Detector(CDD)]
add group /signal/PM41 (Group) '' table H2
add group /signal/Ar40 (Group) '' table H1
add group /signal/Ar39 (Group) '' table AX
add group /signal/Ar38 (Group) '' table L1
add group /signal/Ar37 (Group) '' table L2
add group /signal/Ar36 (Group) '' table CDD
flush and close file /Users/jan/PychronDev/data/isotopes/9e/8326aa-826c-47e7-a663-80ba6fc305d4.h5
measuring signal. ncounts=120
action=close, ok=True, locked=[False]
is_closed ('F',) {}
is F () closed?
is closed True
open () {'description': 'CO2 Laser to Jan'}
opening name=--- desc=CO2 Laser to Jan
checking ownership. requestor=129.138.12.150
check software interlocks A
interlocks []
actuate state mode=None-script, software_lock=False
doing actuation None-script open_channel False
Open A ===>> OK
GetIndicatorState A ===>> OK
change switch state (True, True)
update switch state A True args=() kw={} ncanvase=2
22:26:31 -- OPEN   VALVE-A (CO2 Laser to Jan)
---------------------------------------- open None (CO2 Laser to Jan) result=[(True, True)], time=0.14 sec
starting measurement
GetData ===>> H2,-0.0453958226769665,H1,800.263782474458,AX,97.2955552174017,L1,1.22320778703324,L2,0.213192995...
action=open, ok=True, locked=[False]
sleep (1,) {}
SLEEP 1.0
"signal" increment series count="2" fit count="1" regressing="True"
GetData ===>> H2,-0.0442913801903268,H1,800.248816958189,AX,96.9732655304559,L1,1.23828106377402,L2,0.208593997...
close () {'description': 'CO2 Laser to Roughing'}
closing name=--- desc=CO2 Laser to Roughing
checking ownership. requestor=129.138.12.150
check software interlocks G
interlocks []
actuate state mode=None-script, software_lock=True
VALVE-G(CO2 Laser to Roughing) software locked
change switch state (True, False)
---------------------------------------- close None (CO2 Laser to Roughing) result=[(True, False)]
action=close, ok=True, locked=[True]
open () {'description': 'Microbone to Turbo'}
opening name=--- desc=Microbone to Turbo
checking ownership. requestor=129.138.12.150
check software interlocks U
interlocks []
actuate state mode=None-script, software_lock=False
doing actuation None-script open_channel True
Open U ===>> OK
GetIndicatorState U ===>> OK
change switch state (True, True)
update switch state U True args=() kw={} ncanvase=2
22:26:33 -- OPEN   VALVE-U (Microbone to Turbo)
---------------------------------------- open None (Microbone to Turbo) result=[(True, True)], time=0.20 sec
action=open, ok=True, locked=[False]
open () {'description': 'Microbone to Getter NP-10'}
opening name=--- desc=Microbone to Getter NP-10
checking ownership. requestor=129.138.12.150
check software interlocks M
interlocks []
actuate state mode=None-script, software_lock=False
doing actuation None-script open_channel False
Open M ===>> OK
GetIndicatorState M ===>> OK
change switch state (True, True)
update switch state M True args=() kw={} ncanvase=2
22:26:33 -- OPEN   VALVE-M (Microbone to Getter NP-10)
---------------------------------------- open None (Microbone to Getter NP-10) result=[(True, True)], time=0.19 sec
action=open, ok=True, locked=[False]
open () {'description': 'Microbone to Getter D-50'}
opening name=--- desc=Microbone to Getter D-50
checking ownership. requestor=129.138.12.150
check software interlocks K
interlocks []
actuate state mode=None-script, software_lock=False
doing actuation None-script open_channel False
GetData ===>> H2,-0.0505664049793233,H1,800.229320722126,AX,96.9133880651162,L1,1.29109906253789,L2,0.201496225...
Open K ===>> OK
GetIndicatorState K ===>> OK
change switch state (True, True)
update switch state K True args=() kw={} ncanvase=2
22:26:34 -- OPEN   VALVE-K (Microbone to Getter D-50)
---------------------------------------- open None (Microbone to Getter D-50) result=[(True, True)], time=0.42 sec
action=open, ok=True, locked=[False]
open () {'description': 'Microbone to CO2 Laser'}
opening name=--- desc=Microbone to CO2 Laser
checking ownership. requestor=129.138.12.150
check software interlocks T
interlocks []
actuate state mode=None-script, software_lock=False
doing actuation None-script open_channel False
Open T ===>> OK
GetIndicatorState T ===>> OK
change switch state (True, True)
update switch state T True args=() kw={} ncanvase=2
22:26:34 -- OPEN   VALVE-T (Microbone to CO2 Laser)
---------------------------------------- open None (Microbone to CO2 Laser) result=[(True, True)], time=0.43 sec
GetData ===>> H2,-0.0276307535039136,H1,799.567497316921,AX,97.0523507284046,L1,1.27674096375047,L2,0.199282558...
action=open, ok=True, locked=[False]
open () {'description': 'Microbone to Inlet Pipette'}
opening name=--- desc=Microbone to Inlet Pipette
checking ownership. requestor=129.138.12.150
check software interlocks S
interlocks []
actuate state mode=None-script, software_lock=False
doing actuation None-script open_channel False
Open S ===>> OK
GetIndicatorState S ===>> OK
change switch state (True, True)
update switch state S True args=() kw={} ncanvase=2
22:26:35 -- OPEN   VALVE-S (Microbone to Inlet Pipette)
---------------------------------------- open None (Microbone to Inlet Pipette) result=[(True, True)], time=0.43 sec
action=open, ok=True, locked=[False]
sleep (1,) {}
SLEEP 1.0
testing H1>-5.0
evaluate ot="H1.bs>-5.0" t="H1>-5.0", ctx="{'H1': None}"
GetData ===>> H2,-0.0718126381840843,H1,798.97770240265,AX,96.9975988620615,L1,1.24053304274785,L2,0.1612246220...
set_resource () {'name': 'CO2PumpTimeFlag', 'value': 30}
Set CO2PumpTimeFlag 30 ===>> OK
release ('JanCO2Flag',) {}
release JanCO2Flag
Set JanCO2Flag 0 ===>> OK
executed snippet estimated_duration=6.0, duration=6.15133404732
PumpMicrobone.py completed successfully
gosub finished
get_resource_value () {'name': 'JanMiniboneFlag'}
Read JanMiniboneFlag ===>> 0
Get Resource Value JanMiniboneFlag=0.0
get resource value 0.0
get_resource_value () {'name': 'JanMiniboneFlag'}
Read JanMiniboneFlag ===>> 0
Get Resource Value JanMiniboneFlag=0.0
executed snippet estimated_duration=4.0, duration=6.16594696045
jan_pump_extraction_line.py completed successfully
Post Equilibration Finished
22:26:36 -- ******* Post Equilibration Finished *******
GetData ===>> H2,-0.216607681607736,H1,798.75840516138,AX,96.8718045525434,L1,1.26100988886154,L2,0.23215050325...
GetData ===>> H2,-0.199065867334224,H1,798.370490845027,AX,96.9045110564818,L1,1.25293746243437,L2,0.2590352814...
GetData ===>> H2,-0.270050885341162,H1,798.183943468774,AX,96.541245947844,L1,1.24070756544963,L2,0.14463034907...
GetData ===>> H2,-0.277780682732524,H1,797.719213509198,AX,96.5888276111456,L1,1.26045776674766,L2,0.0664257116...
testing H1>-5.0
evaluate ot="H1.bs>-5.0" t="H1>-5.0", ctx="{'H1': None}"
GetData ===>> H2,-0.08307059565155,H1,797.252491080381,AX,96.7148081155155,L1,1.29137986868009,L2,0.26457187987...
GetData ===>> H2,0.00233041449665172,H1,797.352542214907,AX,96.7725059109542,L1,1.24856658658854,L2,0.268610198...
GetData ===>> H2,-0.0711211039342741,H1,796.702737912456,AX,96.598252082587,L1,1.20488132933928,L2,0.2867505105...
GetData ===>> H2,-0.144170129092868,H1,796.39737846118,AX,96.6029385108851,L1,1.21171759997471,L2,0.23667072795...
GetData ===>> H2,-0.151760977731157,H1,796.516412092697,AX,96.4726347935476,L1,1.23890132964701,L2,0.2403692523...
testing H1>-5.0
evaluate ot="H1.bs>-5.0" t="H1>-5.0", ctx="{'H1': None}"
GetData ===>> H2,-0.12366989322007,H1,795.731380957223,AX,96.4744915678118,L1,1.2186972639459,L2,0.237846477929...
GetData ===>> H2,-0.113279504914867,H1,795.500783904586,AX,96.5371166898702,L1,1.20349368694609,L2,0.1493061074...
GetData ===>> H2,-0.218328962907753,H1,794.905937697057,AX,96.5567056803531,L1,1.2248793533252,L2,0.19595074447...
GetData ===>> H2,-0.200206595518892,H1,794.381770260193,AX,96.483966691233,L1,1.25641653937139,L2,0.26054513822...
GetData ===>> H2,-0.10350312704747,H1,794.531698014256,AX,96.5458958406937,L1,1.22419821895667,L2,0.26282655746...
testing H1>-5.0
evaluate ot="H1.bs>-5.0" t="H1>-5.0", ctx="{'H1': None}"
GetData ===>> H2,-0.166297499614593,H1,794.317519551256,AX,96.4584928508159,L1,1.18161203220482,L2,0.1695399478...
GetData ===>> H2,-0.253459129810955,H1,794.035477344304,AX,96.1128109301255,L1,1.17940306039753,L2,0.0601300511...
GetData ===>> H2,-0.197474588621297,H1,793.525439240115,AX,95.9837961071386,L1,1.22091156039462,L2,0.2608417196...
GetData ===>> H2,-0.189610280489562,H1,793.120702650899,AX,96.1327600698882,L1,1.25376698574151,L2,0.2267402117...
GetData ===>> H2,-0.0559489720355982,H1,792.93405724325,AX,96.2265621126961,L1,1.26887147398741,L2,0.1877243976...
testing H1>-5.0
evaluate ot="H1.bs>-5.0" t="H1>-5.0", ctx="{'H1': None}"
22:26:57 -- collecting point 25
GetData ===>> H2,-0.0613561129943761,H1,792.763508388412,AX,96.1240639615788,L1,1.23646632414453,L2,0.201564690...
GetData ===>> H2,-0.0558879286972016,H1,792.867586752908,AX,96.112152312128,L1,1.22841940504245,L2,0.1278337159...
GetData ===>> H2,-0.163436946446683,H1,792.757353175474,AX,96.1081313406411,L1,1.22830732787201,L2,0.1855909113...
GetData ===>> H2,-0.135800801798461,H1,792.239301235198,AX,96.0052011442266,L1,1.24801969618938,L2,0.1471278598...
GetData ===>> H2,-0.189111402340525,H1,791.785712430356,AX,95.8985099188261,L1,1.23220003449671,L2,0.3011967629...
testing H1>-5.0
evaluate ot="H1.bs>-5.0" t="H1>-5.0", ctx="{'H1': None}"
GetData ===>> H2,-0.0991131518227026,H1,791.327661701499,AX,95.6912771860052,L1,1.2260660313262,L2,0.2303242103...
GetData ===>> H2,-0.127781481263769,H1,790.962417217132,AX,95.7611771866026,L1,1.21479790979593,L2,0.1319613322...
GetData ===>> H2,-0.0168949991494279,H1,790.562734734006,AX,95.8804488069892,L1,1.21939204547459,L2,0.295502442...
GetData ===>> H2,-0.172651849611856,H1,790.407384151748,AX,95.9881773023076,L1,1.20286415617341,L2,0.0883908932...
GetData ===>> H2,-0.0899812289338747,H1,790.039279415922,AX,95.783947368314,L1,1.19063446790578,L2,0.1205139060...
testing H1>-5.0
evaluate ot="H1.bs>-5.0" t="H1>-5.0", ctx="{'H1': None}"
GetData ===>> H2,-0.0942609535570257,H1,789.812679709931,AX,95.829931178799,L1,1.17744217168842,L2,0.3289428718...
GetData ===>> H2,-0.115723724880393,H1,789.099751435338,AX,96.0110551741939,L1,1.17155024650021,L2,0.2342165390...
GetData ===>> H2,-0.121101592169749,H1,788.751836817702,AX,95.8909942840946,L1,1.19058365663341,L2,0.1961561269...
GetData ===>> H2,-0.186388758209085,H1,788.2697992129,AX,95.6413639921159,L1,1.18441995426516,L2,0.171752927179...
GetData ===>> H2,-0.259029496070339,H1,788.235632074717,AX,95.391412680763,L1,1.18199442514938,L2,0.20365288872...
testing H1>-5.0
evaluate ot="H1.bs>-5.0" t="H1>-5.0", ctx="{'H1': None}"
GetData ===>> H2,-0.192724401008929,H1,788.02331067324,AX,95.4876724802838,L1,1.19015117193817,L2,0.13120877017...
GetData ===>> H2,-0.15222942181894,H1,787.541675704039,AX,95.5696643624319,L1,1.21931569364544,L2,0.15311530864...
GetData ===>> H2,-0.086792336417472,H1,787.364551596428,AX,95.6099197072012,L1,1.21845931802569,L2,0.2362712045...
GetData ===>> H2,-0.109537719649282,H1,787.11115880212,AX,95.5126942377677,L1,1.18431321429521,L2,0.34894422801...
GetData ===>> H2,-0.157509699219549,H1,787.161882338581,AX,95.4797362796578,L1,1.18378207176158,L2,0.2503810981...
testing H1>-5.0
evaluate ot="H1.bs>-5.0" t="H1>-5.0", ctx="{'H1': None}"
GetData ===>> H2,-0.0962451476702985,H1,786.575193183975,AX,95.1863402269417,L1,1.18247211799625,L2,0.213135935...
GetData ===>> H2,-0.0994556931635345,H1,786.546788191889,AX,95.2963094466424,L1,1.23776526432887,L2,0.236476673...
GetData ===>> H2,-0.0721353397831569,H1,786.338143040522,AX,95.2892425522464,L1,1.18700109955287,L2,0.204417431...
GetData ===>> H2,-0.141998644076681,H1,786.4035854496,AX,95.2542932713271,L1,1.1887311088739,L2,0.2267059704123...
GetData ===>> H2,-0.00179638228638261,H1,785.745626385965,AX,95.3944538518997,L1,1.21669715631766,L2,0.18484933...
testing H1>-5.0
evaluate ot="H1.bs>-5.0" t="H1>-5.0", ctx="{'H1': None}"
22:27:23 -- collecting point 50
GetData ===>> H2,-0.0689106243506488,H1,785.474474114929,AX,95.4282738985911,L1,1.19996497866911,L2,0.181529432...
GetData ===>> H2,-0.128538467626674,H1,784.713329260124,AX,95.2063316289934,L1,1.20300404869142,L2,0.2529042027...
GetData ===>> H2,-0.112475477052287,H1,784.650579820289,AX,95.3585613751557,L1,1.21724422233045,L2,0.3428018148...
GetData ===>> H2,-0.100380367830639,H1,784.380237276352,AX,95.2213557156132,L1,1.20748793919004,L2,0.1489981845...
GetData ===>> H2,-0.14313916470983,H1,784.273961657819,AX,95.1603755016701,L1,1.2278577574026,L2,0.154826077088...
testing H1>-5.0
evaluate ot="H1.bs>-5.0" t="H1>-5.0", ctx="{'H1': None}"
GetData ===>> H2,-0.16066074997451,H1,783.903380918395,AX,95.0395271516128,L1,1.21145819248847,L2,0.11853012874...
GetData ===>> H2,-0.103554556729214,H1,783.363996207929,AX,95.1157470848136,L1,1.18263601222882,L2,0.2493992745...
GetData ===>> H2,-0.0651695386832816,H1,783.336562034788,AX,95.0816978014004,L1,1.18952438847479,L2,0.165638840...
GetData ===>> H2,-0.146162881063038,H1,782.913757752093,AX,94.9948002117835,L1,1.18524087117215,L2,0.1666198060...
GetData ===>> H2,-0.165753523641665,H1,782.705414960904,AX,95.035177868915,L1,1.2172429500514,L2,0.174502111894...
testing H1>-5.0
evaluate ot="H1.bs>-5.0" t="H1>-5.0", ctx="{'H1': None}"
GetData ===>> H2,-0.140587699199368,H1,782.407096270391,AX,95.0453091383389,L1,1.20163572427477,L2,0.2289430994...
GetData ===>> H2,-0.188527552149238,H1,782.359427132763,AX,94.9656598002856,L1,1.20671695753544,L2,0.2553588705...
GetData ===>> H2,-0.304283170870722,H1,782.053808781528,AX,94.9301571640249,L1,1.19687847478527,L2,0.1413346468...
GetData ===>> H2,-0.199896479855507,H1,781.604118706898,AX,94.7254086487986,L1,1.19812161319332,L2,0.1972172767...
GetData ===>> H2,-0.0928562326855418,H1,781.099930354169,AX,94.8863302325259,L1,1.17750058673476,L2,0.119031769...
testing H1>-5.0
evaluate ot="H1.bs>-5.0" t="H1>-5.0", ctx="{'H1': None}"
GetData ===>> H2,-0.153649717757237,H1,780.673690162375,AX,94.7280987276636,L1,1.21986162122528,L2,0.2665796103...
GetData ===>> H2,-0.130792743442603,H1,780.296749577464,AX,94.9121243990105,L1,1.20919294784485,L2,0.1600726242...
GetData ===>> H2,-0.184037776361812,H1,780.027451148195,AX,94.8106877852428,L1,1.18298540756922,L2,0.1702814043...
GetData ===>> H2,-0.302301451315583,H1,779.607033745883,AX,94.7320994502616,L1,1.1782752513169,L2,0.21121870913...
GetData ===>> H2,-0.266959632987285,H1,779.470922491667,AX,94.6853220532197,L1,1.22307794287013,L2,0.2537604750...
testing H1>-5.0
evaluate ot="H1.bs>-5.0" t="H1>-5.0", ctx="{'H1': None}"
GetData ===>> H2,-0.124976136211478,H1,779.258265752429,AX,94.6427131289696,L1,1.280738916613,L2,0.220611200234...
GetData ===>> H2,-0.168963009243741,H1,778.628739719255,AX,94.5381608438433,L1,1.27153935187708,L2,0.2666252410...
GetData ===>> H2,-0.0341855001940677,H1,778.72868170568,AX,94.4193353236315,L1,1.19323632857087,L2,0.2330408336...
GetData ===>> H2,-0.022291446066509,H1,778.4047622706,AX,94.4166130862426,L1,1.19505851705391,L2,0.236807707791...
GetData ===>> H2,-0.140890445456869,H1,777.964489782637,AX,94.5201883103423,L1,1.20847401173542,L2,0.1290993473...
testing H1>-5.0
evaluate ot="H1.bs>-5.0" t="H1>-5.0", ctx="{'H1': None}"
22:27:49 -- collecting point 75
GetData ===>> H2,-0.0772973208213831,H1,777.607948205931,AX,94.4849562204333,L1,1.18750952284114,L2,0.153674156...
GetData ===>> H2,-0.1649921833882,H1,777.357920479616,AX,94.3985580245454,L1,1.190130829503,L2,0.22082804869835...
GetData ===>> H2,-0.136021197545726,H1,777.523512777318,AX,94.4516442704835,L1,1.16551515224054,L2,0.1869828061...
GetData ===>> H2,-0.124512342505566,H1,776.709906131322,AX,94.3272556853588,L1,1.21068000784683,L2,0.1647377305...
GetData ===>> H2,-0.192859192072216,H1,776.587413277966,AX,94.2928227099044,L1,1.18513285217867,L2,0.2376752513...
testing H1>-5.0
evaluate ot="H1.bs>-5.0" t="H1>-5.0", ctx="{'H1': None}"
GetData ===>> H2,-0.206244066737571,H1,776.554466546261,AX,94.1437803305926,L1,1.13296655486439,L2,0.2294795616...
GetData ===>> H2,-0.0858173256016392,H1,776.281714450142,AX,94.2774854610344,L1,1.14540378792213,L2,0.160962284...
GetData ===>> H2,-0.0964618304830734,H1,776.081045547127,AX,94.3562201708055,L1,1.18802305496819,L2,0.272785588...
GetData ===>> H2,0.0175886204009176,H1,776.012682397743,AX,94.2583774424655,L1,1.21492638132581,L2,0.2339654163...
GetData ===>> H2,-0.0902115811941969,H1,775.187801108099,AX,94.0071548619167,L1,1.21565399183035,L2,0.166015256...
testing H1>-5.0
evaluate ot="H1.bs>-5.0" t="H1>-5.0", ctx="{'H1': None}"
GetData ===>> H2,-0.126194349527658,H1,774.696405635667,AX,94.2023327948603,L1,1.21176337842071,L2,0.1799322688...
GetData ===>> H2,-0.170556616929927,H1,774.302736617274,AX,94.1805234445111,L1,1.21276673865978,L2,0.2719527778...
GetData ===>> H2,-0.157523207521962,H1,774.349025233441,AX,94.0155154920395,L1,1.18988926605139,L2,0.1429197628...
GetData ===>> H2,-0.156099343865653,H1,774.26580180443,AX,94.0437146857623,L1,1.17463227812071,L2,0.20303669438...
GetData ===>> H2,-0.162135351464788,H1,773.538001473551,AX,94.1478758213425,L1,1.19589728581601,L2,0.1822595732...
testing H1>-5.0
evaluate ot="H1.bs>-5.0" t="H1>-5.0", ctx="{'H1': None}"
GetData ===>> H2,-0.138166790057067,H1,773.103357478166,AX,94.0684429776759,L1,1.22600236499704,L2,0.2432688126...
GetData ===>> H2,-0.11974755661067,H1,772.957246158557,AX,93.9849138148791,L1,1.21411105853358,L2,0.14825689298...
GetData ===>> H2,0.0211233471894224,H1,773.04685667239,AX,93.9984162846652,L1,1.18889001432423,L2,0.17144493214...
GetData ===>> H2,-0.0630657376898222,H1,772.685999994517,AX,93.8586695845628,L1,1.14041497883743,L2,0.181335489...
GetData ===>> H2,-0.0825734587239879,H1,771.846163610845,AX,93.870380383235,L1,1.15372161389237,L2,0.2517396846...
testing H1>-5.0
evaluate ot="H1.bs>-5.0" t="H1>-5.0", ctx="{'H1': None}"
GetData ===>> H2,-0.148311958648937,H1,771.634545693036,AX,93.8465470718801,L1,1.16013449109385,L2,0.2302557250...
GetData ===>> H2,-0.161903100957394,H1,771.438165618181,AX,93.8498140317663,L1,1.1822917102037,L2,0.23297234642...
GetData ===>> H2,-0.0903010108138856,H1,771.062429594708,AX,93.7051962814153,L1,1.15829713373418,L2,0.199122811...
GetData ===>> H2,-0.16127654096331,H1,770.856793628202,AX,93.8183167427433,L1,1.2173803570651,L2,0.288051268686...
GetData ===>> H2,-0.13717313508965,H1,770.321066257277,AX,93.6209799782577,L1,1.19501403873361,L2,0.16748671385...
testing H1>-5.0
evaluate ot="H1.bs>-5.0" t="H1>-5.0", ctx="{'H1': None}"
22:28:16 -- collecting point 100
GetData ===>> H2,-0.0399344374580495,H1,770.281621051384,AX,93.6526949329855,L1,1.1732333213375,L2,0.1848949715...
GetData ===>> H2,-0.203516213584416,H1,770.163204391809,AX,93.6514921801207,L1,1.19566471150597,L2,0.1539934992...
GetData ===>> H2,-0.139917303729072,H1,769.802237384732,AX,93.6142805283915,L1,1.19228215459977,L2,0.2383487444...
GetData ===>> H2,-0.177910520757261,H1,769.384738003886,AX,93.3939487681612,L1,1.15789747435201,L2,0.1467971355...
GetData ===>> H2,-0.147173308937046,H1,769.017521820268,AX,93.5862149359804,L1,1.17074815052002,L2,0.2111160016...
testing H1>-5.0
evaluate ot="H1.bs>-5.0" t="H1>-5.0", ctx="{'H1': None}"
GetData ===>> H2,-0.140207903404884,H1,768.879652670962,AX,93.5809081647614,L1,1.16354230837182,L2,0.1840393148...
GetData ===>> H2,-0.00308460914723902,H1,768.292927711756,AX,93.4486902110824,L1,1.19790043073624,L2,0.10562517...
GetData ===>> H2,0.0480647342979611,H1,768.029146770115,AX,93.4684358796226,L1,1.17620791120854,L2,0.1794074923...
GetData ===>> H2,-0.135840013624887,H1,767.607412046032,AX,93.3579807712162,L1,1.18394725679608,L2,0.2220036041...
GetData ===>> H2,-0.155369780852419,H1,767.842303219799,AX,93.4050361354631,L1,1.17885311155883,L2,0.1460444567...
testing H1>-5.0
evaluate ot="H1.bs>-5.0" t="H1>-5.0", ctx="{'H1': None}"
GetData ===>> H2,-0.154871219118969,H1,767.581831858278,AX,93.2692985038514,L1,1.16790869978624,L2,0.1492490845...
GetData ===>> H2,-0.237598358278622,H1,767.076582197234,AX,93.3318552531941,L1,1.14364082509045,L2,0.2128278068...
GetData ===>> H2,-0.230900271866683,H1,766.738614178619,AX,93.143086338773,L1,1.15472864302231,L2,0.21412879924...
set states for children of V. state=True
handle state [('V', True)]
update switch state V True args=() kw={'refresh': False} ncanvase=2
refresh_canvas_needed fired
GetData ===>> H2,-0.166586349688517,H1,766.470349606325,AX,93.2336987737057,L1,1.1615266780049,L2,0.26581529889...
GetData ===>> H2,-0.186970021520806,H1,765.791416336638,AX,93.0290705584778,L1,1.18716633446272,L2,0.2395016843...
testing H1>-5.0
evaluate ot="H1.bs>-5.0" t="H1>-5.0", ctx="{'H1': None}"
GetData ===>> H2,-0.125402052513666,H1,765.817555080375,AX,93.0431611636506,L1,1.20450991699206,L2,0.3650556618...
GetData ===>> H2,-0.18604349255304,H1,765.578997239048,AX,93.1105305827885,L1,1.20939654916911,L2,0.12659090505...
GetData ===>> H2,-0.169971015773682,H1,765.374241214053,AX,93.0948213774141,L1,1.20752738034292,L2,0.1961675371...
GetData ===>> H2,-0.172508851848666,H1,765.086646659443,AX,93.2150874795788,L1,1.18981298399285,L2,0.2558726461...
GetData ===>> H2,-0.162420256923235,H1,764.819704472251,AX,92.9602538866817,L1,1.17600348474098,L2,0.1626960057...
testing H1>-5.0
evaluate ot="H1.bs>-5.0" t="H1>-5.0", ctx="{'H1': None}"
GetData ===>> H2,-0.218828850142884,H1,764.634049354056,AX,92.9278899547136,L1,1.18838279640995,L2,0.1937257959...
measurement finished
estimated time: 125.829 actual time: :126.500
flush and close file /Users/jan/PychronDev/data/isotopes/9e/8326aa-826c-47e7-a663-80ba6fc305d4.h5
baselines () {'settling_time': 15.0, 'detector': 'H1', 'mass': 34.2, 'ncounts': 60}
%%%%%%%%%%%%%%%%%%%%%%%%%%%%%%%% Baseline
build tables- baseline [Detector(H2), Detector(H1), Detector(AX), Detector(L1), Detector(L2), Detector(CDD)]
add group baseline table H2
add group baseline table H1
add group baseline table AX
add group baseline table L1
add group baseline table L2
add group baseline table CDD
flush and close file /Users/jan/PychronDev/data/isotopes/9e/8326aa-826c-47e7-a663-80ba6fc305d4.h5
detector Detector(H1)
POSITION 34.2 H1
Mapping mass to dac mass func: "parabolic"
H1 map mass coeffs = [-0.00063987  0.15840543  0.57092999]
H1 map mass to dac 34.2 >> 5.23997599104
GetDeflection H1 ===>> 0
GetHighVoltage ===>> 4499.94659342336
positioning 34.2 (5.23994513332) on H1
setting magnet DAC
current  : 5.879285
requested: 5.239945
Delta Dac: 0.639340
Checking detector protection. dv=0.63934
Checking detector "CDD". Protection Threshold: 0.1 (V)
ProtectDetector CDD,On ===>> OK
GetDeflection CDD ===>> 2000
Protected = 2000
SetMagnetDAC 5.23994513332 ===>> OK
Magnet settling time: 0.500
GetMagnetMoving ===>> True
GetMagnetMoving ===>> True
GetMagnetMoving ===>> True
GetMagnetMoving ===>> True
GetMagnetMoving ===>> True
GetMagnetMoving ===>> True
GetMagnetMoving ===>> True
GetMagnetMoving ===>> True
GetMagnetMoving ===>> False
ProtectDetector CDD,Off ===>> OK
GetDeflection CDD ===>> 50
Delaying 15.0s for detectors to settle
Join finished
measuring baseline. ncounts=60
"baseline" increment series count="2" fit count="1" regressing="True"
starting measurement
GetData ===>> H2,-0.16383387616231,H1,-0.085207961257283,AX,-0.0199044989873555,L1,-0.0589973592153899,L2,0.009...
GetData ===>> H2,-0.152990268508995,H1,-0.0695220759105773,AX,-0.0834893936107685,L1,-0.0254942421945339,L2,-0....
GetData ===>> H2,-0.175124430884543,H1,-0.152395726199406,AX,-0.0289392397053023,L1,-0.0201615992866808,L2,0.05...
GetData ===>> H2,-0.172485918077146,H1,-0.110030974641773,AX,-0.0486063269449422,L1,-0.00836403784700303,L2,-0....
testing H1>-5.0
evaluate ot="H1.bs>-5.0" t="H1>-5.0", ctx="{'H1': None}"
GetData ===>> H2,-0.23534502606554,H1,-0.067137987498511,AX,-0.107317227030354,L1,-0.0014256861210878,L2,-0.043...
GetData ===>> H2,-0.156539761028709,H1,-0.0461913291702086,AX,-0.130247164702452,L1,-0.0341697741183658,L2,0.00...
GetData ===>> H2,-0.193526384193492,H1,0.0249193260429383,AX,-0.0811827906214605,L1,-0.0387604356693197,L2,0.02...
GetData ===>> H2,-0.223310678588245,H1,-0.0308451493204796,AX,-0.113296448213558,L1,-0.0766484550633346,L2,-0.0...
GetData ===>> H2,-0.282279826277386,H1,-0.0509008347587379,AX,-0.151556753843922,L1,-0.0708349048286565,L2,-0.0...
testing H1>-5.0
evaluate ot="H1.bs>-5.0" t="H1>-5.0", ctx="{'H1': None}"
GetData ===>> H2,-0.259099377022986,H1,0.0283318083800445,AX,-0.106517652155125,L1,-0.0775954298651809,L2,0.018...
GetData ===>> H2,-0.255880372472054,H1,0.05194794188379,AX,-0.0199508926095138,L1,-0.0214287925369854,L2,-0.014...
GetData ===>> H2,-0.17160630544369,H1,0.0305273130529084,AX,-0.0984520076790052,L1,0.0295788745750528,L2,-0.063...
GetData ===>> H2,-0.13197361635146,H1,0.0156250776506052,AX,-0.115891964726613,L1,0.0313365768296654,L2,-0.0089...
GetData ===>> H2,-0.108302678682392,H1,0.0132390170078046,AX,-0.124697665441461,L1,-0.000460847826894591,L2,0.0...
testing H1>-5.0
evaluate ot="H1.bs>-5.0" t="H1>-5.0", ctx="{'H1': None}"
GetData ===>> H2,-0.239873872799982,H1,0.00139306802682277,AX,-0.108951120471059,L1,-0.011209250516173,L2,0.045...
GetData ===>> H2,-0.320319262001972,H1,0.0170925331896,AX,-0.184512189341553,L1,0.00982620754612728,L2,-0.00455...
GetData ===>> H2,-0.266209540564576,H1,-0.0209112080628902,AX,-0.0491165050920518,L1,-0.00864583730971709,L2,-0...
GetData ===>> H2,-0.35100637781743,H1,-0.0203506801907725,AX,-0.0619280566015827,L1,-0.0312588015843987,L2,-0.0...
GetData ===>> H2,-0.270384152387813,H1,-0.0276134471043353,AX,-0.110063542856768,L1,-0.050869833040277,L2,-0.05...
testing H1>-5.0
evaluate ot="H1.bs>-5.0" t="H1>-5.0", ctx="{'H1': None}"
GetData ===>> H2,-0.29050274408759,H1,0.0386654188301751,AX,0.0143748330015207,L1,-0.0260801930400442,L2,0.0287...
GetData ===>> H2,-0.290431581550119,H1,-0.0506743066523317,AX,-0.117548887714789,L1,-0.0258045966901083,L2,-0.0...
GetData ===>> H2,-0.244030022308047,H1,0.0363265406337689,AX,-0.112751844441634,L1,-0.0113818797652059,L2,0.056...
GetData ===>> H2,-0.147589341305181,H1,0.0340354476220163,AX,-0.0560964011210674,L1,0.00060370168311892,L2,-0.0...
GetData ===>> H2,-0.135565527993782,H1,0.00312275162512878,AX,-0.100317826842436,L1,-0.00284157493369038,L2,-0....
testing H1>-5.0
evaluate ot="H1.bs>-5.0" t="H1>-5.0", ctx="{'H1': None}"
22:29:21 -- collecting point 25
GetData ===>> H2,-0.225507162751523,H1,-0.128310823480215,AX,-0.050415128306763,L1,-0.0549554294502855,L2,-0.08...
GetData ===>> H2,-0.198537263976931,H1,0.0114375789003198,AX,-0.0200784749563464,L1,-0.0268015007793358,L2,0.01...
GetData ===>> H2,-0.224991411139596,H1,0.0163766985320503,AX,-0.0609194254804005,L1,-0.0348629313571607,L2,-0.0...
GetData ===>> H2,-0.221666066098704,H1,0.0208388180534815,AX,-0.0114952897131829,L1,-0.0652025098445297,L2,-0.0...
GetData ===>> H2,-0.194314833261147,H1,0.00362376900839863,AX,-0.0857379891145506,L1,-0.0417020325025341,L2,-0....
testing H1>-5.0
evaluate ot="H1.bs>-5.0" t="H1>-5.0", ctx="{'H1': None}"
GetData ===>> H2,-0.123502207249498,H1,-0.0116084243564572,AX,-0.138582486954604,L1,-0.0544334626485549,L2,0.07...
GetData ===>> H2,-0.179899779808656,H1,0.0093617897573008,AX,-0.131521535282524,L1,-0.0339865909087229,L2,-0.03...
GetData ===>> H2,-0.225631047360992,H1,-0.0179057878719966,AX,-0.240104241691987,L1,-0.0567605550089848,L2,-0.0...
GetData ===>> H2,-0.162074588710408,H1,-0.062810721921047,AX,-0.134755965191568,L1,-0.00934850288433968,L2,-0.0...
GetData ===>> H2,-0.221412820308981,H1,-0.0113818072992487,AX,-0.122461556424025,L1,0.027021562472773,L2,0.0570...
testing H1>-5.0
evaluate ot="H1.bs>-5.0" t="H1>-5.0", ctx="{'H1': None}"
GetData ===>> H2,-0.21530837295921,H1,-0.0398718975179733,AX,-0.0427854687479247,L1,-0.00187807224142978,L2,-0....
GetData ===>> H2,-0.0865540081613183,H1,-0.0111074807014109,AX,-0.0598991902623392,L1,-0.0254714744992757,L2,-0...
GetData ===>> H2,-0.0920284904060772,H1,0.0196934421972774,AX,-0.0510180546229697,L1,-0.00694292886851516,L2,0....
GetData ===>> H2,-0.145788675702861,H1,-0.0435801406944546,AX,-0.111210715119457,L1,-0.00166688125041635,L2,-0....
GetData ===>> H2,-0.163544955909559,H1,-0.0392637802177685,AX,-0.0813334748982145,L1,0.0118558737084082,L2,-0.0...
testing H1>-5.0
evaluate ot="H1.bs>-5.0" t="H1>-5.0", ctx="{'H1': None}"
GetData ===>> H2,-0.193867378309773,H1,-0.0385006473973658,AX,-0.0901423039536168,L1,-0.0192299845626519,L2,-0....
GetData ===>> H2,-0.237736906722859,H1,0.0330092458783906,AX,0.0280899464900428,L1,-0.0274245156570499,L2,-0.04...
GetData ===>> H2,-0.195200256724272,H1,0.0831548360533009,AX,-0.0232331852478958,L1,-0.0130480793211419,L2,0.02...
GetData ===>> H2,-0.192511427856595,H1,0.0233085793363898,AX,-0.122704866114991,L1,-0.032892211221484,L2,-0.127...
GetData ===>> H2,-0.151650258102378,H1,0.0122726786280893,AX,-0.0743669808813991,L1,-0.0292669760973477,L2,-0.0...
testing H1>-5.0
evaluate ot="H1.bs>-5.0" t="H1>-5.0", ctx="{'H1': None}"
GetData ===>> H2,-0.0672694384407674,H1,0.00383849151173195,AX,-0.216668616808946,L1,-0.0011568847421291,L2,-0....
GetData ===>> H2,-0.129796845714261,H1,-0.0166654294224021,AX,-0.0342274792845286,L1,0.0165709339755052,L2,-0.0...
GetData ===>> H2,-0.243782418949198,H1,-0.050793532035409,AX,-0.131104470385054,L1,0.018687244764926,L2,-0.0069...
GetData ===>> H2,-0.25757264842636,H1,0.00781094090405179,AX,-0.13237882973398,L1,0.000606102147395634,L2,0.010...
GetData ===>> H2,-0.171931446292294,H1,-0.00737417878571272,AX,-0.0811248350682732,L1,-0.00716000575339916,L2,-...
testing H1>-5.0
evaluate ot="H1.bs>-5.0" t="H1>-5.0", ctx="{'H1': None}"
22:29:48 -- collecting point 50
GetData ===>> H2,-0.181609399610972,H1,-0.0169158876555773,AX,0.0354124268103992,L1,-0.00271679273350665,L2,0.0...
GetData ===>> H2,-0.163004898299474,H1,-0.0390729975582314,AX,-0.0943146288476741,L1,-0.00271079355030494,L2,0....
GetData ===>> H2,-0.141932425493552,H1,0.0114495088473944,AX,-0.0813798392440946,L1,-0.050837528809385,L2,-0.09...
State checksums do not match. Local:-860229079 Remote:505078994
State checksum failed
GetData ===>> H2,-0.208556296543708,H1,-0.0146259604801856,AX,-0.121360862123384,L1,-0.0407846724572174,L2,0.02...
set states for children of E. state=True
set states for children of Q. state=False
handle state [('E', True), ('Q', False)]
update switch state E True args=() kw={'refresh': True} ncanvase=2
update switch state Q False args=() kw={'refresh': False} ncanvase=2
refresh_canvas_needed fired
GetData ===>> H2,-0.212216360448268,H1,-0.0386437352444034,AX,-0.0566181340366807,L1,-0.0285829810934174,L2,0.0...
testing H1>-5.0
evaluate ot="H1.bs>-5.0" t="H1>-5.0", ctx="{'H1': None}"
GetData ===>> H2,-0.0909690007189614,H1,0.0293102338630781,AX,0.0122399975924529,L1,-0.0234149795716899,L2,-0.1...
set states for children of D. state=False
handle state [('D', False)]
update switch state D False args=() kw={'refresh': False} ncanvase=2
refresh_canvas_needed fired
GetData ===>> H2,-0.190543258442592,H1,0.0612574988453797,AX,-0.0712950738153223,L1,-0.0417044275888691,L2,-0.0...
GetData ===>> H2,-0.212733550349535,H1,0.046684844615741,AX,-0.0452901037939523,L1,-0.0379063010453758,L2,0.016...
set states for children of B. state=False
handle state [('B', False)]
update switch state B False args=() kw={'refresh': False} ncanvase=2
refresh_canvas_needed fired
GetData ===>> H2,-0.197146865297714,H1,-0.0315129419351966,AX,-0.110237357705485,L1,0.00159394176177267,L2,-0.1...
State checksums do not match. Local:611344307 Remote:393193677
State checksum failed
GetData ===>> H2,-0.140260616036721,H1,0.0220080694236514,AX,-0.024648132382569,L1,-0.00464714425614914,L2,-0.0...
set states for children of Y. state=True
handle state [('Y', True)]
update switch state Y True args=() kw={'refresh': False} ncanvase=2
refresh_canvas_needed fired
testing H1>-5.0
evaluate ot="H1.bs>-5.0" t="H1>-5.0", ctx="{'H1': None}"
GetData ===>> H2,-0.24403136796364,H1,-0.0368789708326876,AX,-0.0734512149588327,L1,-0.00311273092187736,L2,0.0...
measurement finished
estimated time: 62.915 actual time: :63.213
flush and close file /Users/jan/PychronDev/data/isotopes/9e/8326aa-826c-47e7-a663-80ba6fc305d4.h5
activate_detectors ('H1', 'AX', 'CDD') {'peak_center': True}
peak_center () {'detector': 'H1', 'integration_time': 0.262144, 'isotope': 'Ar40'}
peak center: mean=765.738815634 threshold=3
peak center started
setup peak center. detector=['H1', 'AX', 'CDD'], isotope=Ar40
VersionedUnpickler [<apptools.sweet_pickle.versioned_unpickler.VersionedUnpickler object at 0x1968c3710>] using Updater [<apptools.sweet_pickle.updater.Updater object at 0x135230b30>]
VersionedUnpickler [<apptools.sweet_pickle.versioned_unpickler.VersionedUnpickler object at 0x1968c3710>] using Updater [<apptools.sweet_pickle.updater.Updater object at 0x135230b30>]
VersionedUnpickler [<apptools.sweet_pickle.versioned_unpickler.VersionedUnpickler object at 0x19f4e91d0>] using Updater [<apptools.sweet_pickle.updater.Updater object at 0x135230b30>]
setting integration time = 0.524288
SetIntegrationTime 0.524288 ===>> OK
Mapping mass to dac mass func: "parabolic"
H1 map mass coeffs = [-0.00063987  0.15840543  0.57092999]
H1 map mass to dac 39.9624 >> 5.87932
GetDeflection H1 ===>> 0
GetHighVoltage ===>> 4499.94659342336
do peak center. <pychron.spectrometer.jobs.peak_center.PeakCenter object at 0x1352309b0>
doing pc
starting peak center. center dac= 5.87928537724 step_width=0.001
width = 0.001
get scan parameters. half-width=0.015,window=0.015, i=0, scalar=1
Scan parameters center=5.87929 width=0.03000 (5.86429 - 5.89429)
GetData ===>> H2,-0.212190769708717,H1,-0.0265878666554141,AX,-0.152866838303018,L1,-0.0105594666567476,L2,-0.0...
Moving to starting dac 5.86428537724
setting magnet DAC
current  : 5.239945
requested: 5.864285
Delta Dac: 0.624340
Checking detector protection. dv=0.62434
Checking detector "CDD". Protection Threshold: 0.1 (V)
ProtectDetector CDD,On ===>> OK
GetDeflection CDD ===>> 2000
Protected = 2000
SetMagnetDAC 5.86428537724 ===>> OK
Magnet settling time: 0.500
GetMagnetMoving ===>> True
GetMagnetMoving ===>> True
GetMagnetMoving ===>> True
GetMagnetMoving ===>> True
GetMagnetMoving ===>> True
GetMagnetMoving ===>> True
GetMagnetMoving ===>> True
GetMagnetMoving ===>> True
GetMagnetMoving ===>> False
ProtectDetector CDD,Off ===>> OK
GetDeflection CDD ===>> 50
Wait until signal near baseline. tol= -0.0199408999916. timeout= 10
GetData ===>> H2,4.11450939496622,H1,1.27665439255529,AX,0.0622131637704442,L1,0.0520568623069439,L2,-0.0520462...
GetData ===>> H2,62.6097191732649,H1,21.3856243942508,AX,1.24619923997781,L1,0.0537922081123545,L2,-0.092052006...
GetData ===>> H2,64.7019018355948,H1,23.7662717459811,AX,2.04612534835889,L1,0.0060122763287277,L2,-0.000569337...
GetData ===>> H2,34.1085719223983,H1,11.4802441188113,AX,0.870730513549347,L1,-0.00139088634691322,L2,-0.096420...
GetData ===>> H2,14.0213581958783,H1,5.83774375340978,AX,0.309032923260205,L1,0.0048246017516826,L2,-0.04808569...
GetData ===>> H2,4.72961006306532,H1,3.24399926518237,AX,0.0772995244637564,L1,-0.00384337597396472,L2,0.149078...
GetData ===>> H2,1.35562684135448,H1,1.92392198588662,AX,0.10268047332579,L1,-0.0216048804393842,L2,-0.12176539...
GetData ===>> H2,0.444649895203183,H1,1.15017591327071,AX,0.0491188978814612,L1,-0.0118757748732181,L2,-0.12092...
GetData ===>> H2,0.26407994660934,H1,1.0681945149414,AX,0.00674069158170599,L1,-0.0173429647491275,L2,0.0770740...
GetData ===>> H2,0.280041675293692,H1,0.900051560453563,AX,-0.182667936562591,L1,-0.027945300166473,L2,0.046378...
GetData ===>> H2,0.271506720668769,H1,0.809673113740472,AX,-0.0970844901647376,L1,-0.0212455980494808,L2,-0.093...
GetData ===>> H2,0.163374457766608,H1,0.743303937352002,AX,-0.102716684618217,L1,-0.0291253071500196,L2,-0.0386...
GetData ===>> H2,0.101033446062871,H1,0.68817733051254,AX,-0.0806264158858137,L1,0.000598900756287776,L2,-0.145...
GetData ===>> H2,0.0932703908987823,H1,0.643150598301579,AX,-0.0222357511361467,L1,0.0397785353142927,L2,-0.133...
GetData ===>> H2,0.154712184712682,H1,0.618540371683429,AX,-0.0691041072611987,L1,0.032726856328169,L2,0.038836...
GetData ===>> H2,0.165296035868892,H1,0.621123085938558,AX,-0.0122376491483807,L1,-0.00712522579394279,L2,0.097...
GetData ===>> H2,0.206200863612287,H1,0.6517380928589,AX,0.0887954634942146,L1,-0.00850913557689009,L2,-0.06745...
GetData ===>> H2,0.115728997755143,H1,0.640639074341887,AX,-0.0755029823271985,L1,-0.00455357453247784,L2,-0.12...
GetData ===>> H2,0.116916975773928,H1,0.663484295391315,AX,-0.0268285024489629,L1,-0.00581309403076025,L2,-0.09...
GetData ===>> H2,0.0296491519014067,H1,0.674561912043781,AX,0.0111958016708656,L1,-0.00928855039783327,L2,-0.16...
GetData ===>> H2,-0.0603329714925731,H1,0.65393890605352,AX,0.017368322369053,L1,-0.0339444251967678,L2,0.04284...
Peak center failed to move to a baseline position
_do_sweep sm= 5.86428537724, em= 5.89428537724, stm= 0.001
calculated step values: start=5.86428537724, end=5.89428537724, width=0.001, nsteps=31.0
setting magnet DAC
current  : 5.864285
requested: 5.864285
Delta Dac: 0.000000
Checking detector protection. dv=0.00000
Checking detector "CDD". Protection Threshold: 0.1 (V)
SetMagnetDAC 5.86428537724 ===>> OK
GetData ===>> H2,-0.0603329714925731,H1,0.65393890605352,AX,0.017368322369053,L1,-0.0339444251967678,L2,0.04284...
setting magnet DAC
current  : 5.864285
requested: 5.865320
Delta Dac: 0.001034
Checking detector protection. dv=0.00103
Checking detector "CDD". Protection Threshold: 0.1 (V)
SetMagnetDAC 5.86531985999 ===>> OK
Magnet settling time: 1.049
set states for children of Y. state=False
handle state [('Y', False)]
update switch state Y False args=() kw={'refresh': False} ncanvase=2
refresh_canvas_needed fired
GetData ===>> H2,-0.143185668977638,H1,1.30483448522887,AX,0.110956788057296,L1,-0.0322792910610897,L2,0.081313...
setting magnet DAC
current  : 5.865320
requested: 5.866354
Delta Dac: 0.001034
Checking detector protection. dv=0.00103
Checking detector "CDD". Protection Threshold: 0.1 (V)
SetMagnetDAC 5.86635434275 ===>> OK
Magnet settling time: 1.049
GetData ===>> H2,5.05780059437697E-05,H1,4.30742261737371,AX,0.35706346251307,L1,-0.0344770525345356,L2,-0.0234...
setting magnet DAC
current  : 5.866354
requested: 5.867389
Delta Dac: 0.001034
Checking detector protection. dv=0.00103
Checking detector "CDD". Protection Threshold: 0.1 (V)
SetMagnetDAC 5.86738882551 ===>> OK
Magnet settling time: 1.049
GetData ===>> H2,0.0394665596171778,H1,15.676814815786,AX,1.22777643854479,L1,0.0448782965564737,L2,0.030020277...
setting magnet DAC
current  : 5.867389
requested: 5.868423
Delta Dac: 0.001034
Checking detector protection. dv=0.00103
Checking detector "CDD". Protection Threshold: 0.1 (V)
SetMagnetDAC 5.86842330827 ===>> OK
Magnet settling time: 1.049
GetData ===>> H2,-0.033304237872096,H1,54.0232273843581,AX,4.19678599871927,L1,0.022512711916834,L2,-0.03540634...
setting magnet DAC
current  : 5.868423
requested: 5.869458
Delta Dac: 0.001034
Checking detector protection. dv=0.00103
Checking detector "CDD". Protection Threshold: 0.1 (V)
SetMagnetDAC 5.86945779103 ===>> OK
Magnet settling time: 1.049
GetData ===>> H2,-0.119880126664087,H1,149.201944788008,AX,12.5065498734519,L1,0.0477077909084344,L2,0.03863177...
setting magnet DAC
current  : 5.869458
requested: 5.870492
Delta Dac: 0.001034
Checking detector protection. dv=0.00103
Checking detector "CDD". Protection Threshold: 0.1 (V)
SetMagnetDAC 5.87049227379 ===>> OK
Magnet settling time: 1.049
GetData ===>> H2,-0.0868383765275596,H1,311.915860970363,AX,29.1790948413961,L1,0.132253776807926,L2,-0.0064447...
setting magnet DAC
current  : 5.870492
requested: 5.871527
Delta Dac: 0.001034
Checking detector protection. dv=0.00103
Checking detector "CDD". Protection Threshold: 0.1 (V)
SetMagnetDAC 5.87152675655 ===>> OK
Magnet settling time: 1.049
GetData ===>> H2,-0.0151502777560823,H1,494.960758308658,AX,50.659959887092,L1,0.384699748538406,L2,0.020953980...
setting magnet DAC
current  : 5.871527
requested: 5.872561
Delta Dac: 0.001034
Checking detector protection. dv=0.00103
Checking detector "CDD". Protection Threshold: 0.1 (V)
SetMagnetDAC 5.8725612393 ===>> OK
Magnet settling time: 1.049
GetData ===>> H2,-0.0156606966789498,H1,629.065757455977,AX,69.3773587071269,L1,0.551113829595802,L2,0.07007716...
setting magnet DAC
current  : 5.872561
requested: 5.873596
Delta Dac: 0.001034
Checking detector protection. dv=0.00103
Checking detector "CDD". Protection Threshold: 0.1 (V)
SetMagnetDAC 5.87359572206 ===>> OK
Magnet settling time: 1.049
GetData ===>> H2,-0.179981438993541,H1,697.676768416021,AX,81.4115798847003,L1,0.797072970135891,L2,0.206596983...
setting magnet DAC
current  : 5.873596
requested: 5.874630
Delta Dac: 0.001034
Checking detector protection. dv=0.00103
Checking detector "CDD". Protection Threshold: 0.1 (V)
SetMagnetDAC 5.87463020482 ===>> OK
Magnet settling time: 1.049
GetData ===>> H2,-0.237014819440422,H1,726.990205576109,AX,87.9919946904109,L1,0.959519953452743,L2,0.124515788...
setting magnet DAC
current  : 5.874630
requested: 5.875665
Delta Dac: 0.001034
Checking detector protection. dv=0.00103
Checking detector "CDD". Protection Threshold: 0.1 (V)
SetMagnetDAC 5.87566468758 ===>> OK
Magnet settling time: 1.049
GetData ===>> H2,-0.306690603840159,H1,730.334990880566,AX,88.5786291025696,L1,1.02729531076795,L2,0.1829098596...
setting magnet DAC
current  : 5.875665
requested: 5.876699
Delta Dac: 0.001034
Checking detector protection. dv=0.00103
Checking detector "CDD". Protection Threshold: 0.1 (V)
SetMagnetDAC 5.87669917034 ===>> OK
Magnet settling time: 1.049
GetData ===>> H2,-0.0365302222601839,H1,730.390997986143,AX,88.6515352113698,L1,1.07715330640838,L2,0.345600632...
setting magnet DAC
current  : 5.876699
requested: 5.877734
Delta Dac: 0.001034
Checking detector protection. dv=0.00103
Checking detector "CDD". Protection Threshold: 0.1 (V)
SetMagnetDAC 5.8777336531 ===>> OK
Magnet settling time: 1.049
GetData ===>> H2,0.00699618620053089,H1,730.880250721297,AX,88.8526684271894,L1,1.06710336444742,L2,0.257345484...
setting magnet DAC
current  : 5.877734
requested: 5.878768
Delta Dac: 0.001034
Checking detector protection. dv=0.00103
Checking detector "CDD". Protection Threshold: 0.1 (V)
SetMagnetDAC 5.87876813586 ===>> OK
Magnet settling time: 1.049
GetData ===>> H2,-0.112109991023536,H1,730.741098835144,AX,88.8784216576796,L1,1.13313505945908,L2,0.1398179777...
setting magnet DAC
current  : 5.878768
requested: 5.879803
Delta Dac: 0.001034
Checking detector protection. dv=0.00103
Checking detector "CDD". Protection Threshold: 0.1 (V)
SetMagnetDAC 5.87980261862 ===>> OK
Magnet settling time: 1.049
GetData ===>> H2,-0.109361700839196,H1,731.45666278238,AX,88.5594051464226,L1,1.14239804839317,L2,0.17465041041...
setting magnet DAC
current  : 5.879803
requested: 5.880837
Delta Dac: 0.001034
Checking detector protection. dv=0.00103
Checking detector "CDD". Protection Threshold: 0.1 (V)
SetMagnetDAC 5.88083710137 ===>> OK
Magnet settling time: 1.049
GetData ===>> H2,-0.0887854316853885,H1,730.771167210822,AX,88.5356654755576,L1,1.09542435038558,L2,0.182681688...
setting magnet DAC
current  : 5.880837
requested: 5.881872
Delta Dac: 0.001034
Checking detector protection. dv=0.00103
Checking detector "CDD". Protection Threshold: 0.1 (V)
SetMagnetDAC 5.88187158413 ===>> OK
Magnet settling time: 1.049
set states for children of C. state=False
handle state [('C', False)]
update switch state C False args=() kw={'refresh': False} ncanvase=2
refresh_canvas_needed fired
GetData ===>> H2,-0.106442632298945,H1,730.12481266676,AX,88.5756610232143,L1,1.11490897090466,L2,0.16283287977...
setting magnet DAC
current  : 5.881872
requested: 5.882906
Delta Dac: 0.001034
Checking detector protection. dv=0.00103
Checking detector "CDD". Protection Threshold: 0.1 (V)
SetMagnetDAC 5.88290606689 ===>> OK
Magnet settling time: 1.049
GetData ===>> H2,-0.0436252598631896,H1,729.242619277616,AX,88.4249556672641,L1,1.13985714863714,L2,0.165273833...
setting magnet DAC
current  : 5.882906
requested: 5.883941
Delta Dac: 0.001034
Checking detector protection. dv=0.00103
Checking detector "CDD". Protection Threshold: 0.1 (V)
SetMagnetDAC 5.88394054965 ===>> OK
Magnet settling time: 1.049
set states for children of P. state=False
handle state [('P', False)]
update switch state P False args=() kw={'refresh': False} ncanvase=2
refresh_canvas_needed fired
GetData ===>> H2,-0.0675258045666913,H1,724.932569523775,AX,87.4069440482834,L1,1.13628265840045,L2,0.251248764...
setting magnet DAC
current  : 5.883941
requested: 5.884975
Delta Dac: 0.001034
Checking detector protection. dv=0.00103
Checking detector "CDD". Protection Threshold: 0.1 (V)
SetMagnetDAC 5.88497503241 ===>> OK
Magnet settling time: 1.049
GetData ===>> H2,-0.120594355008594,H1,711.976333752813,AX,84.4447993358001,L1,1.05561408202064,L2,0.1274346464...
setting magnet DAC
current  : 5.884975
requested: 5.886010
Delta Dac: 0.001034
Checking detector protection. dv=0.00103
Checking detector "CDD". Protection Threshold: 0.1 (V)
SetMagnetDAC 5.88600951517 ===>> OK
Magnet settling time: 1.049
GetData ===>> H2,-0.294912601681712,H1,639.358621413084,AX,69.8639390534776,L1,0.85577152540974,L2,0.1219162561...
setting magnet DAC
current  : 5.886010
requested: 5.887044
Delta Dac: 0.001034
Checking detector protection. dv=0.00103
Checking detector "CDD". Protection Threshold: 0.1 (V)
SetMagnetDAC 5.88704399793 ===>> OK
Magnet settling time: 1.049
GetData ===>> H2,-0.224008872210168,H1,496.557474912011,AX,47.6234886675503,L1,0.712603580354123,L2,0.089769977...
setting magnet DAC
current  : 5.887044
requested: 5.888078
Delta Dac: 0.001034
Checking detector protection. dv=0.00103
Checking detector "CDD". Protection Threshold: 0.1 (V)
SetMagnetDAC 5.88807848068 ===>> OK
Magnet settling time: 1.049
set states for children of Y. state=True
handle state [('Y', True)]
update switch state Y True args=() kw={'refresh': False} ncanvase=2
refresh_canvas_needed fired
GetData ===>> H2,-0.286338308026037,H1,304.0765716864,AX,25.2049675243815,L1,0.468825175900585,L2,-0.0107712927...
setting magnet DAC
current  : 5.888078
requested: 5.889113
Delta Dac: 0.001034
Checking detector protection. dv=0.00103
Checking detector "CDD". Protection Threshold: 0.1 (V)
SetMagnetDAC 5.88911296344 ===>> OK
Magnet settling time: 1.049
GetData ===>> H2,-0.23918192996382,H1,142.015298629174,AX,9.82518099993153,L1,0.326842848901654,L2,-0.099173010...
setting magnet DAC
current  : 5.889113
requested: 5.890147
Delta Dac: 0.001034
Checking detector protection. dv=0.00103
Checking detector "CDD". Protection Threshold: 0.1 (V)
SetMagnetDAC 5.8901474462 ===>> OK
Magnet settling time: 1.049
GetData ===>> H2,-0.167056052776071,H1,51.1666452148375,AX,2.91044139036417,L1,0.234767369104595,L2,-0.10183471...
setting magnet DAC
current  : 5.890147
requested: 5.891182
Delta Dac: 0.001034
Checking detector protection. dv=0.00103
Checking detector "CDD". Protection Threshold: 0.1 (V)
SetMagnetDAC 5.89118192896 ===>> OK
Magnet settling time: 1.049
GetData ===>> H2,-0.223502962232015,H1,14.9132300357569,AX,0.561609081786965,L1,0.0991991604927217,L2,-0.010748...
setting magnet DAC
current  : 5.891182
requested: 5.892216
Delta Dac: 0.001034
Checking detector protection. dv=0.00103
Checking detector "CDD". Protection Threshold: 0.1 (V)
SetMagnetDAC 5.89221641172 ===>> OK
Magnet settling time: 1.049
GetData ===>> H2,-0.120827010600095,H1,3.60336118407847,AX,-0.0416258936561006,L1,0.0800100614142335,L2,0.09738...
setting magnet DAC
current  : 5.892216
requested: 5.893251
Delta Dac: 0.001034
Checking detector protection. dv=0.00103
Checking detector "CDD". Protection Threshold: 0.1 (V)
SetMagnetDAC 5.89325089448 ===>> OK
Magnet settling time: 1.049
GetData ===>> H2,-0.137028124399107,H1,0.813099345694268,AX,-0.0717008029486627,L1,-0.0019716668323082,L2,0.013...
setting magnet DAC
current  : 5.893251
requested: 5.894285
Delta Dac: 0.001034
Checking detector protection. dv=0.00103
Checking detector "CDD". Protection Threshold: 0.1 (V)
SetMagnetDAC 5.89428537724 ===>> OK
Magnet settling time: 1.049
GetData ===>> H2,-0.208528002882228,H1,0.126029661153626,AX,-0.213115993463562,L1,-0.025922450883816,L2,-0.0862...
result of _do_sweep=True
result of _calculate_peak_center=([5.8718605275364339, 5.8792905600151846, 5.8867205924939352], [538.22910472695253, 731.44375681940369, 541.20071910873344], 5.8797839606094771, 731.44375681940369)
Failed to find a valid peak. No peak greater than 1.0. max = 0.0252331752822
new center pos Detector(H1) (Ar40) @ 5.87929056002
GetHighVoltage ===>> 4499.94659342336
GetDeflection H1 ===>> 0
dac uncorrected for HV and deflection 5.87932518281
update mftable H1 Ar40 5.87932518281 message=automated run peakcenter
get initial guess parabolic
get initial guess parabolic
get initial guess parabolic
get initial guess parabolic
get initial guess parabolic
get initial guess parabolic
dump mftable to /Users/jan/PychronDev/setupfiles/spectrometer/mftables/mftable.csv
add to repo msg=modified - automated run peakcenter
locally archiving mftable
setting magnet DAC
current  : 5.894285
requested: 5.879291
Delta Dac: 0.014995
Checking detector protection. dv=0.01499
Checking detector "CDD". Protection Threshold: 0.1 (V)
SetMagnetDAC 5.87929056002 ===>> OK
Magnet settling time: 0.500
sweep finished
setting integration time = 1.048576
SetIntegrationTime 1.048576 ===>> OK
Failed to find a valid peak. No peak greater than 1.0. max = 0.02514069352
flush and close file /Users/jan/PychronDev/data/isotopes/9e/8326aa-826c-47e7-a663-80ba6fc305d4.h5
finished measure script
executed snippet estimated_duration=226.132928, duration=273.174050093
jan_unknown120_60.py completed successfully
Measurement Finished
22:30:45 -- ******* Measurement Finished *******
Post Measurement Started jan_pump_ms.py
22:30:45 -- ******* Post Measurement Started jan_pump_ms.py *******
testing...
no interpolation path defined
executed snippet estimated_duration=0, duration=3.00407409668e-05
Pumping spectrometer
open () {'name': 'O'}
opening name=O desc=---
checking ownership. requestor=129.138.12.150
check software interlocks O
interlocks []
actuate state mode=None-script, software_lock=False
doing actuation None-script open_channel True
Open O ===>> OK
GetIndicatorState O ===>> OK
change switch state (True, True)
update switch state O True args=() kw={} ncanvase=2
22:30:46 -- OPEN   VALVE-O (Jan Ion Pump)
---------------------------------------- open O () result=[(True, True)], time=0.11 sec
action=open, ok=True, locked=[False]
executed snippet estimated_duration=0, duration=0.363208055496
jan_pump_ms.py completed successfully
setting _ms_pumptime
Post Measurement Finished
22:30:46 -- ******* Post Measurement Finished *******
$$$$$$$$$$$$$$$$$$$$ state at run end measurement
state changed from measurement to success
post measurement save measured=True aborted=False
Set filtering
setting fod for Ar40= {'filter_outliers': True, 'std_devs': 2, 'iterations': 1}
setting fod for H1= {'filter_outliers': True, 'std_devs': 2, 'iterations': 1}
setting fod for PM41= {'filter_outliers': False, 'std_devs': 2, 'iterations': 1}
setting fod for H2= {'filter_outliers': True, 'std_devs': 2, 'iterations': 1}
setting fod for Ar36= {'filter_outliers': True, 'std_devs': 2, 'iterations': 1}
setting fod for CDD= {'filter_outliers': True, 'std_devs': 10, 'iterations': 1}
setting fod for Ar37= {'filter_outliers': True, 'std_devs': 2, 'iterations': 1}
setting fod for L2= {'filter_outliers': True, 'std_devs': 2, 'iterations': 1}
setting fod for Ar38= {'filter_outliers': True, 'std_devs': 2, 'iterations': 1}
setting fod for L1= {'filter_outliers': True, 'std_devs': 2, 'iterations': 1}
setting fod for Ar39= {'filter_outliers': True, 'std_devs': 2, 'iterations': 1}
setting fod for AX= {'filter_outliers': True, 'std_devs': 2, 'iterations': 1}
persistence save...
persistence save - db
post measurement save
4617481200 connecting to database sqlite:////Users/jan/PychronDev/.appdata/local_lab.db
connected to db sqlite:////Users/jan/PychronDev/.appdata/local_lab.db
create new session 4617481200
close session 4617481200
No database instance. Not saving post measurement to isotopedb database
$$$$$$$$$$$$$$$ auto_save_detector_ic=False
massspec enabled True
create new session 4985539184
MassSpec Database Version: 16.0
close session 4985539184
saving post measurement to secondary database
saving to massspec database 129.138.12.160/massspecdata
setting labnumber to 25304
setting aliquot to 3
setting step to 
setting uuid to 9e8326aa-826c-47e7-a663-80ba6fc305d4
setting irradpos to 25304
setting extract_device to Fusions CO2
setting tray to 
setting position to 3
setting power_requested to 5.0
setting extract_value to 5.0
setting duration to 30.0
setting duration_at_request to 30.0
setting first_stage_delay to 30.0
setting cleanup to 30.0
setting comment to H:9
setting irradiation to NM-288
setting level to H
setting irradiation_level to H
setting sample to FC-2
setting material to 
setting project to 
setting mass_spectrometer to jan
no attribute chron_dosages
no attribute production_ratios
no attribute interference_corrections
no attribute production_name
no attribute j
Reference Isotope=Ar40
Reference Detector=H1
%%%%%%%%%%%%%%%%%%%% Comment: H:9 %%%%%%%%%%%%%%%%%%%
adding isotope PM41 H2
add baseline dbdet= PM41. original det= H2
get baseline data PM41 H2
Get data baseline <pychron.processing.isotope.Baseline object at 0x19fe76790> len t=60
baseline PM41. v=-0.193064923033, e=0.00677784750823
get signal data PM41 H2
Get data signal PM41 0.07+/-0.07 len t=120
adding isotope Ar40 H1
add baseline dbdet= Ar40. original det= H1
get baseline data Ar40 H1
Get data baseline <pychron.processing.isotope.Baseline object at 0x12ed785d0> len t=60
baseline Ar40. v=-0.00661358695724, e=0.00456907450134
get signal data Ar40 H1
Get data signal Ar40 804.02+/-0.05 len t=120
adding isotope Ar39 AX
add baseline dbdet= Ar39. original det= AX
get baseline data Ar39 AX
Get data baseline <pychron.processing.isotope.Baseline object at 0x12ed78050> len t=60
baseline Ar39. v=-0.0816931182645, e=0.00580433322931
get signal data Ar39 AX
Get data signal Ar39 97.495+/-0.020 len t=120
adding isotope Ar38 L1
add baseline dbdet= Ar38. original det= L1
get baseline data Ar38 L1
Get data baseline <pychron.processing.isotope.Baseline object at 0x12ed78990> len t=60
baseline Ar38. v=-0.0195167558863, e=0.00306344890013
get signal data Ar38 L1
Get data signal Ar38 1.259+/-0.005 len t=120
adding isotope Ar37 L2
add baseline dbdet= Ar37. original det= L2
get baseline data Ar37 L2
Get data baseline <pychron.processing.isotope.Baseline object at 0x12ed78590> len t=60
baseline Ar37. v=-0.0193635623173, e=0.00639974206779
get signal data Ar37 L2
Get data signal Ar37 0.235+/-0.010 len t=120
adding isotope Ar36 CDD
add baseline dbdet= Ar36. original det= CDD
get baseline data Ar36 CDD
Get data baseline <pychron.processing.isotope.Baseline object at 0x12ed782d0> len t=60
baseline Ar36. v=0.000156308683229, e=1.91939965279e-05
get signal data Ar36 CDD
Get data signal Ar36 0.01277+/-0.00031 len t=120
25304-03 added analysis time 0.449218988419s
analysis added to mass spec database
mass spec save time= 0.459
persistence save - dvc
================= post measurement started
create new session 4989601072
close session 4989601072
---------------- Experiment Queue saving disabled
DVC saving peakcenter
Failed to find a valid peak. No peak greater than 1.0. max = 0.02514069352
Smart pull ahead: 0 behind: 0
Up-to-date with origin
add to repo msg=modified - ad8224ebc6dbfeb9f5997218dfa5fe690569839d.json
add to repo msg=modified - 04-03.json
add to repo msg=modified - 04-03.dat.json
add to repo msg=modified - 04-03.blan.json
add to repo msg=modified - 04-03.inte.json
add to repo msg=modified - 04-03.icfa.json
add to repo msg=modified - 04-03.base.json
not at valid file /Users/jan/PychronDev/data/.dvc/repositories/Load1791/253/tags/04-03.tags.json
add to repo msg=modified - 04-03.peak.json
add to repo msg=modified - 04-03.extr.json
not at valid file /Users/jan/PychronDev/data/.dvc/repositories/Load1791/253/monitor/04-03.moni.json
commit message=<COLLECTION>
add to repo msg=modified - 04-03.inte.json
add to repo msg=modified - 04-03.base.json
commit message=<ISOEVO> default collection fits
State checksums do not match. Local:1006475879 Remote:308250487
State checksum failed
add to repo msg=modified - 04-03.blan.json
commit message=<BLANKS> preceding bu-FC-J-7756
add to repo msg=modified - 04-03.icfa.json
set states for children of Y. state=False
handle state [('Y', False)]
update switch state Y False args=() kw={'refresh': False} ncanvase=2
refresh_canvas_needed fired
commit message=<ICFactor> default
push repository <pychron.git_archive.repo_manager.GitRepoManager object at 0x1a9da7b30>
pushing to remote=origin, url=https://github.com
no changes to meta repo
create new session 4989601072
add association Load1791
get identifier "25304"
setting analysis irradiation position=<pychron.dvc.dvc_orm.IrradiationPositionTbl object at 0x1bcf8b650>
close session 4989601072
================= post measurement finished
22:30:58 -- ******* Post Run Check *******
loading queue conditionals post_run_actions
loading system conditionals post_run_actions
loading conditionals from /Users/jan/PychronDev/setupfiles/spectrometer/default_conditionals.yaml
loading queue conditionals post_run_terminations
loading system conditionals post_run_terminations
loading conditionals from /Users/jan/PychronDev/setupfiles/spectrometer/default_conditionals.yaml
Checking default post run terminations n=1
GetDeflection CDD ===>> 50
testing CDD==2000
evaluate ot="CDD.deflection==2000" t="CDD==2000", ctx="{'CDD': 50.0}"
22:30:58 -- ******* Post Run Check Passed *******
22:30:58 -- Automated run 25304-03 success duration: 362.619 s
----------------- finish -----------------
----------------- stop -----------------
retroactive repository identifiers disabled
finish run. runs completed=6
update duration runid=25304-03, duration=362.618953943, md5=301e91d8
write rem/ex queues
/Users/jan/PychronDev/experiments/rem/CurrentExperiment.rem.txt
/Users/jan/PychronDev/experiments/rem/CurrentExperiment.ex.txt
doing event level: 3
