do run
loading script "jan_unknown120_60.py"
loading script "jan_pump_ms.py"
loading script "jan_co2.py"
loading script "jan_pump_extraction_line.py"
testing...
no interpolation path defined
executed snippet estimated_duration=213.652928, duration=0.000205993652344
script duration name:unknown120_60 seconds:214.0
loading script "jan_unknown120_60.py"
loading script "jan_pump_ms.py"
loading script "jan_co2.py"
loading script "jan_pump_extraction_line.py"
testing...
no interpolation path defined
executed snippet estimated_duration=0, duration=2.47955322266e-05
loading script "jan_unknown120_60.py"
loading script "jan_pump_ms.py"
loading script "jan_co2.py"
loading script "jan_pump_extraction_line.py"
testing...
no interpolation path defined
calculate duration
testing...
no interpolation path defined
executed snippet estimated_duration=0, duration=5.79357147217e-05
calculate duration
testing...
no interpolation path defined
executed snippet estimated_duration=0, duration=9.51290130615e-05
executed snippet estimated_duration=0.0, duration=0.00242900848389
script duration name:co2 seconds:0.0
loading script "jan_unknown120_60.py"
loading script "jan_pump_ms.py"
loading script "jan_co2.py"
loading script "jan_pump_extraction_line.py"
testing...
no interpolation path defined
calculate duration
testing...
no interpolation path defined
executed snippet estimated_duration=4.0, duration=0.000174045562744
executed snippet estimated_duration=4.0, duration=0.00128793716431
Script duration 214.0
Run total estimated duration= 215.000
run duration: 0:03:35
doing event level: 2
23:20:31 -- Setting default integration. t=1.048576
setting integration time = 1.048576
SetIntegrationTime 1.048576 ===>> OK
----------------- start -----------------
**************** Experiment Type: Ar/Ar, Ar/Ar
create new session 4436069840
close session 4436069840
$$$$$ Clearing conditionals
adding conditionals 
Add queue conditionals
add default conditionals
adding default conditionals from /Users/jan/PychronDev/setupfiles/spectrometer/default_conditionals.yaml
Start automated run 25305-05
loading script "jan_unknown120_60.py"
loading script "jan_pump_ms.py"
loading script "jan_co2.py"
loading script "jan_pump_extraction_line.py"
%%%%%%%%%%%%%%%%%% setting automated run 25305-05
No value "sensitivity_multiplier" in metadata
$$$$$$$$$$$$$$$ auto_save_detector_ic=False
============================= Pre Extraction Check =============================
loading queue conditionals pre_run_terminations
loading system conditionals pre_run_terminations
loading conditionals from /Users/jan/PychronDev/setupfiles/spectrometer/default_conditionals.yaml
23:20:31 -- ******* Pre Extraction Check *******
Get a measurement from the spectrometer
GetData ===>> H2,-0.207110534571427,H1,-0.00726682938678709,AX,-0.0920546417403801,L1,0.00766376071268054,L2,-0...
Pre Extraction Termination data. keys=H2,H1,AX,L1,L2,CDD, signals=-0.20711,-0.00727,-0.09205,0.00766,-0.02427,0.00357
23:20:31 -- testing system defined conditionals
Checking default pre extraction terminations n=2
testing CDD
evaluate ot="CDD.inactive" t="CDD", ctx="{'CDD': False}"
GetDeflection CDD ===>> 50
testing CDD==2000
evaluate ot="CDD.deflection==2000" t="CDD==2000", ctx="{'CDD': 50.0}"
23:20:31 -- ******* Pre Extraction Check Passed *******
=================================================================================
23:20:31 -- stopping status monitor
stop 4982387056
Alive clients [4989850544]
23:20:31 -- starting status monitor
start 4982387056
Monitor already running
start extraction
do extraction
Analysis started at 23:20:31.380508
Extraction Started jan_co2.py
23:20:31 -- ******* Extraction Started jan_co2.py *******
state changed from not run to extraction
DO EXTRACTION <pychron.extraction_line.pyscript_runner.RemotePyScriptRunner object at 0x12c299590>
testing...
no interpolation path defined
calculate duration
testing...
no interpolation path defined
executed snippet estimated_duration=0, duration=4.98294830322e-05
calculate duration
testing...
no interpolation path defined
executed snippet estimated_duration=0, duration=0.00011682510376
executed snippet estimated_duration=100.0, duration=0.00328207015991
Jan CO2 laser analysis
doing GOSUB
testing...
no interpolation path defined
executed snippet estimated_duration=0, duration=9.89437103271e-05
Waiting for CO2 access
wait ('FelixCO2Flag', 0) {}
waiting for FelixCO2Flag = 0
Read FelixCO2Flag ===>> 0
finished waiting
CO2 free
wait ('CO2PumpTimeFlag', 0) {}
waiting for CO2PumpTimeFlag = 0
Read CO2PumpTimeFlag ===>> 0
finished waiting
acquire ('JanCO2Flag',) {'clear': True}
acquire JanCO2Flag
Set JanCO2Flag 1 ===>> OK
JanCO2Flag acquired
set extraction state False (0.75, 'red', 1.5)
CO2 acquired
executed snippet estimated_duration=0, duration=0.0172090530396
WaitForCO2Access.py completed successfully
gosub finished
doing GOSUB
testing...
no interpolation path defined
executed snippet estimated_duration=0, duration=0.000100135803223
Prepare for CO2 analysis
close () {'description': 'Jan Inlet'}
closing name=--- desc=Jan Inlet
checking ownership. requestor=129.138.12.150
check software interlocks R
interlocks []
actuate state mode=None-script, software_lock=False
doing actuation None-script close_channel False
Close R ===>> OK
GetIndicatorState R ===>> False
change switch state (True, True)
update switch state R False args=() kw={} ncanvase=2
23:20:31 -- CLOSE  VALVE-R (Jan Inlet)
---------------------------------------- close None (Jan Inlet) result=[(True, True)]
action=close, ok=True, locked=[False]
open () {'description': 'Jan Ion Pump'}
opening name=--- desc=Jan Ion Pump
checking ownership. requestor=129.138.12.150
check software interlocks O
interlocks []
actuate state mode=None-script, software_lock=False
doing actuation None-script open_channel False
Open O ===>> OK
GetIndicatorState O ===>> OK
change switch state (True, True)
update switch state O True args=() kw={} ncanvase=2
23:20:32 -- OPEN   VALVE-O (Jan Ion Pump)
---------------------------------------- open None (Jan Ion Pump) result=[(True, True)], time=0.09 sec
action=open, ok=True, locked=[False]
close () {'description': 'Microbone to Minibone'}
closing name=--- desc=Microbone to Minibone
checking ownership. requestor=129.138.12.150
check software interlocks L
interlocks []
actuate state mode=None-script, software_lock=False
doing actuation None-script close_channel False
Close L ===>> OK
GetIndicatorState L ===>> False
change switch state (True, True)
update switch state L False args=() kw={} ncanvase=2
23:20:32 -- CLOSE  VALVE-L (Microbone to Minibone)
---------------------------------------- close None (Microbone to Minibone) result=[(True, True)]
action=close, ok=True, locked=[False]
open () {'description': 'Microbone to Turbo'}
opening name=--- desc=Microbone to Turbo
checking ownership. requestor=129.138.12.150
check software interlocks U
interlocks []
actuate state mode=None-script, software_lock=False
doing actuation None-script open_channel False
Open U ===>> OK
GetIndicatorState U ===>> OK
change switch state (True, True)
update switch state U True args=() kw={} ncanvase=2
23:20:33 -- OPEN   VALVE-U (Microbone to Turbo)
---------------------------------------- open None (Microbone to Turbo) result=[(True, True)], time=0.14 sec
action=open, ok=True, locked=[False]
open () {'description': 'Microbone to Inlet Pipette'}
opening name=--- desc=Microbone to Inlet Pipette
checking ownership. requestor=129.138.12.150
check software interlocks S
interlocks []
actuate state mode=None-script, software_lock=False
doing actuation None-script open_channel False
Open S ===>> OK
GetIndicatorState S ===>> OK
change switch state (True, True)
update switch state S True args=() kw={} ncanvase=2
23:20:33 -- OPEN   VALVE-S (Microbone to Inlet Pipette)
---------------------------------------- open None (Microbone to Inlet Pipette) result=[(True, True)], time=0.41 sec
action=open, ok=True, locked=[False]
open () {'description': 'Microbone to Getter D-50'}
opening name=--- desc=Microbone to Getter D-50
checking ownership. requestor=129.138.12.150
check software interlocks K
interlocks []
actuate state mode=None-script, software_lock=False
doing actuation None-script open_channel False
Open K ===>> OK
GetIndicatorState K ===>> OK
change switch state (True, True)
update switch state K True args=() kw={} ncanvase=2
23:20:34 -- OPEN   VALVE-K (Microbone to Getter D-50)
---------------------------------------- open None (Microbone to Getter D-50) result=[(True, True)], time=0.43 sec
action=open, ok=True, locked=[False]
open () {'description': 'Microbone to Getter NP-10'}
opening name=--- desc=Microbone to Getter NP-10
checking ownership. requestor=129.138.12.150
check software interlocks M
interlocks []
actuate state mode=None-script, software_lock=False
doing actuation None-script open_channel False
Open M ===>> OK
GetIndicatorState M ===>> OK
change switch state (True, True)
update switch state M True args=() kw={} ncanvase=2
23:20:35 -- OPEN   VALVE-M (Microbone to Getter NP-10)
---------------------------------------- open None (Microbone to Getter NP-10) result=[(True, True)], time=0.15 sec
action=open, ok=True, locked=[False]
close () {'description': 'CO2 Laser to Felix'}
closing name=--- desc=CO2 Laser to Felix
checking ownership. requestor=129.138.12.150
check software interlocks F
interlocks []
actuate state mode=None-script, software_lock=True
VALVE-F(CO2 Laser to Felix) software locked
change switch state (True, False)
---------------------------------------- close None (CO2 Laser to Felix) result=[(True, False)]
action=close, ok=True, locked=[True]
open () {'description': 'CO2 Laser to Jan'}
opening name=--- desc=CO2 Laser to Jan
checking ownership. requestor=129.138.12.150
check software interlocks A
interlocks []
actuate state mode=None-script, software_lock=False
doing actuation None-script open_channel False
Open A ===>> OK
GetIndicatorState A ===>> OK
change switch state (True, True)
update switch state A True args=() kw={} ncanvase=2
23:20:35 -- OPEN   VALVE-A (CO2 Laser to Jan)
---------------------------------------- open None (CO2 Laser to Jan) result=[(True, True)], time=0.14 sec
action=open, ok=True, locked=[False]
open () {'description': 'Microbone to CO2 Laser'}
opening name=--- desc=Microbone to CO2 Laser
checking ownership. requestor=129.138.12.150
check software interlocks T
interlocks []
actuate state mode=None-script, software_lock=False
doing actuation None-script open_channel False
Open T ===>> OK
GetIndicatorState T ===>> OK
change switch state (True, True)
update switch state T True args=() kw={} ncanvase=2
23:20:36 -- OPEN   VALVE-T (Microbone to CO2 Laser)
---------------------------------------- open None (Microbone to CO2 Laser) result=[(True, True)], time=0.40 sec
action=open, ok=True, locked=[False]
executed snippet estimated_duration=0, duration=4.9313378334
PrepareForCO2Analysis.py completed successfully
gosub finished
set_motor ('beam', '1.25') {}
setting motor "beam" to 1.25
set motor beam to 1.25
SetMotor beam,1.25 ===>> OK
GetMotorMoving beam ===>> False
GetMotorMoving beam ===>> False
Block completed
move_to_position ('11',) {'autocenter': True}
FusionsCO2 move to position 11
sending GoToHole 11,True
GoToHole 11,True ===>> OK
GetDriveMoving ===>> OK
GetDriveMoving ===>> OK
GetDriveMoving ===>> OK
GetDriveMoving ===>> OK
GetDriveMoving ===>> OK
GetDriveMoving ===>> OK
GetDriveMoving ===>> False
GetDriveMoving ===>> OK
GetDriveMoving ===>> OK
GetDriveMoving ===>> OK
GetDriveMoving ===>> OK
GetDriveMoving ===>> False
Block completed
GetAutoCorrecting ===>> False
GetAutoCorrecting ===>> False
Block completed
update position
GetPosition ===>> 1.99390,13.95730,1.00000
got position (1.9939, 13.9573, 1.0)
move to position succeeded
sleep (5,) {}
SLEEP 5.0
block started
WaitControl setup for 5.0  
Join finished
block finished. duration 5.02883005142
close () {'description': 'Microbone to Turbo'}
closing name=--- desc=Microbone to Turbo
checking ownership. requestor=129.138.12.150
check software interlocks U
interlocks []
actuate state mode=None-script, software_lock=False
doing actuation None-script close_channel True
Close U ===>> OK
GetIndicatorState U ===>> False
change switch state (True, True)
update switch state U False args=() kw={} ncanvase=2
23:20:47 -- CLOSE  VALVE-U (Microbone to Turbo)
---------------------------------------- close None (Microbone to Turbo) result=[(True, True)]
action=close, ok=True, locked=[False]
enable laser
enable () {}
set extraction state FusionsCO2 Enabled (False, 'red', 1.5)
enabling laser
Enable ===>> OK
begin interval
BEGIN INTERVAL Interval 1 waiting for 30.0
block started
set extract to 5.0
WaitControl setup for 30.0  
extract (5.0,) {}
GetPosition ===>> 1.99390,13.95730,1.00000
set extraction state FusionsCO2 ON! 5.0(watts) (0.75, 'red', 1.5)
extract sample to 5.0 (watts)
set laser output
SetLaserOutput 5.0,watts ===>> OK
executing pattern triangle.lp
execute_pattern ('triangle.lp',) {}
executing pattern triangle.lp
IsPatterning ===>> OK
IsPatterning ===>> OK
IsPatterning ===>> OK
IsPatterning ===>> OK
IsPatterning ===>> OK
IsPatterning ===>> OK
IsPatterning ===>> OK
IsPatterning ===>> OK
IsPatterning ===>> OK
IsPatterning ===>> OK
IsPatterning ===>> OK
IsPatterning ===>> OK
IsPatterning ===>> OK
IsPatterning ===>> OK
IsPatterning ===>> OK
IsPatterning ===>> OK
IsPatterning ===>> OK
IsPatterning ===>> OK
IsPatterning ===>> OK
IsPatterning ===>> OK
IsPatterning ===>> OK
IsPatterning ===>> OK
IsPatterning ===>> OK
IsPatterning ===>> OK
IsPatterning ===>> OK
IsPatterning ===>> OK
IsPatterning ===>> OK
IsPatterning ===>> OK
Join finished
block finished. duration 30.110929966
Interval 1 finished
IsPatterning ===>> False
IsPatterning ===>> False
Block completed
COMPLETE INTERVAL waiting for Interval 1 to complete
end_extract () {}
ending extraction. set laser power to 0
set laser power 0
SetLaserPower 0 ===>> OK
disable () {}
%%%%%%%%%%%%%%%%%%%%%%%%%%%%%%%%%%% disable
set extraction state False (0.75, 'red', 1.5)
disabling laser
Disable ===>> OK
sleep (30.0,) {}
SLEEP 30.0
block started
WaitControl setup for 30.0  
Join finished
block finished. duration 30.1268761158
executed snippet estimated_duration=165.0, duration=77.9726040363
jan_co2.py completed successfully
GetAchievedOutput ===>> No Response
Requested Output= 0.000
Achieved Output=  0.000
GetResponseBlob ===>> No Response
GetOutputBlob ===>> No Response
persistence save...
persistence save - db
AutomatedRunPersister post_extraction_save deprecated
persistence save - dvc
no extraction position for 11
create new session 4989601072
close session 4989601072
Extraction Finished
23:21:49 -- ******* Extraction Finished *******
no overlap. not waiting for min ms pumptime
23:21:49 -- Sending spectrometer configuration
======== Sending configuration ========
SetDeflection CDD,50.0 ===>> OK
SetDeflection H2,0.0 ===>> OK
SetDeflection H1,0.0 ===>> OK
SetDeflection L2,825.0 ===>> OK
SetDeflection L1,400.0 ===>> OK
SetDeflection AX,190.0 ===>> OK
SetZFocus 74.64 ===>> OK
SetZSymmetry -50.72 ===>> OK
SetExtractionLens 26.13 ===>> OK
SetIonRepeller -3.81 ===>> OK
SetElectronEnergy 75.08 ===>> OK
SetYSymmetry -2.81 ===>> OK
SetIonCounterVoltage 1590.0 ===>> OK
send trap current 200.0
GetParameter Trap Current Readback ===>> 198.258926936459
SetParameter Trap Current Set,200.0 ===>> OK
updating mftable name mftable
Using mftable located at /Users/jan/PychronDev/setupfiles/spectrometer/mftables/mftable.csv
============ MFtable ===========
Isotope  H2     H1     AX     L1     L2     CDD    
Ar40     5.8087 5.8793 5.9926 6.1486 6.2309 6.3768
Ar39     5.7079 5.7715 5.8850 6.0346 6.1160 6.2633
Ar36     5.3854 5.4405 5.5484 5.6935 5.7710 5.9144
================================
get initial guess parabolic
get initial guess parabolic
get initial guess parabolic
get initial guess parabolic
get initial guess parabolic
get initial guess parabolic
======== Configuration Finished ========
GetYSymmetry ===>> -2.81
GetZSymmetry ===>> -50.72
GetParameter Trap Current Readback ===>> 198.035158395898
GetHighVoltage ===>> 4499.94659342336
start measurement
do measurement
L#=25305 analysis type=unknown
Measurement Started jan_unknown120_60.py
23:21:49 -- ******* Measurement Started jan_unknown120_60.py *******
state changed from extraction to measurement
setting spec, defl, and gains
GetExtractionLens ===>> 26.13
GetYSymmetry ===>> -2.81
GetZSymmetry ===>> -50.72
GetZFocus ===>> 74.64
GetDeflection H2 ===>> 0
GetDeflection H1 ===>> 0
GetDeflection AX ===>> 190
GetDeflection L1 ===>> 400
GetDeflection L2 ===>> 825
GetDeflection CDD ===>> 50
GetGain H2 ===>> 0.0113
GetGain H1 ===>> 0.1
GetGain AX ===>> 0.097049
GetGain L1 ===>> 0.010355
GetGain L2 ===>> 0.095649
GetGain CDD ===>> 0
pre measurement save
New frame /Users/jan/PychronDev/data/isotopes/43/49904b-dcd7-45c2-923a-991fd8ce10ba.h5
flush and close file /Users/jan/PychronDev/data/isotopes/43/49904b-dcd7-45c2-923a-991fd8ce10ba.h5
testing...
no interpolation path defined
executed snippet estimated_duration=226.132928, duration=0.000251054763794
unknown measurement script
activate_detectors ('H2', 'H1', 'AX', 'L1', 'L2', 'CDD') {}
activate detectors
*************** Set Analysis View Ar/Ar
create graphs
clearing graphs
clear isotope group
setting isotope det=H2, iso=PM41
setting isotope det=H1, iso=Ar40
setting isotope det=AX, iso=Ar39
setting isotope det=L1, iso=Ar38
setting isotope det=L2, iso=Ar37
setting isotope det=CDD, iso=Ar36
setting previous blanks
 - setting Ar40 blank 0.764+/-0.007
 - setting Ar36 blank 0.00598+/-0.00020
 - setting Ar37 blank 0.037+/-0.005
 - setting Ar38 blank 0.0043+/-0.0021
 - setting PM41 blank 0.04+/-0.06
 - setting Ar39 blank 0.031+/-0.009
load analysis view
position_magnet ('Ar40',) {'detector': 'H1'}
detector Detector(H1)
POSITION Ar40 H1
setting detector H2 to PM41 (40.9624)
setting detector H1 to Ar40 (39.9624)
setting detector AX to Ar39 (38.9624)
setting detector L1 to Ar38 (37.9624)
setting detector L2 to Ar37 (36.9624)
setting detector CDD to Ar36 (35.9624)
Mapping mass to dac mass func: "parabolic"
H1 map mass coeffs = [-0.00063987  0.15840543  0.57087999]
H1 map mass to dac 39.9624 >> 5.87927
GetDeflection H1 ===>> 0
GetHighVoltage ===>> 4499.94659342336
positioning Ar40 (5.87923537753) on H1
setting magnet DAC
current  : 5.879232
requested: 5.879235
Delta Dac: 0.000004
Checking detector protection. dv=0.00000
Checking detector "CDD". Protection Threshold: 0.1 (V)
SetMagnetDAC 5.87923537753 ===>> OK
Magnet settling time: 0.500
equilibrate () {'delay': 3, 'inlet': 'R', 'outlet': 'O', 'eqtime': 12.0}
Equilibration Started
23:21:51 -- ******* Equilibration Started *******
checking ownership. requestor=129.138.12.150
check software interlocks O
interlocks []
actuate state mode=None-script, software_lock=False
doing actuation None-script close_channel True
Close O ===>> OK
GetIndicatorState O ===>> False
change switch state (True, True)
update switch state O False args=() kw={} ncanvase=2
23:21:51 -- CLOSE  VALVE-O (Jan Ion Pump)
waiting 3s before opening inlet value ('R',)
update labels <pychron.experiment.plot_panel.PlotPanel object at 0x18ea82e30>
update labels "<pychron.graph.stacked_regression_graph.StackedRegressionGraph object at 0x1a8a79d70>"
setting label 0 H2 PM41
setting label 1 H1 Ar40
setting label 2 AX Ar39
setting label 3 L1 Ar38
setting label 4 L2 Ar37
setting label 5 CDD Ar36
update labels "<pychron.graph.stacked_graph.StackedGraph object at 0x1a8a79890>"
setting label 0 H2 PM41
setting label 1 H1 Ar40
setting label 2 AX Ar39
setting label 3 L1 Ar38
setting label 4 L2 Ar37
setting label 5 CDD Ar36
checking ownership. requestor=129.138.12.150
check software interlocks R
interlocks []
actuate state mode=None-script, software_lock=False
doing actuation None-script open_channel True
Open R ===>> OK
set states for children of R. state=True
handle state [('R', True)]
update switch state R True args=() kw={'refresh': False} ncanvase=2
refresh_canvas_needed fired
GetIndicatorState R ===>> OK
change switch state (True, True)
update switch state R True args=() kw={} ncanvase=2
23:21:54 -- OPEN   VALVE-R (Jan Inlet)
equilibrating for 12.0sec
set_time_zero () {}
sniff (12.0,) {}
py_sniff
build tables- sniff [Detector(H2), Detector(H1), Detector(AX), Detector(L1), Detector(L2), Detector(CDD)]
add group /sniff/PM41 (Group) '' table H2
add group /sniff/Ar40 (Group) '' table H1
add group /sniff/Ar39 (Group) '' table AX
add group /sniff/Ar38 (Group) '' table L1
add group /sniff/Ar37 (Group) '' table L2
add group /sniff/Ar36 (Group) '' table CDD
flush and close file /Users/jan/PychronDev/data/isotopes/43/49904b-dcd7-45c2-923a-991fd8ce10ba.h5
measuring sniff. ncounts=12.0
"sniff" increment series count="1" fit count="0" regressing="False"
starting measurement
GetData ===>> H2,0.218983556314972,H1,442.523162731974,AX,58.5371245039419,L1,0.142767164850928,L2,0.3808956932...
GetData ===>> H2,1.00666571251685,H1,2201.87635411386,AX,281.648660483676,L1,1.56816564003374,L2,0.845824773236...
GetData ===>> H2,0.555193138347825,H1,2960.45573926831,AX,367.790966678247,L1,3.07962856106925,L2,0.73331616926...
GetData ===>> H2,0.295481803631096,H1,3207.53935380955,AX,392.803574868276,L1,3.97445972275791,L2,0.85757858819...
GetData ===>> H2,0.149962215841389,H1,3298.66130850881,AX,401.685282158203,L1,4.45085199974829,L2,0.82758460131...
GetData ===>> H2,0.0907503042820862,H1,3336.68210820127,AX,405.01275164473,L1,4.71985340747741,L2,0.66574320485...
GetData ===>> H2,0.10110312430335,H1,3352.15107528058,AX,406.548348702707,L1,4.89079916322378,L2,0.861470138810...
GetData ===>> H2,0.103466970396475,H1,3359.29741386077,AX,407.012025308926,L1,4.98390196266848,L2,0.88741020560...
GetData ===>> H2,0.0994022765091113,H1,3361.8466843925,AX,407.661342768936,L1,5.08598695658584,L2,0.81884336261...
GetData ===>> H2,-0.0526223113216565,H1,3362.72575952528,AX,407.444370872485,L1,5.11673185948527,L2,0.763618207...
GetData ===>> H2,0.0538949579343749,H1,3362.11151378987,AX,407.305193987269,L1,5.20299136184586,L2,0.7472415604...
Equilibration Finished
23:22:07 -- ******* Equilibration Finished *******
checking ownership. requestor=129.138.12.150
check software interlocks R
interlocks []
actuate state mode=None-script, software_lock=False
doing actuation None-script close_channel True
GetData ===>> H2,0.0423042094631955,H1,3362.13805495236,AX,407.502485587974,L1,5.23554272826983,L2,0.8109952317...
Close R ===>> OK
set states for children of R. state=False
handle state [('R', False)]
update switch state R False args=() kw={'refresh': False} ncanvase=2
refresh_canvas_needed fired
GetIndicatorState R ===>> False
change switch state (True, True)
update switch state R False args=() kw={} ncanvase=2
23:22:07 -- CLOSE  VALVE-R (Jan Inlet)
Post Equilibration Started jan_pump_extraction_line.py
23:22:07 -- ******* Post Equilibration Started jan_pump_extraction_line.py *******
testing...
no interpolation path defined
calculate duration
testing...
no interpolation path defined
executed snippet estimated_duration=4.0, duration=0.000152826309204
executed snippet estimated_duration=4.0, duration=0.00209403038025
Pump after analysis
doing GOSUB
testing...
no interpolation path defined
executed snippet estimated_duration=4.0, duration=0.000141143798828
Pump Microbone
close () {'description': 'Jan Inlet'}
closing name=--- desc=Jan Inlet
checking ownership. requestor=129.138.12.150
check software interlocks R
interlocks []
actuate state mode=None-script, software_lock=False
doing actuation None-script close_channel False
Close R ===>> OK
measurement finished
estimated time: 12.583 actual time: :12.697
flush and close file /Users/jan/PychronDev/data/isotopes/43/49904b-dcd7-45c2-923a-991fd8ce10ba.h5
set_fits () {}
using default fits file=/Users/jan/PychronDev/scripts/measurement/fits/nominal_linear.yaml
set "Ar40" to "('Linear', 'SEM')"
No fit for "PM41". defaulting to linear. check the measurement script "jan_unknown120_60.py"
set "PM41" to "linear"
set "Ar36" to "('Linear', 'SEM')"
set "Ar37" to "('linear', 'SEM')"
set "Ar38" to "('linear', 'SEM')"
set "Ar39" to "('Linear', 'SEM')"
set_baseline_fits () {}
using default fits file=/Users/jan/PychronDev/scripts/measurement/fits/nominal_linear.yaml
set "H1" to "('average', 'SEM')"
set "H2" to "('average', 'SEM')"
set "CDD" to "('average', 'SEM')"
set "L2" to "('average', 'SEM')"
set "L1" to "('average', 'SEM')"
set "AX" to "('average', 'SEM')"
multicollect () {'integration_time': 1, 'ncounts': 120}
build tables- signal [Detector(H2), Detector(H1), Detector(AX), Detector(L1), Detector(L2), Detector(CDD)]
add group /signal/PM41 (Group) '' table H2
GetIndicatorState R ===>> False
add group /signal/Ar40 (Group) '' table H1
change switch state (True, True)
add group /signal/Ar39 (Group) '' table AX
update switch state R False args=() kw={} ncanvase=2
add group /signal/Ar38 (Group) '' table L1
add group /signal/Ar37 (Group) '' table L2
add group /signal/Ar36 (Group) '' table CDD
flush and close file /Users/jan/PychronDev/data/isotopes/43/49904b-dcd7-45c2-923a-991fd8ce10ba.h5
measuring signal. ncounts=120
23:22:08 -- CLOSE  VALVE-R (Jan Inlet)
---------------------------------------- close None (Jan Inlet) result=[(True, True)]
action=close, ok=True, locked=[False]
is_closed ('F',) {}
is F () closed?
is closed True
open () {'description': 'CO2 Laser to Jan'}
opening name=--- desc=CO2 Laser to Jan
checking ownership. requestor=129.138.12.150
check software interlocks A
interlocks []
actuate state mode=None-script, software_lock=False
doing actuation None-script open_channel False
Open A ===>> OK
GetIndicatorState A ===>> OK
change switch state (True, True)
update switch state A True args=() kw={} ncanvase=2
23:22:08 -- OPEN   VALVE-A (CO2 Laser to Jan)
---------------------------------------- open None (CO2 Laser to Jan) result=[(True, True)], time=0.11 sec
starting measurement
GetData ===>> H2,-0.0462348952888609,H1,3362.44052906518,AX,407.406834496665,L1,5.22649018593769,L2,0.754943157...
action=open, ok=True, locked=[False]
sleep (1,) {}
SLEEP 1.0
"signal" increment series count="2" fit count="1" regressing="True"
GetData ===>> H2,-0.0444371948242187,H1,3363.24996191018,AX,407.66859297467,L1,5.2120583480793,L2,0.80879878520...
close () {'description': 'CO2 Laser to Roughing'}
closing name=--- desc=CO2 Laser to Roughing
checking ownership. requestor=129.138.12.150
check software interlocks G
interlocks []
actuate state mode=None-script, software_lock=True
VALVE-G(CO2 Laser to Roughing) software locked
change switch state (True, False)
---------------------------------------- close None (CO2 Laser to Roughing) result=[(True, False)]
action=close, ok=True, locked=[True]
open () {'description': 'Microbone to Turbo'}
opening name=--- desc=Microbone to Turbo
checking ownership. requestor=129.138.12.150
check software interlocks U
interlocks []
actuate state mode=None-script, software_lock=False
doing actuation None-script open_channel True
Open U ===>> OK
GetIndicatorState U ===>> OK
change switch state (True, True)
update switch state U True args=() kw={} ncanvase=2
23:22:10 -- OPEN   VALVE-U (Microbone to Turbo)
---------------------------------------- open None (Microbone to Turbo) result=[(True, True)], time=0.19 sec
action=open, ok=True, locked=[False]
open () {'description': 'Microbone to Getter NP-10'}
opening name=--- desc=Microbone to Getter NP-10
checking ownership. requestor=129.138.12.150
check software interlocks M
interlocks []
actuate state mode=None-script, software_lock=False
doing actuation None-script open_channel False
Open M ===>> OK
GetIndicatorState M ===>> OK
change switch state (True, True)
update switch state M True args=() kw={} ncanvase=2
23:22:10 -- OPEN   VALVE-M (Microbone to Getter NP-10)
---------------------------------------- open None (Microbone to Getter NP-10) result=[(True, True)], time=0.14 sec
action=open, ok=True, locked=[False]
open () {'description': 'Microbone to Getter D-50'}
opening name=--- desc=Microbone to Getter D-50
checking ownership. requestor=129.138.12.150
check software interlocks K
interlocks []
actuate state mode=None-script, software_lock=False
doing actuation None-script open_channel False
GetData ===>> H2,-0.0674932504581505,H1,3361.98263552785,AX,407.666726568393,L1,5.22129258102171,L2,0.849670069...
Open K ===>> OK
GetIndicatorState K ===>> OK
change switch state (True, True)
update switch state K True args=() kw={} ncanvase=2
23:22:11 -- OPEN   VALVE-K (Microbone to Getter D-50)
---------------------------------------- open None (Microbone to Getter D-50) result=[(True, True)], time=0.42 sec
action=open, ok=True, locked=[False]
open () {'description': 'Microbone to CO2 Laser'}
opening name=--- desc=Microbone to CO2 Laser
checking ownership. requestor=129.138.12.150
check software interlocks T
interlocks []
actuate state mode=None-script, software_lock=False
doing actuation None-script open_channel False
Open T ===>> OK
GetIndicatorState T ===>> OK
change switch state (True, True)
update switch state T True args=() kw={} ncanvase=2
23:22:11 -- OPEN   VALVE-T (Microbone to CO2 Laser)
---------------------------------------- open None (Microbone to CO2 Laser) result=[(True, True)], time=0.42 sec
GetData ===>> H2,0.0630851582790534,H1,3359.99372119135,AX,407.409202810343,L1,5.20670405512278,L2,0.6546762037...
action=open, ok=True, locked=[False]
open () {'description': 'Microbone to Inlet Pipette'}
opening name=--- desc=Microbone to Inlet Pipette
checking ownership. requestor=129.138.12.150
check software interlocks S
interlocks []
actuate state mode=None-script, software_lock=False
doing actuation None-script open_channel False
Open S ===>> OK
GetIndicatorState S ===>> OK
change switch state (True, True)
update switch state S True args=() kw={} ncanvase=2
23:22:12 -- OPEN   VALVE-S (Microbone to Inlet Pipette)
---------------------------------------- open None (Microbone to Inlet Pipette) result=[(True, True)], time=0.45 sec
action=open, ok=True, locked=[False]
sleep (1,) {}
SLEEP 1.0
testing H1>-5.0
evaluate ot="H1.bs>-5.0" t="H1>-5.0", ctx="{'H1': None}"
GetData ===>> H2,-0.0644064135550748,H1,3358.43287168624,AX,407.001267980873,L1,5.21861344992297,L2,0.683523962...
set_resource () {'name': 'CO2PumpTimeFlag', 'value': 30}
Set CO2PumpTimeFlag 30 ===>> OK
release ('JanCO2Flag',) {}
release JanCO2Flag
Set JanCO2Flag 0 ===>> OK
executed snippet estimated_duration=6.0, duration=6.04204511642
PumpMicrobone.py completed successfully
gosub finished
get_resource_value () {'name': 'JanMiniboneFlag'}
Read JanMiniboneFlag ===>> 0
Get Resource Value JanMiniboneFlag=0.0
get resource value 0.0
get_resource_value () {'name': 'JanMiniboneFlag'}
Read JanMiniboneFlag ===>> 0
Get Resource Value JanMiniboneFlag=0.0
executed snippet estimated_duration=4.0, duration=6.05462098122
jan_pump_extraction_line.py completed successfully
Post Equilibration Finished
23:22:13 -- ******* Post Equilibration Finished *******
GetData ===>> H2,-0.0506817626888547,H1,3356.12843086914,AX,406.615277617797,L1,5.22700250708855,L2,0.845229681...
GetData ===>> H2,0.0782352546918547,H1,3355.44286884228,AX,406.710644812079,L1,5.20887570722853,L2,0.8039365707...
GetData ===>> H2,0.149400478193241,H1,3353.83862661507,AX,406.507126633951,L1,5.21602757274199,L2,0.83802021054...
GetData ===>> H2,-0.036739282329097,H1,3353.19485481547,AX,406.388118579688,L1,5.24003161790002,L2,0.8421169547...
testing H1>-5.0
evaluate ot="H1.bs>-5.0" t="H1>-5.0", ctx="{'H1': None}"
GetData ===>> H2,-0.0232715126048857,H1,3351.92477639336,AX,406.504295973662,L1,5.22660957456306,L2,0.714210661...
GetData ===>> H2,0.0205342377995739,H1,3349.88749216659,AX,406.300540585404,L1,5.19117072831236,L2,0.7441176117...
GetData ===>> H2,-0.000694314575652272,H1,3348.96937339389,AX,405.578791309342,L1,5.16942391257707,L2,0.7413713...
GetData ===>> H2,-0.0754458922024759,H1,3347.94147482206,AX,405.568810023934,L1,5.1684000423375,L2,0.8135006149...
GetData ===>> H2,0.00152011632925618,H1,3346.07877831907,AX,405.915044374704,L1,5.18649249847402,L2,0.744907171...
testing H1>-5.0
evaluate ot="H1.bs>-5.0" t="H1>-5.0", ctx="{'H1': None}"
GetData ===>> H2,-0.0525191855888921,H1,3344.81775119433,AX,405.462184820566,L1,5.16037329801389,L2,0.763755549...
GetData ===>> H2,-0.0783367536974452,H1,3343.50463755881,AX,405.356647518599,L1,5.15551102354273,L2,0.674524543...
GetData ===>> H2,-0.0124732526640665,H1,3342.39405992289,AX,405.22733932508,L1,5.18180996317998,L2,0.9260814588...
GetData ===>> H2,0.0899245026431436,H1,3340.96152043354,AX,405.116158831952,L1,5.20058375065517,L2,0.8052762276...
GetData ===>> H2,0.0866409944336232,H1,3338.55523107006,AX,404.88403863162,L1,5.19837103214367,L2,0.74211513390...
testing H1>-5.0
evaluate ot="H1.bs>-5.0" t="H1>-5.0", ctx="{'H1': None}"
GetData ===>> H2,-0.0293859371120249,H1,3338.22017392536,AX,404.516936346089,L1,5.19613002925211,L2,0.682037341...
GetData ===>> H2,-0.0833618238108063,H1,3337.06103661122,AX,404.625283075338,L1,5.18186275273429,L2,0.685536654...
GetData ===>> H2,-0.0184138145450601,H1,3334.22222026459,AX,404.318799957085,L1,5.14522057230644,L2,0.809279253...
GetData ===>> H2,0.11587978484541,H1,3333.65508461938,AX,404.320263777141,L1,5.16036727044828,L2,0.669447734103...
GetData ===>> H2,0.101437859009952,H1,3332.51870283879,AX,404.301056170773,L1,5.16418630873099,L2,0.67262642563...
testing H1>-5.0
evaluate ot="H1.bs>-5.0" t="H1>-5.0", ctx="{'H1': None}"
23:22:33 -- collecting point 25
GetData ===>> H2,-0.00984031719775886,H1,3330.6246516152,AX,404.133909320013,L1,5.15922752869976,L2,0.752688688...
GetData ===>> H2,0.00608763228958982,H1,3329.38895825713,AX,403.806650241011,L1,5.1290039369871,L2,0.7265887662...
GetData ===>> H2,0.0141120649011615,H1,3328.29738462052,AX,403.540121457376,L1,5.14091791326502,L2,0.7793451635...
GetData ===>> H2,0.0307506774376707,H1,3327.69575761333,AX,403.433605831552,L1,5.15712413912197,L2,0.7874500155...
GetData ===>> H2,-0.0499570254525241,H1,3326.57535295946,AX,403.43538790949,L1,5.12456196942123,L2,0.7510293415...
testing H1>-5.0
evaluate ot="H1.bs>-5.0" t="H1>-5.0", ctx="{'H1': None}"
GetData ===>> H2,-0.0629383042623434,H1,3324.53720484215,AX,403.179449474805,L1,5.15472263161829,L2,0.827424414...
GetData ===>> H2,-0.0213326868720409,H1,3322.92440788695,AX,403.158426614835,L1,5.13506354631543,L2,0.629700111...
GetData ===>> H2,0.0185048975541739,H1,3321.60904449532,AX,402.992358743173,L1,5.11325527960287,L2,0.7641790224...
GetData ===>> H2,0.0671638694000072,H1,3320.53119210673,AX,402.581337909679,L1,5.11848857354761,L2,0.7470241394...
GetData ===>> H2,-0.0177074139411252,H1,3318.8815790236,AX,402.967246324114,L1,5.11782921263133,L2,0.8509404244...
testing H1>-5.0
evaluate ot="H1.bs>-5.0" t="H1>-5.0", ctx="{'H1': None}"
GetData ===>> H2,-0.0264826737570692,H1,3317.35032173007,AX,402.753032960567,L1,5.10471839365041,L2,0.813374772...
GetData ===>> H2,0.0283298104268993,H1,3316.14476381413,AX,402.52930252632,L1,5.10046357044852,L2,0.62564282474...
GetData ===>> H2,-0.0655138092910575,H1,3314.38082801594,AX,402.47371796874,L1,5.10888156683126,L2,0.7747664534...
GetData ===>> H2,-0.0319285720286356,H1,3313.18577139319,AX,402.102273407779,L1,5.12819851689062,L2,0.750857686...
GetData ===>> H2,0.0430682076948317,H1,3312.33995335981,AX,401.946193081958,L1,5.08411619304673,L2,0.7550003783...
testing H1>-5.0
evaluate ot="H1.bs>-5.0" t="H1>-5.0", ctx="{'H1': None}"
GetData ===>> H2,-0.0570843184731099,H1,3311.81446793948,AX,401.981178699792,L1,5.08391185335784,L2,0.712529100...
GetData ===>> H2,-0.0547850226752219,H1,3309.52220897743,AX,401.882533746875,L1,5.07887033969825,L2,0.675096273...
GetData ===>> H2,-0.106832042002301,H1,3308.07900273488,AX,401.748162917936,L1,5.1047950871002,L2,0.69362215439...
GetData ===>> H2,-0.0484639756589037,H1,3308.03362778016,AX,401.299753876609,L1,5.13875886435875,L2,0.681156816...
GetData ===>> H2,-0.0440675355461506,H1,3306.58932609317,AX,401.12851551995,L1,5.13757467824097,L2,0.7299066442...
testing H1>-5.0
evaluate ot="H1.bs>-5.0" t="H1>-5.0", ctx="{'H1': None}"
GetData ===>> H2,0.11286109469589,H1,3304.85623840753,AX,400.850892567717,L1,5.09341113797817,L2,0.805276227657...
GetData ===>> H2,0.0830663105769914,H1,3303.74986496425,AX,400.855648002195,L1,5.11967942443684,L2,0.7594751438...
GetData ===>> H2,-0.00259082871035103,H1,3301.96208967234,AX,400.415176721037,L1,5.11454195409351,L2,0.77909332...
GetData ===>> H2,0.144848018159974,H1,3300.72610391139,AX,400.416701900111,L1,5.07432139437832,L2,0.87184074630...
GetData ===>> H2,0.0127089470220468,H1,3298.65109016354,AX,400.321233669409,L1,5.07778968506724,L2,0.7528946784...
testing H1>-5.0
evaluate ot="H1.bs>-5.0" t="H1>-5.0", ctx="{'H1': None}"
23:23:00 -- collecting point 50
GetData ===>> H2,-0.00623178725662454,H1,3297.94907055382,AX,400.732392352303,L1,5.06527346820951,L2,0.73737800...
GetData ===>> H2,0.0228894968835565,H1,3297.24452498217,AX,400.427768549877,L1,5.0745257386089,L2,0.66875026551...
GetData ===>> H2,0.0142195854096396,H1,3295.59907261146,AX,400.17522832889,L1,5.07033433968378,L2,0.71882080394...
GetData ===>> H2,-0.0932639853628739,H1,3294.17220065843,AX,399.836915980271,L1,5.07066329156826,L2,0.722882031...
GetData ===>> H2,-0.00794373783747046,H1,3292.460622967,AX,399.475796347204,L1,5.07809177807859,L2,0.7835806647...
testing H1>-5.0
evaluate ot="H1.bs>-5.0" t="H1>-5.0", ctx="{'H1': None}"
GetData ===>> H2,-0.0281945609841122,H1,3291.02583354537,AX,399.378109673448,L1,5.01794877605466,L2,0.763824220...
GetData ===>> H2,-0.124774665471981,H1,3290.19910770712,AX,399.564661894262,L1,5.00881517369195,L2,0.7172421196...
GetData ===>> H2,-0.0691208418069526,H1,3288.25165626354,AX,399.326606077581,L1,5.01714665986465,L2,0.616928049...
GetData ===>> H2,0.0185144283120004,H1,3287.26266945146,AX,398.928718387312,L1,5.00768405189264,L2,0.7303871739...
GetData ===>> H2,-0.0934238312585505,H1,3285.59307108984,AX,398.973770621404,L1,5.04662595562156,L2,0.768780119...
testing H1>-5.0
evaluate ot="H1.bs>-5.0" t="H1>-5.0", ctx="{'H1': None}"
GetData ===>> H2,-0.0521514533335401,H1,3284.52532903099,AX,398.764665907027,L1,5.09543817705247,L2,0.678629637...
GetData ===>> H2,0.000688125049394218,H1,3283.3422998968,AX,398.897620771648,L1,5.10792337391545,L2,0.624146052...
GetData ===>> H2,0.041503724501064,H1,3281.49579612769,AX,398.467418491682,L1,5.04569724535802,L2,0.70026718424...
GetData ===>> H2,-0.0567574262669292,H1,3280.38982064801,AX,398.010859132618,L1,5.02394572406945,L2,0.655739403...
GetData ===>> H2,-0.0622523083205054,H1,3278.8797585138,AX,397.92029709712,L1,4.99494612458234,L2,0.71368445536...
testing H1>-5.0
evaluate ot="H1.bs>-5.0" t="H1>-5.0", ctx="{'H1': None}"
GetData ===>> H2,-0.071348908094412,H1,3279.02797596253,AX,398.100953364865,L1,5.03229269422122,L2,0.7707488152...
GetData ===>> H2,0.000552184526225719,H1,3277.15346022668,AX,397.660707331571,L1,5.07335080451139,L2,0.73081049...
set states for children of V. state=True
handle state [('V', True)]
update switch state V True args=() kw={'refresh': False} ncanvase=2
refresh_canvas_needed fired
GetData ===>> H2,0.0643186325960285,H1,3274.47705480924,AX,397.488431778839,L1,5.08845618817735,L2,0.6148805689...
GetData ===>> H2,-0.0124419926689783,H1,3274.24242507432,AX,397.604615408486,L1,5.06030497991164,L2,0.739483369...
GetData ===>> H2,0.0656586823751144,H1,3273.95436097923,AX,397.512109494345,L1,5.04066921730822,L2,0.8194154088...
testing H1>-5.0
evaluate ot="H1.bs>-5.0" t="H1>-5.0", ctx="{'H1': None}"
GetData ===>> H2,-0.140970185314144,H1,3272.25082638729,AX,397.343383342928,L1,5.02714321737532,L2,0.7596468142...
GetData ===>> H2,-0.111864973433571,H1,3269.99266457127,AX,397.215176407779,L1,5.02494251127885,L2,0.7544739490...
GetData ===>> H2,-0.0570531216967496,H1,3268.69526530866,AX,397.185687738793,L1,4.98525781924079,L2,0.760207606...
GetData ===>> H2,-0.0313459349582828,H1,3267.04590786927,AX,397.058905695229,L1,4.99024701485558,L2,0.768585541...
GetData ===>> H2,0.0711322947301245,H1,3265.99615941823,AX,396.754035807353,L1,5.0076540897846,L2,0.71276932187...
testing H1>-5.0
evaluate ot="H1.bs>-5.0" t="H1>-5.0", ctx="{'H1': None}"
23:23:26 -- collecting point 75
GetData ===>> H2,0.0427372717126349,H1,3264.97309593871,AX,396.473258964146,L1,5.02275268109902,L2,0.7557900276...
GetData ===>> H2,-0.0250762883393089,H1,3263.6982755252,AX,396.361020270912,L1,5.05707003301605,L2,0.6758623960...
GetData ===>> H2,-0.0932843048811047,H1,3262.35179495958,AX,396.30384973984,L1,5.02367143407563,L2,0.7260052892...
GetData ===>> H2,-0.110891619307563,H1,3261.87602734786,AX,396.462408023245,L1,5.0035259939606,L2,0.77744497236...
GetData ===>> H2,0.00888561139957325,H1,3259.28275959695,AX,396.242288425627,L1,5.0443260601058,L2,0.7311766209...
testing H1>-5.0
evaluate ot="H1.bs>-5.0" t="H1>-5.0", ctx="{'H1': None}"
GetData ===>> H2,-0.0483580974229941,H1,3257.97093255794,AX,396.089081118893,L1,5.03769185991517,L2,0.806796859...
GetData ===>> H2,0.00165878743905303,H1,3256.20098218568,AX,396.064472280938,L1,4.99742517109954,L2,0.779493975...
GetData ===>> H2,0.0164124079991844,H1,3255.73321580713,AX,395.853676697444,L1,4.98622017709733,L2,0.6671609707...
GetData ===>> H2,0.0614003948713594,H1,3254.20927046953,AX,395.357876008431,L1,4.98358771216716,L2,0.7743429338...
GetData ===>> H2,0.0680174420149073,H1,3252.86087756675,AX,395.327987944385,L1,4.96132394258102,L2,0.6583688731...
testing H1>-5.0
evaluate ot="H1.bs>-5.0" t="H1>-5.0", ctx="{'H1': None}"
GetData ===>> H2,0.0479134987582589,H1,3251.71256016332,AX,395.123408944905,L1,4.95771583951041,L2,0.7377555981...
GetData ===>> H2,-0.0891126234282283,H1,3250.35685194623,AX,394.795571792675,L1,4.99041170855254,L2,0.776254510...
GetData ===>> H2,-0.0418953357455041,H1,3249.54436437269,AX,394.703369238757,L1,4.99415982224996,L2,0.792636105...
GetData ===>> H2,-0.0366686910464347,H1,3247.9550134403,AX,394.569827745788,L1,5.02639511401709,L2,0.7727061051...
GetData ===>> H2,-0.0410784488928412,H1,3246.58664317726,AX,394.429065540385,L1,5.04044409007672,L2,0.899936292...
testing H1>-5.0
evaluate ot="H1.bs>-5.0" t="H1>-5.0", ctx="{'H1': None}"
GetData ===>> H2,-0.132254951678057,H1,3245.81285662901,AX,394.314013711628,L1,5.01418601960025,L2,0.7456166366...
GetData ===>> H2,-0.163696167427977,H1,3244.4443237248,AX,394.417866093087,L1,5.02329972821648,L2,0.67741753012...
GetData ===>> H2,-0.145979157230676,H1,3243.18847812347,AX,394.506384940317,L1,4.99009130643637,L2,0.8115901113...
GetData ===>> H2,-0.0409346056077934,H1,3241.43111286022,AX,394.241563902492,L1,4.96887959909231,L2,0.775739411...
GetData ===>> H2,0.033987924636051,H1,3240.25024064901,AX,394.00287776069,L1,5.01604327144962,L2,0.690431331073...
testing H1>-5.0
evaluate ot="H1.bs>-5.0" t="H1>-5.0", ctx="{'H1': None}"
GetData ===>> H2,0.058147525292573,H1,3238.51170856399,AX,393.875228830567,L1,4.97888324494266,L2,0.75400474274...
GetData ===>> H2,0.0221615053415348,H1,3237.85508426642,AX,393.68215383458,L1,4.9593327756748,L2,0.863702128673...
GetData ===>> H2,0.001881752363438,H1,3236.66380932463,AX,393.567294970443,L1,4.99069768182734,L2,0.77596834373...
GetData ===>> H2,0.00754298553149841,H1,3234.86036031418,AX,393.409807681035,L1,5.00355295100237,L2,0.734620516...
GetData ===>> H2,-0.195655132212103,H1,3233.10347041804,AX,392.82794574665,L1,4.99384531509149,L2,0.73474637521...
testing H1>-5.0
evaluate ot="H1.bs>-5.0" t="H1>-5.0", ctx="{'H1': None}"
23:23:52 -- collecting point 100
GetData ===>> H2,-0.0952822134492848,H1,3231.90857249936,AX,393.068424943711,L1,4.98139550894848,L2,0.746932593...
GetData ===>> H2,0.066803915365294,H1,3230.8836456575,AX,393.278430138227,L1,4.98840858086041,L2,0.699706742282...
GetData ===>> H2,-0.0820722360053221,H1,3230.69802570897,AX,392.737545551909,L1,4.99825812063629,L2,0.709509229...
GetData ===>> H2,-0.106305705335887,H1,3229.910357087,AX,392.420827795483,L1,5.01417852519275,L2,0.682975053524...
GetData ===>> H2,-0.0420730890781484,H1,3227.83642372146,AX,392.326718123942,L1,4.9745186701552,L2,0.7180772175...
testing H1>-5.0
evaluate ot="H1.bs>-5.0" t="H1>-5.0", ctx="{'H1': None}"
GetData ===>> H2,-0.00940528743317548,H1,3226.09879587097,AX,392.399519283232,L1,4.98495850056768,L2,0.75607613...
GetData ===>> H2,0.0336147160211655,H1,3224.78409022459,AX,392.150786053953,L1,5.02307191392401,L2,0.7467838326...
GetData ===>> H2,-0.0907345989954075,H1,3223.45100312557,AX,391.991524676277,L1,4.97140482376342,L2,0.783615007...
GetData ===>> H2,-0.0338365338959491,H1,3222.10873519128,AX,391.636094604921,L1,4.92869009706585,L2,0.780466980...
GetData ===>> H2,0.000495089989319531,H1,3220.96005950123,AX,392.116168330554,L1,4.97126119546847,L2,0.69043133...
testing H1>-5.0
evaluate ot="H1.bs>-5.0" t="H1>-5.0", ctx="{'H1': None}"
GetData ===>> H2,0.0631028939498997,H1,3219.94728190425,AX,392.149387278877,L1,4.94626713324884,L2,0.7268290225...
GetData ===>> H2,0.00233177410567349,H1,3219.01340639875,AX,391.484065794364,L1,4.93990456653321,L2,0.775911110...
GetData ===>> H2,-0.0365750211692816,H1,3217.0109914295,AX,391.313683728574,L1,4.94797226547142,L2,0.6346833801...
GetData ===>> H2,0.053173855273341,H1,3215.74127384713,AX,391.538777720381,L1,4.93997332456389,L2,0.68765231330...
GetData ===>> H2,-0.032318338242721,H1,3213.9247490666,AX,391.247159472529,L1,4.9648639224376,L2,0.685616705242...
testing H1>-5.0
evaluate ot="H1.bs>-5.0" t="H1>-5.0", ctx="{'H1': None}"
GetData ===>> H2,-0.0932436658083163,H1,3212.58005594071,AX,390.902461553595,L1,5.00167439035748,L2,0.682151696...
GetData ===>> H2,-0.10303212860687,H1,3212.00989167748,AX,390.691499931303,L1,5.00270083692482,L2,0.71851192889...
GetData ===>> H2,0.0142713044958148,H1,3210.75530267454,AX,390.617836114345,L1,4.9582303645895,L2,0.76273693301...
GetData ===>> H2,0.087600292918719,H1,3208.73797196276,AX,390.547130704118,L1,4.97581770601841,L2,0.78870930533...
GetData ===>> H2,0.0712536874968035,H1,3208.22042684768,AX,390.349950847128,L1,4.97256887201753,L2,0.8212345386...
testing H1>-5.0
evaluate ot="H1.bs>-5.0" t="H1>-5.0", ctx="{'H1': None}"
GetData ===>> H2,0.00249764762175911,H1,3207.24218082975,AX,390.681000106444,L1,4.95872247371864,L2,0.758536684...
measurement finished
estimated time: 125.829 actual time: :126.297
flush and close file /Users/jan/PychronDev/data/isotopes/43/49904b-dcd7-45c2-923a-991fd8ce10ba.h5
baselines () {'settling_time': 15.0, 'detector': 'H1', 'mass': 34.2, 'ncounts': 60}
%%%%%%%%%%%%%%%%%%%%%%%%%%%%%%%% Baseline
build tables- baseline [Detector(H2), Detector(H1), Detector(AX), Detector(L1), Detector(L2), Detector(CDD)]
add group baseline table H2
add group baseline table H1
add group baseline table AX
add group baseline table L1
add group baseline table L2
add group baseline table CDD
flush and close file /Users/jan/PychronDev/data/isotopes/43/49904b-dcd7-45c2-923a-991fd8ce10ba.h5
detector Detector(H1)
POSITION 34.2 H1
Mapping mass to dac mass func: "parabolic"
H1 map mass coeffs = [-0.00063987  0.15840543  0.57087999]
H1 map mass to dac 34.2 >> 5.23992599104
GetDeflection H1 ===>> 0
GetHighVoltage ===>> 4499.94659342336
positioning 34.2 (5.23989513361) on H1
setting magnet DAC
current  : 5.879235
requested: 5.239895
Delta Dac: 0.639340
Checking detector protection. dv=0.63934
Checking detector "CDD". Protection Threshold: 0.1 (V)
ProtectDetector CDD,On ===>> OK
GetDeflection CDD ===>> 2000
Protected = 2000
SetMagnetDAC 5.23989513361 ===>> OK
Magnet settling time: 0.500
GetMagnetMoving ===>> True
GetMagnetMoving ===>> True
GetMagnetMoving ===>> True
GetMagnetMoving ===>> True
GetMagnetMoving ===>> True
GetMagnetMoving ===>> True
GetMagnetMoving ===>> True
GetMagnetMoving ===>> True
GetMagnetMoving ===>> False
ProtectDetector CDD,Off ===>> OK
GetDeflection CDD ===>> 50
Delaying 15.0s for detectors to settle
Join finished
measuring baseline. ncounts=60
"baseline" increment series count="2" fit count="1" regressing="True"
starting measurement
GetData ===>> H2,-0.1934023837854,H1,-0.117442125524625,AX,-0.153956629629491,L1,-0.0586347650865372,L2,-0.0673...
GetData ===>> H2,-0.155352216719561,H1,-0.231965814806867,AX,-0.0636902376096274,L1,-0.0420972140250955,L2,-0.0...
GetData ===>> H2,-0.130895550549611,H1,-0.18948943813657,AX,-0.110642924478137,L1,-0.0339734207454295,L2,0.0589...
GetData ===>> H2,-0.141755390240222,H1,-0.141045544045526,AX,-0.0807886921790476,L1,-0.08425401169684,L2,-0.020...
testing H1>-5.0
evaluate ot="H1.bs>-5.0" t="H1>-5.0", ctx="{'H1': None}"
GetData ===>> H2,-0.0973853946392485,H1,-0.068687651427468,AX,-0.0961225807368728,L1,-0.0689844898693772,L2,0.0...
GetData ===>> H2,-0.18500493472005,H1,-0.0771507771407663,AX,-0.0231172050624357,L1,-0.0853555801502413,L2,-0.0...
set states for children of Q. state=False
handle state [('Q', False)]
update switch state Q False args=() kw={'refresh': False} ncanvase=2
refresh_canvas_needed fired
GetData ===>> H2,-0.311283913196269,H1,-0.06674460745113,AX,-0.0625193182602691,L1,-0.0959794075429147,L2,-0.00...
State checksums do not match. Local:-2107522168 Remote:1814532534
State checksum failed
GetData ===>> H2,-0.176331280703332,H1,-0.0560393082738696,AX,-0.141434887067297,L1,-0.0428264627619301,L2,0.04...
set states for children of D. state=False
set states for children of I. state=True
handle state [('D', False), ('I', True)]
update switch state D False args=() kw={'refresh': True} ncanvase=2
update switch state I True args=() kw={'refresh': False} ncanvase=2
refresh_canvas_needed fired
GetData ===>> H2,-0.180717514935613,H1,-0.0718941875055055,AX,-0.0738337511391777,L1,-0.0728725962689948,L2,-0....
testing H1>-5.0
evaluate ot="H1.bs>-5.0" t="H1>-5.0", ctx="{'H1': None}"
GetData ===>> H2,-0.277509410093985,H1,-0.0409688840872001,AX,-0.135509685928559,L1,-0.0704524180836027,L2,-0.0...
set states for children of B. state=False
handle state [('B', False)]
update switch state B False args=() kw={'refresh': False} ncanvase=2
refresh_canvas_needed fired
GetData ===>> H2,-0.245479200463101,H1,-0.0409331129756606,AX,-0.176827836443624,L1,-0.0598660958378827,L2,-0.0...
GetData ===>> H2,-0.267661287195363,H1,0.0117238980221536,AX,-0.0777749454311178,L1,-0.0198115045151347,L2,0.00...
set states for children of W. state=True
handle state [('W', True)]
update switch state W True args=() kw={'refresh': False} ncanvase=2
refresh_canvas_needed fired
GetData ===>> H2,-0.303793210914073,H1,0.0440116313164431,AX,-0.0902697943087816,L1,-0.00971780232658247,L2,-0....
GetData ===>> H2,-0.195330975475744,H1,-0.0122405639622734,AX,-0.188441058264447,L1,-0.076391369455646,L2,-0.07...
testing H1>-5.0
evaluate ot="H1.bs>-5.0" t="H1>-5.0", ctx="{'H1': None}"
GetData ===>> H2,-0.143374281481666,H1,-0.0173094636128688,AX,-0.19345911722414,L1,-0.0706711544756095,L2,-0.09...
GetData ===>> H2,-0.217400542246289,H1,-0.0565638707740178,AX,-0.142408858192681,L1,-0.0647743616154295,L2,-0.1...
GetData ===>> H2,-0.173484168680502,H1,-0.0860660846487836,AX,-0.161550049374621,L1,-0.0352164408803732,L2,0.02...
GetData ===>> H2,-0.0858471188371755,H1,0.0312909781382099,AX,-0.105127071502223,L1,-0.0199266055103528,L2,-0.0...
GetData ===>> H2,-0.1013320407763,H1,0.0168539210683384,AX,-0.0969917764171369,L1,-0.0233334781039433,L2,-0.044...
testing H1>-5.0
evaluate ot="H1.bs>-5.0" t="H1>-5.0", ctx="{'H1': None}"
GetData ===>> H2,-0.185827696170213,H1,0.00790637706276094,AX,-0.0382630477554937,L1,-0.017854586093228,L2,0.11...
GetData ===>> H2,-0.273244737370547,H1,0.0774896069429378,AX,-0.0241030322337586,L1,-0.0577467730121462,L2,-0.0...
GetData ===>> H2,-0.196105640147126,H1,0.0687535147613218,AX,-0.122612176780703,L1,-0.0604763204209343,L2,-0.09...
GetData ===>> H2,-0.28133616806599,H1,0.0841567204470152,AX,-0.0538934979715779,L1,-0.0176962892873106,L2,-0.10...
GetData ===>> H2,-0.229586561332254,H1,0.0923391515304186,AX,-0.0361061268044991,L1,-0.0167200706145907,L2,-0.0...
testing H1>-5.0
evaluate ot="H1.bs>-5.0" t="H1>-5.0", ctx="{'H1': None}"
23:24:58 -- collecting point 25
GetData ===>> H2,-0.317757435492785,H1,0.0469593303789263,AX,-0.0843471114283729,L1,-0.04130084748545,L2,0.0331...
GetData ===>> H2,-0.350658147562306,H1,0.056244552925855,AX,-0.0539978471406744,L1,-0.0219850123878672,L2,-0.07...
set states for children of W. state=False
handle state [('W', False)]
update switch state W False args=() kw={'refresh': False} ncanvase=2
refresh_canvas_needed fired
GetData ===>> H2,-0.296374118797301,H1,0.0332598290544663,AX,-0.0480381708606221,L1,-0.00986767648168005,L2,-0....
GetData ===>> H2,-0.243292578917383,H1,0.0312193842890053,AX,-0.120399192698431,L1,-0.0138415248776985,L2,-0.03...
set states for children of X. state=True
handle state [('X', True)]
update switch state X True args=() kw={'refresh': False} ncanvase=2
refresh_canvas_needed fired
GetData ===>> H2,-0.191167447860114,H1,0.0157324517167325,AX,-0.108186322702172,L1,-0.0355891103408118,L2,-0.03...
testing H1>-5.0
evaluate ot="H1.bs>-5.0" t="H1>-5.0", ctx="{'H1': None}"
GetData ===>> H2,-0.362003560419259,H1,0.0374005085314934,AX,-0.0734164388678892,L1,-0.0380045362107214,L2,-0.0...
GetData ===>> H2,-0.338423075990609,H1,-0.0260035196069317,AX,-0.0520267883758268,L1,0.0186476048948282,L2,-0.0...
GetData ===>> H2,-0.297844838994282,H1,0.0691593660312908,AX,-0.177801453208032,L1,-0.0197671423216477,L2,-0.16...
GetData ===>> H2,-0.158108101575851,H1,0.0841925022178504,AX,-0.0349348755085725,L1,-0.0160724039999437,L2,0.00...
GetData ===>> H2,-0.139313102897983,H1,0.128714928104867,AX,-0.0460206102068234,L1,-0.00156968390820965,L2,-0.0...
testing H1>-5.0
evaluate ot="H1.bs>-5.0" t="H1>-5.0", ctx="{'H1': None}"
GetData ===>> H2,-0.224415034228747,H1,0.0702814339853088,AX,-0.0397125645477248,L1,0.0244510992723945,L2,0.028...
GetData ===>> H2,-0.200155359604212,H1,0.0970986281566557,AX,-0.01404712655179,L1,-0.0173652970087406,L2,-0.070...
GetData ===>> H2,-0.219916129597079,H1,0.0672733652453907,AX,0.0212089415976616,L1,-0.0209540633385376,L2,-0.14...
GetData ===>> H2,-0.125841473217452,H1,0.0607203854923856,AX,-0.150571280453513,L1,-0.0424576539230754,L2,0.011...
GetData ===>> H2,-0.164599344206977,H1,0.0202184045046796,AX,-0.0572789917142454,L1,-0.026034660250846,L2,0.030...
testing H1>-5.0
evaluate ot="H1.bs>-5.0" t="H1>-5.0", ctx="{'H1': None}"
GetData ===>> H2,-0.231374031629273,H1,0.139120663039605,AX,-0.100653902267603,L1,-0.0185333153759624,L2,-0.027...
GetData ===>> H2,-0.229898850627297,H1,0.0855641464067027,AX,-0.213714145508899,L1,-0.0127100668957895,L2,-0.10...
GetData ===>> H2,-0.245319086854721,H1,0.0738998065980436,AX,-0.083987798127786,L1,-0.0400073658398581,L2,-0.00...
GetData ===>> H2,-0.161994921494369,H1,0.137378343083872,AX,-0.0919503333756981,L1,-0.0267236212057837,L2,0.072...
GetData ===>> H2,-0.169475794858215,H1,0.0377107680689772,AX,0.0172522939346169,L1,-0.00530450702946724,L2,-0.0...
set states for children of C. state=False
set states for children of X. state=False
handle state [('C', False), ('X', False)]
update switch state C False args=() kw={'refresh': True} ncanvase=2
update switch state X False args=() kw={'refresh': False} ncanvase=2
refresh_canvas_needed fired
testing H1>-5.0
evaluate ot="H1.bs>-5.0" t="H1>-5.0", ctx="{'H1': None}"
GetData ===>> H2,-0.158391757569228,H1,0.0224733875431539,AX,-0.0213194945141773,L1,0.0259046686162528,L2,-0.01...
GetData ===>> H2,-0.15708823209719,H1,0.0962516872005327,AX,-0.0265501600538827,L1,-0.00431604748214451,L2,-0.0...
GetData ===>> H2,-0.169396179666547,H1,0.0733035067121747,AX,-0.0704720180908143,L1,-0.0333484167958666,L2,-0.0...
State checksums do not match. Local:-1725866079 Remote:610848153
State checksum failed
GetData ===>> H2,-0.224199558675519,H1,0.0501338725783508,AX,-0.13599670237566,L1,-0.0237218027039664,L2,0.0493...
set states for children of P. state=False
handle state [('P', False)]
update switch state P False args=() kw={'refresh': False} ncanvase=2
refresh_canvas_needed fired
GetData ===>> H2,-0.280773648953034,H1,-0.0131947293912525,AX,-0.110608161678141,L1,-0.00407011710626794,L2,-0....
testing H1>-5.0
evaluate ot="H1.bs>-5.0" t="H1>-5.0", ctx="{'H1': None}"
23:25:24 -- collecting point 50
GetData ===>> H2,-0.291558045192257,H1,0.121722690574733,AX,-0.122079211394454,L1,-0.0280750457695834,L2,-0.020...
set states for children of W. state=True
handle state [('W', True)]
update switch state W True args=() kw={'refresh': False} ncanvase=2
refresh_canvas_needed fired
GetData ===>> H2,-0.273401920867132,H1,0.0684312222775986,AX,-0.126447124222509,L1,-0.000958879136874354,L2,-0....
GetData ===>> H2,-0.225649899247722,H1,0.0873294204888132,AX,0.0384645899439447,L1,-0.02393873059881,L2,0.00022...
GetData ===>> H2,-0.163443697068271,H1,0.0435104117686215,AX,0.0592321860385612,L1,-0.00940365885654769,L2,-0.0...
GetData ===>> H2,-0.125695452224738,H1,0.0453004931040947,AX,-0.0480265758039369,L1,0.0116650124611187,L2,-0.10...
testing H1>-5.0
evaluate ot="H1.bs>-5.0" t="H1>-5.0", ctx="{'H1': None}"
GetData ===>> H2,-0.221950287328048,H1,0.0630956418995467,AX,-0.0224793115718311,L1,0.00289280423195044,L2,-0.0...
GetData ===>> H2,-0.282680231390014,H1,0.0224495250228831,AX,-0.0864566014623033,L1,0.0044211628360515,L2,-0.04...
GetData ===>> H2,-0.316161864221957,H1,0.0666049177968421,AX,0.0482251910904153,L1,0.0218697538436738,L2,0.0043...
GetData ===>> H2,-0.328876125905333,H1,0.0560297179948545,AX,-0.147429292744394,L1,0.0226219771496042,L2,-0.096...
GetData ===>> H2,-0.308563037703981,H1,0.0353003154063504,AX,-0.0945580089435196,L1,-0.0258716991056309,L2,-0.0...
testing H1>-5.0
evaluate ot="H1.bs>-5.0" t="H1>-5.0", ctx="{'H1': None}"
GetData ===>> H2,-0.175005628871181,H1,0.0714788511186672,AX,-0.134037026123318,L1,-0.0258573200542809,L2,0.058...
measurement finished
estimated time: 62.915 actual time: :63.151
flush and close file /Users/jan/PychronDev/data/isotopes/43/49904b-dcd7-45c2-923a-991fd8ce10ba.h5
activate_detectors ('H1', 'AX', 'CDD') {'peak_center': True}
peak_center () {'detector': 'H1', 'integration_time': 0.262144, 'isotope': 'Ar40'}
peak center: mean=3212.52362507 threshold=3
peak center started
setup peak center. detector=['H1', 'AX', 'CDD'], isotope=Ar40
VersionedUnpickler [<apptools.sweet_pickle.versioned_unpickler.VersionedUnpickler object at 0x1a8b07290>] using Updater [<apptools.sweet_pickle.updater.Updater object at 0x135230b30>]
VersionedUnpickler [<apptools.sweet_pickle.versioned_unpickler.VersionedUnpickler object at 0x1a8b07290>] using Updater [<apptools.sweet_pickle.updater.Updater object at 0x135230b30>]
VersionedUnpickler [<apptools.sweet_pickle.versioned_unpickler.VersionedUnpickler object at 0x14e50e6b0>] using Updater [<apptools.sweet_pickle.updater.Updater object at 0x135230b30>]
setting integration time = 0.524288
SetIntegrationTime 0.524288 ===>> OK
Mapping mass to dac mass func: "parabolic"
H1 map mass coeffs = [-0.00063987  0.15840543  0.57087999]
H1 map mass to dac 39.9624 >> 5.87927
GetDeflection H1 ===>> 0
GetHighVoltage ===>> 4499.94659342336
do peak center. <pychron.spectrometer.jobs.peak_center.PeakCenter object at 0x1352309b0>
doing pc
starting peak center. center dac= 5.87923537753 step_width=0.001
width = 0.001
get scan parameters. half-width=0.015,window=0.015, i=0, scalar=1
Scan parameters center=5.87924 width=0.03000 (5.86424 - 5.89424)
GetData ===>> H2,-0.0699467553683848,H1,0.0772987837525331,AX,0.0136670834662489,L1,-0.0236702666599744,L2,-0.0...
Moving to starting dac 5.86423537753
setting magnet DAC
current  : 5.239895
requested: 5.864235
Delta Dac: 0.624340
Checking detector protection. dv=0.62434
Checking detector "CDD". Protection Threshold: 0.1 (V)
ProtectDetector CDD,On ===>> OK
GetDeflection CDD ===>> 2000
Protected = 2000
SetMagnetDAC 5.86423537753 ===>> OK
Magnet settling time: 0.500
GetMagnetMoving ===>> True
GetMagnetMoving ===>> True
GetMagnetMoving ===>> True
GetMagnetMoving ===>> True
GetMagnetMoving ===>> True
GetMagnetMoving ===>> True
GetMagnetMoving ===>> True
GetMagnetMoving ===>> True
GetMagnetMoving ===>> False
ProtectDetector CDD,Off ===>> OK
GetDeflection CDD ===>> 50
Wait until signal near baseline. tol= 0.0579740878144. timeout= 10
GetData ===>> H2,5.77367572270336,H1,1.78276572523959,AX,0.106946049111167,L1,0.0469294807824076,L2,0.035624498...
GetData ===>> H2,116.469334554466,H1,54.8436890983119,AX,2.61797272604125,L1,0.0452289378562876,L2,0.0873081548...
GetData ===>> H2,151.724863588634,H1,112.454376076983,AX,10.6982130103865,L1,0.0492501752983637,L2,-0.121058967...
GetData ===>> H2,151.609995582943,H1,53.7058032344397,AX,4.83097607268646,L1,0.0533018585676516,L2,-0.105247058...
set states for children of W. state=False
handle state [('W', False)]
update switch state W False args=() kw={'refresh': False} ncanvase=2
refresh_canvas_needed fired
GetData ===>> H2,126.93100955074,H1,27.2505853959437,AX,2.24661002293378,L1,0.0637605979772474,L2,0.01013477618...
GetData ===>> H2,68.8985752811989,H1,14.8006814073015,AX,0.993080102652533,L1,0.0240950828090273,L2,0.081108288...
GetData ===>> H2,28.8299242376982,H1,8.77192154305553,AX,0.572442889259141,L1,0.0167831979615253,L2,-0.10904885...
GetData ===>> H2,10.1457010723026,H1,5.78611381805636,AX,0.342607662068849,L1,0.036236452045548,L2,-0.057440468...
GetData ===>> H2,3.42010490723586,H1,4.44926838243835,AX,0.289218797301144,L1,0.023756496983612,L2,0.0428922500...
GetData ===>> H2,1.51965046598426,H1,3.75173158236646,AX,0.213947904574317,L1,0.0196031424220416,L2,0.138403962...
GetData ===>> H2,1.10819125962786,H1,3.25892071757845,AX,0.177819028192982,L1,-0.0130360932590759,L2,0.00393990...
GetData ===>> H2,1.14864685190158,H1,3.07141119175018,AX,0.315909575292273,L1,-0.0514010432696624,L2,-0.0052833...
set states for children of X. state=True
handle state [('X', True)]
update switch state X True args=() kw={'refresh': False} ncanvase=2
refresh_canvas_needed fired
GetData ===>> H2,1.19285293683155,H1,2.98014571647387,AX,0.305664470029706,L1,-0.0400840212445651,L2,0.02475807...
GetData ===>> H2,1.09970343255092,H1,2.92887059585738,AX,0.0894212894469909,L1,-0.00446960096313029,L2,0.035897...
GetData ===>> H2,1.02425774051982,H1,2.95025829716822,AX,0.12551739036605,L1,-0.00816377556125705,L2,-0.0889349...
GetData ===>> H2,0.918619397329595,H1,2.92391142149226,AX,0.335310853243896,L1,-0.0381578769888245,L2,-0.140381...
GetData ===>> H2,0.875969189346892,H1,2.92345180295885,AX,0.148034963695978,L1,-0.0259248450287808,L2,-0.068478...
GetData ===>> H2,0.750048965948232,H1,2.90809206407767,AX,0.165779045862671,L1,-0.0215066778604992,L2,-0.001708...
GetData ===>> H2,0.63787419195295,H1,2.84099604370047,AX,0.138897442324544,L1,0.0081554699246039,L2,-0.22411981...
GetData ===>> H2,0.590683749109277,H1,2.85888398094467,AX,0.0229610568914914,L1,0.0169367746216918,L2,-0.018718...
GetData ===>> H2,0.521154719191033,H1,2.82888721576284,AX,0.20615017339746,L1,0.0508048104839621,L2,0.038290036...
Peak center failed to move to a baseline position
_do_sweep sm= 5.86423537753, em= 5.89423537753, stm= 0.001
calculated step values: start=5.86423537753, end=5.89423537753, width=0.001, nsteps=31.0
setting magnet DAC
current  : 5.864235
requested: 5.864235
Delta Dac: 0.000000
Checking detector protection. dv=0.00000
Checking detector "CDD". Protection Threshold: 0.1 (V)
SetMagnetDAC 5.86423537753 ===>> OK
GetData ===>> H2,0.521154719191033,H1,2.82888721576284,AX,0.20615017339746,L1,0.0508048104839621,L2,0.038290036...
setting magnet DAC
current  : 5.864235
requested: 5.865270
Delta Dac: 0.001034
Checking detector protection. dv=0.00103
Checking detector "CDD". Protection Threshold: 0.1 (V)
SetMagnetDAC 5.86526986029 ===>> OK
Magnet settling time: 1.049
GetData ===>> H2,0.443110822619985,H1,5.92934759442338,AX,0.570675920151152,L1,-0.00779441909893855,L2,-0.06633...
setting magnet DAC
current  : 5.865270
requested: 5.866304
Delta Dac: 0.001034
Checking detector protection. dv=0.00103
Checking detector "CDD". Protection Threshold: 0.1 (V)
SetMagnetDAC 5.86630434305 ===>> OK
Magnet settling time: 1.049
GetData ===>> H2,0.195262204341551,H1,19.1308169095477,AX,1.95806475931947,L1,0.0142783090940603,L2,0.098933986...
setting magnet DAC
current  : 5.866304
requested: 5.867339
Delta Dac: 0.001034
Checking detector protection. dv=0.00103
Checking detector "CDD". Protection Threshold: 0.1 (V)
SetMagnetDAC 5.86733882581 ===>> OK
Magnet settling time: 1.049
GetData ===>> H2,0.251460714429022,H1,70.6184856979351,AX,5.7094876105515,L1,0.0607293589157693,L2,-0.215856271...
setting magnet DAC
current  : 5.867339
requested: 5.868373
Delta Dac: 0.001034
Checking detector protection. dv=0.00103
Checking detector "CDD". Protection Threshold: 0.1 (V)
SetMagnetDAC 5.86837330856 ===>> OK
Magnet settling time: 1.049
GetData ===>> H2,0.176336276034136,H1,244.579491316834,AX,19.3864549858126,L1,0.0857803918775942,L2,-0.10973257...
setting magnet DAC
current  : 5.868373
requested: 5.869408
Delta Dac: 0.001034
Checking detector protection. dv=0.00103
Checking detector "CDD". Protection Threshold: 0.1 (V)
SetMagnetDAC 5.86940779132 ===>> OK
Magnet settling time: 1.049
GetData ===>> H2,0.154818850197376,H1,677.489019255948,AX,57.7962411498315,L1,0.284754712388286,L2,-0.024956578...
setting magnet DAC
current  : 5.869408
requested: 5.870442
Delta Dac: 0.001034
Checking detector protection. dv=0.00103
Checking detector "CDD". Protection Threshold: 0.1 (V)
SetMagnetDAC 5.87044227408 ===>> OK
Magnet settling time: 1.049
GetData ===>> H2,0.235317957849816,H1,1379.96422856982,AX,130.121699966355,L1,0.807432675566793,L2,-0.026550298...
setting magnet DAC
current  : 5.870442
requested: 5.871477
Delta Dac: 0.001034
Checking detector protection. dv=0.00103
Checking detector "CDD". Protection Threshold: 0.1 (V)
SetMagnetDAC 5.87147675684 ===>> OK
Magnet settling time: 1.049
GetData ===>> H2,0.12860668312003,H1,2139.04987526369,AX,221.596340151049,L1,1.63620248571146,L2,0.143626801440...
setting magnet DAC
current  : 5.871477
requested: 5.872511
Delta Dac: 0.001034
Checking detector protection. dv=0.00103
Checking detector "CDD". Protection Threshold: 0.1 (V)
SetMagnetDAC 5.8725112396 ===>> OK
Magnet settling time: 1.049
GetData ===>> H2,0.155705032508571,H1,2679.62042126433,AX,299.270119538224,L1,2.55453951045844,L2,0.23741270441...
setting magnet DAC
current  : 5.872511
requested: 5.873546
Delta Dac: 0.001034
Checking detector protection. dv=0.00103
Checking detector "CDD". Protection Threshold: 0.1 (V)
SetMagnetDAC 5.87354572236 ===>> OK
Magnet settling time: 1.049
GetData ===>> H2,0.106106035623036,H1,2939.43815822803,AX,345.506578641888,L1,3.31629723263539,L2,0.38740221081...
setting magnet DAC
current  : 5.873546
requested: 5.874580
Delta Dac: 0.001034
Checking detector protection. dv=0.00103
Checking detector "CDD". Protection Threshold: 0.1 (V)
SetMagnetDAC 5.87458020512 ===>> OK
Magnet settling time: 1.049
set states for children of X. state=False
handle state [('X', False)]
update switch state X False args=() kw={'refresh': False} ncanvase=2
refresh_canvas_needed fired
GetData ===>> H2,0.186759044062073,H1,3030.78310624027,AX,364.908581671329,L1,3.89786279043104,L2,0.58417360409...
setting magnet DAC
current  : 5.874580
requested: 5.875615
Delta Dac: 0.001034
Checking detector protection. dv=0.00103
Checking detector "CDD". Protection Threshold: 0.1 (V)
SetMagnetDAC 5.87561468788 ===>> OK
Magnet settling time: 1.049
GetData ===>> H2,0.0800836187695122,H1,3058.97399641478,AX,371.801653755637,L1,4.39984128356217,L2,0.6270796899...
setting magnet DAC
current  : 5.875615
requested: 5.876649
Delta Dac: 0.001034
Checking detector protection. dv=0.00103
Checking detector "CDD". Protection Threshold: 0.1 (V)
SetMagnetDAC 5.87664917063 ===>> OK
Magnet settling time: 1.049
GetData ===>> H2,-0.0402574321584613,H1,3060.35601672809,AX,372.256905624213,L1,4.52052261415863,L2,0.598216389...
setting magnet DAC
current  : 5.876649
requested: 5.877684
Delta Dac: 0.001034
Checking detector protection. dv=0.00103
Checking detector "CDD". Protection Threshold: 0.1 (V)
SetMagnetDAC 5.87768365339 ===>> OK
Magnet settling time: 1.049
set states for children of W. state=True
handle state [('W', True)]
update switch state W True args=() kw={'refresh': False} ncanvase=2
refresh_canvas_needed fired
GetData ===>> H2,-0.0551974584406255,H1,3060.6457258376,AX,372.029735425955,L1,4.59002605986474,L2,0.7316804522...
setting magnet DAC
current  : 5.877684
requested: 5.878718
Delta Dac: 0.001034
Checking detector protection. dv=0.00103
Checking detector "CDD". Protection Threshold: 0.1 (V)
SetMagnetDAC 5.87871813615 ===>> OK
Magnet settling time: 1.049
GetData ===>> H2,-0.0456329992253175,H1,3060.34785490743,AX,372.019400935355,L1,4.59685445831363,L2,0.679000246...
setting magnet DAC
current  : 5.878718
requested: 5.879753
Delta Dac: 0.001034
Checking detector protection. dv=0.00103
Checking detector "CDD". Protection Threshold: 0.1 (V)
SetMagnetDAC 5.87975261891 ===>> OK
Magnet settling time: 1.049
GetData ===>> H2,-0.109059385244497,H1,3060.54413858544,AX,372.190707533665,L1,4.69547047626288,L2,0.7400936779...
setting magnet DAC
current  : 5.879753
requested: 5.880787
Delta Dac: 0.001034
Checking detector protection. dv=0.00103
Checking detector "CDD". Protection Threshold: 0.1 (V)
SetMagnetDAC 5.88078710167 ===>> OK
Magnet settling time: 1.049
GetData ===>> H2,-0.0415058969938989,H1,3058.98720585921,AX,372.451806877519,L1,4.76698455733448,L2,0.783085792...
setting magnet DAC
current  : 5.880787
requested: 5.881822
Delta Dac: 0.001034
Checking detector protection. dv=0.00103
Checking detector "CDD". Protection Threshold: 0.1 (V)
SetMagnetDAC 5.88182158443 ===>> OK
Magnet settling time: 1.049
GetData ===>> H2,-0.013580867983215,H1,3056.77066537731,AX,371.830542045373,L1,4.78532231907213,L2,0.7750804834...
setting magnet DAC
current  : 5.881822
requested: 5.882856
Delta Dac: 0.001034
Checking detector protection. dv=0.00103
Checking detector "CDD". Protection Threshold: 0.1 (V)
SetMagnetDAC 5.88285606719 ===>> OK
Magnet settling time: 1.049
GetData ===>> H2,0.1183481747407,H1,3050.80759588789,AX,370.510036151463,L1,4.74776085146869,L2,0.6310532581271...
setting magnet DAC
current  : 5.882856
requested: 5.883891
Delta Dac: 0.001034
Checking detector protection. dv=0.00103
Checking detector "CDD". Protection Threshold: 0.1 (V)
SetMagnetDAC 5.88389054994 ===>> OK
Magnet settling time: 1.049
GetData ===>> H2,-0.0335568100035515,H1,3034.54297048965,AX,366.165518373346,L1,4.72767745711977,L2,0.648867827...
setting magnet DAC
current  : 5.883891
requested: 5.884925
Delta Dac: 0.001034
Checking detector protection. dv=0.00103
Checking detector "CDD". Protection Threshold: 0.1 (V)
SetMagnetDAC 5.8849250327 ===>> OK
Magnet settling time: 1.049
GetData ===>> H2,-0.202255841845438,H1,2976.13180785233,AX,352.839011299135,L1,4.58307018748616,L2,0.5306286209...
setting magnet DAC
current  : 5.884925
requested: 5.885960
Delta Dac: 0.001034
Checking detector protection. dv=0.00103
Checking detector "CDD". Protection Threshold: 0.1 (V)
SetMagnetDAC 5.88595951546 ===>> OK
Magnet settling time: 1.049
GetData ===>> H2,-0.142642967146583,H1,2798.95966887378,AX,316.688768844411,L1,4.15607085791245,L2,0.4699865125...
setting magnet DAC
current  : 5.885960
requested: 5.886994
Delta Dac: 0.001034
Checking detector protection. dv=0.00103
Checking detector "CDD". Protection Threshold: 0.1 (V)
SetMagnetDAC 5.88699399822 ===>> OK
Magnet settling time: 1.049
GetData ===>> H2,-0.478861212382388,H1,2094.16727351139,AX,202.08459700841,L1,2.94607574577147,L2,0.17248299342...
setting magnet DAC
current  : 5.886994
requested: 5.888028
Delta Dac: 0.001034
Checking detector protection. dv=0.00103
Checking detector "CDD". Protection Threshold: 0.1 (V)
SetMagnetDAC 5.88802848098 ===>> OK
Magnet settling time: 1.049
GetData ===>> H2,-0.281173515007044,H1,1292.58813893246,AX,106.933706399922,L1,1.98351304807145,L2,0.1065029341...
setting magnet DAC
current  : 5.888028
requested: 5.889063
Delta Dac: 0.001034
Checking detector protection. dv=0.00103
Checking detector "CDD". Protection Threshold: 0.1 (V)
SetMagnetDAC 5.88906296374 ===>> OK
Magnet settling time: 1.049
GetData ===>> H2,-0.311985348261817,H1,630.391647582023,AX,44.2309739429342,L1,1.27081625825749,L2,0.0862368257...
setting magnet DAC
current  : 5.889063
requested: 5.890097
Delta Dac: 0.001034
Checking detector protection. dv=0.00103
Checking detector "CDD". Protection Threshold: 0.1 (V)
SetMagnetDAC 5.8900974465 ===>> OK
Magnet settling time: 1.049
GetData ===>> H2,-0.24145683548163,H1,238.48380553433,AX,13.7452532070906,L1,0.758060348018175,L2,-0.1240897447...
setting magnet DAC
current  : 5.890097
requested: 5.891132
Delta Dac: 0.001034
Checking detector protection. dv=0.00103
Checking detector "CDD". Protection Threshold: 0.1 (V)
SetMagnetDAC 5.89113192925 ===>> OK
Magnet settling time: 1.049
GetData ===>> H2,-0.269235592084349,H1,71.3911771911025,AX,3.06457414897263,L1,0.446128621825216,L2,-0.12946742...
setting magnet DAC
current  : 5.891132
requested: 5.892166
Delta Dac: 0.001034
Checking detector protection. dv=0.00103
Checking detector "CDD". Protection Threshold: 0.1 (V)
SetMagnetDAC 5.89216641201 ===>> OK
Magnet settling time: 1.049
GetData ===>> H2,-0.246244754315579,H1,18.0155475959457,AX,0.414536000106127,L1,0.30194584634225,L2,-0.02288470...
setting magnet DAC
current  : 5.892166
requested: 5.893201
Delta Dac: 0.001034
Checking detector protection. dv=0.00103
Checking detector "CDD". Protection Threshold: 0.1 (V)
SetMagnetDAC 5.89320089477 ===>> OK
Magnet settling time: 1.049
set states for children of W. state=False
handle state [('W', False)]
update switch state W False args=() kw={'refresh': False} ncanvase=2
refresh_canvas_needed fired
GetData ===>> H2,-0.221966256359318,H1,3.86963971815024,AX,-0.0575572462357975,L1,0.201442447411827,L2,0.050023...
setting magnet DAC
current  : 5.893201
requested: 5.894235
Delta Dac: 0.001034
Checking detector protection. dv=0.00103
Checking detector "CDD". Protection Threshold: 0.1 (V)
SetMagnetDAC 5.89423537753 ===>> OK
Magnet settling time: 1.049
GetData ===>> H2,-0.26398728190942,H1,0.548234763061362,AX,-0.146720013759854,L1,0.0860499406368009,L2,-0.05072...
result of _do_sweep=True
result of _calculate_peak_center=([5.8716944335734009, 5.8792115367452613, 5.8867286399171217], [2252.7971845425591, 3060.6403534160136, 2274.9557035843386], 5.8777023113980151, 3060.6403534160136)
Failed to find a valid peak. No peak greater than 1.0. max = 0.0536961469782
new center pos Detector(H1) (Ar40) @ 5.87921153675
GetHighVoltage ===>> 4499.94659342336
GetDeflection H1 ===>> 0
dac uncorrected for HV and deflection 5.87924615907
update mftable H1 Ar40 5.87924615907 message=automated run peakcenter
get initial guess parabolic
get initial guess parabolic
get initial guess parabolic
get initial guess parabolic
get initial guess parabolic
get initial guess parabolic
dump mftable to /Users/jan/PychronDev/setupfiles/spectrometer/mftables/mftable.csv
add to repo msg=modified - automated run peakcenter
set states for children of X. state=True
handle state [('X', True)]
update switch state X True args=() kw={'refresh': False} ncanvase=2
refresh_canvas_needed fired
locally archiving mftable
setting magnet DAC
current  : 5.894235
requested: 5.879212
Delta Dac: 0.015024
Checking detector protection. dv=0.01502
Checking detector "CDD". Protection Threshold: 0.1 (V)
SetMagnetDAC 5.87921153675 ===>> OK
Magnet settling time: 0.500
sweep finished
setting integration time = 1.048576
SetIntegrationTime 1.048576 ===>> OK
Failed to find a valid peak. No peak greater than 1.0. max = 0.0538250252485
flush and close file /Users/jan/PychronDev/data/isotopes/43/49904b-dcd7-45c2-923a-991fd8ce10ba.h5
finished measure script
executed snippet estimated_duration=226.132928, duration=273.024605989
jan_unknown120_60.py completed successfully
Measurement Finished
23:26:22 -- ******* Measurement Finished *******
Post Measurement Started jan_pump_ms.py
23:26:22 -- ******* Post Measurement Started jan_pump_ms.py *******
testing...
no interpolation path defined
executed snippet estimated_duration=0, duration=2.78949737549e-05
Pumping spectrometer
open () {'name': 'O'}
opening name=O desc=---
checking ownership. requestor=129.138.12.150
check software interlocks O
interlocks []
actuate state mode=None-script, software_lock=False
doing actuation None-script open_channel True
Open O ===>> OK
GetIndicatorState O ===>> OK
change switch state (True, True)
update switch state O True args=() kw={} ncanvase=2
23:26:22 -- OPEN   VALVE-O (Jan Ion Pump)
---------------------------------------- open O () result=[(True, True)], time=0.11 sec
action=open, ok=True, locked=[False]
executed snippet estimated_duration=0, duration=0.373118877411
jan_pump_ms.py completed successfully
setting _ms_pumptime
Post Measurement Finished
23:26:23 -- ******* Post Measurement Finished *******
$$$$$$$$$$$$$$$$$$$$ state at run end measurement
state changed from measurement to success
post measurement save measured=True aborted=False
Set filtering
setting fod for Ar40= {'filter_outliers': True, 'std_devs': 2, 'iterations': 1}
setting fod for H1= {'filter_outliers': True, 'std_devs': 2, 'iterations': 1}
setting fod for PM41= {'filter_outliers': False, 'std_devs': 2, 'iterations': 1}
setting fod for H2= {'filter_outliers': True, 'std_devs': 2, 'iterations': 1}
setting fod for Ar36= {'filter_outliers': True, 'std_devs': 2, 'iterations': 1}
setting fod for CDD= {'filter_outliers': True, 'std_devs': 10, 'iterations': 1}
setting fod for Ar37= {'filter_outliers': True, 'std_devs': 2, 'iterations': 1}
setting fod for L2= {'filter_outliers': True, 'std_devs': 2, 'iterations': 1}
setting fod for Ar38= {'filter_outliers': True, 'std_devs': 2, 'iterations': 1}
setting fod for L1= {'filter_outliers': True, 'std_devs': 2, 'iterations': 1}
setting fod for Ar39= {'filter_outliers': True, 'std_devs': 2, 'iterations': 1}
setting fod for AX= {'filter_outliers': True, 'std_devs': 2, 'iterations': 1}
persistence save...
persistence save - db
post measurement save
6700265104 connecting to database sqlite:////Users/jan/PychronDev/.appdata/local_lab.db
connected to db sqlite:////Users/jan/PychronDev/.appdata/local_lab.db
create new session 6700265104
close session 6700265104
No database instance. Not saving post measurement to isotopedb database
$$$$$$$$$$$$$$$ auto_save_detector_ic=False
massspec enabled True
create new session 4985539184
MassSpec Database Version: 16.0
close session 4985539184
saving post measurement to secondary database
saving to massspec database 129.138.12.160/massspecdata
setting labnumber to 25305
setting aliquot to 5
setting step to 
setting uuid to 4349904b-dcd7-45c2-923a-991fd8ce10ba
setting irradpos to 25305
setting extract_device to Fusions CO2
setting tray to 
setting position to 11
setting power_requested to 5.0
setting extract_value to 5.0
setting duration to 30.0
setting duration_at_request to 30.0
setting first_stage_delay to 30.0
setting cleanup to 30.0
setting comment to H:10
setting irradiation to NM-288
setting level to H
setting irradiation_level to H
setting sample to FC-2
setting material to 
setting project to 
setting mass_spectrometer to jan
no attribute chron_dosages
no attribute production_ratios
no attribute interference_corrections
no attribute production_name
no attribute j
Reference Isotope=Ar40
Reference Detector=H1
%%%%%%%%%%%%%%%%%%%% Comment: H:10 %%%%%%%%%%%%%%%%%%%
adding isotope PM41 H2
add baseline dbdet= PM41. original det= H2
get baseline data PM41 H2
Get data baseline <pychron.processing.isotope.Baseline object at 0x189a27790> len t=60
baseline PM41. v=-0.21624078068, e=0.00873300887672
get signal data PM41 H2
Get data signal PM41 0.22+/-0.07 len t=120
adding isotope Ar40 H1
add baseline dbdet= Ar40. original det= H1
get baseline data Ar40 H1
Get data baseline <pychron.processing.isotope.Baseline object at 0x189a27cd0> len t=60
baseline Ar40. v=0.0333131819689, e=0.00789717391368
get signal data Ar40 H1
Get data signal Ar40 3380.07+/-0.13 len t=120
adding isotope Ar39 AX
add baseline dbdet= Ar39. original det= AX
get baseline data Ar39 AX
Get data baseline <pychron.processing.isotope.Baseline object at 0x189a27190> len t=60
baseline Ar39. v=-0.0874073850407, e=0.00686346281076
get signal data Ar39 AX
Get data signal Ar39 409.53+/-0.04 len t=120
adding isotope Ar38 L1
add baseline dbdet= Ar38. original det= L1
get baseline data Ar38 L1
Get data baseline <pychron.processing.isotope.Baseline object at 0x189a275d0> len t=60
baseline Ar38. v=-0.0265225412546, e=0.00360502855226
get signal data Ar38 L1
Get data signal Ar38 5.266+/-0.005 len t=120
adding isotope Ar37 L2
add baseline dbdet= Ar37. original det= L2
get baseline data Ar37 L2
Get data baseline <pychron.processing.isotope.Baseline object at 0x189a27f50> len t=60
baseline Ar37. v=-0.0349290370184, e=0.00666694135928
get signal data Ar37 L2
Get data signal Ar37 0.797+/-0.011 len t=120
adding isotope Ar36 CDD
add baseline dbdet= Ar36. original det= CDD
get baseline data Ar36 CDD
Get data baseline <pychron.processing.isotope.Baseline object at 0x189a279d0> len t=60
baseline Ar36. v=0.000754251453052, e=4.31723745639e-05
get signal data Ar36 CDD
Get data signal Ar36 0.0383+/-0.0005 len t=120
25305-05 added analysis time 0.456796884537s
analysis added to mass spec database
mass spec save time= 0.466
persistence save - dvc
================= post measurement started
create new session 4989601072
close session 4989601072
---------------- Experiment Queue saving disabled
DVC saving peakcenter
Failed to find a valid peak. No peak greater than 1.0. max = 0.0538250252485
Smart pull ahead: 0 behind: 0
Up-to-date with origin
add to repo msg=modified - ad8224ebc6dbfeb9f5997218dfa5fe690569839d.json
add to repo msg=modified - 05-05.json
add to repo msg=modified - 05-05.dat.json
add to repo msg=modified - 05-05.blan.json
add to repo msg=modified - 05-05.inte.json
add to repo msg=modified - 05-05.icfa.json
add to repo msg=modified - 05-05.base.json
not at valid file /Users/jan/PychronDev/data/.dvc/repositories/Load1791/253/tags/05-05.tags.json
add to repo msg=modified - 05-05.peak.json
add to repo msg=modified - 05-05.extr.json
not at valid file /Users/jan/PychronDev/data/.dvc/repositories/Load1791/253/monitor/05-05.moni.json
commit message=<COLLECTION>
add to repo msg=modified - 05-05.inte.json
add to repo msg=modified - 05-05.base.json
commit message=<ISOEVO> default collection fits
add to repo msg=modified - 05-05.blan.json
commit message=<BLANKS> preceding bu-FC-J-7756
add to repo msg=modified - 05-05.icfa.json
commit message=<ICFactor> default
push repository <pychron.git_archive.repo_manager.GitRepoManager object at 0x1ad621dd0>
pushing to remote=origin, url=https://github.com
no changes to meta repo
create new session 4989601072
add association Load1791
get identifier "25305"
setting analysis irradiation position=<pychron.dvc.dvc_orm.IrradiationPositionTbl object at 0x134d25150>
close session 4989601072
================= post measurement finished
23:26:37 -- ******* Post Run Check *******
loading queue conditionals post_run_actions
loading system conditionals post_run_actions
loading conditionals from /Users/jan/PychronDev/setupfiles/spectrometer/default_conditionals.yaml
loading queue conditionals post_run_terminations
loading system conditionals post_run_terminations
loading conditionals from /Users/jan/PychronDev/setupfiles/spectrometer/default_conditionals.yaml
Checking default post run terminations n=1
GetDeflection CDD ===>> 50
testing CDD==2000
evaluate ot="CDD.deflection==2000" t="CDD==2000", ctx="{'CDD': 50.0}"
23:26:37 -- ******* Post Run Check Passed *******
23:26:37 -- Automated run 25305-05 success duration: 365.981 s
----------------- finish -----------------
----------------- stop -----------------
retroactive repository identifiers disabled
finish run. runs completed=14
update duration runid=25305-05, duration=365.981093884, md5=301e91d8
write rem/ex queues
/Users/jan/PychronDev/experiments/rem/CurrentExperiment.rem.txt
/Users/jan/PychronDev/experiments/rem/CurrentExperiment.ex.txt
doing event level: 3
