do run
loading script "jan_unknown120_60.py"
loading script "jan_pump_ms.py"
loading script "jan_co2.py"
loading script "jan_pump_extraction_line.py"
testing...
no interpolation path defined
executed snippet estimated_duration=213.652928, duration=0.000367164611816
script duration name:unknown120_60 seconds:214.0
loading script "jan_unknown120_60.py"
loading script "jan_pump_ms.py"
loading script "jan_co2.py"
loading script "jan_pump_extraction_line.py"
testing...
no interpolation path defined
executed snippet estimated_duration=0, duration=2.78949737549e-05
loading script "jan_unknown120_60.py"
loading script "jan_pump_ms.py"
loading script "jan_co2.py"
loading script "jan_pump_extraction_line.py"
testing...
no interpolation path defined
calculate duration
testing...
no interpolation path defined
executed snippet estimated_duration=0, duration=0.00011420249939
calculate duration
testing...
no interpolation path defined
executed snippet estimated_duration=0, duration=0.000102996826172
executed snippet estimated_duration=0.0, duration=0.00323700904846
script duration name:co2 seconds:0.0
loading script "jan_unknown120_60.py"
loading script "jan_pump_ms.py"
loading script "jan_co2.py"
loading script "jan_pump_extraction_line.py"
testing...
no interpolation path defined
calculate duration
testing...
no interpolation path defined
executed snippet estimated_duration=4.0, duration=0.000234842300415
executed snippet estimated_duration=4.0, duration=0.00169587135315
Script duration 214.0
Run total estimated duration= 215.000
run duration: 0:03:35
doing event level: 2
02:38:09 -- Setting default integration. t=1.048576
setting integration time = 1.048576
SetIntegrationTime 1.048576 ===>> OK
----------------- start -----------------
**************** Experiment Type: Ar/Ar, Ar/Ar
create new session 4436069840
close session 4436069840
$$$$$ Clearing conditionals
adding conditionals 
Add queue conditionals
add default conditionals
adding default conditionals from /Users/jan/PychronDev/setupfiles/spectrometer/default_conditionals.yaml
Start automated run 25308-05
loading script "jan_unknown120_60.py"
loading script "jan_pump_ms.py"
loading script "jan_co2.py"
loading script "jan_pump_extraction_line.py"
%%%%%%%%%%%%%%%%%% setting automated run 25308-05
No value "sensitivity_multiplier" in metadata
$$$$$$$$$$$$$$$ auto_save_detector_ic=False
============================= Pre Extraction Check =============================
loading queue conditionals pre_run_terminations
loading system conditionals pre_run_terminations
loading conditionals from /Users/jan/PychronDev/setupfiles/spectrometer/default_conditionals.yaml
02:38:09 -- ******* Pre Extraction Check *******
Get a measurement from the spectrometer
GetData ===>> H2,-0.214165127140651,H1,0.0478424635920185,AX,-0.164656804415657,L1,-0.0282259914931987,L2,-0.00...
Pre Extraction Termination data. keys=H2,H1,AX,L1,L2,CDD, signals=-0.21417,0.04784,-0.16466,-0.02823,-0.00938,0.00447
02:38:09 -- testing system defined conditionals
Checking default pre extraction terminations n=2
testing CDD
evaluate ot="CDD.inactive" t="CDD", ctx="{'CDD': False}"
GetDeflection CDD ===>> 50
testing CDD==2000
evaluate ot="CDD.deflection==2000" t="CDD==2000", ctx="{'CDD': 50.0}"
02:38:09 -- ******* Pre Extraction Check Passed *******
=================================================================================
02:38:09 -- stopping status monitor
stop 4982387056
Alive clients [4989850544]
02:38:09 -- starting status monitor
start 4982387056
Monitor already running
start extraction
do extraction
Analysis started at 02:38:09.331143
Extraction Started jan_co2.py
02:38:09 -- ******* Extraction Started jan_co2.py *******
state changed from not run to extraction
DO EXTRACTION <pychron.extraction_line.pyscript_runner.RemotePyScriptRunner object at 0x12c299590>
testing...
no interpolation path defined
calculate duration
testing...
no interpolation path defined
executed snippet estimated_duration=0, duration=8.01086425781e-05
calculate duration
testing...
no interpolation path defined
executed snippet estimated_duration=0, duration=0.000109910964966
executed snippet estimated_duration=100.0, duration=0.00577688217163
Jan CO2 laser analysis
doing GOSUB
testing...
no interpolation path defined
executed snippet estimated_duration=0, duration=4.88758087158e-05
Waiting for CO2 access
wait ('FelixCO2Flag', 0) {}
waiting for FelixCO2Flag = 0
Read FelixCO2Flag ===>> 0
finished waiting
CO2 free
wait ('CO2PumpTimeFlag', 0) {}
waiting for CO2PumpTimeFlag = 0
Read CO2PumpTimeFlag ===>> 0
finished waiting
acquire ('JanCO2Flag',) {'clear': True}
acquire JanCO2Flag
Set JanCO2Flag 1 ===>> OK
JanCO2Flag acquired
set extraction state False (0.75, 'red', 1.5)
CO2 acquired
executed snippet estimated_duration=0, duration=0.0184459686279
WaitForCO2Access.py completed successfully
gosub finished
doing GOSUB
testing...
no interpolation path defined
executed snippet estimated_duration=0, duration=9.29832458496e-05
Prepare for CO2 analysis
close () {'description': 'Jan Inlet'}
closing name=--- desc=Jan Inlet
checking ownership. requestor=129.138.12.150
check software interlocks R
interlocks []
actuate state mode=None-script, software_lock=False
doing actuation None-script close_channel False
Close R ===>> OK
GetIndicatorState R ===>> False
change switch state (True, True)
update switch state R False args=() kw={} ncanvase=2
02:38:09 -- CLOSE  VALVE-R (Jan Inlet)
---------------------------------------- close None (Jan Inlet) result=[(True, True)]
action=close, ok=True, locked=[False]
open () {'description': 'Jan Ion Pump'}
opening name=--- desc=Jan Ion Pump
checking ownership. requestor=129.138.12.150
check software interlocks O
interlocks []
actuate state mode=None-script, software_lock=False
doing actuation None-script open_channel False
Open O ===>> OK
GetIndicatorState O ===>> OK
change switch state (True, True)
update switch state O True args=() kw={} ncanvase=2
02:38:10 -- OPEN   VALVE-O (Jan Ion Pump)
---------------------------------------- open None (Jan Ion Pump) result=[(True, True)], time=0.13 sec
action=open, ok=True, locked=[False]
close () {'description': 'Microbone to Minibone'}
closing name=--- desc=Microbone to Minibone
checking ownership. requestor=129.138.12.150
check software interlocks L
interlocks []
actuate state mode=None-script, software_lock=False
doing actuation None-script close_channel False
Close L ===>> OK
GetIndicatorState L ===>> False
change switch state (True, True)
update switch state L False args=() kw={} ncanvase=2
02:38:10 -- CLOSE  VALVE-L (Microbone to Minibone)
---------------------------------------- close None (Microbone to Minibone) result=[(True, True)]
action=close, ok=True, locked=[False]
open () {'description': 'Microbone to Turbo'}
opening name=--- desc=Microbone to Turbo
checking ownership. requestor=129.138.12.150
check software interlocks U
interlocks []
actuate state mode=None-script, software_lock=False
doing actuation None-script open_channel False
Open U ===>> OK
GetIndicatorState U ===>> OK
change switch state (True, True)
update switch state U True args=() kw={} ncanvase=2
02:38:11 -- OPEN   VALVE-U (Microbone to Turbo)
---------------------------------------- open None (Microbone to Turbo) result=[(True, True)], time=0.13 sec
action=open, ok=True, locked=[False]
open () {'description': 'Microbone to Inlet Pipette'}
opening name=--- desc=Microbone to Inlet Pipette
checking ownership. requestor=129.138.12.150
check software interlocks S
interlocks []
actuate state mode=None-script, software_lock=False
doing actuation None-script open_channel False
Open S ===>> OK
GetIndicatorState S ===>> OK
change switch state (True, True)
update switch state S True args=() kw={} ncanvase=2
02:38:11 -- OPEN   VALVE-S (Microbone to Inlet Pipette)
---------------------------------------- open None (Microbone to Inlet Pipette) result=[(True, True)], time=0.40 sec
action=open, ok=True, locked=[False]
open () {'description': 'Microbone to Getter D-50'}
opening name=--- desc=Microbone to Getter D-50
checking ownership. requestor=129.138.12.150
check software interlocks K
interlocks []
actuate state mode=None-script, software_lock=False
doing actuation None-script open_channel False
Open K ===>> OK
GetIndicatorState K ===>> OK
change switch state (True, True)
update switch state K True args=() kw={} ncanvase=2
02:38:12 -- OPEN   VALVE-K (Microbone to Getter D-50)
---------------------------------------- open None (Microbone to Getter D-50) result=[(True, True)], time=0.44 sec
action=open, ok=True, locked=[False]
open () {'description': 'Microbone to Getter NP-10'}
opening name=--- desc=Microbone to Getter NP-10
checking ownership. requestor=129.138.12.150
check software interlocks M
interlocks []
actuate state mode=None-script, software_lock=False
doing actuation None-script open_channel False
Open M ===>> OK
GetIndicatorState M ===>> OK
change switch state (True, True)
update switch state M True args=() kw={} ncanvase=2
02:38:13 -- OPEN   VALVE-M (Microbone to Getter NP-10)
---------------------------------------- open None (Microbone to Getter NP-10) result=[(True, True)], time=0.16 sec
action=open, ok=True, locked=[False]
close () {'description': 'CO2 Laser to Felix'}
closing name=--- desc=CO2 Laser to Felix
checking ownership. requestor=129.138.12.150
check software interlocks F
interlocks []
actuate state mode=None-script, software_lock=True
VALVE-F(CO2 Laser to Felix) software locked
change switch state (True, False)
---------------------------------------- close None (CO2 Laser to Felix) result=[(True, False)]
action=close, ok=True, locked=[True]
open () {'description': 'CO2 Laser to Jan'}
opening name=--- desc=CO2 Laser to Jan
checking ownership. requestor=129.138.12.150
check software interlocks A
interlocks []
actuate state mode=None-script, software_lock=False
doing actuation None-script open_channel False
Open A ===>> OK
GetIndicatorState A ===>> OK
change switch state (True, True)
update switch state A True args=() kw={} ncanvase=2
02:38:13 -- OPEN   VALVE-A (CO2 Laser to Jan)
---------------------------------------- open None (CO2 Laser to Jan) result=[(True, True)], time=0.18 sec
action=open, ok=True, locked=[False]
open () {'description': 'Microbone to CO2 Laser'}
opening name=--- desc=Microbone to CO2 Laser
checking ownership. requestor=129.138.12.150
check software interlocks T
interlocks []
actuate state mode=None-script, software_lock=False
doing actuation None-script open_channel False
Open T ===>> OK
GetIndicatorState T ===>> OK
change switch state (True, True)
update switch state T True args=() kw={} ncanvase=2
02:38:14 -- OPEN   VALVE-T (Microbone to CO2 Laser)
---------------------------------------- open None (Microbone to CO2 Laser) result=[(True, True)], time=0.43 sec
action=open, ok=True, locked=[False]
executed snippet estimated_duration=0, duration=5.01129603386
PrepareForCO2Analysis.py completed successfully
gosub finished
set_motor ('beam', '1.25') {}
setting motor "beam" to 1.25
set motor beam to 1.25
SetMotor beam,1.25 ===>> OK
GetMotorMoving beam ===>> False
GetMotorMoving beam ===>> False
Block completed
move_to_position ('29',) {'autocenter': True}
FusionsCO2 move to position 29
sending GoToHole 29,True
GoToHole 29,True ===>> OK
GetDriveMoving ===>> OK
GetDriveMoving ===>> OK
GetDriveMoving ===>> OK
GetDriveMoving ===>> OK
GetDriveMoving ===>> OK
GetDriveMoving ===>> OK
GetDriveMoving ===>> False
GetDriveMoving ===>> False
Block completed
GetAutoCorrecting ===>> OK
GetAutoCorrecting ===>> OK
GetAutoCorrecting ===>> False
GetAutoCorrecting ===>> False
Block completed
update position
GetPosition ===>> -5.98170,9.96950,1.00000
got position (-5.9817, 9.9695, 1.0)
move to position succeeded
sleep (5,) {}
SLEEP 5.0
block started
WaitControl setup for 5.0  
Join finished
block finished. duration 5.04425811768
close () {'description': 'Microbone to Turbo'}
closing name=--- desc=Microbone to Turbo
checking ownership. requestor=129.138.12.150
check software interlocks U
interlocks []
actuate state mode=None-script, software_lock=False
doing actuation None-script close_channel True
Close U ===>> OK
GetIndicatorState U ===>> False
change switch state (True, True)
update switch state U False args=() kw={} ncanvase=2
02:38:25 -- CLOSE  VALVE-U (Microbone to Turbo)
---------------------------------------- close None (Microbone to Turbo) result=[(True, True)]
action=close, ok=True, locked=[False]
enable laser
enable () {}
set extraction state FusionsCO2 Enabled (False, 'red', 1.5)
enabling laser
Enable ===>> OK
begin interval
BEGIN INTERVAL Interval 1 waiting for 30.0
block started
set extract to 5.0
WaitControl setup for 30.0  
extract (5.0,) {}
GetPosition ===>> -5.98170,9.96950,1.00000
set extraction state FusionsCO2 ON! 5.0(watts) (0.75, 'red', 1.5)
extract sample to 5.0 (watts)
set laser output
SetLaserOutput 5.0,watts ===>> OK
executing pattern triangle.lp
execute_pattern ('triangle.lp',) {}
executing pattern triangle.lp
IsPatterning ===>> OK
IsPatterning ===>> OK
IsPatterning ===>> OK
IsPatterning ===>> OK
IsPatterning ===>> OK
IsPatterning ===>> OK
IsPatterning ===>> OK
IsPatterning ===>> OK
IsPatterning ===>> OK
IsPatterning ===>> OK
IsPatterning ===>> OK
IsPatterning ===>> OK
IsPatterning ===>> OK
IsPatterning ===>> OK
IsPatterning ===>> OK
IsPatterning ===>> OK
IsPatterning ===>> OK
IsPatterning ===>> OK
IsPatterning ===>> OK
IsPatterning ===>> OK
IsPatterning ===>> OK
IsPatterning ===>> OK
IsPatterning ===>> OK
IsPatterning ===>> OK
IsPatterning ===>> OK
IsPatterning ===>> OK
IsPatterning ===>> False
IsPatterning ===>> False
Block completed
COMPLETE INTERVAL waiting for Interval 1 to complete
Join finished
block finished. duration 30.2225310802
Interval 1 finished
end_extract () {}
ending extraction. set laser power to 0
set laser power 0
SetLaserPower 0 ===>> OK
disable () {}
%%%%%%%%%%%%%%%%%%%%%%%%%%%%%%%%%%% disable
set extraction state False (0.75, 'red', 1.5)
disabling laser
Disable ===>> OK
sleep (30.0,) {}
SLEEP 30.0
block started
WaitControl setup for 30.0  
Join finished
block finished. duration 30.4263589382
executed snippet estimated_duration=166.0, duration=77.5448839664
jan_co2.py completed successfully
GetAchievedOutput ===>> No Response
Requested Output= 0.000
Achieved Output=  0.000
GetResponseBlob ===>> No Response
GetOutputBlob ===>> No Response
persistence save...
persistence save - db
AutomatedRunPersister post_extraction_save deprecated
persistence save - dvc
no extraction position for 29
create new session 4989601072
close session 4989601072
Extraction Finished
02:39:27 -- ******* Extraction Finished *******
no overlap. not waiting for min ms pumptime
02:39:27 -- Sending spectrometer configuration
======== Sending configuration ========
SetDeflection CDD,50.0 ===>> OK
SetDeflection H2,0.0 ===>> OK
SetDeflection H1,0.0 ===>> OK
SetDeflection L2,825.0 ===>> OK
SetDeflection L1,400.0 ===>> OK
SetDeflection AX,190.0 ===>> OK
SetZFocus 74.64 ===>> OK
SetZSymmetry -50.72 ===>> OK
SetExtractionLens 26.13 ===>> OK
SetIonRepeller -3.81 ===>> OK
SetElectronEnergy 75.08 ===>> OK
SetYSymmetry -2.81 ===>> OK
SetIonCounterVoltage 1590.0 ===>> OK
send trap current 200.0
GetParameter Trap Current Readback ===>> 198.258926936459
SetParameter Trap Current Set,200.0 ===>> OK
updating mftable name mftable
Using mftable located at /Users/jan/PychronDev/setupfiles/spectrometer/mftables/mftable.csv
============ MFtable ===========
Isotope  H2     H1     AX     L1     L2     CDD    
Ar40     5.8091 5.8792 5.9929 6.1491 6.2312 6.3773
Ar39     5.7084 5.7715 5.8853 6.0351 6.1163 6.2638
Ar36     5.3859 5.4405 5.5487 5.6940 5.7713 5.9149
================================
get initial guess parabolic
get initial guess parabolic
get initial guess parabolic
get initial guess parabolic
get initial guess parabolic
get initial guess parabolic
======== Configuration Finished ========
GetYSymmetry ===>> -2.81
GetZSymmetry ===>> -50.72
GetParameter Trap Current Readback ===>> 198.035158395898
GetHighVoltage ===>> 4499.94659342336
start measurement
do measurement
L#=25308 analysis type=unknown
Measurement Started jan_unknown120_60.py
02:39:27 -- ******* Measurement Started jan_unknown120_60.py *******
state changed from extraction to measurement
setting spec, defl, and gains
GetExtractionLens ===>> 26.13
GetYSymmetry ===>> -2.81
GetZSymmetry ===>> -50.72
GetZFocus ===>> 74.64
GetDeflection H2 ===>> 0
GetDeflection H1 ===>> 0
GetDeflection AX ===>> 190
GetDeflection L1 ===>> 400
GetDeflection L2 ===>> 825
GetDeflection CDD ===>> 50
GetGain H2 ===>> 0.0113
GetGain H1 ===>> 0.1
GetGain AX ===>> 0.097049
GetGain L1 ===>> 0.010355
GetGain L2 ===>> 0.095649
GetGain CDD ===>> 0
pre measurement save
New frame /Users/jan/PychronDev/data/isotopes/12/449d17-9b78-43f9-9034-f70a2bfa5e28.h5
flush and close file /Users/jan/PychronDev/data/isotopes/12/449d17-9b78-43f9-9034-f70a2bfa5e28.h5
testing...
no interpolation path defined
executed snippet estimated_duration=226.132928, duration=0.00019907951355
unknown measurement script
activate_detectors ('H2', 'H1', 'AX', 'L1', 'L2', 'CDD') {}
activate detectors
*************** Set Analysis View Ar/Ar
create graphs
clearing graphs
clear isotope group
setting isotope det=H2, iso=PM41
setting isotope det=H1, iso=Ar40
setting isotope det=AX, iso=Ar39
setting isotope det=L1, iso=Ar38
setting isotope det=L2, iso=Ar37
setting isotope det=CDD, iso=Ar36
setting previous blanks
 - setting Ar40 blank 0.130+/-0.007
 - setting Ar36 blank 0.00431+/-0.00017
 - setting Ar37 blank 0.050+/-0.005
 - setting Ar38 blank 0.0187+/-0.0022
 - setting PM41 blank 0.03+/-0.06
 - setting Ar39 blank 0.044+/-0.009
load analysis view
position_magnet ('Ar40',) {'detector': 'H1'}
detector Detector(H1)
POSITION Ar40 H1
setting detector H2 to PM41 (40.9624)
setting detector H1 to Ar40 (39.9624)
setting detector AX to Ar39 (38.9624)
setting detector L1 to Ar38 (37.9624)
setting detector L2 to Ar37 (36.9624)
setting detector CDD to Ar36 (35.9624)
Mapping mass to dac mass func: "parabolic"
H1 map mass coeffs = [-0.00063987  0.15840543  0.57080999]
H1 map mass to dac 39.9624 >> 5.8792
GetDeflection H1 ===>> 0
GetHighVoltage ===>> 4499.94659342336
positioning Ar40 (5.87916537794) on H1
setting magnet DAC
current  : 5.879169
requested: 5.879165
Delta Dac: 0.000004
Checking detector protection. dv=0.00000
Checking detector "CDD". Protection Threshold: 0.1 (V)
SetMagnetDAC 5.87916537794 ===>> OK
Magnet settling time: 0.500
equilibrate () {'delay': 3, 'inlet': 'R', 'outlet': 'O', 'eqtime': 12.0}
Equilibration Started
02:39:28 -- ******* Equilibration Started *******
checking ownership. requestor=129.138.12.150
check software interlocks O
interlocks []
actuate state mode=None-script, software_lock=False
doing actuation None-script close_channel True
Close O ===>> OK
GetIndicatorState O ===>> False
change switch state (True, True)
update switch state O False args=() kw={} ncanvase=2
02:39:28 -- CLOSE  VALVE-O (Jan Ion Pump)
waiting 3s before opening inlet value ('R',)
update labels <pychron.experiment.plot_panel.PlotPanel object at 0x1ac38c710>
update labels "<pychron.graph.stacked_regression_graph.StackedRegressionGraph object at 0x1a7199410>"
setting label 0 H2 PM41
setting label 1 H1 Ar40
setting label 2 AX Ar39
setting label 3 L1 Ar38
setting label 4 L2 Ar37
setting label 5 CDD Ar36
update labels "<pychron.graph.stacked_graph.StackedGraph object at 0x1a3cef5f0>"
setting label 0 H2 PM41
setting label 1 H1 Ar40
setting label 2 AX Ar39
setting label 3 L1 Ar38
setting label 4 L2 Ar37
setting label 5 CDD Ar36
checking ownership. requestor=129.138.12.150
check software interlocks R
interlocks []
actuate state mode=None-script, software_lock=False
doing actuation None-script open_channel True
Open R ===>> OK
GetIndicatorState R ===>> OK
change switch state (True, True)
update switch state R True args=() kw={} ncanvase=2
02:39:32 -- OPEN   VALVE-R (Jan Inlet)
set_time_zero () {}
equilibrating for 12.0sec
sniff (12.0,) {}
py_sniff
build tables- sniff [Detector(H2), Detector(H1), Detector(AX), Detector(L1), Detector(L2), Detector(CDD)]
add group /sniff/PM41 (Group) '' table H2
add group /sniff/Ar40 (Group) '' table H1
add group /sniff/Ar39 (Group) '' table AX
add group /sniff/Ar38 (Group) '' table L1
add group /sniff/Ar37 (Group) '' table L2
add group /sniff/Ar36 (Group) '' table CDD
flush and close file /Users/jan/PychronDev/data/isotopes/12/449d17-9b78-43f9-9034-f70a2bfa5e28.h5
measuring sniff. ncounts=12.0
"sniff" increment series count="1" fit count="0" regressing="False"
starting measurement
GetData ===>> H2,-0.152994322617466,H1,2.8384997456657,AX,0.356970492319736,L1,0.0294635473376342,L2,-0.0360325...
GetData ===>> H2,0.738752041682746,H1,983.244789880737,AX,128.625718660679,L1,0.517128056301388,L2,0.5354514744...
GetData ===>> H2,0.762718721722505,H1,2186.75191759294,AX,275.54171089895,L1,1.93566511889016,L2,0.648365840454...
GetData ===>> H2,0.371354770378518,H1,2585.05688269212,AX,318.68545904597,L1,2.93521365941072,L2,0.629700111530...
GetData ===>> H2,0.230135748219315,H1,2721.11195124154,AX,331.961188820694,L1,3.48620763707899,L2,0.74044452723...
GetData ===>> H2,0.20004373603502,H1,2774.32044118588,AX,336.513362128313,L1,3.83443529472012,L2,0.649006003322...
GetData ===>> H2,0.0484053622073313,H1,2796.95154733742,AX,338.861498232955,L1,4.07963188619755,L2,0.6278028800...
GetData ===>> H2,0.0386131811988156,H1,2806.32927827943,AX,339.531073397921,L1,4.19234201810566,L2,0.4896784260...
GetData ===>> H2,0.0293359465284506,H1,2810.48324068294,AX,340.056203450193,L1,4.22629406633397,L2,0.5366286531...
GetData ===>> H2,0.0235699047495895,H1,2811.17365015871,AX,340.528420889844,L1,4.27415525437376,L2,0.6671609707...
GetData ===>> H2,0.0590257771431773,H1,2811.41984116757,AX,340.570938776558,L1,4.32218080563108,L2,0.6202452891...
Equilibration Finished
02:39:44 -- ******* Equilibration Finished *******
checking ownership. requestor=129.138.12.150
check software interlocks R
interlocks []
actuate state mode=None-script, software_lock=False
doing actuation None-script close_channel True
GetData ===>> H2,0.0742807390559059,H1,2810.78807045935,AX,340.385986372152,L1,4.37390455643502,L2,0.5852484677...
Close R ===>> OK
set states for children of R. state=False
handle state [('R', False)]
update switch state R False args=() kw={'refresh': False} ncanvase=2
refresh_canvas_needed fired
GetIndicatorState R ===>> False
change switch state (True, True)
update switch state R False args=() kw={} ncanvase=2
02:39:45 -- CLOSE  VALVE-R (Jan Inlet)
Post Equilibration Started jan_pump_extraction_line.py
02:39:45 -- ******* Post Equilibration Started jan_pump_extraction_line.py *******
testing...
no interpolation path defined
calculate duration
testing...
no interpolation path defined
executed snippet estimated_duration=4.0, duration=0.000119209289551
executed snippet estimated_duration=4.0, duration=0.00102496147156
Pump after analysis
doing GOSUB
testing...
no interpolation path defined
executed snippet estimated_duration=4.0, duration=0.000115156173706
Pump Microbone
close () {'description': 'Jan Inlet'}
closing name=--- desc=Jan Inlet
checking ownership. requestor=129.138.12.150
check software interlocks R
interlocks []
actuate state mode=None-script, software_lock=False
doing actuation None-script close_channel False
measurement finished
estimated time: 12.583 actual time: :12.684
flush and close file /Users/jan/PychronDev/data/isotopes/12/449d17-9b78-43f9-9034-f70a2bfa5e28.h5
set_fits () {}
using default fits file=/Users/jan/PychronDev/scripts/measurement/fits/nominal_linear.yaml
set "Ar40" to "('Linear', 'SEM')"
Close R ===>> OK
No fit for "PM41". defaulting to linear. check the measurement script "jan_unknown120_60.py"
set "PM41" to "linear"
set "Ar36" to "('Linear', 'SEM')"
set "Ar37" to "('linear', 'SEM')"
set "Ar38" to "('linear', 'SEM')"
set "Ar39" to "('Linear', 'SEM')"
set_baseline_fits () {}
using default fits file=/Users/jan/PychronDev/scripts/measurement/fits/nominal_linear.yaml
set "H1" to "('average', 'SEM')"
set "H2" to "('average', 'SEM')"
set "CDD" to "('average', 'SEM')"
set "L2" to "('average', 'SEM')"
set "L1" to "('average', 'SEM')"
set "AX" to "('average', 'SEM')"
multicollect () {'integration_time': 1, 'ncounts': 120}
build tables- signal [Detector(H2), Detector(H1), Detector(AX), Detector(L1), Detector(L2), Detector(CDD)]
add group /signal/PM41 (Group) '' table H2
add group /signal/Ar40 (Group) '' table H1
add group /signal/Ar39 (Group) '' table AX
add group /signal/Ar38 (Group) '' table L1
add group /signal/Ar37 (Group) '' table L2
add group /signal/Ar36 (Group) '' table CDD
flush and close file /Users/jan/PychronDev/data/isotopes/12/449d17-9b78-43f9-9034-f70a2bfa5e28.h5
measuring signal. ncounts=120
GetIndicatorState R ===>> False
change switch state (True, True)
update switch state R False args=() kw={} ncanvase=2
02:39:45 -- CLOSE  VALVE-R (Jan Inlet)
---------------------------------------- close None (Jan Inlet) result=[(True, True)]
action=close, ok=True, locked=[False]
is_closed ('F',) {}
is F () closed?
is closed True
open () {'description': 'CO2 Laser to Jan'}
opening name=--- desc=CO2 Laser to Jan
checking ownership. requestor=129.138.12.150
check software interlocks A
interlocks []
actuate state mode=None-script, software_lock=False
doing actuation None-script open_channel False
Open A ===>> OK
GetIndicatorState A ===>> OK
change switch state (True, True)
update switch state A True args=() kw={} ncanvase=2
02:39:46 -- OPEN   VALVE-A (CO2 Laser to Jan)
---------------------------------------- open None (CO2 Laser to Jan) result=[(True, True)], time=0.12 sec
"signal" increment series count="2" fit count="1" regressing="True"
starting measurement
GetData ===>> H2,0.137376311940896,H1,2811.16359911258,AX,340.791090068054,L1,4.35380197351492,L2,0.68068796789...
action=open, ok=True, locked=[False]
sleep (1,) {}
SLEEP 1.0
GetData ===>> H2,0.21128275367208,H1,2810.34975100833,AX,340.477746351976,L1,4.37694512445142,L2,0.607320139805...
close () {'description': 'CO2 Laser to Roughing'}
closing name=--- desc=CO2 Laser to Roughing
checking ownership. requestor=129.138.12.150
check software interlocks G
interlocks []
actuate state mode=None-script, software_lock=True
VALVE-G(CO2 Laser to Roughing) software locked
change switch state (True, False)
---------------------------------------- close None (CO2 Laser to Roughing) result=[(True, False)]
action=close, ok=True, locked=[True]
open () {'description': 'Microbone to Turbo'}
opening name=--- desc=Microbone to Turbo
checking ownership. requestor=129.138.12.150
check software interlocks U
interlocks []
actuate state mode=None-script, software_lock=False
doing actuation None-script open_channel True
Open U ===>> OK
GetIndicatorState U ===>> OK
change switch state (True, True)
update switch state U True args=() kw={} ncanvase=2
02:39:47 -- OPEN   VALVE-U (Microbone to Turbo)
---------------------------------------- open None (Microbone to Turbo) result=[(True, True)], time=0.17 sec
action=open, ok=True, locked=[False]
open () {'description': 'Microbone to Getter NP-10'}
opening name=--- desc=Microbone to Getter NP-10
checking ownership. requestor=129.138.12.150
check software interlocks M
interlocks []
actuate state mode=None-script, software_lock=False
doing actuation None-script open_channel False
Open M ===>> OK
GetIndicatorState M ===>> OK
change switch state (True, True)
update switch state M True args=() kw={} ncanvase=2
02:39:47 -- OPEN   VALVE-M (Microbone to Getter NP-10)
---------------------------------------- open None (Microbone to Getter NP-10) result=[(True, True)], time=0.15 sec
action=open, ok=True, locked=[False]
open () {'description': 'Microbone to Getter D-50'}
opening name=--- desc=Microbone to Getter D-50
checking ownership. requestor=129.138.12.150
check software interlocks K
interlocks []
actuate state mode=None-script, software_lock=False
doing actuation None-script open_channel False
GetData ===>> H2,0.080587051375119,H1,2809.41801107615,AX,340.19928065618,L1,4.37513850967775,L2,0.556311393547...
Open K ===>> OK
GetIndicatorState K ===>> OK
change switch state (True, True)
update switch state K True args=() kw={} ncanvase=2
02:39:48 -- OPEN   VALVE-K (Microbone to Getter D-50)
---------------------------------------- open None (Microbone to Getter D-50) result=[(True, True)], time=0.42 sec
action=open, ok=True, locked=[False]
open () {'description': 'Microbone to CO2 Laser'}
opening name=--- desc=Microbone to CO2 Laser
checking ownership. requestor=129.138.12.150
check software interlocks T
interlocks []
actuate state mode=None-script, software_lock=False
doing actuation None-script open_channel False
Open T ===>> OK
GetIndicatorState T ===>> OK
change switch state (True, True)
update switch state T True args=() kw={} ncanvase=2
02:39:49 -- OPEN   VALVE-T (Microbone to CO2 Laser)
---------------------------------------- open None (Microbone to CO2 Laser) result=[(True, True)], time=0.43 sec
GetData ===>> H2,-0.0400402938728183,H1,2807.18112948447,AX,340.009899389855,L1,4.34003717619594,L2,0.643278983...
action=open, ok=True, locked=[False]
open () {'description': 'Microbone to Inlet Pipette'}
opening name=--- desc=Microbone to Inlet Pipette
checking ownership. requestor=129.138.12.150
check software interlocks S
interlocks []
actuate state mode=None-script, software_lock=False
doing actuation None-script open_channel False
Open S ===>> OK
GetIndicatorState S ===>> OK
change switch state (True, True)
update switch state S True args=() kw={} ncanvase=2
02:39:50 -- OPEN   VALVE-S (Microbone to Inlet Pipette)
---------------------------------------- open None (Microbone to Inlet Pipette) result=[(True, True)], time=0.42 sec
action=open, ok=True, locked=[False]
sleep (1,) {}
SLEEP 1.0
testing H1>-5.0
evaluate ot="H1.bs>-5.0" t="H1>-5.0", ctx="{'H1': None}"
GetData ===>> H2,-0.0843465261068007,H1,2806.61074102794,AX,339.599815251883,L1,4.35121396850726,L2,0.590645837...
set_resource () {'name': 'CO2PumpTimeFlag', 'value': 30}
Set CO2PumpTimeFlag 30 ===>> OK
release ('JanCO2Flag',) {}
release JanCO2Flag
Set JanCO2Flag 0 ===>> OK
executed snippet estimated_duration=6.0, duration=5.95543718338
PumpMicrobone.py completed successfully
gosub finished
get_resource_value () {'name': 'JanMiniboneFlag'}
Read JanMiniboneFlag ===>> 0
Get Resource Value JanMiniboneFlag=0.0
get resource value 0.0
get_resource_value () {'name': 'JanMiniboneFlag'}
Read JanMiniboneFlag ===>> 0
Get Resource Value JanMiniboneFlag=0.0
executed snippet estimated_duration=4.0, duration=5.96977591515
jan_pump_extraction_line.py completed successfully
Post Equilibration Finished
02:39:51 -- ******* Post Equilibration Finished *******
GetData ===>> H2,-0.0643467710694388,H1,2806.1810858139,AX,339.736823020438,L1,4.37083700510108,L2,0.6686587945...
GetData ===>> H2,0.00525394808203228,H1,2804.62861835092,AX,339.50334118733,L1,4.37851827914221,L2,0.6577286478...
GetData ===>> H2,0.00206665340921688,H1,2804.05337122585,AX,339.462591842784,L1,4.35007606696269,L2,0.598044844...
GetData ===>> H2,0.0612080611391685,H1,2802.40830497368,AX,339.42811893211,L1,4.31388118138137,L2,0.58035450498...
testing H1>-5.0
evaluate ot="H1.bs>-5.0" t="H1>-5.0", ctx="{'H1': None}"
GetData ===>> H2,-0.0372252642905438,H1,2801.40529524523,AX,339.061416591633,L1,4.31950496039981,L2,0.692867326...
GetData ===>> H2,-0.0402112906190324,H1,2800.62909991697,AX,339.056836388363,L1,4.33049189978024,L2,0.528914395...
GetData ===>> H2,-0.173482819752571,H1,2798.70244805225,AX,339.157523566145,L1,4.3084388383473,L2,0.60698845534...
GetData ===>> H2,-0.0741120262786468,H1,2797.45030762714,AX,338.904614979768,L1,4.3180142613627,L2,0.5474868083...
GetData ===>> H2,-0.0291264803975263,H1,2796.85722795809,AX,338.635213540873,L1,4.33095965481866,L2,0.567457593...
testing H1>-5.0
evaluate ot="H1.bs>-5.0" t="H1>-5.0", ctx="{'H1': None}"
GetData ===>> H2,0.0196105185077945,H1,2795.24514242401,AX,338.422702886331,L1,4.36789679239231,L2,0.5149845880...
GetData ===>> H2,-0.0140429379089769,H1,2794.53086287984,AX,338.416220818015,L1,4.34491843412187,L2,0.637266552...
GetData ===>> H2,0.063291166611824,H1,2793.49822090028,AX,338.395949484459,L1,4.33934438788417,L2,0.54641236771...
GetData ===>> H2,0.0329759310148694,H1,2792.39540060117,AX,338.28162642858,L1,4.35037962125207,L2,0.62998584241...
GetData ===>> H2,-0.0663348061418066,H1,2791.75971621013,AX,338.244662196533,L1,4.3362251385252,L2,0.5903713878...
testing H1>-5.0
evaluate ot="H1.bs>-5.0" t="H1>-5.0", ctx="{'H1': None}"
GetData ===>> H2,-0.0656113959152998,H1,2789.90625205335,AX,338.193671414237,L1,4.34511395839184,L2,0.749221258...
GetData ===>> H2,-0.0155648506628519,H1,2788.74956725759,AX,337.9835335251,L1,4.29063105962983,L2,0.67796640700...
GetData ===>> H2,-0.0281904853674555,H1,2787.40946242425,AX,337.71887551461,L1,4.28874981381083,L2,0.5737800647...
GetData ===>> H2,-0.104394993013258,H1,2786.44975522416,AX,337.498382215297,L1,4.32038372736102,L2,0.5679149009...
GetData ===>> H2,-0.076989673838962,H1,2785.23330551913,AX,337.529033246864,L1,4.32558912932273,L2,0.5342857387...
testing H1>-5.0
evaluate ot="H1.bs>-5.0" t="H1>-5.0", ctx="{'H1': None}"
02:40:11 -- collecting point 25
GetData ===>> H2,-0.037317571370994,H1,2785.12193667802,AX,337.144415422293,L1,4.32171438525018,L2,0.7381217457...
GetData ===>> H2,-0.0790075237014849,H1,2783.30595206982,AX,336.966749632517,L1,4.32753571108214,L2,0.580182992...
GetData ===>> H2,-0.0537539191900903,H1,2781.797394686,AX,336.95588399078,L1,4.30879146898591,L2,0.657717215301...
GetData ===>> H2,-0.139134675020826,H1,2780.50157610103,AX,336.995072080753,L1,4.25563163925655,L2,0.6047696301...
GetData ===>> H2,-0.0980015137382685,H1,2779.21247153336,AX,336.664816694642,L1,4.25559094999569,L2,0.587604062...
testing H1>-5.0
evaluate ot="H1.bs>-5.0" t="H1>-5.0", ctx="{'H1': None}"
GetData ===>> H2,0.0321342602952833,H1,2778.17715541236,AX,336.609725351737,L1,4.2897122416127,L2,0.56048392178...
GetData ===>> H2,0.0419269956494173,H1,2777.21766926258,AX,336.782586893673,L1,4.31565982250533,L2,0.5138419537...
GetData ===>> H2,-0.0190033538579869,H1,2776.62774998333,AX,336.673176379415,L1,4.33629075269618,L2,0.570590194...
GetData ===>> H2,-0.175687373481303,H1,2776.11553522153,AX,336.379771765354,L1,4.30627519122131,L2,0.5234176503...
GetData ===>> H2,-0.145571171606048,H1,2775.15639608049,AX,336.215511554261,L1,4.25172318358475,L2,0.5665887147...
testing H1>-5.0
evaluate ot="H1.bs>-5.0" t="H1>-5.0", ctx="{'H1': None}"
GetData ===>> H2,0.0510639709618793,H1,2773.18177237346,AX,335.907512483547,L1,4.25171737268724,L2,0.7183517718...
GetData ===>> H2,-0.0427325161423736,H1,2771.99728119193,AX,335.979170428499,L1,4.26890939576724,L2,0.615692692...
GetData ===>> H2,-0.161329205744621,H1,2770.92106750942,AX,335.570177462091,L1,4.26364425504092,L2,0.6362721371...
GetData ===>> H2,-0.0331942450329307,H1,2769.92098958654,AX,335.649788852029,L1,4.22949770300993,L2,0.480117519...
GetData ===>> H2,-0.0579360930730206,H1,2768.74154270497,AX,335.904951370686,L1,4.24462196873815,L2,0.649280360...
testing H1>-5.0
evaluate ot="H1.bs>-5.0" t="H1>-5.0", ctx="{'H1': None}"
GetData ===>> H2,-0.0773976092287029,H1,2767.55151041398,AX,335.45684857445,L1,4.26744743691044,L2,0.6049297498...
GetData ===>> H2,-0.0929551242133275,H1,2766.16601448209,AX,335.419028221667,L1,4.28856199635102,L2,0.643884819...
GetData ===>> H2,-0.054684629860194,H1,2765.0704358537,AX,335.406770150907,L1,4.26506067450972,L2,0.61104880952...
GetData ===>> H2,-0.0652251106279977,H1,2763.89125556961,AX,335.381339621546,L1,4.22866403741308,L2,0.624854245...
GetData ===>> H2,0.0410430420569419,H1,2763.52428604951,AX,335.175358308749,L1,4.29158418148988,L2,0.6342033292...
testing H1>-5.0
evaluate ot="H1.bs>-5.0" t="H1>-5.0", ctx="{'H1': None}"
GetData ===>> H2,0.0143869927733546,H1,2762.15016864316,AX,334.903525930905,L1,4.2650374055105,L2,0.56265599460...
GetData ===>> H2,-0.0131854136922005,H1,2761.13148337535,AX,334.779313880621,L1,4.23089066181983,L2,0.528914395...
GetData ===>> H2,-0.083581255915279,H1,2760.68012943837,AX,334.605733480917,L1,4.2557275501942,L2,0.56362772731...
GetData ===>> H2,-0.190107788419981,H1,2759.43591023633,AX,334.406102046674,L1,4.23565556083442,L2,0.6849762981...
GetData ===>> H2,-0.0753767627506371,H1,2757.8389378649,AX,334.392923623294,L1,4.27412762419904,L2,0.6322717201...
testing H1>-5.0
evaluate ot="H1.bs>-5.0" t="H1>-5.0", ctx="{'H1': None}"
02:40:38 -- collecting point 50
GetData ===>> H2,-0.0438151963093303,H1,2756.83664074801,AX,334.341906219317,L1,4.29759676991365,L2,0.522789144...
GetData ===>> H2,0.0341690850357608,H1,2755.86591379472,AX,333.979012028664,L1,4.22193289805376,L2,0.5245261161...
GetData ===>> H2,0.0427971935671884,H1,2754.81331727686,AX,333.649302181419,L1,4.2588377983854,L2,0.67457028168...
GetData ===>> H2,-0.00768675767072524,H1,2753.24749968723,AX,333.38709218613,L1,4.25088042768835,L2,0.566188575...
GetData ===>> H2,-0.0230771560099024,H1,2752.05438041983,AX,333.679022889258,L1,4.2519672437802,L2,0.5359543451...
testing H1>-5.0
evaluate ot="H1.bs>-5.0" t="H1>-5.0", ctx="{'H1': None}"
GetData ===>> H2,-0.0591688832404317,H1,2750.78490038942,AX,333.523357189888,L1,4.24598501014122,L2,0.611483449...
GetData ===>> H2,-0.0713570438729141,H1,2750.32394985182,AX,333.465538346407,L1,4.19565094054749,L2,0.720147833...
GetData ===>> H2,-0.10981663617787,H1,2748.33158730571,AX,333.240417876505,L1,4.21537811373857,L2,0.61802615742...
GetData ===>> H2,0.0644290478570848,H1,2747.59079602153,AX,333.062189535977,L1,4.22931034113853,L2,0.6169966807...
GetData ===>> H2,0.0766003376455193,H1,2746.25495697345,AX,332.824993944916,L1,4.23809078498933,L2,0.6316316688...
testing H1>-5.0
evaluate ot="H1.bs>-5.0" t="H1>-5.0", ctx="{'H1': None}"
GetData ===>> H2,-0.0660051569904833,H1,2744.25056692844,AX,332.826723091636,L1,4.16807536642725,L2,0.533520018...
GetData ===>> H2,-0.179084684709593,H1,2743.21970839031,AX,332.730631165531,L1,4.21622537901071,L2,0.6357234987...
GetData ===>> H2,-0.136660726611032,H1,2742.9010906041,AX,332.686578928183,L1,4.20799595476449,L2,0.55955794779...
GetData ===>> H2,-0.0415886708043224,H1,2742.26585891668,AX,332.616931578342,L1,4.1769550535616,L2,0.6696421114...
GetData ===>> H2,-0.0647425744466882,H1,2741.33565569557,AX,332.69709996152,L1,4.17196413384228,L2,0.6228419672...
testing H1>-5.0
evaluate ot="H1.bs>-5.0" t="H1>-5.0", ctx="{'H1': None}"
GetData ===>> H2,-0.0796335400156253,H1,2739.61633657645,AX,332.580920805877,L1,4.18065079022632,L2,0.664771361...
GetData ===>> H2,-0.093097363943169,H1,2738.63103718284,AX,332.306629660808,L1,4.1882863107425,L2,0.58116633668...
GetData ===>> H2,-0.0837884934592758,H1,2737.79402612014,AX,332.432949563874,L1,4.24426161652168,L2,0.587123790...
GetData ===>> H2,-0.0527267930194759,H1,2736.28761935188,AX,332.166451674642,L1,4.25445897104529,L2,0.463967807...
GetData ===>> H2,0.0214036269869719,H1,2735.96706006653,AX,331.623459908068,L1,4.22272255444638,L2,0.6460224235...
testing H1>-5.0
evaluate ot="H1.bs>-5.0" t="H1>-5.0", ctx="{'H1': None}"
GetData ===>> H2,-0.00778329587247033,H1,2735.03879092574,AX,331.87676243854,L1,4.20958204788064,L2,0.620817238...
GetData ===>> H2,-0.103072732689791,H1,2733.38627035469,AX,331.943487018791,L1,4.18833270668614,L2,0.4998000895...
GetData ===>> H2,-0.0192981120856119,H1,2732.24906881332,AX,331.677094214164,L1,4.18489118795389,L2,0.509408661...
GetData ===>> H2,-0.0829310744025221,H1,2731.54766366225,AX,331.651248014374,L1,4.1920826639487,L2,0.6715173018...
GetData ===>> H2,-0.0264487051395376,H1,2729.96207453015,AX,331.325310870515,L1,4.18044214169848,L2,0.614606049...
testing H1>-5.0
evaluate ot="H1.bs>-5.0" t="H1>-5.0", ctx="{'H1': None}"
02:41:04 -- collecting point 75
GetData ===>> H2,-0.038551428036543,H1,2729.84399560145,AX,331.135214035254,L1,4.16638926831454,L2,0.5655712222...
GetData ===>> H2,-0.0657333780188493,H1,2728.98695774644,AX,331.083732730488,L1,4.17451599017967,L2,0.604323583...
GetData ===>> H2,-0.107539649009887,H1,2726.6680529484,AX,330.854168295053,L1,4.216000499776,L2,0.5954831455049...
GetData ===>> H2,0.000700359775903415,H1,2726.32340644158,AX,330.685493083284,L1,4.21438004123249,L2,0.59826213...
GetData ===>> H2,0.105916046370177,H1,2725.50207939531,AX,330.639203904438,L1,4.2026717920776,L2,0.618129105703...
testing H1>-5.0
evaluate ot="H1.bs>-5.0" t="H1>-5.0", ctx="{'H1': None}"
GetData ===>> H2,-0.0578696352452252,H1,2723.8150182149,AX,330.287170933732,L1,4.21784173001207,L2,0.5914234499...
GetData ===>> H2,-0.0610130725089425,H1,2723.14027913541,AX,330.328275849974,L1,4.22302304376178,L2,0.637598026...
GetData ===>> H2,0.0763615337412334,H1,2721.72835589497,AX,330.417608951045,L1,4.22615757468697,L2,0.6407985244...
GetData ===>> H2,-0.0715048428362039,H1,2720.7439092705,AX,330.384782152793,L1,4.22699252092817,L2,0.6271514296...
GetData ===>> H2,-0.022992888484532,H1,2719.74470625316,AX,330.444180070683,L1,4.21319058491217,L2,0.6356777789...
testing H1>-5.0
evaluate ot="H1.bs>-5.0" t="H1>-5.0", ctx="{'H1': None}"
GetData ===>> H2,0.0855930901677014,H1,2719.31085986349,AX,330.025790420709,L1,4.19403912347104,L2,0.5225263160...
GetData ===>> H2,-0.0895462569375125,H1,2718.18161043844,AX,329.838176885558,L1,4.16563755254006,L2,0.589090632...
GetData ===>> H2,-0.00543759428875649,H1,2716.64654471139,AX,329.653440000074,L1,4.2011518590816,L2,0.589856796...
GetData ===>> H2,-0.0319149910839972,H1,2715.98883538582,AX,329.732135172847,L1,4.20851543917733,L2,0.667149537...
GetData ===>> H2,-0.109257442257667,H1,2714.79830931576,AX,329.72082023867,L1,4.18015235801537,L2,0.62939152312...
testing H1>-5.0
evaluate ot="H1.bs>-5.0" t="H1>-5.0", ctx="{'H1': None}"
GetData ===>> H2,-0.131842414318956,H1,2713.04505845408,AX,329.610476951223,L1,4.19433335112531,L2,0.5399316882...
GetData ===>> H2,-0.151319443013581,H1,2712.21477592752,AX,329.308916612735,L1,4.20006858758177,L2,0.4768165442...
GetData ===>> H2,-0.123141133080704,H1,2710.03958064819,AX,329.319003906289,L1,4.1927434469324,L2,0.60824657488...
GetData ===>> H2,0.0332156414592513,H1,2709.44056855292,AX,329.418165591954,L1,4.1808319116427,L2,0.54817262788...
GetData ===>> H2,-0.00628074254857596,H1,2708.56996839483,AX,329.177005572453,L1,4.15698385959172,L2,0.63184882...
testing H1>-5.0
evaluate ot="H1.bs>-5.0" t="H1>-5.0", ctx="{'H1': None}"
GetData ===>> H2,0.0257638156620815,H1,2707.56711614779,AX,328.832747121714,L1,4.17948588175004,L2,0.6302487155...
GetData ===>> H2,0.0751525801158859,H1,2706.77220455783,AX,328.914490036008,L1,4.17321120528007,L2,0.6263628377...
GetData ===>> H2,0.0234188507038503,H1,2705.40797335143,AX,328.75536302972,L1,4.16755966210538,L2,0.59631797743...
GetData ===>> H2,-0.0173704997803893,H1,2704.82625473982,AX,328.47850982786,L1,4.21131494205044,L2,0.5885417421...
GetData ===>> H2,-0.020978224321941,H1,2703.07506526206,AX,328.552341585781,L1,4.15457721030307,L2,0.5836933497...
testing H1>-5.0
evaluate ot="H1.bs>-5.0" t="H1>-5.0", ctx="{'H1': None}"
02:41:31 -- collecting point 100
GetData ===>> H2,0.0615777267084486,H1,2702.21994483938,AX,328.253409821924,L1,4.13164788836288,L2,0.5181611830...
GetData ===>> H2,-0.0283996984734486,H1,2700.86706840056,AX,328.196726195112,L1,4.14827047349082,L2,0.606416588...
GetData ===>> H2,0.018340152854251,H1,2698.61089676538,AX,328.010795881928,L1,4.14098472529617,L2,0.54180612545...
GetData ===>> H2,0.0988545069724233,H1,2698.85743084029,AX,328.116961019762,L1,4.14338484942168,L2,0.6457938005...
GetData ===>> H2,0.0130532461169955,H1,2698.2218482112,AX,328.158616592655,L1,4.17467819298322,L2,0.60743451402...
testing H1>-5.0
evaluate ot="H1.bs>-5.0" t="H1>-5.0", ctx="{'H1': None}"
GetData ===>> H2,-0.0466041762670655,H1,2697.09650347083,AX,327.718168565554,L1,4.19266084136225,L2,0.564965304...
GetData ===>> H2,0.00630932365562444,H1,2694.78106450608,AX,327.43632954933,L1,4.11424848706456,L2,0.7275383540...
GetData ===>> H2,0.0497652499114949,H1,2693.51430233481,AX,327.104849701369,L1,4.11402313514872,L2,0.6278714539...
GetData ===>> H2,-0.0814422896374858,H1,2692.22558566433,AX,327.110727490437,L1,4.12514115344033,L2,0.519589542...
GetData ===>> H2,-0.0966636126374992,H1,2692.0738152089,AX,327.215012071807,L1,4.17237278744911,L2,0.5964323385...
testing H1>-5.0
evaluate ot="H1.bs>-5.0" t="H1>-5.0", ctx="{'H1': None}"
GetData ===>> H2,-0.153860517212472,H1,2690.98384063014,AX,327.125251484201,L1,4.17350661601248,L2,0.5700071111...
GetData ===>> H2,-0.197575735878228,H1,2690.15184261658,AX,326.850934052862,L1,4.1245353470324,L2,0.60113269782...
GetData ===>> H2,-0.159954439724972,H1,2689.04998685718,AX,326.801179995497,L1,4.14681297409406,L2,0.5669088269...
GetData ===>> H2,-0.0728363028969118,H1,2687.61328869026,AX,326.535738223889,L1,4.14795059021953,L2,0.629105794...
GetData ===>> H2,-0.084811080941027,H1,2686.15128888815,AX,326.585965940372,L1,4.1561299727418,L2,0.55681437363...
testing H1>-5.0
evaluate ot="H1.bs>-5.0" t="H1>-5.0", ctx="{'H1': None}"
GetData ===>> H2,-0.0543848028051955,H1,2685.51923613553,AX,326.386143629284,L1,4.13569281907735,L2,0.582561331...
GetData ===>> H2,-0.00519007764754701,H1,2684.88308268515,AX,326.309008172492,L1,4.1677248009954,L2,0.616184545...
GetData ===>> H2,-0.105870004607894,H1,2683.34629085108,AX,326.387013241267,L1,4.15905948905165,L2,0.6197534153...
GetData ===>> H2,-0.0933466178438525,H1,2682.37134977422,AX,326.045047190411,L1,4.16700921534316,L2,0.519440992...
GetData ===>> H2,-0.0790874714270843,H1,2682.02789044692,AX,325.957255140742,L1,4.17435089311985,L2,0.541280364...
testing H1>-5.0
evaluate ot="H1.bs>-5.0" t="H1>-5.0", ctx="{'H1': None}"
GetData ===>> H2,-0.115306918374204,H1,2680.33609288551,AX,325.670703233568,L1,4.15739345712552,L2,0.5466752616...
measurement finished
estimated time: 125.829 actual time: :127.225
flush and close file /Users/jan/PychronDev/data/isotopes/12/449d17-9b78-43f9-9034-f70a2bfa5e28.h5
baselines () {'settling_time': 15.0, 'detector': 'H1', 'mass': 34.2, 'ncounts': 60}
%%%%%%%%%%%%%%%%%%%%%%%%%%%%%%%% Baseline
build tables- baseline [Detector(H2), Detector(H1), Detector(AX), Detector(L1), Detector(L2), Detector(CDD)]
add group baseline table H2
add group baseline table H1
add group baseline table AX
add group baseline table L1
add group baseline table L2
add group baseline table CDD
flush and close file /Users/jan/PychronDev/data/isotopes/12/449d17-9b78-43f9-9034-f70a2bfa5e28.h5
detector Detector(H1)
POSITION 34.2 H1
Mapping mass to dac mass func: "parabolic"
H1 map mass coeffs = [-0.00063987  0.15840543  0.57080999]
H1 map mass to dac 34.2 >> 5.23985599104
GetDeflection H1 ===>> 0
GetHighVoltage ===>> 4499.94659342336
positioning 34.2 (5.23982513402) on H1
setting magnet DAC
current  : 5.879165
requested: 5.239825
Delta Dac: 0.639340
Checking detector protection. dv=0.63934
Checking detector "CDD". Protection Threshold: 0.1 (V)
ProtectDetector CDD,On ===>> OK
GetDeflection CDD ===>> 2000
Protected = 2000
SetMagnetDAC 5.23982513402 ===>> OK
Magnet settling time: 0.500
GetMagnetMoving ===>> True
GetMagnetMoving ===>> True
GetMagnetMoving ===>> True
GetMagnetMoving ===>> True
GetMagnetMoving ===>> True
GetMagnetMoving ===>> True
GetMagnetMoving ===>> True
GetMagnetMoving ===>> True
GetMagnetMoving ===>> False
ProtectDetector CDD,Off ===>> OK
GetDeflection CDD ===>> 50
Delaying 15.0s for detectors to settle
Join finished
measuring baseline. ncounts=60
"baseline" increment series count="2" fit count="1" regressing="True"
starting measurement
GetData ===>> H2,-0.102719472307729,H1,-0.0696889599722138,AX,-0.192543601529584,L1,-0.0686939867677194,L2,-0.0...
GetData ===>> H2,-0.0260886315707417,H1,-0.0619762414722167,AX,-0.141643595986581,L1,-0.0437484256432749,L2,0.0...
GetData ===>> H2,-0.124555612690745,H1,-0.183804694386258,AX,-0.139823175331165,L1,-0.058621601357002,L2,-0.026...
GetData ===>> H2,-0.117660050562622,H1,-0.145540465585525,AX,-0.0942450915656413,L1,-0.103804594644693,L2,0.011...
testing H1>-5.0
evaluate ot="H1.bs>-5.0" t="H1>-5.0", ctx="{'H1': None}"
GetData ===>> H2,-0.12528577218865,H1,-0.085231798117502,AX,0.00123009530254926,L1,-0.0836888433876192,L2,0.040...
GetData ===>> H2,-0.0503261857632486,H1,0.0101014338260931,AX,-0.0978957316873409,L1,-0.087183295524384,L2,0.04...
GetData ===>> H2,-0.149713840024857,H1,-0.0201360091105272,AX,-0.0620903640812598,L1,-0.0723216835627682,L2,-0....
GetData ===>> H2,-0.149230359092562,H1,-0.0240715724266092,AX,-0.100688668624597,L1,-0.0477490039127028,L2,0.03...
GetData ===>> H2,-0.183062440956067,H1,-0.0315725660591458,AX,-0.074135142222123,L1,-0.0528748849021768,L2,-0.0...
testing H1>-5.0
evaluate ot="H1.bs>-5.0" t="H1>-5.0", ctx="{'H1': None}"
GetData ===>> H2,-0.298093071181505,H1,-0.0191461309509087,AX,-0.00249373101924423,L1,-0.0338776372206114,L2,0....
GetData ===>> H2,-0.135522258716929,H1,-0.00718333533027398,AX,-0.165259596136854,L1,-0.0620507678381517,L2,-0....
GetData ===>> H2,-0.171953032076349,H1,-0.0650876260335885,AX,-0.136506907466864,L1,-0.0596207990352858,L2,-0.0...
GetData ===>> H2,-0.127919364683576,H1,-0.0716438668252771,AX,-0.0860161622658666,L1,-0.0222942765004099,L2,-0....
GetData ===>> H2,-0.0583890809928328,H1,0.0492507191540483,AX,0.0500126128758591,L1,-0.0504067958032354,L2,0.04...
testing H1>-5.0
evaluate ot="H1.bs>-5.0" t="H1>-5.0", ctx="{'H1': None}"
GetData ===>> H2,-0.110383925848396,H1,0.120708498703759,AX,-0.0648379567633448,L1,-0.0457800374334049,L2,-0.05...
GetData ===>> H2,-0.127571949330563,H1,0.0981602966547481,AX,-0.0210759311760735,L1,-0.0141771023607485,L2,0.01...
GetData ===>> H2,-0.146926113645171,H1,-0.00143400564500669,AX,-0.173767834583907,L1,-0.0292442169418383,L2,0.0...
GetData ===>> H2,-0.122214729214608,H1,0.0909316303522314,AX,-0.146466966242276,L1,-0.0213988229218214,L2,-0.12...
GetData ===>> H2,-0.150779316000197,H1,-0.0474790134720625,AX,-0.165665319230254,L1,-0.0374055263785213,L2,-0.0...
testing H1>-5.0
evaluate ot="H1.bs>-5.0" t="H1>-5.0", ctx="{'H1': None}"
GetData ===>> H2,-0.126662130329719,H1,-0.0238330578428812,AX,-0.100920444020617,L1,-0.0176495192998476,L2,0.00...
GetData ===>> H2,-0.113573218069543,H1,0.137259007209534,AX,-0.0837212099828205,L1,0.00017282761479288,L2,-0.07...
GetData ===>> H2,-0.0707319279420302,H1,0.0120340779949714,AX,-0.108812066778435,L1,0.0317523188074622,L2,0.011...
GetData ===>> H2,-0.19119440991029,H1,0.0777639159162071,AX,-0.124083609535489,L1,-0.0529968978115198,L2,-0.061...
GetData ===>> H2,-0.25124581288864,H1,0.0442025727565689,AX,-0.197584625318791,L1,-0.0052085443366766,L2,-0.085...
testing H1>-5.0
evaluate ot="H1.bs>-5.0" t="H1>-5.0", ctx="{'H1': None}"
02:42:37 -- collecting point 25
GetData ===>> H2,-0.192427855018298,H1,0.0976712120159153,AX,-0.0200668765680678,L1,-0.0195800995709338,L2,-0.0...
GetData ===>> H2,-0.101498541505747,H1,0.0818547867226684,AX,0.0266394412596125,L1,-0.00819135683119492,L2,-0.0...
GetData ===>> H2,-0.253402659319353,H1,0.103361442031758,AX,0.0292735747708392,L1,0.0226856663645447,L2,-0.0619...
GetData ===>> H2,-0.289717245898572,H1,0.0419351666674618,AX,-0.0619628367985552,L1,0.00893573204874134,L2,-0.1...
GetData ===>> H2,-0.393079198140791,H1,0.0390830814005707,AX,0.0136670834662489,L1,-0.0152675601735637,L2,-0.05...
testing H1>-5.0
evaluate ot="H1.bs>-5.0" t="H1>-5.0", ctx="{'H1': None}"
GetData ===>> H2,-0.336704311975782,H1,0.0593597112260149,AX,-0.035387142531055,L1,-0.0383207990023429,L2,-0.00...
GetData ===>> H2,-0.256703019645682,H1,0.113967366667667,AX,-0.111813264828752,L1,-0.0711110033874404,L2,-0.026...
GetData ===>> H2,-0.20006906701287,H1,-0.0317872126111894,AX,-0.120885821788368,L1,-0.050465424437208,L2,-0.064...
GetData ===>> H2,-0.148226867783739,H1,0.0633463003850256,AX,-0.1307337445306,L1,0.0169192179157547,L2,-0.02101...
GetData ===>> H2,-0.148226867783739,H1,0.0633463003850256,AX,-0.1307337445306,L1,0.0169192179157547,L2,-0.02101...
testing H1>-5.0
evaluate ot="H1.bs>-5.0" t="H1>-5.0", ctx="{'H1': None}"
GetData ===>> H2,-0.200323897923447,H1,0.0568174483288388,AX,-0.0365583883840829,L1,-0.0163926443698395,L2,-0.0...
GetData ===>> H2,-0.161696502028925,H1,0.0768336537492644,AX,-0.0784472508717117,L1,-0.0267176304443803,L2,-0.0...
GetData ===>> H2,-0.0989547398848099,H1,0.042293174741448,AX,-0.0969454195102585,L1,0.0101430533915045,L2,-0.04...
GetData ===>> H2,-0.110936295245573,H1,0.0151955825377527,AX,-0.130119726726169,L1,-0.0251790847790963,L2,-0.05...
GetData ===>> H2,-0.187769715531734,H1,0.0507664061698112,AX,-0.0554239412370493,L1,-0.0226119216013292,L2,0.03...
testing H1>-5.0
evaluate ot="H1.bs>-5.0" t="H1>-5.0", ctx="{'H1': None}"
GetData ===>> H2,-0.139092771097257,H1,0.0963948316478948,AX,-0.0311427077835838,L1,-0.0121874437786099,L2,4.55...
GetData ===>> H2,-0.167454205373448,H1,0.0448947385296663,AX,-0.0879169908482436,L1,-0.00900556984103367,L2,0.0...
GetData ===>> H2,-0.205248153127142,H1,0.0959176842856958,AX,-0.132123959199789,L1,0.005684124845981,L2,-0.1041...
GetData ===>> H2,-0.172380691941954,H1,-0.0029489025626493,AX,-0.0948129779147465,L1,0.00648553055953375,L2,0.0...
GetData ===>> H2,-0.153317295267068,H1,-0.0090440434998172,AX,-0.104906894409492,L1,0.0076757596919043,L2,-0.03...
testing H1>-5.0
evaluate ot="H1.bs>-5.0" t="H1>-5.0", ctx="{'H1': None}"
GetData ===>> H2,-0.132447013134924,H1,0.104828786481615,AX,-0.138617272825655,L1,-0.011359102464413,L2,-0.1337...
GetData ===>> H2,-0.187142641535599,H1,0.06261819890121,AX,-0.00187890347022197,L1,-0.00176407765441211,L2,-0.1...
GetData ===>> H2,-0.233967245107014,H1,0.133010742702866,AX,-0.00222691954097094,L1,-0.0197791321229598,L2,-0.0...
GetData ===>> H2,-0.156780226981102,H1,0.115578038379716,AX,-0.174080793739577,L1,-0.0231992389527545,L2,-0.023...
GetData ===>> H2,-0.255052287957361,H1,0.0229267765092135,AX,-0.124651321734765,L1,0.00668829151215068,L2,0.005...
testing H1>-5.0
evaluate ot="H1.bs>-5.0" t="H1>-5.0", ctx="{'H1': None}"
02:43:03 -- collecting point 50
GetData ===>> H2,-0.226323160297994,H1,0.0755575389378429,AX,-0.172179841126474,L1,-0.0134388171262062,L2,-0.07...
GetData ===>> H2,-0.184068802250218,H1,0.0850631959164573,AX,-0.0751784118388565,L1,-0.0323593464793806,L2,-0.0...
GetData ===>> H2,-0.249219023612703,H1,0.0682999182297419,AX,-0.054623939805312,L1,0.0101466539697335,L2,-0.112...
GetData ===>> H2,-0.223686440973875,H1,0.0507664061698112,AX,-0.011820072662784,L1,0.0268402089284344,L2,-0.036...
GetData ===>> H2,-0.234687102802581,H1,0.0872101442327856,AX,-0.0471221571273916,L1,0.0282190581399306,L2,-0.00...
testing H1>-5.0
evaluate ot="H1.bs>-5.0" t="H1>-5.0", ctx="{'H1': None}"
GetData ===>> H2,-0.170317792464136,H1,0.0894883452801977,AX,-0.0239406613865268,L1,-0.010934715959044,L2,-0.05...
GetData ===>> H2,-0.217122944483085,H1,0.0876395394193931,AX,-0.13807229275006,L1,-0.0237337877926312,L2,-0.083...
GetData ===>> H2,-0.135227482376824,H1,0.0483914422181321,AX,-0.169594949606397,L1,-0.00298315286507889,L2,0.06...
GetData ===>> H2,-0.096209936323005,H1,0.0793978588469858,AX,-0.0370918224176124,L1,0.000314449926462855,L2,-0....
GetData ===>> H2,-0.188315848450621,H1,0.037531772064603,AX,-0.00213411537707882,L1,0.0244607144572903,L2,0.047...
testing H1>-5.0
evaluate ot="H1.bs>-5.0" t="H1>-5.0", ctx="{'H1': None}"
GetData ===>> H2,-0.214641830262235,H1,-0.00696863600799775,AX,-0.0698808047528194,L1,0.0163271423783368,L2,-0....
measurement finished
estimated time: 62.915 actual time: :63.272
flush and close file /Users/jan/PychronDev/data/isotopes/12/449d17-9b78-43f9-9034-f70a2bfa5e28.h5
activate_detectors ('H1', 'AX', 'CDD') {'peak_center': True}
peak_center () {'detector': 'H1', 'integration_time': 0.262144, 'isotope': 'Ar40'}
peak center: mean=2685.14503498 threshold=3
peak center started
setup peak center. detector=['H1', 'AX', 'CDD'], isotope=Ar40
VersionedUnpickler [<apptools.sweet_pickle.versioned_unpickler.VersionedUnpickler object at 0x1827b86b0>] using Updater [<apptools.sweet_pickle.updater.Updater object at 0x135230b30>]
VersionedUnpickler [<apptools.sweet_pickle.versioned_unpickler.VersionedUnpickler object at 0x1827b86b0>] using Updater [<apptools.sweet_pickle.updater.Updater object at 0x135230b30>]
VersionedUnpickler [<apptools.sweet_pickle.versioned_unpickler.VersionedUnpickler object at 0x1bce8f350>] using Updater [<apptools.sweet_pickle.updater.Updater object at 0x135230b30>]
setting integration time = 0.524288
SetIntegrationTime 0.524288 ===>> OK
Mapping mass to dac mass func: "parabolic"
H1 map mass coeffs = [-0.00063987  0.15840543  0.57080999]
H1 map mass to dac 39.9624 >> 5.8792
GetDeflection H1 ===>> 0
GetHighVoltage ===>> 4499.94659342336
do peak center. <pychron.spectrometer.jobs.peak_center.PeakCenter object at 0x1352309b0>
doing pc
starting peak center. center dac= 5.87916537794 step_width=0.001
width = 0.001
get scan parameters. half-width=0.015,window=0.015, i=0, scalar=1
Scan parameters center=5.87917 width=0.03000 (5.86417 - 5.89417)
GetData ===>> H2,-0.250582809070201,H1,0.144610362436626,AX,-0.0296466743675714,L1,0.034451453692711,L2,0.03334...
Moving to starting dac 5.86416537794
setting magnet DAC
current  : 5.239825
requested: 5.864165
Delta Dac: 0.624340
Checking detector protection. dv=0.62434
Checking detector "CDD". Protection Threshold: 0.1 (V)
ProtectDetector CDD,On ===>> OK
GetDeflection CDD ===>> 2000
Protected = 2000
SetMagnetDAC 5.86416537794 ===>> OK
Magnet settling time: 0.500
GetMagnetMoving ===>> True
GetMagnetMoving ===>> True
GetMagnetMoving ===>> True
GetMagnetMoving ===>> True
GetMagnetMoving ===>> True
GetMagnetMoving ===>> True
GetMagnetMoving ===>> True
GetMagnetMoving ===>> True
GetMagnetMoving ===>> False
ProtectDetector CDD,Off ===>> OK
GetDeflection CDD ===>> 50
Wait until signal near baseline. tol= 0.108457771827. timeout= 10
GetData ===>> H2,6.69733173497131,H1,2.27181963326053,AX,-0.0910115530617344,L1,0.0233843058272021,L2,0.1659582...
GetData ===>> H2,120.516265495581,H1,58.1536551457402,AX,4.05753578229993,L1,0.012596735906805,L2,0.02935963887...
GetData ===>> H2,141.096941371612,H1,76.5916426842928,AX,7.46650701505026,L1,0.00531236108981252,L2,-0.04073324...
GetData ===>> H2,86.8643783723994,H1,37.0500733062676,AX,3.35802067311525,L1,0.026563981320427,L2,-0.1702459526...
GetData ===>> H2,38.9660998827756,H1,18.9998846817998,AX,1.67044711227865,L1,0.0190486910325642,L2,-0.064222676...
GetData ===>> H2,14.0459473364084,H1,10.4675193685308,AX,0.763650341131444,L1,-0.00337068227450485,L2,-0.067135...
GetData ===>> H2,4.28689900264217,H1,6.3350037772661,AX,0.410187176535701,L1,-0.0171105318246969,L2,-0.14354823...
GetData ===>> H2,1.36235328941832,H1,4.25424650826309,AX,0.262883626243175,L1,-0.0136665407512432,L2,-0.0069912...
GetData ===>> H2,0.783075248232303,H1,3.17804166988511,AX,0.135071069978408,L1,-0.0354021781904949,L2,0.0820428...
GetData ===>> H2,0.706998817948165,H1,2.7261947750558,AX,0.0740085982363657,L1,-0.0371347622197133,L2,-0.034450...
GetData ===>> H2,0.674740671085499,H1,2.47540101132933,AX,0.126213015017778,L1,-0.0201916290081642,L2,0.0501605...
GetData ===>> H2,0.684658554369149,H1,2.33017302670453,AX,0.13752920707024,L1,0.00375600419457186,L2,-0.0126840...
GetData ===>> H2,0.725006431081035,H1,2.23233313271189,AX,0.203620686313278,L1,0.032522568159909,L2,-0.04125681...
GetData ===>> H2,0.695436665013459,H1,2.27148187033033,AX,0.121761103091404,L1,0.0247362658444195,L2,0.00826716...
GetData ===>> H2,0.633131505506957,H1,2.22731701366337,AX,0.215874225946206,L1,0.0185926716220751,L2,-0.0895037...
GetData ===>> H2,0.500205680587688,H1,2.22022734631515,AX,0.150957296089906,L1,-0.0043208460638724,L2,-0.002049...
GetData ===>> H2,0.445124136974326,H1,2.15808139005904,AX,0.124566711376343,L1,-0.0264898473016928,L2,-0.016850...
GetData ===>> H2,0.453483367819591,H1,2.28849204703565,AX,0.205105881780456,L1,-0.0065519388034209,L2,0.1371952...
GetData ===>> H2,0.374084276333526,H1,2.33669100198093,AX,0.111884150051084,L1,-0.0143664590016227,L2,0.0492263...
GetData ===>> H2,0.26368383943953,H1,2.21253537782069,AX,0.127975286369924,L1,-0.0231903601166048,L2,-0.0512040...
GetData ===>> H2,0.236558112249967,H1,2.29336641169888,AX,0.0919709923061724,L1,-0.0102693282129175,L2,-0.09728...
Peak center failed to move to a baseline position
_do_sweep sm= 5.86416537794, em= 5.89416537794, stm= 0.001
calculated step values: start=5.86416537794, end=5.89416537794, width=0.001, nsteps=31.0
setting magnet DAC
current  : 5.864165
requested: 5.864165
Delta Dac: 0.000000
Checking detector protection. dv=0.00000
Checking detector "CDD". Protection Threshold: 0.1 (V)
SetMagnetDAC 5.86416537794 ===>> OK
GetData ===>> H2,0.236558112249967,H1,2.29336641169888,AX,0.0919709923061724,L1,-0.0102693282129175,L2,-0.09728...
setting magnet DAC
current  : 5.864165
requested: 5.865200
Delta Dac: 0.001034
Checking detector protection. dv=0.00103
Checking detector "CDD". Protection Threshold: 0.1 (V)
SetMagnetDAC 5.8651998607 ===>> OK
Magnet settling time: 1.049
GetData ===>> H2,0.077269204897085,H1,4.4744968001744,AX,0.430350569340349,L1,0.0210554215627298,L2,-0.09673873...
setting magnet DAC
current  : 5.865200
requested: 5.866234
Delta Dac: 0.001034
Checking detector protection. dv=0.00103
Checking detector "CDD". Protection Threshold: 0.1 (V)
SetMagnetDAC 5.86623434346 ===>> OK
Magnet settling time: 1.049
GetData ===>> H2,-0.0135645753997786,H1,14.3965689324774,AX,1.40351704868647,L1,0.0272845909585554,L2,-0.040437...
setting magnet DAC
current  : 5.866234
requested: 5.867269
Delta Dac: 0.001034
Checking detector protection. dv=0.00103
Checking detector "CDD". Protection Threshold: 0.1 (V)
SetMagnetDAC 5.86726882622 ===>> OK
Magnet settling time: 1.049
GetData ===>> H2,0.0700590625849849,H1,53.6630071259603,AX,4.46559624515108,L1,0.0248275236734709,L2,-0.0549823...
setting magnet DAC
current  : 5.867269
requested: 5.868303
Delta Dac: 0.001034
Checking detector protection. dv=0.00103
Checking detector "CDD". Protection Threshold: 0.1 (V)
SetMagnetDAC 5.86830330898 ===>> OK
Magnet settling time: 1.049
GetData ===>> H2,0.131291695949014,H1,184.836380696144,AX,14.7782123377902,L1,0.0389848851430066,L2,-0.07202844...
setting magnet DAC
current  : 5.868303
requested: 5.869338
Delta Dac: 0.001034
Checking detector protection. dv=0.00103
Checking detector "CDD". Protection Threshold: 0.1 (V)
SetMagnetDAC 5.86933779174 ===>> OK
Magnet settling time: 1.049
GetData ===>> H2,0.108363550016077,H1,530.939668009863,AX,44.9426150680905,L1,0.226297033272137,L2,-0.062584066...
setting magnet DAC
current  : 5.869338
requested: 5.870372
Delta Dac: 0.001034
Checking detector protection. dv=0.00103
Checking detector "CDD". Protection Threshold: 0.1 (V)
SetMagnetDAC 5.87037227449 ===>> OK
Magnet settling time: 1.049
GetData ===>> H2,0.0804518345349326,H1,1114.21258790355,AX,104.219310448916,L1,0.654710781794231,L2,-0.01518876...
setting magnet DAC
current  : 5.870372
requested: 5.871407
Delta Dac: 0.001034
Checking detector protection. dv=0.00103
Checking detector "CDD". Protection Threshold: 0.1 (V)
SetMagnetDAC 5.87140675725 ===>> OK
Magnet settling time: 1.049
GetData ===>> H2,0.0973779818258592,H1,1750.39016652153,AX,179.660919691579,L1,1.33018939532738,L2,0.0936679937...
setting magnet DAC
current  : 5.871407
requested: 5.872441
Delta Dac: 0.001034
Checking detector protection. dv=0.00103
Checking detector "CDD". Protection Threshold: 0.1 (V)
SetMagnetDAC 5.87244124001 ===>> OK
Magnet settling time: 1.049
GetData ===>> H2,0.0253704543220373,H1,2218.11338375777,AX,246.267928871855,L1,2.08053916217476,L2,0.2989148636...
setting magnet DAC
current  : 5.872441
requested: 5.873476
Delta Dac: 0.001034
Checking detector protection. dv=0.00103
Checking detector "CDD". Protection Threshold: 0.1 (V)
SetMagnetDAC 5.87347572277 ===>> OK
Magnet settling time: 1.049
GetData ===>> H2,0.0152798734938604,H1,2448.420460512,AX,286.420817901181,L1,2.74653600724555,L2,0.448243297366...
setting magnet DAC
current  : 5.873476
requested: 5.874510
Delta Dac: 0.001034
Checking detector protection. dv=0.00103
Checking detector "CDD". Protection Threshold: 0.1 (V)
SetMagnetDAC 5.87451020553 ===>> OK
Magnet settling time: 1.049
GetData ===>> H2,-0.0914576890582923,H1,2545.00298116952,AX,307.173042061589,L1,3.41503393134735,L2,0.503273231...
setting magnet DAC
current  : 5.874510
requested: 5.875545
Delta Dac: 0.001034
Checking detector protection. dv=0.00103
Checking detector "CDD". Protection Threshold: 0.1 (V)
SetMagnetDAC 5.87554468829 ===>> OK
Magnet settling time: 1.049
GetData ===>> H2,-0.121078597908859,H1,2556.55979162661,AX,309.835518926408,L1,3.64135733463802,L2,0.4713342060...
setting magnet DAC
current  : 5.875545
requested: 5.876579
Delta Dac: 0.001034
Checking detector protection. dv=0.00103
Checking detector "CDD". Protection Threshold: 0.1 (V)
SetMagnetDAC 5.87657917105 ===>> OK
Magnet settling time: 1.049
GetData ===>> H2,0.074853505926541,H1,2558.44699655741,AX,310.393958140825,L1,3.73861584671856,L2,0.49059230217...
setting magnet DAC
current  : 5.876579
requested: 5.877614
Delta Dac: 0.001034
Checking detector protection. dv=0.00103
Checking detector "CDD". Protection Threshold: 0.1 (V)
SetMagnetDAC 5.8776136538 ===>> OK
Magnet settling time: 1.049
GetData ===>> H2,0.0250685851242509,H1,2558.89258068304,AX,310.767047246064,L1,3.83595571755066,L2,0.4656237704...
setting magnet DAC
current  : 5.877614
requested: 5.878648
Delta Dac: 0.001034
Checking detector protection. dv=0.00103
Checking detector "CDD". Protection Threshold: 0.1 (V)
SetMagnetDAC 5.87864813656 ===>> OK
Magnet settling time: 1.049
GetData ===>> H2,-0.0513476923457889,H1,2558.08001348433,AX,310.597923076402,L1,3.89167357856581,L2,0.732686342...
setting magnet DAC
current  : 5.878648
requested: 5.879683
Delta Dac: 0.001034
Checking detector protection. dv=0.00103
Checking detector "CDD". Protection Threshold: 0.1 (V)
SetMagnetDAC 5.87968261932 ===>> OK
Magnet settling time: 1.049
GetData ===>> H2,0.0278455385810779,H1,2557.14717855494,AX,310.813543433112,L1,3.9976718461924,L2,0.43413111817...
setting magnet DAC
current  : 5.879683
requested: 5.880717
Delta Dac: 0.001034
Checking detector protection. dv=0.00103
Checking detector "CDD". Protection Threshold: 0.1 (V)
SetMagnetDAC 5.88071710208 ===>> OK
Magnet settling time: 1.049
GetData ===>> H2,0.06390473089983,H1,2557.17577278827,AX,310.585998515442,L1,3.97689836056601,L2,0.610156660637...
setting magnet DAC
current  : 5.880717
requested: 5.881752
Delta Dac: 0.001034
Checking detector protection. dv=0.00103
Checking detector "CDD". Protection Threshold: 0.1 (V)
SetMagnetDAC 5.88175158484 ===>> OK
Magnet settling time: 1.049
GetData ===>> H2,0.00641677071320317,H1,2555.26138434853,AX,310.352077820837,L1,3.9538005211427,L2,0.4659207046...
setting magnet DAC
current  : 5.881752
requested: 5.882786
Delta Dac: 0.001034
Checking detector protection. dv=0.00103
Checking detector "CDD". Protection Threshold: 0.1 (V)
SetMagnetDAC 5.8827860676 ===>> OK
Magnet settling time: 1.049
GetData ===>> H2,-0.0596095328094995,H1,2552.63992704993,AX,309.117734708782,L1,3.97264149178805,L2,0.468570312...
setting magnet DAC
current  : 5.882786
requested: 5.883821
Delta Dac: 0.001034
Checking detector protection. dv=0.00103
Checking detector "CDD". Protection Threshold: 0.1 (V)
SetMagnetDAC 5.88382055036 ===>> OK
Magnet settling time: 1.049
GetData ===>> H2,-0.0534299809758721,H1,2540.6064016998,AX,306.467305581437,L1,3.95856604221252,L2,0.6033400019...
setting magnet DAC
current  : 5.883821
requested: 5.884855
Delta Dac: 0.001034
Checking detector protection. dv=0.00103
Checking detector "CDD". Protection Threshold: 0.1 (V)
SetMagnetDAC 5.88485503311 ===>> OK
Magnet settling time: 1.049
GetData ===>> H2,-0.0134749657748989,H1,2500.06743051545,AX,297.045255153911,L1,3.84267522788929,L2,0.607846262...
setting magnet DAC
current  : 5.884855
requested: 5.885890
Delta Dac: 0.001034
Checking detector protection. dv=0.00103
Checking detector "CDD". Protection Threshold: 0.1 (V)
SetMagnetDAC 5.88588951587 ===>> OK
Magnet settling time: 1.049
GetData ===>> H2,-0.222326903121755,H1,2277.58070606118,AX,251.689039180305,L1,3.30477450650443,L2,0.3095636933...
setting magnet DAC
current  : 5.885890
requested: 5.886924
Delta Dac: 0.001034
Checking detector protection. dv=0.00103
Checking detector "CDD". Protection Threshold: 0.1 (V)
SetMagnetDAC 5.88692399863 ===>> OK
Magnet settling time: 1.049
GetData ===>> H2,-0.269581991331395,H1,1815.02985261867,AX,177.596656952814,L1,2.59740272345504,L2,0.1216198227...
setting magnet DAC
current  : 5.886924
requested: 5.887958
Delta Dac: 0.001034
Checking detector protection. dv=0.00103
Checking detector "CDD". Protection Threshold: 0.1 (V)
SetMagnetDAC 5.88795848139 ===>> OK
Magnet settling time: 1.049
GetData ===>> H2,-0.18163685128374,H1,1151.52632118947,AX,96.9734914641457,L1,1.82015524412758,L2,0.03043033130...
setting magnet DAC
current  : 5.887958
requested: 5.888993
Delta Dac: 0.001034
Checking detector protection. dv=0.00103
Checking detector "CDD". Protection Threshold: 0.1 (V)
SetMagnetDAC 5.88899296415 ===>> OK
Magnet settling time: 1.049
GetData ===>> H2,-0.228746642342639,H1,565.776144544619,AX,40.3964675448079,L1,1.16739573836691,L2,-0.009222851...
setting magnet DAC
current  : 5.888993
requested: 5.890027
Delta Dac: 0.001034
Checking detector protection. dv=0.00103
Checking detector "CDD". Protection Threshold: 0.1 (V)
SetMagnetDAC 5.89002744691 ===>> OK
Magnet settling time: 1.049
GetData ===>> H2,-0.277393287889037,H1,218.7944300476,AX,12.8419886140687,L1,0.701511915005431,L2,0.01865337370...
setting magnet DAC
current  : 5.890027
requested: 5.891062
Delta Dac: 0.001034
Checking detector protection. dv=0.00103
Checking detector "CDD". Protection Threshold: 0.1 (V)
SetMagnetDAC 5.89106192967 ===>> OK
Magnet settling time: 1.049
GetData ===>> H2,-0.310677308844806,H1,66.5685786153305,AX,3.02859556399131,L1,0.346870678534359,L2,-0.14480128...
setting magnet DAC
current  : 5.891062
requested: 5.892096
Delta Dac: 0.001034
Checking detector protection. dv=0.00103
Checking detector "CDD". Protection Threshold: 0.1 (V)
SetMagnetDAC 5.89209641243 ===>> OK
Magnet settling time: 1.049
GetData ===>> H2,-0.219877508491881,H1,17.1375035761195,AX,0.542524976524928,L1,0.238356643954562,L2,-0.0163272...
setting magnet DAC
current  : 5.892096
requested: 5.893131
Delta Dac: 0.001034
Checking detector protection. dv=0.00103
Checking detector "CDD". Protection Threshold: 0.1 (V)
SetMagnetDAC 5.89313089518 ===>> OK
Magnet settling time: 1.049
GetData ===>> H2,-0.266453271173803,H1,3.77304219835286,AX,-0.297232718829332,L1,0.120401498981462,L2,-0.167467...
setting magnet DAC
current  : 5.893131
requested: 5.894165
Delta Dac: 0.001034
Checking detector protection. dv=0.00103
Checking detector "CDD". Protection Threshold: 0.1 (V)
SetMagnetDAC 5.89416537794 ===>> OK
Magnet settling time: 1.049
GetData ===>> H2,-0.124110733229161,H1,0.509242479711314,AX,-0.235639104318563,L1,0.0947563768811213,L2,-0.0383...
result of _do_sweep=True
result of _calculate_peak_center=([5.8717104681228633, 5.8792254981829828, 5.8867405282431022], [1887.7077042474452, 2558.8779251624214, 1897.0654248225267], 5.8776323118102374, 2558.8779251624214)
Failed to find a valid peak. No peak greater than 1.0. max = 0.0470326613789
new center pos Detector(H1) (Ar40) @ 5.87922549818
GetHighVoltage ===>> 4499.94659342336
GetDeflection H1 ===>> 0
dac uncorrected for HV and deflection 5.87926012059
update mftable H1 Ar40 5.87926012059 message=automated run peakcenter
get initial guess parabolic
get initial guess parabolic
get initial guess parabolic
get initial guess parabolic
get initial guess parabolic
get initial guess parabolic
dump mftable to /Users/jan/PychronDev/setupfiles/spectrometer/mftables/mftable.csv
add to repo msg=modified - automated run peakcenter
locally archiving mftable
setting magnet DAC
current  : 5.894165
requested: 5.879225
Delta Dac: 0.014940
Checking detector protection. dv=0.01494
Checking detector "CDD". Protection Threshold: 0.1 (V)
SetMagnetDAC 5.87922549818 ===>> OK
Magnet settling time: 0.500
sweep finished
setting integration time = 1.048576
SetIntegrationTime 1.048576 ===>> OK
Failed to find a valid peak. No peak greater than 1.0. max = 0.0470326613789
flush and close file /Users/jan/PychronDev/data/isotopes/12/449d17-9b78-43f9-9034-f70a2bfa5e28.h5
finished measure script
executed snippet estimated_duration=226.132928, duration=274.093009949
jan_unknown120_60.py completed successfully
Measurement Finished
02:44:01 -- ******* Measurement Finished *******
Post Measurement Started jan_pump_ms.py
02:44:01 -- ******* Post Measurement Started jan_pump_ms.py *******
testing...
no interpolation path defined
executed snippet estimated_duration=0, duration=3.00407409668e-05
Pumping spectrometer
open () {'name': 'O'}
opening name=O desc=---
checking ownership. requestor=129.138.12.150
check software interlocks O
interlocks []
actuate state mode=None-script, software_lock=False
doing actuation None-script open_channel True
Open O ===>> OK
GetIndicatorState O ===>> OK
change switch state (True, True)
update switch state O True args=() kw={} ncanvase=2
02:44:01 -- OPEN   VALVE-O (Jan Ion Pump)
---------------------------------------- open O () result=[(True, True)], time=0.09 sec
action=open, ok=True, locked=[False]
executed snippet estimated_duration=0, duration=0.342764139175
jan_pump_ms.py completed successfully
setting _ms_pumptime
Post Measurement Finished
02:44:01 -- ******* Post Measurement Finished *******
$$$$$$$$$$$$$$$$$$$$ state at run end measurement
state changed from measurement to success
post measurement save measured=True aborted=False
Set filtering
setting fod for Ar40= {'filter_outliers': True, 'std_devs': 2, 'iterations': 1}
setting fod for H1= {'filter_outliers': True, 'std_devs': 2, 'iterations': 1}
setting fod for PM41= {'filter_outliers': False, 'std_devs': 2, 'iterations': 1}
setting fod for H2= {'filter_outliers': True, 'std_devs': 2, 'iterations': 1}
setting fod for Ar36= {'filter_outliers': True, 'std_devs': 2, 'iterations': 1}
setting fod for CDD= {'filter_outliers': True, 'std_devs': 10, 'iterations': 1}
setting fod for Ar37= {'filter_outliers': True, 'std_devs': 2, 'iterations': 1}
setting fod for L2= {'filter_outliers': True, 'std_devs': 2, 'iterations': 1}
setting fod for Ar38= {'filter_outliers': True, 'std_devs': 2, 'iterations': 1}
setting fod for L1= {'filter_outliers': True, 'std_devs': 2, 'iterations': 1}
setting fod for Ar39= {'filter_outliers': True, 'std_devs': 2, 'iterations': 1}
setting fod for AX= {'filter_outliers': True, 'std_devs': 2, 'iterations': 1}
persistence save...
persistence save - db
post measurement save
5358004464 connecting to database sqlite:////Users/jan/PychronDev/.appdata/local_lab.db
connected to db sqlite:////Users/jan/PychronDev/.appdata/local_lab.db
create new session 5358004464
close session 5358004464
No database instance. Not saving post measurement to isotopedb database
$$$$$$$$$$$$$$$ auto_save_detector_ic=False
massspec enabled True
create new session 4985539184
MassSpec Database Version: 16.0
close session 4985539184
saving post measurement to secondary database
saving to massspec database 129.138.12.160/massspecdata
setting labnumber to 25308
setting aliquot to 5
setting step to 
setting uuid to 12449d17-9b78-43f9-9034-f70a2bfa5e28
setting irradpos to 25308
setting extract_device to Fusions CO2
setting tray to 
setting position to 29
setting power_requested to 5.0
setting extract_value to 5.0
setting duration to 30.0
setting duration_at_request to 30.0
setting first_stage_delay to 30.0
setting cleanup to 30.0
setting comment to H:13
setting irradiation to NM-288
setting level to H
setting irradiation_level to H
setting sample to FC-2
setting material to 
setting project to 
setting mass_spectrometer to jan
no attribute chron_dosages
no attribute production_ratios
no attribute interference_corrections
no attribute production_name
no attribute j
Reference Isotope=Ar40
Reference Detector=H1
%%%%%%%%%%%%%%%%%%%% Comment: H:13 %%%%%%%%%%%%%%%%%%%
adding isotope PM41 H2
add baseline dbdet= PM41. original det= H2
get baseline data PM41 H2
Get data baseline <pychron.processing.isotope.Baseline object at 0x15ba6c610> len t=60
baseline PM41. v=-0.166638074471, e=0.00746037545331
get signal data PM41 H2
Get data signal PM41 0.15+/-0.07 len t=120
adding isotope Ar40 H1
add baseline dbdet= Ar40. original det= H1
get baseline data Ar40 H1
Get data baseline <pychron.processing.isotope.Baseline object at 0x15ba6c550> len t=60
baseline Ar40. v=0.0405608063174, e=0.00752647407003
get signal data Ar40 H1
Get data signal Ar40 2825.08+/-0.11 len t=120
adding isotope Ar39 AX
add baseline dbdet= Ar39. original det= AX
get baseline data Ar39 AX
Get data baseline <pychron.processing.isotope.Baseline object at 0x15ba6ca10> len t=60
baseline Ar39. v=-0.0866532797521, e=0.00772377023006
get signal data Ar39 AX
Get data signal Ar39 341.922+/-0.033 len t=120
adding isotope Ar38 L1
add baseline dbdet= Ar38. original det= L1
get baseline data Ar38 L1
Get data baseline <pychron.processing.isotope.Baseline object at 0x19ee14050> len t=60
baseline Ar38. v=-0.0188624364583, e=0.00375139416489
get signal data Ar38 L1
Get data signal Ar38 4.391+/-0.005 len t=120
adding isotope Ar37 L2
add baseline dbdet= Ar37. original det= L2
get baseline data Ar37 L2
Get data baseline <pychron.processing.isotope.Baseline object at 0x19ee14750> len t=60
baseline Ar37. v=-0.0342616314386, e=0.00642513453348
get signal data Ar37 L2
Get data signal Ar37 0.640+/-0.010 len t=120
adding isotope Ar36 CDD
add baseline dbdet= Ar36. original det= CDD
get baseline data Ar36 CDD
Get data baseline <pychron.processing.isotope.Baseline object at 0x19ee14610> len t=60
baseline Ar36. v=0.000607867121105, e=4.45180595959e-05
get signal data Ar36 CDD
Get data signal Ar36 0.0339+/-0.0005 len t=120
25308-05 added analysis time 0.502937078476s
analysis added to mass spec database
mass spec save time= 0.514
persistence save - dvc
================= post measurement started
create new session 4989601072
close session 4989601072
---------------- Experiment Queue saving disabled
DVC saving peakcenter
Failed to find a valid peak. No peak greater than 1.0. max = 0.0470326613789
Smart pull ahead: 0 behind: 0
Up-to-date with origin
add to repo msg=modified - ad8224ebc6dbfeb9f5997218dfa5fe690569839d.json
add to repo msg=modified - 08-05.json
add to repo msg=modified - 08-05.dat.json
add to repo msg=modified - 08-05.blan.json
add to repo msg=modified - 08-05.inte.json
add to repo msg=modified - 08-05.icfa.json
add to repo msg=modified - 08-05.base.json
not at valid file /Users/jan/PychronDev/data/.dvc/repositories/Load1791/253/tags/08-05.tags.json
add to repo msg=modified - 08-05.peak.json
add to repo msg=modified - 08-05.extr.json
not at valid file /Users/jan/PychronDev/data/.dvc/repositories/Load1791/253/monitor/08-05.moni.json
commit message=<COLLECTION>
State checksums do not match. Local:2035439760 Remote:-1965264452
State checksum failed
add to repo msg=modified - 08-05.inte.json
add to repo msg=modified - 08-05.base.json
commit message=<ISOEVO> default collection fits
set states for children of V. state=True
handle state [('V', True)]
update switch state V True args=() kw={'refresh': False} ncanvase=2
add to repo msg=modified - 08-05.blan.json
refresh_canvas_needed fired
commit message=<BLANKS> preceding ba-01-J-2313
add to repo msg=modified - 08-05.icfa.json
commit message=<ICFactor> default
push repository <pychron.git_archive.repo_manager.GitRepoManager object at 0x1ce07bf50>
pushing to remote=origin, url=https://github.com
no changes to meta repo
create new session 4989601072
add association Load1791
get identifier "25308"
setting analysis irradiation position=<pychron.dvc.dvc_orm.IrradiationPositionTbl object at 0x184a53390>
close session 4989601072
================= post measurement finished
02:44:14 -- ******* Post Run Check *******
loading queue conditionals post_run_actions
loading system conditionals post_run_actions
loading conditionals from /Users/jan/PychronDev/setupfiles/spectrometer/default_conditionals.yaml
loading queue conditionals post_run_terminations
loading system conditionals post_run_terminations
loading conditionals from /Users/jan/PychronDev/setupfiles/spectrometer/default_conditionals.yaml
Checking default post run terminations n=1
GetDeflection CDD ===>> 50
testing CDD==2000
evaluate ot="CDD.deflection==2000" t="CDD==2000", ctx="{'CDD': 50.0}"
02:44:14 -- ******* Post Run Check Passed *******
02:44:14 -- Automated run 25308-05 success duration: 365.431 s
----------------- finish -----------------
----------------- stop -----------------
retroactive repository identifiers disabled
finish run. runs completed=38
update duration runid=25308-05, duration=365.43114996, md5=301e91d8
write rem/ex queues
/Users/jan/PychronDev/experiments/rem/CurrentExperiment.rem.txt
/Users/jan/PychronDev/experiments/rem/CurrentExperiment.ex.txt
doing event level: 3
