do run
loading script "jan_unknown120_60.py"
loading script "jan_pump_ms.py"
loading script "jan_co2.py"
loading script "jan_pump_extraction_line.py"
testing...
no interpolation path defined
executed snippet estimated_duration=213.652928, duration=0.000423908233643
script duration name:unknown120_60 seconds:214.0
loading script "jan_unknown120_60.py"
loading script "jan_pump_ms.py"
loading script "jan_co2.py"
loading script "jan_pump_extraction_line.py"
testing...
no interpolation path defined
executed snippet estimated_duration=0, duration=3.50475311279e-05
loading script "jan_unknown120_60.py"
loading script "jan_pump_ms.py"
loading script "jan_co2.py"
loading script "jan_pump_extraction_line.py"
testing...
no interpolation path defined
calculate duration
testing...
no interpolation path defined
executed snippet estimated_duration=0, duration=6.29425048828e-05
calculate duration
testing...
no interpolation path defined
executed snippet estimated_duration=0, duration=9.20295715332e-05
executed snippet estimated_duration=0.0, duration=0.00456595420837
script duration name:co2 seconds:0.0
loading script "jan_unknown120_60.py"
loading script "jan_pump_ms.py"
loading script "jan_co2.py"
loading script "jan_pump_extraction_line.py"
testing...
no interpolation path defined
calculate duration
testing...
no interpolation path defined
executed snippet estimated_duration=4.0, duration=0.000177145004272
executed snippet estimated_duration=4.0, duration=0.00155711174011
Script duration 214.0
Run total estimated duration= 215.000
run duration: 0:03:35
doing event level: 2
02:31:09 -- Setting default integration. t=1.048576
setting integration time = 1.048576
SetIntegrationTime 1.048576 ===>> OK
----------------- start -----------------
**************** Experiment Type: Ar/Ar, Ar/Ar
create new session 4436069840
close session 4436069840
$$$$$ Clearing conditionals
adding conditionals 
Add queue conditionals
add default conditionals
adding default conditionals from /Users/jan/PychronDev/setupfiles/spectrometer/default_conditionals.yaml
Start automated run 25308-04
loading script "jan_unknown120_60.py"
loading script "jan_pump_ms.py"
loading script "jan_co2.py"
loading script "jan_pump_extraction_line.py"
%%%%%%%%%%%%%%%%%% setting automated run 25308-04
No value "sensitivity_multiplier" in metadata
$$$$$$$$$$$$$$$ auto_save_detector_ic=False
============================= Pre Extraction Check =============================
loading queue conditionals pre_run_terminations
loading system conditionals pre_run_terminations
loading conditionals from /Users/jan/PychronDev/setupfiles/spectrometer/default_conditionals.yaml
02:31:09 -- ******* Pre Extraction Check *******
Get a measurement from the spectrometer
GetData ===>> H2,-0.145556310925444,H1,-0.0264566870027626,AX,-0.0741699180562431,L1,-0.0361558769591142,L2,0.0...
Pre Extraction Termination data. keys=H2,H1,AX,L1,L2,CDD, signals=-0.14556,-0.02646,-0.07417,-0.03616,0.00772,0.00238
02:31:09 -- testing system defined conditionals
Checking default pre extraction terminations n=2
testing CDD
evaluate ot="CDD.inactive" t="CDD", ctx="{'CDD': False}"
GetDeflection CDD ===>> 50
testing CDD==2000
evaluate ot="CDD.deflection==2000" t="CDD==2000", ctx="{'CDD': 50.0}"
02:31:09 -- ******* Pre Extraction Check Passed *******
=================================================================================
02:31:09 -- stopping status monitor
stop 4982387056
Alive clients [4989850544]
02:31:09 -- starting status monitor
start 4982387056
Monitor already running
set states for children of B. state=False
set states for children of D. state=False
handle state [('B', False), ('D', False)]
update switch state B False args=() kw={'refresh': True} ncanvase=2
update switch state D False args=() kw={'refresh': False} ncanvase=2
refresh_canvas_needed fired
start extraction
do extraction
Analysis started at 02:31:09.723320
Extraction Started jan_co2.py
02:31:09 -- ******* Extraction Started jan_co2.py *******
state changed from not run to extraction
DO EXTRACTION <pychron.extraction_line.pyscript_runner.RemotePyScriptRunner object at 0x12c299590>
testing...
no interpolation path defined
calculate duration
testing...
no interpolation path defined
executed snippet estimated_duration=0, duration=4.6968460083e-05
calculate duration
testing...
no interpolation path defined
executed snippet estimated_duration=0, duration=8.89301300049e-05
executed snippet estimated_duration=100.0, duration=0.00261616706848
Jan CO2 laser analysis
doing GOSUB
testing...
no interpolation path defined
executed snippet estimated_duration=0, duration=4.6968460083e-05
Waiting for CO2 access
wait ('FelixCO2Flag', 0) {}
waiting for FelixCO2Flag = 0
Read FelixCO2Flag ===>> 0
finished waiting
CO2 free
wait ('CO2PumpTimeFlag', 0) {}
waiting for CO2PumpTimeFlag = 0
Read CO2PumpTimeFlag ===>> 0
finished waiting
acquire ('JanCO2Flag',) {'clear': True}
acquire JanCO2Flag
Set JanCO2Flag 1 ===>> OK
JanCO2Flag acquired
set extraction state False (0.75, 'red', 1.5)
CO2 acquired
executed snippet estimated_duration=0, duration=0.1371281147
WaitForCO2Access.py completed successfully
gosub finished
doing GOSUB
testing...
no interpolation path defined
executed snippet estimated_duration=0, duration=7.39097595215e-05
Prepare for CO2 analysis
close () {'description': 'Jan Inlet'}
closing name=--- desc=Jan Inlet
checking ownership. requestor=129.138.12.150
check software interlocks R
interlocks []
actuate state mode=None-script, software_lock=False
doing actuation None-script close_channel False
Close R ===>> OK
GetIndicatorState R ===>> False
change switch state (True, True)
update switch state R False args=() kw={} ncanvase=2
02:31:10 -- CLOSE  VALVE-R (Jan Inlet)
---------------------------------------- close None (Jan Inlet) result=[(True, True)]
action=close, ok=True, locked=[False]
open () {'description': 'Jan Ion Pump'}
opening name=--- desc=Jan Ion Pump
checking ownership. requestor=129.138.12.150
check software interlocks O
interlocks []
actuate state mode=None-script, software_lock=False
doing actuation None-script open_channel False
Open O ===>> OK
GetIndicatorState O ===>> OK
change switch state (True, True)
update switch state O True args=() kw={} ncanvase=2
02:31:10 -- OPEN   VALVE-O (Jan Ion Pump)
---------------------------------------- open None (Jan Ion Pump) result=[(True, True)], time=0.14 sec
action=open, ok=True, locked=[False]
close () {'description': 'Microbone to Minibone'}
closing name=--- desc=Microbone to Minibone
checking ownership. requestor=129.138.12.150
check software interlocks L
interlocks []
actuate state mode=None-script, software_lock=False
doing actuation None-script close_channel False
Close L ===>> OK
GetIndicatorState L ===>> False
change switch state (True, True)
update switch state L False args=() kw={} ncanvase=2
02:31:11 -- CLOSE  VALVE-L (Microbone to Minibone)
---------------------------------------- close None (Microbone to Minibone) result=[(True, True)]
action=close, ok=True, locked=[False]
open () {'description': 'Microbone to Turbo'}
opening name=--- desc=Microbone to Turbo
checking ownership. requestor=129.138.12.150
check software interlocks U
interlocks []
actuate state mode=None-script, software_lock=False
doing actuation None-script open_channel False
Open U ===>> OK
GetIndicatorState U ===>> OK
change switch state (True, True)
update switch state U True args=() kw={} ncanvase=2
02:31:11 -- OPEN   VALVE-U (Microbone to Turbo)
---------------------------------------- open None (Microbone to Turbo) result=[(True, True)], time=0.15 sec
action=open, ok=True, locked=[False]
open () {'description': 'Microbone to Inlet Pipette'}
opening name=--- desc=Microbone to Inlet Pipette
checking ownership. requestor=129.138.12.150
check software interlocks S
interlocks []
actuate state mode=None-script, software_lock=False
doing actuation None-script open_channel False
Open S ===>> OK
GetIndicatorState S ===>> OK
change switch state (True, True)
update switch state S True args=() kw={} ncanvase=2
02:31:12 -- OPEN   VALVE-S (Microbone to Inlet Pipette)
---------------------------------------- open None (Microbone to Inlet Pipette) result=[(True, True)], time=0.44 sec
action=open, ok=True, locked=[False]
open () {'description': 'Microbone to Getter D-50'}
opening name=--- desc=Microbone to Getter D-50
checking ownership. requestor=129.138.12.150
check software interlocks K
interlocks []
actuate state mode=None-script, software_lock=False
doing actuation None-script open_channel False
Open K ===>> OK
GetIndicatorState K ===>> OK
change switch state (True, True)
update switch state K True args=() kw={} ncanvase=2
02:31:13 -- OPEN   VALVE-K (Microbone to Getter D-50)
---------------------------------------- open None (Microbone to Getter D-50) result=[(True, True)], time=0.42 sec
action=open, ok=True, locked=[False]
open () {'description': 'Microbone to Getter NP-10'}
opening name=--- desc=Microbone to Getter NP-10
checking ownership. requestor=129.138.12.150
check software interlocks M
interlocks []
actuate state mode=None-script, software_lock=False
doing actuation None-script open_channel False
Open M ===>> OK
GetIndicatorState M ===>> OK
change switch state (True, True)
update switch state M True args=() kw={} ncanvase=2
02:31:13 -- OPEN   VALVE-M (Microbone to Getter NP-10)
---------------------------------------- open None (Microbone to Getter NP-10) result=[(True, True)], time=0.16 sec
action=open, ok=True, locked=[False]
close () {'description': 'CO2 Laser to Felix'}
closing name=--- desc=CO2 Laser to Felix
checking ownership. requestor=129.138.12.150
check software interlocks F
interlocks []
actuate state mode=None-script, software_lock=True
VALVE-F(CO2 Laser to Felix) software locked
change switch state (True, False)
---------------------------------------- close None (CO2 Laser to Felix) result=[(True, False)]
action=close, ok=True, locked=[True]
open () {'description': 'CO2 Laser to Jan'}
opening name=--- desc=CO2 Laser to Jan
checking ownership. requestor=129.138.12.150
check software interlocks A
interlocks []
actuate state mode=None-script, software_lock=False
doing actuation None-script open_channel False
Open A ===>> OK
GetIndicatorState A ===>> OK
change switch state (True, True)
update switch state A True args=() kw={} ncanvase=2
02:31:13 -- OPEN   VALVE-A (CO2 Laser to Jan)
---------------------------------------- open None (CO2 Laser to Jan) result=[(True, True)], time=0.12 sec
action=open, ok=True, locked=[False]
open () {'description': 'Microbone to CO2 Laser'}
opening name=--- desc=Microbone to CO2 Laser
checking ownership. requestor=129.138.12.150
check software interlocks T
interlocks []
actuate state mode=None-script, software_lock=False
doing actuation None-script open_channel False
Open T ===>> OK
GetIndicatorState T ===>> OK
change switch state (True, True)
update switch state T True args=() kw={} ncanvase=2
02:31:14 -- OPEN   VALVE-T (Microbone to CO2 Laser)
---------------------------------------- open None (Microbone to CO2 Laser) result=[(True, True)], time=0.41 sec
action=open, ok=True, locked=[False]
executed snippet estimated_duration=0, duration=5.0034661293
PrepareForCO2Analysis.py completed successfully
gosub finished
set_motor ('beam', '1.25') {}
setting motor "beam" to 1.25
set motor beam to 1.25
SetMotor beam,1.25 ===>> OK
GetMotorMoving beam ===>> False
GetMotorMoving beam ===>> False
Block completed
move_to_position ('28',) {'autocenter': True}
FusionsCO2 move to position 28
sending GoToHole 28,True
GoToHole 28,True ===>> OK
GetDriveMoving ===>> OK
GetDriveMoving ===>> OK
GetDriveMoving ===>> OK
GetDriveMoving ===>> OK
GetDriveMoving ===>> OK
GetDriveMoving ===>> OK
GetDriveMoving ===>> False
GetDriveMoving ===>> OK
GetDriveMoving ===>> OK
GetDriveMoving ===>> OK
GetDriveMoving ===>> OK
GetDriveMoving ===>> OK
GetDriveMoving ===>> OK
GetDriveMoving ===>> OK
GetDriveMoving ===>> OK
GetDriveMoving ===>> OK
GetDriveMoving ===>> OK
GetDriveMoving ===>> OK
GetDriveMoving ===>> OK
GetDriveMoving ===>> OK
GetDriveMoving ===>> OK
GetDriveMoving ===>> OK
GetDriveMoving ===>> OK
GetDriveMoving ===>> False
Block completed
GetAutoCorrecting ===>> False
GetAutoCorrecting ===>> False
Block completed
update position
GetPosition ===>> -7.97560,9.96950,1.00000
got position (-7.9756, 9.9695, 1.0)
move to position succeeded
sleep (5,) {}
SLEEP 5.0
block started
WaitControl setup for 5.0  
Join finished
block finished. duration 5.0467581749
close () {'description': 'Microbone to Turbo'}
closing name=--- desc=Microbone to Turbo
checking ownership. requestor=129.138.12.150
check software interlocks U
interlocks []
actuate state mode=None-script, software_lock=False
doing actuation None-script close_channel True
Close U ===>> OK
State checksums do not match. Local:1864646427 Remote:337817015
State checksum failed
GetIndicatorState U ===>> False
change switch state (True, True)
update switch state U False args=() kw={} ncanvase=2
02:31:29 -- CLOSE  VALVE-U (Microbone to Turbo)
---------------------------------------- close None (Microbone to Turbo) result=[(True, True)]
action=close, ok=True, locked=[False]
enable laser
enable () {}
set extraction state FusionsCO2 Enabled (False, 'red', 1.5)
enabling laser
Enable ===>> OK
begin interval
BEGIN INTERVAL Interval 1 waiting for 30.0
set extract to 5.0
block started
WaitControl setup for 30.0  
extract (5.0,) {}
GetPosition ===>> -7.97560,9.96950,1.00000
set extraction state FusionsCO2 ON! 5.0(watts) (0.75, 'red', 1.5)
extract sample to 5.0 (watts)
set laser output
SetLaserOutput 5.0,watts ===>> OK
executing pattern triangle.lp
execute_pattern ('triangle.lp',) {}
executing pattern triangle.lp
IsPatterning ===>> OK
IsPatterning ===>> OK
IsPatterning ===>> OK
IsPatterning ===>> OK
IsPatterning ===>> OK
IsPatterning ===>> OK
IsPatterning ===>> OK
IsPatterning ===>> OK
IsPatterning ===>> OK
IsPatterning ===>> OK
IsPatterning ===>> OK
IsPatterning ===>> OK
IsPatterning ===>> OK
IsPatterning ===>> OK
IsPatterning ===>> OK
IsPatterning ===>> OK
IsPatterning ===>> OK
IsPatterning ===>> OK
IsPatterning ===>> OK
IsPatterning ===>> OK
IsPatterning ===>> OK
IsPatterning ===>> OK
IsPatterning ===>> OK
IsPatterning ===>> OK
IsPatterning ===>> OK
IsPatterning ===>> OK
set states for children of C. state=False
handle state [('C', False)]
update switch state C False args=() kw={'refresh': False} ncanvase=2
refresh_canvas_needed fired
IsPatterning ===>> False
State checksums do not match. Local:-1452036699 Remote:139093252
State checksum failed
IsPatterning ===>> False
Block completed
COMPLETE INTERVAL waiting for Interval 1 to complete
Join finished
block finished. duration 30.1203269958
Interval 1 finished
set states for children of B. state=True
handle state [('B', True)]
update switch state B True args=() kw={'refresh': False} ncanvase=2
refresh_canvas_needed fired
end_extract () {}
ending extraction. set laser power to 0
set laser power 0
SetLaserPower 0 ===>> OK
disable () {}
%%%%%%%%%%%%%%%%%%%%%%%%%%%%%%%%%%% disable
set extraction state False (0.75, 'red', 1.5)
disabling laser
Disable ===>> OK
sleep (30.0,) {}
SLEEP 30.0
block started
WaitControl setup for 30.0  
set states for children of B. state=False
handle state [('B', False)]
update switch state B False args=() kw={'refresh': False} ncanvase=2
refresh_canvas_needed fired
Join finished
block finished. duration 30.2936611176
executed snippet estimated_duration=166.0, duration=80.6541090012
jan_co2.py completed successfully
GetAchievedOutput ===>> No Response
Requested Output= 0.000
Achieved Output=  0.000
GetResponseBlob ===>> No Response
GetOutputBlob ===>> No Response
persistence save...
persistence save - db
AutomatedRunPersister post_extraction_save deprecated
persistence save - dvc
no extraction position for 28
create new session 4989601072
close session 4989601072
Extraction Finished
02:32:30 -- ******* Extraction Finished *******
no overlap. not waiting for min ms pumptime
02:32:30 -- Sending spectrometer configuration
======== Sending configuration ========
SetDeflection CDD,50.0 ===>> OK
SetDeflection H2,0.0 ===>> OK
SetDeflection H1,0.0 ===>> OK
SetDeflection L2,825.0 ===>> OK
SetDeflection L1,400.0 ===>> OK
SetDeflection AX,190.0 ===>> OK
SetZFocus 74.64 ===>> OK
SetZSymmetry -50.72 ===>> OK
SetExtractionLens 26.13 ===>> OK
SetIonRepeller -3.81 ===>> OK
SetElectronEnergy 75.08 ===>> OK
SetYSymmetry -2.81 ===>> OK
SetIonCounterVoltage 1590.0 ===>> OK
send trap current 200.0
GetParameter Trap Current Readback ===>> 197.811389855338
SetParameter Trap Current Set,200.0 ===>> OK
updating mftable name mftable
Using mftable located at /Users/jan/PychronDev/setupfiles/spectrometer/mftables/mftable.csv
============ MFtable ===========
Isotope  H2     H1     AX     L1     L2     CDD    
Ar40     5.8094 5.8795 5.9931 6.1493 6.2314 6.3776
Ar39     5.7086 5.7717 5.8856 6.0354 6.1166 6.2641
Ar36     5.3862 5.4407 5.5489 5.6943 5.7715 5.9151
================================
get initial guess parabolic
get initial guess parabolic
get initial guess parabolic
get initial guess parabolic
get initial guess parabolic
get initial guess parabolic
======== Configuration Finished ========
GetYSymmetry ===>> -2.81
GetZSymmetry ===>> -50.72
GetParameter Trap Current Readback ===>> 198.147042666178
GetHighVoltage ===>> 4499.94659342336
start measurement
do measurement
L#=25308 analysis type=unknown
Measurement Started jan_unknown120_60.py
02:32:30 -- ******* Measurement Started jan_unknown120_60.py *******
state changed from extraction to measurement
setting spec, defl, and gains
GetExtractionLens ===>> 26.13
GetYSymmetry ===>> -2.81
GetZSymmetry ===>> -50.72
GetZFocus ===>> 74.64
GetDeflection H2 ===>> 0
GetDeflection H1 ===>> 0
GetDeflection AX ===>> 190
GetDeflection L1 ===>> 400
GetDeflection L2 ===>> 825
GetDeflection CDD ===>> 50
GetGain H2 ===>> 0.0113
GetGain H1 ===>> 0.1
GetGain AX ===>> 0.097049
GetGain L1 ===>> 0.010355
GetGain L2 ===>> 0.095649
GetGain CDD ===>> 0
pre measurement save
New frame /Users/jan/PychronDev/data/isotopes/3f/dfa248-bd3f-4736-aa0d-361a92ede757.h5
flush and close file /Users/jan/PychronDev/data/isotopes/3f/dfa248-bd3f-4736-aa0d-361a92ede757.h5
testing...
no interpolation path defined
executed snippet estimated_duration=226.132928, duration=0.000268936157227
unknown measurement script
activate_detectors ('H2', 'H1', 'AX', 'L1', 'L2', 'CDD') {}
activate detectors
*************** Set Analysis View Ar/Ar
create graphs
clearing graphs
clear isotope group
setting isotope det=H2, iso=PM41
setting isotope det=H1, iso=Ar40
setting isotope det=AX, iso=Ar39
setting isotope det=L1, iso=Ar38
setting isotope det=L2, iso=Ar37
setting isotope det=CDD, iso=Ar36
setting previous blanks
 - setting Ar40 blank 0.130+/-0.007
 - setting Ar36 blank 0.00431+/-0.00017
 - setting Ar37 blank 0.050+/-0.005
 - setting Ar38 blank 0.0187+/-0.0022
 - setting PM41 blank 0.03+/-0.06
 - setting Ar39 blank 0.044+/-0.009
load analysis view
position_magnet ('Ar40',) {'detector': 'H1'}
detector Detector(H1)
POSITION Ar40 H1
setting detector H2 to PM41 (40.9624)
setting detector H1 to Ar40 (39.9624)
setting detector AX to Ar39 (38.9624)
setting detector L1 to Ar38 (37.9624)
setting detector L2 to Ar37 (36.9624)
setting detector CDD to Ar36 (35.9624)
Mapping mass to dac mass func: "parabolic"
H1 map mass coeffs = [-0.00063987  0.15840543  0.57106999]
H1 map mass to dac 39.9624 >> 5.87946
GetDeflection H1 ===>> 0
GetHighVoltage ===>> 4499.94659342336
positioning Ar40 (5.87942537641) on H1
setting magnet DAC
current  : 5.879426
requested: 5.879425
Delta Dac: 0.000000
Checking detector protection. dv=0.00000
Checking detector "CDD". Protection Threshold: 0.1 (V)
SetMagnetDAC 5.87942537641 ===>> OK
Magnet settling time: 0.500
equilibrate () {'delay': 3, 'inlet': 'R', 'outlet': 'O', 'eqtime': 12.0}
Equilibration Started
02:32:32 -- ******* Equilibration Started *******
checking ownership. requestor=129.138.12.150
check software interlocks O
interlocks []
actuate state mode=None-script, software_lock=False
doing actuation None-script close_channel True
Close O ===>> OK
GetIndicatorState O ===>> False
change switch state (True, True)
update switch state O False args=() kw={} ncanvase=2
02:32:32 -- CLOSE  VALVE-O (Jan Ion Pump)
waiting 3s before opening inlet value ('R',)
update labels <pychron.experiment.plot_panel.PlotPanel object at 0x19619ab90>
update labels "<pychron.graph.stacked_regression_graph.StackedRegressionGraph object at 0x1b31a06b0>"
setting label 0 H2 PM41
setting label 1 H1 Ar40
setting label 2 AX Ar39
setting label 3 L1 Ar38
setting label 4 L2 Ar37
setting label 5 CDD Ar36
update labels "<pychron.graph.stacked_graph.StackedGraph object at 0x1cefc74d0>"
setting label 0 H2 PM41
setting label 1 H1 Ar40
setting label 2 AX Ar39
setting label 3 L1 Ar38
setting label 4 L2 Ar37
setting label 5 CDD Ar36
checking ownership. requestor=129.138.12.150
check software interlocks R
interlocks []
actuate state mode=None-script, software_lock=False
doing actuation None-script open_channel True
Open R ===>> OK
GetIndicatorState R ===>> OK
change switch state (True, True)
update switch state R True args=() kw={} ncanvase=2
02:32:35 -- OPEN   VALVE-R (Jan Inlet)
set_time_zero () {}
equilibrating for 12.0sec
sniff (12.0,) {}
py_sniff
build tables- sniff [Detector(H2), Detector(H1), Detector(AX), Detector(L1), Detector(L2), Detector(CDD)]
add group /sniff/PM41 (Group) '' table H2
add group /sniff/Ar40 (Group) '' table H1
add group /sniff/Ar39 (Group) '' table AX
add group /sniff/Ar38 (Group) '' table L1
add group /sniff/Ar37 (Group) '' table L2
add group /sniff/Ar36 (Group) '' table CDD
flush and close file /Users/jan/PychronDev/data/isotopes/3f/dfa248-bd3f-4736-aa0d-361a92ede757.h5
measuring sniff. ncounts=12.0
"sniff" increment series count="1" fit count="0" regressing="False"
starting measurement
GetData ===>> H2,-0.161692451031889,H1,8.04610226871689,AX,1.04911198639234,L1,-0.0112164434606641,L2,-0.033742...
GetData ===>> H2,0.723346496649439,H1,737.16055882614,AX,96.802101606516,L1,0.434743251505421,L2,0.475365978417...
GetData ===>> H2,0.653589304963197,H1,1474.22693249633,AX,186.528459511561,L1,1.40873937061659,L2,0.38143249581...
GetData ===>> H2,0.264411421734459,H1,1713.55593735019,AX,211.847553788948,L1,2.06564374537038,L2,0.39961702931...
GetData ===>> H2,0.131915190002491,H1,1796.6321507141,AX,219.5974405893,L1,2.41798666381488,L2,0.25248177788629...
GetData ===>> H2,0.0863053271641137,H1,1829.51959992094,AX,222.809902148536,L1,2.61696966314214,L2,0.4366135559...
GetData ===>> H2,-0.00125431128990379,H1,1843.64145781055,AX,224.217899943206,L1,2.73689146498487,L2,0.30853483...
GetData ===>> H2,-0.054928827057289,H1,1849.3740484559,AX,224.859961962651,L1,2.81654717797015,L2,0.31529137561...
GetData ===>> H2,-0.00816672122830415,H1,1851.80068994446,AX,224.808966435002,L1,2.86484089979778,L2,0.38681210...
GetData ===>> H2,-0.00777377805789221,H1,1851.74797918991,AX,224.915796282689,L1,2.86010514687005,L2,0.33913710...
GetData ===>> H2,-0.12216874515544,H1,1852.03410226351,AX,225.06776306248,L1,2.87216431132267,L2,0.305407810594...
Equilibration Finished
02:32:47 -- ******* Equilibration Finished *******
checking ownership. requestor=129.138.12.150
check software interlocks R
interlocks []
actuate state mode=None-script, software_lock=False
doing actuation None-script close_channel True
GetData ===>> H2,-0.0654907678826576,H1,1853.13906301266,AX,224.999884458399,L1,2.91641347727131,L2,0.409236123...
Close R ===>> OK
set states for children of R. state=False
handle state [('R', False)]
update switch state R False args=() kw={'refresh': False} ncanvase=2
refresh_canvas_needed fired
GetIndicatorState R ===>> False
change switch state (True, True)
update switch state R False args=() kw={} ncanvase=2
02:32:48 -- CLOSE  VALVE-R (Jan Inlet)
Post Equilibration Started jan_pump_extraction_line.py
02:32:48 -- ******* Post Equilibration Started jan_pump_extraction_line.py *******
testing...
no interpolation path defined
calculate duration
testing...
no interpolation path defined
executed snippet estimated_duration=4.0, duration=0.000149965286255
executed snippet estimated_duration=4.0, duration=0.00158619880676
Pump after analysis
doing GOSUB
testing...
no interpolation path defined
executed snippet estimated_duration=4.0, duration=0.000182867050171
Pump Microbone
close () {'description': 'Jan Inlet'}
closing name=--- desc=Jan Inlet
checking ownership. requestor=129.138.12.150
check software interlocks R
interlocks []
actuate state mode=None-script, software_lock=False
doing actuation None-script close_channel False
Close R ===>> OK
measurement finished
estimated time: 12.583 actual time: :12.688
flush and close file /Users/jan/PychronDev/data/isotopes/3f/dfa248-bd3f-4736-aa0d-361a92ede757.h5
set_fits () {}
using default fits file=/Users/jan/PychronDev/scripts/measurement/fits/nominal_linear.yaml
set "Ar40" to "('Linear', 'SEM')"
No fit for "PM41". defaulting to linear. check the measurement script "jan_unknown120_60.py"
set "PM41" to "linear"
set "Ar36" to "('Linear', 'SEM')"
set "Ar37" to "('linear', 'SEM')"
set "Ar38" to "('linear', 'SEM')"
set "Ar39" to "('Linear', 'SEM')"
set_baseline_fits () {}
using default fits file=/Users/jan/PychronDev/scripts/measurement/fits/nominal_linear.yaml
set "H1" to "('average', 'SEM')"
set "H2" to "('average', 'SEM')"
set "CDD" to "('average', 'SEM')"
set "L2" to "('average', 'SEM')"
set "L1" to "('average', 'SEM')"
set "AX" to "('average', 'SEM')"
multicollect () {'integration_time': 1, 'ncounts': 120}
build tables- signal [Detector(H2), Detector(H1), Detector(AX), Detector(L1), Detector(L2), Detector(CDD)]
add group /signal/PM41 (Group) '' table H2
add group /signal/Ar40 (Group) '' table H1
add group /signal/Ar39 (Group) '' table AX
add group /signal/Ar38 (Group) '' table L1
add group /signal/Ar37 (Group) '' table L2
add group /signal/Ar36 (Group) '' table CDD
GetIndicatorState R ===>> False
flush and close file /Users/jan/PychronDev/data/isotopes/3f/dfa248-bd3f-4736-aa0d-361a92ede757.h5
change switch state (True, True)
update switch state R False args=() kw={} ncanvase=2
measuring signal. ncounts=120
02:32:49 -- CLOSE  VALVE-R (Jan Inlet)
---------------------------------------- close None (Jan Inlet) result=[(True, True)]
action=close, ok=True, locked=[False]
is_closed ('F',) {}
is F () closed?
is closed True
open () {'description': 'CO2 Laser to Jan'}
opening name=--- desc=CO2 Laser to Jan
checking ownership. requestor=129.138.12.150
check software interlocks A
interlocks []
actuate state mode=None-script, software_lock=False
doing actuation None-script open_channel False
Open A ===>> OK
GetIndicatorState A ===>> OK
change switch state (True, True)
update switch state A True args=() kw={} ncanvase=2
02:32:49 -- OPEN   VALVE-A (CO2 Laser to Jan)
---------------------------------------- open None (CO2 Laser to Jan) result=[(True, True)], time=0.13 sec
starting measurement
GetData ===>> H2,0.00871556393042703,H1,1852.40956372153,AX,225.17474674478,L1,2.9867026577751,L2,0.41747366881...
action=open, ok=True, locked=[False]
sleep (1,) {}
SLEEP 1.0
"signal" increment series count="2" fit count="1" regressing="True"
GetData ===>> H2,0.0286048212402009,H1,1852.50265921116,AX,225.010562503413,L1,2.98119296211985,L2,0.3861496344...
close () {'description': 'CO2 Laser to Roughing'}
closing name=--- desc=CO2 Laser to Roughing
checking ownership. requestor=129.138.12.150
check software interlocks G
interlocks []
actuate state mode=None-script, software_lock=True
VALVE-G(CO2 Laser to Roughing) software locked
change switch state (True, False)
---------------------------------------- close None (CO2 Laser to Roughing) result=[(True, False)]
action=close, ok=True, locked=[True]
open () {'description': 'Microbone to Turbo'}
opening name=--- desc=Microbone to Turbo
checking ownership. requestor=129.138.12.150
check software interlocks U
interlocks []
actuate state mode=None-script, software_lock=False
doing actuation None-script open_channel True
Open U ===>> OK
GetIndicatorState U ===>> OK
change switch state (True, True)
update switch state U True args=() kw={} ncanvase=2
02:32:51 -- OPEN   VALVE-U (Microbone to Turbo)
---------------------------------------- open None (Microbone to Turbo) result=[(True, True)], time=0.19 sec
action=open, ok=True, locked=[False]
open () {'description': 'Microbone to Getter NP-10'}
opening name=--- desc=Microbone to Getter NP-10
checking ownership. requestor=129.138.12.150
check software interlocks M
interlocks []
actuate state mode=None-script, software_lock=False
doing actuation None-script open_channel False
Open M ===>> OK
GetIndicatorState M ===>> OK
change switch state (True, True)
update switch state M True args=() kw={} ncanvase=2
02:32:51 -- OPEN   VALVE-M (Microbone to Getter NP-10)
---------------------------------------- open None (Microbone to Getter NP-10) result=[(True, True)], time=0.15 sec
action=open, ok=True, locked=[False]
open () {'description': 'Microbone to Getter D-50'}
opening name=--- desc=Microbone to Getter D-50
checking ownership. requestor=129.138.12.150
check software interlocks K
interlocks []
actuate state mode=None-script, software_lock=False
doing actuation None-script open_channel False
GetData ===>> H2,0.12111278743329,H1,1851.50716419659,AX,224.662903118831,L1,2.95103563064484,L2,0.309082642945...
Open K ===>> OK
GetIndicatorState K ===>> OK
change switch state (True, True)
update switch state K True args=() kw={} ncanvase=2
02:32:52 -- OPEN   VALVE-K (Microbone to Getter D-50)
---------------------------------------- open None (Microbone to Getter D-50) result=[(True, True)], time=0.41 sec
action=open, ok=True, locked=[False]
open () {'description': 'Microbone to CO2 Laser'}
opening name=--- desc=Microbone to CO2 Laser
checking ownership. requestor=129.138.12.150
check software interlocks T
interlocks []
actuate state mode=None-script, software_lock=False
doing actuation None-script open_channel False
Open T ===>> OK
GetIndicatorState T ===>> OK
change switch state (True, True)
update switch state T True args=() kw={} ncanvase=2
02:32:52 -- OPEN   VALVE-T (Microbone to CO2 Laser)
---------------------------------------- open None (Microbone to CO2 Laser) result=[(True, True)], time=0.42 sec
GetData ===>> H2,-0.0494901290976669,H1,1850.43922150282,AX,224.768480647741,L1,2.93946076034227,L2,0.439733434...
action=open, ok=True, locked=[False]
open () {'description': 'Microbone to Inlet Pipette'}
opening name=--- desc=Microbone to Inlet Pipette
checking ownership. requestor=129.138.12.150
check software interlocks S
interlocks []
actuate state mode=None-script, software_lock=False
doing actuation None-script open_channel False
Open S ===>> OK
GetIndicatorState S ===>> OK
change switch state (True, True)
update switch state S True args=() kw={} ncanvase=2
02:32:53 -- OPEN   VALVE-S (Microbone to Inlet Pipette)
---------------------------------------- open None (Microbone to Inlet Pipette) result=[(True, True)], time=0.43 sec
action=open, ok=True, locked=[False]
sleep (1,) {}
SLEEP 1.0
testing H1>-5.0
evaluate ot="H1.bs>-5.0" t="H1>-5.0", ctx="{'H1': None}"
GetData ===>> H2,-0.0849004683236075,H1,1849.06545240855,AX,224.712760881702,L1,2.9444495594771,L2,0.5111682426...
set_resource () {'name': 'CO2PumpTimeFlag', 'value': 30}
Set CO2PumpTimeFlag 30 ===>> OK
release ('JanCO2Flag',) {}
release JanCO2Flag
Set JanCO2Flag 0 ===>> OK
executed snippet estimated_duration=6.0, duration=6.00512695312
PumpMicrobone.py completed successfully
gosub finished
get_resource_value () {'name': 'JanMiniboneFlag'}
Read JanMiniboneFlag ===>> 0
Get Resource Value JanMiniboneFlag=0.0
get resource value 0.0
get_resource_value () {'name': 'JanMiniboneFlag'}
Read JanMiniboneFlag ===>> 0
Get Resource Value JanMiniboneFlag=0.0
executed snippet estimated_duration=4.0, duration=6.02015995979
jan_pump_extraction_line.py completed successfully
Post Equilibration Finished
02:32:54 -- ******* Post Equilibration Finished *******
GetData ===>> H2,-0.105334150985391,H1,1848.23370338611,AX,224.570605804617,L1,2.98733813670431,L2,0.3009685272...
GetData ===>> H2,-0.0450916775352629,H1,1848.22088373674,AX,224.325743710392,L1,2.98883449151529,L2,0.375938978...
GetData ===>> H2,-0.038459130951485,H1,1847.15424520858,AX,224.437260055863,L1,2.96447666384459,L2,0.4139432056...
GetData ===>> H2,-0.0579740688004339,H1,1846.33738760242,AX,224.325818621191,L1,2.95851454968937,L2,0.405854479...
testing H1>-5.0
evaluate ot="H1.bs>-5.0" t="H1>-5.0", ctx="{'H1': None}"
GetData ===>> H2,-0.0788259454235251,H1,1844.76327721482,AX,224.13465528352,L1,2.93218980751835,L2,0.5523562329...
GetData ===>> H2,-0.0609574799943556,H1,1844.15357051136,AX,224.184478407124,L1,2.9308100948156,L2,0.3515817046...
GetData ===>> H2,-0.0953228452338385,H1,1844.12444996737,AX,224.033373167486,L1,2.94997527102264,L2,0.371325123...
GetData ===>> H2,-0.0406306289179256,H1,1843.51480212659,AX,223.869368859571,L1,2.90806832359728,L2,0.429665620...
GetData ===>> H2,-0.157736636563339,H1,1843.13771863528,AX,224.122151440495,L1,2.90697484951995,L2,0.3848247003...
testing H1>-5.0
evaluate ot="H1.bs>-5.0" t="H1>-5.0", ctx="{'H1': None}"
GetData ===>> H2,-0.137060920964102,H1,1842.53860724112,AX,223.718785457454,L1,2.91453730016513,L2,0.3100527309...
GetData ===>> H2,-0.112870730185756,H1,1842.33241404434,AX,223.869144418348,L1,2.90015808766803,L2,0.3908098928...
GetData ===>> H2,-0.0294294057221795,H1,1841.26231610685,AX,223.758778616456,L1,2.92630485046317,L2,0.338863113...
GetData ===>> H2,-0.023056768762488,H1,1839.69197584673,AX,223.718336699794,L1,2.94041103801853,L2,0.3739632160...
GetData ===>> H2,-0.048321447035074,H1,1839.12293648818,AX,223.864331458945,L1,2.89516068492568,L2,0.3096875201...
testing H1>-5.0
evaluate ot="H1.bs>-5.0" t="H1>-5.0", ctx="{'H1': None}"
GetData ===>> H2,-0.0316678150639278,H1,1838.82184978747,AX,223.487787605227,L1,2.89475999837763,L2,0.342881732...
GetData ===>> H2,-0.0809884356818232,H1,1837.90443270668,AX,223.525112866376,L1,2.89213941299661,L2,0.496726920...
GetData ===>> H2,-0.024035315518841,H1,1836.56254838256,AX,223.236498133379,L1,2.87083483418656,L2,0.3844706262...
GetData ===>> H2,0.0295360951257561,H1,1835.4568965435,AX,223.344225891487,L1,2.88108948968872,L2,0.42787158115...
GetData ===>> H2,-0.0085950002731993,H1,1835.90517882165,AX,223.09927019902,L1,2.92148315462376,L2,0.3676821622...
testing H1>-5.0
evaluate ot="H1.bs>-5.0" t="H1>-5.0", ctx="{'H1': None}"
02:33:15 -- collecting point 25
GetData ===>> H2,-0.0433186414887256,H1,1834.62509020012,AX,222.798831809555,L1,2.93739544835049,L2,0.286556539...
GetData ===>> H2,-0.0799302759708441,H1,1834.05546692151,AX,222.669236394639,L1,2.91579262937472,L2,0.364336241...
GetData ===>> H2,-0.108212037769286,H1,1833.47105470819,AX,222.659934440553,L1,2.88748905221279,L2,0.3927745795...
GetData ===>> H2,-0.106323295387001,H1,1832.78619761822,AX,222.797737246134,L1,2.91008981044063,L2,0.4497048715...
GetData ===>> H2,-0.223045347801065,H1,1831.5747310534,AX,222.665754331183,L1,2.90302217439451,L2,0.34538203710...
testing H1>-5.0
evaluate ot="H1.bs>-5.0" t="H1>-5.0", ctx="{'H1': None}"
GetData ===>> H2,-0.19487817005724,H1,1830.91001466435,AX,222.257710405923,L1,2.90242211260874,L2,0.27684707175...
GetData ===>> H2,-0.126471505220527,H1,1829.93711269309,AX,222.673414947484,L1,2.87855068344236,L2,0.4552088116...
set states for children of V. state=False
handle state [('V', False)]
update switch state V False args=() kw={'refresh': False} ncanvase=2
refresh_canvas_needed fired
GetData ===>> H2,-0.0409644600238623,H1,1829.69133236711,AX,222.355374516696,L1,2.84824071097958,L2,0.359323289...
GetData ===>> H2,-0.020171475371799,H1,1828.71509162946,AX,222.188528286372,L1,2.85477410451612,L2,0.3330866455...
GetData ===>> H2,0.0286892318272012,H1,1827.61692000272,AX,222.288247269002,L1,2.85507819928398,L2,0.3543334352...
testing H1>-5.0
evaluate ot="H1.bs>-5.0" t="H1>-5.0", ctx="{'H1': None}"
GetData ===>> H2,-0.044508437462651,H1,1826.70012797465,AX,222.174545639307,L1,2.87903069571749,L2,0.5106426500...
set states for children of H. state=True
handle state [('H', True)]
update switch state H True args=() kw={'refresh': False} ncanvase=2
refresh_canvas_needed fired
GetData ===>> H2,-0.145991315517436,H1,1826.59671961511,AX,222.211354605628,L1,2.84399395002684,L2,0.4571843692...
GetData ===>> H2,-0.0867056721750761,H1,1826.24438399548,AX,221.956289026655,L1,2.84204507513563,L2,0.376281599...
GetData ===>> H2,-0.0442330453432279,H1,1825.49802787802,AX,222.011295415377,L1,2.8440733911509,L2,0.4183420227...
GetData ===>> H2,-0.0685132349361753,H1,1824.78424686421,AX,221.95450118564,L1,2.82309973435019,L2,0.3208384881...
testing H1>-5.0
evaluate ot="H1.bs>-5.0" t="H1>-5.0", ctx="{'H1': None}"
GetData ===>> H2,-0.115627644218004,H1,1824.58229292981,AX,221.607620582696,L1,2.86133310276721,L2,0.3173115831...
GetData ===>> H2,-0.148175542826156,H1,1823.41994567362,AX,221.440630194908,L1,2.87184494867274,L2,0.3585354002...
GetData ===>> H2,-0.196560176381841,H1,1822.15307637325,AX,221.277364016221,L1,2.8447787976322,L2,0.34216247848...
GetData ===>> H2,-0.128481695400872,H1,1820.99204698027,AX,221.540317232819,L1,2.89879906263655,L2,0.4058202064...
GetData ===>> H2,-0.18584792725586,H1,1820.8957952942,AX,221.655544647167,L1,2.87501018279602,L2,0.381889351387...
testing H1>-5.0
evaluate ot="H1.bs>-5.0" t="H1>-5.0", ctx="{'H1': None}"
GetData ===>> H2,-0.333631852438874,H1,1820.29520513234,AX,221.480325703382,L1,2.84091534468656,L2,0.4045064245...
GetData ===>> H2,-0.0991970957151379,H1,1819.5970869219,AX,221.423067081636,L1,2.82838828075736,L2,0.3160104276...
GetData ===>> H2,-0.132981251497411,H1,1818.42469272547,AX,221.440084775331,L1,2.83967893066566,L2,0.4121037601...
GetData ===>> H2,-0.117848117713384,H1,1818.01750265371,AX,221.25966942087,L1,2.84624453789012,L2,0.48581739580...
GetData ===>> H2,-0.0210732919876065,H1,1817.95548389789,AX,221.067314846737,L1,2.8458472627183,L2,0.4250834588...
testing H1>-5.0
evaluate ot="H1.bs>-5.0" t="H1>-5.0", ctx="{'H1': None}"
02:33:41 -- collecting point 50
GetData ===>> H2,-0.0795956006138209,H1,1816.68425355167,AX,220.998164188238,L1,2.84640756167567,L2,0.480871391...
GetData ===>> H2,-0.0908457033050685,H1,1815.71598570001,AX,220.906378757476,L1,2.87535568330967,L2,0.250689347...
GetData ===>> H2,0.055507720633143,H1,1815.07789880672,AX,220.766469168059,L1,2.86256530190647,L2,0.33652280318...
GetData ===>> H2,-0.132891988103606,H1,1815.08030117626,AX,220.994423622589,L1,2.88302929005703,L2,0.3813297036...
GetData ===>> H2,-0.207066067387245,H1,1813.70015957403,AX,221.033294109353,L1,2.88076987927046,L2,0.3955960313...
testing H1>-5.0
evaluate ot="H1.bs>-5.0" t="H1>-5.0", ctx="{'H1': None}"
GetData ===>> H2,-0.0820925562749241,H1,1812.9376063236,AX,220.633286023836,L1,2.84819960577296,L2,0.4146401476...
GetData ===>> H2,-0.13431470889681,H1,1812.35198653562,AX,220.59190689253,L1,2.8584429556332,L2,0.3566170890054...
GetData ===>> H2,-0.194945552963526,H1,1812.36650089782,AX,220.43378591492,L1,2.84279966000425,L2,0.40807081379...
GetData ===>> H2,-0.0567872674385468,H1,1810.86764298686,AX,220.512591407346,L1,2.87295521750096,L2,0.203127982...
set states for children of H. state=False
handle state [('H', False)]
update switch state H False args=() kw={'refresh': False} ncanvase=2
refresh_canvas_needed fired
GetData ===>> H2,-0.018891968581069,H1,1809.90512211796,AX,220.150794567932,L1,2.88580100057261,L2,0.3678534582...
testing H1>-5.0
evaluate ot="H1.bs>-5.0" t="H1>-5.0", ctx="{'H1': None}"
GetData ===>> H2,-0.0532966763134986,H1,1809.08363900626,AX,220.175684371454,L1,2.86252006868076,L2,0.417096622...
set states for children of C. state=True
handle state [('C', True)]
update switch state C True args=() kw={'refresh': False} ncanvase=2
refresh_canvas_needed fired
GetData ===>> H2,0.0834936820518435,H1,1808.54486823095,AX,220.260114439591,L1,2.83108932201722,L2,0.2480064721...
State checksums do not match. Local:-1990985319 Remote:678048056
State checksum failed
GetData ===>> H2,-0.00731827336314621,H1,1808.6932098413,AX,219.961715858354,L1,2.86337130557184,L2,0.294840599...
set states for children of B. state=True
set states for children of D. state=True
handle state [('B', True), ('D', True)]
update switch state B True args=() kw={'refresh': True} ncanvase=2
update switch state D True args=() kw={'refresh': False} ncanvase=2
refresh_canvas_needed fired
GetData ===>> H2,-0.0279812684215397,H1,1808.08022231977,AX,219.762409621268,L1,2.88045439271139,L2,0.423403768...
GetData ===>> H2,-0.0957210290353768,H1,1806.86229202871,AX,219.845792317111,L1,2.86595555868522,L2,0.394556539...
testing H1>-5.0
evaluate ot="H1.bs>-5.0" t="H1>-5.0", ctx="{'H1': None}"
GetData ===>> H2,-0.133328831051928,H1,1806.0676792177,AX,219.808818206847,L1,2.87749472690012,L2,0.43896774030...
GetData ===>> H2,-0.0780860517223219,H1,1805.72687305085,AX,219.793901996401,L1,2.89171962593609,L2,0.452662343...
GetData ===>> H2,0.0491479662150937,H1,1805.39938612371,AX,219.773554460438,L1,2.84462401541479,L2,0.2866478198...
GetData ===>> H2,0.00061743577527456,H1,1804.14845294599,AX,219.601167670917,L1,2.82496495547214,L2,0.401901762...
GetData ===>> H2,-0.120445561142222,H1,1802.81229055074,AX,219.593244617397,L1,2.83236722862331,L2,0.3272534507...
testing H1>-5.0
evaluate ot="H1.bs>-5.0" t="H1>-5.0", ctx="{'H1': None}"
GetData ===>> H2,-0.042041880678489,H1,1802.78351947897,AX,219.507690816379,L1,2.8126953641716,L2,0.40663133295...
GetData ===>> H2,-0.00139777788572705,H1,1801.72818623835,AX,219.303525178874,L1,2.82520582783121,L2,0.37503674...
GetData ===>> H2,-0.00265068202247509,H1,1801.25689239916,AX,219.094570478387,L1,2.81938114420278,L2,0.37630444...
GetData ===>> H2,-0.0832873242939732,H1,1800.2595154109,AX,219.050417031975,L1,2.83544491266241,L2,0.3838081685...
GetData ===>> H2,-0.0874030297716036,H1,1799.50450241646,AX,219.005630582921,L1,2.81130098992764,L2,0.378622881...
testing H1>-5.0
evaluate ot="H1.bs>-5.0" t="H1>-5.0", ctx="{'H1': None}"
02:34:07 -- collecting point 75
GetData ===>> H2,-0.142239189962364,H1,1799.21970481237,AX,218.907301109223,L1,2.85265936157092,L2,0.3621209182...
GetData ===>> H2,-0.186647700540365,H1,1797.45562981719,AX,219.202861500157,L1,2.86443372662312,L2,0.3428703154...
GetData ===>> H2,-0.129062921425264,H1,1797.56872119975,AX,218.988076243841,L1,2.86511921164083,L2,0.4514062632...
GetData ===>> H2,-0.119567637633539,H1,1797.18990459152,AX,218.755040214928,L1,2.84252027979357,L2,0.3300044827...
GetData ===>> H2,-0.164785640774398,H1,1795.71709553534,AX,218.667079568652,L1,2.82011026507275,L2,0.4051576011...
testing H1>-5.0
evaluate ot="H1.bs>-5.0" t="H1>-5.0", ctx="{'H1': None}"
GetData ===>> H2,-0.134932698377625,H1,1794.98999668076,AX,218.36192085939,L1,2.82761756714236,L2,0.41462872228...
GetData ===>> H2,-0.158256684172045,H1,1794.71247255967,AX,218.699663256068,L1,2.80656383382607,L2,0.3879200490...
GetData ===>> H2,-0.067474260518489,H1,1794.40830654086,AX,218.464555377013,L1,2.83343454009538,L2,0.3693151966...
GetData ===>> H2,-0.0217713359981342,H1,1793.4994766968,AX,218.206611284757,L1,2.82908648516578,L2,0.3201764701...
GetData ===>> H2,-0.0027989536481485,H1,1792.1138995829,AX,218.351485473042,L1,2.84966459786206,L2,0.3537739483...
testing H1>-5.0
evaluate ot="H1.bs>-5.0" t="H1>-5.0", ctx="{'H1': None}"
GetData ===>> H2,0.131930230847554,H1,1791.72698826597,AX,218.271406153385,L1,2.82792694152688,L2,0.36055651971...
GetData ===>> H2,0.0228731675927059,H1,1791.81698335621,AX,218.350697918113,L1,2.82468303174252,L2,0.3849274963...
GetData ===>> H2,-0.0116319211838821,H1,1790.78262151727,AX,218.321560496972,L1,2.84846268163546,L2,0.277086658...
GetData ===>> H2,-0.0630603150198459,H1,1789.90977050867,AX,218.113920834377,L1,2.82524278028787,L2,0.458086516...
GetData ===>> H2,-0.0145022508320875,H1,1789.59747223676,AX,217.900769260997,L1,2.81511815053405,L2,0.331945092...
testing H1>-5.0
evaluate ot="H1.bs>-5.0" t="H1>-5.0", ctx="{'H1': None}"
GetData ===>> H2,-0.18333225168836,H1,1788.45207647928,AX,217.856486512643,L1,2.81719542706073,L2,0.32208263771...
GetData ===>> H2,-0.134096984671713,H1,1787.77201118318,AX,217.899834823876,L1,2.82921928571071,L2,0.2856779689...
GetData ===>> H2,-0.0700823676286237,H1,1787.30668195059,AX,217.863935971213,L1,2.80424468272623,L2,0.244615882...
GetData ===>> H2,-0.124575895533267,H1,1786.32856707609,AX,217.766229307127,L1,2.81119026746909,L2,0.4086763161...
GetData ===>> H2,-0.143922868328016,H1,1785.56450777316,AX,217.724054099223,L1,2.81684257807879,L2,0.3829743921...
testing H1>-5.0
evaluate ot="H1.bs>-5.0" t="H1>-5.0", ctx="{'H1': None}"
GetData ===>> H2,-0.127511116754402,H1,1784.22651915223,AX,217.392743400927,L1,2.8040559988377,L2,0.36861858418...
GetData ===>> H2,-0.113642246326015,H1,1784.39459636662,AX,217.258293551829,L1,2.78692936241071,L2,0.2977276378...
GetData ===>> H2,-0.114811602438355,H1,1783.70508839375,AX,217.233158938686,L1,2.77080627120525,L2,0.3596315953...
GetData ===>> H2,-0.138146512254241,H1,1782.58414669093,AX,217.178816684715,L1,2.81588255551987,L2,0.3804388424...
GetData ===>> H2,-0.0968545575514957,H1,1782.2412145218,AX,217.177221033488,L1,2.83233438984294,L2,0.4059230249...
testing H1>-5.0
evaluate ot="H1.bs>-5.0" t="H1>-5.0", ctx="{'H1': None}"
02:34:34 -- collecting point 100
GetData ===>> H2,-0.12294503930019,H1,1781.65012651794,AX,217.066463963495,L1,2.86488477116832,L2,0.35282625351...
GetData ===>> H2,-0.0908375737582575,H1,1780.62222789218,AX,216.782340033327,L1,2.84288457102199,L2,0.389313559...
GetData ===>> H2,-0.0345901247796283,H1,1779.98468269118,AX,216.863580951088,L1,2.82914809347506,L2,0.257322650...
GetData ===>> H2,-0.0601398318925706,H1,1779.63877216048,AX,217.017939089059,L1,2.80232654111813,L2,0.494110806...
GetData ===>> H2,-0.00867113708693227,H1,1778.96165638923,AX,216.796711234954,L1,2.79509845348965,L2,0.42123278...
testing H1>-5.0
evaluate ot="H1.bs>-5.0" t="H1>-5.0", ctx="{'H1': None}"
GetData ===>> H2,-0.0745756437539691,H1,1778.35763906235,AX,216.712803485945,L1,2.79960505309149,L2,0.377115318...
GetData ===>> H2,-0.071809926367155,H1,1777.35027955319,AX,216.487950617435,L1,2.85790995424831,L2,0.3081582153...
GetData ===>> H2,-0.0913375300714815,H1,1776.39233307602,AX,216.490180067662,L1,2.80659802293228,L2,0.398440413...
GetData ===>> H2,-0.0474200818586396,H1,1775.52564801677,AX,216.309102034819,L1,2.77153765461675,L2,0.381021327...
GetData ===>> H2,0.00250308613850889,H1,1775.02504936692,AX,216.370823665183,L1,2.80929244485451,L2,0.399651299...
testing H1>-5.0
evaluate ot="H1.bs>-5.0" t="H1>-5.0", ctx="{'H1': None}"
GetData ===>> H2,-0.0979988055955407,H1,1774.32292315884,AX,216.261696735991,L1,2.8156117944431,L2,0.3350615649...
GetData ===>> H2,-0.104929537689394,H1,1773.29528315888,AX,216.204946289724,L1,2.77564300114155,L2,0.2669560644...
GetData ===>> H2,-0.0602944166330814,H1,1773.45684038243,AX,215.948403562168,L1,2.78401110601127,L2,0.401936033...
GetData ===>> H2,-0.0178568484872454,H1,1771.97920795738,AX,216.017562059044,L1,2.77371297749685,L2,0.367784939...
GetData ===>> H2,-0.0178568484872454,H1,1771.97920795738,AX,216.017562059044,L1,2.77371297749685,L2,0.367784939...
testing H1>-5.0
evaluate ot="H1.bs>-5.0" t="H1>-5.0", ctx="{'H1': None}"
GetData ===>> H2,-0.0236901155568001,H1,1771.8704803018,AX,216.019397792956,L1,2.81292777635078,L2,0.2914744007...
GetData ===>> H2,-0.124379826537326,H1,1770.80532250352,AX,215.952489775559,L1,2.77786962037007,L2,0.3525864767...
GetData ===>> H2,-0.1922297040482,H1,1770.00400217953,AX,215.801508905562,L1,2.80106618361905,L2,0.440144854166...
GetData ===>> H2,-0.152105281862324,H1,1769.65565819724,AX,215.558989617776,L1,2.78752239483941,L2,0.4583834270...
GetData ===>> H2,-0.0977591324080517,H1,1768.75555087373,AX,215.859075171822,L1,2.81415690489913,L2,0.312517939...
testing H1>-5.0
evaluate ot="H1.bs>-5.0" t="H1>-5.0", ctx="{'H1': None}"
GetData ===>> H2,-0.0655395613981743,H1,1767.7081302745,AX,215.676768944674,L1,2.82916726057201,L2,0.4037067400...
measurement finished
estimated time: 125.829 actual time: :126.718
flush and close file /Users/jan/PychronDev/data/isotopes/3f/dfa248-bd3f-4736-aa0d-361a92ede757.h5
baselines () {'settling_time': 15.0, 'detector': 'H1', 'mass': 34.2, 'ncounts': 60}
%%%%%%%%%%%%%%%%%%%%%%%%%%%%%%%% Baseline
build tables- baseline [Detector(H2), Detector(H1), Detector(AX), Detector(L1), Detector(L2), Detector(CDD)]
add group baseline table H2
add group baseline table H1
add group baseline table AX
add group baseline table L1
add group baseline table L2
add group baseline table CDD
flush and close file /Users/jan/PychronDev/data/isotopes/3f/dfa248-bd3f-4736-aa0d-361a92ede757.h5
detector Detector(H1)
POSITION 34.2 H1
Mapping mass to dac mass func: "parabolic"
H1 map mass coeffs = [-0.00063987  0.15840543  0.57106999]
H1 map mass to dac 34.2 >> 5.24011599104
GetDeflection H1 ===>> 0
GetHighVoltage ===>> 4499.94659342336
positioning 34.2 (5.24008513249) on H1
setting magnet DAC
current  : 5.879425
requested: 5.240085
Delta Dac: 0.639340
Checking detector protection. dv=0.63934
Checking detector "CDD". Protection Threshold: 0.1 (V)
ProtectDetector CDD,On ===>> OK
GetDeflection CDD ===>> 2000
Protected = 2000
SetMagnetDAC 5.24008513249 ===>> OK
Magnet settling time: 0.500
GetMagnetMoving ===>> True
GetMagnetMoving ===>> True
GetMagnetMoving ===>> True
GetMagnetMoving ===>> True
GetMagnetMoving ===>> True
GetMagnetMoving ===>> True
GetMagnetMoving ===>> True
GetMagnetMoving ===>> True
GetMagnetMoving ===>> False
ProtectDetector CDD,Off ===>> OK
GetDeflection CDD ===>> 50
Delaying 15.0s for detectors to settle
Join finished
measuring baseline. ncounts=60
"baseline" increment series count="2" fit count="1" regressing="True"
starting measurement
GetData ===>> H2,-0.0871146132729946,H1,-0.170372160700149,AX,-0.179528439918339,L1,-0.0473923443792585,L2,-0.0...
GetData ===>> H2,-0.113888579036604,H1,-0.0716796269607965,AX,-0.0727904671050337,L1,-0.0380644352305965,L2,-0....
GetData ===>> H2,-0.100852829938711,H1,-0.0737536929546366,AX,-0.054496402737371,L1,-0.0703723330755724,L2,-0.0...
GetData ===>> H2,-0.154165899214059,H1,-0.0363066081243478,AX,-0.0692779952979616,L1,-0.0806007653276296,L2,-0....
testing H1>-5.0
evaluate ot="H1.bs>-5.0" t="H1>-5.0", ctx="{'H1': None}"
GetData ===>> H2,-0.302871480701619,H1,-0.101379965840276,AX,-0.0873142931232219,L1,-0.0744456754747089,L2,-0.0...
GetData ===>> H2,-0.266615510756656,H1,-0.111294007009799,AX,-0.0246945237436552,L1,-0.0121347004884806,L2,-0.0...
GetData ===>> H2,-0.183159573560443,H1,-0.0532256988458045,AX,-0.201478202749052,L1,-0.0401007895364088,L2,-0.0...
GetData ===>> H2,-0.14926277186683,H1,-0.0414339073733892,AX,-0.169154467967073,L1,-0.0627122970704458,L2,0.011...
GetData ===>> H2,-0.218354564138821,H1,-0.0164507504380794,AX,-0.196796620441493,L1,-0.0344890365717617,L2,-0.0...
testing H1>-5.0
evaluate ot="H1.bs>-5.0" t="H1>-5.0", ctx="{'H1': None}"
GetData ===>> H2,-0.190320806809303,H1,0.0266613479473544,AX,-0.0577891243959765,L1,-0.0574403855574394,L2,-0.0...
GetData ===>> H2,-0.153144323611642,H1,0.0167942681269075,AX,-0.102983220719995,L1,-0.0590811249740107,L2,-0.02...
GetData ===>> H2,-0.165764322426231,H1,0.0298710430242323,AX,-0.0849034648887463,L1,-0.0556437616209061,L2,-0.0...
GetData ===>> H2,-0.206462374375864,H1,0.0158398258980121,AX,-0.0975132900980151,L1,-0.0547435333546463,L2,0.02...
GetData ===>> H2,-0.305951559535048,H1,-0.0433059023349667,AX,0.0166953593741506,L1,-0.0673094984346161,L2,-0.0...
testing H1>-5.0
evaluate ot="H1.bs>-5.0" t="H1>-5.0", ctx="{'H1': None}"
GetData ===>> H2,-0.385961991192224,H1,0.000808561015630716,AX,-0.0517485180401306,L1,-0.0366183731847128,L2,-0...
GetData ===>> H2,-0.412242965378961,H1,0.023260853903362,AX,-0.0570123303844238,L1,-0.00565356360964839,L2,-0.0...
GetData ===>> H2,-0.383304824265285,H1,0.0181305025350077,AX,-0.0872215700648985,L1,-0.037092829064994,L2,-0.00...
GetData ===>> H2,-0.225373850622056,H1,0.015481912408233,AX,-0.0335896586089096,L1,-0.045894954286808,L2,-0.041...
GetData ===>> H2,-0.230717223001106,H1,0.00229965708207232,AX,-0.208789827172326,L1,-0.0262814934272698,L2,0.01...
testing H1>-5.0
evaluate ot="H1.bs>-5.0" t="H1>-5.0", ctx="{'H1': None}"
GetData ===>> H2,-0.238831903821812,H1,0.040407679934762,AX,-0.0206815892412421,L1,-0.00386257118830091,L2,-0.0...
GetData ===>> H2,-0.22580609938503,H1,-0.0585667204825001,AX,-0.019312978366592,L1,-0.0452449385260464,L2,-0.08...
GetData ===>> H2,-0.0577814763035459,H1,0.0523059857619359,AX,-0.0343550429180732,L1,-0.0195812985739998,L2,-0....
GetData ===>> H2,-0.143008091749742,H1,0.0191326900459422,AX,-0.0668667201337114,L1,-0.0610865079171901,L2,-0.0...
GetData ===>> H2,-0.0986352013928283,H1,0.0928639949993706,AX,-0.134292134142871,L1,-0.0378631731085295,L2,-0.0...
testing H1>-5.0
evaluate ot="H1.bs>-5.0" t="H1>-5.0", ctx="{'H1': None}"
02:35:39 -- collecting point 25
GetData ===>> H2,-0.212655434641606,H1,0.0756648750712909,AX,-0.125751978805057,L1,0.00377881576714804,L2,0.017...
GetData ===>> H2,-0.221257906523408,H1,0.00670150223551782,AX,-0.0979536772515226,L1,0.0259695171345757,L2,-0.0...
GetData ===>> H2,-0.253093411140705,H1,-0.0112267532276221,AX,-0.0287536822213201,L1,-0.0281289552166867,L2,-0....
GetData ===>> H2,-0.0606361228207227,H1,0.0435104117686215,AX,-0.108927944869399,L1,-0.0231584874273844,L2,-0.0...
GetData ===>> H2,-0.201599314522607,H1,0.0426631177628202,AX,-0.172469622888581,L1,-0.0127208547017656,L2,-0.06...
testing H1>-5.0
evaluate ot="H1.bs>-5.0" t="H1>-5.0", ctx="{'H1': None}"
GetData ===>> H2,-0.279766683069366,H1,0.0627494954988041,AX,-0.165108898556827,L1,-0.0613844095161094,L2,-0.11...
GetData ===>> H2,-0.317950497682758,H1,-0.00181571411557151,AX,0.0285657169124886,L1,-0.0212681543564256,L2,-0....
GetData ===>> H2,-0.264753573657948,H1,-0.00446377655409762,AX,-0.0214354768418441,L1,-0.0259352063365218,L2,0....
GetData ===>> H2,-0.160155668352867,H1,0.0985539518794322,AX,-0.0351784041664603,L1,-0.0279875920518281,L2,-0.0...
GetData ===>> H2,-0.153661879370823,H1,-0.0570407433881258,AX,-0.108626661545848,L1,-0.0452449385260464,L2,-0.0...
testing H1>-5.0
evaluate ot="H1.bs>-5.0" t="H1>-5.0", ctx="{'H1': None}"
GetData ===>> H2,-0.199307236674024,H1,-0.0189433836139006,AX,-0.047945410368568,L1,0.000794540378487553,L2,-0....
GetData ===>> H2,-0.239719064368406,H1,0.0372334461018699,AX,-0.102044546858251,L1,-0.046491064370424,L2,0.0259...
GetData ===>> H2,-0.239511752362358,H1,0.0501338725783508,AX,0.0210697019997713,L1,-0.0559573860250387,L2,-0.12...
GetData ===>> H2,-0.202436481282712,H1,0.041171420388131,AX,-0.0197537195626645,L1,-0.034337389817113,L2,0.0862...
GetData ===>> H2,-0.114268895420466,H1,0.0579871199546169,AX,-0.0996920281297538,L1,0.0181563236862454,L2,-0.01...
testing H1>-5.0
evaluate ot="H1.bs>-5.0" t="H1>-5.0", ctx="{'H1': None}"
GetData ===>> H2,-0.232055026483013,H1,0.00590223683618625,AX,-0.103829178293099,L1,0.0374626945176919,L2,-0.18...
GetData ===>> H2,-0.201953870971429,H1,-0.0170709329144312,AX,-0.0532674006074463,L1,0.0345512129444298,L2,0.07...
GetData ===>> H2,-0.0742828349151935,H1,0.0673688581023015,AX,-0.0668435345055932,L1,0.0308559716222432,L2,-0.0...
GetData ===>> H2,-0.156858579953517,H1,0.0300977540023119,AX,-0.0137223510333467,L1,-0.0343565457190274,L2,-0.0...
GetData ===>> H2,-0.162656547485528,H1,0.00798988377630496,AX,0.0813034299898566,L1,-0.015946463983618,L2,-0.03...
testing H1>-5.0
evaluate ot="H1.bs>-5.0" t="H1>-5.0", ctx="{'H1': None}"
GetData ===>> H2,-0.0884377483776837,H1,0.0158040344914624,AX,-0.120630921140108,L1,-0.055551587700909,L2,-0.11...
GetData ===>> H2,-0.161103690730443,H1,-0.0277207746833817,AX,-0.113319622774564,L1,-0.0459691707227553,L2,-0.0...
GetData ===>> H2,-0.11558975302903,H1,0.070687291448013,AX,-0.135695216291183,L1,-0.0537229635875583,L2,-0.0221...
GetData ===>> H2,-0.0948582798330273,H1,0.044978276101726,AX,-0.0274663674353541,L1,-0.0382213689699027,L2,0.09...
GetData ===>> H2,-0.224612998771969,H1,0.0156370080967029,AX,-0.109113349527914,L1,-0.0238200800094613,L2,-0.02...
testing H1>-5.0
evaluate ot="H1.bs>-5.0" t="H1>-5.0", ctx="{'H1': None}"
02:36:06 -- collecting point 50
GetData ===>> H2,-0.217780543665241,H1,0.0107814340013725,AX,-0.12856728706534,L1,-0.00577710994604639,L2,-0.04...
GetData ===>> H2,-0.227684371595038,H1,0.0355747699600563,AX,-0.0753754726216217,L1,0.00472494123100888,L2,-0.0...
GetData ===>> H2,-0.286949439008053,H1,-0.0100220941814165,AX,-0.0304584782996493,L1,-0.0420181789638005,L2,-0....
GetData ===>> H2,-0.0817836842583629,H1,0.0478066607427109,AX,-0.0950215883941509,L1,-0.0307498037392657,L2,-0....
GetData ===>> H2,-0.20704046498976,H1,0.056924866581798,AX,-0.108603485866913,L1,0.00312690539467362,L2,-0.0253...
testing H1>-5.0
evaluate ot="H1.bs>-5.0" t="H1>-5.0", ctx="{'H1': None}"
GetData ===>> H2,-0.164608794106608,H1,0.0492507191540483,AX,-0.126713595315415,L1,-0.0128167458022265,L2,-0.02...
GetData ===>> H2,-0.275745978829531,H1,0.0864825621471834,AX,-0.0523746251765259,L1,0.0287127512103774,L2,0.048...
GetData ===>> H2,-0.271668750953181,H1,0.0720155110771394,AX,-0.0466815398553774,L1,0.0278034617862128,L2,0.056...
GetData ===>> H2,-0.205048690334621,H1,-0.0513181220335167,AX,-0.0350856314162261,L1,-0.0287554815936429,L2,-0....
GetData ===>> H2,-0.179940263135089,H1,-0.0626438263879645,AX,-0.146559721018575,L1,-0.0229427413070087,L2,-0.0...
testing H1>-5.0
evaluate ot="H1.bs>-5.0" t="H1>-5.0", ctx="{'H1': None}"
GetData ===>> H2,-0.363043150753753,H1,0.0508499486410187,AX,-0.0841848410698337,L1,-0.0114861751683176,L2,-0.0...
measurement finished
estimated time: 62.915 actual time: :63.495
flush and close file /Users/jan/PychronDev/data/isotopes/3f/dfa248-bd3f-4736-aa0d-361a92ede757.h5
activate_detectors ('H1', 'AX', 'CDD') {'peak_center': True}
peak_center () {'detector': 'H1', 'integration_time': 0.262144, 'isotope': 'Ar40'}
peak center: mean=1770.95096838 threshold=3
peak center started
setup peak center. detector=['H1', 'AX', 'CDD'], isotope=Ar40
VersionedUnpickler [<apptools.sweet_pickle.versioned_unpickler.VersionedUnpickler object at 0x1bce8f350>] using Updater [<apptools.sweet_pickle.updater.Updater object at 0x135230b30>]
VersionedUnpickler [<apptools.sweet_pickle.versioned_unpickler.VersionedUnpickler object at 0x1bce8f350>] using Updater [<apptools.sweet_pickle.updater.Updater object at 0x135230b30>]
VersionedUnpickler [<apptools.sweet_pickle.versioned_unpickler.VersionedUnpickler object at 0x1a8dc6d70>] using Updater [<apptools.sweet_pickle.updater.Updater object at 0x135230b30>]
setting integration time = 0.524288
SetIntegrationTime 0.524288 ===>> OK
Mapping mass to dac mass func: "parabolic"
H1 map mass coeffs = [-0.00063987  0.15840543  0.57106999]
H1 map mass to dac 39.9624 >> 5.87946
GetDeflection H1 ===>> 0
GetHighVoltage ===>> 4499.94659342336
do peak center. <pychron.spectrometer.jobs.peak_center.PeakCenter object at 0x1352309b0>
doing pc
starting peak center. center dac= 5.87942537641 step_width=0.001
width = 0.001
get scan parameters. half-width=0.015,window=0.015, i=0, scalar=1
Scan parameters center=5.87943 width=0.03000 (5.86443 - 5.89443)
GetData ===>> H2,-0.412633035649839,H1,-0.0175360672498347,AX,-0.14063483206143,L1,0.011834266593279,L2,-0.1177...
Moving to starting dac 5.86442537641
setting magnet DAC
current  : 5.240085
requested: 5.864425
Delta Dac: 0.624340
Checking detector protection. dv=0.62434
Checking detector "CDD". Protection Threshold: 0.1 (V)
ProtectDetector CDD,On ===>> OK
GetDeflection CDD ===>> 2000
Protected = 2000
SetMagnetDAC 5.86442537641 ===>> OK
Magnet settling time: 0.500
GetMagnetMoving ===>> True
GetMagnetMoving ===>> True
GetMagnetMoving ===>> True
GetMagnetMoving ===>> True
GetMagnetMoving ===>> True
GetMagnetMoving ===>> True
GetMagnetMoving ===>> True
GetMagnetMoving ===>> True
GetMagnetMoving ===>> False
ProtectDetector CDD,Off ===>> OK
GetDeflection CDD ===>> 50
Wait until signal near baseline. tol= -0.0131520504374. timeout= 10
GetData ===>> H2,4.79054088127498,H1,1.6659507725598,AX,0.0874047535533556,L1,0.0108890629063094,L2,0.104131874...
GetData ===>> H2,102.463462703015,H1,37.2494291435111,AX,2.14427663515561,L1,0.00629033834616365,L2,0.139544295...
GetData ===>> H2,127.911014916195,H1,58.0696646708383,AX,5.45806478931058,L1,-0.00963626984898363,L2,-0.1076813...
GetData ===>> H2,70.8934569876931,H1,28.0911960919901,AX,2.35517021783862,L1,0.0100856932770392,L2,-0.045672877...
GetData ===>> H2,29.9578927620433,H1,14.4386514935948,AX,1.19979906366297,L1,0.0162936879746963,L2,-0.114792016...
GetData ===>> H2,10.2867092747128,H1,8.07951606960151,AX,0.428586171056704,L1,0.0174911098467457,L2,-0.12274527...
GetData ===>> H2,3.01342398664582,H1,4.95753849087184,AX,0.258309370320764,L1,-0.0126429425098757,L2,-0.0293278...
GetData ===>> H2,1.01927822748778,H1,3.41092440289084,AX,0.250392003219889,L1,-0.0165665698707716,L2,0.04945420...
GetData ===>> H2,0.558372355322673,H1,2.72162319180553,AX,0.242010975190443,L1,-0.0286202906844278,L2,0.0246441...
GetData ===>> H2,0.610494924485935,H1,2.30574642233294,AX,0.147269605412826,L1,-0.0285891750964229,L2,0.0779857...
GetData ===>> H2,0.696148457637375,H1,2.18191797600931,AX,0.0483760760769561,L1,-0.0101302506215616,L2,0.023527...
GetData ===>> H2,0.576073196792793,H1,2.12100003155313,AX,0.187401040717651,L1,-0.00337308179094812,L2,-0.10743...
GetData ===>> H2,0.518307065342011,H1,2.02622607087843,AX,0.247188090237211,L1,-0.00709644228834425,L2,-0.04660...
GetData ===>> H2,0.470077982585485,H1,1.98938548562937,AX,0.161162953989318,L1,0.0035134843542051,L2,-0.0333802...
GetData ===>> H2,0.486279554398094,H1,2.03645526339657,AX,0.094288961925401,L1,-0.00477190253497483,L2,-0.06169...
GetData ===>> H2,0.365018029529747,H1,1.98724428376613,AX,0.0161616334102403,L1,-0.0119237245638129,L2,-0.04979...
GetData ===>> H2,0.263719598556511,H1,1.93008882759307,AX,0.0984150843569953,L1,-0.0324635220551588,L2,-0.29588...
GetData ===>> H2,0.174971762659299,H1,1.86646318637365,AX,0.0701847743567103,L1,-0.00250681919471226,L2,-0.0048...
GetData ===>> H2,0.207218240266702,H1,1.88875890811067,AX,0.0521568883783013,L1,0.0158953787648646,L2,-0.014391...
GetData ===>> H2,0.234020469081937,H1,1.89246731309247,AX,0.0694432016551704,L1,-0.00504060742327355,L2,0.14773...
GetData ===>> H2,0.26951403824737,H1,1.95769969330677,AX,0.0839975981309289,L1,-0.0429246498466012,L2,-0.029009...
Peak center failed to move to a baseline position
_do_sweep sm= 5.86442537641, em= 5.89442537641, stm= 0.001
calculated step values: start=5.86442537641, end=5.89442537641, width=0.001, nsteps=31.0
setting magnet DAC
current  : 5.864425
requested: 5.864425
Delta Dac: 0.000000
Checking detector protection. dv=0.00000
Checking detector "CDD". Protection Threshold: 0.1 (V)
SetMagnetDAC 5.86442537641 ===>> OK
GetData ===>> H2,0.26951403824737,H1,1.95769969330677,AX,0.0839975981309289,L1,-0.0429246498466012,L2,-0.029009...
setting magnet DAC
current  : 5.864425
requested: 5.865460
Delta Dac: 0.001034
Checking detector protection. dv=0.00103
Checking detector "CDD". Protection Threshold: 0.1 (V)
SetMagnetDAC 5.86545985917 ===>> OK
Magnet settling time: 1.049
GetData ===>> H2,0.129221829166229,H1,3.94301293996768,AX,0.403280619928191,L1,-0.0314801201343774,L2,-0.036271...
setting magnet DAC
current  : 5.865460
requested: 5.866494
Delta Dac: 0.001034
Checking detector protection. dv=0.00103
Checking detector "CDD". Protection Threshold: 0.1 (V)
SetMagnetDAC 5.86649434193 ===>> OK
Magnet settling time: 1.049
GetData ===>> H2,0.143590077490997,H1,12.8662953252745,AX,1.24972095469017,L1,0.00381363353016594,L2,-0.0691383...
setting magnet DAC
current  : 5.866494
requested: 5.867529
Delta Dac: 0.001034
Checking detector protection. dv=0.00103
Checking detector "CDD". Protection Threshold: 0.1 (V)
SetMagnetDAC 5.86752882469 ===>> OK
Magnet settling time: 1.049
GetData ===>> H2,0.094362691596573,H1,56.8843007171137,AX,4.49781005992735,L1,-0.0185721341276778,L2,-0.0552327...
setting magnet DAC
current  : 5.867529
requested: 5.868563
Delta Dac: 0.001034
Checking detector protection. dv=0.00103
Checking detector "CDD". Protection Threshold: 0.1 (V)
SetMagnetDAC 5.86856330745 ===>> OK
Magnet settling time: 1.049
GetData ===>> H2,0.00505675599046025,H1,186.465198559157,AX,14.8001791352768,L1,0.0204552808493001,L2,-0.246015...
setting magnet DAC
current  : 5.868563
requested: 5.869598
Delta Dac: 0.001034
Checking detector protection. dv=0.00103
Checking detector "CDD". Protection Threshold: 0.1 (V)
SetMagnetDAC 5.8695977902 ===>> OK
Magnet settling time: 1.049
GetData ===>> H2,-0.100988225354747,H1,482.483671465157,AX,41.8783094056578,L1,0.214864763290955,L2,-0.00781101...
setting magnet DAC
current  : 5.869598
requested: 5.870632
Delta Dac: 0.001034
Checking detector protection. dv=0.00103
Checking detector "CDD". Protection Threshold: 0.1 (V)
SetMagnetDAC 5.87063227296 ===>> OK
Magnet settling time: 1.049
GetData ===>> H2,-0.0428084970552456,H1,891.426855851475,AX,86.2424505386868,L1,0.562426862218669,L2,-0.0934170...
setting magnet DAC
current  : 5.870632
requested: 5.871667
Delta Dac: 0.001034
Checking detector protection. dv=0.00103
Checking detector "CDD". Protection Threshold: 0.1 (V)
SetMagnetDAC 5.87166675572 ===>> OK
Magnet settling time: 1.049
GetData ===>> H2,-0.0671839817819591,H1,1271.68392751572,AX,134.321320948282,L1,0.997489916556861,L2,0.10390389...
setting magnet DAC
current  : 5.871667
requested: 5.872701
Delta Dac: 0.001034
Checking detector protection. dv=0.00103
Checking detector "CDD". Protection Threshold: 0.1 (V)
SetMagnetDAC 5.87270123848 ===>> OK
Magnet settling time: 1.049
GetData ===>> H2,-0.150521744759268,H1,1518.85351457549,AX,171.660472682796,L1,1.50650352361596,L2,0.1764071949...
setting magnet DAC
current  : 5.872701
requested: 5.873736
Delta Dac: 0.001034
Checking detector protection. dv=0.00103
Checking detector "CDD". Protection Threshold: 0.1 (V)
SetMagnetDAC 5.87373572124 ===>> OK
Magnet settling time: 1.049
GetData ===>> H2,-0.0513015957114286,H1,1635.10786495641,AX,193.555538108132,L1,1.90764943586787,L2,0.278737779...
setting magnet DAC
current  : 5.873736
requested: 5.874770
Delta Dac: 0.001034
Checking detector protection. dv=0.00103
Checking detector "CDD". Protection Threshold: 0.1 (V)
SetMagnetDAC 5.874770204 ===>> OK
Magnet settling time: 1.049
GetData ===>> H2,-0.000672566576153576,H1,1681.32840809199,AX,204.112619598462,L1,2.3177995454448,L2,0.30217551...
setting magnet DAC
current  : 5.874770
requested: 5.875805
Delta Dac: 0.001034
Checking detector protection. dv=0.00103
Checking detector "CDD". Protection Threshold: 0.1 (V)
SetMagnetDAC 5.87580468676 ===>> OK
Magnet settling time: 1.049
GetData ===>> H2,-0.0641688667169641,H1,1686.79959269017,AX,205.373784434751,L1,2.46656594060507,L2,0.291778301...
setting magnet DAC
current  : 5.875805
requested: 5.876839
Delta Dac: 0.001034
Checking detector protection. dv=0.00103
Checking detector "CDD". Protection Threshold: 0.1 (V)
SetMagnetDAC 5.87683916951 ===>> OK
Magnet settling time: 1.049
GetData ===>> H2,-0.102172895269138,H1,1687.86515159769,AX,205.499775641022,L1,2.59155863081212,L2,0.2754095392...
setting magnet DAC
current  : 5.876839
requested: 5.877874
Delta Dac: 0.001034
Checking detector protection. dv=0.00103
Checking detector "CDD". Protection Threshold: 0.1 (V)
SetMagnetDAC 5.87787365227 ===>> OK
Magnet settling time: 1.049
GetData ===>> H2,-0.114172802447725,H1,1687.54897782889,AX,205.589509841595,L1,2.60020938890104,L2,0.2504039313...
setting magnet DAC
current  : 5.877874
requested: 5.878908
Delta Dac: 0.001034
Checking detector protection. dv=0.00103
Checking detector "CDD". Protection Threshold: 0.1 (V)
SetMagnetDAC 5.87890813503 ===>> OK
Magnet settling time: 1.049
GetData ===>> H2,-0.1230694578158,H1,1688.2128152038,AX,205.563573536234,L1,2.57980913306667,L2,0.3939068246942...
setting magnet DAC
current  : 5.878908
requested: 5.879943
Delta Dac: 0.001034
Checking detector protection. dv=0.00103
Checking detector "CDD". Protection Threshold: 0.1 (V)
SetMagnetDAC 5.87994261779 ===>> OK
Magnet settling time: 1.049
GetData ===>> H2,-0.0526871248178173,H1,1687.61941170623,AX,205.535400219437,L1,2.63053308559849,L2,0.264171882...
setting magnet DAC
current  : 5.879943
requested: 5.880977
Delta Dac: 0.001034
Checking detector protection. dv=0.00103
Checking detector "CDD". Protection Threshold: 0.1 (V)
SetMagnetDAC 5.88097710055 ===>> OK
Magnet settling time: 1.049
GetData ===>> H2,-0.14755063911786,H1,1686.75258302143,AX,205.499250910545,L1,2.72009404345008,L2,0.29084352005...
setting magnet DAC
current  : 5.880977
requested: 5.882012
Delta Dac: 0.001034
Checking detector protection. dv=0.00103
Checking detector "CDD". Protection Threshold: 0.1 (V)
SetMagnetDAC 5.88201158331 ===>> OK
Magnet settling time: 1.049
GetData ===>> H2,-0.120710683400335,H1,1685.87393519481,AX,205.28322661693,L1,2.72109104412773,L2,0.25825888474...
setting magnet DAC
current  : 5.882012
requested: 5.883046
Delta Dac: 0.001034
Checking detector protection. dv=0.00103
Checking detector "CDD". Protection Threshold: 0.1 (V)
SetMagnetDAC 5.88304606607 ===>> OK
Magnet settling time: 1.049
GetData ===>> H2,-0.202948726684728,H1,1682.59070033563,AX,204.335350172401,L1,2.65557833240654,L2,0.3128931207...
setting magnet DAC
current  : 5.883046
requested: 5.884081
Delta Dac: 0.001034
Checking detector protection. dv=0.00103
Checking detector "CDD". Protection Threshold: 0.1 (V)
SetMagnetDAC 5.88408054883 ===>> OK
Magnet settling time: 1.049
GetData ===>> H2,-0.144640845709126,H1,1673.43232969368,AX,202.069797108458,L1,2.62441647205044,L2,0.2281441188...
setting magnet DAC
current  : 5.884081
requested: 5.885115
Delta Dac: 0.001034
Checking detector protection. dv=0.00103
Checking detector "CDD". Protection Threshold: 0.1 (V)
SetMagnetDAC 5.88511503158 ===>> OK
Magnet settling time: 1.049
GetData ===>> H2,-0.0821223592713268,H1,1612.89491879005,AX,188.744820579378,L1,2.41821614832425,L2,0.275204377...
setting magnet DAC
current  : 5.885115
requested: 5.886150
Delta Dac: 0.001034
Checking detector protection. dv=0.00103
Checking detector "CDD". Protection Threshold: 0.1 (V)
SetMagnetDAC 5.88614951434 ===>> OK
Magnet settling time: 1.049
GetData ===>> H2,-0.078201239802495,H1,1451.86838146005,AX,157.686490591022,L1,2.10198991689203,L2,0.2666107754...
setting magnet DAC
current  : 5.886150
requested: 5.887184
Delta Dac: 0.001034
Checking detector protection. dv=0.00103
Checking detector "CDD". Protection Threshold: 0.1 (V)
SetMagnetDAC 5.8871839971 ===>> OK
Magnet settling time: 1.049
GetData ===>> H2,-0.297934739931763,H1,1109.52097870559,AX,106.096846417405,L1,1.62725114973033,L2,0.1496938634...
setting magnet DAC
current  : 5.887184
requested: 5.888218
Delta Dac: 0.001034
Checking detector protection. dv=0.00103
Checking detector "CDD". Protection Threshold: 0.1 (V)
SetMagnetDAC 5.88821847986 ===>> OK
Magnet settling time: 1.049
GetData ===>> H2,-0.351169628202128,H1,675.808412560109,AX,55.4730867092615,L1,1.1555730157958,L2,0.04275554740...
setting magnet DAC
current  : 5.888218
requested: 5.889253
Delta Dac: 0.001034
Checking detector protection. dv=0.00103
Checking detector "CDD". Protection Threshold: 0.1 (V)
SetMagnetDAC 5.88925296262 ===>> OK
Magnet settling time: 1.049
GetData ===>> H2,-0.275463783518739,H1,317.732285025802,AX,22.0095135482797,L1,0.728155190119555,L2,-0.03747795...
setting magnet DAC
current  : 5.889253
requested: 5.890287
Delta Dac: 0.001034
Checking detector protection. dv=0.00103
Checking detector "CDD". Protection Threshold: 0.1 (V)
SetMagnetDAC 5.89028744538 ===>> OK
Magnet settling time: 1.049
GetData ===>> H2,-0.191227545976938,H1,115.583489514823,AX,6.38978320606178,L1,0.438744749731046,L2,-0.03256066...
setting magnet DAC
current  : 5.890287
requested: 5.891322
Delta Dac: 0.001034
Checking detector protection. dv=0.00103
Checking detector "CDD". Protection Threshold: 0.1 (V)
SetMagnetDAC 5.89132192814 ===>> OK
Magnet settling time: 1.049
GetData ===>> H2,-0.22145756337702,H1,33.5856494511949,AX,1.4280010319025,L1,0.313572994020766,L2,-0.0306027835...
setting magnet DAC
current  : 5.891322
requested: 5.892356
Delta Dac: 0.001034
Checking detector protection. dv=0.00103
Checking detector "CDD". Protection Threshold: 0.1 (V)
SetMagnetDAC 5.89235641089 ===>> OK
Magnet settling time: 1.049
GetData ===>> H2,-0.104977203623177,H1,8.42946981845281,AX,0.148730749171549,L1,0.191987687367407,L2,0.06155398...
setting magnet DAC
current  : 5.892356
requested: 5.893391
Delta Dac: 0.001034
Checking detector protection. dv=0.00103
Checking detector "CDD". Protection Threshold: 0.1 (V)
SetMagnetDAC 5.89339089365 ===>> OK
Magnet settling time: 1.049
GetData ===>> H2,-0.134015651681032,H1,1.74409292095465,AX,-0.176368745345452,L1,0.103663182687769,L2,-0.082950...
setting magnet DAC
current  : 5.893391
requested: 5.894425
Delta Dac: 0.001034
Checking detector protection. dv=0.00103
Checking detector "CDD". Protection Threshold: 0.1 (V)
SetMagnetDAC 5.89442537641 ===>> OK
Magnet settling time: 1.049
GetData ===>> H2,-0.207175213799956,H1,0.23094081202395,AX,-0.119031983656664,L1,0.0734907632379278,L2,-0.06485...
result of _do_sweep=True
result of _calculate_peak_center=([5.8715941968108059, 5.8791693471114073, 5.8867444974120087], [1245.0125898237975, 1688.1961666086775, 1254.9671698557099], 5.8789371585964467, 1688.1961666086775)
Failed to find a valid peak. No peak greater than 1.0. max = 0.0237844924753
new center pos Detector(H1) (Ar40) @ 5.87916934711
GetHighVoltage ===>> 4499.94659342336
GetDeflection H1 ===>> 0
dac uncorrected for HV and deflection 5.87920396919
update mftable H1 Ar40 5.87920396919 message=automated run peakcenter
get initial guess parabolic
get initial guess parabolic
get initial guess parabolic
get initial guess parabolic
get initial guess parabolic
get initial guess parabolic
dump mftable to /Users/jan/PychronDev/setupfiles/spectrometer/mftables/mftable.csv
add to repo msg=modified - automated run peakcenter
locally archiving mftable
setting magnet DAC
current  : 5.894425
requested: 5.879169
Delta Dac: 0.015256
Checking detector protection. dv=0.01526
Checking detector "CDD". Protection Threshold: 0.1 (V)
SetMagnetDAC 5.87916934711 ===>> OK
Magnet settling time: 0.500
sweep finished
setting integration time = 1.048576
SetIntegrationTime 1.048576 ===>> OK
Failed to find a valid peak. No peak greater than 1.0. max = 0.0237970222705
flush and close file /Users/jan/PychronDev/data/isotopes/3f/dfa248-bd3f-4736-aa0d-361a92ede757.h5
finished measure script
executed snippet estimated_duration=226.132928, duration=274.110929012
jan_unknown120_60.py completed successfully
Measurement Finished
02:37:04 -- ******* Measurement Finished *******
Post Measurement Started jan_pump_ms.py
02:37:04 -- ******* Post Measurement Started jan_pump_ms.py *******
testing...
no interpolation path defined
executed snippet estimated_duration=0, duration=3.00407409668e-05
Pumping spectrometer
open () {'name': 'O'}
opening name=O desc=---
checking ownership. requestor=129.138.12.150
check software interlocks O
interlocks []
actuate state mode=None-script, software_lock=False
doing actuation None-script open_channel True
Open O ===>> OK
GetIndicatorState O ===>> OK
change switch state (True, True)
update switch state O True args=() kw={} ncanvase=2
02:37:05 -- OPEN   VALVE-O (Jan Ion Pump)
---------------------------------------- open O () result=[(True, True)], time=0.13 sec
action=open, ok=True, locked=[False]
executed snippet estimated_duration=0, duration=0.382672071457
jan_pump_ms.py completed successfully
setting _ms_pumptime
Post Measurement Finished
02:37:05 -- ******* Post Measurement Finished *******
$$$$$$$$$$$$$$$$$$$$ state at run end measurement
state changed from measurement to success
post measurement save measured=True aborted=False
Set filtering
setting fod for Ar40= {'filter_outliers': True, 'std_devs': 2, 'iterations': 1}
setting fod for H1= {'filter_outliers': True, 'std_devs': 2, 'iterations': 1}
setting fod for PM41= {'filter_outliers': False, 'std_devs': 2, 'iterations': 1}
setting fod for H2= {'filter_outliers': True, 'std_devs': 2, 'iterations': 1}
setting fod for Ar36= {'filter_outliers': True, 'std_devs': 2, 'iterations': 1}
setting fod for CDD= {'filter_outliers': True, 'std_devs': 10, 'iterations': 1}
setting fod for Ar37= {'filter_outliers': True, 'std_devs': 2, 'iterations': 1}
setting fod for L2= {'filter_outliers': True, 'std_devs': 2, 'iterations': 1}
setting fod for Ar38= {'filter_outliers': True, 'std_devs': 2, 'iterations': 1}
setting fod for L1= {'filter_outliers': True, 'std_devs': 2, 'iterations': 1}
setting fod for Ar39= {'filter_outliers': True, 'std_devs': 2, 'iterations': 1}
setting fod for AX= {'filter_outliers': True, 'std_devs': 2, 'iterations': 1}
persistence save...
persistence save - db
post measurement save
6500311120 connecting to database sqlite:////Users/jan/PychronDev/.appdata/local_lab.db
connected to db sqlite:////Users/jan/PychronDev/.appdata/local_lab.db
create new session 6500311120
close session 6500311120
No database instance. Not saving post measurement to isotopedb database
$$$$$$$$$$$$$$$ auto_save_detector_ic=False
massspec enabled True
create new session 4985539184
MassSpec Database Version: 16.0
close session 4985539184
saving post measurement to secondary database
saving to massspec database 129.138.12.160/massspecdata
setting labnumber to 25308
setting aliquot to 4
setting step to 
setting uuid to 3fdfa248-bd3f-4736-aa0d-361a92ede757
setting irradpos to 25308
setting extract_device to Fusions CO2
setting tray to 
setting position to 28
setting power_requested to 5.0
setting extract_value to 5.0
setting duration to 30.0
setting duration_at_request to 30.0
setting first_stage_delay to 30.0
setting cleanup to 30.0
setting comment to H:13
setting irradiation to NM-288
setting level to H
setting irradiation_level to H
setting sample to FC-2
setting material to 
setting project to 
setting mass_spectrometer to jan
no attribute chron_dosages
no attribute production_ratios
no attribute interference_corrections
no attribute production_name
no attribute j
Reference Isotope=Ar40
Reference Detector=H1
%%%%%%%%%%%%%%%%%%%% Comment: H:13 %%%%%%%%%%%%%%%%%%%
adding isotope PM41 H2
add baseline dbdet= PM41. original det= H2
get baseline data PM41 H2
Get data baseline <pychron.processing.isotope.Baseline object at 0x1a657dfd0> len t=60
baseline PM41. v=-0.191799305958, e=0.00928025219714
get signal data PM41 H2
Get data signal PM41 0.13+/-0.07 len t=120
adding isotope Ar40 H1
add baseline dbdet= Ar40. original det= H1
get baseline data Ar40 H1
Get data baseline <pychron.processing.isotope.Baseline object at 0x1a657df90> len t=60
baseline Ar40. v=0.0154629881135, e=0.00576848717728
get signal data Ar40 H1
Get data signal Ar40 1861.04+/-0.09 len t=120
adding isotope Ar39 AX
add baseline dbdet= Ar39. original det= AX
get baseline data Ar39 AX
Get data baseline <pychron.processing.isotope.Baseline object at 0x1a657da50> len t=60
baseline Ar39. v=-0.0779499707689, e=0.00683237684215
get signal data Ar39 AX
Get data signal Ar39 226.055+/-0.026 len t=120
adding isotope Ar38 L1
add baseline dbdet= Ar38. original det= L1
get baseline data Ar38 L1
Get data baseline <pychron.processing.isotope.Baseline object at 0x1a657df10> len t=60
baseline Ar38. v=-0.0309717891746, e=0.00343811138735
get signal data Ar38 L1
Get data signal Ar38 2.976+/-0.005 len t=120
adding isotope Ar37 L2
add baseline dbdet= Ar37. original det= L2
get baseline data Ar37 L2
Get data baseline <pychron.processing.isotope.Baseline object at 0x163d0b410> len t=60
baseline Ar37. v=-0.0393565747305, e=0.00527110751183
get signal data Ar37 L2
Get data signal Ar37 0.424+/-0.011 len t=120
adding isotope Ar36 CDD
add baseline dbdet= Ar36. original det= CDD
get baseline data Ar36 CDD
Get data baseline <pychron.processing.isotope.Baseline object at 0x163d0b050> len t=60
baseline Ar36. v=0.000436671886298, e=3.77576968598e-05
get signal data Ar36 CDD
Get data signal Ar36 0.01202+/-0.00031 len t=120
25308-04 added analysis time 0.584769964218s
analysis added to mass spec database
mass spec save time= 0.602
persistence save - dvc
================= post measurement started
create new session 4989601072
close session 4989601072
---------------- Experiment Queue saving disabled
DVC saving peakcenter
Failed to find a valid peak. No peak greater than 1.0. max = 0.0237970222705
Smart pull ahead: 0 behind: 0
Up-to-date with origin
add to repo msg=modified - ad8224ebc6dbfeb9f5997218dfa5fe690569839d.json
add to repo msg=modified - 08-04.json
add to repo msg=modified - 08-04.dat.json
add to repo msg=modified - 08-04.blan.json
add to repo msg=modified - 08-04.inte.json
add to repo msg=modified - 08-04.icfa.json
add to repo msg=modified - 08-04.base.json
not at valid file /Users/jan/PychronDev/data/.dvc/repositories/Load1791/253/tags/08-04.tags.json
add to repo msg=modified - 08-04.peak.json
add to repo msg=modified - 08-04.extr.json
not at valid file /Users/jan/PychronDev/data/.dvc/repositories/Load1791/253/monitor/08-04.moni.json
commit message=<COLLECTION>
add to repo msg=modified - 08-04.inte.json
add to repo msg=modified - 08-04.base.json
commit message=<ISOEVO> default collection fits
add to repo msg=modified - 08-04.blan.json
commit message=<BLANKS> preceding ba-01-J-2313
add to repo msg=modified - 08-04.icfa.json
commit message=<ICFactor> default
push repository <pychron.git_archive.repo_manager.GitRepoManager object at 0x16e1e0830>
pushing to remote=origin, url=https://github.com
no changes to meta repo
create new session 4989601072
add association Load1791
get identifier "25308"
setting analysis irradiation position=<pychron.dvc.dvc_orm.IrradiationPositionTbl object at 0x1998a2990>
close session 4989601072
================= post measurement finished
02:37:17 -- ******* Post Run Check *******
loading queue conditionals post_run_actions
loading system conditionals post_run_actions
loading conditionals from /Users/jan/PychronDev/setupfiles/spectrometer/default_conditionals.yaml
loading queue conditionals post_run_terminations
loading system conditionals post_run_terminations
loading conditionals from /Users/jan/PychronDev/setupfiles/spectrometer/default_conditionals.yaml
Checking default post run terminations n=1
GetDeflection CDD ===>> 50
testing CDD==2000
evaluate ot="CDD.deflection==2000" t="CDD==2000", ctx="{'CDD': 50.0}"
02:37:17 -- ******* Post Run Check Passed *******
02:37:17 -- Automated run 25308-04 success duration: 368.458 s
----------------- finish -----------------
----------------- stop -----------------
retroactive repository identifiers disabled
finish run. runs completed=37
update duration runid=25308-04, duration=368.458150864, md5=301e91d8
write rem/ex queues
/Users/jan/PychronDev/experiments/rem/CurrentExperiment.rem.txt
/Users/jan/PychronDev/experiments/rem/CurrentExperiment.ex.txt
doing event level: 3
