do run
loading script "jan_unknown120_60.py"
loading script "jan_pump_ms.py"
loading script "jan_co2.py"
loading script "jan_pump_extraction_line.py"
testing...
no interpolation path defined
executed snippet estimated_duration=213.652928, duration=0.000396966934204
script duration name:unknown120_60 seconds:214.0
loading script "jan_unknown120_60.py"
loading script "jan_pump_ms.py"
loading script "jan_co2.py"
loading script "jan_pump_extraction_line.py"
testing...
no interpolation path defined
executed snippet estimated_duration=0, duration=2.88486480713e-05
loading script "jan_unknown120_60.py"
loading script "jan_pump_ms.py"
loading script "jan_co2.py"
loading script "jan_pump_extraction_line.py"
testing...
no interpolation path defined
calculate duration
testing...
no interpolation path defined
executed snippet estimated_duration=0, duration=0.000107049942017
calculate duration
testing...
no interpolation path defined
executed snippet estimated_duration=0, duration=9.79900360107e-05
executed snippet estimated_duration=0.0, duration=0.00374507904053
script duration name:co2 seconds:0.0
loading script "jan_unknown120_60.py"
loading script "jan_pump_ms.py"
loading script "jan_co2.py"
loading script "jan_pump_extraction_line.py"
testing...
no interpolation path defined
calculate duration
testing...
no interpolation path defined
executed snippet estimated_duration=4.0, duration=0.000146150588989
executed snippet estimated_duration=4.0, duration=0.0015869140625
Script duration 214.0
Run total estimated duration= 215.000
run duration: 0:03:35
doing event level: 2
04:41:19 -- Setting default integration. t=1.048576
setting integration time = 1.048576
SetIntegrationTime 1.048576 ===>> OK
----------------- start -----------------
**************** Experiment Type: Ar/Ar, Ar/Ar
create new session 4436069840
close session 4436069840
$$$$$ Clearing conditionals
adding conditionals 
Add queue conditionals
add default conditionals
adding default conditionals from /Users/jan/PychronDev/setupfiles/spectrometer/default_conditionals.yaml
Start automated run 25310-06
loading script "jan_unknown120_60.py"
loading script "jan_pump_ms.py"
loading script "jan_co2.py"
loading script "jan_pump_extraction_line.py"
%%%%%%%%%%%%%%%%%% setting automated run 25310-06
No value "sensitivity_multiplier" in metadata
$$$$$$$$$$$$$$$ auto_save_detector_ic=False
============================= Pre Extraction Check =============================
loading queue conditionals pre_run_terminations
loading system conditionals pre_run_terminations
loading conditionals from /Users/jan/PychronDev/setupfiles/spectrometer/default_conditionals.yaml
04:41:19 -- ******* Pre Extraction Check *******
Get a measurement from the spectrometer
GetData ===>> H2,-0.198815053514293,H1,-0.0353884361090849,AX,-0.073485991037407,L1,-0.0182167406307501,L2,0.00...
Pre Extraction Termination data. keys=H2,H1,AX,L1,L2,CDD, signals=-0.19882,-0.03539,-0.07349,-0.01822,0.00091,0.00342
04:41:19 -- testing system defined conditionals
Checking default pre extraction terminations n=2
testing CDD
evaluate ot="CDD.inactive" t="CDD", ctx="{'CDD': False}"
GetDeflection CDD ===>> 50
testing CDD==2000
evaluate ot="CDD.deflection==2000" t="CDD==2000", ctx="{'CDD': 50.0}"
04:41:19 -- ******* Pre Extraction Check Passed *******
=================================================================================
04:41:19 -- stopping status monitor
stop 4982387056
Alive clients [4989850544]
04:41:19 -- starting status monitor
start 4982387056
Monitor already running
set states for children of C. state=True
handle state [('C', True)]
update switch state C True args=() kw={'refresh': False} ncanvase=2
refresh_canvas_needed fired
start extraction
do extraction
Analysis started at 04:41:19.654674
Extraction Started jan_co2.py
04:41:19 -- ******* Extraction Started jan_co2.py *******
state changed from not run to extraction
DO EXTRACTION <pychron.extraction_line.pyscript_runner.RemotePyScriptRunner object at 0x12c299590>
testing...
no interpolation path defined
calculate duration
testing...
no interpolation path defined
executed snippet estimated_duration=0, duration=5.31673431396e-05
calculate duration
testing...
no interpolation path defined
executed snippet estimated_duration=0, duration=6.5803527832e-05
executed snippet estimated_duration=100.0, duration=0.00216889381409
Jan CO2 laser analysis
doing GOSUB
testing...
no interpolation path defined
executed snippet estimated_duration=0, duration=3.69548797607e-05
Waiting for CO2 access
wait ('FelixCO2Flag', 0) {}
waiting for FelixCO2Flag = 0
Read FelixCO2Flag ===>> 0
finished waiting
CO2 free
wait ('CO2PumpTimeFlag', 0) {}
waiting for CO2PumpTimeFlag = 0
Read CO2PumpTimeFlag ===>> 0
finished waiting
acquire ('JanCO2Flag',) {'clear': True}
acquire JanCO2Flag
Set JanCO2Flag 1 ===>> OK
JanCO2Flag acquired
set extraction state False (0.75, 'red', 1.5)
CO2 acquired
executed snippet estimated_duration=0, duration=0.0172610282898
WaitForCO2Access.py completed successfully
gosub finished
doing GOSUB
testing...
no interpolation path defined
executed snippet estimated_duration=0, duration=0.000104904174805
Prepare for CO2 analysis
close () {'description': 'Jan Inlet'}
closing name=--- desc=Jan Inlet
checking ownership. requestor=129.138.12.150
check software interlocks R
interlocks []
actuate state mode=None-script, software_lock=False
doing actuation None-script close_channel False
Close R ===>> OK
GetIndicatorState R ===>> False
change switch state (True, True)
update switch state R False args=() kw={} ncanvase=2
04:41:20 -- CLOSE  VALVE-R (Jan Inlet)
---------------------------------------- close None (Jan Inlet) result=[(True, True)]
action=close, ok=True, locked=[False]
open () {'description': 'Jan Ion Pump'}
opening name=--- desc=Jan Ion Pump
checking ownership. requestor=129.138.12.150
check software interlocks O
interlocks []
actuate state mode=None-script, software_lock=False
doing actuation None-script open_channel False
Open O ===>> OK
GetIndicatorState O ===>> OK
change switch state (True, True)
update switch state O True args=() kw={} ncanvase=2
04:41:20 -- OPEN   VALVE-O (Jan Ion Pump)
---------------------------------------- open None (Jan Ion Pump) result=[(True, True)], time=0.13 sec
set states for children of B. state=True
handle state [('B', True)]
update switch state B True args=() kw={'refresh': False} ncanvase=2
refresh_canvas_needed fired
action=open, ok=True, locked=[False]
close () {'description': 'Microbone to Minibone'}
closing name=--- desc=Microbone to Minibone
checking ownership. requestor=129.138.12.150
check software interlocks L
interlocks []
actuate state mode=None-script, software_lock=False
doing actuation None-script close_channel False
Close L ===>> OK
GetIndicatorState L ===>> False
change switch state (True, True)
update switch state L False args=() kw={} ncanvase=2
04:41:21 -- CLOSE  VALVE-L (Microbone to Minibone)
---------------------------------------- close None (Microbone to Minibone) result=[(True, True)]
action=close, ok=True, locked=[False]
open () {'description': 'Microbone to Turbo'}
opening name=--- desc=Microbone to Turbo
checking ownership. requestor=129.138.12.150
check software interlocks U
interlocks []
actuate state mode=None-script, software_lock=False
doing actuation None-script open_channel False
Open U ===>> OK
GetIndicatorState U ===>> OK
change switch state (True, True)
update switch state U True args=() kw={} ncanvase=2
04:41:21 -- OPEN   VALVE-U (Microbone to Turbo)
---------------------------------------- open None (Microbone to Turbo) result=[(True, True)], time=0.16 sec
action=open, ok=True, locked=[False]
open () {'description': 'Microbone to Inlet Pipette'}
opening name=--- desc=Microbone to Inlet Pipette
checking ownership. requestor=129.138.12.150
check software interlocks S
interlocks []
actuate state mode=None-script, software_lock=False
doing actuation None-script open_channel False
Open S ===>> OK
GetIndicatorState S ===>> OK
change switch state (True, True)
update switch state S True args=() kw={} ncanvase=2
04:41:22 -- OPEN   VALVE-S (Microbone to Inlet Pipette)
---------------------------------------- open None (Microbone to Inlet Pipette) result=[(True, True)], time=0.44 sec
action=open, ok=True, locked=[False]
open () {'description': 'Microbone to Getter D-50'}
opening name=--- desc=Microbone to Getter D-50
checking ownership. requestor=129.138.12.150
check software interlocks K
interlocks []
actuate state mode=None-script, software_lock=False
doing actuation None-script open_channel False
Open K ===>> OK
set states for children of D. state=True
handle state [('D', True)]
update switch state D True args=() kw={'refresh': False} ncanvase=2
refresh_canvas_needed fired
GetIndicatorState K ===>> OK
change switch state (True, True)
update switch state K True args=() kw={} ncanvase=2
04:41:23 -- OPEN   VALVE-K (Microbone to Getter D-50)
---------------------------------------- open None (Microbone to Getter D-50) result=[(True, True)], time=0.41 sec
action=open, ok=True, locked=[False]
open () {'description': 'Microbone to Getter NP-10'}
opening name=--- desc=Microbone to Getter NP-10
checking ownership. requestor=129.138.12.150
check software interlocks M
interlocks []
actuate state mode=None-script, software_lock=False
doing actuation None-script open_channel False
Open M ===>> OK
GetIndicatorState M ===>> OK
change switch state (True, True)
update switch state M True args=() kw={} ncanvase=2
04:41:23 -- OPEN   VALVE-M (Microbone to Getter NP-10)
---------------------------------------- open None (Microbone to Getter NP-10) result=[(True, True)], time=0.14 sec
action=open, ok=True, locked=[False]
close () {'description': 'CO2 Laser to Felix'}
closing name=--- desc=CO2 Laser to Felix
checking ownership. requestor=129.138.12.150
check software interlocks F
interlocks []
actuate state mode=None-script, software_lock=True
VALVE-F(CO2 Laser to Felix) software locked
change switch state (True, False)
---------------------------------------- close None (CO2 Laser to Felix) result=[(True, False)]
action=close, ok=True, locked=[True]
open () {'description': 'CO2 Laser to Jan'}
opening name=--- desc=CO2 Laser to Jan
checking ownership. requestor=129.138.12.150
check software interlocks A
interlocks []
actuate state mode=None-script, software_lock=False
doing actuation None-script open_channel False
Open A ===>> OK
GetIndicatorState A ===>> OK
change switch state (True, True)
update switch state A True args=() kw={} ncanvase=2
04:41:23 -- OPEN   VALVE-A (CO2 Laser to Jan)
---------------------------------------- open None (CO2 Laser to Jan) result=[(True, True)], time=0.14 sec
action=open, ok=True, locked=[False]
open () {'description': 'Microbone to CO2 Laser'}
opening name=--- desc=Microbone to CO2 Laser
checking ownership. requestor=129.138.12.150
check software interlocks T
interlocks []
actuate state mode=None-script, software_lock=False
doing actuation None-script open_channel False
Open T ===>> OK
GetIndicatorState T ===>> OK
change switch state (True, True)
update switch state T True args=() kw={} ncanvase=2
04:41:24 -- OPEN   VALVE-T (Microbone to CO2 Laser)
---------------------------------------- open None (Microbone to CO2 Laser) result=[(True, True)], time=0.45 sec
action=open, ok=True, locked=[False]
executed snippet estimated_duration=0, duration=5.16101503372
PrepareForCO2Analysis.py completed successfully
gosub finished
set_motor ('beam', '1.25') {}
setting motor "beam" to 1.25
set motor beam to 1.25
SetMotor beam,1.25 ===>> OK
GetMotorMoving beam ===>> False
GetMotorMoving beam ===>> False
Block completed
move_to_position ('42',) {'autocenter': True}
FusionsCO2 move to position 42
sending GoToHole 42,True
GoToHole 42,True ===>> OK
GetDriveMoving ===>> OK
GetDriveMoving ===>> OK
GetDriveMoving ===>> OK
GetDriveMoving ===>> False
GetDriveMoving ===>> OK
GetDriveMoving ===>> OK
GetDriveMoving ===>> OK
GetDriveMoving ===>> OK
GetDriveMoving ===>> False
Block completed
GetAutoCorrecting ===>> False
GetAutoCorrecting ===>> False
Block completed
update position
GetPosition ===>> -7.97560,7.97560,1.00000
got position (-7.9756, 7.9756, 1.0)
move to position succeeded
sleep (5,) {}
SLEEP 5.0
block started
WaitControl setup for 5.0  
Join finished
block finished. duration 5.03144311905
close () {'description': 'Microbone to Turbo'}
closing name=--- desc=Microbone to Turbo
checking ownership. requestor=129.138.12.150
check software interlocks U
interlocks []
actuate state mode=None-script, software_lock=False
doing actuation None-script close_channel True
Close U ===>> OK
GetIndicatorState U ===>> False
change switch state (True, True)
update switch state U False args=() kw={} ncanvase=2
04:41:35 -- CLOSE  VALVE-U (Microbone to Turbo)
---------------------------------------- close None (Microbone to Turbo) result=[(True, True)]
action=close, ok=True, locked=[False]
enable laser
enable () {}
set extraction state FusionsCO2 Enabled (False, 'red', 1.5)
enabling laser
Enable ===>> OK
begin interval
BEGIN INTERVAL Interval 1 waiting for 30.0
block started
WaitControl setup for 30.0  
set extract to 5.0
extract (5.0,) {}
GetPosition ===>> -7.97560,7.97560,1.00000
set extraction state FusionsCO2 ON! 5.0(watts) (0.75, 'red', 1.5)
extract sample to 5.0 (watts)
set laser output
SetLaserOutput 5.0,watts ===>> OK
executing pattern triangle.lp
execute_pattern ('triangle.lp',) {}
executing pattern triangle.lp
IsPatterning ===>> OK
IsPatterning ===>> OK
IsPatterning ===>> OK
IsPatterning ===>> OK
IsPatterning ===>> OK
IsPatterning ===>> OK
IsPatterning ===>> OK
IsPatterning ===>> OK
IsPatterning ===>> OK
IsPatterning ===>> OK
IsPatterning ===>> OK
IsPatterning ===>> OK
IsPatterning ===>> OK
IsPatterning ===>> OK
IsPatterning ===>> OK
IsPatterning ===>> OK
IsPatterning ===>> OK
IsPatterning ===>> OK
IsPatterning ===>> OK
IsPatterning ===>> OK
IsPatterning ===>> OK
IsPatterning ===>> OK
IsPatterning ===>> OK
IsPatterning ===>> OK
IsPatterning ===>> OK
IsPatterning ===>> OK
IsPatterning ===>> False
IsPatterning ===>> False
Block completed
COMPLETE INTERVAL waiting for Interval 1 to complete
Join finished
block finished. duration 30.1267800331
Interval 1 finished
end_extract () {}
ending extraction. set laser power to 0
set laser power 0
SetLaserPower 0 ===>> OK
disable () {}
%%%%%%%%%%%%%%%%%%%%%%%%%%%%%%%%%%% disable
set extraction state False (0.75, 'red', 1.5)
disabling laser
Disable ===>> OK
sleep (30.0,) {}
SLEEP 30.0
block started
WaitControl setup for 30.0  
Join finished
block finished. duration 30.154913187
executed snippet estimated_duration=166.0, duration=76.4697978497
jan_co2.py completed successfully
GetAchievedOutput ===>> No Response
Requested Output= 0.000
Achieved Output=  0.000
GetResponseBlob ===>> No Response
GetOutputBlob ===>> No Response
persistence save...
persistence save - db
AutomatedRunPersister post_extraction_save deprecated
persistence save - dvc
no extraction position for 42
create new session 4989601072
close session 4989601072
Extraction Finished
04:42:36 -- ******* Extraction Finished *******
no overlap. not waiting for min ms pumptime
04:42:36 -- Sending spectrometer configuration
======== Sending configuration ========
SetDeflection CDD,50.0 ===>> OK
SetDeflection H2,0.0 ===>> OK
SetDeflection H1,0.0 ===>> OK
SetDeflection L2,825.0 ===>> OK
SetDeflection L1,400.0 ===>> OK
SetDeflection AX,190.0 ===>> OK
SetZFocus 74.64 ===>> OK
SetZSymmetry -50.72 ===>> OK
SetExtractionLens 26.13 ===>> OK
SetIonRepeller -3.81 ===>> OK
SetElectronEnergy 75.08 ===>> OK
SetYSymmetry -2.81 ===>> OK
SetIonCounterVoltage 1590.0 ===>> OK
send trap current 200.0
GetParameter Trap Current Readback ===>> 198.370811206739
SetParameter Trap Current Set,200.0 ===>> OK
updating mftable name mftable
Using mftable located at /Users/jan/PychronDev/setupfiles/spectrometer/mftables/mftable.csv
============ MFtable ===========
Isotope  H2     H1     AX     L1     L2     CDD    
Ar40     5.8098 5.8793 5.9927 6.1497 6.2311 6.3779
Ar39     5.7090 5.7716 5.8851 6.0357 6.1162 6.2644
Ar36     5.3865 5.4406 5.5485 5.6946 5.7712 5.9155
================================
get initial guess parabolic
get initial guess parabolic
get initial guess parabolic
get initial guess parabolic
get initial guess parabolic
get initial guess parabolic
======== Configuration Finished ========
GetYSymmetry ===>> -2.81
GetZSymmetry ===>> -50.72
GetParameter Trap Current Readback ===>> 198.035158395898
GetHighVoltage ===>> 4499.94659342336
start measurement
do measurement
L#=25310 analysis type=unknown
Measurement Started jan_unknown120_60.py
04:42:36 -- ******* Measurement Started jan_unknown120_60.py *******
state changed from extraction to measurement
setting spec, defl, and gains
GetExtractionLens ===>> 26.13
GetYSymmetry ===>> -2.81
GetZSymmetry ===>> -50.72
GetZFocus ===>> 74.64
GetDeflection H2 ===>> 0
GetDeflection H1 ===>> 0
GetDeflection AX ===>> 190
GetDeflection L1 ===>> 400
GetDeflection L2 ===>> 825
GetDeflection CDD ===>> 50
GetGain H2 ===>> 0.0113
GetGain H1 ===>> 0.1
GetGain AX ===>> 0.097049
GetGain L1 ===>> 0.010355
GetGain L2 ===>> 0.095649
GetGain CDD ===>> 0
pre measurement save
New frame /Users/jan/PychronDev/data/isotopes/6e/eca8b1-949c-4d63-9865-96f55b6102d5.h5
flush and close file /Users/jan/PychronDev/data/isotopes/6e/eca8b1-949c-4d63-9865-96f55b6102d5.h5
testing...
no interpolation path defined
executed snippet estimated_duration=226.132928, duration=0.000121831893921
unknown measurement script
activate_detectors ('H2', 'H1', 'AX', 'L1', 'L2', 'CDD') {}
activate detectors
*************** Set Analysis View Ar/Ar
create graphs
clearing graphs
clear isotope group
setting isotope det=H2, iso=PM41
setting isotope det=H1, iso=Ar40
setting isotope det=AX, iso=Ar39
setting isotope det=L1, iso=Ar38
setting isotope det=L2, iso=Ar37
setting isotope det=CDD, iso=Ar36
setting previous blanks
 - setting Ar40 blank 0.707+/-0.008
 - setting Ar36 blank 0.00599+/-0.00019
 - setting Ar37 blank 0.052+/-0.005
 - setting Ar38 blank 0.0161+/-0.0021
 - setting PM41 blank 0.05+/-0.07
 - setting Ar39 blank 0.010+/-0.010
load analysis view
position_magnet ('Ar40',) {'detector': 'H1'}
detector Detector(H1)
POSITION Ar40 H1
setting detector H2 to PM41 (40.9624)
setting detector H1 to Ar40 (39.9624)
setting detector AX to Ar39 (38.9624)
setting detector L1 to Ar38 (37.9624)
setting detector L2 to Ar37 (36.9624)
setting detector CDD to Ar36 (35.9624)
Mapping mass to dac mass func: "parabolic"
H1 map mass coeffs = [-0.00063987  0.15840543  0.57095999]
H1 map mass to dac 39.9624 >> 5.87935
GetDeflection H1 ===>> 0
GetHighVoltage ===>> 4499.94659342336
positioning Ar40 (5.87931537706) on H1
setting magnet DAC
current  : 5.879316
requested: 5.879315
Delta Dac: 0.000001
Checking detector protection. dv=0.00000
Checking detector "CDD". Protection Threshold: 0.1 (V)
SetMagnetDAC 5.87931537706 ===>> OK
Magnet settling time: 0.500
equilibrate () {'delay': 3, 'inlet': 'R', 'outlet': 'O', 'eqtime': 12.0}
Equilibration Started
04:42:38 -- ******* Equilibration Started *******
checking ownership. requestor=129.138.12.150
check software interlocks O
interlocks []
actuate state mode=None-script, software_lock=False
doing actuation None-script close_channel True
Close O ===>> OK
GetIndicatorState O ===>> False
change switch state (True, True)
update switch state O False args=() kw={} ncanvase=2
04:42:38 -- CLOSE  VALVE-O (Jan Ion Pump)
waiting 3s before opening inlet value ('R',)
update labels <pychron.experiment.plot_panel.PlotPanel object at 0x1a3663e30>
update labels "<pychron.graph.stacked_regression_graph.StackedRegressionGraph object at 0x19be50770>"
setting label 0 H2 PM41
setting label 1 H1 Ar40
setting label 2 AX Ar39
setting label 3 L1 Ar38
setting label 4 L2 Ar37
setting label 5 CDD Ar36
update labels "<pychron.graph.stacked_graph.StackedGraph object at 0x165ae5bf0>"
setting label 0 H2 PM41
setting label 1 H1 Ar40
setting label 2 AX Ar39
setting label 3 L1 Ar38
setting label 4 L2 Ar37
setting label 5 CDD Ar36
checking ownership. requestor=129.138.12.150
check software interlocks R
interlocks []
actuate state mode=None-script, software_lock=False
doing actuation None-script open_channel True
Open R ===>> OK
GetIndicatorState R ===>> OK
change switch state (True, True)
update switch state R True args=() kw={} ncanvase=2
04:42:42 -- OPEN   VALVE-R (Jan Inlet)
equilibrating for 12.0sec
set_time_zero () {}
sniff (12.0,) {}
py_sniff
build tables- sniff [Detector(H2), Detector(H1), Detector(AX), Detector(L1), Detector(L2), Detector(CDD)]
add group /sniff/PM41 (Group) '' table H2
add group /sniff/Ar40 (Group) '' table H1
add group /sniff/Ar39 (Group) '' table AX
add group /sniff/Ar38 (Group) '' table L1
add group /sniff/Ar37 (Group) '' table L2
add group /sniff/Ar36 (Group) '' table CDD
flush and close file /Users/jan/PychronDev/data/isotopes/6e/eca8b1-949c-4d63-9865-96f55b6102d5.h5
measuring sniff. ncounts=12.0
"sniff" increment series count="1" fit count="0" regressing="False"
starting measurement
GetData ===>> H2,0.123579742793365,H1,37.9587128084078,AX,5.35895019903781,L1,0.00502752802849168,L2,0.14187061...
GetData ===>> H2,0.92191511630741,H1,330.401334072796,AX,43.2288705974457,L1,0.335013279638114,L2,0.33858912342...
GetData ===>> H2,0.480585893783533,H1,488.106325876523,AX,61.1286528090331,L1,0.594604572435234,L2,0.0918671362...
GetData ===>> H2,0.0526531628990669,H1,538.863234965606,AX,66.1512168061427,L1,0.699483653144531,L2,0.201758674...
GetData ===>> H2,0.0777384772471857,H1,556.944117233373,AX,67.8092817090576,L1,0.789377302320938,L2,0.188659952...
GetData ===>> H2,0.0479448356878162,H1,564.493154059509,AX,68.6732750769999,L1,0.876777747337833,L2,0.160985096...
GetData ===>> H2,-0.0218786191293374,H1,567.712571999997,AX,68.8713801289392,L1,0.901161472496484,L2,0.19316671...
GetData ===>> H2,-0.0399371517373784,H1,569.1442813275,AX,68.7945190373515,L1,0.925258507756452,L2,0.1861499486...
GetData ===>> H2,-0.0496896481961683,H1,569.777688742551,AX,68.9175883939915,L1,0.938660280831096,L2,0.15027550...
GetData ===>> H2,-0.0449993461531815,H1,570.209872592752,AX,69.1253223610546,L1,0.917838284241903,L2,0.20393816...
GetData ===>> H2,-0.0274921748659015,H1,570.197339221121,AX,69.0097856301623,L1,0.92197183545126,L2,0.123979914...
Equilibration Finished
04:42:54 -- ******* Equilibration Finished *******
checking ownership. requestor=129.138.12.150
check software interlocks R
interlocks []
actuate state mode=None-script, software_lock=False
doing actuation None-script close_channel True
GetData ===>> H2,0.0162123005851986,H1,570.082936303201,AX,69.0059833791954,L1,0.913922002991469,L2,0.148678858...
Close R ===>> OK
set states for children of R. state=False
handle state [('R', False)]
update switch state R False args=() kw={'refresh': False} ncanvase=2
refresh_canvas_needed fired
GetIndicatorState R ===>> False
change switch state (True, True)
update switch state R False args=() kw={} ncanvase=2
04:42:55 -- CLOSE  VALVE-R (Jan Inlet)
Post Equilibration Started jan_pump_extraction_line.py
04:42:55 -- ******* Post Equilibration Started jan_pump_extraction_line.py *******
testing...
no interpolation path defined
calculate duration
testing...
no interpolation path defined
executed snippet estimated_duration=4.0, duration=0.000149011611938
executed snippet estimated_duration=4.0, duration=0.001620054245
Pump after analysis
doing GOSUB
testing...
no interpolation path defined
executed snippet estimated_duration=4.0, duration=0.000138998031616
Pump Microbone
close () {'description': 'Jan Inlet'}
closing name=--- desc=Jan Inlet
checking ownership. requestor=129.138.12.150
check software interlocks R
interlocks []
actuate state mode=None-script, software_lock=False
doing actuation None-script close_channel False
Close R ===>> OK
measurement finished
estimated time: 12.583 actual time: :12.697
flush and close file /Users/jan/PychronDev/data/isotopes/6e/eca8b1-949c-4d63-9865-96f55b6102d5.h5
set_fits () {}
GetIndicatorState R ===>> False
change switch state (True, True)
using default fits file=/Users/jan/PychronDev/scripts/measurement/fits/nominal_linear.yaml
update switch state R False args=() kw={} ncanvase=2
set "Ar40" to "('Linear', 'SEM')"
No fit for "PM41". defaulting to linear. check the measurement script "jan_unknown120_60.py"
set "PM41" to "linear"
set "Ar36" to "('Linear', 'SEM')"
04:42:55 -- CLOSE  VALVE-R (Jan Inlet)
set "Ar37" to "('linear', 'SEM')"
---------------------------------------- close None (Jan Inlet) result=[(True, True)]
set "Ar38" to "('linear', 'SEM')"
set "Ar39" to "('Linear', 'SEM')"
set_baseline_fits () {}
using default fits file=/Users/jan/PychronDev/scripts/measurement/fits/nominal_linear.yaml
set "H1" to "('average', 'SEM')"
set "H2" to "('average', 'SEM')"
set "CDD" to "('average', 'SEM')"
set "L2" to "('average', 'SEM')"
set "L1" to "('average', 'SEM')"
set "AX" to "('average', 'SEM')"
multicollect () {'integration_time': 1, 'ncounts': 120}
build tables- signal [Detector(H2), Detector(H1), Detector(AX), Detector(L1), Detector(L2), Detector(CDD)]
add group /signal/PM41 (Group) '' table H2
add group /signal/Ar40 (Group) '' table H1
add group /signal/Ar39 (Group) '' table AX
add group /signal/Ar38 (Group) '' table L1
add group /signal/Ar37 (Group) '' table L2
add group /signal/Ar36 (Group) '' table CDD
flush and close file /Users/jan/PychronDev/data/isotopes/6e/eca8b1-949c-4d63-9865-96f55b6102d5.h5
measuring signal. ncounts=120
"signal" increment series count="2" fit count="1" regressing="True"
action=close, ok=True, locked=[False]
is_closed ('F',) {}
is F () closed?
is closed True
open () {'description': 'CO2 Laser to Jan'}
opening name=--- desc=CO2 Laser to Jan
checking ownership. requestor=129.138.12.150
check software interlocks A
interlocks []
actuate state mode=None-script, software_lock=False
doing actuation None-script open_channel False
Open A ===>> OK
GetIndicatorState A ===>> OK
change switch state (True, True)
update switch state A True args=() kw={} ncanvase=2
04:42:55 -- OPEN   VALVE-A (CO2 Laser to Jan)
---------------------------------------- open None (CO2 Laser to Jan) result=[(True, True)], time=0.12 sec
starting measurement
GetData ===>> H2,0.0124245338600886,H1,569.818111062432,AX,68.9593754372426,L1,0.933198941062564,L2,0.240517652...
action=open, ok=True, locked=[False]
sleep (1,) {}
SLEEP 1.0
close () {'description': 'CO2 Laser to Roughing'}
closing name=--- desc=CO2 Laser to Roughing
checking ownership. requestor=129.138.12.150
check software interlocks G
interlocks []
actuate state mode=None-script, software_lock=True
VALVE-G(CO2 Laser to Roughing) software locked
change switch state (True, False)
---------------------------------------- close None (CO2 Laser to Roughing) result=[(True, False)]
action=close, ok=True, locked=[True]
open () {'description': 'Microbone to Turbo'}
opening name=--- desc=Microbone to Turbo
checking ownership. requestor=129.138.12.150
check software interlocks U
interlocks []
actuate state mode=None-script, software_lock=False
doing actuation None-script open_channel True
GetData ===>> H2,0.101838187228224,H1,570.155934982503,AX,68.9098667714857,L1,0.941596167173897,L2,0.1221100785...
Open U ===>> OK
GetIndicatorState U ===>> OK
change switch state (True, True)
update switch state U True args=() kw={} ncanvase=2
04:42:57 -- OPEN   VALVE-U (Microbone to Turbo)
---------------------------------------- open None (Microbone to Turbo) result=[(True, True)], time=0.20 sec
action=open, ok=True, locked=[False]
open () {'description': 'Microbone to Getter NP-10'}
opening name=--- desc=Microbone to Getter NP-10
checking ownership. requestor=129.138.12.150
check software interlocks M
interlocks []
actuate state mode=None-script, software_lock=False
doing actuation None-script open_channel False
Open M ===>> OK
GetIndicatorState M ===>> OK
change switch state (True, True)
update switch state M True args=() kw={} ncanvase=2
04:42:57 -- OPEN   VALVE-M (Microbone to Getter NP-10)
---------------------------------------- open None (Microbone to Getter NP-10) result=[(True, True)], time=0.16 sec
action=open, ok=True, locked=[False]
open () {'description': 'Microbone to Getter D-50'}
opening name=--- desc=Microbone to Getter D-50
checking ownership. requestor=129.138.12.150
check software interlocks K
interlocks []
actuate state mode=None-script, software_lock=False
doing actuation None-script open_channel False
GetData ===>> H2,-0.117168896478495,H1,569.931375773046,AX,68.9473765989105,L1,0.904682960035682,L2,0.101681080...
Open K ===>> OK
GetIndicatorState K ===>> OK
change switch state (True, True)
update switch state K True args=() kw={} ncanvase=2
04:42:58 -- OPEN   VALVE-K (Microbone to Getter D-50)
---------------------------------------- open None (Microbone to Getter D-50) result=[(True, True)], time=0.42 sec
action=open, ok=True, locked=[False]
open () {'description': 'Microbone to CO2 Laser'}
opening name=--- desc=Microbone to CO2 Laser
checking ownership. requestor=129.138.12.150
check software interlocks T
interlocks []
actuate state mode=None-script, software_lock=False
doing actuation None-script open_channel False
Open T ===>> OK
GetIndicatorState T ===>> OK
change switch state (True, True)
update switch state T True args=() kw={} ncanvase=2
04:42:59 -- OPEN   VALVE-T (Microbone to CO2 Laser)
---------------------------------------- open None (Microbone to CO2 Laser) result=[(True, True)], time=0.46 sec
GetData ===>> H2,-0.140172761514222,H1,569.692612305159,AX,69.0579988826317,L1,0.931979361586702,L2,0.097668754...
action=open, ok=True, locked=[False]
open () {'description': 'Microbone to Inlet Pipette'}
opening name=--- desc=Microbone to Inlet Pipette
checking ownership. requestor=129.138.12.150
check software interlocks S
interlocks []
actuate state mode=None-script, software_lock=False
doing actuation None-script open_channel False
Open S ===>> OK
GetIndicatorState S ===>> OK
change switch state (True, True)
update switch state S True args=() kw={} ncanvase=2
04:42:59 -- OPEN   VALVE-S (Microbone to Inlet Pipette)
---------------------------------------- open None (Microbone to Inlet Pipette) result=[(True, True)], time=0.46 sec
action=open, ok=True, locked=[False]
sleep (1,) {}
SLEEP 1.0
testing H1>-5.0
evaluate ot="H1.bs>-5.0" t="H1>-5.0", ctx="{'H1': None}"
GetData ===>> H2,-0.105568251762927,H1,569.469473349229,AX,68.9116692415543,L1,0.893098884443681,L2,0.190599545...
set_resource () {'name': 'CO2PumpTimeFlag', 'value': 30}
Set CO2PumpTimeFlag 30 ===>> OK
release ('JanCO2Flag',) {}
release JanCO2Flag
Set JanCO2Flag 0 ===>> OK
executed snippet estimated_duration=6.0, duration=6.12165093422
PumpMicrobone.py completed successfully
gosub finished
get_resource_value () {'name': 'JanMiniboneFlag'}
Read JanMiniboneFlag ===>> 0
Get Resource Value JanMiniboneFlag=0.0
get resource value 0.0
get_resource_value () {'name': 'JanMiniboneFlag'}
Read JanMiniboneFlag ===>> 0
Get Resource Value JanMiniboneFlag=0.0
executed snippet estimated_duration=4.0, duration=6.13577985764
jan_pump_extraction_line.py completed successfully
Post Equilibration Finished
04:43:01 -- ******* Post Equilibration Finished *******
GetData ===>> H2,-0.184575996021266,H1,569.117596554758,AX,68.9108879987404,L1,0.922269212618903,L2,0.173486843...
GetData ===>> H2,-0.223900579540244,H1,568.901266052864,AX,68.8286024582974,L1,0.972526073698491,L2,0.168935379...
GetData ===>> H2,-0.183465805621653,H1,568.784529061642,AX,68.9173685798645,L1,0.934736160058704,L2,0.160517453...
GetData ===>> H2,-0.17060114296836,H1,568.51143280071,AX,68.8677990864652,L1,0.896083780406421,L2,0.16273022421...
testing H1>-5.0
evaluate ot="H1.bs>-5.0" t="H1>-5.0", ctx="{'H1': None}"
GetData ===>> H2,-0.303261613808514,H1,568.306306447611,AX,68.861344032035,L1,0.906629121953284,L2,0.2205655479...
GetData ===>> H2,-0.170247628387322,H1,567.913973773546,AX,68.7685424344453,L1,0.884611336402316,L2,0.205695487...
GetData ===>> H2,-0.134884017714291,H1,567.713761778091,AX,68.7372831280482,L1,0.926735899238026,L2,0.174844339...
GetData ===>> H2,-0.079109152069364,H1,567.487142217858,AX,68.7950213544761,L1,0.897292830745766,L2,0.060426576...
GetData ===>> H2,-0.0995030794925191,H1,567.651464798613,AX,68.7464153510898,L1,0.879509323988221,L2,0.07054320...
testing H1>-5.0
evaluate ot="H1.bs>-5.0" t="H1>-5.0", ctx="{'H1': None}"
GetData ===>> H2,-0.0836164730191999,H1,567.170222462158,AX,68.7443126869254,L1,0.895369691603399,L2,0.16736123...
GetData ===>> H2,-0.178261433084985,H1,567.40927257698,AX,68.6180596194098,L1,0.917853335202543,L2,0.2079891832...
GetData ===>> H2,-0.239017688278892,H1,566.932327942395,AX,68.7067231481973,L1,0.926026675257054,L2,0.323532263...
GetData ===>> H2,-0.107776410155265,H1,566.837324294613,AX,68.5499940019156,L1,0.912025584378193,L2,0.127639882...
GetData ===>> H2,-0.169952124909772,H1,566.534407588,AX,68.4877510043502,L1,0.862279262971804,L2,0.083387604599...
testing H1>-5.0
evaluate ot="H1.bs>-5.0" t="H1>-5.0", ctx="{'H1': None}"
GetData ===>> H2,-0.134398551894077,H1,566.165920176734,AX,68.4546956572115,L1,0.866630426917874,L2,0.092915732...
GetData ===>> H2,-0.113081887181049,H1,566.176311935563,AX,68.5786901897704,L1,0.911079560889174,L2,0.160734165...
GetData ===>> H2,-0.130638840345588,H1,565.840355495072,AX,68.5715861245221,L1,0.852239144372214,L2,0.134492720...
GetData ===>> H2,-0.179478744633359,H1,565.637105150998,AX,68.4989176848456,L1,0.854396198775109,L2,0.151974813...
GetData ===>> H2,-0.134462109882367,H1,565.320902323912,AX,68.5939503281982,L1,0.86048526128924,L2,0.0623540143...
testing H1>-5.0
evaluate ot="H1.bs>-5.0" t="H1>-5.0", ctx="{'H1': None}"
04:43:21 -- collecting point 25
GetData ===>> H2,-0.121584460889988,H1,565.271951645972,AX,68.5057561761321,L1,0.880862856664445,L2,0.113251657...
GetData ===>> H2,-0.107687117960052,H1,565.501712458982,AX,68.4378889123118,L1,0.915904414792213,L2,0.140707449...
GetData ===>> H2,-0.14004841241153,H1,564.802927945714,AX,68.3718899093195,L1,0.888604254662651,L2,0.1588293947...
GetData ===>> H2,-0.1800360730977,H1,564.505822759283,AX,68.4259593077312,L1,0.889710813171366,L2,0.23726430866...
GetData ===>> H2,-0.219844725357177,H1,564.732945002566,AX,68.2709974013078,L1,0.894854826072969,L2,0.169152111...
testing H1>-5.0
evaluate ot="H1.bs>-5.0" t="H1>-5.0", ctx="{'H1': None}"
GetData ===>> H2,-0.179806667608563,H1,564.483675594631,AX,68.3025096654923,L1,0.887287313586317,L2,0.100586793...
GetData ===>> H2,-0.19841994304605,H1,564.482581940727,AX,68.2989992234897,L1,0.907381600616607,L2,0.2001269413...
GetData ===>> H2,-0.162919836879621,H1,564.261413402465,AX,68.2578368814594,L1,0.886862569486164,L2,0.208308707...
GetData ===>> H2,0.00138960388259608,H1,563.455008979777,AX,68.2106735069921,L1,0.866974642503319,L2,0.12933879...
GetData ===>> H2,-0.141449964146993,H1,563.29691313506,AX,68.1627866672374,L1,0.852360505075077,L2,0.1197272308...
testing H1>-5.0
evaluate ot="H1.bs>-5.0" t="H1>-5.0", ctx="{'H1': None}"
GetData ===>> H2,-0.0894107482426704,H1,563.271156994717,AX,68.1191008930619,L1,0.862978681387023,L2,0.12870027...
GetData ===>> H2,-0.09974406976483,H1,562.718035126058,AX,68.0717818896506,L1,0.886139666919698,L2,0.1743424060...
GetData ===>> H2,-0.0971809169624266,H1,562.424259875802,AX,68.1516641348096,L1,0.927731403889751,L2,0.17074909...
GetData ===>> H2,-0.160174575557091,H1,562.425941475158,AX,68.1514918212895,L1,0.902806107460094,L2,0.217084628...
GetData ===>> H2,-0.137530049747636,H1,562.28522169352,AX,68.1548128125502,L1,0.883922407594857,L2,0.1444022691...
testing H1>-5.0
evaluate ot="H1.bs>-5.0" t="H1>-5.0", ctx="{'H1': None}"
GetData ===>> H2,-0.163270879889141,H1,562.301172634018,AX,68.1121945760314,L1,0.906621597438357,L2,0.149397343...
GetData ===>> H2,-0.188774310061615,H1,562.151480962998,AX,68.0700911221741,L1,0.895359669649389,L2,0.151301927...
GetData ===>> H2,-0.152269965559349,H1,562.194663904782,AX,67.9810987773975,L1,0.927359804768004,L2,0.172574252...
GetData ===>> H2,-0.123373736483233,H1,562.113814100898,AX,68.0105524120108,L1,0.922833875920131,L2,0.113673468...
GetData ===>> H2,-0.233606626248511,H1,561.694454375044,AX,67.9923393334584,L1,0.8700668300534,L2,0.14190482945...
testing H1>-5.0
evaluate ot="H1.bs>-5.0" t="H1>-5.0", ctx="{'H1': None}"
GetData ===>> H2,-0.283818217924075,H1,561.399678804443,AX,68.0139480848429,L1,0.847614720774662,L2,0.176452826...
GetData ===>> H2,-0.208090115762499,H1,561.228171233382,AX,68.0582250515976,L1,0.881788267482141,L2,0.156251740...
GetData ===>> H2,-0.142777021295961,H1,560.741302508853,AX,67.8815670452972,L1,0.865189850632844,L2,0.190553907...
GetData ===>> H2,-0.0677292656351003,H1,560.581784816667,AX,67.8995898399481,L1,0.894679451841593,L2,0.14903239...
GetData ===>> H2,-0.0983007595341508,H1,560.26221009449,AX,67.696487123247,L1,0.895547582876112,L2,0.1410609604...
testing H1>-5.0
evaluate ot="H1.bs>-5.0" t="H1>-5.0", ctx="{'H1': None}"
04:43:47 -- collecting point 50
GetData ===>> H2,-0.210063842128758,H1,559.93387681507,AX,67.7958704549554,L1,0.871540634019668,L2,0.1806053559...
GetData ===>> H2,-0.160327182550678,H1,559.755675609058,AX,67.8686146897425,L1,0.858410156331248,L2,0.134481318...
GetData ===>> H2,-0.149257369744228,H1,559.715415312069,AX,67.8253086658002,L1,0.869090251435486,L2,0.115406332...
GetData ===>> H2,-0.157262494442357,H1,559.638736911142,AX,67.8196481902205,L1,0.835482330101387,L2,0.205535729...
GetData ===>> H2,-0.173989010685751,H1,559.399300879717,AX,67.7745486952973,L1,0.843844890649529,L2,0.141790792...
testing H1>-5.0
evaluate ot="H1.bs>-5.0" t="H1>-5.0", ctx="{'H1': None}"
GetData ===>> H2,-0.155845353181826,H1,559.348828377339,AX,67.5475295052396,L1,0.867276309800227,L2,0.138289929...
GetData ===>> H2,0.006313403905161,H1,559.560353200841,AX,67.7507906686024,L1,0.8797509687515,L2,0.113719069525...
GetData ===>> H2,-0.0635063209926143,H1,559.407177911174,AX,67.8121742345646,L1,0.893238040561874,L2,0.19131834...
GetData ===>> H2,-0.170058722943456,H1,559.019237606621,AX,67.7309773555367,L1,0.868248964191256,L2,0.174433666...
GetData ===>> H2,-0.140124103332039,H1,558.358859730432,AX,67.6983317928283,L1,0.865675444194112,L2,0.086681311...
testing H1>-5.0
evaluate ot="H1.bs>-5.0" t="H1>-5.0", ctx="{'H1': None}"
GetData ===>> H2,-0.112670398124987,H1,558.299745863487,AX,67.6017940577516,L1,0.868257727252794,L2,0.151256308...
GetData ===>> H2,-0.0402642176631987,H1,558.125792213893,AX,67.7657894751886,L1,0.87986991510548,L2,0.175369091...
GetData ===>> H2,-0.0107225610014047,H1,558.031928434234,AX,67.4795117322614,L1,0.831054486895728,L2,0.10451944...
GetData ===>> H2,-0.0461683691340276,H1,557.84551789199,AX,67.5393573839915,L1,0.890204603920604,L2,0.220485656...
GetData ===>> H2,-0.125795503848281,H1,557.303970066006,AX,67.5384355131835,L1,0.871826152661667,L2,0.122258295...
testing H1>-5.0
evaluate ot="H1.bs>-5.0" t="H1>-5.0", ctx="{'H1': None}"
GetData ===>> H2,-0.123135723642538,H1,557.257338049723,AX,67.6311900274079,L1,0.876822808837014,L2,0.188580087...
GetData ===>> H2,-0.123135723642538,H1,557.257338049723,AX,67.6311900274079,L1,0.876822808837014,L2,0.188580087...
GetData ===>> H2,-0.18200067328732,H1,556.865201942554,AX,67.5165781365162,L1,0.83800589135576,L2,0.17354388087...
GetData ===>> H2,-0.0580323884208644,H1,556.734498716541,AX,67.4771378401616,L1,0.867633064465291,L2,0.12805035...
GetData ===>> H2,-0.130921252180831,H1,556.555062232817,AX,67.4189311907967,L1,0.890608176016663,L2,0.110276232...
testing H1>-5.0
evaluate ot="H1.bs>-5.0" t="H1>-5.0", ctx="{'H1': None}"
GetData ===>> H2,-0.161277891345377,H1,556.226423952836,AX,67.3446400183406,L1,0.876373454197537,L2,0.213603835...
GetData ===>> H2,-0.125224927357783,H1,556.040654276908,AX,67.507033277459,L1,0.914866141182059,L2,0.1003474192...
GetData ===>> H2,-0.168209981982917,H1,555.877070759112,AX,67.1900523768169,L1,0.880880387370715,L2,0.151096641...
GetData ===>> H2,-0.110878081109833,H1,555.566762138717,AX,67.3947667110445,L1,0.88716577738629,L2,0.2047711774...
GetData ===>> H2,-0.169429914985568,H1,555.407713106031,AX,67.2531341082049,L1,0.879889948308071,L2,0.136043514...
testing H1>-5.0
evaluate ot="H1.bs>-5.0" t="H1>-5.0", ctx="{'H1': None}"
04:44:14 -- collecting point 75
GetData ===>> H2,-0.174684317182882,H1,554.822477604639,AX,67.2577055453968,L1,0.841061212297822,L2,0.177981483...
GetData ===>> H2,-0.124328442378291,H1,554.967012169083,AX,67.2541950418668,L1,0.865191102133782,L2,0.223338961...
GetData ===>> H2,-0.0933371354585159,H1,555.192193438377,AX,67.2490308721471,L1,0.894707010455727,L2,0.12146020...
GetData ===>> H2,-0.0356206305603888,H1,554.794040524434,AX,67.2097478844922,L1,0.880567343445246,L2,0.07498026...
GetData ===>> H2,-0.187557997658365,H1,554.521074643085,AX,67.2716080635331,L1,0.895788116705275,L2,0.167794696...
testing H1>-5.0
evaluate ot="H1.bs>-5.0" t="H1>-5.0", ctx="{'H1': None}"
GetData ===>> H2,-0.162687602450234,H1,554.322518884073,AX,67.2048471405885,L1,0.870177013853071,L2,0.121483007...
GetData ===>> H2,-0.11649640036697,H1,553.941421185373,AX,67.1324342806958,L1,0.841367418259668,L2,0.1821454883...
GetData ===>> H2,-0.124544795159915,H1,553.63899432672,AX,67.0593599104102,L1,0.84756094584873,L2,0.17441085138...
GetData ===>> H2,-0.23608093980939,H1,553.351673706976,AX,67.0459734457928,L1,0.87697927387612,L2,0.18571640923...
GetData ===>> H2,-0.14876171404313,H1,553.49648840753,AX,67.0412625521799,L1,0.854835033427112,L2,0.17387469764...
testing H1>-5.0
evaluate ot="H1.bs>-5.0" t="H1>-5.0", ctx="{'H1': None}"
GetData ===>> H2,-0.175417380523955,H1,553.196647659097,AX,67.0628832609216,L1,0.871444210616983,L2,0.088151550...
GetData ===>> H2,-0.144917283236543,H1,553.213008840709,AX,67.1837479432618,L1,0.849500769223756,L2,0.208536939...
GetData ===>> H2,-0.148513202757376,H1,552.717124764356,AX,67.0514957025586,L1,0.853276385733328,L2,0.223898219...
GetData ===>> H2,-0.223674319801616,H1,552.363290571545,AX,66.938710071077,L1,0.883129569047517,L2,0.0407552460...
GetData ===>> H2,-0.0958781317313648,H1,552.235042874016,AX,66.8886091253365,L1,0.90396577978455,L2,0.108737255...
testing H1>-5.0
evaluate ot="H1.bs>-5.0" t="H1>-5.0", ctx="{'H1': None}"
GetData ===>> H2,-0.137911287092463,H1,552.129485988042,AX,66.8803517138113,L1,0.899951977463743,L2,-0.01935123...
GetData ===>> H2,-0.187966596115215,H1,552.445497916138,AX,67.0954865476254,L1,0.880121584986378,L2,0.099389930...
GetData ===>> H2,-0.240032717506501,H1,552.378675022401,AX,66.7911850676479,L1,0.858455181380776,L2,0.129601043...
GetData ===>> H2,-0.192682615453316,H1,551.571843348207,AX,66.8093057794704,L1,0.825730501205021,L2,0.272523195...
GetData ===>> H2,-0.093186770862301,H1,551.337152467254,AX,66.6981904045858,L1,0.839795239249137,L2,0.158395979...
testing H1>-5.0
evaluate ot="H1.bs>-5.0" t="H1>-5.0", ctx="{'H1': None}"
GetData ===>> H2,-0.0920501669135592,H1,551.158231371375,AX,66.6627588131975,L1,0.84603410306359,L2,0.118883557...
GetData ===>> H2,-0.214500437365288,H1,550.751322603006,AX,66.7362617813507,L1,0.890759832888833,L2,0.075710285...
GetData ===>> H2,-0.130716990241436,H1,550.896252684381,AX,66.9632610851442,L1,0.881165891559891,L2,0.093497024...
GetData ===>> H2,-0.176416322316448,H1,550.819931385757,AX,66.8381669904508,L1,0.847508421768489,L2,0.117914482...
GetData ===>> H2,0.00178658387512252,H1,550.71362329711,AX,66.7567423847713,L1,0.826882282063265,L2,0.160038406...
testing H1>-5.0
evaluate ot="H1.bs>-5.0" t="H1>-5.0", ctx="{'H1': None}"
04:44:40 -- collecting point 100
GetData ===>> H2,-0.0381537308548516,H1,550.415650007336,AX,66.6570893995836,L1,0.844488729240126,L2,0.20095992...
GetData ===>> H2,-0.0657211798673288,H1,550.008889624933,AX,66.8014214809796,L1,0.839650280711791,L2,0.23064380...
GetData ===>> H2,-0.227606284777301,H1,549.923330846551,AX,66.6746747287391,L1,0.817476860908085,L2,0.065764191...
GetData ===>> H2,-0.247346576379095,H1,549.475214441308,AX,66.6428390752399,L1,0.862894848815813,L2,0.021008158...
GetData ===>> H2,-0.14636146156384,H1,549.386627651128,AX,66.6020745993204,L1,0.838913022602317,L2,0.1534460548...
testing H1>-5.0
evaluate ot="H1.bs>-5.0" t="H1>-5.0", ctx="{'H1': None}"
GetData ===>> H2,-0.149227658023862,H1,548.984706728363,AX,66.5894647897561,L1,0.808332271106101,L2,0.096050192...
GetData ===>> H2,-0.113632771884285,H1,549.115500457207,AX,66.6283567314543,L1,0.85449746668196,L2,0.2038354655...
GetData ===>> H2,-0.156152032709618,H1,549.152121651471,AX,66.4758506175762,L1,0.885994340688799,L2,0.152305555...
GetData ===>> H2,-0.130795448904725,H1,548.947422838936,AX,66.5548018698392,L1,0.889712066418031,L2,0.223030800...
GetData ===>> H2,-0.144007991494897,H1,548.64008268085,AX,66.5707858274897,L1,0.845740264465366,L2,0.1295212282...
testing H1>-5.0
evaluate ot="H1.bs>-5.0" t="H1>-5.0", ctx="{'H1': None}"
GetData ===>> H2,-0.184232024001934,H1,548.294251254264,AX,66.369309074959,L1,0.867291330804937,L2,0.0616240924...
GetData ===>> H2,-0.24003810203367,H1,548.110598003671,AX,66.2372254890395,L1,0.841683632163789,L2,0.1886827706...
GetData ===>> H2,-0.164840989164378,H1,547.566346616806,AX,66.4115854553863,L1,0.835517306008852,L2,0.144527713...
GetData ===>> H2,-0.147847327735971,H1,547.240611317353,AX,66.4828236558691,L1,0.864579135966646,L2,0.174570557...
GetData ===>> H2,-0.0666915761503611,H1,547.029491820651,AX,66.490139520408,L1,0.857470927795451,L2,0.138415365...
testing H1>-5.0
evaluate ot="H1.bs>-5.0" t="H1>-5.0", ctx="{'H1': None}"
GetData ===>> H2,-0.119114445619195,H1,547.201812029827,AX,66.4107609506204,L1,0.841998605685496,L2,0.069391202...
GetData ===>> H2,-0.176495963883,H1,547.119326816696,AX,66.310876819204,L1,0.836785261409028,L2,0.2217296870484...
GetData ===>> H2,-0.221186510759615,H1,547.018581102383,AX,66.3215585240298,L1,0.833864381982792,L2,0.093941544...
GetData ===>> H2,-0.188856561503626,H1,546.794076503364,AX,66.2128189975548,L1,0.846460496258275,L2,0.120958551...
GetData ===>> H2,-0.244951758820262,H1,546.762381388346,AX,66.2562097453321,L1,0.817986125867089,L2,0.081826267...
testing H1>-5.0
evaluate ot="H1.bs>-5.0" t="H1>-5.0", ctx="{'H1': None}"
GetData ===>> H2,-0.165177123579439,H1,546.667242607289,AX,66.3057746268328,L1,0.868811066800041,L2,0.110766430...
measurement finished
estimated time: 125.829 actual time: :127.135
flush and close file /Users/jan/PychronDev/data/isotopes/6e/eca8b1-949c-4d63-9865-96f55b6102d5.h5
baselines () {'settling_time': 15.0, 'detector': 'H1', 'mass': 34.2, 'ncounts': 60}
%%%%%%%%%%%%%%%%%%%%%%%%%%%%%%%% Baseline
build tables- baseline [Detector(H2), Detector(H1), Detector(AX), Detector(L1), Detector(L2), Detector(CDD)]
add group baseline table H2
add group baseline table H1
add group baseline table AX
add group baseline table L1
add group baseline table L2
add group baseline table CDD
flush and close file /Users/jan/PychronDev/data/isotopes/6e/eca8b1-949c-4d63-9865-96f55b6102d5.h5
detector Detector(H1)
POSITION 34.2 H1
Mapping mass to dac mass func: "parabolic"
H1 map mass coeffs = [-0.00063987  0.15840543  0.57095999]
H1 map mass to dac 34.2 >> 5.24000599104
GetDeflection H1 ===>> 0
GetHighVoltage ===>> 4499.94659342336
positioning 34.2 (5.23997513314) on H1
setting magnet DAC
current  : 5.879315
requested: 5.239975
Delta Dac: 0.639340
Checking detector protection. dv=0.63934
Checking detector "CDD". Protection Threshold: 0.1 (V)
ProtectDetector CDD,On ===>> OK
GetDeflection CDD ===>> 2000
Protected = 2000
SetMagnetDAC 5.23997513314 ===>> OK
Magnet settling time: 0.500
GetMagnetMoving ===>> True
GetMagnetMoving ===>> True
GetMagnetMoving ===>> True
GetMagnetMoving ===>> True
GetMagnetMoving ===>> True
GetMagnetMoving ===>> True
GetMagnetMoving ===>> True
GetMagnetMoving ===>> True
GetMagnetMoving ===>> False
ProtectDetector CDD,Off ===>> OK
GetDeflection CDD ===>> 50
Delaying 15.0s for detectors to settle
Join finished
measuring baseline. ncounts=60
"baseline" increment series count="2" fit count="1" regressing="True"
starting measurement
GetData ===>> H2,-0.165695479998275,H1,0.0176890659808972,AX,-0.14220015091536,L1,-0.0522324983764686,L2,-0.035...
GetData ===>> H2,-0.131876229420897,H1,-0.00937801309970328,AX,-0.0406866277033927,L1,-0.0492604774348796,L2,0....
GetData ===>> H2,-0.188528900567751,H1,-0.0185617404536263,AX,-0.135880746299927,L1,-0.043335348837907,L2,0.023...
GetData ===>> H2,-0.15263890693385,H1,-0.012431397775736,AX,0.00672908999871428,L1,0.0112340874695261,L2,0.0084...
testing H1>-5.0
evaluate ot="H1.bs>-5.0" t="H1>-5.0", ctx="{'H1': None}"
GetData ===>> H2,-0.259158506721814,H1,-0.0261108489124194,AX,-0.0432261036601627,L1,-0.0501746709134341,L2,-0....
GetData ===>> H2,-0.20736924926615,H1,-0.0127057207451429,AX,-0.0302845208842668,L1,-0.0420960165288091,L2,0.01...
GetData ===>> H2,-0.151057484625708,H1,-0.038202547058863,AX,0.0612500531042817,L1,-0.0107105271637034,L2,0.039...
GetData ===>> H2,-0.175494329172611,H1,-0.0228909196803293,AX,-0.0978725534519798,L1,0.000166826713368244,L2,-0...
GetData ===>> H2,-0.191751161888332,H1,0.0266016891616651,AX,-0.149875646166359,L1,0.00667269437090389,L2,0.098...
testing H1>-5.0
evaluate ot="H1.bs>-5.0" t="H1>-5.0", ctx="{'H1': None}"
GetData ===>> H2,-0.196519713955928,H1,-0.0748979868248288,AX,-0.100213527336547,L1,-0.000219623808086192,L2,-0...
GetData ===>> H2,-0.241398958951712,H1,-0.0340648226657912,AX,-0.111511990440623,L1,-0.0147829435713097,L2,-0.0...
GetData ===>> H2,-0.195072231741057,H1,-0.064610791764763,AX,-0.117838556667747,L1,-0.0156681909297677,L2,0.000...
GetData ===>> H2,-0.189169381200625,H1,0.0627256233773245,AX,-0.0433420598844132,L1,-0.0428120938398016,L2,-0.0...
GetData ===>> H2,-0.166993966703215,H1,0.0500264616106751,AX,-0.0291363941444116,L1,-0.0316480178452982,L2,0.00...
testing H1>-5.0
evaluate ot="H1.bs>-5.0" t="H1>-5.0", ctx="{'H1': None}"
GetData ===>> H2,-0.122639396722172,H1,-0.0149718382562057,AX,-0.0426927032490849,L1,-0.0436837712642333,L2,0.0...
GetData ===>> H2,-0.230174788726177,H1,-0.156007961474347,AX,-0.111187540056139,L1,-0.0532827849996268,L2,-0.05...
GetData ===>> H2,-0.30504021776205,H1,0.0111631905103106,AX,-0.0745176757137304,L1,-0.0312564063607652,L2,-0.06...
GetData ===>> H2,-0.189217921413218,H1,0.00759620987953471,AX,-0.0678752896112755,L1,0.00494347522851133,L2,-0....
GetData ===>> H2,-0.225264775891778,H1,-0.0320257082401685,AX,-0.0706806807642508,L1,-0.00155888414560133,L2,0....
testing H1>-5.0
evaluate ot="H1.bs>-5.0" t="H1>-5.0", ctx="{'H1': None}"
GetData ===>> H2,-0.116735905560791,H1,-0.138732428782373,AX,-0.0530355116725345,L1,-0.0168591935590777,L2,-0.0...
GetData ===>> H2,-0.141802690005905,H1,-0.0498039570527407,AX,-0.130884352079378,L1,-0.0406481391297496,L2,0.03...
GetData ===>> H2,-0.123948462824343,H1,-0.0709644218224391,AX,-0.042599937661721,L1,-0.0391245888103267,L2,0.02...
GetData ===>> H2,-0.137619276657587,H1,0.0184049100227181,AX,-0.0810205149855205,L1,-0.0399882018973279,L2,-0.0...
GetData ===>> H2,-0.167990002207409,H1,0.0429375925006472,AX,-0.0416027020133399,L1,-0.00337788082212157,L2,-0....
testing H1>-5.0
evaluate ot="H1.bs>-5.0" t="H1>-5.0", ctx="{'H1': None}"
04:45:46 -- collecting point 25
GetData ===>> H2,-0.200034010459622,H1,0.0127021612007951,AX,-0.134060217789093,L1,-0.0145701931802731,L2,-0.01...
GetData ===>> H2,-0.210092131947811,H1,0.0477469893555905,AX,-0.0892382766429488,L1,-0.00514017036002273,L2,0.0...
GetData ===>> H2,-0.203005341858187,H1,-0.000133800243884297,AX,-0.0934685885397955,L1,0.00570331944714743,L2,-...
GetData ===>> H2,-0.278350065458096,H1,-0.00588320460732632,AX,-0.0233723612880815,L1,-0.0290585482226688,L2,-0...
GetData ===>> H2,-0.329201906388723,H1,0.0518882680285994,AX,-0.12665566687906,L1,-0.0357544704992837,L2,0.0418...
testing H1>-5.0
evaluate ot="H1.bs>-5.0" t="H1>-5.0", ctx="{'H1': None}"
GetData ===>> H2,-0.139507748290359,H1,-0.0601761242363217,AX,-0.0999006281479233,L1,-0.0194721887098114,L2,-0....
GetData ===>> H2,-0.0928535233165095,H1,0.00498368597512417,AX,-0.111952314231705,L1,-0.0367549612639627,L2,-0....
GetData ===>> H2,-0.236280045341614,H1,-0.0180966108846324,AX,-0.185508908578319,L1,-0.0059930125250749,L2,-0.0...
GetData ===>> H2,-0.230223245452751,H1,-0.0261466253219876,AX,-0.0881487966714416,L1,0.00614840451872994,L2,0.0...
GetData ===>> H2,-0.249812169487738,H1,0.00432758337767254,AX,-0.0640959984533154,L1,-0.0228660304601473,L2,0.0...
testing H1>-5.0
evaluate ot="H1.bs>-5.0" t="H1>-5.0", ctx="{'H1': None}"
GetData ===>> H2,-0.186597800656029,H1,-0.0616901322878281,AX,-0.0346913462412732,L1,-0.0309078952404053,L2,0.0...
GetData ===>> H2,-0.274363782399326,H1,-0.0750410226385555,AX,-0.0347841193673685,L1,-0.000406842951572175,L2,0...
GetData ===>> H2,-0.334189325662853,H1,0.0610426531584498,AX,-0.128520945202092,L1,-0.00309353427795037,L2,0.01...
GetData ===>> H2,-0.208855396635482,H1,0.042376710142933,AX,-0.0860161622658666,L1,0.0134837429456837,L2,0.0015...
GetData ===>> H2,-0.195262247248283,H1,-0.0469305573690846,AX,-0.12540440423351,L1,0.000357657129920995,L2,-0.0...
testing H1>-5.0
evaluate ot="H1.bs>-5.0" t="H1>-5.0", ctx="{'H1': None}"
GetData ===>> H2,-0.24851285693178,H1,0.00735762039256755,AX,-0.00734261220349556,L1,-0.0725021376936354,L2,-0....
GetData ===>> H2,-0.250492702097057,H1,0.0213876486286459,AX,-0.0632844750739819,L1,-0.02763297740205,L2,0.0062...
GetData ===>> H2,-0.217974582016183,H1,-0.0301654272618855,AX,-0.107815509498482,L1,-0.0280474919405748,L2,-0.0...
GetData ===>> H2,-0.257225880222973,H1,-0.0606649009929459,AX,-0.0470525861117994,L1,-0.0124811229532292,L2,0.0...
GetData ===>> H2,-0.228469248772503,H1,0.0268045291780041,AX,-0.122183487460624,L1,-0.023005068439323,L2,-0.064...
testing H1>-5.0
evaluate ot="H1.bs>-5.0" t="H1>-5.0", ctx="{'H1': None}"
GetData ===>> H2,-0.26870159068506,H1,0.00716674921237299,AX,-0.0502991805100193,L1,-0.0264827897854009,L2,0.03...
GetData ===>> H2,-0.197848154659553,H1,-0.0844451787308963,AX,0.0123908268180506,L1,-0.03184321909686,L2,-0.044...
GetData ===>> H2,-0.0932016719471173,H1,-0.0848861630881046,AX,-0.0871172565187097,L1,-0.0222547199930561,L2,0....
GetData ===>> H2,-0.202921766978713,H1,-0.0329796850729423,AX,-0.0575108705374505,L1,-0.0140692393901554,L2,-0....
GetData ===>> H2,-0.248187332844071,H1,-0.010749662269993,AX,-0.0831068953895668,L1,-0.0354788687239605,L2,-0.0...
testing H1>-5.0
evaluate ot="H1.bs>-5.0" t="H1>-5.0", ctx="{'H1': None}"
04:46:13 -- collecting point 50
GetData ===>> H2,-0.186267376952223,H1,-0.0112506077158291,AX,0.0332191063070716,L1,-0.01234567199054,L2,-0.064...
GetData ===>> H2,-0.189991840016676,H1,-0.0176672585946889,AX,-0.0645133506988136,L1,-0.0201388195180128,L2,0.0...
GetData ===>> H2,-0.24165065239856,H1,0.0179038186560067,AX,0.0548486878874019,L1,-0.0159572589039229,L2,-0.043...
GetData ===>> H2,-0.241658728031244,H1,0.00208493787956523,AX,-0.0786095307993487,L1,-0.029063339716576,L2,-0.0...
GetData ===>> H2,-0.299014836888916,H1,0.00911126639235884,AX,-0.0769751277358482,L1,-0.00102968158837652,L2,-0...
testing H1>-5.0
evaluate ot="H1.bs>-5.0" t="H1>-5.0", ctx="{'H1': None}"
GetData ===>> H2,-0.214283631488814,H1,0.00422022154384933,AX,-0.0881256161139811,L1,0.0219021968216859,L2,-0.1...
GetData ===>> H2,-0.266462265447249,H1,0.0257068116428229,AX,-0.160935642034529,L1,0.00706382997279678,L2,0.044...
GetData ===>> H2,-0.269248585165536,H1,0.00946915710564613,AX,-0.0215282626045237,L1,0.0066211039988122,L2,-0.0...
GetData ===>> H2,-0.187606544781793,H1,-0.0123121266849545,AX,-0.0150562435694017,L1,-0.0300299769199919,L2,-0....
GetData ===>> H2,-0.177423274455265,H1,0.00729797310963249,AX,0.077104521120651,L1,-0.0480290565509173,L2,-0.00...
testing H1>-5.0
evaluate ot="H1.bs>-5.0" t="H1>-5.0", ctx="{'H1': None}"
GetData ===>> H2,-0.149346504438168,H1,-0.0368312740653519,AX,-0.108545546645438,L1,-0.00593903731440187,L2,0.0...
measurement finished
estimated time: 62.915 actual time: :63.163
flush and close file /Users/jan/PychronDev/data/isotopes/6e/eca8b1-949c-4d63-9865-96f55b6102d5.h5
activate_detectors ('H1', 'AX', 'CDD') {'peak_center': True}
peak_center () {'detector': 'H1', 'integration_time': 0.262144, 'isotope': 'Ar40'}
peak center: mean=547.151046821 threshold=3
peak center started
setup peak center. detector=['H1', 'AX', 'CDD'], isotope=Ar40
VersionedUnpickler [<apptools.sweet_pickle.versioned_unpickler.VersionedUnpickler object at 0x165ac7890>] using Updater [<apptools.sweet_pickle.updater.Updater object at 0x135230b30>]
VersionedUnpickler [<apptools.sweet_pickle.versioned_unpickler.VersionedUnpickler object at 0x165ac7890>] using Updater [<apptools.sweet_pickle.updater.Updater object at 0x135230b30>]
VersionedUnpickler [<apptools.sweet_pickle.versioned_unpickler.VersionedUnpickler object at 0x1aefef410>] using Updater [<apptools.sweet_pickle.updater.Updater object at 0x135230b30>]
setting integration time = 0.524288
SetIntegrationTime 0.524288 ===>> OK
Mapping mass to dac mass func: "parabolic"
H1 map mass coeffs = [-0.00063987  0.15840543  0.57095999]
H1 map mass to dac 39.9624 >> 5.87935
GetDeflection H1 ===>> 0
GetHighVoltage ===>> 4499.94659342336
do peak center. <pychron.spectrometer.jobs.peak_center.PeakCenter object at 0x1352309b0>
doing pc
starting peak center. center dac= 5.87931537706 step_width=0.001
width = 0.001
get scan parameters. half-width=0.015,window=0.015, i=0, scalar=1
Scan parameters center=5.87932 width=0.03000 (5.86432 - 5.89432)
GetData ===>> H2,-0.143741810578482,H1,0.0547526531966771,AX,-0.0920778213617432,L1,0.00471413472778617,L2,0.03...
Moving to starting dac 5.86431537706
setting magnet DAC
current  : 5.239975
requested: 5.864315
Delta Dac: 0.624340
Checking detector protection. dv=0.62434
Checking detector "CDD". Protection Threshold: 0.1 (V)
ProtectDetector CDD,On ===>> OK
GetDeflection CDD ===>> 2000
Protected = 2000
SetMagnetDAC 5.86431537706 ===>> OK
Magnet settling time: 0.500
GetMagnetMoving ===>> True
GetMagnetMoving ===>> True
GetMagnetMoving ===>> True
GetMagnetMoving ===>> True
GetMagnetMoving ===>> True
GetMagnetMoving ===>> True
GetMagnetMoving ===>> True
GetMagnetMoving ===>> True
GetMagnetMoving ===>> False
ProtectDetector CDD,Off ===>> OK
GetDeflection CDD ===>> 50
Wait until signal near baseline. tol= 0.0410644898975. timeout= 10
GetData ===>> H2,0.865152567186778,H1,0.178495358925956,AX,0.085921351506635,L1,-0.0175682039036098,L2,0.015874...
GetData ===>> H2,25.0037188793306,H1,8.59705226570282,AX,0.529951496773406,L1,0.0174647122399135,L2,-0.00988321...
GetData ===>> H2,36.4809585328214,H1,18.2886225886684,AX,1.62552258333184,L1,-0.0277035372236615,L2,-0.11490596...
GetData ===>> H2,20.6972557973249,H1,8.80444944919414,AX,0.593509484332516,L1,-0.0214707498482069,L2,-0.1130144...
GetData ===>> H2,8.85381552358289,H1,4.54592572407846,AX,0.193665819847187,L1,0.0166608182358671,L2,-0.00348429...
GetData ===>> H2,3.11193979192998,H1,2.49468196735292,AX,0.141378867157524,L1,0.0202560420323247,L2,0.046674433...
GetData ===>> H2,0.93618387635482,H1,1.45315561934247,AX,0.196566316968962,L1,0.00853668970193591,L2,-0.0011842...
GetData ===>> H2,0.176423961144199,H1,0.932800502831977,AX,0.0317337109611297,L1,-0.0150687253037602,L2,-0.0530...
GetData ===>> H2,0.0103481241886099,H1,0.685233946602692,AX,-0.0502759909340862,L1,-0.00883289983044666,L2,-0.0...
GetData ===>> H2,0.0117740844507205,H1,0.527900499712986,AX,-0.173288477574826,L1,-0.0244667052247968,L2,0.0597...
GetData ===>> H2,0.0096188850930387,H1,0.441236613735696,AX,-0.130478869686051,L1,-0.0234897051208447,L2,-0.029...
GetData ===>> H2,0.063784891860512,H1,0.526586441100041,AX,-0.0115648861507623,L1,-0.000241226194592608,L2,-0.1...
GetData ===>> H2,-0.0149710827168785,H1,0.491997049599191,AX,0.0694432016551704,L1,-0.0210539755279031,L2,-0.03...
GetData ===>> H2,-0.0571516654757683,H1,0.49001473162773,AX,-0.120144290775062,L1,-0.0141986748161337,L2,-0.065...
GetData ===>> H2,-0.112026062941537,H1,0.53184277878382,AX,-0.174840203608543,L1,-0.0137216730645964,L2,-0.0497...
GetData ===>> H2,-0.0893026044725089,H1,0.395852628309812,AX,0.0474011310589152,L1,-0.0357137298432017,L2,0.038...
GetData ===>> H2,-0.0236778838703515,H1,0.454793322231351,AX,-0.100375770964114,L1,-0.00967943418409704,L2,-0.0...
GetData ===>> H2,0.0677020993002384,H1,0.453551843909073,AX,-0.033137383233308,L1,-0.000246026718635022,L2,-0.0...
GetData ===>> H2,0.0232874472767206,H1,0.495293038453437,AX,-0.0515977879426515,L1,-0.0228694523780369,L2,0.014...
GetData ===>> H2,-0.11221286976181,H1,0.430331105603998,AX,0.000290424754906101,L1,-0.0450031171426758,L2,0.018...
GetData ===>> H2,-0.135858353311099,H1,0.471554783310668,AX,-0.0594354434453968,L1,-0.00636483389087308,L2,-0.0...
Peak center failed to move to a baseline position
_do_sweep sm= 5.86431537706, em= 5.89431537706, stm= 0.001
calculated step values: start=5.86431537706, end=5.89431537706, width=0.001, nsteps=31.0
setting magnet DAC
current  : 5.864315
requested: 5.864315
Delta Dac: 0.000000
Checking detector protection. dv=0.00000
Checking detector "CDD". Protection Threshold: 0.1 (V)
SetMagnetDAC 5.86431537706 ===>> OK
GetData ===>> H2,-0.135858353311099,H1,0.471554783310668,AX,-0.0594354434453968,L1,-0.00636483389087308,L2,-0.0...
setting magnet DAC
current  : 5.864315
requested: 5.865350
Delta Dac: 0.001034
Checking detector protection. dv=0.00103
Checking detector "CDD". Protection Threshold: 0.1 (V)
SetMagnetDAC 5.86534985982 ===>> OK
Magnet settling time: 1.049
GetData ===>> H2,-0.115940241702673,H1,0.948987397711165,AX,-0.00158888912743859,L1,-0.025733311630805,L2,-0.01...
setting magnet DAC
current  : 5.865350
requested: 5.866384
Delta Dac: 0.001034
Checking detector protection. dv=0.00103
Checking detector "CDD". Protection Threshold: 0.1 (V)
SetMagnetDAC 5.86638434258 ===>> OK
Magnet settling time: 1.049
GetData ===>> H2,-0.121741354988747,H1,3.22876517025257,AX,0.236021651573262,L1,-0.0310182948010413,L2,-0.10927...
setting magnet DAC
current  : 5.866384
requested: 5.867419
Delta Dac: 0.001034
Checking detector protection. dv=0.00103
Checking detector "CDD". Protection Threshold: 0.1 (V)
SetMagnetDAC 5.86741882534 ===>> OK
Magnet settling time: 1.049
GetData ===>> H2,-0.159857200449842,H1,11.7899929094399,AX,0.902857789777995,L1,-0.00134288646104263,L2,0.02986...
setting magnet DAC
current  : 5.867419
requested: 5.868453
Delta Dac: 0.001034
Checking detector protection. dv=0.00103
Checking detector "CDD". Protection Threshold: 0.1 (V)
SetMagnetDAC 5.86845330809 ===>> OK
Magnet settling time: 1.049
GetData ===>> H2,-0.175210664740294,H1,40.5765520021516,AX,3.14719323749426,L1,0.0487816691383152,L2,0.01273127...
setting magnet DAC
current  : 5.868453
requested: 5.869488
Delta Dac: 0.001034
Checking detector protection. dv=0.00103
Checking detector "CDD". Protection Threshold: 0.1 (V)
SetMagnetDAC 5.86948779085 ===>> OK
Magnet settling time: 1.049
GetData ===>> H2,-0.231532954608611,H1,110.973910489118,AX,9.35983383680918,L1,0.0161617163119836,L2,-0.1463049...
setting magnet DAC
current  : 5.869488
requested: 5.870522
Delta Dac: 0.001034
Checking detector protection. dv=0.00103
Checking detector "CDD". Protection Threshold: 0.1 (V)
SetMagnetDAC 5.87052227361 ===>> OK
Magnet settling time: 1.049
GetData ===>> H2,-0.143571754471123,H1,232.215221568711,AX,21.7892300013011,L1,0.149577171650617,L2,-0.06023989...
setting magnet DAC
current  : 5.870522
requested: 5.871557
Delta Dac: 0.001034
Checking detector protection. dv=0.00103
Checking detector "CDD". Protection Threshold: 0.1 (V)
SetMagnetDAC 5.87155675637 ===>> OK
Magnet settling time: 1.049
GetData ===>> H2,-0.143968625859299,H1,362.384082183999,AX,37.0342872020761,L1,0.244351045552612,L2,0.000523793...
setting magnet DAC
current  : 5.871557
requested: 5.872591
Delta Dac: 0.001034
Checking detector protection. dv=0.00103
Checking detector "CDD". Protection Threshold: 0.1 (V)
SetMagnetDAC 5.87259123913 ===>> OK
Magnet settling time: 1.049
GetData ===>> H2,-0.0402764315615549,H1,456.637389476655,AX,50.5182293724926,L1,0.397707796015499,L2,0.10146450...
setting magnet DAC
current  : 5.872591
requested: 5.873626
Delta Dac: 0.001034
Checking detector protection. dv=0.00103
Checking detector "CDD". Protection Threshold: 0.1 (V)
SetMagnetDAC 5.87362572189 ===>> OK
Magnet settling time: 1.049
GetData ===>> H2,-0.199518936269342,H1,513.093203438636,AX,60.8102972037413,L1,0.578698167262982,L2,0.148758689...
setting magnet DAC
current  : 5.873626
requested: 5.874660
Delta Dac: 0.001034
Checking detector protection. dv=0.00103
Checking detector "CDD". Protection Threshold: 0.1 (V)
SetMagnetDAC 5.87466020465 ===>> OK
Magnet settling time: 1.049
GetData ===>> H2,-0.25961809518025,H1,521.611563998933,AX,62.7617082939577,L1,0.68342046803933,L2,0.18304676255...
setting magnet DAC
current  : 5.874660
requested: 5.875695
Delta Dac: 0.001034
Checking detector protection. dv=0.00103
Checking detector "CDD". Protection Threshold: 0.1 (V)
SetMagnetDAC 5.8756946874 ===>> OK
Magnet settling time: 1.049
GetData ===>> H2,-0.107326664819101,H1,523.698458271252,AX,63.2435090167319,L1,0.729504339499778,L2,0.035373896...
setting magnet DAC
current  : 5.875695
requested: 5.876729
Delta Dac: 0.001034
Checking detector protection. dv=0.00103
Checking detector "CDD". Protection Threshold: 0.1 (V)
SetMagnetDAC 5.87672917016 ===>> OK
Magnet settling time: 1.049
GetData ===>> H2,-0.103873951782031,H1,523.712004452936,AX,63.2716945215953,L1,0.77671868337454,L2,0.2241264884...
setting magnet DAC
current  : 5.876729
requested: 5.877764
Delta Dac: 0.001034
Checking detector protection. dv=0.00103
Checking detector "CDD". Protection Threshold: 0.1 (V)
SetMagnetDAC 5.87776365292 ===>> OK
Magnet settling time: 1.049
GetData ===>> H2,-0.114700627053018,H1,523.963942670355,AX,63.3774340540038,L1,0.744625246180228,L2,0.036125705...
setting magnet DAC
current  : 5.877764
requested: 5.878798
Delta Dac: 0.001034
Checking detector protection. dv=0.00103
Checking detector "CDD". Protection Threshold: 0.1 (V)
SetMagnetDAC 5.87879813568 ===>> OK
Magnet settling time: 1.049
GetData ===>> H2,-0.0661421728179872,H1,524.055602349731,AX,63.4314531167796,L1,0.813814127769224,L2,0.23312073...
setting magnet DAC
current  : 5.878798
requested: 5.879833
Delta Dac: 0.001034
Checking detector protection. dv=0.00103
Checking detector "CDD". Protection Threshold: 0.1 (V)
SetMagnetDAC 5.87983261844 ===>> OK
Magnet settling time: 1.049
GetData ===>> H2,-0.143277466719534,H1,523.587864469483,AX,63.2557414454858,L1,0.849733932234344,L2,0.103151549...
setting magnet DAC
current  : 5.879833
requested: 5.880867
Delta Dac: 0.001034
Checking detector protection. dv=0.00103
Checking detector "CDD". Protection Threshold: 0.1 (V)
SetMagnetDAC 5.8808671012 ===>> OK
Magnet settling time: 1.049
GetData ===>> H2,-0.0990107956436527,H1,523.758772874623,AX,63.5324230527473,L1,0.804662270208955,L2,0.14467596...
setting magnet DAC
current  : 5.880867
requested: 5.881902
Delta Dac: 0.001034
Checking detector protection. dv=0.00103
Checking detector "CDD". Protection Threshold: 0.1 (V)
SetMagnetDAC 5.88190158396 ===>> OK
Magnet settling time: 1.049
GetData ===>> H2,-0.246250135881235,H1,523.516281197425,AX,63.3325433426041,L1,0.819924804443478,L2,0.204657065...
setting magnet DAC
current  : 5.881902
requested: 5.882936
Delta Dac: 0.001034
Checking detector protection. dv=0.00103
Checking detector "CDD". Protection Threshold: 0.1 (V)
SetMagnetDAC 5.88293606671 ===>> OK
Magnet settling time: 1.049
GetData ===>> H2,-0.231753463493046,H1,522.269642697708,AX,63.1971715446527,L1,0.81849916044526,L2,0.0600955542...
setting magnet DAC
current  : 5.882936
requested: 5.883971
Delta Dac: 0.001034
Checking detector protection. dv=0.00103
Checking detector "CDD". Protection Threshold: 0.1 (V)
SetMagnetDAC 5.88397054947 ===>> OK
Magnet settling time: 1.049
GetData ===>> H2,-0.220318977066735,H1,519.218886152367,AX,62.1264478817611,L1,0.84741481982659,L2,0.1779586677...
setting magnet DAC
current  : 5.883971
requested: 5.885005
Delta Dac: 0.001034
Checking detector protection. dv=0.00103
Checking detector "CDD". Protection Threshold: 0.1 (V)
SetMagnetDAC 5.88500503223 ===>> OK
Magnet settling time: 1.049
GetData ===>> H2,-0.343987496653102,H1,507.705195627465,AX,59.6186259306971,L1,0.741654538473567,L2,0.183092396...
setting magnet DAC
current  : 5.885005
requested: 5.886040
Delta Dac: 0.001034
Checking detector protection. dv=0.00103
Checking detector "CDD". Protection Threshold: 0.1 (V)
SetMagnetDAC 5.88603951499 ===>> OK
Magnet settling time: 1.049
GetData ===>> H2,-0.238864214381713,H1,473.265596135391,AX,52.8189220911629,L1,0.676158402103543,L2,0.143695224...
setting magnet DAC
current  : 5.886040
requested: 5.887074
Delta Dac: 0.001034
Checking detector protection. dv=0.00103
Checking detector "CDD". Protection Threshold: 0.1 (V)
SetMagnetDAC 5.88707399775 ===>> OK
Magnet settling time: 1.049
GetData ===>> H2,-0.242910381276998,H1,342.016352236631,AX,32.3068599485829,L1,0.484682841393828,L2,0.020270626...
setting magnet DAC
current  : 5.887074
requested: 5.888108
Delta Dac: 0.001034
Checking detector protection. dv=0.00103
Checking detector "CDD". Protection Threshold: 0.1 (V)
SetMagnetDAC 5.88810848051 ===>> OK
Magnet settling time: 1.049
GetData ===>> H2,-0.218006459426722,H1,202.035456912552,AX,16.1852634559388,L1,0.345955478942352,L2,0.009702033...
setting magnet DAC
current  : 5.888108
requested: 5.889143
Delta Dac: 0.001034
Checking detector protection. dv=0.00103
Checking detector "CDD". Protection Threshold: 0.1 (V)
SetMagnetDAC 5.88914296327 ===>> OK
Magnet settling time: 1.049
GetData ===>> H2,-0.266147066527601,H1,89.6780128480801,AX,6.05165668321479,L1,0.223631184774314,L2,0.071626917...
setting magnet DAC
current  : 5.889143
requested: 5.890177
Delta Dac: 0.001034
Checking detector protection. dv=0.00103
Checking detector "CDD". Protection Threshold: 0.1 (V)
SetMagnetDAC 5.89017744602 ===>> OK
Magnet settling time: 1.049
GetData ===>> H2,-0.181890264376686,H1,31.0601750786206,AX,1.81772952890711,L1,0.154934984606767,L2,-0.07735330...
setting magnet DAC
current  : 5.890177
requested: 5.891212
Delta Dac: 0.001034
Checking detector protection. dv=0.00103
Checking detector "CDD". Protection Threshold: 0.1 (V)
SetMagnetDAC 5.89121192878 ===>> OK
Magnet settling time: 1.049
GetData ===>> H2,-0.140193735865509,H1,8.81802649365466,AX,0.374961875639236,L1,0.0876312776051859,L2,-0.061992...
setting magnet DAC
current  : 5.891212
requested: 5.892246
Delta Dac: 0.001034
Checking detector protection. dv=0.00103
Checking detector "CDD". Protection Threshold: 0.1 (V)
SetMagnetDAC 5.89224641154 ===>> OK
Magnet settling time: 1.049
GetData ===>> H2,-0.12718531896385,H1,2.11507405658036,AX,-0.0553311877849488,L1,0.031443514603067,L2,-0.005579...
setting magnet DAC
current  : 5.892246
requested: 5.893281
Delta Dac: 0.001034
Checking detector protection. dv=0.00103
Checking detector "CDD". Protection Threshold: 0.1 (V)
SetMagnetDAC 5.8932808943 ===>> OK
Magnet settling time: 1.049
GetData ===>> H2,-0.109887041209218,H1,0.376466679663445,AX,-0.128184966033353,L1,0.038542392154104,L2,-0.01338...
setting magnet DAC
current  : 5.893281
requested: 5.894315
Delta Dac: 0.001034
Checking detector protection. dv=0.00103
Checking detector "CDD". Protection Threshold: 0.1 (V)
SetMagnetDAC 5.89431537706 ===>> OK
Magnet settling time: 1.049
GetData ===>> H2,-0.12497343192993,H1,0.011008101752963,AX,-0.237097255399118,L1,0.0216868081590575,L2,-0.05744...
result of _do_sweep=True
result of _calculate_peak_center=([5.8718604672395251, 5.8792853169389234, 5.8867101666383217], [390.05564434511882, 524.05279029834639, 388.1771584575668], 5.8788043550150766, 524.05279029834639)
Failed to find a valid peak. No peak greater than 1.0. max = 0.0237612228725
new center pos Detector(H1) (Ar40) @ 5.87928531694
GetHighVoltage ===>> 4499.94659342336
GetDeflection H1 ===>> 0
dac uncorrected for HV and deflection 5.8793199397
update mftable H1 Ar40 5.8793199397 message=automated run peakcenter
get initial guess parabolic
get initial guess parabolic
get initial guess parabolic
get initial guess parabolic
get initial guess parabolic
get initial guess parabolic
dump mftable to /Users/jan/PychronDev/setupfiles/spectrometer/mftables/mftable.csv
add to repo msg=modified - automated run peakcenter
sweep finished
locally archiving mftable
setting magnet DAC
current  : 5.894315
requested: 5.879285
Delta Dac: 0.015030
Checking detector protection. dv=0.01503
Checking detector "CDD". Protection Threshold: 0.1 (V)
SetMagnetDAC 5.87928531694 ===>> OK
Magnet settling time: 0.500
setting integration time = 1.048576
SetIntegrationTime 1.048576 ===>> OK
Failed to find a valid peak. No peak greater than 1.0. max = 0.0237612228725
flush and close file /Users/jan/PychronDev/data/isotopes/6e/eca8b1-949c-4d63-9865-96f55b6102d5.h5
finished measure script
executed snippet estimated_duration=226.132928, duration=274.147474766
jan_unknown120_60.py completed successfully
Measurement Finished
04:47:10 -- ******* Measurement Finished *******
Post Measurement Started jan_pump_ms.py
04:47:10 -- ******* Post Measurement Started jan_pump_ms.py *******
testing...
no interpolation path defined
executed snippet estimated_duration=0, duration=2.69412994385e-05
Pumping spectrometer
open () {'name': 'O'}
opening name=O desc=---
checking ownership. requestor=129.138.12.150
check software interlocks O
interlocks []
actuate state mode=None-script, software_lock=False
doing actuation None-script open_channel True
Open O ===>> OK
GetIndicatorState O ===>> OK
change switch state (True, True)
update switch state O True args=() kw={} ncanvase=2
04:47:10 -- OPEN   VALVE-O (Jan Ion Pump)
---------------------------------------- open O () result=[(True, True)], time=0.10 sec
action=open, ok=True, locked=[False]
executed snippet estimated_duration=0, duration=0.355983972549
jan_pump_ms.py completed successfully
setting _ms_pumptime
Post Measurement Finished
04:47:11 -- ******* Post Measurement Finished *******
$$$$$$$$$$$$$$$$$$$$ state at run end measurement
state changed from measurement to success
post measurement save measured=True aborted=False
Set filtering
setting fod for Ar40= {'filter_outliers': True, 'std_devs': 2, 'iterations': 1}
setting fod for H1= {'filter_outliers': True, 'std_devs': 2, 'iterations': 1}
setting fod for PM41= {'filter_outliers': False, 'std_devs': 2, 'iterations': 1}
setting fod for H2= {'filter_outliers': True, 'std_devs': 2, 'iterations': 1}
setting fod for Ar36= {'filter_outliers': True, 'std_devs': 2, 'iterations': 1}
setting fod for CDD= {'filter_outliers': True, 'std_devs': 10, 'iterations': 1}
setting fod for Ar37= {'filter_outliers': True, 'std_devs': 2, 'iterations': 1}
setting fod for L2= {'filter_outliers': True, 'std_devs': 2, 'iterations': 1}
setting fod for Ar38= {'filter_outliers': True, 'std_devs': 2, 'iterations': 1}
setting fod for L1= {'filter_outliers': True, 'std_devs': 2, 'iterations': 1}
setting fod for Ar39= {'filter_outliers': True, 'std_devs': 2, 'iterations': 1}
setting fod for AX= {'filter_outliers': True, 'std_devs': 2, 'iterations': 1}
persistence save...
persistence save - db
post measurement save
6972552400 connecting to database sqlite:////Users/jan/PychronDev/.appdata/local_lab.db
connected to db sqlite:////Users/jan/PychronDev/.appdata/local_lab.db
create new session 6972552400
close session 6972552400
No database instance. Not saving post measurement to isotopedb database
$$$$$$$$$$$$$$$ auto_save_detector_ic=False
massspec enabled True
create new session 4985539184
MassSpec Database Version: 16.0
close session 4985539184
saving post measurement to secondary database
saving to massspec database 129.138.12.160/massspecdata
setting labnumber to 25310
setting aliquot to 6
setting step to 
setting uuid to 6eeca8b1-949c-4d63-9865-96f55b6102d5
setting irradpos to 25310
setting extract_device to Fusions CO2
setting tray to 
setting position to 42
setting power_requested to 5.0
setting extract_value to 5.0
setting duration to 30.0
setting duration_at_request to 30.0
setting first_stage_delay to 30.0
setting cleanup to 30.0
setting comment to H:15
setting irradiation to NM-288
setting level to H
setting irradiation_level to H
setting sample to FC-2
setting material to 
setting project to 
setting mass_spectrometer to jan
no attribute chron_dosages
no attribute production_ratios
no attribute interference_corrections
no attribute production_name
no attribute j
Reference Isotope=Ar40
Reference Detector=H1
%%%%%%%%%%%%%%%%%%%% Comment: H:15 %%%%%%%%%%%%%%%%%%%
adding isotope PM41 H2
add baseline dbdet= PM41. original det= H2
get baseline data PM41 H2
Get data baseline <pychron.processing.isotope.Baseline object at 0x1d3d6c210> len t=60
baseline PM41. v=-0.205871969275, e=0.00620391214155
get signal data PM41 H2
Get data signal PM41 0.08+/-0.06 len t=120
adding isotope Ar40 H1
add baseline dbdet= Ar40. original det= H1
get baseline data Ar40 H1
Get data baseline <pychron.processing.isotope.Baseline object at 0x1d3d6c410> len t=60
baseline Ar40. v=-0.00960254393785, e=0.00489428155924
get signal data Ar40 H1
Get data signal Ar40 572.78+/-0.04 len t=120
adding isotope Ar39 AX
add baseline dbdet= Ar39. original det= AX
get baseline data Ar39 AX
Get data baseline <pychron.processing.isotope.Baseline object at 0x1d3d6c5d0> len t=60
baseline Ar39. v=-0.0747524782446, e=0.00584717443737
get signal data Ar39 AX
Get data signal Ar39 69.387+/-0.014 len t=120
adding isotope Ar38 L1
add baseline dbdet= Ar38. original det= L1
get baseline data Ar38 L1
Get data baseline <pychron.processing.isotope.Baseline object at 0x1d3d6c790> len t=60
baseline Ar38. v=-0.0197960570062, e=0.00244554367607
get signal data Ar38 L1
Get data signal Ar38 0.934+/-0.005 len t=120
adding isotope Ar37 L2
add baseline dbdet= Ar37. original det= L2
get baseline data Ar37 L2
Get data baseline <pychron.processing.isotope.Baseline object at 0x1d3d6c950> len t=60
baseline Ar37. v=-0.0140210044358, e=0.0061095655346
get signal data Ar37 L2
Get data signal Ar37 0.173+/-0.010 len t=120
adding isotope Ar36 CDD
add baseline dbdet= Ar36. original det= CDD
get baseline data Ar36 CDD
Get data baseline <pychron.processing.isotope.Baseline object at 0x1d3d6cb10> len t=60
baseline Ar36. v=0.000191043946505, e=2.06600465008e-05
get signal data Ar36 CDD
Get data signal Ar36 0.01211+/-0.00030 len t=120
25310-06 added analysis time 0.503283977509s
analysis added to mass spec database
mass spec save time= 0.514
persistence save - dvc
================= post measurement started
create new session 4989601072
close session 4989601072
---------------- Experiment Queue saving disabled
DVC saving peakcenter
Failed to find a valid peak. No peak greater than 1.0. max = 0.0237612228725
Smart pull ahead: 0 behind: 0
Up-to-date with origin
add to repo msg=modified - ad8224ebc6dbfeb9f5997218dfa5fe690569839d.json
add to repo msg=modified - 10-06.json
add to repo msg=modified - 10-06.dat.json
add to repo msg=modified - 10-06.blan.json
add to repo msg=modified - 10-06.inte.json
add to repo msg=modified - 10-06.icfa.json
add to repo msg=modified - 10-06.base.json
not at valid file /Users/jan/PychronDev/data/.dvc/repositories/Load1791/253/tags/10-06.tags.json
add to repo msg=modified - 10-06.peak.json
add to repo msg=modified - 10-06.extr.json
not at valid file /Users/jan/PychronDev/data/.dvc/repositories/Load1791/253/monitor/10-06.moni.json
commit message=<COLLECTION>
add to repo msg=modified - 10-06.inte.json
add to repo msg=modified - 10-06.base.json
commit message=<ISOEVO> default collection fits
add to repo msg=modified - 10-06.blan.json
commit message=<BLANKS> preceding bu-FC-J-7758
add to repo msg=modified - 10-06.icfa.json
commit message=<ICFactor> default
push repository <pychron.git_archive.repo_manager.GitRepoManager object at 0x156f26a70>
pushing to remote=origin, url=https://github.com
no changes to meta repo
create new session 4989601072
add association Load1791
get identifier "25310"
setting analysis irradiation position=<pychron.dvc.dvc_orm.IrradiationPositionTbl object at 0x1d39e6390>
close session 4989601072
================= post measurement finished
04:47:23 -- ******* Post Run Check *******
loading queue conditionals post_run_actions
loading system conditionals post_run_actions
loading conditionals from /Users/jan/PychronDev/setupfiles/spectrometer/default_conditionals.yaml
loading queue conditionals post_run_terminations
loading system conditionals post_run_terminations
loading conditionals from /Users/jan/PychronDev/setupfiles/spectrometer/default_conditionals.yaml
Checking default post run terminations n=1
GetDeflection CDD ===>> 50
testing CDD==2000
evaluate ot="CDD.deflection==2000" t="CDD==2000", ctx="{'CDD': 50.0}"
04:47:23 -- ******* Post Run Check Passed *******
04:47:23 -- Automated run 25310-06 success duration: 364.223 s
----------------- finish -----------------
----------------- stop -----------------
retroactive repository identifiers disabled
finish run. runs completed=54
update duration runid=25310-06, duration=364.222755194, md5=301e91d8
write rem/ex queues
/Users/jan/PychronDev/experiments/rem/CurrentExperiment.rem.txt
/Users/jan/PychronDev/experiments/rem/CurrentExperiment.ex.txt
doing event level: 3
