do run
loading script "jan_unknown120_60.py"
loading script "jan_pump_ms.py"
loading script "jan_co2.py"
loading script "jan_pump_extraction_line.py"
testing...
no interpolation path defined
executed snippet estimated_duration=213.652928, duration=0.000249862670898
script duration name:unknown120_60 seconds:214.0
loading script "jan_unknown120_60.py"
loading script "jan_pump_ms.py"
loading script "jan_co2.py"
loading script "jan_pump_extraction_line.py"
testing...
no interpolation path defined
executed snippet estimated_duration=0, duration=4.79221343994e-05
loading script "jan_unknown120_60.py"
loading script "jan_pump_ms.py"
loading script "jan_co2.py"
loading script "jan_pump_extraction_line.py"
testing...
no interpolation path defined
calculate duration
testing...
no interpolation path defined
executed snippet estimated_duration=0, duration=6.29425048828e-05
calculate duration
testing...
no interpolation path defined
executed snippet estimated_duration=0, duration=9.79900360107e-05
executed snippet estimated_duration=0.0, duration=0.00317001342773
script duration name:co2 seconds:0.0
loading script "jan_unknown120_60.py"
loading script "jan_pump_ms.py"
loading script "jan_co2.py"
loading script "jan_pump_extraction_line.py"
testing...
no interpolation path defined
calculate duration
testing...
no interpolation path defined
executed snippet estimated_duration=4.0, duration=0.000194072723389
executed snippet estimated_duration=4.0, duration=0.0019371509552
Script duration 214.0
Run total estimated duration= 215.000
run duration: 0:03:35
doing event level: 2
10:07:58 -- Setting default integration. t=1.048576
setting integration time = 1.048576
SetIntegrationTime 1.048576 ===>> OK
----------------- start -----------------
**************** Experiment Type: Ar/Ar, Ar/Ar
create new session 4436069840
close session 4436069840
$$$$$ Clearing conditionals
adding conditionals 
Add queue conditionals
add default conditionals
adding default conditionals from /Users/jan/PychronDev/setupfiles/spectrometer/default_conditionals.yaml
Start automated run 25315-06
loading script "jan_unknown120_60.py"
loading script "jan_pump_ms.py"
loading script "jan_co2.py"
loading script "jan_pump_extraction_line.py"
%%%%%%%%%%%%%%%%%% setting automated run 25315-06
No value "sensitivity_multiplier" in metadata
$$$$$$$$$$$$$$$ auto_save_detector_ic=False
============================= Pre Extraction Check =============================
loading queue conditionals pre_run_terminations
loading system conditionals pre_run_terminations
loading conditionals from /Users/jan/PychronDev/setupfiles/spectrometer/default_conditionals.yaml
10:07:58 -- ******* Pre Extraction Check *******
Get a measurement from the spectrometer
GetData ===>> H2,-0.144374148943423,H1,0.0205286107984871,AX,-0.110295295919362,L1,-0.0470739731605481,L2,-0.02...
Pre Extraction Termination data. keys=H2,H1,AX,L1,L2,CDD, signals=-0.14437,0.02053,-0.11030,-0.04707,-0.02361,0.00313
10:07:58 -- testing system defined conditionals
Checking default pre extraction terminations n=2
testing CDD
evaluate ot="CDD.inactive" t="CDD", ctx="{'CDD': False}"
GetDeflection CDD ===>> 50
testing CDD==2000
evaluate ot="CDD.deflection==2000" t="CDD==2000", ctx="{'CDD': 50.0}"
10:07:58 -- ******* Pre Extraction Check Passed *******
=================================================================================
10:07:58 -- stopping status monitor
stop 4982387056
Alive clients [4989850544]
10:07:58 -- starting status monitor
start 4982387056
Monitor already running
start extraction
do extraction
Analysis started at 10:07:58.875941
Extraction Started jan_co2.py
10:07:58 -- ******* Extraction Started jan_co2.py *******
state changed from not run to extraction
DO EXTRACTION <pychron.extraction_line.pyscript_runner.RemotePyScriptRunner object at 0x12c299590>
testing...
no interpolation path defined
calculate duration
testing...
no interpolation path defined
executed snippet estimated_duration=0, duration=4.19616699219e-05
calculate duration
testing...
no interpolation path defined
executed snippet estimated_duration=0, duration=7.79628753662e-05
executed snippet estimated_duration=100.0, duration=0.0019998550415
Jan CO2 laser analysis
doing GOSUB
testing...
no interpolation path defined
executed snippet estimated_duration=0, duration=3.60012054443e-05
Waiting for CO2 access
wait ('FelixCO2Flag', 0) {}
waiting for FelixCO2Flag = 0
Read FelixCO2Flag ===>> 0
finished waiting
CO2 free
wait ('CO2PumpTimeFlag', 0) {}
waiting for CO2PumpTimeFlag = 0
Read CO2PumpTimeFlag ===>> 0
finished waiting
acquire ('JanCO2Flag',) {'clear': True}
acquire JanCO2Flag
Set JanCO2Flag 1 ===>> OK
JanCO2Flag acquired
set extraction state False (0.75, 'red', 1.5)
CO2 acquired
executed snippet estimated_duration=0, duration=0.0159430503845
WaitForCO2Access.py completed successfully
gosub finished
doing GOSUB
testing...
no interpolation path defined
executed snippet estimated_duration=0, duration=9.79900360107e-05
Prepare for CO2 analysis
close () {'description': 'Jan Inlet'}
closing name=--- desc=Jan Inlet
checking ownership. requestor=129.138.12.150
check software interlocks R
interlocks []
actuate state mode=None-script, software_lock=False
doing actuation None-script close_channel False
Close R ===>> OK
GetIndicatorState R ===>> False
change switch state (True, True)
update switch state R False args=() kw={} ncanvase=2
10:07:59 -- CLOSE  VALVE-R (Jan Inlet)
---------------------------------------- close None (Jan Inlet) result=[(True, True)]
action=close, ok=True, locked=[False]
open () {'description': 'Jan Ion Pump'}
opening name=--- desc=Jan Ion Pump
checking ownership. requestor=129.138.12.150
check software interlocks O
interlocks []
actuate state mode=None-script, software_lock=False
doing actuation None-script open_channel False
Open O ===>> OK
GetIndicatorState O ===>> OK
change switch state (True, True)
update switch state O True args=() kw={} ncanvase=2
10:07:59 -- OPEN   VALVE-O (Jan Ion Pump)
---------------------------------------- open None (Jan Ion Pump) result=[(True, True)], time=0.10 sec
action=open, ok=True, locked=[False]
close () {'description': 'Microbone to Minibone'}
closing name=--- desc=Microbone to Minibone
checking ownership. requestor=129.138.12.150
check software interlocks L
interlocks []
actuate state mode=None-script, software_lock=False
doing actuation None-script close_channel False
Close L ===>> OK
GetIndicatorState L ===>> False
change switch state (True, True)
update switch state L False args=() kw={} ncanvase=2
10:08:00 -- CLOSE  VALVE-L (Microbone to Minibone)
---------------------------------------- close None (Microbone to Minibone) result=[(True, True)]
action=close, ok=True, locked=[False]
open () {'description': 'Microbone to Turbo'}
opening name=--- desc=Microbone to Turbo
checking ownership. requestor=129.138.12.150
check software interlocks U
interlocks []
actuate state mode=None-script, software_lock=False
doing actuation None-script open_channel False
Open U ===>> OK
GetIndicatorState U ===>> OK
change switch state (True, True)
update switch state U True args=() kw={} ncanvase=2
10:08:00 -- OPEN   VALVE-U (Microbone to Turbo)
---------------------------------------- open None (Microbone to Turbo) result=[(True, True)], time=0.16 sec
action=open, ok=True, locked=[False]
open () {'description': 'Microbone to Inlet Pipette'}
opening name=--- desc=Microbone to Inlet Pipette
checking ownership. requestor=129.138.12.150
check software interlocks S
interlocks []
actuate state mode=None-script, software_lock=False
doing actuation None-script open_channel False
Open S ===>> OK
GetIndicatorState S ===>> OK
change switch state (True, True)
update switch state S True args=() kw={} ncanvase=2
10:08:01 -- OPEN   VALVE-S (Microbone to Inlet Pipette)
---------------------------------------- open None (Microbone to Inlet Pipette) result=[(True, True)], time=0.42 sec
action=open, ok=True, locked=[False]
open () {'description': 'Microbone to Getter D-50'}
opening name=--- desc=Microbone to Getter D-50
checking ownership. requestor=129.138.12.150
check software interlocks K
interlocks []
actuate state mode=None-script, software_lock=False
doing actuation None-script open_channel False
Open K ===>> OK
GetIndicatorState K ===>> OK
change switch state (True, True)
update switch state K True args=() kw={} ncanvase=2
10:08:02 -- OPEN   VALVE-K (Microbone to Getter D-50)
---------------------------------------- open None (Microbone to Getter D-50) result=[(True, True)], time=0.41 sec
action=open, ok=True, locked=[False]
open () {'description': 'Microbone to Getter NP-10'}
opening name=--- desc=Microbone to Getter NP-10
checking ownership. requestor=129.138.12.150
check software interlocks M
interlocks []
actuate state mode=None-script, software_lock=False
doing actuation None-script open_channel False
Open M ===>> OK
GetIndicatorState M ===>> OK
change switch state (True, True)
update switch state M True args=() kw={} ncanvase=2
10:08:02 -- OPEN   VALVE-M (Microbone to Getter NP-10)
---------------------------------------- open None (Microbone to Getter NP-10) result=[(True, True)], time=0.15 sec
action=open, ok=True, locked=[False]
close () {'description': 'CO2 Laser to Felix'}
closing name=--- desc=CO2 Laser to Felix
checking ownership. requestor=129.138.12.150
check software interlocks F
interlocks []
actuate state mode=None-script, software_lock=True
VALVE-F(CO2 Laser to Felix) software locked
change switch state (True, False)
---------------------------------------- close None (CO2 Laser to Felix) result=[(True, False)]
action=close, ok=True, locked=[True]
open () {'description': 'CO2 Laser to Jan'}
opening name=--- desc=CO2 Laser to Jan
checking ownership. requestor=129.138.12.150
check software interlocks A
interlocks []
actuate state mode=None-script, software_lock=False
doing actuation None-script open_channel False
Open A ===>> OK
GetIndicatorState A ===>> OK
change switch state (True, True)
update switch state A True args=() kw={} ncanvase=2
10:08:02 -- OPEN   VALVE-A (CO2 Laser to Jan)
---------------------------------------- open None (CO2 Laser to Jan) result=[(True, True)], time=0.15 sec
action=open, ok=True, locked=[False]
open () {'description': 'Microbone to CO2 Laser'}
opening name=--- desc=Microbone to CO2 Laser
checking ownership. requestor=129.138.12.150
check software interlocks T
interlocks []
actuate state mode=None-script, software_lock=False
doing actuation None-script open_channel False
Open T ===>> OK
GetIndicatorState T ===>> OK
change switch state (True, True)
update switch state T True args=() kw={} ncanvase=2
10:08:03 -- OPEN   VALVE-T (Microbone to CO2 Laser)
---------------------------------------- open None (Microbone to CO2 Laser) result=[(True, True)], time=0.41 sec
action=open, ok=True, locked=[False]
executed snippet estimated_duration=0, duration=4.95939397812
PrepareForCO2Analysis.py completed successfully
gosub finished
set_motor ('beam', '1.25') {}
setting motor "beam" to 1.25
set motor beam to 1.25
SetMotor beam,1.25 ===>> OK
GetMotorMoving beam ===>> False
GetMotorMoving beam ===>> False
Block completed
move_to_position ('72',) {'autocenter': True}
FusionsCO2 move to position 72
sending GoToHole 72,True
GoToHole 72,True ===>> OK
GetDriveMoving ===>> OK
GetDriveMoving ===>> OK
GetDriveMoving ===>> OK
GetDriveMoving ===>> OK
GetDriveMoving ===>> OK
GetDriveMoving ===>> OK
GetDriveMoving ===>> OK
GetDriveMoving ===>> False
GetDriveMoving ===>> OK
GetDriveMoving ===>> OK
GetDriveMoving ===>> OK
GetDriveMoving ===>> OK
GetDriveMoving ===>> OK
GetDriveMoving ===>> False
Block completed
GetAutoCorrecting ===>> False
GetAutoCorrecting ===>> False
Block completed
update position
GetPosition ===>> -9.96950,3.98780,1.00000
got position (-9.9695, 3.9878, 1.0)
move to position succeeded
sleep (5,) {}
SLEEP 5.0
block started
WaitControl setup for 5.0  
Join finished
block finished. duration 5.03763484955
close () {'description': 'Microbone to Turbo'}
closing name=--- desc=Microbone to Turbo
checking ownership. requestor=129.138.12.150
check software interlocks U
interlocks []
actuate state mode=None-script, software_lock=False
doing actuation None-script close_channel True
Close U ===>> OK
GetIndicatorState U ===>> False
change switch state (True, True)
update switch state U False args=() kw={} ncanvase=2
10:08:15 -- CLOSE  VALVE-U (Microbone to Turbo)
---------------------------------------- close None (Microbone to Turbo) result=[(True, True)]
action=close, ok=True, locked=[False]
enable laser
enable () {}
set extraction state FusionsCO2 Enabled (False, 'red', 1.5)
enabling laser
Enable ===>> OK
begin interval
BEGIN INTERVAL Interval 1 waiting for 30.0
block started
set extract to 5.0
WaitControl setup for 30.0  
extract (5.0,) {}
GetPosition ===>> -9.96950,3.98780,1.00000
set extraction state FusionsCO2 ON! 5.0(watts) (0.75, 'red', 1.5)
extract sample to 5.0 (watts)
set laser output
SetLaserOutput 5.0,watts ===>> OK
executing pattern triangle.lp
execute_pattern ('triangle.lp',) {}
executing pattern triangle.lp
IsPatterning ===>> OK
IsPatterning ===>> OK
IsPatterning ===>> OK
IsPatterning ===>> OK
IsPatterning ===>> OK
IsPatterning ===>> OK
IsPatterning ===>> OK
IsPatterning ===>> OK
IsPatterning ===>> OK
IsPatterning ===>> OK
IsPatterning ===>> OK
IsPatterning ===>> OK
IsPatterning ===>> OK
IsPatterning ===>> OK
IsPatterning ===>> OK
IsPatterning ===>> OK
IsPatterning ===>> OK
IsPatterning ===>> OK
IsPatterning ===>> OK
IsPatterning ===>> OK
IsPatterning ===>> OK
IsPatterning ===>> OK
IsPatterning ===>> OK
IsPatterning ===>> OK
IsPatterning ===>> OK
IsPatterning ===>> OK
IsPatterning ===>> False
IsPatterning ===>> False
Block completed
COMPLETE INTERVAL waiting for Interval 1 to complete
Join finished
block finished. duration 30.1700229645
Interval 1 finished
end_extract () {}
ending extraction. set laser power to 0
set laser power 0
SetLaserPower 0 ===>> OK
disable () {}
%%%%%%%%%%%%%%%%%%%%%%%%%%%%%%%%%%% disable
set extraction state False (0.75, 'red', 1.5)
disabling laser
Disable ===>> OK
sleep (30.0,) {}
SLEEP 30.0
block started
WaitControl setup for 30.0  
Join finished
block finished. duration 30.120347023
executed snippet estimated_duration=166.5, duration=77.6563329697
jan_co2.py completed successfully
GetAchievedOutput ===>> No Response
Requested Output= 0.000
Achieved Output=  0.000
GetResponseBlob ===>> No Response
GetOutputBlob ===>> No Response
persistence save...
persistence save - db
AutomatedRunPersister post_extraction_save deprecated
persistence save - dvc
no extraction position for 72
create new session 4989601072
close session 4989601072
Extraction Finished
10:09:16 -- ******* Extraction Finished *******
no overlap. not waiting for min ms pumptime
10:09:16 -- Sending spectrometer configuration
======== Sending configuration ========
SetDeflection CDD,50.0 ===>> OK
SetDeflection H2,0.0 ===>> OK
SetDeflection H1,0.0 ===>> OK
SetDeflection L2,825.0 ===>> OK
SetDeflection L1,400.0 ===>> OK
SetDeflection AX,190.0 ===>> OK
SetZFocus 74.64 ===>> OK
SetZSymmetry -50.72 ===>> OK
SetExtractionLens 26.13 ===>> OK
SetIonRepeller -3.81 ===>> OK
SetElectronEnergy 75.08 ===>> OK
SetYSymmetry -2.81 ===>> OK
SetIonCounterVoltage 1590.0 ===>> OK
send trap current 200.0
GetParameter Trap Current Readback ===>> 198.258926936459
SetParameter Trap Current Set,200.0 ===>> OK
updating mftable name mftable
Using mftable located at /Users/jan/PychronDev/setupfiles/spectrometer/mftables/mftable.csv
============ MFtable ===========
Isotope  H2     H1     AX     L1     L2     CDD    
Ar40     5.8103 5.8792 5.9928 6.1502 6.2309 6.3784
Ar39     5.7096 5.7714 5.8852 6.0363 6.1160 6.2649
Ar36     5.3871 5.4405 5.5486 5.6951 5.7710 5.9161
================================
get initial guess parabolic
get initial guess parabolic
get initial guess parabolic
get initial guess parabolic
get initial guess parabolic
get initial guess parabolic
======== Configuration Finished ========
GetYSymmetry ===>> -2.81
GetZSymmetry ===>> -50.72
GetParameter Trap Current Readback ===>> 197.475737044497
GetHighVoltage ===>> 4499.94659342336
start measurement
do measurement
L#=25315 analysis type=unknown
Measurement Started jan_unknown120_60.py
10:09:16 -- ******* Measurement Started jan_unknown120_60.py *******
state changed from extraction to measurement
setting spec, defl, and gains
GetExtractionLens ===>> 26.13
GetYSymmetry ===>> -2.81
GetZSymmetry ===>> -50.72
GetZFocus ===>> 74.64
GetDeflection H2 ===>> 0
GetDeflection H1 ===>> 0
GetDeflection AX ===>> 190
GetDeflection L1 ===>> 400
GetDeflection L2 ===>> 825
GetDeflection CDD ===>> 50
GetGain H2 ===>> 0.0113
GetGain H1 ===>> 0.1
GetGain AX ===>> 0.097049
GetGain L1 ===>> 0.010355
GetGain L2 ===>> 0.095649
GetGain CDD ===>> 0
pre measurement save
New frame /Users/jan/PychronDev/data/isotopes/b9/62a231-3e46-42c2-918f-d6cdfe04baf0.h5
flush and close file /Users/jan/PychronDev/data/isotopes/b9/62a231-3e46-42c2-918f-d6cdfe04baf0.h5
testing...
no interpolation path defined
executed snippet estimated_duration=226.132928, duration=0.000134944915771
unknown measurement script
activate_detectors ('H2', 'H1', 'AX', 'L1', 'L2', 'CDD') {}
activate detectors
*************** Set Analysis View Ar/Ar
create graphs
clearing graphs
clear isotope group
setting isotope det=H2, iso=PM41
setting isotope det=H1, iso=Ar40
setting isotope det=AX, iso=Ar39
setting isotope det=L1, iso=Ar38
setting isotope det=L2, iso=Ar37
setting isotope det=CDD, iso=Ar36
setting previous blanks
 - setting Ar40 blank 0.118+/-0.007
 - setting Ar36 blank 0.00401+/-0.00017
 - setting Ar37 blank 0.050+/-0.005
 - setting Ar38 blank 0.0102+/-0.0021
 - setting PM41 blank 0.04+/-0.07
 - setting Ar39 blank 0.050+/-0.009
load analysis view
position_magnet ('Ar40',) {'detector': 'H1'}
detector Detector(H1)
POSITION Ar40 H1
setting detector H2 to PM41 (40.9624)
setting detector H1 to Ar40 (39.9624)
setting detector AX to Ar39 (38.9624)
setting detector L1 to Ar38 (37.9624)
setting detector L2 to Ar37 (36.9624)
setting detector CDD to Ar36 (35.9624)
Mapping mass to dac mass func: "parabolic"
H1 map mass coeffs = [-0.00063987  0.15840543  0.57078999]
H1 map mass to dac 39.9624 >> 5.87918
GetDeflection H1 ===>> 0
GetHighVoltage ===>> 4499.94659342336
positioning Ar40 (5.87914537806) on H1
setting magnet DAC
current  : 5.879144
requested: 5.879145
Delta Dac: 0.000001
Checking detector protection. dv=0.00000
Checking detector "CDD". Protection Threshold: 0.1 (V)
SetMagnetDAC 5.87914537806 ===>> OK
Magnet settling time: 0.500
equilibrate () {'delay': 3, 'inlet': 'R', 'outlet': 'O', 'eqtime': 12.0}
Equilibration Started
10:09:18 -- ******* Equilibration Started *******
checking ownership. requestor=129.138.12.150
check software interlocks O
interlocks []
actuate state mode=None-script, software_lock=False
doing actuation None-script close_channel True
Close O ===>> OK
GetIndicatorState O ===>> False
change switch state (True, True)
update switch state O False args=() kw={} ncanvase=2
10:09:18 -- CLOSE  VALVE-O (Jan Ion Pump)
waiting 3s before opening inlet value ('R',)
update labels <pychron.experiment.plot_panel.PlotPanel object at 0x1da430890>
update labels "<pychron.graph.stacked_regression_graph.StackedRegressionGraph object at 0x1e789aa10>"
setting label 0 H2 PM41
setting label 1 H1 Ar40
setting label 2 AX Ar39
setting label 3 L1 Ar38
setting label 4 L2 Ar37
setting label 5 CDD Ar36
update labels "<pychron.graph.stacked_graph.StackedGraph object at 0x1de2252f0>"
setting label 0 H2 PM41
setting label 1 H1 Ar40
setting label 2 AX Ar39
setting label 3 L1 Ar38
setting label 4 L2 Ar37
setting label 5 CDD Ar36
checking ownership. requestor=129.138.12.150
check software interlocks R
interlocks []
actuate state mode=None-script, software_lock=False
doing actuation None-script open_channel True
Open R ===>> OK
GetIndicatorState R ===>> OK
change switch state (True, True)
update switch state R True args=() kw={} ncanvase=2
State checksums do not match. Local:-598318598 Remote:-1449001502
State checksum failed
10:09:22 -- OPEN   VALVE-R (Jan Inlet)
set_time_zero () {}
equilibrating for 12.0sec
sniff (12.0,) {}
py_sniff
build tables- sniff [Detector(H2), Detector(H1), Detector(AX), Detector(L1), Detector(L2), Detector(CDD)]
add group /sniff/PM41 (Group) '' table H2
add group /sniff/Ar40 (Group) '' table H1
add group /sniff/Ar39 (Group) '' table AX
add group /sniff/Ar38 (Group) '' table L1
add group /sniff/Ar37 (Group) '' table L2
add group /sniff/Ar36 (Group) '' table CDD
flush and close file /Users/jan/PychronDev/data/isotopes/b9/62a231-3e46-42c2-918f-d6cdfe04baf0.h5
measuring sniff. ncounts=12.0
"sniff" increment series count="1" fit count="0" regressing="False"
starting measurement
GetData ===>> H2,-0.251284811900502,H1,0.122915870629492,AX,-0.0626004715408942,L1,-0.0462660309844734,L2,0.051...
GetData ===>> H2,0.493232368389938,H1,125.56070034736,AX,17.0277837734662,L1,0.104772262405996,L2,0.18792976249...
GetData ===>> H2,0.746754549768235,H1,314.932892926655,AX,39.795259103324,L1,0.410938811065394,L2,0.18018324994...
GetData ===>> H2,0.265734666225766,H1,379.127410268342,AX,46.1359826977101,L1,0.517643941370417,L2,0.3081125648...
GetData ===>> H2,-0.0498321596978519,H1,400.818962629734,AX,48.1919512245556,L1,0.620462809509098,L2,0.15418738...
GetData ===>> H2,-0.104989080349623,H1,408.690627925611,AX,48.9838087532153,L1,0.63142357942889,L2,0.1415513158...
GetData ===>> H2,-0.061937766712006,H1,412.438262926385,AX,49.1127025581859,L1,0.649305536014692,L2,0.113092053...
GetData ===>> H2,-0.019969100097928,H1,413.933498103571,AX,49.143882376662,L1,0.6610707972268,L2,0.161749298916...
GetData ===>> H2,-0.0115558041279735,H1,414.566248136433,AX,49.3968061698606,L1,0.633229628791845,L2,0.16923195...
GetData ===>> H2,-0.0676560200695603,H1,414.825062271288,AX,49.4061579835013,L1,0.595776106460256,L2,0.13059304...
GetData ===>> H2,-0.115359696667402,H1,415.097906179944,AX,49.3592752291121,L1,0.623561826827613,L2,0.147287520...
Equilibration Finished
10:09:34 -- ******* Equilibration Finished *******
checking ownership. requestor=129.138.12.150
check software interlocks R
interlocks []
actuate state mode=None-script, software_lock=False
doing actuation None-script close_channel True
GetData ===>> H2,-0.111105520689923,H1,415.453241131568,AX,49.4570164681221,L1,0.652057085900081,L2,0.228874615...
Close R ===>> OK
GetIndicatorState R ===>> False
change switch state (True, True)
update switch state R False args=() kw={} ncanvase=2
10:09:34 -- CLOSE  VALVE-R (Jan Inlet)
Post Equilibration Started jan_pump_extraction_line.py
10:09:34 -- ******* Post Equilibration Started jan_pump_extraction_line.py *******
testing...
no interpolation path defined
calculate duration
testing...
no interpolation path defined
executed snippet estimated_duration=4.0, duration=0.00015115737915
executed snippet estimated_duration=4.0, duration=0.00151896476746
Pump after analysis
doing GOSUB
testing...
no interpolation path defined
executed snippet estimated_duration=4.0, duration=0.000143051147461
Pump Microbone
close () {'description': 'Jan Inlet'}
closing name=--- desc=Jan Inlet
checking ownership. requestor=129.138.12.150
check software interlocks R
interlocks []
actuate state mode=None-script, software_lock=False
doing actuation None-script close_channel False
Close R ===>> OK
measurement finished
estimated time: 12.583 actual time: :12.686
flush and close file /Users/jan/PychronDev/data/isotopes/b9/62a231-3e46-42c2-918f-d6cdfe04baf0.h5
set_fits () {}
GetIndicatorState R ===>> False
change switch state (True, True)
update switch state R False args=() kw={} ncanvase=2
using default fits file=/Users/jan/PychronDev/scripts/measurement/fits/nominal_linear.yaml
set "Ar40" to "('Linear', 'SEM')"
No fit for "PM41". defaulting to linear. check the measurement script "jan_unknown120_60.py"
set "PM41" to "linear"
10:09:35 -- CLOSE  VALVE-R (Jan Inlet)
set "Ar36" to "('Linear', 'SEM')"
---------------------------------------- close None (Jan Inlet) result=[(True, True)]
set "Ar37" to "('linear', 'SEM')"
set "Ar38" to "('linear', 'SEM')"
set "Ar39" to "('Linear', 'SEM')"
set_baseline_fits () {}
using default fits file=/Users/jan/PychronDev/scripts/measurement/fits/nominal_linear.yaml
set "H1" to "('average', 'SEM')"
set "H2" to "('average', 'SEM')"
set "CDD" to "('average', 'SEM')"
set "L2" to "('average', 'SEM')"
set "L1" to "('average', 'SEM')"
set "AX" to "('average', 'SEM')"
multicollect () {'integration_time': 1, 'ncounts': 120}
build tables- signal [Detector(H2), Detector(H1), Detector(AX), Detector(L1), Detector(L2), Detector(CDD)]
add group /signal/PM41 (Group) '' table H2
add group /signal/Ar40 (Group) '' table H1
add group /signal/Ar39 (Group) '' table AX
add group /signal/Ar38 (Group) '' table L1
add group /signal/Ar37 (Group) '' table L2
add group /signal/Ar36 (Group) '' table CDD
flush and close file /Users/jan/PychronDev/data/isotopes/b9/62a231-3e46-42c2-918f-d6cdfe04baf0.h5
measuring signal. ncounts=120
action=close, ok=True, locked=[False]
is_closed ('F',) {}
is F () closed?
is closed True
open () {'description': 'CO2 Laser to Jan'}
opening name=--- desc=CO2 Laser to Jan
checking ownership. requestor=129.138.12.150
check software interlocks A
interlocks []
actuate state mode=None-script, software_lock=False
doing actuation None-script open_channel False
Open A ===>> OK
GetIndicatorState A ===>> OK
change switch state (True, True)
update switch state A True args=() kw={} ncanvase=2
10:09:35 -- OPEN   VALVE-A (CO2 Laser to Jan)
---------------------------------------- open None (CO2 Laser to Jan) result=[(True, True)], time=0.13 sec
starting measurement
GetData ===>> H2,0.066897993168115,H1,415.343217067833,AX,49.6516765989831,L1,0.636473631352106,L2,0.1607911955...
action=open, ok=True, locked=[False]
sleep (1,) {}
SLEEP 1.0
"signal" increment series count="2" fit count="1" regressing="True"
close () {'description': 'CO2 Laser to Roughing'}
closing name=--- desc=CO2 Laser to Roughing
GetData ===>> H2,0.0562903264710568,H1,415.108028329728,AX,49.5618133453464,L1,0.626901787674313,L2,0.121140970...
checking ownership. requestor=129.138.12.150
check software interlocks G
interlocks []
actuate state mode=None-script, software_lock=True
VALVE-G(CO2 Laser to Roughing) software locked
change switch state (True, False)
---------------------------------------- close None (CO2 Laser to Roughing) result=[(True, False)]
action=close, ok=True, locked=[True]
open () {'description': 'Microbone to Turbo'}
opening name=--- desc=Microbone to Turbo
checking ownership. requestor=129.138.12.150
check software interlocks U
interlocks []
actuate state mode=None-script, software_lock=False
doing actuation None-script open_channel True
Open U ===>> OK
GetIndicatorState U ===>> OK
change switch state (True, True)
update switch state U True args=() kw={} ncanvase=2
10:09:37 -- OPEN   VALVE-U (Microbone to Turbo)
---------------------------------------- open None (Microbone to Turbo) result=[(True, True)], time=0.20 sec
action=open, ok=True, locked=[False]
open () {'description': 'Microbone to Getter NP-10'}
opening name=--- desc=Microbone to Getter NP-10
checking ownership. requestor=129.138.12.150
check software interlocks M
interlocks []
actuate state mode=None-script, software_lock=False
doing actuation None-script open_channel False
Open M ===>> OK
GetIndicatorState M ===>> OK
change switch state (True, True)
update switch state M True args=() kw={} ncanvase=2
10:09:37 -- OPEN   VALVE-M (Microbone to Getter NP-10)
---------------------------------------- open None (Microbone to Getter NP-10) result=[(True, True)], time=0.15 sec
action=open, ok=True, locked=[False]
open () {'description': 'Microbone to Getter D-50'}
opening name=--- desc=Microbone to Getter D-50
checking ownership. requestor=129.138.12.150
check software interlocks K
interlocks []
actuate state mode=None-script, software_lock=False
doing actuation None-script open_channel False
GetData ===>> H2,-0.0838386091609692,H1,414.863953241313,AX,49.4349742196661,L1,0.652550236630099,L2,0.14861043...
Open K ===>> OK
GetIndicatorState K ===>> OK
change switch state (True, True)
update switch state K True args=() kw={} ncanvase=2
10:09:38 -- OPEN   VALVE-K (Microbone to Getter D-50)
---------------------------------------- open None (Microbone to Getter D-50) result=[(True, True)], time=0.41 sec
action=open, ok=True, locked=[False]
open () {'description': 'Microbone to CO2 Laser'}
opening name=--- desc=Microbone to CO2 Laser
checking ownership. requestor=129.138.12.150
check software interlocks T
interlocks []
actuate state mode=None-script, software_lock=False
doing actuation None-script open_channel False
Open T ===>> OK
GetIndicatorState T ===>> OK
change switch state (True, True)
update switch state T True args=() kw={} ncanvase=2
10:09:38 -- OPEN   VALVE-T (Microbone to CO2 Laser)
---------------------------------------- open None (Microbone to CO2 Laser) result=[(True, True)], time=0.45 sec
GetData ===>> H2,-0.144117434627787,H1,414.522562456602,AX,49.394784643381,L1,0.661473460754363,L2,0.0888353894...
action=open, ok=True, locked=[False]
open () {'description': 'Microbone to Inlet Pipette'}
opening name=--- desc=Microbone to Inlet Pipette
checking ownership. requestor=129.138.12.150
check software interlocks S
interlocks []
actuate state mode=None-script, software_lock=False
doing actuation None-script open_channel False
Open S ===>> OK
GetIndicatorState S ===>> OK
change switch state (True, True)
update switch state S True args=() kw={} ncanvase=2
10:09:39 -- OPEN   VALVE-S (Microbone to Inlet Pipette)
---------------------------------------- open None (Microbone to Inlet Pipette) result=[(True, True)], time=0.43 sec
action=open, ok=True, locked=[False]
sleep (1,) {}
SLEEP 1.0
testing H1>-5.0
evaluate ot="H1.bs>-5.0" t="H1>-5.0", ctx="{'H1': None}"
GetData ===>> H2,-0.234681720859177,H1,414.596325476397,AX,49.5000988735192,L1,0.658084140038522,L2,0.092117886...
set_resource () {'name': 'CO2PumpTimeFlag', 'value': 30}
Set CO2PumpTimeFlag 30 ===>> OK
release ('JanCO2Flag',) {}
release JanCO2Flag
Set JanCO2Flag 0 ===>> OK
executed snippet estimated_duration=6.0, duration=6.06480908394
PumpMicrobone.py completed successfully
gosub finished
get_resource_value () {'name': 'JanMiniboneFlag'}
Read JanMiniboneFlag ===>> 0
Get Resource Value JanMiniboneFlag=0.0
get resource value 0.0
get_resource_value () {'name': 'JanMiniboneFlag'}
Read JanMiniboneFlag ===>> 0
Get Resource Value JanMiniboneFlag=0.0
executed snippet estimated_duration=4.0, duration=6.07664394379
jan_pump_extraction_line.py completed successfully
Post Equilibration Finished
10:09:40 -- ******* Post Equilibration Finished *******
GetData ===>> H2,-0.16017592607047,H1,414.474348824594,AX,49.481192147713,L1,0.65920883600875,L2,0.112955250616...
GetData ===>> H2,-0.109168076997515,H1,414.538281149184,AX,49.331000142428,L1,0.656042611342393,L2,0.0732806971...
GetData ===>> H2,-0.189606235620018,H1,413.872376749136,AX,49.2910191616345,L1,0.655576563076917,L2,0.116717402...
GetData ===>> H2,-0.142994578987316,H1,413.850200391684,AX,49.4432959738173,L1,0.627500620154457,L2,0.049216273...
testing H1>-5.0
evaluate ot="H1.bs>-5.0" t="H1>-5.0", ctx="{'H1': None}"
GetData ===>> H2,-0.168856400898939,H1,413.868900151586,AX,49.3960353680445,L1,0.621790846509525,L2,0.206688274...
GetData ===>> H2,-0.123160066093984,H1,413.718989608351,AX,49.306059541716,L1,0.649316684454646,L2,0.0953207091...
GetData ===>> H2,-0.166324495260567,H1,413.638833458316,AX,49.2352312545622,L1,0.645760938456145,L2,0.128711674...
GetData ===>> H2,-0.195923550776292,H1,413.561669553807,AX,49.2224409073833,L1,0.59130323942675,L2,0.0869434457...
GetData ===>> H2,-0.137667945585395,H1,413.171513294186,AX,49.2763147830226,L1,0.606332817818555,L2,0.089245695...
testing H1>-5.0
evaluate ot="H1.bs>-5.0" t="H1>-5.0", ctx="{'H1': None}"
GetData ===>> H2,-0.142081078915465,H1,413.022064482107,AX,49.0685408870061,L1,0.636151662152033,L2,0.059023791...
GetData ===>> H2,-0.0975004963488445,H1,412.950383117672,AX,49.0026814201532,L1,0.630953241147089,L2,0.13767415...
GetData ===>> H2,-0.0201035646064735,H1,412.796639747535,AX,49.1849787236547,L1,0.626196595357723,L2,0.19694343...
GetData ===>> H2,-0.0997833317407587,H1,412.769677406589,AX,49.1230126542647,L1,0.625303420505464,L2,0.26487988...
GetData ===>> H2,-0.0549803791293401,H1,412.544922756094,AX,49.030415026781,L1,0.638838712645458,L2,0.133272628...
testing H1>-5.0
evaluate ot="H1.bs>-5.0" t="H1>-5.0", ctx="{'H1': None}"
GetData ===>> H2,-0.0350069545470233,H1,412.386159083472,AX,49.1991165122468,L1,0.636074886354728,L2,-0.0078868...
GetData ===>> H2,-0.191445153900506,H1,412.094320784255,AX,49.1611821197146,L1,0.620440553353279,L2,0.052443520...
GetData ===>> H2,-0.131697684543997,H1,412.079763084819,AX,49.1014331158012,L1,0.610177324582604,L2,0.119236987...
GetData ===>> H2,-0.0883957367588027,H1,412.0999762176,AX,49.0863515662215,L1,0.613415974353054,L2,0.1640533486...
GetData ===>> H2,-0.209167961251159,H1,411.922857205003,AX,49.0464336971735,L1,0.641530554025178,L2,0.165193987...
testing H1>-5.0
evaluate ot="H1.bs>-5.0" t="H1>-5.0", ctx="{'H1': None}"
10:10:01 -- collecting point 25
GetData ===>> H2,-0.252247641324967,H1,411.640061184006,AX,49.0076323498817,L1,0.659353767133486,L2,0.132622679...
GetData ===>> H2,-0.2553319077051,H1,411.527255310737,AX,49.0534343575585,L1,0.670352124657271,L2,0.08403721955...
GetData ===>> H2,-0.175660374475217,H1,411.26174892293,AX,49.0292097179104,L1,0.634096247859689,L2,0.0765886029...
GetData ===>> H2,-0.242968250060679,H1,411.106245826363,AX,49.0293839786966,L1,0.640117095643996,L2,0.082396095...
GetData ===>> H2,-0.259814288060485,H1,410.769199710676,AX,48.9048450760527,L1,0.624529067928512,L2,0.236704972...
testing H1>-5.0
evaluate ot="H1.bs>-5.0" t="H1>-5.0", ctx="{'H1': None}"
GetData ===>> H2,-0.208825756438983,H1,410.92008551391,AX,48.8685411490767,L1,0.635225437177435,L2,0.1087942546...
GetData ===>> H2,-0.192554561983274,H1,410.738582164619,AX,48.9345068197066,L1,0.659752647836944,L2,0.152168696...
GetData ===>> H2,-0.134852916070033,H1,410.784709888337,AX,48.7733546289748,L1,0.698768766322529,L2,0.104861424...
GetData ===>> H2,-0.205564860469482,H1,410.428247337098,AX,48.7426862160374,L1,0.653026062522981,L2,0.162844285...
GetData ===>> H2,-0.145765709628759,H1,410.252424437502,AX,48.743048681702,L1,0.612583647491138,L2,0.1537311817...
testing H1>-5.0
evaluate ot="H1.bs>-5.0" t="H1>-5.0", ctx="{'H1': None}"
GetData ===>> H2,-0.15146122209078,H1,410.133846057473,AX,48.8292446589126,L1,0.606707316452842,L2,0.1342874707...
GetData ===>> H2,-0.0701610219989616,H1,410.241183087361,AX,48.7513276913753,L1,0.609807646109792,L2,0.21200613...
GetData ===>> H2,-0.0991727249715369,H1,410.085140236254,AX,48.9246111029574,L1,0.627829745272883,L2,0.11438029...
GetData ===>> H2,-0.0222289797923359,H1,409.773260638021,AX,48.9731687613244,L1,0.616351294142162,L2,0.13091230...
GetData ===>> H2,-0.110195735041088,H1,409.437352062949,AX,48.912539821084,L1,0.60526748640081,L2,0.13112895333...
testing H1>-5.0
evaluate ot="H1.bs>-5.0" t="H1>-5.0", ctx="{'H1': None}"
GetData ===>> H2,-0.00259354932225706,H1,409.613942867603,AX,48.7492832600935,L1,0.648733265490168,L2,0.0535382...
GetData ===>> H2,-0.00412243060900887,H1,409.510308934034,AX,48.6538774944349,L1,0.661807993078645,L2,0.1470936...
GetData ===>> H2,-0.0817308500468758,H1,409.164363950019,AX,48.7076083190026,L1,0.644627962550527,L2,0.16635745...
GetData ===>> H2,0.00622091860708072,H1,408.847133936501,AX,48.6314350423443,L1,0.619134942390849,L2,0.10253600...
GetData ===>> H2,-0.00444885559218717,H1,409.039706506637,AX,48.7056210887015,L1,0.622780183744812,L2,0.1310377...
testing H1>-5.0
evaluate ot="H1.bs>-5.0" t="H1>-5.0", ctx="{'H1': None}"
GetData ===>> H2,-0.0665084446533949,H1,409.110798210257,AX,48.7248565202267,L1,0.603910644949297,L2,0.18594458...
GetData ===>> H2,-0.171518610255736,H1,408.740596764884,AX,48.6629687354846,L1,0.630523766636978,L2,0.187918353...
GetData ===>> H2,-0.172364503219005,H1,408.544552563457,AX,48.6645492597809,L1,0.625897212400727,L2,0.015182862...
GetData ===>> H2,-0.180772838116564,H1,408.496849196464,AX,48.6547619394129,L1,0.60797304886124,L2,0.1250744695...
GetData ===>> H2,-0.111381691199854,H1,408.37865130503,AX,48.6076633167099,L1,0.636417905199536,L2,-0.013038012...
testing H1>-5.0
evaluate ot="H1.bs>-5.0" t="H1>-5.0", ctx="{'H1': None}"
10:10:27 -- collecting point 50
GetData ===>> H2,-0.110807682221509,H1,408.22187476904,AX,48.5600178948508,L1,0.657620919575849,L2,0.1008945601...
GetData ===>> H2,-0.205555426761903,H1,407.940965130582,AX,48.5553963546113,L1,0.646741712412731,L2,0.184929197...
GetData ===>> H2,-0.165169024072219,H1,407.714907168076,AX,48.5275521289061,L1,0.643611484920369,L2,0.165022891...
GetData ===>> H2,-0.188708238798235,H1,407.484168213823,AX,48.4861324230694,L1,0.626731052508954,L2,0.045578624...
GetData ===>> H2,-0.143559398728699,H1,407.593577128978,AX,48.4853934311785,L1,0.60864800446614,L2,0.1301141449...
testing H1>-5.0
evaluate ot="H1.bs>-5.0" t="H1>-5.0", ctx="{'H1': None}"
GetData ===>> H2,-0.242666790819633,H1,407.374985469439,AX,48.5651322177469,L1,0.60439379856038,L2,0.0963465469...
GetData ===>> H2,-0.272743616382473,H1,407.174692021938,AX,48.4101412127597,L1,0.615816863108586,L2,0.106001358...
GetData ===>> H2,-0.179025304628055,H1,407.136182505953,AX,48.4823360810876,L1,0.615242875243761,L2,0.072516473...
GetData ===>> H2,-0.164624993916209,H1,406.80960937642,AX,48.4286059233805,L1,0.638882024112716,L2,0.0613275633...
GetData ===>> H2,-0.176424421484392,H1,406.80049349779,AX,48.5813314075808,L1,0.624881601477238,L2,0.1272408133...
testing H1>-5.0
evaluate ot="H1.bs>-5.0" t="H1>-5.0", ctx="{'H1': None}"
GetData ===>> H2,-0.117768291029889,H1,406.404704297191,AX,48.6734382788419,L1,0.595673530155439,L2,0.169962006...
GetData ===>> H2,-0.147550170077293,H1,406.389088273217,AX,48.4315895045551,L1,0.605837214999056,L2,0.142315363...
GetData ===>> H2,-0.221912571178116,H1,406.535307729696,AX,48.5019711133147,L1,0.615216898095602,L2,0.146078669...
GetData ===>> H2,-0.204244064842602,H1,406.346726627748,AX,48.2602936112901,L1,0.620110425978836,L2,0.079888877...
GetData ===>> H2,-0.151540887651361,H1,406.28358125694,AX,48.3512400568076,L1,0.59501731299003,L2,0.09749777797...
testing H1>-5.0
evaluate ot="H1.bs>-5.0" t="H1>-5.0", ctx="{'H1': None}"
GetData ===>> H2,-0.179493589088486,H1,406.11624319952,AX,48.4275921017875,L1,0.584996317606795,L2,0.1659125975...
GetData ===>> H2,-0.165379609378033,H1,405.865662675733,AX,48.3972248238829,L1,0.590565772393458,L2,0.214996137...
GetData ===>> H2,-0.11714589425128,H1,405.602207938819,AX,48.4379045101258,L1,0.583208799070425,L2,0.1332384208...
GetData ===>> H2,-0.232587950343838,H1,405.795094404878,AX,48.433457900929,L1,0.600560081155568,L2,0.1283696119...
GetData ===>> H2,-0.219378565838281,H1,405.520636626502,AX,48.3825145551667,L1,0.623957617920217,L2,0.041998126...
testing H1>-5.0
evaluate ot="H1.bs>-5.0" t="H1>-5.0", ctx="{'H1': None}"
GetData ===>> H2,-0.155814279462757,H1,405.591017472564,AX,48.3182331501091,L1,0.633880824367274,L2,-0.03902895...
GetData ===>> H2,-0.235153976632798,H1,405.215429095634,AX,48.2463123446595,L1,0.595048207405118,L2,0.140559204...
GetData ===>> H2,-0.23005364600047,H1,405.292424163415,AX,48.1870184011917,L1,0.596657315799617,L2,0.1534916750...
GetData ===>> H2,-0.147573132537638,H1,405.259624901077,AX,48.1343339997654,L1,0.588319106656701,L2,0.176612535...
GetData ===>> H2,-0.225869386757061,H1,405.017029427641,AX,48.2611620660282,L1,0.576310043337892,L2,0.068239212...
testing H1>-5.0
evaluate ot="H1.bs>-5.0" t="H1>-5.0", ctx="{'H1': None}"
10:10:53 -- collecting point 75
GetData ===>> H2,-0.191695892335395,H1,404.750048590772,AX,48.2886808221265,L1,0.602343948676766,L2,0.148941161...
GetData ===>> H2,-0.2801278585116,H1,404.396290720699,AX,48.2816159701471,L1,0.629770063241304,L2,0.07862389631...
GetData ===>> H2,-0.193910507268361,H1,404.101440632753,AX,48.1610055250044,L1,0.631647616468062,L2,0.054678708...
GetData ===>> H2,-0.0263807676008326,H1,404.103997423747,AX,48.1813191421758,L1,0.623490091307293,L2,0.08205419...
GetData ===>> H2,-0.0934969803254849,H1,404.216805848386,AX,48.2252277016113,L1,0.616100157613121,L2,0.03390259...
testing H1>-5.0
evaluate ot="H1.bs>-5.0" t="H1>-5.0", ctx="{'H1': None}"
GetData ===>> H2,-0.100794619336065,H1,404.027626498686,AX,48.1541453326803,L1,0.635298492029665,L2,0.063038321...
GetData ===>> H2,-0.155998018477325,H1,404.035045382298,AX,48.1709057263048,L1,0.639966107078965,L2,0.152602084...
GetData ===>> H2,-0.162679501163301,H1,403.643398383346,AX,48.1482840830102,L1,0.647063703840463,L2,0.149100825...
GetData ===>> H2,-0.161927406466057,H1,403.343781684484,AX,48.1267084389126,L1,0.617731840969977,L2,0.049809257...
GetData ===>> H2,-0.182744056021384,H1,403.401728703908,AX,47.9402975142258,L1,0.607719642802249,L2,-0.00123093...
testing H1>-5.0
evaluate ot="H1.bs>-5.0" t="H1>-5.0", ctx="{'H1': None}"
GetData ===>> H2,-0.218137625555312,H1,403.11497888773,AX,47.9855453831422,L1,0.60622776287421,L2,0.14299958951...
GetData ===>> H2,-0.228642910627169,H1,403.014302167241,AX,47.9536141660912,L1,0.612686293405942,L2,0.242492543...
GetData ===>> H2,-0.163250627703425,H1,403.033859384934,AX,47.9877438558357,L1,0.610747322888684,L2,0.085541607...
GetData ===>> H2,-0.183716720872115,H1,402.438079181709,AX,47.9495365995014,L1,0.597534891812804,L2,0.056218282...
GetData ===>> H2,-0.215684043344771,H1,402.735772359807,AX,48.0785641548313,L1,0.593528311333464,L2,0.104644838...
testing H1>-5.0
evaluate ot="H1.bs>-5.0" t="H1>-5.0", ctx="{'H1': None}"
GetData ===>> H2,-0.164550744598679,H1,402.173526169771,AX,47.9451266196943,L1,0.585002490511664,L2,0.108486462...
GetData ===>> H2,-0.0358935156941526,H1,402.199263877253,AX,48.1169565220477,L1,0.639441376998038,L2,0.10754029...
GetData ===>> H2,-0.0713583998354349,H1,402.121814222677,AX,47.9716178271272,L1,0.647110764961555,L2,0.19333786...
GetData ===>> H2,-0.126430946273583,H1,401.923118156649,AX,47.9518645551294,L1,0.606453941310136,L2,0.198928833...
GetData ===>> H2,-0.136484961115879,H1,401.999886432023,AX,47.9011079042231,L1,0.585875376281958,L2,0.075584812...
testing H1>-5.0
evaluate ot="H1.bs>-5.0" t="H1>-5.0", ctx="{'H1': None}"
GetData ===>> H2,-0.151848742522285,H1,401.871372490778,AX,47.9754358142587,L1,0.62895330358587,L2,0.0781224671...
GetData ===>> H2,-0.121585813434592,H1,401.919349968104,AX,47.9143768892626,L1,0.616582642036596,L2,0.062604926...
GetData ===>> H2,-0.17272334781646,H1,401.884828378945,AX,47.8867131307462,L1,0.633031554585275,L2,0.1080304750...
GetData ===>> H2,-0.212157097594739,H1,401.7200147047,AX,47.7228606358964,L1,0.637476349799538,L2,0.05413131074...
GetData ===>> H2,-0.281458334377901,H1,401.570955577741,AX,47.7356291199034,L1,0.614488327427345,L2,0.134629554...
testing H1>-5.0
evaluate ot="H1.bs>-5.0" t="H1>-5.0", ctx="{'H1': None}"
10:11:20 -- collecting point 100
GetData ===>> H2,-0.190776490914261,H1,401.195661237294,AX,47.801182660282,L1,0.588862510563427,L2,0.1219618614...
GetData ===>> H2,-0.278673687633386,H1,400.818067307183,AX,47.7356580094014,L1,0.606054733520445,L2,0.062764597...
GetData ===>> H2,-0.264664838297355,H1,400.783882233575,AX,47.6089628322849,L1,0.598160250468643,L2,0.102843774...
GetData ===>> H2,-0.19471644944501,H1,400.706305827293,AX,47.7132995976492,L1,0.570972481404655,L2,0.1073350989...
GetData ===>> H2,-0.191991109500695,H1,400.425615931737,AX,47.7477055301956,L1,0.605691381271827,L2,0.193805664...
testing H1>-5.0
evaluate ot="H1.bs>-5.0" t="H1>-5.0", ctx="{'H1': None}"
GetData ===>> H2,-0.097350186824648,H1,400.159240532688,AX,47.6323931600654,L1,0.618819691630816,L2,0.130729870...
GetData ===>> H2,-0.139855127947859,H1,400.244851647791,AX,47.4914871292772,L1,0.59141194922211,L2,0.0944202606...
GetData ===>> H2,-0.186522276088355,H1,400.289041498091,AX,47.6378487478285,L1,0.60010675098214,L2,0.1521915064...
GetData ===>> H2,-0.157715023678742,H1,400.158918514817,AX,47.7822223835122,L1,0.586540893047438,L2,0.075162767...
GetData ===>> H2,-0.149767858960328,H1,399.675355682909,AX,47.6556893688998,L1,0.654966765511281,L2,0.023972241...
testing H1>-5.0
evaluate ot="H1.bs>-5.0" t="H1>-5.0", ctx="{'H1': None}"
GetData ===>> H2,-0.153563234795485,H1,399.60598088333,AX,47.5621696292638,L1,0.626071645222821,L2,0.1067537227...
GetData ===>> H2,-0.0785725440258643,H1,399.672531853927,AX,47.6256822581132,L1,0.646770195867621,L2,0.08411699...
GetData ===>> H2,-0.185483762182164,H1,399.58610569025,AX,47.5906245575388,L1,0.606811140250033,L2,0.1407188535...
GetData ===>> H2,-0.169232899302652,H1,399.345370980915,AX,47.5995189960732,L1,0.631907555000755,L2,0.081894646...
GetData ===>> H2,-0.082390582724228,H1,398.94516458317,AX,47.6586774967305,L1,0.591458892440729,L2,0.1434671471...
testing H1>-5.0
evaluate ot="H1.bs>-5.0" t="H1>-5.0", ctx="{'H1': None}"
GetData ===>> H2,-0.114021217513715,H1,399.109711718061,AX,47.7699980456665,L1,0.616027168333123,L2,0.096631503...
GetData ===>> H2,-0.0925053640220689,H1,399.010151577331,AX,47.6645096106527,L1,0.60219075133366,L2,0.075459339...
GetData ===>> H2,-0.167697139067853,H1,398.679449345604,AX,47.6173387158756,L1,0.600842959342633,L2,0.174502111...
GetData ===>> H2,-0.138223567712139,H1,398.776212637509,AX,47.5588929054131,L1,0.600348854004248,L2,0.112373840...
GetData ===>> H2,-0.2040715413721,H1,398.560610824016,AX,47.3929635476359,L1,0.581964631171448,L2,0.09137703530...
testing H1>-5.0
evaluate ot="H1.bs>-5.0" t="H1>-5.0", ctx="{'H1': None}"
GetData ===>> H2,-0.170266518758444,H1,398.836471005775,AX,47.6322488356821,L1,0.603333608618964,L2,0.207635425...
measurement finished
estimated time: 125.829 actual time: :126.379
flush and close file /Users/jan/PychronDev/data/isotopes/b9/62a231-3e46-42c2-918f-d6cdfe04baf0.h5
baselines () {'settling_time': 15.0, 'detector': 'H1', 'mass': 34.2, 'ncounts': 60}
%%%%%%%%%%%%%%%%%%%%%%%%%%%%%%%% Baseline
build tables- baseline [Detector(H2), Detector(H1), Detector(AX), Detector(L1), Detector(L2), Detector(CDD)]
add group baseline table H2
add group baseline table H1
add group baseline table AX
add group baseline table L1
add group baseline table L2
add group baseline table CDD
flush and close file /Users/jan/PychronDev/data/isotopes/b9/62a231-3e46-42c2-918f-d6cdfe04baf0.h5
detector Detector(H1)
POSITION 34.2 H1
Mapping mass to dac mass func: "parabolic"
H1 map mass coeffs = [-0.00063987  0.15840543  0.57078999]
H1 map mass to dac 34.2 >> 5.23983599104
GetDeflection H1 ===>> 0
GetHighVoltage ===>> 4499.94659342336
positioning 34.2 (5.23980513414) on H1
setting magnet DAC
current  : 5.879145
requested: 5.239805
Delta Dac: 0.639340
Checking detector protection. dv=0.63934
Checking detector "CDD". Protection Threshold: 0.1 (V)
ProtectDetector CDD,On ===>> OK
GetDeflection CDD ===>> 2000
Protected = 2000
SetMagnetDAC 5.23980513414 ===>> OK
Magnet settling time: 0.500
GetMagnetMoving ===>> True
GetMagnetMoving ===>> True
GetMagnetMoving ===>> True
GetMagnetMoving ===>> True
GetMagnetMoving ===>> True
GetMagnetMoving ===>> True
GetMagnetMoving ===>> True
GetMagnetMoving ===>> True
GetMagnetMoving ===>> False
ProtectDetector CDD,Off ===>> OK
GetDeflection CDD ===>> 50
Delaying 15.0s for detectors to settle
Join finished
measuring baseline. ncounts=60
"baseline" increment series count="2" fit count="1" regressing="True"
starting measurement
GetData ===>> H2,-0.12092169465018,H1,-0.031310219648195,AX,-0.0441073674993894,L1,-0.00787836493952931,L2,-0.0...
GetData ===>> H2,-0.211664126365818,H1,0.0116761781116416,AX,-0.0346913462412732,L1,-0.0182910886249899,L2,-0.0...
GetData ===>> H2,-0.2585080629918,H1,-0.0461913291702086,AX,-0.0572789917142454,L1,-0.0472678696152104,L2,-0.14...
GetData ===>> H2,-0.223328187507385,H1,-0.0441643851283978,AX,-0.00567221150859941,L1,-0.0222259515263719,L2,0....
testing H1>-5.0
evaluate ot="H1.bs>-5.0" t="H1>-5.0", ctx="{'H1': None}"
GetData ===>> H2,-0.0821359060620562,H1,0.0294295546981129,AX,-0.0992400598893949,L1,-0.0484981870674441,L2,-0....
GetData ===>> H2,-0.155960190100148,H1,0.0202899904871547,AX,-0.0473772504256469,L1,-0.0353913935373011,L2,0.03...
GetData ===>> H2,-0.10859218362007,H1,-0.0956717969803343,AX,-0.051516625485814,L1,-0.0504271363884815,L2,-0.18...
GetData ===>> H2,-0.176964352949438,H1,0.0429495262019632,AX,-0.0552268400455991,L1,-0.009172241555655,L2,0.029...
GetData ===>> H2,-0.193221772064512,H1,0.0818667137039821,AX,-0.0727209144383757,L1,-0.0203726094287609,L2,-0.0...
testing H1>-5.0
evaluate ot="H1.bs>-5.0" t="H1>-5.0", ctx="{'H1': None}"
GetData ===>> H2,-0.257486629400752,H1,0.0181185717917256,AX,-0.0876967748046316,L1,-0.0259675589226009,L2,-0.0...
GetData ===>> H2,-0.263472221099841,H1,-0.0841948894473308,AX,-0.0472149184040952,L1,0.00911814110457048,L2,0.0...
GetData ===>> H2,-0.258884357324256,H1,-0.0684134818643266,AX,-0.132193469411708,L1,-0.0174612379202897,L2,-0.0...
GetData ===>> H2,-0.15413617212401,H1,-0.0463463290836906,AX,-0.0437015233016022,L1,-0.0177262699341512,L2,-0.0...
GetData ===>> H2,-0.233360376159624,H1,0.0576171203097832,AX,-0.0198233100953732,L1,-0.00588506181434028,L2,-0....
testing H1>-5.0
evaluate ot="H1.bs>-5.0" t="H1>-5.0", ctx="{'H1': None}"
GetData ===>> H2,-0.0736375443868094,H1,-0.00217356448473078,AX,-0.0795020655634258,L1,-0.00466033991644101,L2,...
GetData ===>> H2,-0.0203670561162324,H1,0.0124635595440516,AX,-0.120167463704793,L1,0.013699851555046,L2,-0.043...
GetData ===>> H2,-0.103530195330044,H1,-0.0249421458337505,AX,-0.107931388776463,L1,-0.0206291726164106,L2,-0.0...
GetData ===>> H2,-0.0896126556083478,H1,-0.0235468395920922,AX,-0.0788529501833204,L1,-0.0208629511319626,L2,-0...
GetData ===>> H2,0.00546202343069548,H1,-0.0638836151301668,AX,-0.135614046801073,L1,-0.0165929393453478,L2,-0....
testing H1>-5.0
evaluate ot="H1.bs>-5.0" t="H1>-5.0", ctx="{'H1': None}"
GetData ===>> H2,-0.0761764699433843,H1,-0.060569530105936,AX,-0.0727440986661404,L1,-0.0181687738912888,L2,0.0...
GetData ===>> H2,-0.196092152146079,H1,-0.019229615029137,AX,-0.111465640451945,L1,0.0160341198880709,L2,-0.066...
GetData ===>> H2,-0.222216990796421,H1,0.0184407023591461,AX,-0.155197121917492,L1,-0.00703047977759906,L2,-0.0...
GetData ===>> H2,-0.187893777668327,H1,-0.0260154450909987,AX,-0.101557823512601,L1,-0.0447253745115952,L2,-0.1...
GetData ===>> H2,-0.093162387226828,H1,-0.035805788069365,AX,-0.0961341700636669,L1,-0.0301281926000658,L2,-0.0...
testing H1>-5.0
evaluate ot="H1.bs>-5.0" t="H1>-5.0", ctx="{'H1': None}"
10:12:25 -- collecting point 25
GetData ===>> H2,-0.0704647854967481,H1,0.0467445153698122,AX,-0.0443044912133809,L1,-0.0630855095185427,L2,-0....
GetData ===>> H2,-0.194778442619548,H1,0.0499190507581961,AX,-0.0790615948848908,L1,-0.0518425006665451,L2,-0.0...
GetData ===>> H2,-0.200949490206387,H1,-0.0554074452477458,AX,-0.0248684911506292,L1,-0.0444967099453462,L2,-0....
GetData ===>> H2,-0.17228625739857,H1,-0.0142323739708015,AX,-0.116992720907267,L1,-0.0163866474528116,L2,-0.03...
GetData ===>> H2,-0.186197244966113,H1,-0.0749218261413496,AX,-0.158501159699246,L1,-0.0391665134894814,L2,-0.0...
testing H1>-5.0
evaluate ot="H1.bs>-5.0" t="H1>-5.0", ctx="{'H1': None}"
GetData ===>> H2,-0.261831662256484,H1,-0.0559200891403709,AX,-0.0944652927883124,L1,-0.0371036118929175,L2,0.0...
GetData ===>> H2,-0.235101504744098,H1,-0.10874409507482,AX,0.0357025522704179,L1,-0.0391353694588096,L2,-0.080...
GetData ===>> H2,-0.287086435252351,H1,-0.106706501906495,AX,-0.0504731021533305,L1,-0.0122869360506797,L2,0.00...
GetData ===>> H2,-0.304226793002173,H1,0.00264559454377107,AX,-0.0493020237551811,L1,-0.0150540438537054,L2,-0....
GetData ===>> H2,-0.197949298576911,H1,0.0246568322195053,AX,-0.0515745986762082,L1,-0.0285901686733417,L2,-0.0...
testing H1>-5.0
evaluate ot="H1.bs>-5.0" t="H1>-5.0", ctx="{'H1': None}"
GetData ===>> H2,-0.226012118677961,H1,0.024621037660544,AX,-0.0286029165050276,L1,-0.0134975463436738,L2,-0.01...
GetData ===>> H2,-0.247674815153889,H1,-0.0344464067155269,AX,-0.0432608905419576,L1,-0.0273945639018664,L2,0.0...
GetData ===>> H2,-0.19585341186652,H1,-0.0695816773930822,AX,-0.0339259645769729,L1,-0.0342583713358951,L2,-0.0...
GetData ===>> H2,-0.205927378414129,H1,0.0133225281698791,AX,-0.0204728193347717,L1,0.0179953712363323,L2,-0.01...
GetData ===>> H2,-0.174822023308369,H1,-0.0721802675160752,AX,-0.0598296283807232,L1,-0.00590665204909127,L2,0....
testing H1>-5.0
evaluate ot="H1.bs>-5.0" t="H1>-5.0", ctx="{'H1': None}"
GetData ===>> H2,-0.279440406829417,H1,-0.0102248595901021,AX,-0.106239537614635,L1,-0.0241268907848644,L2,0.05...
GetData ===>> H2,-0.257721836119067,H1,0.0183213946207462,AX,-0.0439102433861341,L1,0.00241261374681222,L2,0.02...
GetData ===>> H2,-0.318560498809917,H1,0.013942898983488,AX,-0.0417766391993614,L1,-0.0259663606805272,L2,-0.00...
GetData ===>> H2,-0.291844006715079,H1,-0.0571122740842476,AX,-0.0589948819221721,L1,0.00499870984662891,L2,-0....
GetData ===>> H2,-0.123607687423234,H1,-0.00834031819507681,AX,-0.111454052951317,L1,-0.00698850340935923,L2,-0...
testing H1>-5.0
evaluate ot="H1.bs>-5.0" t="H1>-5.0", ctx="{'H1': None}"
GetData ===>> H2,-0.093930446617282,H1,-0.0263493580680894,AX,-0.0405822642601879,L1,-0.0380812068921955,L2,-0....
GetData ===>> H2,-0.17168995252878,H1,-0.0654333294576979,AX,-0.065603095345351,L1,-0.0235492158437007,L2,-0.08...
GetData ===>> H2,-0.156957195855843,H1,-0.0554074452477458,AX,-0.102125667179149,L1,0.014773259657325,L2,-0.012...
GetData ===>> H2,-0.143456706322492,H1,0.0118312679039835,AX,-0.062739591293043,L1,0.00226856106560879,L2,0.059...
GetData ===>> H2,-0.237244581239499,H1,0.0943908280033991,AX,-0.127211778444199,L1,-0.0024780224822431,L2,-0.03...
testing H1>-5.0
evaluate ot="H1.bs>-5.0" t="H1>-5.0", ctx="{'H1': None}"
10:12:52 -- collecting point 50
GetData ===>> H2,-0.222708624635281,H1,0.0309807384947682,AX,-0.00803860403272,L1,0.00326256650739859,L2,-0.058...
GetData ===>> H2,-0.300148491848952,H1,-0.101785126199449,AX,-0.0756420836335712,L1,-0.026581040116054,L2,-0.00...
GetData ===>> H2,-0.263088997151708,H1,-0.0369266675773304,AX,-0.116332268693502,L1,-0.0754693943318556,L2,-0.0...
GetData ===>> H2,-0.199791308265402,H1,0.0395723454847953,AX,-0.104130476474138,L1,-0.0535208187510521,L2,-0.06...
GetData ===>> H2,-0.195177347096847,H1,-0.00944957786901386,AX,-0.107062290827239,L1,-0.0352619767965214,L2,-0....
testing H1>-5.0
evaluate ot="H1.bs>-5.0" t="H1>-5.0", ctx="{'H1': None}"
GetData ===>> H2,-0.182676600436631,H1,0.0384506216152715,AX,-0.0602469989247305,L1,-0.035790417999878,L2,0.046...
GetData ===>> H2,-0.161926056161385,H1,-0.0622623498385931,AX,0.00715834949115318,L1,-0.011643215632973,L2,0.00...
GetData ===>> H2,-0.153347024504554,H1,-0.0466801742358357,AX,-0.106251125736354,L1,-0.0079862942773661,L2,-0.0...
GetData ===>> H2,-0.203056564866201,H1,0.0587868012771554,AX,-0.00773700818442723,L1,-0.0263605746198982,L2,-0....
GetData ===>> H2,-0.160555413953991,H1,-0.0248825177597166,AX,-0.0355378977381441,L1,-0.0142046671566402,L2,-0....
testing H1>-5.0
evaluate ot="H1.bs>-5.0" t="H1>-5.0", ctx="{'H1': None}"
GetData ===>> H2,-0.121286897160432,H1,-0.0132543644285164,AX,-0.100932032775969,L1,0.00246183221847961,L2,-0.1...
measurement finished
estimated time: 62.915 actual time: :63.267
flush and close file /Users/jan/PychronDev/data/isotopes/b9/62a231-3e46-42c2-918f-d6cdfe04baf0.h5
activate_detectors ('H1', 'AX', 'CDD') {'peak_center': True}
peak_center () {'detector': 'H1', 'integration_time': 0.262144, 'isotope': 'Ar40'}
peak center: mean=399.052178022 threshold=3
peak center started
setup peak center. detector=['H1', 'AX', 'CDD'], isotope=Ar40
VersionedUnpickler [<apptools.sweet_pickle.versioned_unpickler.VersionedUnpickler object at 0x1e74661d0>] using Updater [<apptools.sweet_pickle.updater.Updater object at 0x135230b30>]
VersionedUnpickler [<apptools.sweet_pickle.versioned_unpickler.VersionedUnpickler object at 0x1e74661d0>] using Updater [<apptools.sweet_pickle.updater.Updater object at 0x135230b30>]
VersionedUnpickler [<apptools.sweet_pickle.versioned_unpickler.VersionedUnpickler object at 0x1dd38df50>] using Updater [<apptools.sweet_pickle.updater.Updater object at 0x135230b30>]
setting integration time = 0.524288
SetIntegrationTime 0.524288 ===>> OK
Mapping mass to dac mass func: "parabolic"
H1 map mass coeffs = [-0.00063987  0.15840543  0.57078999]
H1 map mass to dac 39.9624 >> 5.87918
GetDeflection H1 ===>> 0
GetHighVoltage ===>> 4499.94659342336
do peak center. <pychron.spectrometer.jobs.peak_center.PeakCenter object at 0x1352309b0>
doing pc
starting peak center. center dac= 5.87914537806 step_width=0.001
width = 0.001
get scan parameters. half-width=0.015,window=0.015, i=0, scalar=1
Scan parameters center=5.87915 width=0.03000 (5.86415 - 5.89415)
GetData ===>> H2,-0.184843072969463,H1,-0.122562974802442,AX,-0.0989851025198299,L1,0.0326763847488183,L2,-0.02...
Moving to starting dac 5.86414537806
setting magnet DAC
current  : 5.239805
requested: 5.864145
Delta Dac: 0.624340
Checking detector protection. dv=0.62434
Checking detector "CDD". Protection Threshold: 0.1 (V)
ProtectDetector CDD,On ===>> OK
GetDeflection CDD ===>> 2000
Protected = 2000
SetMagnetDAC 5.86414537806 ===>> OK
Magnet settling time: 0.500
GetMagnetMoving ===>> True
GetMagnetMoving ===>> True
GetMagnetMoving ===>> True
GetMagnetMoving ===>> True
GetMagnetMoving ===>> True
GetMagnetMoving ===>> True
GetMagnetMoving ===>> True
GetMagnetMoving ===>> True
GetMagnetMoving ===>> False
ProtectDetector CDD,Off ===>> OK
GetDeflection CDD ===>> 50
Wait until signal near baseline. tol= -0.0919222311018. timeout= 10
GetData ===>> H2,1.00754203272493,H1,0.498971298761819,AX,-0.0417186601718905,L1,-0.0173453609368825,L2,0.23800...
GetData ===>> H2,18.7246245901049,H1,8.40729129200424,AX,0.428586171056704,L1,-0.0212264359615753,L2,-0.0744405...
GetData ===>> H2,20.8906697079727,H1,11.2546508355078,AX,0.906327235823673,L1,-0.018193575545715,L2,-0.08586335...
GetData ===>> H2,11.1383228997493,H1,5.49315319152333,AX,0.441564530635002,L1,-0.0243134565820224,L2,0.08915451...
GetData ===>> H2,4.52845459959431,H1,2.84097187294468,AX,0.295768859936011,L1,-0.0542791399212524,L2,-0.0803796...
GetData ===>> H2,1.52938999092975,H1,1.46223624454598,AX,0.0841830184880848,L1,-0.0247229125843426,L2,0.0940099...
GetData ===>> H2,0.430919137112844,H1,0.861642600792334,AX,-0.0227692636767554,L1,-0.0176520682580095,L2,-0.083...
GetData ===>> H2,0.160024782057956,H1,0.585401434477428,AX,-0.0513427057075004,L1,-0.0140644454535132,L2,-0.053...
GetData ===>> H2,0.0237116320161737,H1,0.492904629932034,AX,-0.01662209409088,L1,0.0046516973806075,L2,-0.12440...
GetData ===>> H2,-0.0185517344135672,H1,0.319286817512832,AX,0.0473082796616183,L1,0.0120450683204227,L2,0.0345...
GetData ===>> H2,0.0484666763084085,H1,0.231489749439207,AX,-0.02205018087133,L1,0.0108434969451408,L2,0.055902...
GetData ===>> H2,0.0136792710675774,H1,0.402498735806201,AX,0.0871266139483795,L1,-0.00430405101781371,L2,-0.02...
GetData ===>> H2,-0.00834431981483747,H1,0.420215871738461,AX,0.096514264666209,L1,-0.00394654982072792,L2,-0.0...
GetData ===>> H2,-0.0743329925197372,H1,0.414142438901588,AX,0.0402750437058006,L1,-0.0184810896936706,L2,-0.06...
GetData ===>> H2,-0.0987050883838833,H1,0.269660205593359,AX,0.00836492685114876,L1,-0.0352775548257488,L2,-0.0...
GetData ===>> H2,-0.110496297289644,H1,0.283939071082329,AX,-0.0467974919624798,L1,-0.062375491993806,L2,0.0840...
GetData ===>> H2,-0.104471559828464,H1,0.344085444743336,AX,0.0127040882640554,L1,-0.041212225351854,L2,-0.0178...
GetData ===>> H2,-0.186779487277151,H1,0.363656321210715,AX,-0.0436203542589392,L1,-0.0335162058349967,L2,0.001...
GetData ===>> H2,-0.114914456705152,H1,0.233327518321747,AX,-0.113562955331394,L1,-0.0356082826725068,L2,-0.053...
GetData ===>> H2,-0.146557398401232,H1,0.301253132832114,AX,-0.103620586698083,L1,-0.00821414130153838,L2,-0.09...
GetData ===>> H2,-0.174981379637878,H1,0.335173478651441,AX,0.050117073605501,L1,0.0138896752376162,L2,0.047471...
Peak center failed to move to a baseline position
_do_sweep sm= 5.86414537806, em= 5.89414537806, stm= 0.001
calculated step values: start=5.86414537806, end=5.89414537806, width=0.001, nsteps=31.0
setting magnet DAC
current  : 5.864145
requested: 5.864145
Delta Dac: 0.000000
Checking detector protection. dv=0.00000
Checking detector "CDD". Protection Threshold: 0.1 (V)
SetMagnetDAC 5.86414537806 ===>> OK
GetData ===>> H2,-0.174981379637878,H1,0.335173478651441,AX,0.050117073605501,L1,0.0138896752376162,L2,0.047471...
setting magnet DAC
current  : 5.864145
requested: 5.865180
Delta Dac: 0.001034
Checking detector protection. dv=0.00103
Checking detector "CDD". Protection Threshold: 0.1 (V)
SetMagnetDAC 5.86517986082 ===>> OK
Magnet settling time: 1.049
GetData ===>> H2,-0.0963457256359672,H1,0.659010528780635,AX,-0.000173606737574963,L1,0.00489184314199669,L2,-0...
setting magnet DAC
current  : 5.865180
requested: 5.866214
Delta Dac: 0.001034
Checking detector protection. dv=0.00103
Checking detector "CDD". Protection Threshold: 0.1 (V)
SetMagnetDAC 5.86621434358 ===>> OK
Magnet settling time: 1.049
GetData ===>> H2,0.0261455604131171,H1,2.14890013869813,AX,0.199234850579019,L1,-0.064201409709806,L2,0.1261348...
setting magnet DAC
current  : 5.866214
requested: 5.867249
Delta Dac: 0.001034
Checking detector protection. dv=0.00103
Checking detector "CDD". Protection Threshold: 0.1 (V)
SetMagnetDAC 5.86724882634 ===>> OK
Magnet settling time: 1.049
GetData ===>> H2,-0.0871308622843089,H1,7.9145869005256,AX,0.56832776069558,L1,-0.0548819285205987,L2,-0.003256...
setting magnet DAC
current  : 5.867249
requested: 5.868283
Delta Dac: 0.001034
Checking detector protection. dv=0.00103
Checking detector "CDD". Protection Threshold: 0.1 (V)
SetMagnetDAC 5.86828330909 ===>> OK
Magnet settling time: 1.049
GetData ===>> H2,-0.161861241348045,H1,27.0088561894936,AX,2.13653909676732,L1,-0.0133309462420526,L2,0.0862368...
setting magnet DAC
current  : 5.868283
requested: 5.869318
Delta Dac: 0.001034
Checking detector protection. dv=0.00103
Checking detector "CDD". Protection Threshold: 0.1 (V)
SetMagnetDAC 5.86931779185 ===>> OK
Magnet settling time: 1.049
GetData ===>> H2,-0.12635523585149,H1,76.4857261273407,AX,6.3783928501021,L1,0.0291247812046122,L2,-0.046674430...
setting magnet DAC
current  : 5.869318
requested: 5.870352
Delta Dac: 0.001034
Checking detector protection. dv=0.00103
Checking detector "CDD". Protection Threshold: 0.1 (V)
SetMagnetDAC 5.87035227461 ===>> OK
Magnet settling time: 1.049
GetData ===>> H2,-0.074853534060798,H1,159.802192809967,AX,14.416715607295,L1,0.0662608517622883,L2,0.044031446...
setting magnet DAC
current  : 5.870352
requested: 5.871387
Delta Dac: 0.001034
Checking detector protection. dv=0.00103
Checking detector "CDD". Protection Threshold: 0.1 (V)
SetMagnetDAC 5.87138675737 ===>> OK
Magnet settling time: 1.049
GetData ===>> H2,-0.131324012983951,H1,253.522238108855,AX,25.1613891603877,L1,0.156865070550102,L2,0.006376812...
setting magnet DAC
current  : 5.871387
requested: 5.872421
Delta Dac: 0.001034
Checking detector protection. dv=0.00103
Checking detector "CDD". Protection Threshold: 0.1 (V)
SetMagnetDAC 5.87242124013 ===>> OK
Magnet settling time: 1.049
GetData ===>> H2,-0.218278386510822,H1,349.555139508826,AX,38.811738955085,L1,0.351762891586317,L2,0.0518694824...
setting magnet DAC
current  : 5.872421
requested: 5.873456
Delta Dac: 0.001034
Checking detector protection. dv=0.00103
Checking detector "CDD". Protection Threshold: 0.1 (V)
SetMagnetDAC 5.87345572289 ===>> OK
Magnet settling time: 1.049
GetData ===>> H2,-0.152699720293462,H1,372.281780986625,AX,43.1472803133672,L1,0.437015440636591,L2,0.025692038...
setting magnet DAC
current  : 5.873456
requested: 5.874490
Delta Dac: 0.001034
Checking detector protection. dv=0.00103
Checking detector "CDD". Protection Threshold: 0.1 (V)
SetMagnetDAC 5.87449020565 ===>> OK
Magnet settling time: 1.049
GetData ===>> H2,-0.0974767656929333,H1,379.486516401053,AX,44.8666284521727,L1,0.477460192162773,L2,0.01956449...
setting magnet DAC
current  : 5.874490
requested: 5.875525
Delta Dac: 0.001034
Checking detector protection. dv=0.00103
Checking detector "CDD". Protection Threshold: 0.1 (V)
SetMagnetDAC 5.87552468841 ===>> OK
Magnet settling time: 1.049
GetData ===>> H2,-0.175189085163832,H1,381.463048555634,AX,45.3232631013482,L1,0.519862811555788,L2,0.107893679...
setting magnet DAC
current  : 5.875525
requested: 5.876559
Delta Dac: 0.001034
Checking detector protection. dv=0.00103
Checking detector "CDD". Protection Threshold: 0.1 (V)
SetMagnetDAC 5.87655917116 ===>> OK
Magnet settling time: 1.049
GetData ===>> H2,-0.196802947898726,H1,382.486109557287,AX,45.4634686311429,L1,0.575715194927295,L2,0.120274482...
setting magnet DAC
current  : 5.876559
requested: 5.877594
Delta Dac: 0.001034
Checking detector protection. dv=0.00103
Checking detector "CDD". Protection Threshold: 0.1 (V)
SetMagnetDAC 5.87759365392 ===>> OK
Magnet settling time: 1.049
GetData ===>> H2,-0.130388816358478,H1,382.465209526986,AX,45.5892395273151,L1,0.559276158920245,L2,0.106685325...
setting magnet DAC
current  : 5.877594
requested: 5.878628
Delta Dac: 0.001034
Checking detector protection. dv=0.00103
Checking detector "CDD". Protection Threshold: 0.1 (V)
SetMagnetDAC 5.87862813668 ===>> OK
Magnet settling time: 1.049
GetData ===>> H2,-0.231167223067202,H1,382.001602317368,AX,45.4001085080639,L1,0.579448363296492,L2,0.098409653...
setting magnet DAC
current  : 5.878628
requested: 5.879663
Delta Dac: 0.001034
Checking detector protection. dv=0.00103
Checking detector "CDD". Protection Threshold: 0.1 (V)
SetMagnetDAC 5.87966261944 ===>> OK
Magnet settling time: 1.049
GetData ===>> H2,-0.148897312982194,H1,382.230744867466,AX,45.5918420175409,L1,0.564942693869892,L2,0.097452184...
setting magnet DAC
current  : 5.879663
requested: 5.880697
Delta Dac: 0.001034
Checking detector protection. dv=0.00103
Checking detector "CDD". Protection Threshold: 0.1 (V)
SetMagnetDAC 5.8806971022 ===>> OK
Magnet settling time: 1.049
GetData ===>> H2,-0.098772723441882,H1,381.937582899566,AX,45.3218055725122,L1,0.571842806992688,L2,0.122053071...
setting magnet DAC
current  : 5.880697
requested: 5.881732
Delta Dac: 0.001034
Checking detector protection. dv=0.00103
Checking detector "CDD". Protection Threshold: 0.1 (V)
SetMagnetDAC 5.88173158496 ===>> OK
Magnet settling time: 1.049
GetData ===>> H2,-0.108705293822349,H1,381.962481519999,AX,45.3007448280861,L1,0.562355412658286,L2,0.079900273...
setting magnet DAC
current  : 5.881732
requested: 5.882766
Delta Dac: 0.001034
Checking detector protection. dv=0.00103
Checking detector "CDD". Protection Threshold: 0.1 (V)
SetMagnetDAC 5.88276606772 ===>> OK
Magnet settling time: 1.049
GetData ===>> H2,-0.169555409490348,H1,381.055580228776,AX,44.8790614017359,L1,0.58683477119583,L2,0.0442592868...
setting magnet DAC
current  : 5.882766
requested: 5.883801
Delta Dac: 0.001034
Checking detector protection. dv=0.00103
Checking detector "CDD". Protection Threshold: 0.1 (V)
SetMagnetDAC 5.88380055047 ===>> OK
Magnet settling time: 1.049
GetData ===>> H2,-0.182847252028909,H1,379.045843552381,AX,44.7793756335413,L1,0.577770368365055,L2,0.071604126...
setting magnet DAC
current  : 5.883801
requested: 5.884835
Delta Dac: 0.001034
Checking detector protection. dv=0.00103
Checking detector "CDD". Protection Threshold: 0.1 (V)
SetMagnetDAC 5.88483503323 ===>> OK
Magnet settling time: 1.049
GetData ===>> H2,-0.0928680194596049,H1,370.564748985756,AX,42.8743391367786,L1,0.534748997041238,L2,0.10723250...
setting magnet DAC
current  : 5.884835
requested: 5.885870
Delta Dac: 0.001034
Checking detector protection. dv=0.00103
Checking detector "CDD". Protection Threshold: 0.1 (V)
SetMagnetDAC 5.88586951599 ===>> OK
Magnet settling time: 1.049
GetData ===>> H2,-0.228561043081783,H1,343.567362137242,AX,37.5317216556146,L1,0.518450448174972,L2,0.098614827...
setting magnet DAC
current  : 5.885870
requested: 5.886904
Delta Dac: 0.001034
Checking detector protection. dv=0.00103
Checking detector "CDD". Protection Threshold: 0.1 (V)
SetMagnetDAC 5.88690399875 ===>> OK
Magnet settling time: 1.049
GetData ===>> H2,-0.275882452294815,H1,284.085391860049,AX,27.9882112932771,L1,0.371930379620785,L2,0.012161860...
setting magnet DAC
current  : 5.886904
requested: 5.887938
Delta Dac: 0.001034
Checking detector protection. dv=0.00103
Checking detector "CDD". Protection Threshold: 0.1 (V)
SetMagnetDAC 5.88793848151 ===>> OK
Magnet settling time: 1.049
GetData ===>> H2,-0.200958927756113,H1,190.840792372132,AX,16.2155859636532,L1,0.281350623840187,L2,-0.00216346...
setting magnet DAC
current  : 5.887938
requested: 5.888973
Delta Dac: 0.001034
Checking detector protection. dv=0.00103
Checking detector "CDD". Protection Threshold: 0.1 (V)
SetMagnetDAC 5.88897296427 ===>> OK
Magnet settling time: 1.049
GetData ===>> H2,-0.165304015103189,H1,98.7957755882249,AX,7.12891535650856,L1,0.184315946348157,L2,0.000501019...
setting magnet DAC
current  : 5.888973
requested: 5.890007
Delta Dac: 0.001034
Checking detector protection. dv=0.00103
Checking detector "CDD". Protection Threshold: 0.1 (V)
SetMagnetDAC 5.89000744703 ===>> OK
Magnet settling time: 1.049
GetData ===>> H2,-0.109957445804147,H1,21.7481239162689,AX,1.05560662591341,L1,0.0638688733398584,L2,-0.1710203...
setting magnet DAC
current  : 5.890007
requested: 5.891042
Delta Dac: 0.001034
Checking detector protection. dv=0.00103
Checking detector "CDD". Protection Threshold: 0.1 (V)
SetMagnetDAC 5.89104192978 ===>> OK
Magnet settling time: 1.049
GetData ===>> H2,-0.195094939179651,H1,6.21065509319843,AX,0.275678751049094,L1,0.0674931582406634,L2,0.0325489...
setting magnet DAC
current  : 5.891042
requested: 5.892076
Delta Dac: 0.001034
Checking detector protection. dv=0.00103
Checking detector "CDD". Protection Threshold: 0.1 (V)
SetMagnetDAC 5.89207641254 ===>> OK
Magnet settling time: 1.049
GetData ===>> H2,-0.259255263742419,H1,1.45010490498871,AX,0.0637657227972001,L1,0.0475468391394115,L2,0.079398...
setting magnet DAC
current  : 5.892076
requested: 5.893111
Delta Dac: 0.001034
Checking detector protection. dv=0.00103
Checking detector "CDD". Protection Threshold: 0.1 (V)
SetMagnetDAC 5.8931108953 ===>> OK
Magnet settling time: 1.049
GetData ===>> H2,-0.192579667957903,H1,0.198964430731619,AX,-0.0521775178087714,L1,0.0169583715272122,L2,0.0912...
setting magnet DAC
current  : 5.893111
requested: 5.894145
Delta Dac: 0.001034
Checking detector protection. dv=0.00103
Checking detector "CDD". Protection Threshold: 0.1 (V)
SetMagnetDAC 5.89414537806 ===>> OK
Magnet settling time: 1.049
GetData ===>> H2,-0.0887475228069401,H1,0.060624898975692,AX,-0.140603838449756,L1,0.0220685401493419,L2,-0.107...
result of _do_sweep=True
result of _calculate_peak_center=([5.871662481232141, 5.8792956786614825, 5.886928876090824], [279.11818176859009, 382.48594202197398, 281.77537618253325], 5.8765674636106908, 382.48594202197398)
Failed to find a valid peak. No peak greater than 1.0. max = 0.0486937590056
new center pos Detector(H1) (Ar40) @ 5.87929567866
GetHighVoltage ===>> 4499.94659342336
GetDeflection H1 ===>> 0
dac uncorrected for HV and deflection 5.87933030149
update mftable H1 Ar40 5.87933030149 message=automated run peakcenter
get initial guess parabolic
get initial guess parabolic
get initial guess parabolic
get initial guess parabolic
get initial guess parabolic
get initial guess parabolic
dump mftable to /Users/jan/PychronDev/setupfiles/spectrometer/mftables/mftable.csv
add to repo msg=modified - automated run peakcenter
locally archiving mftable
setting magnet DAC
current  : 5.894145
requested: 5.879296
Delta Dac: 0.014850
Checking detector protection. dv=0.01485
Checking detector "CDD". Protection Threshold: 0.1 (V)
SetMagnetDAC 5.87929567866 ===>> OK
Magnet settling time: 0.500
sweep finished
setting integration time = 1.048576
SetIntegrationTime 1.048576 ===>> OK
Failed to find a valid peak. No peak greater than 1.0. max = 0.0486937590056
flush and close file /Users/jan/PychronDev/data/isotopes/b9/62a231-3e46-42c2-918f-d6cdfe04baf0.h5
finished measure script
executed snippet estimated_duration=226.132928, duration=273.369186878
jan_unknown120_60.py completed successfully
Measurement Finished
10:13:50 -- ******* Measurement Finished *******
Post Measurement Started jan_pump_ms.py
10:13:50 -- ******* Post Measurement Started jan_pump_ms.py *******
testing...
no interpolation path defined
executed snippet estimated_duration=0, duration=2.69412994385e-05
Pumping spectrometer
open () {'name': 'O'}
opening name=O desc=---
checking ownership. requestor=129.138.12.150
check software interlocks O
interlocks []
actuate state mode=None-script, software_lock=False
doing actuation None-script open_channel True
Open O ===>> OK
GetIndicatorState O ===>> OK
change switch state (True, True)
update switch state O True args=() kw={} ncanvase=2
10:13:50 -- OPEN   VALVE-O (Jan Ion Pump)
---------------------------------------- open O () result=[(True, True)], time=0.10 sec
action=open, ok=True, locked=[False]
executed snippet estimated_duration=0, duration=0.346637964249
jan_pump_ms.py completed successfully
setting _ms_pumptime
Post Measurement Finished
10:13:50 -- ******* Post Measurement Finished *******
$$$$$$$$$$$$$$$$$$$$ state at run end measurement
state changed from measurement to success
post measurement save measured=True aborted=False
Set filtering
setting fod for Ar40= {'filter_outliers': True, 'std_devs': 2, 'iterations': 1}
setting fod for H1= {'filter_outliers': True, 'std_devs': 2, 'iterations': 1}
setting fod for PM41= {'filter_outliers': False, 'std_devs': 2, 'iterations': 1}
setting fod for H2= {'filter_outliers': True, 'std_devs': 2, 'iterations': 1}
setting fod for Ar36= {'filter_outliers': True, 'std_devs': 2, 'iterations': 1}
setting fod for CDD= {'filter_outliers': True, 'std_devs': 10, 'iterations': 1}
setting fod for Ar37= {'filter_outliers': True, 'std_devs': 2, 'iterations': 1}
setting fod for L2= {'filter_outliers': True, 'std_devs': 2, 'iterations': 1}
setting fod for Ar38= {'filter_outliers': True, 'std_devs': 2, 'iterations': 1}
setting fod for L1= {'filter_outliers': True, 'std_devs': 2, 'iterations': 1}
setting fod for Ar39= {'filter_outliers': True, 'std_devs': 2, 'iterations': 1}
setting fod for AX= {'filter_outliers': True, 'std_devs': 2, 'iterations': 1}
persistence save...
persistence save - db
post measurement save
8064106320 connecting to database sqlite:////Users/jan/PychronDev/.appdata/local_lab.db
connected to db sqlite:////Users/jan/PychronDev/.appdata/local_lab.db
create new session 8064106320
close session 8064106320
No database instance. Not saving post measurement to isotopedb database
$$$$$$$$$$$$$$$ auto_save_detector_ic=False
massspec enabled True
create new session 4985539184
MassSpec Database Version: 16.0
close session 4985539184
saving post measurement to secondary database
saving to massspec database 129.138.12.160/massspecdata
setting labnumber to 25315
setting aliquot to 6
setting step to 
setting uuid to b962a231-3e46-42c2-918f-d6cdfe04baf0
setting irradpos to 25315
setting extract_device to Fusions CO2
setting tray to 
setting position to 72
setting power_requested to 5.0
setting extract_value to 5.0
setting duration to 30.0
setting duration_at_request to 30.0
setting first_stage_delay to 30.0
setting cleanup to 30.0
setting comment to J:12
setting irradiation to NM-288
setting level to J
setting irradiation_level to J
setting sample to FC-2
setting material to 
setting project to 
setting mass_spectrometer to jan
no attribute chron_dosages
no attribute production_ratios
no attribute interference_corrections
no attribute production_name
no attribute j
Reference Isotope=Ar40
Reference Detector=H1
%%%%%%%%%%%%%%%%%%%% Comment: J:12 %%%%%%%%%%%%%%%%%%%
adding isotope PM41 H2
add baseline dbdet= PM41. original det= H2
get baseline data PM41 H2
Get data baseline <pychron.processing.isotope.Baseline object at 0x1e53e0650> len t=60
baseline PM41. v=-0.192074770897, e=0.00848399767757
get signal data PM41 H2
Get data signal PM41 0.07+/-0.07 len t=120
adding isotope Ar40 H1
add baseline dbdet= Ar40. original det= H1
get baseline data Ar40 H1
Get data baseline <pychron.processing.isotope.Baseline object at 0x1e53e0850> len t=60
baseline Ar40. v=-0.020653917064, e=0.00584298380802
get signal data Ar40 H1
Get data signal Ar40 416.923+/-0.032 len t=120
adding isotope Ar39 AX
add baseline dbdet= Ar39. original det= AX
get baseline data Ar39 AX
Get data baseline <pychron.processing.isotope.Baseline object at 0x1e53e0a10> len t=60
baseline Ar39. v=-0.0679816837716, e=0.00476576349741
get signal data Ar39 AX
Get data signal Ar39 49.716+/-0.017 len t=120
adding isotope Ar38 L1
add baseline dbdet= Ar38. original det= L1
get baseline data Ar38 L1
Get data baseline <pychron.processing.isotope.Baseline object at 0x1e53e0bd0> len t=60
baseline Ar38. v=-0.0189654656689, e=0.00239907201256
get signal data Ar38 L1
Get data signal Ar38 0.665+/-0.004 len t=120
adding isotope Ar37 L2
add baseline dbdet= Ar37. original det= L2
get baseline data Ar37 L2
Get data baseline <pychron.processing.isotope.Baseline object at 0x1e53e0d90> len t=60
baseline Ar37. v=-0.0327338658793, e=0.00628365215817
get signal data Ar37 L2
Get data signal Ar37 0.157+/-0.010 len t=120
adding isotope Ar36 CDD
add baseline dbdet= Ar36. original det= CDD
get baseline data Ar36 CDD
Get data baseline <pychron.processing.isotope.Baseline object at 0x1e53e0f50> len t=60
baseline Ar36. v=0.000116611239532, e=1.62503463675e-05
get signal data Ar36 CDD
Get data signal Ar36 0.0371+/-0.0005 len t=120
25315-06 added analysis time 0.50573515892s
analysis added to mass spec database
mass spec save time= 0.513
persistence save - dvc
================= post measurement started
create new session 4989601072
close session 4989601072
---------------- Experiment Queue saving disabled
DVC saving peakcenter
Failed to find a valid peak. No peak greater than 1.0. max = 0.0486937590056
Smart pull ahead: 0 behind: 0
Up-to-date with origin
add to repo msg=modified - ad8224ebc6dbfeb9f5997218dfa5fe690569839d.json
add to repo msg=modified - 15-06.json
add to repo msg=modified - 15-06.dat.json
add to repo msg=modified - 15-06.blan.json
add to repo msg=modified - 15-06.inte.json
add to repo msg=modified - 15-06.icfa.json
add to repo msg=modified - 15-06.base.json
not at valid file /Users/jan/PychronDev/data/.dvc/repositories/Load1791/253/tags/15-06.tags.json
add to repo msg=modified - 15-06.peak.json
add to repo msg=modified - 15-06.extr.json
not at valid file /Users/jan/PychronDev/data/.dvc/repositories/Load1791/253/monitor/15-06.moni.json
commit message=<COLLECTION>
add to repo msg=modified - 15-06.inte.json
add to repo msg=modified - 15-06.base.json
commit message=<ISOEVO> default collection fits
add to repo msg=modified - 15-06.blan.json
commit message=<BLANKS> preceding ba-01-J-2314
add to repo msg=modified - 15-06.icfa.json
commit message=<ICFactor> default
push repository <pychron.git_archive.repo_manager.GitRepoManager object at 0x1df267c50>
pushing to remote=origin, url=https://github.com
no changes to meta repo
create new session 4989601072
add association Load1791
get identifier "25315"
setting analysis irradiation position=<pychron.dvc.dvc_orm.IrradiationPositionTbl object at 0x1e683f7d0>
close session 4989601072
================= post measurement finished
10:14:03 -- ******* Post Run Check *******
loading queue conditionals post_run_actions
loading system conditionals post_run_actions
loading conditionals from /Users/jan/PychronDev/setupfiles/spectrometer/default_conditionals.yaml
loading queue conditionals post_run_terminations
loading system conditionals post_run_terminations
loading conditionals from /Users/jan/PychronDev/setupfiles/spectrometer/default_conditionals.yaml
Checking default post run terminations n=1
GetDeflection CDD ===>> 50
testing CDD==2000
evaluate ot="CDD.deflection==2000" t="CDD==2000", ctx="{'CDD': 50.0}"
10:14:04 -- ******* Post Run Check Passed *******
10:14:04 -- Automated run 25315-06 success duration: 365.296 s
----------------- finish -----------------
----------------- stop -----------------
retroactive repository identifiers disabled
finish run. runs completed=94
update duration runid=25315-06, duration=365.295941114, md5=301e91d8
write rem/ex queues
/Users/jan/PychronDev/experiments/rem/CurrentExperiment.rem.txt
/Users/jan/PychronDev/experiments/rem/CurrentExperiment.ex.txt
doing event level: 3
