do run
loading script "jan_unknown120_60.py"
loading script "jan_pump_ms.py"
loading script "jan_co2.py"
loading script "jan_pump_extraction_line.py"
testing...
no interpolation path defined
executed snippet estimated_duration=213.652928, duration=0.000250101089478
script duration name:unknown120_60 seconds:214.0
loading script "jan_unknown120_60.py"
loading script "jan_pump_ms.py"
loading script "jan_co2.py"
loading script "jan_pump_extraction_line.py"
testing...
no interpolation path defined
executed snippet estimated_duration=0, duration=2.90870666504e-05
loading script "jan_unknown120_60.py"
loading script "jan_pump_ms.py"
loading script "jan_co2.py"
loading script "jan_pump_extraction_line.py"
testing...
no interpolation path defined
calculate duration
testing...
no interpolation path defined
executed snippet estimated_duration=0, duration=6.103515625e-05
calculate duration
testing...
no interpolation path defined
executed snippet estimated_duration=0, duration=9.70363616943e-05
executed snippet estimated_duration=0.0, duration=0.0029239654541
script duration name:co2 seconds:0.0
loading script "jan_unknown120_60.py"
loading script "jan_pump_ms.py"
loading script "jan_co2.py"
loading script "jan_pump_extraction_line.py"
testing...
no interpolation path defined
calculate duration
testing...
no interpolation path defined
executed snippet estimated_duration=4.0, duration=0.000152111053467
executed snippet estimated_duration=4.0, duration=0.00165486335754
Script duration 214.0
Run total estimated duration= 215.000
run duration: 0:03:35
doing event level: 2
09:54:04 -- Setting default integration. t=1.048576
setting integration time = 1.048576
SetIntegrationTime 1.048576 ===>> OK
----------------- start -----------------
**************** Experiment Type: Ar/Ar, Ar/Ar
create new session 4436069840
close session 4436069840
$$$$$ Clearing conditionals
adding conditionals 
Add queue conditionals
add default conditionals
adding default conditionals from /Users/jan/PychronDev/setupfiles/spectrometer/default_conditionals.yaml
Start automated run 25315-04
loading script "jan_unknown120_60.py"
loading script "jan_pump_ms.py"
loading script "jan_co2.py"
loading script "jan_pump_extraction_line.py"
%%%%%%%%%%%%%%%%%% setting automated run 25315-04
No value "sensitivity_multiplier" in metadata
$$$$$$$$$$$$$$$ auto_save_detector_ic=False
============================= Pre Extraction Check =============================
loading queue conditionals pre_run_terminations
loading system conditionals pre_run_terminations
loading conditionals from /Users/jan/PychronDev/setupfiles/spectrometer/default_conditionals.yaml
09:54:04 -- ******* Pre Extraction Check *******
Get a measurement from the spectrometer
GetData ===>> H2,-0.220863203542563,H1,-0.0468590193949623,AX,-0.104292713569752,L1,0.00312210326487491,L2,0.08...
Pre Extraction Termination data. keys=H2,H1,AX,L1,L2,CDD, signals=-0.22086,-0.04686,-0.10429,0.00312,0.08619,0.00506
09:54:04 -- testing system defined conditionals
Checking default pre extraction terminations n=2
testing CDD
evaluate ot="CDD.inactive" t="CDD", ctx="{'CDD': False}"
GetDeflection CDD ===>> 50
testing CDD==2000
evaluate ot="CDD.deflection==2000" t="CDD==2000", ctx="{'CDD': 50.0}"
09:54:04 -- ******* Pre Extraction Check Passed *******
=================================================================================
09:54:04 -- stopping status monitor
stop 4982387056
Alive clients [4989850544]
09:54:04 -- starting status monitor
start 4982387056
Monitor already running
start extraction
do extraction
Analysis started at 09:54:04.677139
Extraction Started jan_co2.py
09:54:04 -- ******* Extraction Started jan_co2.py *******
state changed from not run to extraction
DO EXTRACTION <pychron.extraction_line.pyscript_runner.RemotePyScriptRunner object at 0x12c299590>
testing...
no interpolation path defined
calculate duration
testing...
no interpolation path defined
executed snippet estimated_duration=0, duration=4.88758087158e-05
calculate duration
testing...
no interpolation path defined
executed snippet estimated_duration=0, duration=9.51290130615e-05
executed snippet estimated_duration=100.0, duration=0.00291109085083
Jan CO2 laser analysis
doing GOSUB
testing...
no interpolation path defined
executed snippet estimated_duration=0, duration=4.48226928711e-05
Waiting for CO2 access
wait ('FelixCO2Flag', 0) {}
waiting for FelixCO2Flag = 0
Read FelixCO2Flag ===>> 0
finished waiting
CO2 free
wait ('CO2PumpTimeFlag', 0) {}
waiting for CO2PumpTimeFlag = 0
Read CO2PumpTimeFlag ===>> 0
finished waiting
acquire ('JanCO2Flag',) {'clear': True}
acquire JanCO2Flag
Set JanCO2Flag 1 ===>> OK
JanCO2Flag acquired
set extraction state False (0.75, 'red', 1.5)
CO2 acquired
executed snippet estimated_duration=0, duration=0.0233550071716
WaitForCO2Access.py completed successfully
gosub finished
doing GOSUB
testing...
no interpolation path defined
executed snippet estimated_duration=0, duration=9.91821289062e-05
Prepare for CO2 analysis
close () {'description': 'Jan Inlet'}
closing name=--- desc=Jan Inlet
checking ownership. requestor=129.138.12.150
check software interlocks R
interlocks []
actuate state mode=None-script, software_lock=False
doing actuation None-script close_channel False
Close R ===>> OK
GetIndicatorState R ===>> False
change switch state (True, True)
update switch state R False args=() kw={} ncanvase=2
09:54:05 -- CLOSE  VALVE-R (Jan Inlet)
---------------------------------------- close None (Jan Inlet) result=[(True, True)]
action=close, ok=True, locked=[False]
open () {'description': 'Jan Ion Pump'}
opening name=--- desc=Jan Ion Pump
checking ownership. requestor=129.138.12.150
check software interlocks O
interlocks []
actuate state mode=None-script, software_lock=False
doing actuation None-script open_channel False
Open O ===>> OK
GetIndicatorState O ===>> OK
change switch state (True, True)
update switch state O True args=() kw={} ncanvase=2
09:54:05 -- OPEN   VALVE-O (Jan Ion Pump)
---------------------------------------- open None (Jan Ion Pump) result=[(True, True)], time=0.09 sec
action=open, ok=True, locked=[False]
close () {'description': 'Microbone to Minibone'}
closing name=--- desc=Microbone to Minibone
checking ownership. requestor=129.138.12.150
check software interlocks L
interlocks []
actuate state mode=None-script, software_lock=False
doing actuation None-script close_channel False
Close L ===>> OK
GetIndicatorState L ===>> False
change switch state (True, True)
update switch state L False args=() kw={} ncanvase=2
09:54:06 -- CLOSE  VALVE-L (Microbone to Minibone)
---------------------------------------- close None (Microbone to Minibone) result=[(True, True)]
action=close, ok=True, locked=[False]
open () {'description': 'Microbone to Turbo'}
opening name=--- desc=Microbone to Turbo
checking ownership. requestor=129.138.12.150
check software interlocks U
interlocks []
actuate state mode=None-script, software_lock=False
doing actuation None-script open_channel False
Open U ===>> OK
GetIndicatorState U ===>> OK
change switch state (True, True)
update switch state U True args=() kw={} ncanvase=2
09:54:06 -- OPEN   VALVE-U (Microbone to Turbo)
---------------------------------------- open None (Microbone to Turbo) result=[(True, True)], time=0.12 sec
action=open, ok=True, locked=[False]
open () {'description': 'Microbone to Inlet Pipette'}
opening name=--- desc=Microbone to Inlet Pipette
checking ownership. requestor=129.138.12.150
check software interlocks S
interlocks []
actuate state mode=None-script, software_lock=False
doing actuation None-script open_channel False
Open S ===>> OK
GetIndicatorState S ===>> OK
change switch state (True, True)
update switch state S True args=() kw={} ncanvase=2
09:54:07 -- OPEN   VALVE-S (Microbone to Inlet Pipette)
---------------------------------------- open None (Microbone to Inlet Pipette) result=[(True, True)], time=0.42 sec
action=open, ok=True, locked=[False]
open () {'description': 'Microbone to Getter D-50'}
opening name=--- desc=Microbone to Getter D-50
checking ownership. requestor=129.138.12.150
check software interlocks K
interlocks []
actuate state mode=None-script, software_lock=False
doing actuation None-script open_channel False
Open K ===>> OK
GetIndicatorState K ===>> OK
change switch state (True, True)
update switch state K True args=() kw={} ncanvase=2
09:54:07 -- OPEN   VALVE-K (Microbone to Getter D-50)
---------------------------------------- open None (Microbone to Getter D-50) result=[(True, True)], time=0.42 sec
action=open, ok=True, locked=[False]
open () {'description': 'Microbone to Getter NP-10'}
opening name=--- desc=Microbone to Getter NP-10
checking ownership. requestor=129.138.12.150
check software interlocks M
interlocks []
actuate state mode=None-script, software_lock=False
doing actuation None-script open_channel False
Open M ===>> OK
GetIndicatorState M ===>> OK
change switch state (True, True)
update switch state M True args=() kw={} ncanvase=2
09:54:08 -- OPEN   VALVE-M (Microbone to Getter NP-10)
---------------------------------------- open None (Microbone to Getter NP-10) result=[(True, True)], time=0.15 sec
action=open, ok=True, locked=[False]
close () {'description': 'CO2 Laser to Felix'}
closing name=--- desc=CO2 Laser to Felix
checking ownership. requestor=129.138.12.150
check software interlocks F
interlocks []
actuate state mode=None-script, software_lock=True
VALVE-F(CO2 Laser to Felix) software locked
change switch state (True, False)
---------------------------------------- close None (CO2 Laser to Felix) result=[(True, False)]
action=close, ok=True, locked=[True]
open () {'description': 'CO2 Laser to Jan'}
opening name=--- desc=CO2 Laser to Jan
checking ownership. requestor=129.138.12.150
check software interlocks A
interlocks []
actuate state mode=None-script, software_lock=False
doing actuation None-script open_channel False
Open A ===>> OK
GetIndicatorState A ===>> OK
change switch state (True, True)
update switch state A True args=() kw={} ncanvase=2
09:54:08 -- OPEN   VALVE-A (CO2 Laser to Jan)
---------------------------------------- open None (CO2 Laser to Jan) result=[(True, True)], time=0.11 sec
action=open, ok=True, locked=[False]
open () {'description': 'Microbone to CO2 Laser'}
opening name=--- desc=Microbone to CO2 Laser
checking ownership. requestor=129.138.12.150
check software interlocks T
interlocks []
actuate state mode=None-script, software_lock=False
doing actuation None-script open_channel False
Open T ===>> OK
GetIndicatorState T ===>> OK
change switch state (True, True)
update switch state T True args=() kw={} ncanvase=2
09:54:09 -- OPEN   VALVE-T (Microbone to CO2 Laser)
---------------------------------------- open None (Microbone to CO2 Laser) result=[(True, True)], time=0.43 sec
action=open, ok=True, locked=[False]
executed snippet estimated_duration=0, duration=4.89339518547
PrepareForCO2Analysis.py completed successfully
gosub finished
set_motor ('beam', '1.25') {}
setting motor "beam" to 1.25
set motor beam to 1.25
SetMotor beam,1.25 ===>> OK
GetMotorMoving beam ===>> False
GetMotorMoving beam ===>> False
Block completed
move_to_position ('70',) {'autocenter': True}
FusionsCO2 move to position 70
sending GoToHole 70,True
GoToHole 70,True ===>> OK
GetDriveMoving ===>> OK
GetDriveMoving ===>> OK
GetDriveMoving ===>> OK
GetDriveMoving ===>> OK
GetDriveMoving ===>> OK
GetDriveMoving ===>> OK
GetDriveMoving ===>> OK
GetDriveMoving ===>> False
GetDriveMoving ===>> OK
GetDriveMoving ===>> OK
GetDriveMoving ===>> OK
GetDriveMoving ===>> OK
GetDriveMoving ===>> OK
GetDriveMoving ===>> False
Block completed
GetAutoCorrecting ===>> False
GetAutoCorrecting ===>> False
Block completed
update position
GetPosition ===>> -13.95730,3.98780,1.00000
got position (-13.9573, 3.9878, 1.0)
move to position succeeded
sleep (5,) {}
SLEEP 5.0
block started
WaitControl setup for 5.0  
Join finished
block finished. duration 5.04662799835
close () {'description': 'Microbone to Turbo'}
closing name=--- desc=Microbone to Turbo
checking ownership. requestor=129.138.12.150
check software interlocks U
interlocks []
actuate state mode=None-script, software_lock=False
doing actuation None-script close_channel True
Close U ===>> OK
GetIndicatorState U ===>> False
change switch state (True, True)
update switch state U False args=() kw={} ncanvase=2
09:54:21 -- CLOSE  VALVE-U (Microbone to Turbo)
---------------------------------------- close None (Microbone to Turbo) result=[(True, True)]
action=close, ok=True, locked=[False]
enable laser
enable () {}
set extraction state FusionsCO2 Enabled (False, 'red', 1.5)
enabling laser
Enable ===>> OK
begin interval
BEGIN INTERVAL Interval 1 waiting for 30.0
block started
set extract to 5.0
WaitControl setup for 30.0  
extract (5.0,) {}
GetPosition ===>> -13.95730,3.98780,1.00000
set extraction state FusionsCO2 ON! 5.0(watts) (0.75, 'red', 1.5)
extract sample to 5.0 (watts)
set laser output
SetLaserOutput 5.0,watts ===>> OK
executing pattern triangle.lp
execute_pattern ('triangle.lp',) {}
executing pattern triangle.lp
IsPatterning ===>> OK
IsPatterning ===>> OK
IsPatterning ===>> OK
IsPatterning ===>> OK
IsPatterning ===>> OK
IsPatterning ===>> OK
IsPatterning ===>> OK
IsPatterning ===>> OK
IsPatterning ===>> OK
IsPatterning ===>> OK
IsPatterning ===>> OK
IsPatterning ===>> OK
IsPatterning ===>> OK
IsPatterning ===>> OK
IsPatterning ===>> OK
IsPatterning ===>> OK
IsPatterning ===>> OK
IsPatterning ===>> OK
IsPatterning ===>> OK
IsPatterning ===>> OK
IsPatterning ===>> OK
IsPatterning ===>> OK
IsPatterning ===>> OK
IsPatterning ===>> OK
IsPatterning ===>> OK
IsPatterning ===>> OK
IsPatterning ===>> False
IsPatterning ===>> False
Block completed
COMPLETE INTERVAL waiting for Interval 1 to complete
Join finished
block finished. duration 30.1155700684
Interval 1 finished
end_extract () {}
ending extraction. set laser power to 0
set laser power 0
SetLaserPower 0 ===>> OK
disable () {}
%%%%%%%%%%%%%%%%%%%%%%%%%%%%%%%%%%% disable
set extraction state False (0.75, 'red', 1.5)
disabling laser
Disable ===>> OK
sleep (30.0,) {}
SLEEP 30.0
block started
WaitControl setup for 30.0  
Join finished
block finished. duration 30.1045718193
executed snippet estimated_duration=166.5, duration=77.4883141518
jan_co2.py completed successfully
GetAchievedOutput ===>> No Response
Requested Output= 0.000
Achieved Output=  0.000
GetResponseBlob ===>> No Response
GetOutputBlob ===>> No Response
persistence save...
persistence save - db
AutomatedRunPersister post_extraction_save deprecated
persistence save - dvc
no extraction position for 70
create new session 4989601072
close session 4989601072
Extraction Finished
09:55:22 -- ******* Extraction Finished *******
no overlap. not waiting for min ms pumptime
09:55:22 -- Sending spectrometer configuration
======== Sending configuration ========
SetDeflection CDD,50.0 ===>> OK
SetDeflection H2,0.0 ===>> OK
SetDeflection H1,0.0 ===>> OK
SetDeflection L2,825.0 ===>> OK
SetDeflection L1,400.0 ===>> OK
SetDeflection AX,190.0 ===>> OK
SetZFocus 74.64 ===>> OK
SetZSymmetry -50.72 ===>> OK
SetExtractionLens 26.13 ===>> OK
SetIonRepeller -3.81 ===>> OK
SetElectronEnergy 75.08 ===>> OK
SetYSymmetry -2.81 ===>> OK
SetIonCounterVoltage 1590.0 ===>> OK
send trap current 200.0
GetParameter Trap Current Readback ===>> 198.370811206739
SetParameter Trap Current Set,200.0 ===>> OK
updating mftable name mftable
Using mftable located at /Users/jan/PychronDev/setupfiles/spectrometer/mftables/mftable.csv
============ MFtable ===========
Isotope  H2     H1     AX     L1     L2     CDD    
Ar40     5.8103 5.8791 5.9928 6.1502 6.2309 6.3784
Ar39     5.7095 5.7714 5.8852 6.0362 6.1160 6.2649
Ar36     5.3870 5.4404 5.5486 5.6951 5.7710 5.9160
================================
get initial guess parabolic
get initial guess parabolic
get initial guess parabolic
get initial guess parabolic
get initial guess parabolic
get initial guess parabolic
======== Configuration Finished ========
GetYSymmetry ===>> -2.81
GetZSymmetry ===>> -50.72
GetParameter Trap Current Readback ===>> 198.258926936459
GetHighVoltage ===>> 4499.94659342336
start measurement
do measurement
L#=25315 analysis type=unknown
Measurement Started jan_unknown120_60.py
09:55:22 -- ******* Measurement Started jan_unknown120_60.py *******
state changed from extraction to measurement
setting spec, defl, and gains
GetExtractionLens ===>> 26.13
GetYSymmetry ===>> -2.81
GetZSymmetry ===>> -50.72
GetZFocus ===>> 74.64
GetDeflection H2 ===>> 0
GetDeflection H1 ===>> 0
GetDeflection AX ===>> 190
GetDeflection L1 ===>> 400
GetDeflection L2 ===>> 825
GetDeflection CDD ===>> 50
GetGain H2 ===>> 0.0113
GetGain H1 ===>> 0.1
GetGain AX ===>> 0.097049
GetGain L1 ===>> 0.010355
GetGain L2 ===>> 0.095649
GetGain CDD ===>> 0
pre measurement save
New frame /Users/jan/PychronDev/data/isotopes/de/5afd47-0985-4204-a712-7f96df51cc2b.h5
flush and close file /Users/jan/PychronDev/data/isotopes/de/5afd47-0985-4204-a712-7f96df51cc2b.h5
testing...
no interpolation path defined
executed snippet estimated_duration=226.132928, duration=0.000257015228271
unknown measurement script
activate_detectors ('H2', 'H1', 'AX', 'L1', 'L2', 'CDD') {}
activate detectors
*************** Set Analysis View Ar/Ar
create graphs
clearing graphs
clear isotope group
setting isotope det=H2, iso=PM41
setting isotope det=H1, iso=Ar40
setting isotope det=AX, iso=Ar39
setting isotope det=L1, iso=Ar38
setting isotope det=L2, iso=Ar37
setting isotope det=CDD, iso=Ar36
setting previous blanks
 - setting Ar40 blank 0.118+/-0.007
 - setting Ar36 blank 0.00401+/-0.00017
 - setting Ar37 blank 0.050+/-0.005
 - setting Ar38 blank 0.0102+/-0.0021
 - setting PM41 blank 0.04+/-0.07
 - setting Ar39 blank 0.050+/-0.009
load analysis view
position_magnet ('Ar40',) {'detector': 'H1'}
detector Detector(H1)
POSITION Ar40 H1
setting detector H2 to PM41 (40.9624)
setting detector H1 to Ar40 (39.9624)
setting detector AX to Ar39 (38.9624)
setting detector L1 to Ar38 (37.9624)
setting detector L2 to Ar37 (36.9624)
setting detector CDD to Ar36 (35.9624)
Mapping mass to dac mass func: "parabolic"
H1 map mass coeffs = [-0.00063987  0.15840543  0.57074999]
H1 map mass to dac 39.9624 >> 5.87914
GetDeflection H1 ===>> 0
GetHighVoltage ===>> 4499.94659342336
positioning Ar40 (5.8791053783) on H1
setting magnet DAC
current  : 5.879103
requested: 5.879105
Delta Dac: 0.000002
Checking detector protection. dv=0.00000
Checking detector "CDD". Protection Threshold: 0.1 (V)
SetMagnetDAC 5.8791053783 ===>> OK
Magnet settling time: 0.500
equilibrate () {'delay': 3, 'inlet': 'R', 'outlet': 'O', 'eqtime': 12.0}
Equilibration Started
09:55:24 -- ******* Equilibration Started *******
checking ownership. requestor=129.138.12.150
check software interlocks O
interlocks []
actuate state mode=None-script, software_lock=False
doing actuation None-script close_channel True
Close O ===>> OK
GetIndicatorState O ===>> False
change switch state (True, True)
update switch state O False args=() kw={} ncanvase=2
09:55:24 -- CLOSE  VALVE-O (Jan Ion Pump)
waiting 3s before opening inlet value ('R',)
update labels <pychron.experiment.plot_panel.PlotPanel object at 0x1dcdb0650>
update labels "<pychron.graph.stacked_regression_graph.StackedRegressionGraph object at 0x1ea60d170>"
setting label 0 H2 PM41
setting label 1 H1 Ar40
setting label 2 AX Ar39
setting label 3 L1 Ar38
setting label 4 L2 Ar37
setting label 5 CDD Ar36
update labels "<pychron.graph.stacked_graph.StackedGraph object at 0x1d566da70>"
setting label 0 H2 PM41
setting label 1 H1 Ar40
setting label 2 AX Ar39
setting label 3 L1 Ar38
setting label 4 L2 Ar37
setting label 5 CDD Ar36
checking ownership. requestor=129.138.12.150
check software interlocks R
interlocks []
actuate state mode=None-script, software_lock=False
doing actuation None-script open_channel True
Open R ===>> OK
GetIndicatorState R ===>> OK
change switch state (True, True)
update switch state R True args=() kw={} ncanvase=2
09:55:27 -- OPEN   VALVE-R (Jan Inlet)
set_time_zero () {}
equilibrating for 12.0sec
sniff (12.0,) {}
py_sniff
build tables- sniff [Detector(H2), Detector(H1), Detector(AX), Detector(L1), Detector(L2), Detector(CDD)]
add group /sniff/PM41 (Group) '' table H2
add group /sniff/Ar40 (Group) '' table H1
add group /sniff/Ar39 (Group) '' table AX
add group /sniff/Ar38 (Group) '' table L1
add group /sniff/Ar37 (Group) '' table L2
add group /sniff/Ar36 (Group) '' table CDD
flush and close file /Users/jan/PychronDev/data/isotopes/de/5afd47-0985-4204-a712-7f96df51cc2b.h5
measuring sniff. ncounts=12.0
"sniff" increment series count="1" fit count="0" regressing="False"
starting measurement
GetData ===>> H2,-0.139044108282073,H1,25.9709974789371,AX,3.51673894083994,L1,-0.0385591874835696,L2,0.0613845...
GetData ===>> H2,0.805232970984963,H1,826.624453831997,AX,108.011550570609,L1,0.47307053802696,L2,0.59867384368...
GetData ===>> H2,0.698759199710457,H1,1473.83050392273,AX,185.770701686725,L1,1.45112055343066,L2,0.62339105353...
GetData ===>> H2,0.41016955145745,H1,1683.02321023972,AX,207.780704803153,L1,2.04896891066591,L2,0.568269315839...
GetData ===>> H2,0.147584754524858,H1,1756.74613606364,AX,215.018508959959,L1,2.33152853366072,L2,0.58536281569...
GetData ===>> H2,0.0951096121326109,H1,1785.61954243972,AX,217.50261840447,L1,2.49147038560812,L2,0.52778302266...
GetData ===>> H2,0.0186369673353482,H1,1797.66338285952,AX,218.602213304684,L1,2.58908382188177,L2,0.6592263244...
GetData ===>> H2,0.00459302801330799,H1,1802.68805643172,AX,218.999368049442,L1,2.71812889922756,L2,0.545109338...
GetData ===>> H2,0.11517457832105,H1,1804.54221379681,AX,219.463488696019,L1,2.74778806032393,L2,0.465532406201...
GetData ===>> H2,0.120281471859666,H1,1805.01687283959,AX,219.475926529721,L1,2.79409707557347,L2,0.57953124604...
GetData ===>> H2,0.0944678310315615,H1,1805.15682897945,AX,219.529511533122,L1,2.79359846843086,L2,0.5524934034...
Equilibration Finished
09:55:39 -- ******* Equilibration Finished *******
checking ownership. requestor=129.138.12.150
check software interlocks R
interlocks []
actuate state mode=None-script, software_lock=False
doing actuation None-script close_channel True
GetData ===>> H2,0.0538308883722651,H1,1804.88040800611,AX,219.5874691245,L1,2.81845920775132,L2,0.510197041226...
Close R ===>> OK
set states for children of R. state=False
handle state [('R', False)]
update switch state R False args=() kw={'refresh': False} ncanvase=2
refresh_canvas_needed fired
GetIndicatorState R ===>> False
change switch state (True, True)
update switch state R False args=() kw={} ncanvase=2
09:55:40 -- CLOSE  VALVE-R (Jan Inlet)
Post Equilibration Started jan_pump_extraction_line.py
09:55:40 -- ******* Post Equilibration Started jan_pump_extraction_line.py *******
testing...
no interpolation path defined
calculate duration
testing...
no interpolation path defined
executed snippet estimated_duration=4.0, duration=0.00015115737915
executed snippet estimated_duration=4.0, duration=0.00134801864624
Pump after analysis
doing GOSUB
testing...
no interpolation path defined
executed snippet estimated_duration=4.0, duration=0.000146865844727
Pump Microbone
close () {'description': 'Jan Inlet'}
closing name=--- desc=Jan Inlet
checking ownership. requestor=129.138.12.150
check software interlocks R
interlocks []
actuate state mode=None-script, software_lock=False
doing actuation None-script close_channel False
Close R ===>> OK
measurement finished
estimated time: 12.583 actual time: :12.683
flush and close file /Users/jan/PychronDev/data/isotopes/de/5afd47-0985-4204-a712-7f96df51cc2b.h5
set_fits () {}
using default fits file=/Users/jan/PychronDev/scripts/measurement/fits/nominal_linear.yaml
set "Ar40" to "('Linear', 'SEM')"
No fit for "PM41". defaulting to linear. check the measurement script "jan_unknown120_60.py"
set "PM41" to "linear"
set "Ar36" to "('Linear', 'SEM')"
set "Ar37" to "('linear', 'SEM')"
set "Ar38" to "('linear', 'SEM')"
set "Ar39" to "('Linear', 'SEM')"
set_baseline_fits () {}
GetIndicatorState R ===>> False
using default fits file=/Users/jan/PychronDev/scripts/measurement/fits/nominal_linear.yaml
change switch state (True, True)
update switch state R False args=() kw={} ncanvase=2
set "H1" to "('average', 'SEM')"
set "H2" to "('average', 'SEM')"
set "CDD" to "('average', 'SEM')"
set "L2" to "('average', 'SEM')"
set "L1" to "('average', 'SEM')"
set "AX" to "('average', 'SEM')"
09:55:40 -- CLOSE  VALVE-R (Jan Inlet)
multicollect () {'integration_time': 1, 'ncounts': 120}
---------------------------------------- close None (Jan Inlet) result=[(True, True)]
build tables- signal [Detector(H2), Detector(H1), Detector(AX), Detector(L1), Detector(L2), Detector(CDD)]
add group /signal/PM41 (Group) '' table H2
add group /signal/Ar40 (Group) '' table H1
add group /signal/Ar39 (Group) '' table AX
add group /signal/Ar38 (Group) '' table L1
add group /signal/Ar37 (Group) '' table L2
add group /signal/Ar36 (Group) '' table CDD
flush and close file /Users/jan/PychronDev/data/isotopes/de/5afd47-0985-4204-a712-7f96df51cc2b.h5
measuring signal. ncounts=120
action=close, ok=True, locked=[False]
is_closed ('F',) {}
is F () closed?
is closed True
open () {'description': 'CO2 Laser to Jan'}
opening name=--- desc=CO2 Laser to Jan
checking ownership. requestor=129.138.12.150
check software interlocks A
interlocks []
actuate state mode=None-script, software_lock=False
doing actuation None-script open_channel False
Open A ===>> OK
GetIndicatorState A ===>> OK
change switch state (True, True)
update switch state A True args=() kw={} ncanvase=2
09:55:41 -- OPEN   VALVE-A (CO2 Laser to Jan)
---------------------------------------- open None (CO2 Laser to Jan) result=[(True, True)], time=0.14 sec
starting measurement
GetData ===>> H2,0.0376362038164759,H1,1806.15795669273,AX,219.787283889263,L1,2.81453018133851,L2,0.5265488134...
action=open, ok=True, locked=[False]
sleep (1,) {}
SLEEP 1.0
"signal" increment series count="2" fit count="1" regressing="True"
GetData ===>> H2,0.0482459470828454,H1,1805.02691174148,AX,219.475827813814,L1,2.8012083428288,L2,0.50258773304...
close () {'description': 'CO2 Laser to Roughing'}
closing name=--- desc=CO2 Laser to Roughing
checking ownership. requestor=129.138.12.150
check software interlocks G
interlocks []
actuate state mode=None-script, software_lock=True
VALVE-G(CO2 Laser to Roughing) software locked
change switch state (True, False)
---------------------------------------- close None (CO2 Laser to Roughing) result=[(True, False)]
action=close, ok=True, locked=[True]
open () {'description': 'Microbone to Turbo'}
opening name=--- desc=Microbone to Turbo
checking ownership. requestor=129.138.12.150
check software interlocks U
interlocks []
actuate state mode=None-script, software_lock=False
doing actuation None-script open_channel True
Open U ===>> OK
GetIndicatorState U ===>> OK
change switch state (True, True)
update switch state U True args=() kw={} ncanvase=2
09:55:42 -- OPEN   VALVE-U (Microbone to Turbo)
---------------------------------------- open None (Microbone to Turbo) result=[(True, True)], time=0.28 sec
action=open, ok=True, locked=[False]
open () {'description': 'Microbone to Getter NP-10'}
opening name=--- desc=Microbone to Getter NP-10
checking ownership. requestor=129.138.12.150
check software interlocks M
interlocks []
actuate state mode=None-script, software_lock=False
doing actuation None-script open_channel False
Open M ===>> OK
GetIndicatorState M ===>> OK
change switch state (True, True)
update switch state M True args=() kw={} ncanvase=2
09:55:43 -- OPEN   VALVE-M (Microbone to Getter NP-10)
---------------------------------------- open None (Microbone to Getter NP-10) result=[(True, True)], time=0.16 sec
action=open, ok=True, locked=[False]
open () {'description': 'Microbone to Getter D-50'}
opening name=--- desc=Microbone to Getter D-50
checking ownership. requestor=129.138.12.150
check software interlocks K
interlocks []
actuate state mode=None-script, software_lock=False
doing actuation None-script open_channel False
GetData ===>> H2,-0.0551580963252256,H1,1804.40106966495,AX,219.212334419186,L1,2.80753484408252,L2,0.424729235...
Open K ===>> OK
GetIndicatorState K ===>> OK
change switch state (True, True)
update switch state K True args=() kw={} ncanvase=2
09:55:43 -- OPEN   VALVE-K (Microbone to Getter D-50)
---------------------------------------- open None (Microbone to Getter D-50) result=[(True, True)], time=0.39 sec
action=open, ok=True, locked=[False]
open () {'description': 'Microbone to CO2 Laser'}
opening name=--- desc=Microbone to CO2 Laser
checking ownership. requestor=129.138.12.150
check software interlocks T
interlocks []
actuate state mode=None-script, software_lock=False
doing actuation None-script open_channel False
Open T ===>> OK
GetIndicatorState T ===>> OK
change switch state (True, True)
update switch state T True args=() kw={} ncanvase=2
09:55:44 -- OPEN   VALVE-T (Microbone to CO2 Laser)
---------------------------------------- open None (Microbone to CO2 Laser) result=[(True, True)], time=0.43 sec
GetData ===>> H2,-0.0505962623809298,H1,1803.51703719129,AX,219.154763524387,L1,2.79673254027307,L2,0.464995643...
action=open, ok=True, locked=[False]
open () {'description': 'Microbone to Inlet Pipette'}
opening name=--- desc=Microbone to Inlet Pipette
checking ownership. requestor=129.138.12.150
check software interlocks S
interlocks []
actuate state mode=None-script, software_lock=False
doing actuation None-script open_channel False
Open S ===>> OK
GetIndicatorState S ===>> OK
change switch state (True, True)
update switch state S True args=() kw={} ncanvase=2
09:55:45 -- OPEN   VALVE-S (Microbone to Inlet Pipette)
---------------------------------------- open None (Microbone to Inlet Pipette) result=[(True, True)], time=0.43 sec
action=open, ok=True, locked=[False]
sleep (1,) {}
SLEEP 1.0
testing H1>-5.0
evaluate ot="H1.bs>-5.0" t="H1>-5.0", ctx="{'H1': None}"
GetData ===>> H2,-0.0688726491701901,H1,1802.65463050166,AX,219.076350801001,L1,2.8000834195813,L2,0.4512463996...
set_resource () {'name': 'CO2PumpTimeFlag', 'value': 30}
Set CO2PumpTimeFlag 30 ===>> OK
release ('JanCO2Flag',) {}
release JanCO2Flag
Set JanCO2Flag 0 ===>> OK
executed snippet estimated_duration=6.0, duration=6.07138609886
PumpMicrobone.py completed successfully
gosub finished
get_resource_value () {'name': 'JanMiniboneFlag'}
Read JanMiniboneFlag ===>> 0
Get Resource Value JanMiniboneFlag=0.0
get resource value 0.0
get_resource_value () {'name': 'JanMiniboneFlag'}
Read JanMiniboneFlag ===>> 0
Get Resource Value JanMiniboneFlag=0.0
executed snippet estimated_duration=4.0, duration=6.08715486526
jan_pump_extraction_line.py completed successfully
Post Equilibration Finished
09:55:46 -- ******* Post Equilibration Finished *******
GetData ===>> H2,-0.0504999041216481,H1,1801.93884771874,AX,219.018378136441,L1,2.79979229702701,L2,0.556665765...
GetData ===>> H2,-0.0942067727501154,H1,1801.50440504903,AX,218.936432720331,L1,2.7893235431364,L2,0.5543337928...
GetData ===>> H2,-0.116687193049269,H1,1800.15952304547,AX,219.045906071401,L1,2.79842835642632,L2,0.4926028601...
GetData ===>> H2,-0.151948658534376,H1,1799.591151997,AX,218.526859269223,L1,2.8014352544486,L2,0.5198409358442...
testing H1>-5.0
evaluate ot="H1.bs>-5.0" t="H1>-5.0", ctx="{'H1': None}"
GetData ===>> H2,-0.195822388748521,H1,1798.79999934438,AX,218.604356125149,L1,2.84100298040817,L2,0.5355086186...
GetData ===>> H2,-0.0926029038880385,H1,1798.39460406635,AX,218.717471931825,L1,2.84483632783732,L2,0.549761461...
GetData ===>> H2,-0.0952591887068909,H1,1797.05941849154,AX,218.866617376861,L1,2.79398095964483,L2,0.491437645...
GetData ===>> H2,-0.0935890932956753,H1,1796.45107031352,AX,218.767334532577,L1,2.76117461663419,L2,0.617820261...
GetData ===>> H2,-0.192869975287922,H1,1796.52889974342,AX,218.584357331565,L1,2.77653441600874,L2,0.5079461769...
testing H1>-5.0
evaluate ot="H1.bs>-5.0" t="H1>-5.0", ctx="{'H1': None}"
GetData ===>> H2,-0.213674936868861,H1,1795.70293956428,AX,218.631204839554,L1,2.79809491265669,L2,0.5436691695...
GetData ===>> H2,-0.149104758717086,H1,1794.67334335236,AX,218.193423479558,L1,2.78462174707784,L2,0.6023564301...
GetData ===>> H2,-0.225138194020742,H1,1793.59299855195,AX,218.031331789319,L1,2.76965679755776,L2,0.4925114702...
GetData ===>> H2,-0.150352597465168,H1,1792.66671392629,AX,218.091500022995,L1,2.74579121079217,L2,0.4321453359...
GetData ===>> H2,-0.105439699910022,H1,1792.17944900938,AX,217.843137165883,L1,2.75580518007151,L2,0.4327281354...
testing H1>-5.0
evaluate ot="H1.bs>-5.0" t="H1>-5.0", ctx="{'H1': None}"
GetData ===>> H2,-0.106052676202154,H1,1791.28488589895,AX,218.006639848447,L1,2.76374426979191,L2,0.4628600416...
GetData ===>> H2,-0.0785752542311058,H1,1790.66748192957,AX,217.84994694569,L1,2.71996329571288,L2,0.6529385260...
GetData ===>> H2,-0.114447544983307,H1,1790.47022342171,AX,217.85665860931,L1,2.7619469530958,L2,0.640055542172...
GetData ===>> H2,-0.12675946957616,H1,1789.29096837069,AX,217.53155813538,L1,2.7854633102219,L2,0.4823791535303...
GetData ===>> H2,-0.170599793697038,H1,1788.34194729677,AX,217.580013691134,L1,2.75386183558478,L2,0.5340114501...
testing H1>-5.0
evaluate ot="H1.bs>-5.0" t="H1>-5.0", ctx="{'H1': None}"
09:56:06 -- collecting point 25
GetData ===>> H2,-0.0586209929812742,H1,1788.16022507093,AX,217.451848577069,L1,2.74359562413316,L2,0.575026315...
GetData ===>> H2,0.0301597098299275,H1,1787.41317978651,AX,217.519397057339,L1,2.74392016258299,L2,0.4775475463...
GetData ===>> H2,-0.0615039019537728,H1,1787.19164978421,AX,217.436966325039,L1,2.76293905886807,L2,0.600938274...
GetData ===>> H2,-0.112164137844065,H1,1786.14708220704,AX,217.225795863408,L1,2.77556109820058,L2,0.5072949215...
GetData ===>> H2,-0.0679639195500055,H1,1785.26767830632,AX,217.153115930018,L1,2.7550414404332,L2,0.4521370716...
testing H1>-5.0
evaluate ot="H1.bs>-5.0" t="H1>-5.0", ctx="{'H1': None}"
GetData ===>> H2,-0.0338609754632821,H1,1784.60736478536,AX,217.242142247011,L1,2.76415372078894,L2,0.496806890...
GetData ===>> H2,-0.126230853347374,H1,1783.49426581522,AX,217.047082080578,L1,2.74543388786445,L2,0.5829386691...
GetData ===>> H2,-0.177721563461215,H1,1782.46975924367,AX,216.894554608759,L1,2.75296459907225,L2,0.5049184479...
GetData ===>> H2,-0.116948343793015,H1,1781.92679196209,AX,216.718343970947,L1,2.77649073096895,L2,0.4949676045...
GetData ===>> H2,-0.136813505175316,H1,1781.32866811505,AX,216.627239106023,L1,2.77447457458526,L2,0.5613756088...
testing H1>-5.0
evaluate ot="H1.bs>-5.0" t="H1>-5.0", ctx="{'H1': None}"
GetData ===>> H2,-0.078069789781735,H1,1780.61301946859,AX,216.58925576095,L1,2.75713911900078,L2,0.51311067492...
GetData ===>> H2,-0.113412150506031,H1,1779.38758909777,AX,216.654147239466,L1,2.74006175089265,L2,0.5565514518...
GetData ===>> H2,-0.143160784846365,H1,1779.05977772663,AX,216.558643308425,L1,2.7211019407904,L2,0.51539593976...
GetData ===>> H2,-0.0645365415297263,H1,1778.62891474347,AX,216.389196777934,L1,2.72253766694059,L2,0.527885874...
GetData ===>> H2,0.0363704814118616,H1,1777.43184237116,AX,216.36041296365,L1,2.74392970797086,L2,0.43557361913...
testing H1>-5.0
evaluate ot="H1.bs>-5.0" t="H1>-5.0", ctx="{'H1': None}"
GetData ===>> H2,0.0399745483172926,H1,1777.35794051425,AX,216.570505399314,L1,2.77710097145443,L2,0.5727739292...
GetData ===>> H2,0.0583629907794914,H1,1776.7375170802,AX,216.216039493515,L1,2.74343608549693,L2,0.58842739045...
GetData ===>> H2,-0.0393209937413746,H1,1776.21775354962,AX,216.172625137724,L1,2.72488234748304,L2,0.560186694...
GetData ===>> H2,-0.103864483303524,H1,1775.19352872419,AX,216.23499483049,L1,2.71042416252683,L2,0.53617149465...
GetData ===>> H2,-0.115564041078789,H1,1774.38835623697,AX,216.058147845681,L1,2.71878527156844,L2,0.6776347935...
testing H1>-5.0
evaluate ot="H1.bs>-5.0" t="H1>-5.0", ctx="{'H1': None}"
GetData ===>> H2,-0.125173547024384,H1,1773.62639258504,AX,215.85092732885,L1,2.71730508272801,L2,0.57230516522...
GetData ===>> H2,-0.0508039048723032,H1,1772.9500436842,AX,215.620646009204,L1,2.68247129496983,L2,0.4230038466...
GetData ===>> H2,-0.0609873101578965,H1,1771.83333933105,AX,215.624680479314,L1,2.70251511506653,L2,0.536788659...
GetData ===>> H2,-0.115090389475552,H1,1771.47740149778,AX,215.805080333304,L1,2.74595214613679,L2,0.5300343525...
GetData ===>> H2,-0.0708227820651184,H1,1770.42715097025,AX,215.672855736693,L1,2.76642097940881,L2,0.462962823...
testing H1>-5.0
evaluate ot="H1.bs>-5.0" t="H1>-5.0", ctx="{'H1': None}"
09:56:32 -- collecting point 50
GetData ===>> H2,-0.12647015325797,H1,1770.13330967207,AX,215.4064696197,L1,2.75379501767619,L2,0.4473640798943...
GetData ===>> H2,-0.103042956376506,H1,1769.74212377174,AX,215.387629869932,L1,2.71615864685279,L2,0.4427625927...
GetData ===>> H2,-0.169239646471748,H1,1768.44228623414,AX,215.274593777267,L1,2.70781489230209,L2,0.4735956325...
GetData ===>> H2,-0.230361884383618,H1,1767.543089082,AX,215.297463317795,L1,2.69390158876676,L2,0.556231374231...
GetData ===>> H2,0.208490501194957,H1,1767.58460797907,AX,215.182603862357,L1,2.69227240261868,L2,0.59092028839...
testing H1>-5.0
evaluate ot="H1.bs>-5.0" t="H1>-5.0", ctx="{'H1': None}"
GetData ===>> H2,0.294568322557949,H1,1766.76516995424,AX,214.87787515939,L1,2.70257636225275,L2,0.646193891114...
GetData ===>> H2,-0.0749131779247049,H1,1766.0261698905,AX,214.905114827221,L1,2.68999909159603,L2,0.4776617659...
GetData ===>> H2,-0.0935254270577172,H1,1764.75495776309,AX,214.93980427251,L1,2.68256240412874,L2,0.4534159997...
GetData ===>> H2,-0.016058069884004,H1,1764.46427051754,AX,214.865184078428,L1,2.73872592573353,L2,0.5633647869...
GetData ===>> H2,0.00325498602267367,H1,1763.39142445075,AX,214.709859217452,L1,2.79213692310196,L2,0.531942881...
testing H1>-5.0
evaluate ot="H1.bs>-5.0" t="H1>-5.0", ctx="{'H1': None}"
GetData ===>> H2,-0.0795224314100771,H1,1762.89482337564,AX,214.724693547431,L1,2.72438367091856,L2,0.538343017...
GetData ===>> H2,-0.209475128404829,H1,1762.1946283047,AX,214.613072091024,L1,2.69945589581357,L2,0.50214216163...
GetData ===>> H2,-0.143878279747525,H1,1761.45463470411,AX,214.636386578654,L1,2.69332359545256,L2,0.4822763508...
GetData ===>> H2,-0.114835962743637,H1,1760.93387708212,AX,214.441226291833,L1,2.69825311767848,L2,0.5480011725...
GetData ===>> H2,-0.098177541631351,H1,1760.17822245127,AX,214.404713258352,L1,2.72272974644843,L2,0.5879471148...
testing H1>-5.0
evaluate ot="H1.bs>-5.0" t="H1>-5.0", ctx="{'H1': None}"
GetData ===>> H2,-0.103610046387894,H1,1759.23071090333,AX,214.297149957596,L1,2.72239599334339,L2,0.5323771630...
GetData ===>> H2,-0.1411161483464,H1,1759.05237109433,AX,214.13611219483,L1,2.71849929558278,L2,0.5038787593190...
GetData ===>> H2,-0.13057126683825,H1,1758.32054599553,AX,214.079842822216,L1,2.68031616356306,L2,0.46780511667...
GetData ===>> H2,-0.148749558726491,H1,1757.42340865764,AX,213.995806357362,L1,2.70980992263976,L2,0.5667602033...
GetData ===>> H2,-0.180347787225671,H1,1756.66644839468,AX,214.017509325659,L1,2.70376870624163,L2,0.5881072064...
testing H1>-5.0
evaluate ot="H1.bs>-5.0" t="H1>-5.0", ctx="{'H1': None}"
GetData ===>> H2,-0.0866095282582398,H1,1755.85305598424,AX,214.044335321087,L1,2.72485237177455,L2,0.517772672...
GetData ===>> H2,-0.163265479309823,H1,1754.85644495986,AX,214.01434264345,L1,2.7006955429414,L2,0.507797644643...
GetData ===>> H2,-0.256676136698978,H1,1754.40066599327,AX,213.932683553529,L1,2.70353594438424,L2,0.5887132699...
GetData ===>> H2,-0.218079684732255,H1,1754.18838581767,AX,213.983116912957,L1,2.6887527310051,L2,0.56464519917...
GetData ===>> H2,-0.108872211749582,H1,1753.38914549786,AX,213.682577828897,L1,2.68607542085713,L2,0.4773419514...
testing H1>-5.0
evaluate ot="H1.bs>-5.0" t="H1>-5.0", ctx="{'H1': None}"
09:56:59 -- collecting point 75
GetData ===>> H2,-0.0318864710475678,H1,1752.96741852217,AX,213.232428397586,L1,2.67958881360584,L2,0.432145335...
GetData ===>> H2,-0.0818216163613843,H1,1752.1621815888,AX,213.398342830032,L1,2.70375509430652,L2,0.5412575058...
GetData ===>> H2,-0.0311381341120746,H1,1750.96520073977,AX,213.434410460938,L1,2.6914606161764,L2,0.6303401498...
GetData ===>> H2,-0.0156762684399885,H1,1750.38324563286,AX,213.466811098136,L1,2.74146453520102,L2,0.563924965...
GetData ===>> H2,-0.0997291772557097,H1,1750.1379977137,AX,213.088321918646,L1,2.74199215748415,L2,0.4764738889...
testing H1>-5.0
evaluate ot="H1.bs>-5.0" t="H1>-5.0", ctx="{'H1': None}"
GetData ===>> H2,-0.057683822525046,H1,1749.03025252557,AX,213.141845791925,L1,2.70233545854832,L2,0.4664574728...
GetData ===>> H2,-0.072209912380084,H1,1748.30067512563,AX,213.042879100245,L1,2.70893424526599,L2,0.5711161154...
GetData ===>> H2,0.0193899304123279,H1,1747.78627288555,AX,213.054129507016,L1,2.7102076085539,L2,0.50033704737...
GetData ===>> H2,-0.0216830643104372,H1,1746.95593036257,AX,213.289151110519,L1,2.67811658168197,L2,0.464949961...
GetData ===>> H2,-0.113539380535665,H1,1746.69406814058,AX,212.984960267081,L1,2.70062478009879,L2,0.5131563796...
testing H1>-5.0
evaluate ot="H1.bs>-5.0" t="H1>-5.0", ctx="{'H1': None}"
GetData ===>> H2,-0.101968249925267,H1,1745.95623296514,AX,212.856442681425,L1,2.69258244684475,L2,0.4749547984...
GetData ===>> H2,-0.0147332592167772,H1,1745.76458026907,AX,212.840923833066,L1,2.70724572568052,L2,0.520286589...
GetData ===>> H2,-0.0434570277946497,H1,1744.82069433453,AX,212.803309494994,L1,2.72417385176184,L2,0.484400962...
GetData ===>> H2,-0.127446228313767,H1,1744.23959354394,AX,212.657942751513,L1,2.7104786421599,L2,0.43569932518...
GetData ===>> H2,-0.158417421332709,H1,1742.79196348617,AX,212.527303243486,L1,2.68954733819116,L2,0.5697670191...
testing H1>-5.0
evaluate ot="H1.bs>-5.0" t="H1>-5.0", ctx="{'H1': None}"
GetData ===>> H2,-0.0625004104397189,H1,1742.19556914852,AX,212.534268824469,L1,2.69627234746688,L2,0.556402844...
GetData ===>> H2,-0.109793619053733,H1,1742.32586175298,AX,212.367949169986,L1,2.6840909707274,L2,0.47118573040...
GetData ===>> H2,-0.122256655694445,H1,1741.01462641232,AX,212.038698305451,L1,2.68831055061939,L2,0.5186868168...
GetData ===>> H2,-0.0874192783707173,H1,1740.53809100798,AX,212.173530967655,L1,2.70590461981966,L2,0.611449135...
GetData ===>> H2,-0.0147645129330282,H1,1739.09037001576,AX,212.200392438343,L1,2.66219839814414,L2,0.496898284...
testing H1>-5.0
evaluate ot="H1.bs>-5.0" t="H1>-5.0", ctx="{'H1': None}"
GetData ===>> H2,-0.0365695910078633,H1,1738.52801728405,AX,212.184805449877,L1,2.65434978986809,L2,0.538457309...
GetData ===>> H2,-0.0874490674087835,H1,1737.86273708093,AX,211.941362907472,L1,2.67617564655548,L2,0.457412760...
GetData ===>> H2,0.0202771071975642,H1,1737.50139814048,AX,212.10001887344,L1,2.68188250257313,L2,0.51569302819...
GetData ===>> H2,0.00831562226631839,H1,1737.12169281064,AX,211.971923209133,L1,2.69795516394099,L2,0.492008827...
GetData ===>> H2,-0.0764882049749522,H1,1736.47862905221,AX,211.957914824213,L1,2.67043172807098,L2,0.504872747...
testing H1>-5.0
evaluate ot="H1.bs>-5.0" t="H1>-5.0", ctx="{'H1': None}"
09:57:25 -- collecting point 100
GetData ===>> H2,-0.165024581887965,H1,1735.05781136898,AX,211.783509988417,L1,2.70307043489896,L2,0.5346057432...
GetData ===>> H2,-0.12718531896385,H1,1734.81842061583,AX,211.569797852503,L1,2.73395775705638,L2,0.43735637487...
GetData ===>> H2,-0.0474255119829231,H1,1734.80942526813,AX,211.558806390088,L1,2.68716232216906,L2,0.513796248...
GetData ===>> H2,0.0203641772294872,H1,1732.99604656545,AX,211.243570048231,L1,2.67274855492995,L2,0.5302286321...
GetData ===>> H2,0.0358704983669895,H1,1732.75163419105,AX,211.326404713249,L1,2.66987839464517,L2,0.5312114648...
testing H1>-5.0
evaluate ot="H1.bs>-5.0" t="H1>-5.0", ctx="{'H1': None}"
GetData ===>> H2,-0.0707549805494144,H1,1731.66580241468,AX,211.237037746023,L1,2.68166766210437,L2,0.478335664...
GetData ===>> H2,-0.183624989059863,H1,1730.85317673446,AX,211.157505687403,L1,2.67655619604589,L2,0.4969782543...
GetData ===>> H2,-0.125330391523982,H1,1730.08695519809,AX,211.034796404059,L1,2.6452823166408,L2,0.48156815754...
GetData ===>> H2,-0.0939927560377872,H1,1730.13550569984,AX,211.017532442463,L1,2.64770209095642,L2,0.594922782...
GetData ===>> H2,-0.156570832759007,H1,1728.48599147438,AX,210.868971182917,L1,2.68402840971311,L2,0.5932645863...
testing H1>-5.0
evaluate ot="H1.bs>-5.0" t="H1>-5.0", ctx="{'H1': None}"
GetData ===>> H2,-0.109608126409543,H1,1728.50978789938,AX,210.730153379695,L1,2.66971933324724,L2,0.4524682210...
GetData ===>> H2,-0.197459753614242,H1,1727.97190148372,AX,210.806473285809,L1,2.67918505242803,L2,0.4274716405...
GetData ===>> H2,-0.151878447374622,H1,1727.80588757956,AX,210.881274855768,L1,2.67649775369198,L2,0.4998686372...
GetData ===>> H2,-0.0554049965276179,H1,1726.82322150951,AX,210.631113769493,L1,2.67624088270946,L2,0.595734737...
GetData ===>> H2,-0.138384436191614,H1,1726.27414322108,AX,210.694141853605,L1,2.66267663301493,L2,0.5242290003...
testing H1>-5.0
evaluate ot="H1.bs>-5.0" t="H1>-5.0", ctx="{'H1': None}"
GetData ===>> H2,-0.103412447830962,H1,1725.6939449512,AX,210.40381807825,L1,2.66095127770711,L2,0.558906341823...
GetData ===>> H2,-0.00430876601405334,H1,1724.67639167215,AX,210.395538869004,L1,2.66176773220249,L2,0.53378287...
GetData ===>> H2,0.0288212948028875,H1,1723.27430765325,AX,210.173047967049,L1,2.69887898189442,L2,0.4373220907...
GetData ===>> H2,-0.103779220503839,H1,1723.44588685039,AX,210.181177127912,L1,2.69065226065926,L2,0.5123908277...
GetData ===>> H2,-0.111630780409518,H1,1722.7797221197,AX,210.100425311679,L1,2.6519320570557,L2,0.593550480287...
testing H1>-5.0
evaluate ot="H1.bs>-5.0" t="H1>-5.0", ctx="{'H1': None}"
GetData ===>> H2,-0.124406870738122,H1,1721.74139540179,AX,210.278487051314,L1,2.65320941402302,L2,0.5226405892...
measurement finished
estimated time: 125.829 actual time: :126.238
flush and close file /Users/jan/PychronDev/data/isotopes/de/5afd47-0985-4204-a712-7f96df51cc2b.h5
baselines () {'settling_time': 15.0, 'detector': 'H1', 'mass': 34.2, 'ncounts': 60}
%%%%%%%%%%%%%%%%%%%%%%%%%%%%%%%% Baseline
build tables- baseline [Detector(H2), Detector(H1), Detector(AX), Detector(L1), Detector(L2), Detector(CDD)]
add group baseline table H2
add group baseline table H1
add group baseline table AX
add group baseline table L1
add group baseline table L2
add group baseline table CDD
flush and close file /Users/jan/PychronDev/data/isotopes/de/5afd47-0985-4204-a712-7f96df51cc2b.h5
detector Detector(H1)
POSITION 34.2 H1
Mapping mass to dac mass func: "parabolic"
H1 map mass coeffs = [-0.00063987  0.15840543  0.57074999]
H1 map mass to dac 34.2 >> 5.23979599104
GetDeflection H1 ===>> 0
GetHighVoltage ===>> 4499.94659342336
positioning 34.2 (5.23976513438) on H1
setting magnet DAC
current  : 5.879105
requested: 5.239765
Delta Dac: 0.639340
Checking detector protection. dv=0.63934
Checking detector "CDD". Protection Threshold: 0.1 (V)
ProtectDetector CDD,On ===>> OK
GetDeflection CDD ===>> 2000
Protected = 2000
SetMagnetDAC 5.23976513438 ===>> OK
Magnet settling time: 0.500
GetMagnetMoving ===>> True
GetMagnetMoving ===>> True
GetMagnetMoving ===>> True
GetMagnetMoving ===>> True
GetMagnetMoving ===>> True
GetMagnetMoving ===>> True
GetMagnetMoving ===>> True
GetMagnetMoving ===>> True
GetMagnetMoving ===>> False
ProtectDetector CDD,Off ===>> OK
GetDeflection CDD ===>> 50
Delaying 15.0s for detectors to settle
Join finished
measuring baseline. ncounts=60
"baseline" increment series count="2" fit count="1" regressing="True"
starting measurement
GetData ===>> H2,-0.0443971961272809,H1,-0.132806317278988,AX,-0.10337722927196,L1,-0.0345070126008119,L2,-0.06...
GetData ===>> H2,-0.0633938044169308,H1,-0.141689391355037,AX,-0.121557829386815,L1,-0.0261137433843864,L2,0.04...
GetData ===>> H2,-0.128848006433608,H1,-0.0630491436282686,AX,-0.0159725591542679,L1,-0.015654996757675,L2,-0.0...
GetData ===>> H2,-0.0874680240287277,H1,-0.074099366440694,AX,-0.0949868200119621,L1,-0.0553923762100344,L2,-0....
testing H1>-5.0
evaluate ot="H1.bs>-5.0" t="H1>-5.0", ctx="{'H1': None}"
GetData ===>> H2,-0.1954190804741,H1,-0.0648849717469922,AX,-0.0421592999143832,L1,-0.0602406106154474,L2,-0.04...
GetData ===>> H2,-0.11966368496107,H1,-0.0169755204758591,AX,-0.14973651871192,L1,-0.0472271756078418,L2,0.0114...
GetData ===>> H2,-0.133822456867462,H1,-0.0596396591943325,AX,-0.092147360192776,L1,-0.060403334727448,L2,0.037...
GetData ===>> H2,-0.200369739911915,H1,-0.0376898123996437,AX,-0.129030704483476,L1,-0.06934790577783,L2,-0.029...
GetData ===>> H2,-0.201073525945937,H1,0.0798033670612821,AX,-0.119414340663112,L1,-0.060586396201035,L2,-0.009...
testing H1>-5.0
evaluate ot="H1.bs>-5.0" t="H1>-5.0", ctx="{'H1': None}"
GetData ===>> H2,-0.265228161539556,H1,-0.0398838213496731,AX,-0.126702009630868,L1,-0.0693861593184427,L2,-0.0...
GetData ===>> H2,-0.306703126117408,H1,0.0283556723024827,AX,-0.037776005267555,L1,-0.0468070601913266,L2,-0.00...
GetData ===>> H2,-0.24528948577086,H1,-0.00261491151152242,AX,-0.0957864896586639,L1,-0.0190956906415122,L2,-0....
GetData ===>> H2,-0.254982381937888,H1,-0.0217818089592868,AX,-0.0784356594379654,L1,-0.0240322118955449,L2,-0....
GetData ===>> H2,-0.260030807051185,H1,0.0663661876466161,AX,-0.162523819095213,L1,-0.0135910329624138,L2,-0.07...
testing H1>-5.0
evaluate ot="H1.bs>-5.0" t="H1>-5.0", ctx="{'H1': None}"
GetData ===>> H2,-0.106242110308459,H1,0.0310284676081409,AX,-0.074784289076138,L1,0.00555456224478012,L2,-0.03...
GetData ===>> H2,-0.110450265749351,H1,-0.0621908228237043,AX,-0.0459394430984603,L1,-0.0144167937117608,L2,-0....
GetData ===>> H2,-0.131485320691573,H1,-0.0149002774350702,AX,-0.0534761001763575,L1,-0.0557598756146686,L2,0.0...
GetData ===>> H2,-0.093892518976692,H1,0.00127378060443841,AX,-0.1236201685492,L1,-0.0508435110822008,L2,0.0118...
GetData ===>> H2,-0.0991537699126016,H1,0.00417250521020942,AX,-0.0613715717585396,L1,-0.0413403679146804,L2,0....
testing H1>-5.0
evaluate ot="H1.bs>-5.0" t="H1>-5.0", ctx="{'H1': None}"
GetData ===>> H2,-0.126647258982447,H1,0.000247914640350144,AX,-0.187710926490485,L1,-0.023429362115096,L2,-0.0...
GetData ===>> H2,-0.263648365284454,H1,-0.00381965970579474,AX,0.0177048056111064,L1,-0.0417882552510605,L2,0.0...
GetData ===>> H2,-0.206640251558165,H1,0.0269596424089748,AX,-0.111002139350567,L1,-0.0279073256415287,L2,-0.01...
GetData ===>> H2,-0.15822561706299,H1,0.0548720043570096,AX,-0.137701240738664,L1,-0.0662309477267899,L2,-0.081...
GetData ===>> H2,-0.165233819967798,H1,0.0666407273684612,AX,-0.0633772209455454,L1,-0.0115401206423924,L2,-0.1...
testing H1>-5.0
evaluate ot="H1.bs>-5.0" t="H1>-5.0", ctx="{'H1': None}"
09:58:31 -- collecting point 25
GetData ===>> H2,-0.170922264971777,H1,0.0160545746061615,AX,-0.0741235502746437,L1,0.00239580749450477,L2,0.03...
GetData ===>> H2,-0.184960422969348,H1,0.00431565427934117,AX,-0.118904530987183,L1,-0.0182251347866452,L2,0.04...
GetData ===>> H2,-0.11352990600811,H1,0.0267925974009266,AX,-0.0334504971787414,L1,-0.0528880432284116,L2,-0.03...
GetData ===>> H2,-0.162025978272319,H1,0.028737495834519,AX,-0.143150924885136,L1,-0.0561022245237932,L2,-0.060...
GetData ===>> H2,-0.259044278615644,H1,-0.0271006581934906,AX,-0.050032500053208,L1,-0.0062173064117594,L2,0.02...
testing H1>-5.0
evaluate ot="H1.bs>-5.0" t="H1>-5.0", ctx="{'H1': None}"
GetData ===>> H2,-0.235053068938173,H1,0.0524372688380794,AX,-0.0302381321876105,L1,0.00250264771887792,L2,-0.0...
GetData ===>> H2,-0.23718942868743,H1,0.056399711773847,AX,0.0308749771150577,L1,0.00265150565143596,L2,-0.0497...
GetData ===>> H2,-0.200073111992795,H1,-0.0031039694575739,AX,-0.177152376448113,L1,-0.000290431457522359,L2,0....
GetData ===>> H2,-0.171008615554043,H1,0.01128248971789,AX,-0.0286725007108031,L1,0.00589166841143884,L2,0.0198...
GetData ===>> H2,-0.237224403507789,H1,0.0432836704165275,AX,-0.0874417871841176,L1,-0.0289136044527237,L2,-0.0...
testing H1>-5.0
evaluate ot="H1.bs>-5.0" t="H1>-5.0", ctx="{'H1': None}"
GetData ===>> H2,-0.25249640373221,H1,0.0141218528172839,AX,-0.0285217348687926,L1,-9.48091120193655E-05,L2,0.0...
GetData ===>> H2,-0.179046897421007,H1,0.034274100697851,AX,-0.147151030637952,L1,-0.00694652686608271,L2,-0.03...
GetData ===>> H2,-0.332051748121912,H1,0.0601235962569781,AX,-0.129030704483476,L1,-0.0397390673190504,L2,0.031...
GetData ===>> H2,-0.204896395428899,H1,0.0695174714590909,AX,-0.0503803439822554,L1,-0.0421127814638998,L2,-0.0...
GetData ===>> H2,-0.230133061933974,H1,0.124622142803976,AX,0.0277650314401403,L1,-0.00127088620322938,L2,-0.04...
testing H1>-5.0
evaluate ot="H1.bs>-5.0" t="H1>-5.0", ctx="{'H1': None}"
GetData ===>> H2,-0.215056572559015,H1,0.0366964616089984,AX,-0.0151954313024887,L1,0.00809213312338544,L2,-0.0...
GetData ===>> H2,-0.276593480982795,H1,0.0313864366834562,AX,-0.0882531091117251,L1,-0.042613321642307,L2,0.018...
GetData ===>> H2,-0.186986204759019,H1,0.0474844356748828,AX,-0.150722000560004,L1,-0.0280510859225514,L2,-0.11...
GetData ===>> H2,-0.220830872312198,H1,-0.0370339851695654,AX,-0.150965471007839,L1,-0.0297341263304313,L2,-0.0...
GetData ===>> H2,-0.279324932317427,H1,-0.000897225645579525,AX,-0.0803945921403558,L1,-0.0176842970035574,L2,-...
testing H1>-5.0
evaluate ot="H1.bs>-5.0" t="H1>-5.0", ctx="{'H1': None}"
GetData ===>> H2,-0.29912887834843,H1,0.0174504524377951,AX,0.0132377952716025,L1,0.0366067134764364,L2,-0.0630...
GetData ===>> H2,-0.198775947632707,H1,0.0676553372194412,AX,-0.00589261324194248,L1,-0.0154858699286619,L2,-0....
GetData ===>> H2,-0.173329040914582,H1,-0.0379521420883265,AX,-0.0182807082804205,L1,-0.0017520781491287,L2,-0....
GetData ===>> H2,-0.209297295806487,H1,-0.0158424908151876,AX,-0.101129041404956,L1,0.0101034471159118,L2,-0.00...
GetData ===>> H2,-0.301322274671247,H1,-0.0107377349668923,AX,-0.0679796237881578,L1,-0.0021720523259958,L2,0.0...
testing H1>-5.0
evaluate ot="H1.bs>-5.0" t="H1>-5.0", ctx="{'H1': None}"
09:58:57 -- collecting point 50
GetData ===>> H2,-0.217451748855949,H1,-0.0232486947105535,AX,-0.00815460218711564,L1,0.00734219339330893,L2,-0...
GetData ===>> H2,-0.325560135969243,H1,0.0535591494182032,AX,-0.0286840980735981,L1,-0.00262680461019152,L2,-0....
GetData ===>> H2,-0.318095292151792,H1,0.0961920437412058,AX,-0.130374602511729,L1,-0.0523162382411932,L2,0.085...
GetData ===>> H2,-0.164410344559302,H1,0.0333433569191801,AX,-0.0473076795924041,L1,-0.0205644329900245,L2,-0.0...
GetData ===>> H2,-0.143195917480335,H1,0.0759272527707246,AX,-0.149551015129745,L1,0.0270059491254119,L2,-0.066...
testing H1>-5.0
evaluate ot="H1.bs>-5.0" t="H1>-5.0", ctx="{'H1': None}"
GetData ===>> H2,-0.153976725492444,H1,0.0299665002155837,AX,-0.0523514360951903,L1,-0.0261389060691939,L2,-0.1...
GetData ===>> H2,-0.286040117802843,H1,0.0485346545286759,AX,-0.00673941525929026,L1,-0.0261724562176725,L2,0.0...
GetData ===>> H2,-0.133009653339082,H1,0.0346440140896355,AX,-0.0584731617493377,L1,-0.00607457451660133,L2,-0....
GetData ===>> H2,-0.131442035851891,H1,0.0550629665093673,AX,-0.115602289977393,L1,-0.0303952864878909,L2,-0.05...
GetData ===>> H2,-0.208987429294282,H1,0.016674962350627,AX,-0.0545079970231979,L1,0.0241758684926832,L2,-0.022...
testing H1>-5.0
evaluate ot="H1.bs>-5.0" t="H1>-5.0", ctx="{'H1': None}"
GetData ===>> H2,-0.238926142696484,H1,0.0836080682279362,AX,-0.0130495982977622,L1,0.0122123977975883,L2,-0.04...
measurement finished
estimated time: 62.915 actual time: :63.205
flush and close file /Users/jan/PychronDev/data/isotopes/de/5afd47-0985-4204-a712-7f96df51cc2b.h5
activate_detectors ('H1', 'AX', 'CDD') {'peak_center': True}
peak_center () {'detector': 'H1', 'integration_time': 0.262144, 'isotope': 'Ar40'}
peak center: mean=1725.04868024 threshold=3
peak center started
setup peak center. detector=['H1', 'AX', 'CDD'], isotope=Ar40
VersionedUnpickler [<apptools.sweet_pickle.versioned_unpickler.VersionedUnpickler object at 0x1dc38dbf0>] using Updater [<apptools.sweet_pickle.updater.Updater object at 0x135230b30>]
VersionedUnpickler [<apptools.sweet_pickle.versioned_unpickler.VersionedUnpickler object at 0x1dc38dbf0>] using Updater [<apptools.sweet_pickle.updater.Updater object at 0x135230b30>]
VersionedUnpickler [<apptools.sweet_pickle.versioned_unpickler.VersionedUnpickler object at 0x1d6853b90>] using Updater [<apptools.sweet_pickle.updater.Updater object at 0x135230b30>]
setting integration time = 0.524288
SetIntegrationTime 0.524288 ===>> OK
Mapping mass to dac mass func: "parabolic"
H1 map mass coeffs = [-0.00063987  0.15840543  0.57074999]
H1 map mass to dac 39.9624 >> 5.87914
GetDeflection H1 ===>> 0
GetHighVoltage ===>> 4499.94659342336
do peak center. <pychron.spectrometer.jobs.peak_center.PeakCenter object at 0x1352309b0>
doing pc
starting peak center. center dac= 5.8791053783 step_width=0.001
width = 0.001
get scan parameters. half-width=0.015,window=0.015, i=0, scalar=1
Scan parameters center=5.87911 width=0.03000 (5.86411 - 5.89411)
GetData ===>> H2,-0.225718573711983,H1,-0.00780357523002524,AX,-0.0547398824492955,L1,0.0453845068768824,L2,-0....
Moving to starting dac 5.8641053783
setting magnet DAC
current  : 5.239765
requested: 5.864105
Delta Dac: 0.624340
Checking detector protection. dv=0.62434
Checking detector "CDD". Protection Threshold: 0.1 (V)
ProtectDetector CDD,On ===>> OK
GetDeflection CDD ===>> 2000
Protected = 2000
SetMagnetDAC 5.8641053783 ===>> OK
Magnet settling time: 0.500
GetMagnetMoving ===>> True
GetMagnetMoving ===>> True
GetMagnetMoving ===>> True
GetMagnetMoving ===>> True
GetMagnetMoving ===>> True
GetMagnetMoving ===>> True
GetMagnetMoving ===>> True
GetMagnetMoving ===>> True
GetMagnetMoving ===>> False
ProtectDetector CDD,Off ===>> OK
GetDeflection CDD ===>> 50
Wait until signal near baseline. tol= -0.00585268142252. timeout= 10
GetData ===>> H2,3.71634317216758,H1,1.2573046302691,AX,-0.1400709716307,L1,0.0232378343655244,L2,-0.0077427008...
GetData ===>> H2,88.0748231649063,H1,28.7907369008118,AX,1.32765086939897,L1,0.0365105403697709,L2,-0.047197965...
GetData ===>> H2,125.768864382406,H1,58.2596822670879,AX,5.48973049297821,L1,0.0309508893358342,L2,-0.203175008...
GetData ===>> H2,71.6577059773286,H1,27.7767338877956,AX,2.4572723058144,L1,-0.00137648640517436,L2,0.061986967...
GetData ===>> H2,30.6678725520874,H1,14.0860291919436,AX,1.01226277732297,L1,-0.0121658670115105,L2,-0.03135406...
GetData ===>> H2,10.5061860491594,H1,7.65082603422174,AX,0.456750706680952,L1,-0.0209270235971949,L2,-0.0084030...
GetData ===>> H2,2.95470527294303,H1,4.50512051084793,AX,0.20738013121053,L1,-0.0637067239675028,L2,0.040044319...
GetData ===>> H2,0.795199295882359,H1,3.00101162079616,AX,0.224810070068156,L1,-0.0651046859911444,L2,0.1082128...
GetData ===>> H2,0.375432019034226,H1,2.19985334586899,AX,0.0875901803979863,L1,-0.0545757547057878,L2,0.118883...
GetData ===>> H2,0.431082569170123,H1,1.83642230663177,AX,0.160327905455148,L1,-0.0395210694969394,L2,-0.065679...
GetData ===>> H2,0.445947865993227,H1,1.62722661187187,AX,0.158912978444935,L1,0.00224335205823055,L2,-0.084930...
GetData ===>> H2,0.529103459140557,H1,1.54462381802178,AX,0.116544277739739,L1,0.0110641340423746,L2,-0.0968297...
GetData ===>> H2,0.522876440636369,H1,1.4623803880476,AX,0.000174416674428592,L1,0.00191444031595862,L2,-0.1888...
GetData ===>> H2,0.547067990152662,H1,1.48739240529256,AX,0.0410410150475968,L1,0.0174047179360482,L2,-0.134867...
GetData ===>> H2,0.48918856074844,H1,1.51055988383531,AX,0.0614484796174659,L1,0.0324384507049919,L2,-0.0395039...
GetData ===>> H2,0.399416515129343,H1,1.39110255375725,AX,-0.0443624687002992,L1,0.0236436375685642,L2,-0.01830...
GetData ===>> H2,0.391943520695109,H1,1.52378022832875,AX,-0.0283361765888259,L1,0.0347988124586192,L2,0.052461...
GetData ===>> H2,0.359418345866523,H1,1.5094542608203,AX,0.0116598873643428,L1,0.00816985531466951,L2,-0.020334...
GetData ===>> H2,0.21405701418459,H1,1.49258299593795,AX,0.0349134130415775,L1,0.0139880317723437,L2,-0.0497928...
GetData ===>> H2,0.205844391708512,H1,1.46581586915071,AX,0.0240982081949959,L1,0.0134266927377054,L2,-0.130173...
GetData ===>> H2,0.234523503541224,H1,1.48095259937653,AX,0.0777630441354656,L1,0.00284598465235672,L2,0.081495...
Peak center failed to move to a baseline position
_do_sweep sm= 5.8641053783, em= 5.8941053783, stm= 0.001
calculated step values: start=5.8641053783, end=5.8941053783, width=0.001, nsteps=31.0
setting magnet DAC
current  : 5.864105
requested: 5.864105
Delta Dac: 0.000000
Checking detector protection. dv=0.00000
Checking detector "CDD". Protection Threshold: 0.1 (V)
SetMagnetDAC 5.8641053783 ===>> OK
GetData ===>> H2,0.234523503541224,H1,1.48095259937653,AX,0.0777630441354656,L1,0.00284598465235672,L2,0.081495...
setting magnet DAC
current  : 5.864105
requested: 5.865140
Delta Dac: 0.001034
Checking detector protection. dv=0.00103
Checking detector "CDD". Protection Threshold: 0.1 (V)
SetMagnetDAC 5.86513986105 ===>> OK
Magnet settling time: 1.049
GetData ===>> H2,0.146645510875584,H1,3.020235283184,AX,0.350648727098851,L1,-0.042728274717867,L2,-0.099446009...
setting magnet DAC
current  : 5.865140
requested: 5.866174
Delta Dac: 0.001034
Checking detector protection. dv=0.00103
Checking detector "CDD". Protection Threshold: 0.1 (V)
SetMagnetDAC 5.86617434381 ===>> OK
Magnet settling time: 1.049
GetData ===>> H2,-0.0266756135844013,H1,9.75107611238528,AX,1.03944661538025,L1,-0.0121898411943187,L2,-0.14471...
setting magnet DAC
current  : 5.866174
requested: 5.867209
Delta Dac: 0.001034
Checking detector protection. dv=0.00103
Checking detector "CDD". Protection Threshold: 0.1 (V)
SetMagnetDAC 5.86720882657 ===>> OK
Magnet settling time: 1.049
GetData ===>> H2,0.0265208938364247,H1,35.6773947217908,AX,3.08808848641404,L1,-0.0196406466961971,L2,-0.049155...
setting magnet DAC
current  : 5.867209
requested: 5.868243
Delta Dac: 0.001034
Checking detector protection. dv=0.00103
Checking detector "CDD". Protection Threshold: 0.1 (V)
SetMagnetDAC 5.86824330933 ===>> OK
Magnet settling time: 1.049
GetData ===>> H2,-0.0469459778892866,H1,124.458738582197,AX,9.93141309169166,L1,0.00749855899862529,L2,-0.10592...
setting magnet DAC
current  : 5.868243
requested: 5.869278
Delta Dac: 0.001034
Checking detector protection. dv=0.00103
Checking detector "CDD". Protection Threshold: 0.1 (V)
SetMagnetDAC 5.86927779209 ===>> OK
Magnet settling time: 1.049
GetData ===>> H2,-0.125763054769716,H1,349.439757816174,AX,29.525282219206,L1,0.118305583292566,L2,-0.090846160...
setting magnet DAC
current  : 5.869278
requested: 5.870312
Delta Dac: 0.001034
Checking detector protection. dv=0.00103
Checking detector "CDD". Protection Threshold: 0.1 (V)
SetMagnetDAC 5.87031227485 ===>> OK
Magnet settling time: 1.049
GetData ===>> H2,-0.0518791459466587,H1,728.905192748327,AX,68.6285453742599,L1,0.398518133134792,L2,0.07873785...
setting magnet DAC
current  : 5.870312
requested: 5.871347
Delta Dac: 0.001034
Checking detector protection. dv=0.00103
Checking detector "CDD". Protection Threshold: 0.1 (V)
SetMagnetDAC 5.87134675761 ===>> OK
Magnet settling time: 1.049
GetData ===>> H2,-0.0654634604353177,H1,1138.84697545839,AX,117.959203032837,L1,0.846925072837732,L2,0.18115295...
setting magnet DAC
current  : 5.871347
requested: 5.872381
Delta Dac: 0.001034
Checking detector protection. dv=0.00103
Checking detector "CDD". Protection Threshold: 0.1 (V)
SetMagnetDAC 5.87238124036 ===>> OK
Magnet settling time: 1.049
GetData ===>> H2,-0.0547095319565911,H1,1433.93137420664,AX,160.084404679162,L1,1.32214695223592,L2,0.147595437...
setting magnet DAC
current  : 5.872381
requested: 5.873416
Delta Dac: 0.001034
Checking detector protection. dv=0.00103
Checking detector "CDD". Protection Threshold: 0.1 (V)
SetMagnetDAC 5.87341572312 ===>> OK
Magnet settling time: 1.049
GetData ===>> H2,-0.149034939980114,H1,1577.63583959332,AX,185.903385165534,L1,1.7737668835413,L2,0.37373254885...
setting magnet DAC
current  : 5.873416
requested: 5.874450
Delta Dac: 0.001034
Checking detector protection. dv=0.00103
Checking detector "CDD". Protection Threshold: 0.1 (V)
SetMagnetDAC 5.87445020588 ===>> OK
Magnet settling time: 1.049
GetData ===>> H2,-0.23732929401004,H1,1627.99675476481,AX,196.740068230124,L1,2.10182579174515,L2,0.46909567474...
setting magnet DAC
current  : 5.874450
requested: 5.875485
Delta Dac: 0.001034
Checking detector protection. dv=0.00103
Checking detector "CDD". Protection Threshold: 0.1 (V)
SetMagnetDAC 5.87548468864 ===>> OK
Magnet settling time: 1.049
GetData ===>> H2,0.0385925310588667,H1,1641.82178961295,AX,199.810395201986,L1,2.28699594840105,L2,0.4828474782...
setting magnet DAC
current  : 5.875485
requested: 5.876519
Delta Dac: 0.001034
Checking detector protection. dv=0.00103
Checking detector "CDD". Protection Threshold: 0.1 (V)
SetMagnetDAC 5.8765191714 ===>> OK
Magnet settling time: 1.049
GetData ===>> H2,-0.0669777979947895,H1,1644.80455100487,AX,200.685034305838,L1,2.41032810017501,L2,0.559980922...
setting magnet DAC
current  : 5.876519
requested: 5.877554
Delta Dac: 0.001034
Checking detector protection. dv=0.00103
Checking detector "CDD". Protection Threshold: 0.1 (V)
SetMagnetDAC 5.87755365416 ===>> OK
Magnet settling time: 1.049
GetData ===>> H2,-0.153888893762861,H1,1645.33469675801,AX,200.607570009634,L1,2.47343464978143,L2,0.5331885888...
setting magnet DAC
current  : 5.877554
requested: 5.878588
Delta Dac: 0.001034
Checking detector protection. dv=0.00103
Checking detector "CDD". Protection Threshold: 0.1 (V)
SetMagnetDAC 5.87858813692 ===>> OK
Magnet settling time: 1.049
GetData ===>> H2,-0.171954381186482,H1,1644.47104963585,AX,200.680981284731,L1,2.50590381811066,L2,0.5399088294...
setting magnet DAC
current  : 5.878588
requested: 5.879623
Delta Dac: 0.001034
Checking detector protection. dv=0.00103
Checking detector "CDD". Protection Threshold: 0.1 (V)
SetMagnetDAC 5.87962261968 ===>> OK
Magnet settling time: 1.049
GetData ===>> H2,-0.136982200326279,H1,1644.20634243515,AX,200.570733290254,L1,2.53282165643908,L2,0.5253717584...
setting magnet DAC
current  : 5.879623
requested: 5.880657
Delta Dac: 0.001034
Checking detector protection. dv=0.00103
Checking detector "CDD". Protection Threshold: 0.1 (V)
SetMagnetDAC 5.88065710243 ===>> OK
Magnet settling time: 1.049
GetData ===>> H2,-0.207339605174267,H1,1644.22216996593,AX,200.402746959078,L1,2.56740906884589,L2,0.4188338530...
setting magnet DAC
current  : 5.880657
requested: 5.881692
Delta Dac: 0.001034
Checking detector protection. dv=0.00103
Checking detector "CDD". Protection Threshold: 0.1 (V)
SetMagnetDAC 5.88169158519 ===>> OK
Magnet settling time: 1.049
GetData ===>> H2,-0.20998840226527,H1,1642.1536067326,AX,200.303118356453,L1,2.5839587654424,L2,0.4734814178209...
setting magnet DAC
current  : 5.881692
requested: 5.882726
Delta Dac: 0.001034
Checking detector protection. dv=0.00103
Checking detector "CDD". Protection Threshold: 0.1 (V)
SetMagnetDAC 5.88272606795 ===>> OK
Magnet settling time: 1.049
GetData ===>> H2,-0.0230825926030576,H1,1640.16655715453,AX,199.319855383721,L1,2.55234194665059,L2,0.618049034...
setting magnet DAC
current  : 5.882726
requested: 5.883761
Delta Dac: 0.001034
Checking detector protection. dv=0.00103
Checking detector "CDD". Protection Threshold: 0.1 (V)
SetMagnetDAC 5.88376055071 ===>> OK
Magnet settling time: 1.049
GetData ===>> H2,-0.0391309823506549,H1,1631.26895695636,AX,197.343537374265,L1,2.56554724649618,L2,0.404977094...
setting magnet DAC
current  : 5.883761
requested: 5.884795
Delta Dac: 0.001034
Checking detector protection. dv=0.00103
Checking detector "CDD". Protection Threshold: 0.1 (V)
SetMagnetDAC 5.88479503347 ===>> OK
Magnet settling time: 1.049
GetData ===>> H2,-0.0431911075221356,H1,1596.13644544299,AX,189.287757216393,L1,2.4488927684537,L2,0.3848917761...
setting magnet DAC
current  : 5.884795
requested: 5.885830
Delta Dac: 0.001034
Checking detector protection. dv=0.00103
Checking detector "CDD". Protection Threshold: 0.1 (V)
SetMagnetDAC 5.88582951623 ===>> OK
Magnet settling time: 1.049
GetData ===>> H2,-0.145334621199616,H1,1486.86784352331,AX,167.055586310236,L1,2.20265854896977,L2,0.1541873866...
setting magnet DAC
current  : 5.885830
requested: 5.886864
Delta Dac: 0.001034
Checking detector protection. dv=0.00103
Checking detector "CDD". Protection Threshold: 0.1 (V)
SetMagnetDAC 5.88686399899 ===>> OK
Magnet settling time: 1.049
GetData ===>> H2,-0.273654741007669,H1,1230.17983736581,AX,124.637277737596,L1,1.79274585537535,L2,0.2235329892...
setting magnet DAC
current  : 5.886864
requested: 5.887898
Delta Dac: 0.001034
Checking detector protection. dv=0.00103
Checking detector "CDD". Protection Threshold: 0.1 (V)
SetMagnetDAC 5.88789848174 ===>> OK
Magnet settling time: 1.049
GetData ===>> H2,-0.285612966710532,H1,835.612596006511,AX,73.338674956649,L1,1.28606367080506,L2,0.02689936978...
setting magnet DAC
current  : 5.887898
requested: 5.888933
Delta Dac: 0.001034
Checking detector protection. dv=0.00103
Checking detector "CDD". Protection Threshold: 0.1 (V)
SetMagnetDAC 5.8889329645 ===>> OK
Magnet settling time: 1.049
GetData ===>> H2,-0.3040114529203,H1,433.378240153951,AX,32.1230594306138,L1,0.823838207641142,L2,0.02694492974...
setting magnet DAC
current  : 5.888933
requested: 5.889967
Delta Dac: 0.001034
Checking detector protection. dv=0.00103
Checking detector "CDD". Protection Threshold: 0.1 (V)
SetMagnetDAC 5.88996744726 ===>> OK
Magnet settling time: 1.049
GetData ===>> H2,-0.263404284095342,H1,170.911514504708,AX,10.3859019101057,L1,0.544174954879964,L2,0.034371493...
setting magnet DAC
current  : 5.889967
requested: 5.891002
Delta Dac: 0.001034
Checking detector protection. dv=0.00103
Checking detector "CDD". Protection Threshold: 0.1 (V)
SetMagnetDAC 5.89100193002 ===>> OK
Magnet settling time: 1.049
GetData ===>> H2,-0.014859763168731,H1,26.8753817163122,AX,1.10377601982693,L1,0.276799241630246,L2,-0.05002045...
setting magnet DAC
current  : 5.891002
requested: 5.892036
Delta Dac: 0.001034
Checking detector protection. dv=0.00103
Checking detector "CDD". Protection Threshold: 0.1 (V)
SetMagnetDAC 5.89203641278 ===>> OK
Magnet settling time: 1.049
GetData ===>> H2,-0.145747626920873,H1,6.60898590756724,AX,-0.00799220473230246,L1,0.1435312710231,L2,0.0420036...
setting magnet DAC
current  : 5.892036
requested: 5.893071
Delta Dac: 0.001034
Checking detector protection. dv=0.00103
Checking detector "CDD". Protection Threshold: 0.1 (V)
SetMagnetDAC 5.89307089554 ===>> OK
Magnet settling time: 1.049
GetData ===>> H2,-0.212049346156159,H1,1.28617478473367,AX,-0.143152291566435,L1,0.0892899011942403,L2,0.030043...
setting magnet DAC
current  : 5.893071
requested: 5.894105
Delta Dac: 0.001034
Checking detector protection. dv=0.00103
Checking detector "CDD". Protection Threshold: 0.1 (V)
SetMagnetDAC 5.8941053783 ===>> OK
Magnet settling time: 1.049
GetData ===>> H2,-0.245023072523704,H1,0.232706969216223,AX,-0.284764435322912,L1,-0.0125830096441277,L2,-0.098...
result of _do_sweep=True
result of _calculate_peak_center=([5.8716224814676963, 5.8792556788970378, 5.8868888763263794], [1217.4967250246286, 1645.3191199562075, 1220.4149352985239], 5.8775723121635703, 1645.3191199562075)
Failed to find a valid peak. No peak greater than 1.0. max = 0.0374354146391
new center pos Detector(H1) (Ar40) @ 5.8792556789
GetHighVoltage ===>> 4499.94659342336
GetDeflection H1 ===>> 0
dac uncorrected for HV and deflection 5.87929030149
update mftable H1 Ar40 5.87929030149 message=automated run peakcenter
get initial guess parabolic
get initial guess parabolic
get initial guess parabolic
get initial guess parabolic
get initial guess parabolic
get initial guess parabolic
dump mftable to /Users/jan/PychronDev/setupfiles/spectrometer/mftables/mftable.csv
add to repo msg=modified - automated run peakcenter
locally archiving mftable
setting magnet DAC
current  : 5.894105
requested: 5.879256
Delta Dac: 0.014850
Checking detector protection. dv=0.01485
Checking detector "CDD". Protection Threshold: 0.1 (V)
SetMagnetDAC 5.8792556789 ===>> OK
Magnet settling time: 0.500
sweep finished
setting integration time = 1.048576
SetIntegrationTime 1.048576 ===>> OK
Failed to find a valid peak. No peak greater than 1.0. max = 0.0373369661613
flush and close file /Users/jan/PychronDev/data/isotopes/de/5afd47-0985-4204-a712-7f96df51cc2b.h5
finished measure script
executed snippet estimated_duration=226.132928, duration=272.387676954
jan_unknown120_60.py completed successfully
Measurement Finished
09:59:54 -- ******* Measurement Finished *******
Post Measurement Started jan_pump_ms.py
09:59:54 -- ******* Post Measurement Started jan_pump_ms.py *******
testing...
no interpolation path defined
executed snippet estimated_duration=0, duration=2.8133392334e-05
Pumping spectrometer
open () {'name': 'O'}
opening name=O desc=---
checking ownership. requestor=129.138.12.150
check software interlocks O
interlocks []
actuate state mode=None-script, software_lock=False
doing actuation None-script open_channel True
Open O ===>> OK
GetIndicatorState O ===>> OK
change switch state (True, True)
update switch state O True args=() kw={} ncanvase=2
09:59:55 -- OPEN   VALVE-O (Jan Ion Pump)
---------------------------------------- open O () result=[(True, True)], time=0.11 sec
action=open, ok=True, locked=[False]
executed snippet estimated_duration=0, duration=0.363294839859
jan_pump_ms.py completed successfully
setting _ms_pumptime
Post Measurement Finished
09:59:55 -- ******* Post Measurement Finished *******
$$$$$$$$$$$$$$$$$$$$ state at run end measurement
state changed from measurement to success
post measurement save measured=True aborted=False
Set filtering
setting fod for Ar40= {'filter_outliers': True, 'std_devs': 2, 'iterations': 1}
setting fod for H1= {'filter_outliers': True, 'std_devs': 2, 'iterations': 1}
setting fod for PM41= {'filter_outliers': False, 'std_devs': 2, 'iterations': 1}
setting fod for H2= {'filter_outliers': True, 'std_devs': 2, 'iterations': 1}
setting fod for Ar36= {'filter_outliers': True, 'std_devs': 2, 'iterations': 1}
setting fod for CDD= {'filter_outliers': True, 'std_devs': 10, 'iterations': 1}
setting fod for Ar37= {'filter_outliers': True, 'std_devs': 2, 'iterations': 1}
setting fod for L2= {'filter_outliers': True, 'std_devs': 2, 'iterations': 1}
setting fod for Ar38= {'filter_outliers': True, 'std_devs': 2, 'iterations': 1}
setting fod for L1= {'filter_outliers': True, 'std_devs': 2, 'iterations': 1}
setting fod for Ar39= {'filter_outliers': True, 'std_devs': 2, 'iterations': 1}
setting fod for AX= {'filter_outliers': True, 'std_devs': 2, 'iterations': 1}
persistence save...
persistence save - db
post measurement save
7358644976 connecting to database sqlite:////Users/jan/PychronDev/.appdata/local_lab.db
connected to db sqlite:////Users/jan/PychronDev/.appdata/local_lab.db
create new session 7358644976
close session 7358644976
No database instance. Not saving post measurement to isotopedb database
$$$$$$$$$$$$$$$ auto_save_detector_ic=False
massspec enabled True
create new session 4985539184
MassSpec Database Version: 16.0
close session 4985539184
saving post measurement to secondary database
saving to massspec database 129.138.12.160/massspecdata
setting labnumber to 25315
setting aliquot to 4
setting step to 
setting uuid to de5afd47-0985-4204-a712-7f96df51cc2b
setting irradpos to 25315
setting extract_device to Fusions CO2
setting tray to 
setting position to 70
setting power_requested to 5.0
setting extract_value to 5.0
setting duration to 30.0
setting duration_at_request to 30.0
setting first_stage_delay to 30.0
setting cleanup to 30.0
setting comment to J:12
setting irradiation to NM-288
setting level to J
setting irradiation_level to J
setting sample to FC-2
setting material to 
setting project to 
setting mass_spectrometer to jan
no attribute chron_dosages
no attribute production_ratios
no attribute interference_corrections
no attribute production_name
no attribute j
Reference Isotope=Ar40
Reference Detector=H1
%%%%%%%%%%%%%%%%%%%% Comment: J:12 %%%%%%%%%%%%%%%%%%%
adding isotope PM41 H2
add baseline dbdet= PM41. original det= H2
get baseline data PM41 H2
Get data baseline <pychron.processing.isotope.Baseline object at 0x1d6cb7650> len t=60
baseline PM41. v=-0.199581501931, e=0.00864063291908
get signal data PM41 H2
Get data signal PM41 0.11+/-0.08 len t=120
adding isotope Ar40 H1
add baseline dbdet= Ar40. original det= H1
get baseline data Ar40 H1
Get data baseline <pychron.processing.isotope.Baseline object at 0x1d6cb79d0> len t=60
baseline Ar40. v=0.0155754415611, e=0.00557712276336
get signal data Ar40 H1
Get data signal Ar40 1813.99+/-0.10 len t=120
adding isotope Ar39 AX
add baseline dbdet= Ar39. original det= AX
get baseline data Ar39 AX
Get data baseline <pychron.processing.isotope.Baseline object at 0x15e69e510> len t=60
baseline Ar39. v=-0.0744602594873, e=0.00692584257049
get signal data Ar39 AX
Get data signal Ar39 220.465+/-0.025 len t=120
adding isotope Ar38 L1
add baseline dbdet= Ar38. original det= L1
get baseline data Ar38 L1
Get data baseline <pychron.processing.isotope.Baseline object at 0x15e69e350> len t=60
baseline Ar38. v=-0.0234287530895, e=0.0032430952823
get signal data Ar38 L1
Get data signal Ar38 2.826+/-0.004 len t=120
adding isotope Ar37 L2
add baseline dbdet= Ar37. original det= L2
get baseline data Ar37 L2
Get data baseline <pychron.processing.isotope.Baseline object at 0x15e69ec90> len t=60
baseline Ar37. v=-0.0202550714795, e=0.00495468388157
get signal data Ar37 L2
Get data signal Ar37 0.534+/-0.011 len t=120
adding isotope Ar36 CDD
add baseline dbdet= Ar36. original det= CDD
get baseline data Ar36 CDD
Get data baseline <pychron.processing.isotope.Baseline object at 0x15e69ead0> len t=60
baseline Ar36. v=0.000387050077974, e=2.79063079e-05
get signal data Ar36 CDD
Get data signal Ar36 0.0216+/-0.0004 len t=120
25315-04 added analysis time 0.456104040146s
analysis added to mass spec database
mass spec save time= 0.465
persistence save - dvc
================= post measurement started
create new session 4989601072
close session 4989601072
---------------- Experiment Queue saving disabled
DVC saving peakcenter
Failed to find a valid peak. No peak greater than 1.0. max = 0.0373369661613
Smart pull ahead: 0 behind: 0
Up-to-date with origin
add to repo msg=modified - ad8224ebc6dbfeb9f5997218dfa5fe690569839d.json
add to repo msg=modified - 15-04.json
add to repo msg=modified - 15-04.dat.json
add to repo msg=modified - 15-04.blan.json
add to repo msg=modified - 15-04.inte.json
add to repo msg=modified - 15-04.icfa.json
add to repo msg=modified - 15-04.base.json
not at valid file /Users/jan/PychronDev/data/.dvc/repositories/Load1791/253/tags/15-04.tags.json
add to repo msg=modified - 15-04.peak.json
add to repo msg=modified - 15-04.extr.json
not at valid file /Users/jan/PychronDev/data/.dvc/repositories/Load1791/253/monitor/15-04.moni.json
commit message=<COLLECTION>
add to repo msg=modified - 15-04.inte.json
add to repo msg=modified - 15-04.base.json
commit message=<ISOEVO> default collection fits
add to repo msg=modified - 15-04.blan.json
commit message=<BLANKS> preceding ba-01-J-2314
add to repo msg=modified - 15-04.icfa.json
commit message=<ICFactor> default
push repository <pychron.git_archive.repo_manager.GitRepoManager object at 0x1e8a9bf50>
pushing to remote=origin, url=https://github.com
no changes to meta repo
create new session 4989601072
add association Load1791
get identifier "25315"
setting analysis irradiation position=<pychron.dvc.dvc_orm.IrradiationPositionTbl object at 0x1da42ed90>
close session 4989601072
================= post measurement finished
10:00:10 -- ******* Post Run Check *******
loading queue conditionals post_run_actions
loading system conditionals post_run_actions
loading conditionals from /Users/jan/PychronDev/setupfiles/spectrometer/default_conditionals.yaml
loading queue conditionals post_run_terminations
loading system conditionals post_run_terminations
loading conditionals from /Users/jan/PychronDev/setupfiles/spectrometer/default_conditionals.yaml
Checking default post run terminations n=1
GetDeflection CDD ===>> 50
testing CDD==2000
evaluate ot="CDD.deflection==2000" t="CDD==2000", ctx="{'CDD': 50.0}"
10:00:10 -- ******* Post Run Check Passed *******
10:00:10 -- Automated run 25315-04 success duration: 365.600 s
----------------- finish -----------------
----------------- stop -----------------
retroactive repository identifiers disabled
finish run. runs completed=92
update duration runid=25315-04, duration=365.599946976, md5=301e91d8
write rem/ex queues
/Users/jan/PychronDev/experiments/rem/CurrentExperiment.rem.txt
/Users/jan/PychronDev/experiments/rem/CurrentExperiment.ex.txt
doing event level: 3
