do run
loading script "jan_unknown120_60.py"
loading script "jan_pump_ms.py"
loading script "jan_co2.py"
loading script "jan_pump_extraction_line.py"
testing...
no interpolation path defined
executed snippet estimated_duration=213.652928, duration=0.000319004058838
script duration name:unknown120_60 seconds:214.0
loading script "jan_unknown120_60.py"
loading script "jan_pump_ms.py"
loading script "jan_co2.py"
loading script "jan_pump_extraction_line.py"
testing...
no interpolation path defined
executed snippet estimated_duration=0, duration=2.59876251221e-05
loading script "jan_unknown120_60.py"
loading script "jan_pump_ms.py"
loading script "jan_co2.py"
loading script "jan_pump_extraction_line.py"
testing...
no interpolation path defined
calculate duration
testing...
no interpolation path defined
executed snippet estimated_duration=0, duration=5.98430633545e-05
calculate duration
testing...
no interpolation path defined
executed snippet estimated_duration=0, duration=9.29832458496e-05
executed snippet estimated_duration=0.0, duration=0.00295901298523
script duration name:co2 seconds:0.0
loading script "jan_unknown120_60.py"
loading script "jan_pump_ms.py"
loading script "jan_co2.py"
loading script "jan_pump_extraction_line.py"
testing...
no interpolation path defined
calculate duration
testing...
no interpolation path defined
executed snippet estimated_duration=4.0, duration=0.00025200843811
executed snippet estimated_duration=4.0, duration=0.00331997871399
Script duration 214.0
Run total estimated duration= 215.000
run duration: 0:03:35
doing event level: 2
11:42:24 -- Setting default integration. t=1.048576
setting integration time = 1.048576
SetIntegrationTime 1.048576 ===>> OK
----------------- start -----------------
**************** Experiment Type: Ar/Ar, Ar/Ar
create new session 4436069840
close session 4436069840
$$$$$ Clearing conditionals
adding conditionals 
Add queue conditionals
add default conditionals
adding default conditionals from /Users/jan/PychronDev/setupfiles/spectrometer/default_conditionals.yaml
Start automated run 25317-03
loading script "jan_unknown120_60.py"
loading script "jan_pump_ms.py"
loading script "jan_co2.py"
loading script "jan_pump_extraction_line.py"
%%%%%%%%%%%%%%%%%% setting automated run 25317-03
No value "sensitivity_multiplier" in metadata
$$$$$$$$$$$$$$$ auto_save_detector_ic=False
============================= Pre Extraction Check =============================
loading queue conditionals pre_run_terminations
loading system conditionals pre_run_terminations
loading conditionals from /Users/jan/PychronDev/setupfiles/spectrometer/default_conditionals.yaml
11:42:24 -- ******* Pre Extraction Check *******
Get a measurement from the spectrometer
GetData ===>> H2,-0.232038876882644,H1,0.0347752740087916,AX,-0.0552848110256913,L1,-0.0326802661561383,L2,0.06...
Pre Extraction Termination data. keys=H2,H1,AX,L1,L2,CDD, signals=-0.23204,0.03478,-0.05528,-0.03268,0.06268,0.00357
11:42:24 -- testing system defined conditionals
Checking default pre extraction terminations n=2
testing CDD
evaluate ot="CDD.inactive" t="CDD", ctx="{'CDD': False}"
GetDeflection CDD ===>> 50
testing CDD==2000
evaluate ot="CDD.deflection==2000" t="CDD==2000", ctx="{'CDD': 50.0}"
11:42:24 -- ******* Pre Extraction Check Passed *******
=================================================================================
11:42:24 -- stopping status monitor
stop 4982387056
Alive clients [4989850544]
11:42:24 -- starting status monitor
start 4982387056
Monitor already running
start extraction
do extraction
Analysis started at 11:42:24.827481
Extraction Started jan_co2.py
11:42:24 -- ******* Extraction Started jan_co2.py *******
state changed from not run to extraction
DO EXTRACTION <pychron.extraction_line.pyscript_runner.RemotePyScriptRunner object at 0x12c299590>
testing...
no interpolation path defined
calculate duration
testing...
no interpolation path defined
executed snippet estimated_duration=0, duration=4.91142272949e-05
calculate duration
testing...
no interpolation path defined
executed snippet estimated_duration=0, duration=9.29832458496e-05
executed snippet estimated_duration=100.0, duration=0.00325202941895
Jan CO2 laser analysis
doing GOSUB
testing...
no interpolation path defined
executed snippet estimated_duration=0, duration=5.31673431396e-05
Waiting for CO2 access
wait ('FelixCO2Flag', 0) {}
waiting for FelixCO2Flag = 0
Read FelixCO2Flag ===>> 0
finished waiting
CO2 free
wait ('CO2PumpTimeFlag', 0) {}
waiting for CO2PumpTimeFlag = 0
Read CO2PumpTimeFlag ===>> 0
finished waiting
acquire ('JanCO2Flag',) {'clear': True}
acquire JanCO2Flag
Set JanCO2Flag 1 ===>> OK
JanCO2Flag acquired
set extraction state False (0.75, 'red', 1.5)
CO2 acquired
executed snippet estimated_duration=0, duration=0.0176739692688
WaitForCO2Access.py completed successfully
gosub finished
doing GOSUB
testing...
no interpolation path defined
executed snippet estimated_duration=0, duration=9.79900360107e-05
Prepare for CO2 analysis
close () {'description': 'Jan Inlet'}
closing name=--- desc=Jan Inlet
checking ownership. requestor=129.138.12.150
check software interlocks R
interlocks []
actuate state mode=None-script, software_lock=False
doing actuation None-script close_channel False
Close R ===>> OK
GetIndicatorState R ===>> False
change switch state (True, True)
update switch state R False args=() kw={} ncanvase=2
11:42:25 -- CLOSE  VALVE-R (Jan Inlet)
---------------------------------------- close None (Jan Inlet) result=[(True, True)]
action=close, ok=True, locked=[False]
open () {'description': 'Jan Ion Pump'}
opening name=--- desc=Jan Ion Pump
checking ownership. requestor=129.138.12.150
check software interlocks O
interlocks []
actuate state mode=None-script, software_lock=False
doing actuation None-script open_channel False
Open O ===>> OK
GetIndicatorState O ===>> OK
change switch state (True, True)
update switch state O True args=() kw={} ncanvase=2
11:42:25 -- OPEN   VALVE-O (Jan Ion Pump)
---------------------------------------- open None (Jan Ion Pump) result=[(True, True)], time=0.10 sec
action=open, ok=True, locked=[False]
close () {'description': 'Microbone to Minibone'}
closing name=--- desc=Microbone to Minibone
checking ownership. requestor=129.138.12.150
check software interlocks L
interlocks []
actuate state mode=None-script, software_lock=False
doing actuation None-script close_channel False
Close L ===>> OK
GetIndicatorState L ===>> False
change switch state (True, True)
update switch state L False args=() kw={} ncanvase=2
11:42:26 -- CLOSE  VALVE-L (Microbone to Minibone)
---------------------------------------- close None (Microbone to Minibone) result=[(True, True)]
action=close, ok=True, locked=[False]
open () {'description': 'Microbone to Turbo'}
opening name=--- desc=Microbone to Turbo
checking ownership. requestor=129.138.12.150
check software interlocks U
interlocks []
actuate state mode=None-script, software_lock=False
doing actuation None-script open_channel False
Open U ===>> OK
GetIndicatorState U ===>> OK
change switch state (True, True)
update switch state U True args=() kw={} ncanvase=2
11:42:26 -- OPEN   VALVE-U (Microbone to Turbo)
---------------------------------------- open None (Microbone to Turbo) result=[(True, True)], time=0.14 sec
action=open, ok=True, locked=[False]
open () {'description': 'Microbone to Inlet Pipette'}
opening name=--- desc=Microbone to Inlet Pipette
checking ownership. requestor=129.138.12.150
check software interlocks S
interlocks []
actuate state mode=None-script, software_lock=False
doing actuation None-script open_channel False
Open S ===>> OK
GetIndicatorState S ===>> OK
change switch state (True, True)
update switch state S True args=() kw={} ncanvase=2
11:42:27 -- OPEN   VALVE-S (Microbone to Inlet Pipette)
---------------------------------------- open None (Microbone to Inlet Pipette) result=[(True, True)], time=0.43 sec
action=open, ok=True, locked=[False]
open () {'description': 'Microbone to Getter D-50'}
opening name=--- desc=Microbone to Getter D-50
checking ownership. requestor=129.138.12.150
check software interlocks K
interlocks []
actuate state mode=None-script, software_lock=False
doing actuation None-script open_channel False
Open K ===>> OK
GetIndicatorState K ===>> OK
change switch state (True, True)
update switch state K True args=() kw={} ncanvase=2
11:42:28 -- OPEN   VALVE-K (Microbone to Getter D-50)
---------------------------------------- open None (Microbone to Getter D-50) result=[(True, True)], time=0.40 sec
action=open, ok=True, locked=[False]
open () {'description': 'Microbone to Getter NP-10'}
opening name=--- desc=Microbone to Getter NP-10
checking ownership. requestor=129.138.12.150
check software interlocks M
interlocks []
actuate state mode=None-script, software_lock=False
doing actuation None-script open_channel False
Open M ===>> OK
GetIndicatorState M ===>> OK
change switch state (True, True)
update switch state M True args=() kw={} ncanvase=2
11:42:28 -- OPEN   VALVE-M (Microbone to Getter NP-10)
---------------------------------------- open None (Microbone to Getter NP-10) result=[(True, True)], time=0.14 sec
action=open, ok=True, locked=[False]
close () {'description': 'CO2 Laser to Felix'}
closing name=--- desc=CO2 Laser to Felix
checking ownership. requestor=129.138.12.150
check software interlocks F
interlocks []
actuate state mode=None-script, software_lock=True
VALVE-F(CO2 Laser to Felix) software locked
change switch state (True, False)
---------------------------------------- close None (CO2 Laser to Felix) result=[(True, False)]
action=close, ok=True, locked=[True]
open () {'description': 'CO2 Laser to Jan'}
opening name=--- desc=CO2 Laser to Jan
checking ownership. requestor=129.138.12.150
check software interlocks A
interlocks []
actuate state mode=None-script, software_lock=False
doing actuation None-script open_channel False
Open A ===>> OK
GetIndicatorState A ===>> OK
change switch state (True, True)
update switch state A True args=() kw={} ncanvase=2
11:42:28 -- OPEN   VALVE-A (CO2 Laser to Jan)
---------------------------------------- open None (CO2 Laser to Jan) result=[(True, True)], time=0.14 sec
action=open, ok=True, locked=[False]
open () {'description': 'Microbone to CO2 Laser'}
opening name=--- desc=Microbone to CO2 Laser
checking ownership. requestor=129.138.12.150
check software interlocks T
interlocks []
actuate state mode=None-script, software_lock=False
doing actuation None-script open_channel False
Open T ===>> OK
GetIndicatorState T ===>> OK
change switch state (True, True)
update switch state T True args=() kw={} ncanvase=2
11:42:29 -- OPEN   VALVE-T (Microbone to CO2 Laser)
---------------------------------------- open None (Microbone to CO2 Laser) result=[(True, True)], time=0.41 sec
action=open, ok=True, locked=[False]
executed snippet estimated_duration=0, duration=4.90744400024
PrepareForCO2Analysis.py completed successfully
gosub finished
set_motor ('beam', '1.25') {}
setting motor "beam" to 1.25
set motor beam to 1.25
SetMotor beam,1.25 ===>> OK
GetMotorMoving beam ===>> False
GetMotorMoving beam ===>> False
Block completed
move_to_position ('81',) {'autocenter': True}
FusionsCO2 move to position 81
sending GoToHole 81,True
GoToHole 81,True ===>> OK
GetDriveMoving ===>> OK
GetDriveMoving ===>> OK
GetDriveMoving ===>> OK
GetDriveMoving ===>> OK
GetDriveMoving ===>> OK
GetDriveMoving ===>> OK
GetDriveMoving ===>> OK
GetDriveMoving ===>> False
GetDriveMoving ===>> OK
GetDriveMoving ===>> OK
GetDriveMoving ===>> OK
GetDriveMoving ===>> OK
GetDriveMoving ===>> OK
GetDriveMoving ===>> False
Block completed
GetAutoCorrecting ===>> False
GetAutoCorrecting ===>> False
Block completed
update position
GetPosition ===>> 7.97560,3.98780,1.00000
got position (7.9756, 3.9878, 1.0)
move to position succeeded
sleep (5,) {}
SLEEP 5.0
block started
WaitControl setup for 5.0  
Join finished
block finished. duration 5.01320385933
close () {'description': 'Microbone to Turbo'}
closing name=--- desc=Microbone to Turbo
checking ownership. requestor=129.138.12.150
check software interlocks U
interlocks []
actuate state mode=None-script, software_lock=False
doing actuation None-script close_channel True
Close U ===>> OK
GetIndicatorState U ===>> False
change switch state (True, True)
update switch state U False args=() kw={} ncanvase=2
11:42:41 -- CLOSE  VALVE-U (Microbone to Turbo)
---------------------------------------- close None (Microbone to Turbo) result=[(True, True)]
action=close, ok=True, locked=[False]
enable laser
enable () {}
set extraction state FusionsCO2 Enabled (False, 'red', 1.5)
enabling laser
Enable ===>> OK
begin interval
BEGIN INTERVAL Interval 1 waiting for 30.0
block started
set extract to 5.0
WaitControl setup for 30.0  
extract (5.0,) {}
GetPosition ===>> 7.97560,3.98780,1.00000
set extraction state FusionsCO2 ON! 5.0(watts) (0.75, 'red', 1.5)
extract sample to 5.0 (watts)
set laser output
SetLaserOutput 5.0,watts ===>> OK
executing pattern triangle.lp
execute_pattern ('triangle.lp',) {}
executing pattern triangle.lp
IsPatterning ===>> OK
IsPatterning ===>> OK
IsPatterning ===>> OK
IsPatterning ===>> OK
IsPatterning ===>> OK
IsPatterning ===>> OK
IsPatterning ===>> OK
IsPatterning ===>> OK
IsPatterning ===>> OK
IsPatterning ===>> OK
IsPatterning ===>> OK
IsPatterning ===>> OK
IsPatterning ===>> OK
IsPatterning ===>> OK
IsPatterning ===>> OK
IsPatterning ===>> OK
IsPatterning ===>> OK
IsPatterning ===>> OK
IsPatterning ===>> OK
IsPatterning ===>> OK
IsPatterning ===>> OK
IsPatterning ===>> OK
IsPatterning ===>> OK
IsPatterning ===>> OK
IsPatterning ===>> OK
IsPatterning ===>> OK
IsPatterning ===>> False
IsPatterning ===>> False
Block completed
COMPLETE INTERVAL waiting for Interval 1 to complete
Join finished
block finished. duration 30.1659648418
Interval 1 finished
end_extract () {}
ending extraction. set laser power to 0
set laser power 0
SetLaserPower 0 ===>> OK
disable () {}
%%%%%%%%%%%%%%%%%%%%%%%%%%%%%%%%%%% disable
set extraction state False (0.75, 'red', 1.5)
disabling laser
Disable ===>> OK
sleep (30.0,) {}
SLEEP 30.0
block started
WaitControl setup for 30.0  
Join finished
block finished. duration 30.2132430077
executed snippet estimated_duration=166.5, duration=77.6983530521
jan_co2.py completed successfully
GetAchievedOutput ===>> No Response
Requested Output= 0.000
Achieved Output=  0.000
GetResponseBlob ===>> No Response
GetOutputBlob ===>> No Response
persistence save...
persistence save - db
AutomatedRunPersister post_extraction_save deprecated
persistence save - dvc
no extraction position for 81
create new session 4989601072
close session 4989601072
Extraction Finished
11:43:42 -- ******* Extraction Finished *******
no overlap. not waiting for min ms pumptime
11:43:42 -- Sending spectrometer configuration
======== Sending configuration ========
SetDeflection CDD,50.0 ===>> OK
SetDeflection H2,0.0 ===>> OK
SetDeflection H1,0.0 ===>> OK
SetDeflection L2,825.0 ===>> OK
SetDeflection L1,400.0 ===>> OK
SetDeflection AX,190.0 ===>> OK
SetZFocus 74.64 ===>> OK
SetZSymmetry -50.72 ===>> OK
SetExtractionLens 26.13 ===>> OK
SetIonRepeller -3.81 ===>> OK
SetElectronEnergy 75.08 ===>> OK
SetYSymmetry -2.81 ===>> OK
SetIonCounterVoltage 1590.0 ===>> OK
send trap current 200.0
GetParameter Trap Current Readback ===>> 198.258926936459
SetParameter Trap Current Set,200.0 ===>> OK
updating mftable name mftable
Using mftable located at /Users/jan/PychronDev/setupfiles/spectrometer/mftables/mftable.csv
============ MFtable ===========
Isotope  H2     H1     AX     L1     L2     CDD    
Ar40     5.8106 5.8792 5.9924 6.1505 6.2311 6.3788
Ar39     5.7099 5.7715 5.8848 6.0366 6.1162 6.2653
Ar36     5.3874 5.4405 5.5482 5.6955 5.7712 5.9164
================================
get initial guess parabolic
get initial guess parabolic
get initial guess parabolic
get initial guess parabolic
get initial guess parabolic
get initial guess parabolic
======== Configuration Finished ========
GetYSymmetry ===>> -2.81
GetZSymmetry ===>> -50.72
GetParameter Trap Current Readback ===>> 197.923274125618
GetHighVoltage ===>> 4499.94659342336
start measurement
do measurement
L#=25317 analysis type=unknown
Measurement Started jan_unknown120_60.py
11:43:42 -- ******* Measurement Started jan_unknown120_60.py *******
state changed from extraction to measurement
setting spec, defl, and gains
GetExtractionLens ===>> 26.13
GetYSymmetry ===>> -2.81
GetZSymmetry ===>> -50.72
GetZFocus ===>> 74.64
GetDeflection H2 ===>> 0
GetDeflection H1 ===>> 0
GetDeflection AX ===>> 190
GetDeflection L1 ===>> 400
GetDeflection L2 ===>> 825
GetDeflection CDD ===>> 50
GetGain H2 ===>> 0.0113
GetGain H1 ===>> 0.1
GetGain AX ===>> 0.097049
GetGain L1 ===>> 0.010355
GetGain L2 ===>> 0.095649
GetGain CDD ===>> 0
pre measurement save
New frame /Users/jan/PychronDev/data/isotopes/82/0ebdc6-96a3-4b7c-9be4-1d1370acd39d.h5
flush and close file /Users/jan/PychronDev/data/isotopes/82/0ebdc6-96a3-4b7c-9be4-1d1370acd39d.h5
testing...
no interpolation path defined
executed snippet estimated_duration=226.132928, duration=0.00012993812561
unknown measurement script
activate_detectors ('H2', 'H1', 'AX', 'L1', 'L2', 'CDD') {}
activate detectors
*************** Set Analysis View Ar/Ar
create graphs
clearing graphs
clear isotope group
setting isotope det=H2, iso=PM41
setting isotope det=H1, iso=Ar40
setting isotope det=AX, iso=Ar39
setting isotope det=L1, iso=Ar38
setting isotope det=L2, iso=Ar37
setting isotope det=CDD, iso=Ar36
setting previous blanks
 - setting Ar40 blank 0.631+/-0.008
 - setting Ar36 blank 0.00625+/-0.00020
 - setting Ar37 blank 0.047+/-0.005
 - setting Ar38 blank 0.0155+/-0.0023
 - setting PM41 blank 0.02+/-0.07
 - setting Ar39 blank 0.027+/-0.009
load analysis view
position_magnet ('Ar40',) {'detector': 'H1'}
detector Detector(H1)
POSITION Ar40 H1
setting detector H2 to PM41 (40.9624)
setting detector H1 to Ar40 (39.9624)
setting detector AX to Ar39 (38.9624)
setting detector L1 to Ar38 (37.9624)
setting detector L2 to Ar37 (36.9624)
setting detector CDD to Ar36 (35.9624)
Mapping mass to dac mass func: "parabolic"
H1 map mass coeffs = [-0.00063987  0.15840543  0.57084999]
H1 map mass to dac 39.9624 >> 5.87924
GetDeflection H1 ===>> 0
GetHighVoltage ===>> 4499.94659342336
positioning Ar40 (5.87920537771) on H1
setting magnet DAC
current  : 5.879206
requested: 5.879205
Delta Dac: 0.000000
Checking detector protection. dv=0.00000
Checking detector "CDD". Protection Threshold: 0.1 (V)
SetMagnetDAC 5.87920537771 ===>> OK
Magnet settling time: 0.500
equilibrate () {'delay': 3, 'inlet': 'R', 'outlet': 'O', 'eqtime': 12.0}
Equilibration Started
11:43:44 -- ******* Equilibration Started *******
checking ownership. requestor=129.138.12.150
check software interlocks O
interlocks []
actuate state mode=None-script, software_lock=False
doing actuation None-script close_channel True
Close O ===>> OK
GetIndicatorState O ===>> False
change switch state (True, True)
update switch state O False args=() kw={} ncanvase=2
11:43:44 -- CLOSE  VALVE-O (Jan Ion Pump)
waiting 3s before opening inlet value ('R',)
update labels <pychron.experiment.plot_panel.PlotPanel object at 0x1e2f1de90>
update labels "<pychron.graph.stacked_regression_graph.StackedRegressionGraph object at 0x184aba650>"
setting label 0 H2 PM41
setting label 1 H1 Ar40
setting label 2 AX Ar39
setting label 3 L1 Ar38
setting label 4 L2 Ar37
setting label 5 CDD Ar36
update labels "<pychron.graph.stacked_graph.StackedGraph object at 0x1d9fb5050>"
setting label 0 H2 PM41
setting label 1 H1 Ar40
setting label 2 AX Ar39
setting label 3 L1 Ar38
setting label 4 L2 Ar37
setting label 5 CDD Ar36
checking ownership. requestor=129.138.12.150
check software interlocks R
interlocks []
actuate state mode=None-script, software_lock=False
doing actuation None-script open_channel True
Open R ===>> OK
GetIndicatorState R ===>> OK
change switch state (True, True)
update switch state R True args=() kw={} ncanvase=2
11:43:48 -- OPEN   VALVE-R (Jan Inlet)
equilibrating for 12.0sec
set_time_zero () {}
sniff (12.0,) {}
py_sniff
build tables- sniff [Detector(H2), Detector(H1), Detector(AX), Detector(L1), Detector(L2), Detector(CDD)]
add group /sniff/PM41 (Group) '' table H2
add group /sniff/Ar40 (Group) '' table H1
add group /sniff/Ar39 (Group) '' table AX
add group /sniff/Ar38 (Group) '' table L1
add group /sniff/Ar37 (Group) '' table L2
add group /sniff/Ar36 (Group) '' table CDD
flush and close file /Users/jan/PychronDev/data/isotopes/82/0ebdc6-96a3-4b7c-9be4-1d1370acd39d.h5
measuring sniff. ncounts=12.0
"sniff" increment series count="1" fit count="0" regressing="False"
starting measurement
GetData ===>> H2,-0.155533261091194,H1,0.0946174692615599,AX,0.0123212133002681,L1,-0.0408217996202257,L2,-0.01...
GetData ===>> H2,0.436563027792994,H1,237.243984668485,AX,30.2213665671916,L1,0.151718990274179,L2,0.2986976108...
GetData ===>> H2,0.945155024400247,H1,734.747080221492,AX,89.4014902377458,L1,0.726629172955892,L2,0.3054534598...
GetData ===>> H2,0.424132364951252,H1,914.168756908707,AX,108.049948503721,L1,1.07703930719317,L2,0.38227768033...
GetData ===>> H2,0.178146287024898,H1,974.265203988948,AX,113.67722833634,L1,1.27536952358113,L2,0.239798483065...
GetData ===>> H2,-0.0184695096547431,H1,996.974305310321,AX,115.711130485523,L1,1.40175531122541,L2,0.199716159...
GetData ===>> H2,0.0244095839145868,H1,1006.30546948113,AX,116.563128975799,L1,1.43930308922787,L2,0.2839436716...
GetData ===>> H2,0.0588716690693593,H1,1010.52927282635,AX,116.947680900661,L1,1.48002058856661,L2,0.2457803138...
GetData ===>> H2,0.00686153068263684,H1,1011.94194442486,AX,117.144364705792,L1,1.47921929551394,L2,0.231465639...
GetData ===>> H2,-0.112220991727775,H1,1012.35840908446,AX,117.255610526894,L1,1.47824674467831,L2,0.3415688128...
GetData ===>> H2,-0.0383030385914962,H1,1012.50199979499,AX,117.059526241277,L1,1.4919010945726,L2,0.2416135410...
Equilibration Finished
11:44:00 -- ******* Equilibration Finished *******
checking ownership. requestor=129.138.12.150
check software interlocks R
interlocks []
actuate state mode=None-script, software_lock=False
doing actuation None-script close_channel True
GetData ===>> H2,-0.126001012524929,H1,1012.26235641258,AX,117.108599487344,L1,1.49567588601918,L2,0.1547348353...
Close R ===>> OK
set states for children of R. state=False
handle state [('R', False)]
update switch state R False args=() kw={'refresh': False} ncanvase=2
refresh_canvas_needed fired
GetIndicatorState R ===>> False
change switch state (True, True)
update switch state R False args=() kw={} ncanvase=2
11:44:00 -- CLOSE  VALVE-R (Jan Inlet)
Post Equilibration Started jan_pump_extraction_line.py
11:44:00 -- ******* Post Equilibration Started jan_pump_extraction_line.py *******
testing...
no interpolation path defined
calculate duration
testing...
no interpolation path defined
executed snippet estimated_duration=4.0, duration=0.000149011611938
executed snippet estimated_duration=4.0, duration=0.00148987770081
Pump after analysis
doing GOSUB
testing...
no interpolation path defined
executed snippet estimated_duration=4.0, duration=0.0001380443573
Pump Microbone
close () {'description': 'Jan Inlet'}
closing name=--- desc=Jan Inlet
checking ownership. requestor=129.138.12.150
check software interlocks R
interlocks []
actuate state mode=None-script, software_lock=False
doing actuation None-script close_channel False
Close R ===>> OK
measurement finished
estimated time: 12.583 actual time: :12.701
flush and close file /Users/jan/PychronDev/data/isotopes/82/0ebdc6-96a3-4b7c-9be4-1d1370acd39d.h5
set_fits () {}
using default fits file=/Users/jan/PychronDev/scripts/measurement/fits/nominal_linear.yaml
GetIndicatorState R ===>> False
change switch state (True, True)
update switch state R False args=() kw={} ncanvase=2
set "Ar40" to "('Linear', 'SEM')"
No fit for "PM41". defaulting to linear. check the measurement script "jan_unknown120_60.py"
set "PM41" to "linear"
set "Ar36" to "('Linear', 'SEM')"
set "Ar37" to "('linear', 'SEM')"
set "Ar38" to "('linear', 'SEM')"
set "Ar39" to "('Linear', 'SEM')"
set_baseline_fits () {}
11:44:01 -- CLOSE  VALVE-R (Jan Inlet)
using default fits file=/Users/jan/PychronDev/scripts/measurement/fits/nominal_linear.yaml
---------------------------------------- close None (Jan Inlet) result=[(True, True)]
set "H1" to "('average', 'SEM')"
set "H2" to "('average', 'SEM')"
set "CDD" to "('average', 'SEM')"
set "L2" to "('average', 'SEM')"
set "L1" to "('average', 'SEM')"
set "AX" to "('average', 'SEM')"
multicollect () {'integration_time': 1, 'ncounts': 120}
build tables- signal [Detector(H2), Detector(H1), Detector(AX), Detector(L1), Detector(L2), Detector(CDD)]
add group /signal/PM41 (Group) '' table H2
add group /signal/Ar40 (Group) '' table H1
add group /signal/Ar39 (Group) '' table AX
add group /signal/Ar38 (Group) '' table L1
add group /signal/Ar37 (Group) '' table L2
add group /signal/Ar36 (Group) '' table CDD
flush and close file /Users/jan/PychronDev/data/isotopes/82/0ebdc6-96a3-4b7c-9be4-1d1370acd39d.h5
measuring signal. ncounts=120
action=close, ok=True, locked=[False]
is_closed ('F',) {}
is F () closed?
is closed True
open () {'description': 'CO2 Laser to Jan'}
opening name=--- desc=CO2 Laser to Jan
checking ownership. requestor=129.138.12.150
check software interlocks A
interlocks []
actuate state mode=None-script, software_lock=False
doing actuation None-script open_channel False
Open A ===>> OK
GetIndicatorState A ===>> OK
change switch state (True, True)
update switch state A True args=() kw={} ncanvase=2
11:44:01 -- OPEN   VALVE-A (CO2 Laser to Jan)
---------------------------------------- open None (CO2 Laser to Jan) result=[(True, True)], time=0.12 sec
starting measurement
GetData ===>> H2,0.0707285707426901,H1,1012.92079006375,AX,117.180918732997,L1,1.52978210021661,L2,0.3352898819...
action=open, ok=True, locked=[False]
sleep (1,) {}
SLEEP 1.0
"signal" increment series count="2" fit count="1" regressing="True"
close () {'description': 'CO2 Laser to Roughing'}
closing name=--- desc=CO2 Laser to Roughing
checking ownership. requestor=129.138.12.150
check software interlocks G
interlocks []
actuate state mode=None-script, software_lock=True
VALVE-G(CO2 Laser to Roughing) software locked
change switch state (True, False)
---------------------------------------- close None (CO2 Laser to Roughing) result=[(True, False)]
action=close, ok=True, locked=[True]
open () {'description': 'Microbone to Turbo'}
opening name=--- desc=Microbone to Turbo
checking ownership. requestor=129.138.12.150
check software interlocks U
interlocks []
actuate state mode=None-script, software_lock=False
doing actuation None-script open_channel True
GetData ===>> H2,0.0840152880136597,H1,1012.80475558419,AX,117.08073617269,L1,1.56654572903278,L2,0.26033981315...
Open U ===>> OK
GetIndicatorState U ===>> OK
change switch state (True, True)
update switch state U True args=() kw={} ncanvase=2
11:44:03 -- OPEN   VALVE-U (Microbone to Turbo)
---------------------------------------- open None (Microbone to Turbo) result=[(True, True)], time=0.18 sec
action=open, ok=True, locked=[False]
open () {'description': 'Microbone to Getter NP-10'}
opening name=--- desc=Microbone to Getter NP-10
checking ownership. requestor=129.138.12.150
check software interlocks M
interlocks []
actuate state mode=None-script, software_lock=False
doing actuation None-script open_channel False
Open M ===>> OK
GetIndicatorState M ===>> OK
change switch state (True, True)
update switch state M True args=() kw={} ncanvase=2
11:44:03 -- OPEN   VALVE-M (Microbone to Getter NP-10)
---------------------------------------- open None (Microbone to Getter NP-10) result=[(True, True)], time=0.14 sec
action=open, ok=True, locked=[False]
open () {'description': 'Microbone to Getter D-50'}
opening name=--- desc=Microbone to Getter D-50
checking ownership. requestor=129.138.12.150
check software interlocks K
interlocks []
actuate state mode=None-script, software_lock=False
doing actuation None-script open_channel False
GetData ===>> H2,0.00198371948147352,H1,1012.11560182312,AX,117.03939619142,L1,1.53311520324192,L2,0.1915351278...
Open K ===>> OK
GetIndicatorState K ===>> OK
change switch state (True, True)
update switch state K True args=() kw={} ncanvase=2
11:44:04 -- OPEN   VALVE-K (Microbone to Getter D-50)
---------------------------------------- open None (Microbone to Getter D-50) result=[(True, True)], time=0.41 sec
action=open, ok=True, locked=[False]
open () {'description': 'Microbone to CO2 Laser'}
opening name=--- desc=Microbone to CO2 Laser
checking ownership. requestor=129.138.12.150
check software interlocks T
interlocks []
actuate state mode=None-script, software_lock=False
doing actuation None-script open_channel False
Open T ===>> OK
GetIndicatorState T ===>> OK
change switch state (True, True)
update switch state T True args=() kw={} ncanvase=2
11:44:05 -- OPEN   VALVE-T (Microbone to CO2 Laser)
---------------------------------------- open None (Microbone to CO2 Laser) result=[(True, True)], time=0.41 sec
GetData ===>> H2,0.0692010953077675,H1,1011.32633220869,AX,116.980533017512,L1,1.52733649751618,L2,0.2031508041...
action=open, ok=True, locked=[False]
open () {'description': 'Microbone to Inlet Pipette'}
opening name=--- desc=Microbone to Inlet Pipette
checking ownership. requestor=129.138.12.150
check software interlocks S
interlocks []
actuate state mode=None-script, software_lock=False
doing actuation None-script open_channel False
Open S ===>> OK
GetIndicatorState S ===>> OK
change switch state (True, True)
update switch state S True args=() kw={} ncanvase=2
11:44:05 -- OPEN   VALVE-S (Microbone to Inlet Pipette)
---------------------------------------- open None (Microbone to Inlet Pipette) result=[(True, True)], time=0.44 sec
action=open, ok=True, locked=[False]
sleep (1,) {}
SLEEP 1.0
testing H1>-5.0
evaluate ot="H1.bs>-5.0" t="H1>-5.0", ctx="{'H1': None}"
GetData ===>> H2,-0.0177481690115344,H1,1010.62755219119,AX,117.063611993124,L1,1.53373623929643,L2,0.278033604...
set_resource () {'name': 'CO2PumpTimeFlag', 'value': 30}
Set CO2PumpTimeFlag 30 ===>> OK
release ('JanCO2Flag',) {}
release JanCO2Flag
Set JanCO2Flag 0 ===>> OK
executed snippet estimated_duration=6.0, duration=5.99055290222
PumpMicrobone.py completed successfully
gosub finished
get_resource_value () {'name': 'JanMiniboneFlag'}
Read JanMiniboneFlag ===>> 0
Get Resource Value JanMiniboneFlag=0.0
get resource value 0.0
get_resource_value () {'name': 'JanMiniboneFlag'}
Read JanMiniboneFlag ===>> 0
Get Resource Value JanMiniboneFlag=0.0
executed snippet estimated_duration=4.0, duration=6.00426793098
jan_pump_extraction_line.py completed successfully
Post Equilibration Finished
11:44:06 -- ******* Post Equilibration Finished *******
GetData ===>> H2,-0.0664270519309775,H1,1010.60518234726,AX,116.915021360447,L1,1.51688907856476,L2,0.278683922...
GetData ===>> H2,-0.148139074951953,H1,1010.33796952496,AX,116.828857775777,L1,1.5308456901857,L2,0.21181213209...
GetData ===>> H2,-0.206605215364725,H1,1010.48713181832,AX,116.789799979072,L1,1.54252106088538,L2,0.2103514052...
GetData ===>> H2,-0.098549899343716,H1,1009.81930411373,AX,116.849170216052,L1,1.5404201161964,L2,0.21051117117...
testing H1>-5.0
evaluate ot="H1.bs>-5.0" t="H1>-5.0", ctx="{'H1': None}"
GetData ===>> H2,-0.0356097693253073,H1,1009.00137398844,AX,116.960958338899,L1,1.54054026995222,L2,0.214585291...
GetData ===>> H2,-0.0704783461780832,H1,1008.4432439588,AX,116.819463703847,L1,1.549867030107,L2,0.383305617507...
GetData ===>> H2,-0.113998208909362,H1,1008.20123507818,AX,116.705740145238,L1,1.52746682969686,L2,0.2469447594...
GetData ===>> H2,-0.136349755035785,H1,1007.66348596426,AX,116.841111764623,L1,1.52008314345387,L2,0.2327668849...
GetData ===>> H2,-0.100676843483782,H1,1007.81036363801,AX,116.692773363761,L1,1.52234214181884,L2,0.1524310098...
testing H1>-5.0
evaluate ot="H1.bs>-5.0" t="H1>-5.0", ctx="{'H1': None}"
GetData ===>> H2,-0.0722248268408186,H1,1007.38538408318,AX,116.582287426458,L1,1.52536348169944,L2,0.104941219...
GetData ===>> H2,-0.0946402119737634,H1,1006.56466265199,AX,116.596254366175,L1,1.5519846908173,L2,0.2406432227...
GetData ===>> H2,-0.198276998658533,H1,1006.4200329892,AX,116.256570792769,L1,1.52645002220538,L2,0.35996274008...
GetData ===>> H2,-0.102770905536951,H1,1006.21595020721,AX,116.424409315983,L1,1.51580395618359,L2,0.2795053827...
GetData ===>> H2,-0.0694883739640428,H1,1005.49680775583,AX,116.094714849275,L1,1.51833306637678,L2,0.282323501...
testing H1>-5.0
evaluate ot="H1.bs>-5.0" t="H1>-5.0", ctx="{'H1': None}"
GetData ===>> H2,-0.0899026370947852,H1,1004.68497614349,AX,116.259758122578,L1,1.53426175914165,L2,0.220280221...
GetData ===>> H2,-0.0908849960326967,H1,1004.68748936361,AX,116.338723554822,L1,1.52530537106163,L2,0.107620088...
GetData ===>> H2,-0.148930536537963,H1,1004.47701641929,AX,116.289855667394,L1,1.52171732027791,L2,0.1715361898...
GetData ===>> H2,-0.141497265186392,H1,1004.19023125568,AX,116.161314623902,L1,1.50363961511565,L2,0.1647605434...
GetData ===>> H2,-0.160829555657955,H1,1003.81718914291,AX,116.100957069116,L1,1.51508275188021,L2,0.2210448976...
testing H1>-5.0
evaluate ot="H1.bs>-5.0" t="H1>-5.0", ctx="{'H1': None}"
11:44:27 -- collecting point 25
GetData ===>> H2,-0.172603284536236,H1,1003.43495945915,AX,116.089343406822,L1,1.48707014967153,L2,0.2365337483...
GetData ===>> H2,-0.0416619454789067,H1,1002.95186019272,AX,116.284999634835,L1,1.48040193216456,L2,0.245049688...
GetData ===>> H2,-0.0942907528907386,H1,1002.89269969434,AX,116.110404228876,L1,1.43855477908836,L2,0.166083695...
GetData ===>> H2,-0.123377793477034,H1,1002.23466797463,AX,115.990597525738,L1,1.50483287403555,L2,0.1698365297...
GetData ===>> H2,-0.15133429614291,H1,1001.74741897252,AX,115.990467954907,L1,1.52650163449968,L2,0.17643001050...
testing H1>-5.0
evaluate ot="H1.bs>-5.0" t="H1>-5.0", ctx="{'H1': None}"
GetData ===>> H2,-0.176344779414715,H1,1001.62156444433,AX,116.039249756271,L1,1.49530595236847,L2,0.2801899383...
GetData ===>> H2,-0.0814084205647024,H1,1001.46415992184,AX,115.793077845432,L1,1.51550205086232,L2,0.254342744...
GetData ===>> H2,-0.16520277198074,H1,1001.16722513483,AX,115.768293021127,L1,1.49251832271412,L2,0.26874709388...
GetData ===>> H2,-0.119547345840657,H1,1000.19693773859,AX,115.733571243446,L1,1.49650731617173,L2,0.1962131777...
GetData ===>> H2,-0.0929253213777233,H1,999.921385231479,AX,115.767201839963,L1,1.45599185868936,L2,0.222209042...
testing H1>-5.0
evaluate ot="H1.bs>-5.0" t="H1>-5.0", ctx="{'H1': None}"
GetData ===>> H2,-0.0772254920943062,H1,999.095213797903,AX,115.634360646946,L1,1.46803702400453,L2,0.241271074...
GetData ===>> H2,-0.0694924425192677,H1,998.577717771615,AX,115.6458986647,L1,1.4468855484857,L2,0.335426872416...
GetData ===>> H2,-0.183982469132475,H1,998.703754525124,AX,115.726022794541,L1,1.48399057045412,L2,0.2206796786...
GetData ===>> H2,-0.162929288180024,H1,998.511599596949,AX,115.658787497089,L1,1.50886613094608,L2,0.2974537649...
GetData ===>> H2,-0.0647479963151864,H1,998.42551409574,AX,115.481752621928,L1,1.54092916381943,L2,0.2450496885...
testing H1>-5.0
evaluate ot="H1.bs>-5.0" t="H1>-5.0", ctx="{'H1': None}"
GetData ===>> H2,0.0106624188323372,H1,997.761191545586,AX,115.645288459581,L1,1.51628392556114,L2,0.1450637024...
GetData ===>> H2,-0.0983210700492094,H1,997.174378086027,AX,115.56134341592,L1,1.49020550920081,L2,0.1345041237...
GetData ===>> H2,-0.224878292756067,H1,996.858439138633,AX,115.490402703739,L1,1.49296419209234,L2,0.2312145237...
GetData ===>> H2,-0.0992837468246374,H1,996.314560142575,AX,115.364534065703,L1,1.51766202038875,L2,0.292638293...
GetData ===>> H2,-0.141171559746385,H1,996.00763843518,AX,115.302399545125,L1,1.51422098218451,L2,0.26221056891...
testing H1>-5.0
evaluate ot="H1.bs>-5.0" t="H1>-5.0", ctx="{'H1': None}"
GetData ===>> H2,-0.0966216314105924,H1,995.280162816941,AX,115.373667293442,L1,1.47036522719902,L2,0.222288935...
GetData ===>> H2,-0.183596659967631,H1,994.659054549893,AX,115.556421674973,L1,1.48054493948199,L2,0.3344451117...
GetData ===>> H2,-0.190750876022261,H1,994.673226203603,AX,115.350305408324,L1,1.5072583870901,L2,0.24657944164...
GetData ===>> H2,-0.248885449428441,H1,994.506998835678,AX,115.009577858711,L1,1.4902660612442,L2,0.11697961879...
GetData ===>> H2,-0.192993981530033,H1,993.775407039102,AX,115.195316158707,L1,1.46626777916783,L2,0.2861343681...
testing H1>-5.0
evaluate ot="H1.bs>-5.0" t="H1>-5.0", ctx="{'H1': None}"
11:44:53 -- collecting point 50
GetData ===>> H2,-0.170647018097626,H1,993.77099482543,AX,115.245423227613,L1,1.44963400178489,L2,0.24039208315...
GetData ===>> H2,-0.203163054061537,H1,993.226830276483,AX,115.158195251531,L1,1.49206474035632,L2,0.3167637260...
GetData ===>> H2,-0.106129803326686,H1,992.801842608511,AX,115.248193066548,L1,1.46551570801569,L2,0.1652396137...
GetData ===>> H2,-0.22109760219685,H1,992.278593359651,AX,115.11966137783,L1,1.42318528776567,L2,0.241887515090...
GetData ===>> H2,-0.14137428207365,H1,992.607204715727,AX,114.990621361077,L1,1.48152413950404,L2,0.22951380404...
testing H1>-5.0
evaluate ot="H1.bs>-5.0" t="H1>-5.0", ctx="{'H1': None}"
GetData ===>> H2,-0.137251549120972,H1,991.899314592954,AX,114.9116819449,L1,1.54020694345542,L2,0.113274457777...
GetData ===>> H2,-0.152026970468824,H1,991.422642975824,AX,114.853693215705,L1,1.50971715858601,L2,0.1608026014...
GetData ===>> H2,-0.226552059917503,H1,991.115612450021,AX,115.120362915159,L1,1.46284009854325,L2,0.1792363701...
GetData ===>> H2,-0.219646677274591,H1,990.893003657735,AX,115.078405494153,L1,1.48140173465083,L2,0.2673553356...
GetData ===>> H2,-0.203894971658018,H1,990.386301296715,AX,114.786413225553,L1,1.47092772631627,L2,0.2293768346...
testing H1>-5.0
evaluate ot="H1.bs>-5.0" t="H1>-5.0", ctx="{'H1': None}"
GetData ===>> H2,-0.122055136681266,H1,990.189350954605,AX,114.809285235621,L1,1.46811681039473,L2,0.2276419058...
GetData ===>> H2,0.00201363000889188,H1,989.748993501079,AX,114.801943689782,L1,1.47181465511573,L2,0.244741457...
GetData ===>> H2,-0.109294000570532,H1,989.58918458648,AX,114.68061884445,L1,1.49077496947436,L2,0.231362910172...
GetData ===>> H2,-0.0307388198901527,H1,988.6301369298,AX,114.701336898424,L1,1.45942766251624,L2,0.22720817851...
GetData ===>> H2,-0.0388201711733107,H1,988.145616476638,AX,114.689263317865,L1,1.46720444957108,L2,0.264412175...
testing H1>-5.0
evaluate ot="H1.bs>-5.0" t="H1>-5.0", ctx="{'H1': None}"
GetData ===>> H2,-0.0835162394368821,H1,988.586843907894,AX,114.340782276442,L1,1.45555313249273,L2,0.247264413...
GetData ===>> H2,-0.116706136828582,H1,988.182941669751,AX,114.51069965615,L1,1.48399572554896,L2,0.28037248732...
GetData ===>> H2,-0.0902644260545072,H1,987.52852164701,AX,114.443946525583,L1,1.45931183110035,L2,0.2566832755...
GetData ===>> H2,-0.0255043370508021,H1,986.970548253477,AX,114.413585030028,L1,1.47589237467913,L2,0.231111794...
GetData ===>> H2,-0.0895042494148643,H1,986.693320917809,AX,114.188903186302,L1,1.47266947106085,L2,0.165216800...
testing H1>-5.0
evaluate ot="H1.bs>-5.0" t="H1>-5.0", ctx="{'H1': None}"
GetData ===>> H2,-0.233345574070679,H1,985.974387924348,AX,114.284964898399,L1,1.44422625775106,L2,0.3095505664...
GetData ===>> H2,-0.214877481160972,H1,986.002858806102,AX,114.366728021282,L1,1.46332804527773,L2,0.4225696475...
GetData ===>> H2,-0.237366992039157,H1,985.43928505255,AX,114.244424689607,L1,1.43903436019869,L2,0.26777742412...
GetData ===>> H2,-0.0510210432970509,H1,985.343323362019,AX,114.243927558424,L1,1.47438574396889,L2,0.141642545...
GetData ===>> H2,-0.0503859017478533,H1,984.975719489658,AX,114.129445888571,L1,1.49236755601317,L2,0.253326629...
testing H1>-5.0
evaluate ot="H1.bs>-5.0" t="H1>-5.0", ctx="{'H1': None}"
11:45:20 -- collecting point 75
GetData ===>> H2,-0.156022336653129,H1,984.176881692777,AX,114.09373834995,L1,1.47383851558204,L2,0.31838447899...
GetData ===>> H2,-0.0849546421528851,H1,984.170952229597,AX,113.817307641735,L1,1.45788205893817,L2,0.301356528...
GetData ===>> H2,-0.131088987712797,H1,983.724172021579,AX,113.978274309606,L1,1.46642232082056,L2,0.1573010428...
GetData ===>> H2,-0.107126996360938,H1,983.705474454338,AX,113.994882820816,L1,1.47808959898023,L2,0.1572896373...
GetData ===>> H2,-0.0632582408001147,H1,982.65752975024,AX,113.869507077955,L1,1.46516158305277,L2,0.2954111539...
testing H1>-5.0
evaluate ot="H1.bs>-5.0" t="H1>-5.0", ctx="{'H1': None}"
GetData ===>> H2,-0.151519283486864,H1,982.127503431032,AX,114.014675584524,L1,1.43631530180038,L2,0.2419560087...
GetData ===>> H2,-0.162767264796613,H1,981.807497323087,AX,113.875447055205,L1,1.44633227969671,L2,0.2052162143...
GetData ===>> H2,-0.110582944388807,H1,981.8003826054,AX,113.840196731063,L1,1.47672433086864,L2,0.220679678644...
GetData ===>> H2,-0.0937882173124768,H1,981.396139451709,AX,113.9006812555,L1,1.46830984442105,L2,0.12705838250...
GetData ===>> H2,-0.0755949935114983,H1,981.09774802601,AX,113.749450885348,L1,1.47319990290236,L2,0.2648912887...
testing H1>-5.0
evaluate ot="H1.bs>-5.0" t="H1>-5.0", ctx="{'H1': None}"
GetData ===>> H2,0.00184368487289135,H1,980.341073776248,AX,113.810910334933,L1,1.43880292429376,L2,0.259115204...
GetData ===>> H2,-0.0760178884098055,H1,980.473808645048,AX,113.528293263509,L1,1.44994261158684,L2,0.298389500...
GetData ===>> H2,-0.0903917947082208,H1,980.113002740642,AX,113.392715927528,L1,1.42667349544089,L2,0.244010840...
GetData ===>> H2,-0.0434950158982638,H1,979.832569146855,AX,113.370177759318,L1,1.44002830527288,L2,0.126408475...
GetData ===>> H2,0.000418964384401637,H1,979.352617481015,AX,113.438444770165,L1,1.48360781152792,L2,0.22112478...
testing H1>-5.0
evaluate ot="H1.bs>-5.0" t="H1>-5.0", ctx="{'H1': None}"
GetData ===>> H2,-0.0137045564970904,H1,978.585203775984,AX,113.381446431194,L1,1.4868460462088,L2,0.3469576052...
GetData ===>> H2,-0.0592244844909009,H1,978.224218772769,AX,113.578571231114,L1,1.48073433046266,L2,0.174593372...
GetData ===>> H2,-0.189633201389669,H1,978.338356855464,AX,113.444081500553,L1,1.4669329438068,L2,0.20618617378...
GetData ===>> H2,-0.177370634403291,H1,978.210945070941,AX,113.501121389633,L1,1.46690463554171,L2,0.2524132767...
GetData ===>> H2,-0.10684692520387,H1,977.550715471639,AX,113.239810570914,L1,1.46142273185576,L2,0.19369156635...
testing H1>-5.0
evaluate ot="H1.bs>-5.0" t="H1>-5.0", ctx="{'H1': None}"
GetData ===>> H2,-0.0207758633658005,H1,976.984633110571,AX,113.263554330688,L1,1.42753800024648,L2,0.179704104...
GetData ===>> H2,-0.0548447152807228,H1,976.597842712123,AX,113.189821194256,L1,1.45126716217352,L2,0.246408199...
GetData ===>> H2,-0.0601927163821468,H1,976.075184602008,AX,113.166804022473,L1,1.46190289065596,L2,0.223772671...
GetData ===>> H2,-0.158399861921869,H1,975.876628534245,AX,113.360176127179,L1,1.42960094267562,L2,0.1764071949...
GetData ===>> H2,-0.205659197112545,H1,975.872563410177,AX,113.182026149066,L1,1.46322890919656,L2,0.3113309794...
testing H1>-5.0
evaluate ot="H1.bs>-5.0" t="H1>-5.0", ctx="{'H1': None}"
11:45:46 -- collecting point 100
GetData ===>> H2,-0.168748442059033,H1,975.159058854548,AX,113.147977654645,L1,1.44100176584085,L2,0.2485887067...
GetData ===>> H2,-0.151898700638405,H1,974.212357266757,AX,113.17531355589,L1,1.45539617319759,L2,0.24258386922...
GetData ===>> H2,-0.0552747641210856,H1,974.131524665855,AX,113.044017513154,L1,1.46021663620837,L2,0.207178965...
GetData ===>> H2,-0.190997585466963,H1,973.910911616732,AX,112.862145983555,L1,1.46022307179357,L2,0.3036731560...
GetData ===>> H2,-0.179928118152361,H1,973.289423510567,AX,112.761643480499,L1,1.46731768621889,L2,0.2645946947...
testing H1>-5.0
evaluate ot="H1.bs>-5.0" t="H1>-5.0", ctx="{'H1': None}"
GetData ===>> H2,-0.0854801149027239,H1,972.889669138198,AX,112.782728707432,L1,1.46157334237213,L2,0.156137686...
GetData ===>> H2,-0.163663765129615,H1,972.425847800274,AX,112.492186930433,L1,1.44651755724903,L2,0.0975547699...
GetData ===>> H2,-0.0344624930722455,H1,971.761582021785,AX,112.672139458492,L1,1.43925551470165,L2,0.279311426...
GetData ===>> H2,-0.0229194936807809,H1,971.740418415628,AX,112.676259968534,L1,1.45183689750563,L2,0.187085487...
GetData ===>> H2,-0.146177740948777,H1,971.031937383625,AX,112.750466368904,L1,1.44715001421031,L2,0.2362369597...
testing H1>-5.0
evaluate ot="H1.bs>-5.0" t="H1>-5.0", ctx="{'H1': None}"
GetData ===>> H2,-0.124136425830537,H1,970.748812408911,AX,112.832554360528,L1,1.44047837520144,L2,0.2997588866...
GetData ===>> H2,-0.0840959565823013,H1,970.966741610801,AX,112.733940391513,L1,1.47667925420207,L2,0.277006796...
GetData ===>> H2,-0.0800115721417037,H1,970.620414643313,AX,112.498025606992,L1,1.47790283042501,L2,0.207121908...
GetData ===>> H2,-0.102417635770077,H1,970.249581041463,AX,112.333613621548,L1,1.43821278520483,L2,0.2699677509...
GetData ===>> H2,-0.124674604849481,H1,969.806497254907,AX,112.234359610592,L1,1.4240257475119,L2,0.25420573970...
testing H1>-5.0
evaluate ot="H1.bs>-5.0" t="H1>-5.0", ctx="{'H1': None}"
GetData ===>> H2,-0.0889107071814818,H1,969.395034513173,AX,112.173513439905,L1,1.44596688051218,L2,0.238497141...
GetData ===>> H2,-0.110953894809263,H1,968.984362779025,AX,112.336138330543,L1,1.44880979968555,L2,0.2120860208...
GetData ===>> H2,-0.180187208292034,H1,968.48190434075,AX,112.326606856873,L1,1.45525980058036,L2,0.20813753364...
GetData ===>> H2,-0.173852644599052,H1,968.416904605232,AX,112.445284238685,L1,1.48069439059202,L2,0.2788892869...
GetData ===>> H2,-0.0720472079020443,H1,967.748779228668,AX,112.372476785375,L1,1.44178754245076,L2,0.184073540...
testing H1>-5.0
evaluate ot="H1.bs>-5.0" t="H1>-5.0", ctx="{'H1': None}"
GetData ===>> H2,-0.0575156390539673,H1,967.070298710692,AX,112.383841179475,L1,1.44115608733734,L2,0.242013086...
measurement finished
estimated time: 125.829 actual time: :126.794
flush and close file /Users/jan/PychronDev/data/isotopes/82/0ebdc6-96a3-4b7c-9be4-1d1370acd39d.h5
baselines () {'settling_time': 15.0, 'detector': 'H1', 'mass': 34.2, 'ncounts': 60}
%%%%%%%%%%%%%%%%%%%%%%%%%%%%%%%% Baseline
build tables- baseline [Detector(H2), Detector(H1), Detector(AX), Detector(L1), Detector(L2), Detector(CDD)]
add group baseline table H2
add group baseline table H1
add group baseline table AX
add group baseline table L1
add group baseline table L2
add group baseline table CDD
flush and close file /Users/jan/PychronDev/data/isotopes/82/0ebdc6-96a3-4b7c-9be4-1d1370acd39d.h5
detector Detector(H1)
POSITION 34.2 H1
Mapping mass to dac mass func: "parabolic"
H1 map mass coeffs = [-0.00063987  0.15840543  0.57084999]
H1 map mass to dac 34.2 >> 5.23989599104
GetDeflection H1 ===>> 0
GetHighVoltage ===>> 4499.94659342336
positioning 34.2 (5.23986513379) on H1
setting magnet DAC
current  : 5.879205
requested: 5.239865
Delta Dac: 0.639340
Checking detector protection. dv=0.63934
Checking detector "CDD". Protection Threshold: 0.1 (V)
ProtectDetector CDD,On ===>> OK
GetDeflection CDD ===>> 2000
Protected = 2000
SetMagnetDAC 5.23986513379 ===>> OK
Magnet settling time: 0.500
GetMagnetMoving ===>> True
GetMagnetMoving ===>> True
GetMagnetMoving ===>> True
GetMagnetMoving ===>> True
GetMagnetMoving ===>> True
GetMagnetMoving ===>> True
GetMagnetMoving ===>> True
GetMagnetMoving ===>> True
GetMagnetMoving ===>> False
ProtectDetector CDD,Off ===>> OK
GetDeflection CDD ===>> 50
Delaying 15.0s for detectors to settle
Join finished
measuring baseline. ncounts=60
"baseline" increment series count="2" fit count="1" regressing="True"
starting measurement
GetData ===>> H2,-0.12982793169896,H1,-0.057958716772588,AX,-0.123515894023022,L1,-0.0669615529434195,L2,0.0411...
GetData ===>> H2,-0.176273236061017,H1,0.0384625547818153,AX,-0.140194219248205,L1,-0.0780617103684045,L2,-0.08...
GetData ===>> H2,-0.185892435517011,H1,-0.08548208480732,AX,-0.0943725765447963,L1,-0.0682779429896266,L2,-0.00...
GetData ===>> H2,-0.256028238312945,H1,0.0061527521702633,AX,-0.16463362004403,L1,-0.0694865741687873,L2,-0.046...
testing H1>-5.0
evaluate ot="H1.bs>-5.0" t="H1>-5.0", ctx="{'H1': None}"
GetData ===>> H2,-0.152775398685391,H1,-0.00962848956838056,AX,-0.035549494282888,L1,-0.0460589479367807,L2,-0....
GetData ===>> H2,-0.132336104802924,H1,-0.115380879830407,AX,-0.0410113132554488,L1,0.00561334507028215,L2,0.06...
GetData ===>> H2,-0.207102449641855,H1,-0.115249816529439,AX,-0.0381007005303302,L1,-0.0141147816743142,L2,0.08...
GetData ===>> H2,-0.197969527251881,H1,-0.043270132058759,AX,-0.122218246124552,L1,-0.0506795955183754,L2,-0.01...
GetData ===>> H2,-0.155103613766506,H1,-0.125269990322274,AX,-0.120897408165593,L1,-0.0419726736465325,L2,-0.06...
testing H1>-5.0
evaluate ot="H1.bs>-5.0" t="H1>-5.0", ctx="{'H1': None}"
GetData ===>> H2,-0.137388096399046,H1,-0.0684730840071478,AX,-0.0616034408299096,L1,-0.0273250754862947,L2,-0....
GetData ===>> H2,-0.162972494024343,H1,0.132557286909152,AX,-0.110167831803201,L1,-0.0627613418058049,L2,0.0308...
GetData ===>> H2,-0.190330244240132,H1,0.0182736715651501,AX,-0.157770803115941,L1,-0.0478555205796805,L2,-0.06...
GetData ===>> H2,-0.179014508216143,H1,-0.0310001730032149,AX,-0.0745060838118491,L1,-0.0446703039399437,L2,-0....
GetData ===>> H2,-0.235996184362411,H1,0.00235930138672309,AX,-0.0783429279181737,L1,-0.0239746850465255,L2,-0....
testing H1>-5.0
evaluate ot="H1.bs>-5.0" t="H1>-5.0", ctx="{'H1': None}"
GetData ===>> H2,-0.104597987624514,H1,-0.00887705828198622,AX,-0.12365492669974,L1,-0.0204337535860448,L2,-0.0...
GetData ===>> H2,-0.128980470242995,H1,-0.0540125636877995,AX,-0.112357873855019,L1,0.00563853781479771,L2,0.09...
GetData ===>> H2,-0.200210640449638,H1,-0.0545967472201923,AX,-0.0722224522056864,L1,-0.0535196226156495,L2,0.0...
GetData ===>> H2,-0.177419225229189,H1,0.0202184045046796,AX,-0.114953415409027,L1,-0.0175475839585013,L2,0.022...
GetData ===>> H2,-0.180061712245962,H1,-0.00390315656810787,AX,-0.0831300771427069,L1,-4.44027385316876E-05,L2,...
testing H1>-5.0
evaluate ot="H1.bs>-5.0" t="H1>-5.0", ctx="{'H1': None}"
GetData ===>> H2,-0.265932612117086,H1,-0.0261824017188548,AX,-0.031884917377794,L1,-0.0154198976998509,L2,0.00...
GetData ===>> H2,-0.21390791456574,H1,0.0286420398150301,AX,-0.127350805838732,L1,-0.0381650647803966,L2,-0.033...
GetData ===>> H2,-0.222318013193997,H1,-0.00640803005091934,AX,-0.0378919679857452,L1,-0.0432934415465844,L2,0....
GetData ===>> H2,-0.242024817314143,H1,0.0745676666857655,AX,0.00442040249411606,L1,-0.00909670004134706,L2,0.0...
GetData ===>> H2,-0.127275894391956,H1,-0.0118827495813932,AX,-0.075398656216831,L1,0.0132388254576874,L2,-0.01...
testing H1>-5.0
evaluate ot="H1.bs>-5.0" t="H1>-5.0", ctx="{'H1': None}"
11:46:52 -- collecting point 25
GetData ===>> H2,-0.136307840823765,H1,0.00592609541245643,AX,-0.121418793712819,L1,-0.0195501244478363,L2,0.04...
GetData ===>> H2,-0.242843091620715,H1,0.0395962120866457,AX,-0.0590412569132743,L1,-0.0229667133266802,L2,-0.0...
GetData ===>> H2,-0.25202173341572,H1,-0.0343510108394838,AX,0.000441235466287193,L1,-0.083655386336912,L2,0.01...
GetData ===>> H2,-0.125072137789076,H1,-0.0286032415255598,AX,-0.0479686004999103,L1,-0.0327102021708007,L2,-0....
GetData ===>> H2,-0.258908547244919,H1,0.00187021913762315,AX,-0.113493431805858,L1,0.0151130759815062,L2,-0.08...
testing H1>-5.0
evaluate ot="H1.bs>-5.0" t="H1>-5.0", ctx="{'H1': None}"
GetData ===>> H2,-0.271926727999907,H1,-0.0481705407959552,AX,-0.0317457535100227,L1,-0.00260760703979592,L2,0....
GetData ===>> H2,-0.133217931339051,H1,0.00312275162512878,AX,-0.116170051674378,L1,0.0200242807750622,L2,-0.03...
GetData ===>> H2,-0.297913271116389,H1,0.0221512439993134,AX,-0.0775662979705161,L1,-0.00691654351372114,L2,-0....
GetData ===>> H2,-0.252655070944375,H1,0.0388563500747676,AX,-0.128648385272872,L1,-0.0133333433853714,L2,0.013...
GetData ===>> H2,-0.138766996605357,H1,-0.0112863894374591,AX,-0.14587565246429,L1,-0.0394623769676978,L2,-0.02...
testing H1>-5.0
evaluate ot="H1.bs>-5.0" t="H1>-5.0", ctx="{'H1': None}"
GetData ===>> H2,-0.174296840963767,H1,0.0314938276556156,AX,-0.0531862395430755,L1,-0.0350510718712244,L2,0.01...
GetData ===>> H2,-0.175054229845456,H1,0.053535279487771,AX,-0.102531267768927,L1,-0.0343230228667297,L2,-0.089...
GetData ===>> H2,-0.205155160776426,H1,0.00689237252855537,AX,-0.0962848311866602,L1,-0.0234713110825586,L2,-0....
GetData ===>> H2,-0.211277546459856,H1,-0.0252641368194471,AX,-0.135347346570968,L1,-0.0160184299002444,L2,-0.0...
GetData ===>> H2,-0.121730534775695,H1,0.044107101991009,AX,-0.0139311354195913,L1,-0.0173053334744558,L2,-0.07...
testing H1>-5.0
evaluate ot="H1.bs>-5.0" t="H1>-5.0", ctx="{'H1': None}"
GetData ===>> H2,-0.183028714162405,H1,-0.0819184200772537,AX,-0.0984172405227507,L1,-0.0239315396938442,L2,-0....
GetData ===>> H2,-0.230384766373684,H1,0.0276755527431007,AX,-0.0717355796528106,L1,-0.056946076714269,L2,-0.05...
GetData ===>> H2,-0.247658672486461,H1,0.00596188328747544,AX,-0.0170512487244905,L1,0.0109340113134163,L2,-0.0...
GetData ===>> H2,-0.097386748783788,H1,0.0830594190147639,AX,-0.0494875420645584,L1,0.0404543896734883,L2,0.039...
GetData ===>> H2,-0.0860935871550575,H1,0.0106024861389777,AX,-0.10343517157148,L1,0.00914334261536816,L2,-0.00...
testing H1>-5.0
evaluate ot="H1.bs>-5.0" t="H1>-5.0", ctx="{'H1': None}"
GetData ===>> H2,-0.132989366316569,H1,-0.018144316580959,AX,-0.130154482554436,L1,0.0238129118775411,L2,0.0474...
GetData ===>> H2,-0.0747342453948051,H1,-0.010201004857424,AX,-0.0860045717338255,L1,-0.0148789091081433,L2,-0....
GetData ===>> H2,-0.0298545743247124,H1,-0.00659887498459784,AX,-0.0593195063958028,L1,-0.0485508432069284,L2,-...
GetData ===>> H2,-0.21898379722353,H1,-0.0787718012274173,AX,-0.100920444020617,L1,-0.0139745587186979,L2,0.024...
GetData ===>> H2,-0.224528157249512,H1,-0.0555505089238515,AX,-0.194930877553505,L1,0.00991861988841666,L2,-0.0...
testing H1>-5.0
evaluate ot="H1.bs>-5.0" t="H1>-5.0", ctx="{'H1': None}"
11:47:18 -- collecting point 50
GetData ===>> H2,-0.329668439785623,H1,0.0888084578667182,AX,-0.162628150987017,L1,-0.0715842975292263,L2,-0.05...
GetData ===>> H2,-0.267501335383525,H1,0.095166181800166,AX,-0.0194405615496632,L1,-0.0529071825812499,L2,0.029...
GetData ===>> H2,-0.280035216100094,H1,0.0132151566886176,AX,-0.0265153671985612,L1,-0.0174936177714541,L2,-0.0...
GetData ===>> H2,-0.266729771255274,H1,0.0661990768801025,AX,-0.094036479421216,L1,-0.0438621684485685,L2,-0.05...
GetData ===>> H2,-0.287622316327049,H1,0.0781455644333963,AX,-0.010474536244799,L1,-0.0126309559652799,L2,0.110...
testing H1>-5.0
evaluate ot="H1.bs>-5.0" t="H1>-5.0", ctx="{'H1': None}"
GetData ===>> H2,-0.0798381396080309,H1,-0.0460482521138726,AX,-0.127883742343785,L1,-0.0549410637545734,L2,-0....
GetData ===>> H2,-0.109509286026225,H1,-0.011071698915832,AX,-0.0606991483273322,L1,-0.0339770126098548,L2,-0.0...
GetData ===>> H2,-0.0959959573282111,H1,-0.0298434520439759,AX,-0.101754830874408,L1,-0.00970701130129472,L2,0....
GetData ===>> H2,-0.090779311835964,H1,0.0207672316785647,AX,-0.151545160097342,L1,-0.0100103546038171,L2,-0.09...
GetData ===>> H2,-0.188430465594303,H1,0.0167584763791197,AX,-0.0434812071711904,L1,-0.0165041863750813,L2,-0.0...
testing H1>-5.0
evaluate ot="H1.bs>-5.0" t="H1>-5.0", ctx="{'H1': None}"
GetData ===>> H2,-0.199837152412065,H1,-0.00683743063991642,AX,-0.0558413306775992,L1,-0.0146833783595253,L2,0....
measurement finished
estimated time: 62.915 actual time: :63.282
flush and close file /Users/jan/PychronDev/data/isotopes/82/0ebdc6-96a3-4b7c-9be4-1d1370acd39d.h5
activate_detectors ('H1', 'AX', 'CDD') {'peak_center': True}
peak_center () {'detector': 'H1', 'integration_time': 0.262144, 'isotope': 'Ar40'}
peak center: mean=969.174051873 threshold=3
peak center started
setup peak center. detector=['H1', 'AX', 'CDD'], isotope=Ar40
VersionedUnpickler [<apptools.sweet_pickle.versioned_unpickler.VersionedUnpickler object at 0x1dd52c0b0>] using Updater [<apptools.sweet_pickle.updater.Updater object at 0x135230b30>]
VersionedUnpickler [<apptools.sweet_pickle.versioned_unpickler.VersionedUnpickler object at 0x1dd52c0b0>] using Updater [<apptools.sweet_pickle.updater.Updater object at 0x135230b30>]
VersionedUnpickler [<apptools.sweet_pickle.versioned_unpickler.VersionedUnpickler object at 0x1e1b120b0>] using Updater [<apptools.sweet_pickle.updater.Updater object at 0x135230b30>]
setting integration time = 0.524288
SetIntegrationTime 0.524288 ===>> OK
Mapping mass to dac mass func: "parabolic"
H1 map mass coeffs = [-0.00063987  0.15840543  0.57084999]
H1 map mass to dac 39.9624 >> 5.87924
GetDeflection H1 ===>> 0
GetHighVoltage ===>> 4499.94659342336
do peak center. <pychron.spectrometer.jobs.peak_center.PeakCenter object at 0x1352309b0>
doing pc
starting peak center. center dac= 5.87920537771 step_width=0.001
width = 0.001
get scan parameters. half-width=0.015,window=0.015, i=0, scalar=1
Scan parameters center=5.87921 width=0.03000 (5.86421 - 5.89421)
GetData ===>> H2,-0.242871353325195,H1,0.0114733687457626,AX,-0.0703213169928356,L1,-0.00594623402587752,L2,-0....
Moving to starting dac 5.86420537771
setting magnet DAC
current  : 5.239865
requested: 5.864205
Delta Dac: 0.624340
Checking detector protection. dv=0.62434
Checking detector "CDD". Protection Threshold: 0.1 (V)
ProtectDetector CDD,On ===>> OK
GetDeflection CDD ===>> 2000
Protected = 2000
SetMagnetDAC 5.86420537771 ===>> OK
Magnet settling time: 0.500
GetMagnetMoving ===>> True
GetMagnetMoving ===>> True
GetMagnetMoving ===>> True
GetMagnetMoving ===>> True
GetMagnetMoving ===>> True
GetMagnetMoving ===>> True
GetMagnetMoving ===>> True
GetMagnetMoving ===>> True
GetMagnetMoving ===>> False
ProtectDetector CDD,Off ===>> OK
GetDeflection CDD ===>> 50
Wait until signal near baseline. tol= 0.00860502655932. timeout= 10
GetData ===>> H2,2.04335564039635,H1,0.740215281512913,AX,0.0997595889786993,L1,-0.0185913012719647,L2,0.053008...
GetData ===>> H2,43.8086267540899,H1,15.4447196094774,AX,0.790630094706829,L1,0.0044211628360515,L2,-0.00109312...
GetData ===>> H2,59.1127278063788,H1,30.9670939163923,AX,2.79296404206828,L1,-0.0169284156786682,L2,-0.16860603...
GetData ===>> H2,33.1236630790739,H1,14.8449487790766,AX,1.18063917302248,L1,-0.01158807193217,L2,-0.0570080290...
GetData ===>> H2,14.1516714504063,H1,7.60297799302119,AX,0.593300191165791,L1,-0.00713002303687132,L2,0.0281294...
GetData ===>> H2,4.94073570492058,H1,4.1525228755803,AX,0.227781129615444,L1,-0.0118829673413736,L2,-0.06272061...
GetData ===>> H2,1.55699289295592,H1,2.41473458052954,AX,0.0856895719779515,L1,-0.0142178502932051,L2,0.0480870...
GetData ===>> H2,0.552942891448174,H1,1.61836442399179,AX,0.0780179808954122,L1,-0.0310876895991395,L2,-0.08040...
GetData ===>> H2,0.282890473547363,H1,1.20408303388742,AX,-0.0134671695086303,L1,-0.0381482932587267,L2,-0.1107...
GetData ===>> H2,0.231456159117616,H1,1.08214918252363,AX,0.0161616334102403,L1,-0.0218324193161272,L2,-0.08363...
GetData ===>> H2,0.209231320370182,H1,1.00508700190847,AX,-0.212074202281453,L1,0.0215355598592454,L2,-0.094190...
GetData ===>> H2,0.215039409853256,H1,0.916113488242121,AX,-0.0135831611936954,L1,0.00650128706577736,L2,-0.100...
GetData ===>> H2,0.15344321491139,H1,0.877004423908301,AX,0.0140267588165688,L1,-0.0110677882297816,L2,0.153731...
GetData ===>> H2,0.153678401320127,H1,0.790052398764574,AX,0.0767896553731305,L1,-0.0138535099805014,L2,0.07470...
GetData ===>> H2,0.0855780818184917,H1,0.795729794232059,AX,-0.0176427830908895,L1,-0.0269111842672143,L2,-0.09...
GetData ===>> H2,-0.000726936497200791,H1,0.886864026790657,AX,0.0336136682553399,L1,-0.0376547188050171,L2,0.0...
GetData ===>> H2,-0.0263223409937164,H1,0.911613017263435,AX,0.13205645823273,L1,-0.0544848575576101,L2,0.05227...
GetData ===>> H2,-0.00435010788744916,H1,0.849608419713932,AX,0.0814249271075364,L1,-0.0368256508568356,L2,-0.0...
GetData ===>> H2,0.0393875947898626,H1,0.818849927580056,AX,0.0444763545788123,L1,-0.0273588354522907,L2,-0.041...
GetData ===>> H2,0.0955424932982607,H1,0.768950630804644,AX,0.0904875207035251,L1,-0.0134531998233967,L2,-0.118...
GetData ===>> H2,0.0179071987725576,H1,0.76473559861967,AX,0.00913064716369148,L1,-0.023420257873506,L2,0.00031...
Peak center failed to move to a baseline position
_do_sweep sm= 5.86420537771, em= 5.89420537771, stm= 0.001
calculated step values: start=5.86420537771, end=5.89420537771, width=0.001, nsteps=31.0
setting magnet DAC
current  : 5.864205
requested: 5.864205
Delta Dac: 0.000000
Checking detector protection. dv=0.00000
Checking detector "CDD". Protection Threshold: 0.1 (V)
SetMagnetDAC 5.86420537771 ===>> OK
GetData ===>> H2,0.0179071987725576,H1,0.76473559861967,AX,0.00913064716369148,L1,-0.023420257873506,L2,0.00031...
setting magnet DAC
current  : 5.864205
requested: 5.865240
Delta Dac: 0.001034
Checking detector protection. dv=0.00103
Checking detector "CDD". Protection Threshold: 0.1 (V)
SetMagnetDAC 5.86523986047 ===>> OK
Magnet settling time: 1.049
GetData ===>> H2,0.0629787448311651,H1,1.71514611227626,AX,0.0547519567922781,L1,-0.00285717259997815,L2,-0.015...
setting magnet DAC
current  : 5.865240
requested: 5.866274
Delta Dac: 0.001034
Checking detector protection. dv=0.00103
Checking detector "CDD". Protection Threshold: 0.1 (V)
SetMagnetDAC 5.86627434322 ===>> OK
Magnet settling time: 1.049
GetData ===>> H2,-0.0377085107156023,H1,5.37353622119181,AX,0.445604658617959,L1,-0.012897053895835,L2,0.088197...
setting magnet DAC
current  : 5.866274
requested: 5.867309
Delta Dac: 0.001034
Checking detector protection. dv=0.00103
Checking detector "CDD". Protection Threshold: 0.1 (V)
SetMagnetDAC 5.86730882598 ===>> OK
Magnet settling time: 1.049
GetData ===>> H2,-0.050222338827887,H1,19.6916952418291,AX,1.46191022967151,L1,-0.020917442254383,L2,-0.0620378...
setting magnet DAC
current  : 5.867309
requested: 5.868343
Delta Dac: 0.001034
Checking detector protection. dv=0.00103
Checking detector "CDD". Protection Threshold: 0.1 (V)
SetMagnetDAC 5.86834330874 ===>> OK
Magnet settling time: 1.049
GetData ===>> H2,-0.166856296371483,H1,66.5791903180115,AX,4.83704006215895,L1,0.0182926701030761,L2,0.03787994...
setting magnet DAC
current  : 5.868343
requested: 5.869378
Delta Dac: 0.001034
Checking detector protection. dv=0.00103
Checking detector "CDD". Protection Threshold: 0.1 (V)
SetMagnetDAC 5.8693777915 ===>> OK
Magnet settling time: 1.049
GetData ===>> H2,-0.135920491991154,H1,179.287960613345,AX,14.4280537285714,L1,0.0721710328634777,L2,0.02466695...
setting magnet DAC
current  : 5.869378
requested: 5.870412
Delta Dac: 0.001034
Checking detector protection. dv=0.00103
Checking detector "CDD". Protection Threshold: 0.1 (V)
SetMagnetDAC 5.87041227426 ===>> OK
Magnet settling time: 1.049
GetData ===>> H2,-0.178158587853472,H1,372.117114583768,AX,32.7987264817839,L1,0.201864371888685,L2,0.028653444...
setting magnet DAC
current  : 5.870412
requested: 5.871447
Delta Dac: 0.001034
Checking detector protection. dv=0.00103
Checking detector "CDD". Protection Threshold: 0.1 (V)
SetMagnetDAC 5.87144675702 ===>> OK
Magnet settling time: 1.049
GetData ===>> H2,-0.0906401045619233,H1,710.877574951945,AX,71.4792124118847,L1,0.56089203705586,L2,0.066544742...
setting magnet DAC
current  : 5.871447
requested: 5.872481
Delta Dac: 0.001034
Checking detector protection. dv=0.00103
Checking detector "CDD". Protection Threshold: 0.1 (V)
SetMagnetDAC 5.87248123978 ===>> OK
Magnet settling time: 1.049
GetData ===>> H2,-0.204660536439375,H1,843.790546106801,AX,91.4444850838206,L1,0.813604510913138,L2,0.159821695...
setting magnet DAC
current  : 5.872481
requested: 5.873516
Delta Dac: 0.001034
Checking detector protection. dv=0.00103
Checking detector "CDD". Protection Threshold: 0.1 (V)
SetMagnetDAC 5.87351572253 ===>> OK
Magnet settling time: 1.049
GetData ===>> H2,-0.206913799644266,H1,900.334782180063,AX,101.942201936524,L1,1.00904587915648,L2,0.0688920811...
setting magnet DAC
current  : 5.873516
requested: 5.874550
Delta Dac: 0.001034
Checking detector protection. dv=0.00103
Checking detector "CDD". Protection Threshold: 0.1 (V)
SetMagnetDAC 5.87455020529 ===>> OK
Magnet settling time: 1.049
GetData ===>> H2,-0.185607236532383,H1,918.923181862881,AX,105.925384451545,L1,1.18436912557477,L2,0.1505834274...
setting magnet DAC
current  : 5.874550
requested: 5.875585
Delta Dac: 0.001034
Checking detector protection. dv=0.00103
Checking detector "CDD". Protection Threshold: 0.1 (V)
SetMagnetDAC 5.87558468805 ===>> OK
Magnet settling time: 1.049
GetData ===>> H2,-0.000642663009175525,H1,923.990748123766,AX,106.972313235836,L1,1.28653061467791,L2,0.1899377...
setting magnet DAC
current  : 5.875585
requested: 5.876619
Delta Dac: 0.001034
Checking detector protection. dv=0.00103
Checking detector "CDD". Protection Threshold: 0.1 (V)
SetMagnetDAC 5.87661917081 ===>> OK
Magnet settling time: 1.049
GetData ===>> H2,0.0391670407474993,H1,924.865310994749,AX,107.255930766996,L1,1.32561269546471,L2,0.1670304456...
setting magnet DAC
current  : 5.876619
requested: 5.877654
Delta Dac: 0.001034
Checking detector protection. dv=0.00103
Checking detector "CDD". Protection Threshold: 0.1 (V)
SetMagnetDAC 5.87765365357 ===>> OK
Magnet settling time: 1.049
GetData ===>> H2,-0.0265533281573024,H1,925.717436058679,AX,107.238447992279,L1,1.32631058001399,L2,0.157951159...
setting magnet DAC
current  : 5.877654
requested: 5.878688
Delta Dac: 0.001034
Checking detector protection. dv=0.00103
Checking detector "CDD". Protection Threshold: 0.1 (V)
SetMagnetDAC 5.87868813633 ===>> OK
Magnet settling time: 1.049
GetData ===>> H2,-0.0982045764429642,H1,924.810338415981,AX,107.40414800629,L1,1.38524615275735,L2,0.1810388722...
setting magnet DAC
current  : 5.878688
requested: 5.879723
Delta Dac: 0.001034
Checking detector protection. dv=0.00103
Checking detector "CDD". Protection Threshold: 0.1 (V)
SetMagnetDAC 5.87972261909 ===>> OK
Magnet settling time: 1.049
GetData ===>> H2,-0.0370895172255541,H1,925.022347631008,AX,107.317352363142,L1,1.38618270195426,L2,0.216753662...
setting magnet DAC
current  : 5.879723
requested: 5.880757
Delta Dac: 0.001034
Checking detector protection. dv=0.00103
Checking detector "CDD". Protection Threshold: 0.1 (V)
SetMagnetDAC 5.88075710184 ===>> OK
Magnet settling time: 1.049
GetData ===>> H2,-0.0502738634664232,H1,925.513942392514,AX,107.18687481305,L1,1.41126655429552,L2,0.2216155551...
setting magnet DAC
current  : 5.880757
requested: 5.881792
Delta Dac: 0.001034
Checking detector protection. dv=0.00103
Checking detector "CDD". Protection Threshold: 0.1 (V)
SetMagnetDAC 5.8817915846 ===>> OK
Magnet settling time: 1.049
GetData ===>> H2,0.0327401678104821,H1,924.401235979279,AX,106.993705821454,L1,1.36853284211857,L2,0.1708403521...
setting magnet DAC
current  : 5.881792
requested: 5.882826
Delta Dac: 0.001034
Checking detector protection. dv=0.00103
Checking detector "CDD". Protection Threshold: 0.1 (V)
SetMagnetDAC 5.88282606736 ===>> OK
Magnet settling time: 1.049
GetData ===>> H2,0.0303483666622511,H1,922.028283051759,AX,106.693157718577,L1,1.37099500778549,L2,0.1462269238...
setting magnet DAC
current  : 5.882826
requested: 5.883861
Delta Dac: 0.001034
Checking detector protection. dv=0.00103
Checking detector "CDD". Protection Threshold: 0.1 (V)
SetMagnetDAC 5.88386055012 ===>> OK
Magnet settling time: 1.049
GetData ===>> H2,-0.130859127185454,H1,917.203124629062,AX,105.623999087474,L1,1.38341177883868,L2,0.3151964224...
setting magnet DAC
current  : 5.883861
requested: 5.884895
Delta Dac: 0.001034
Checking detector protection. dv=0.00103
Checking detector "CDD". Protection Threshold: 0.1 (V)
SetMagnetDAC 5.88489503288 ===>> OK
Magnet settling time: 1.049
GetData ===>> H2,-0.119706973631782,H1,898.512511822314,AX,101.436658908376,L1,1.29916367951777,L2,0.1287116747...
setting magnet DAC
current  : 5.884895
requested: 5.885930
Delta Dac: 0.001034
Checking detector protection. dv=0.00103
Checking detector "CDD". Protection Threshold: 0.1 (V)
SetMagnetDAC 5.88592951564 ===>> OK
Magnet settling time: 1.049
GetData ===>> H2,-0.211227707670476,H1,843.618719446189,AX,90.6784413889377,L1,1.19666079044907,L2,0.2294453193...
setting magnet DAC
current  : 5.885930
requested: 5.886964
Delta Dac: 0.001034
Checking detector protection. dv=0.00103
Checking detector "CDD". Protection Threshold: 0.1 (V)
SetMagnetDAC 5.8869639984 ===>> OK
Magnet settling time: 1.049
GetData ===>> H2,-0.304073142243044,H1,628.960198784865,AX,57.7295648219142,L1,0.848876700594095,L2,0.069461832...
setting magnet DAC
current  : 5.886964
requested: 5.887998
Delta Dac: 0.001034
Checking detector protection. dv=0.00103
Checking detector "CDD". Protection Threshold: 0.1 (V)
SetMagnetDAC 5.88799848116 ===>> OK
Magnet settling time: 1.049
GetData ===>> H2,-0.299670894911442,H1,390.092280238686,AX,30.6227565581617,L1,0.583363096176367,L2,-0.02201950...
setting magnet DAC
current  : 5.887998
requested: 5.889033
Delta Dac: 0.001034
Checking detector protection. dv=0.00103
Checking detector "CDD". Protection Threshold: 0.1 (V)
SetMagnetDAC 5.88903296391 ===>> OK
Magnet settling time: 1.049
GetData ===>> H2,-0.209330976437513,H1,189.315802938638,AX,12.7203450976683,L1,0.37054590977278,L2,-0.010953460...
setting magnet DAC
current  : 5.889033
requested: 5.890067
Delta Dac: 0.001034
Checking detector protection. dv=0.00103
Checking detector "CDD". Protection Threshold: 0.1 (V)
SetMagnetDAC 5.89006744667 ===>> OK
Magnet settling time: 1.049
GetData ===>> H2,-0.238498022623214,H1,71.6684221658081,AX,3.85765885751961,L1,0.242063812315087,L2,0.006763989...
setting magnet DAC
current  : 5.890067
requested: 5.891102
Delta Dac: 0.001034
Checking detector protection. dv=0.00103
Checking detector "CDD". Protection Threshold: 0.1 (V)
SetMagnetDAC 5.89110192943 ===>> OK
Magnet settling time: 1.049
GetData ===>> H2,-0.191098250950878,H1,21.6863004271883,AX,0.887258446020704,L1,0.0992377181284808,L2,-0.052433...
setting magnet DAC
current  : 5.891102
requested: 5.892136
Delta Dac: 0.001034
Checking detector protection. dv=0.00103
Checking detector "CDD". Protection Threshold: 0.1 (V)
SetMagnetDAC 5.89213641219 ===>> OK
Magnet settling time: 1.049
GetData ===>> H2,-0.309690817936153,H1,5.49080268097966,AX,0.0350062526188329,L1,0.0440196091025705,L2,-0.00799...
setting magnet DAC
current  : 5.892136
requested: 5.893171
Delta Dac: 0.001034
Checking detector protection. dv=0.00103
Checking detector "CDD". Protection Threshold: 0.1 (V)
SetMagnetDAC 5.89317089495 ===>> OK
Magnet settling time: 1.049
GetData ===>> H2,-0.181248632992384,H1,1.175877801456,AX,-0.0848918742241344,L1,0.0104837729077783,L2,-0.030420...
setting magnet DAC
current  : 5.893171
requested: 5.894205
Delta Dac: 0.001034
Checking detector protection. dv=0.00103
Checking detector "CDD". Protection Threshold: 0.1 (V)
SetMagnetDAC 5.89420537771 ===>> OK
Magnet settling time: 1.049
GetData ===>> H2,-0.287525617867,H1,-0.0933479188848228,AX,-0.132795889167606,L1,-0.0196478336162465,L2,0.04713...
result of _do_sweep=True
result of _calculate_peak_center=([5.8713296262039387, 5.8790250169855014, 5.886720407767065], [672.5209296397378, 925.7010755801532, 679.50604282844847], 5.8776723115746803, 925.7010755801532)
Failed to find a valid peak. No peak greater than 1.0. max = 0.178696623087
new center pos Detector(H1) (Ar40) @ 5.87902501699
GetHighVoltage ===>> 4499.94659342336
GetDeflection H1 ===>> 0
dac uncorrected for HV and deflection 5.87905963822
update mftable H1 Ar40 5.87905963822 message=automated run peakcenter
get initial guess parabolic
get initial guess parabolic
get initial guess parabolic
get initial guess parabolic
get initial guess parabolic
get initial guess parabolic
dump mftable to /Users/jan/PychronDev/setupfiles/spectrometer/mftables/mftable.csv
add to repo msg=modified - automated run peakcenter
sweep finished
locally archiving mftable
setting magnet DAC
current  : 5.894205
requested: 5.879025
Delta Dac: 0.015180
Checking detector protection. dv=0.01518
Checking detector "CDD". Protection Threshold: 0.1 (V)
SetMagnetDAC 5.87902501699 ===>> OK
Magnet settling time: 0.500
setting integration time = 1.048576
SetIntegrationTime 1.048576 ===>> OK
Failed to find a valid peak. No peak greater than 1.0. max = 0.178696623087
flush and close file /Users/jan/PychronDev/data/isotopes/82/0ebdc6-96a3-4b7c-9be4-1d1370acd39d.h5
finished measure script
executed snippet estimated_duration=226.132928, duration=274.530698061
jan_unknown120_60.py completed successfully
Measurement Finished
11:48:17 -- ******* Measurement Finished *******
Post Measurement Started jan_pump_ms.py
11:48:17 -- ******* Post Measurement Started jan_pump_ms.py *******
testing...
no interpolation path defined
executed snippet estimated_duration=0, duration=3.00407409668e-05
Pumping spectrometer
open () {'name': 'O'}
opening name=O desc=---
checking ownership. requestor=129.138.12.150
check software interlocks O
interlocks []
actuate state mode=None-script, software_lock=False
doing actuation None-script open_channel True
Open O ===>> OK
GetIndicatorState O ===>> OK
change switch state (True, True)
update switch state O True args=() kw={} ncanvase=2
11:48:17 -- OPEN   VALVE-O (Jan Ion Pump)
---------------------------------------- open O () result=[(True, True)], time=0.11 sec
action=open, ok=True, locked=[False]
executed snippet estimated_duration=0, duration=0.369845151901
jan_pump_ms.py completed successfully
setting _ms_pumptime
Post Measurement Finished
11:48:17 -- ******* Post Measurement Finished *******
$$$$$$$$$$$$$$$$$$$$ state at run end measurement
state changed from measurement to success
post measurement save measured=True aborted=False
Set filtering
setting fod for Ar40= {'filter_outliers': True, 'std_devs': 2, 'iterations': 1}
setting fod for H1= {'filter_outliers': True, 'std_devs': 2, 'iterations': 1}
setting fod for PM41= {'filter_outliers': False, 'std_devs': 2, 'iterations': 1}
setting fod for H2= {'filter_outliers': True, 'std_devs': 2, 'iterations': 1}
setting fod for Ar36= {'filter_outliers': True, 'std_devs': 2, 'iterations': 1}
setting fod for CDD= {'filter_outliers': True, 'std_devs': 10, 'iterations': 1}
setting fod for Ar37= {'filter_outliers': True, 'std_devs': 2, 'iterations': 1}
setting fod for L2= {'filter_outliers': True, 'std_devs': 2, 'iterations': 1}
setting fod for Ar38= {'filter_outliers': True, 'std_devs': 2, 'iterations': 1}
setting fod for L1= {'filter_outliers': True, 'std_devs': 2, 'iterations': 1}
setting fod for Ar39= {'filter_outliers': True, 'std_devs': 2, 'iterations': 1}
setting fod for AX= {'filter_outliers': True, 'std_devs': 2, 'iterations': 1}
persistence save...
persistence save - db
post measurement save
8172522096 connecting to database sqlite:////Users/jan/PychronDev/.appdata/local_lab.db
connected to db sqlite:////Users/jan/PychronDev/.appdata/local_lab.db
create new session 8172522096
close session 8172522096
No database instance. Not saving post measurement to isotopedb database
$$$$$$$$$$$$$$$ auto_save_detector_ic=False
massspec enabled True
create new session 4985539184
MassSpec Database Version: 16.0
close session 4985539184
saving post measurement to secondary database
saving to massspec database 129.138.12.160/massspecdata
setting labnumber to 25317
setting aliquot to 3
setting step to 
setting uuid to 820ebdc6-96a3-4b7c-9be4-1d1370acd39d
setting irradpos to 25317
setting extract_device to Fusions CO2
setting tray to 
setting position to 81
setting power_requested to 5.0
setting extract_value to 5.0
setting duration to 30.0
setting duration_at_request to 30.0
setting first_stage_delay to 30.0
setting cleanup to 30.0
setting comment to J:14
setting irradiation to NM-288
setting level to J
setting irradiation_level to J
setting sample to FC-2
setting material to 
setting project to 
setting mass_spectrometer to jan
no attribute chron_dosages
no attribute production_ratios
no attribute interference_corrections
no attribute production_name
no attribute j
Reference Isotope=Ar40
Reference Detector=H1
%%%%%%%%%%%%%%%%%%%% Comment: J:14 %%%%%%%%%%%%%%%%%%%
adding isotope PM41 H2
add baseline dbdet= PM41. original det= H2
get baseline data PM41 H2
Get data baseline <pychron.processing.isotope.Baseline object at 0x1ce5570d0> len t=60
baseline PM41. v=-0.184844041708, e=0.00790076045685
get signal data PM41 H2
Get data signal PM41 0.09+/-0.07 len t=120
adding isotope Ar40 H1
add baseline dbdet= Ar40. original det= H1
get baseline data Ar40 H1
Get data baseline <pychron.processing.isotope.Baseline object at 0x1ce557210> len t=60
baseline Ar40. v=-0.000209805987328, e=0.00581442676018
get signal data Ar40 H1
Get data signal Ar40 1017.41+/-0.06 len t=120
adding isotope Ar39 AX
add baseline dbdet= Ar39. original det= AX
get baseline data Ar39 AX
Get data baseline <pychron.processing.isotope.Baseline object at 0x1ce557610> len t=60
baseline Ar39. v=-0.0839136162867, e=0.00576200088623
get signal data Ar39 AX
Get data signal Ar39 117.780+/-0.021 len t=120
adding isotope Ar38 L1
add baseline dbdet= Ar38. original det= L1
get baseline data Ar38 L1
Get data baseline <pychron.processing.isotope.Baseline object at 0x1ce557110> len t=60
baseline Ar38. v=-0.0256307492942, e=0.0033081662458
get signal data Ar38 L1
Get data signal Ar38 1.567+/-0.004 len t=120
adding isotope Ar37 L2
add baseline dbdet= Ar37. original det= L2
get baseline data Ar37 L2
Get data baseline <pychron.processing.isotope.Baseline object at 0x1d625fe50> len t=60
baseline Ar37. v=-0.0220558935669, e=0.00718200693585
get signal data Ar37 L2
Get data signal Ar37 0.251+/-0.012 len t=120
adding isotope Ar36 CDD
add baseline dbdet= Ar36. original det= CDD
get baseline data Ar36 CDD
Get data baseline <pychron.processing.isotope.Baseline object at 0x1d625fe10> len t=60
baseline Ar36. v=0.000213373758658, e=2.13382563307e-05
get signal data Ar36 CDD
Get data signal Ar36 0.1786+/-0.0009 len t=120
25317-03 added analysis time 0.519693851471s
analysis added to mass spec database
mass spec save time= 0.527
persistence save - dvc
================= post measurement started
create new session 4989601072
close session 4989601072
---------------- Experiment Queue saving disabled
DVC saving peakcenter
Failed to find a valid peak. No peak greater than 1.0. max = 0.178696623087
Smart pull ahead: 0 behind: 0
Up-to-date with origin
add to repo msg=modified - ad8224ebc6dbfeb9f5997218dfa5fe690569839d.json
add to repo msg=modified - 17-03.json
add to repo msg=modified - 17-03.dat.json
add to repo msg=modified - 17-03.blan.json
add to repo msg=modified - 17-03.inte.json
add to repo msg=modified - 17-03.icfa.json
add to repo msg=modified - 17-03.base.json
not at valid file /Users/jan/PychronDev/data/.dvc/repositories/Load1791/253/tags/17-03.tags.json
add to repo msg=modified - 17-03.peak.json
add to repo msg=modified - 17-03.extr.json
not at valid file /Users/jan/PychronDev/data/.dvc/repositories/Load1791/253/monitor/17-03.moni.json
commit message=<COLLECTION>
add to repo msg=modified - 17-03.inte.json
add to repo msg=modified - 17-03.base.json
commit message=<ISOEVO> default collection fits
add to repo msg=modified - 17-03.blan.json
commit message=<BLANKS> preceding bu-FC-J-7761
add to repo msg=modified - 17-03.icfa.json
commit message=<ICFactor> default
push repository <pychron.git_archive.repo_manager.GitRepoManager object at 0x1d9f82bf0>
pushing to remote=origin, url=https://github.com
no changes to meta repo
create new session 4989601072
add association Load1791
get identifier "25317"
setting analysis irradiation position=<pychron.dvc.dvc_orm.IrradiationPositionTbl object at 0x1dfabe450>
close session 4989601072
================= post measurement finished
11:48:30 -- ******* Post Run Check *******
loading queue conditionals post_run_actions
loading system conditionals post_run_actions
loading conditionals from /Users/jan/PychronDev/setupfiles/spectrometer/default_conditionals.yaml
loading queue conditionals post_run_terminations
loading system conditionals post_run_terminations
loading conditionals from /Users/jan/PychronDev/setupfiles/spectrometer/default_conditionals.yaml
Checking default post run terminations n=1
GetDeflection CDD ===>> 50
testing CDD==2000
evaluate ot="CDD.deflection==2000" t="CDD==2000", ctx="{'CDD': 50.0}"
11:48:30 -- ******* Post Run Check Passed *******
11:48:30 -- Automated run 25317-03 success duration: 365.901 s
----------------- finish -----------------
----------------- stop -----------------
retroactive repository identifiers disabled
finish run. runs completed=106
update duration runid=25317-03, duration=365.900889158, md5=301e91d8
write rem/ex queues
/Users/jan/PychronDev/experiments/rem/CurrentExperiment.rem.txt
/Users/jan/PychronDev/experiments/rem/CurrentExperiment.ex.txt
doing event level: 3
