do run
loading script "jan_unknown120_60.py"
loading script "jan_pump_ms.py"
loading script "jan_co2.py"
loading script "jan_pump_extraction_line.py"
testing...
no interpolation path defined
executed snippet estimated_duration=213.652928, duration=0.000262022018433
script duration name:unknown120_60 seconds:214.0
loading script "jan_unknown120_60.py"
loading script "jan_pump_ms.py"
loading script "jan_co2.py"
loading script "jan_pump_extraction_line.py"
testing...
no interpolation path defined
executed snippet estimated_duration=0, duration=2.8133392334e-05
loading script "jan_unknown120_60.py"
loading script "jan_pump_ms.py"
loading script "jan_co2.py"
loading script "jan_pump_extraction_line.py"
testing...
no interpolation path defined
calculate duration
testing...
no interpolation path defined
executed snippet estimated_duration=0, duration=6.60419464111e-05
calculate duration
testing...
no interpolation path defined
executed snippet estimated_duration=0, duration=9.58442687988e-05
executed snippet estimated_duration=0.0, duration=0.00484204292297
script duration name:co2 seconds:0.0
loading script "jan_unknown120_60.py"
loading script "jan_pump_ms.py"
loading script "jan_co2.py"
loading script "jan_pump_extraction_line.py"
testing...
no interpolation path defined
calculate duration
testing...
no interpolation path defined
executed snippet estimated_duration=4.0, duration=0.000242948532104
executed snippet estimated_duration=4.0, duration=0.00196099281311
Script duration 214.0
Run total estimated duration= 215.000
run duration: 0:03:35
doing event level: 2
11:56:19 -- Setting default integration. t=1.048576
setting integration time = 1.048576
SetIntegrationTime 1.048576 ===>> OK
----------------- start -----------------
**************** Experiment Type: Ar/Ar, Ar/Ar
create new session 4436069840
close session 4436069840
$$$$$ Clearing conditionals
adding conditionals 
Add queue conditionals
add default conditionals
adding default conditionals from /Users/jan/PychronDev/setupfiles/spectrometer/default_conditionals.yaml
Start automated run 25317-05
loading script "jan_unknown120_60.py"
loading script "jan_pump_ms.py"
loading script "jan_co2.py"
loading script "jan_pump_extraction_line.py"
%%%%%%%%%%%%%%%%%% setting automated run 25317-05
No value "sensitivity_multiplier" in metadata
$$$$$$$$$$$$$$$ auto_save_detector_ic=False
============================= Pre Extraction Check =============================
loading queue conditionals pre_run_terminations
loading system conditionals pre_run_terminations
loading conditionals from /Users/jan/PychronDev/setupfiles/spectrometer/default_conditionals.yaml
11:56:19 -- ******* Pre Extraction Check *******
Get a measurement from the spectrometer
GetData ===>> H2,-0.211397428053538,H1,0.0547049127723966,AX,-0.0171788348723015,L1,-0.0555755290601625,L2,-0.0...
Pre Extraction Termination data. keys=H2,H1,AX,L1,L2,CDD, signals=-0.21140,0.05470,-0.01718,-0.05558,-0.01049,0.00402
11:56:19 -- testing system defined conditionals
Checking default pre extraction terminations n=2
testing CDD
evaluate ot="CDD.inactive" t="CDD", ctx="{'CDD': False}"
GetDeflection CDD ===>> 50
testing CDD==2000
evaluate ot="CDD.deflection==2000" t="CDD==2000", ctx="{'CDD': 50.0}"
11:56:19 -- ******* Pre Extraction Check Passed *******
=================================================================================
11:56:19 -- stopping status monitor
stop 4982387056
Alive clients [4989850544]
11:56:19 -- starting status monitor
start 4982387056
Monitor already running
start extraction
do extraction
Analysis started at 11:56:19.836701
Extraction Started jan_co2.py
11:56:19 -- ******* Extraction Started jan_co2.py *******
state changed from not run to extraction
DO EXTRACTION <pychron.extraction_line.pyscript_runner.RemotePyScriptRunner object at 0x12c299590>
testing...
no interpolation path defined
calculate duration
testing...
no interpolation path defined
executed snippet estimated_duration=0, duration=5.00679016113e-05
calculate duration
testing...
no interpolation path defined
executed snippet estimated_duration=0, duration=9.89437103271e-05
executed snippet estimated_duration=100.0, duration=0.00371885299683
Jan CO2 laser analysis
doing GOSUB
testing...
no interpolation path defined
executed snippet estimated_duration=0, duration=5.22136688232e-05
Waiting for CO2 access
wait ('FelixCO2Flag', 0) {}
waiting for FelixCO2Flag = 0
Read FelixCO2Flag ===>> 0
finished waiting
CO2 free
wait ('CO2PumpTimeFlag', 0) {}
waiting for CO2PumpTimeFlag = 0
Read CO2PumpTimeFlag ===>> 0
finished waiting
acquire ('JanCO2Flag',) {'clear': True}
acquire JanCO2Flag
Set JanCO2Flag 1 ===>> OK
JanCO2Flag acquired
set extraction state False (0.75, 'red', 1.5)
CO2 acquired
executed snippet estimated_duration=0, duration=0.0193870067596
WaitForCO2Access.py completed successfully
gosub finished
doing GOSUB
testing...
no interpolation path defined
executed snippet estimated_duration=0, duration=0.00010085105896
Prepare for CO2 analysis
close () {'description': 'Jan Inlet'}
closing name=--- desc=Jan Inlet
checking ownership. requestor=129.138.12.150
check software interlocks R
interlocks []
actuate state mode=None-script, software_lock=False
doing actuation None-script close_channel False
Close R ===>> OK
GetIndicatorState R ===>> False
change switch state (True, True)
update switch state R False args=() kw={} ncanvase=2
11:56:20 -- CLOSE  VALVE-R (Jan Inlet)
---------------------------------------- close None (Jan Inlet) result=[(True, True)]
action=close, ok=True, locked=[False]
open () {'description': 'Jan Ion Pump'}
opening name=--- desc=Jan Ion Pump
checking ownership. requestor=129.138.12.150
check software interlocks O
interlocks []
actuate state mode=None-script, software_lock=False
doing actuation None-script open_channel False
Open O ===>> OK
GetIndicatorState O ===>> OK
change switch state (True, True)
update switch state O True args=() kw={} ncanvase=2
11:56:20 -- OPEN   VALVE-O (Jan Ion Pump)
---------------------------------------- open None (Jan Ion Pump) result=[(True, True)], time=0.10 sec
action=open, ok=True, locked=[False]
close () {'description': 'Microbone to Minibone'}
closing name=--- desc=Microbone to Minibone
checking ownership. requestor=129.138.12.150
check software interlocks L
interlocks []
actuate state mode=None-script, software_lock=False
doing actuation None-script close_channel False
Close L ===>> OK
GetIndicatorState L ===>> False
change switch state (True, True)
update switch state L False args=() kw={} ncanvase=2
11:56:21 -- CLOSE  VALVE-L (Microbone to Minibone)
---------------------------------------- close None (Microbone to Minibone) result=[(True, True)]
action=close, ok=True, locked=[False]
open () {'description': 'Microbone to Turbo'}
opening name=--- desc=Microbone to Turbo
checking ownership. requestor=129.138.12.150
check software interlocks U
interlocks []
actuate state mode=None-script, software_lock=False
doing actuation None-script open_channel False
Open U ===>> OK
GetIndicatorState U ===>> OK
change switch state (True, True)
update switch state U True args=() kw={} ncanvase=2
11:56:21 -- OPEN   VALVE-U (Microbone to Turbo)
---------------------------------------- open None (Microbone to Turbo) result=[(True, True)], time=0.17 sec
action=open, ok=True, locked=[False]
open () {'description': 'Microbone to Inlet Pipette'}
opening name=--- desc=Microbone to Inlet Pipette
checking ownership. requestor=129.138.12.150
check software interlocks S
interlocks []
actuate state mode=None-script, software_lock=False
doing actuation None-script open_channel False
Open S ===>> OK
GetIndicatorState S ===>> OK
change switch state (True, True)
update switch state S True args=() kw={} ncanvase=2
11:56:22 -- OPEN   VALVE-S (Microbone to Inlet Pipette)
---------------------------------------- open None (Microbone to Inlet Pipette) result=[(True, True)], time=0.41 sec
action=open, ok=True, locked=[False]
open () {'description': 'Microbone to Getter D-50'}
opening name=--- desc=Microbone to Getter D-50
checking ownership. requestor=129.138.12.150
check software interlocks K
interlocks []
actuate state mode=None-script, software_lock=False
doing actuation None-script open_channel False
Open K ===>> OK
GetIndicatorState K ===>> OK
change switch state (True, True)
update switch state K True args=() kw={} ncanvase=2
11:56:23 -- OPEN   VALVE-K (Microbone to Getter D-50)
---------------------------------------- open None (Microbone to Getter D-50) result=[(True, True)], time=0.49 sec
action=open, ok=True, locked=[False]
open () {'description': 'Microbone to Getter NP-10'}
opening name=--- desc=Microbone to Getter NP-10
checking ownership. requestor=129.138.12.150
check software interlocks M
interlocks []
actuate state mode=None-script, software_lock=False
doing actuation None-script open_channel False
Open M ===>> OK
GetIndicatorState M ===>> OK
change switch state (True, True)
update switch state M True args=() kw={} ncanvase=2
11:56:23 -- OPEN   VALVE-M (Microbone to Getter NP-10)
---------------------------------------- open None (Microbone to Getter NP-10) result=[(True, True)], time=0.21 sec
action=open, ok=True, locked=[False]
close () {'description': 'CO2 Laser to Felix'}
closing name=--- desc=CO2 Laser to Felix
checking ownership. requestor=129.138.12.150
check software interlocks F
interlocks []
actuate state mode=None-script, software_lock=True
VALVE-F(CO2 Laser to Felix) software locked
change switch state (True, False)
---------------------------------------- close None (CO2 Laser to Felix) result=[(True, False)]
action=close, ok=True, locked=[True]
open () {'description': 'CO2 Laser to Jan'}
opening name=--- desc=CO2 Laser to Jan
checking ownership. requestor=129.138.12.150
check software interlocks A
interlocks []
actuate state mode=None-script, software_lock=False
doing actuation None-script open_channel False
Open A ===>> OK
GetIndicatorState A ===>> OK
change switch state (True, True)
update switch state A True args=() kw={} ncanvase=2
11:56:24 -- OPEN   VALVE-A (CO2 Laser to Jan)
---------------------------------------- open None (CO2 Laser to Jan) result=[(True, True)], time=0.15 sec
action=open, ok=True, locked=[False]
open () {'description': 'Microbone to CO2 Laser'}
opening name=--- desc=Microbone to CO2 Laser
checking ownership. requestor=129.138.12.150
check software interlocks T
interlocks []
actuate state mode=None-script, software_lock=False
doing actuation None-script open_channel False
Open T ===>> OK
GetIndicatorState T ===>> OK
change switch state (True, True)
update switch state T True args=() kw={} ncanvase=2
11:56:24 -- OPEN   VALVE-T (Microbone to CO2 Laser)
---------------------------------------- open None (Microbone to CO2 Laser) result=[(True, True)], time=0.46 sec
action=open, ok=True, locked=[False]
executed snippet estimated_duration=0, duration=5.17250585556
PrepareForCO2Analysis.py completed successfully
gosub finished
set_motor ('beam', '1.25') {}
setting motor "beam" to 1.25
set motor beam to 1.25
SetMotor beam,1.25 ===>> OK
GetMotorMoving beam ===>> False
GetMotorMoving beam ===>> False
Block completed
move_to_position ('83',) {'autocenter': True}
FusionsCO2 move to position 83
sending GoToHole 83,True
GoToHole 83,True ===>> OK
GetDriveMoving ===>> OK
GetDriveMoving ===>> OK
GetDriveMoving ===>> OK
GetDriveMoving ===>> OK
GetDriveMoving ===>> OK
GetDriveMoving ===>> OK
GetDriveMoving ===>> OK
GetDriveMoving ===>> False
GetDriveMoving ===>> OK
GetDriveMoving ===>> OK
GetDriveMoving ===>> OK
GetDriveMoving ===>> OK
GetDriveMoving ===>> OK
GetDriveMoving ===>> False
Block completed
GetAutoCorrecting ===>> False
GetAutoCorrecting ===>> False
Block completed
update position
GetPosition ===>> 11.96340,3.98780,1.00000
got position (11.9634, 3.9878, 1.0)
move to position succeeded
sleep (5,) {}
SLEEP 5.0
block started
WaitControl setup for 5.0  
Join finished
block finished. duration 5.02593803406
close () {'description': 'Microbone to Turbo'}
closing name=--- desc=Microbone to Turbo
checking ownership. requestor=129.138.12.150
check software interlocks U
interlocks []
actuate state mode=None-script, software_lock=False
doing actuation None-script close_channel True
Close U ===>> OK
GetIndicatorState U ===>> False
change switch state (True, True)
update switch state U False args=() kw={} ncanvase=2
11:56:36 -- CLOSE  VALVE-U (Microbone to Turbo)
---------------------------------------- close None (Microbone to Turbo) result=[(True, True)]
action=close, ok=True, locked=[False]
enable laser
enable () {}
set extraction state FusionsCO2 Enabled (False, 'red', 1.5)
enabling laser
Enable ===>> OK
begin interval
BEGIN INTERVAL Interval 1 waiting for 30.0
block started
set extract to 5.0
WaitControl setup for 30.0  
extract (5.0,) {}
GetPosition ===>> 11.96340,3.98780,1.00000
set extraction state FusionsCO2 ON! 5.0(watts) (0.75, 'red', 1.5)
extract sample to 5.0 (watts)
set laser output
SetLaserOutput 5.0,watts ===>> OK
executing pattern triangle.lp
execute_pattern ('triangle.lp',) {}
executing pattern triangle.lp
IsPatterning ===>> OK
IsPatterning ===>> OK
IsPatterning ===>> OK
IsPatterning ===>> OK
IsPatterning ===>> OK
IsPatterning ===>> OK
IsPatterning ===>> OK
IsPatterning ===>> OK
IsPatterning ===>> OK
IsPatterning ===>> OK
IsPatterning ===>> OK
IsPatterning ===>> OK
IsPatterning ===>> OK
IsPatterning ===>> OK
IsPatterning ===>> OK
IsPatterning ===>> OK
IsPatterning ===>> OK
IsPatterning ===>> OK
IsPatterning ===>> OK
IsPatterning ===>> OK
IsPatterning ===>> OK
IsPatterning ===>> OK
IsPatterning ===>> OK
IsPatterning ===>> OK
IsPatterning ===>> OK
IsPatterning ===>> OK
IsPatterning ===>> False
IsPatterning ===>> False
Block completed
COMPLETE INTERVAL waiting for Interval 1 to complete
Join finished
block finished. duration 30.1976799965
Interval 1 finished
end_extract () {}
ending extraction. set laser power to 0
set laser power 0
SetLaserPower 0 ===>> OK
disable () {}
%%%%%%%%%%%%%%%%%%%%%%%%%%%%%%%%%%% disable
set extraction state False (0.75, 'red', 1.5)
disabling laser
Disable ===>> OK
sleep (30.0,) {}
SLEEP 30.0
block started
WaitControl setup for 30.0  
Join finished
block finished. duration 30.0851821899
executed snippet estimated_duration=166.5, duration=77.8042948246
jan_co2.py completed successfully
GetAchievedOutput ===>> No Response
Requested Output= 0.000
Achieved Output=  0.000
GetResponseBlob ===>> No Response
GetOutputBlob ===>> No Response
persistence save...
persistence save - db
AutomatedRunPersister post_extraction_save deprecated
persistence save - dvc
no extraction position for 83
create new session 4989601072
close session 4989601072
Extraction Finished
11:57:37 -- ******* Extraction Finished *******
no overlap. not waiting for min ms pumptime
11:57:37 -- Sending spectrometer configuration
======== Sending configuration ========
SetDeflection CDD,50.0 ===>> OK
SetDeflection H2,0.0 ===>> OK
SetDeflection H1,0.0 ===>> OK
SetDeflection L2,825.0 ===>> OK
SetDeflection L1,400.0 ===>> OK
SetDeflection AX,190.0 ===>> OK
SetZFocus 74.64 ===>> OK
SetZSymmetry -50.72 ===>> OK
SetExtractionLens 26.13 ===>> OK
SetIonRepeller -3.81 ===>> OK
SetElectronEnergy 75.08 ===>> OK
SetYSymmetry -2.81 ===>> OK
SetIonCounterVoltage 1590.0 ===>> OK
send trap current 200.0
GetParameter Trap Current Readback ===>> 198.482695477019
SetParameter Trap Current Set,200.0 ===>> OK
updating mftable name mftable
Using mftable located at /Users/jan/PychronDev/setupfiles/spectrometer/mftables/mftable.csv
============ MFtable ===========
Isotope  H2     H1     AX     L1     L2     CDD    
Ar40     5.8107 5.8793 5.9925 6.1506 6.2312 6.3789
Ar39     5.7100 5.7716 5.8849 6.0367 6.1163 6.2654
Ar36     5.3875 5.4406 5.5483 5.6956 5.7713 5.9165
================================
get initial guess parabolic
get initial guess parabolic
get initial guess parabolic
get initial guess parabolic
get initial guess parabolic
get initial guess parabolic
======== Configuration Finished ========
GetYSymmetry ===>> -2.81
GetZSymmetry ===>> -50.72
GetParameter Trap Current Readback ===>> 197.699505585058
GetHighVoltage ===>> 4499.94659342336
start measurement
do measurement
L#=25317 analysis type=unknown
Measurement Started jan_unknown120_60.py
11:57:37 -- ******* Measurement Started jan_unknown120_60.py *******
state changed from extraction to measurement
setting spec, defl, and gains
GetExtractionLens ===>> 26.13
GetYSymmetry ===>> -2.81
GetZSymmetry ===>> -50.72
GetZFocus ===>> 74.64
GetDeflection H2 ===>> 0
GetDeflection H1 ===>> 0
GetDeflection AX ===>> 190
GetDeflection L1 ===>> 400
GetDeflection L2 ===>> 825
GetDeflection CDD ===>> 50
GetGain H2 ===>> 0.0113
GetGain H1 ===>> 0.1
GetGain AX ===>> 0.097049
GetGain L1 ===>> 0.010355
GetGain L2 ===>> 0.095649
GetGain CDD ===>> 0
pre measurement save
New frame /Users/jan/PychronDev/data/isotopes/01/7cab46-3ee8-4699-83c6-6a0ccf90e6c7.h5
flush and close file /Users/jan/PychronDev/data/isotopes/01/7cab46-3ee8-4699-83c6-6a0ccf90e6c7.h5
testing...
no interpolation path defined
executed snippet estimated_duration=226.132928, duration=0.000221014022827
unknown measurement script
activate_detectors ('H2', 'H1', 'AX', 'L1', 'L2', 'CDD') {}
activate detectors
*************** Set Analysis View Ar/Ar
create graphs
clearing graphs
clear isotope group
setting isotope det=H2, iso=PM41
setting isotope det=H1, iso=Ar40
setting isotope det=AX, iso=Ar39
setting isotope det=L1, iso=Ar38
setting isotope det=L2, iso=Ar37
setting isotope det=CDD, iso=Ar36
setting previous blanks
 - setting Ar40 blank 0.631+/-0.008
 - setting Ar36 blank 0.00625+/-0.00020
 - setting Ar37 blank 0.047+/-0.005
 - setting Ar38 blank 0.0155+/-0.0023
 - setting PM41 blank 0.02+/-0.07
 - setting Ar39 blank 0.027+/-0.009
load analysis view
position_magnet ('Ar40',) {'detector': 'H1'}
detector Detector(H1)
POSITION Ar40 H1
setting detector H2 to PM41 (40.9624)
setting detector H1 to Ar40 (39.9624)
setting detector AX to Ar39 (38.9624)
setting detector L1 to Ar38 (37.9624)
setting detector L2 to Ar37 (36.9624)
setting detector CDD to Ar36 (35.9624)
Mapping mass to dac mass func: "parabolic"
H1 map mass coeffs = [-0.00063987  0.15840543  0.57093999]
H1 map mass to dac 39.9624 >> 5.87933
GetDeflection H1 ===>> 0
GetHighVoltage ===>> 4499.94659342336
positioning Ar40 (5.87929537718) on H1
setting magnet DAC
current  : 5.879292
requested: 5.879295
Delta Dac: 0.000004
Checking detector protection. dv=0.00000
Checking detector "CDD". Protection Threshold: 0.1 (V)
SetMagnetDAC 5.87929537718 ===>> OK
Magnet settling time: 0.500
equilibrate () {'delay': 3, 'inlet': 'R', 'outlet': 'O', 'eqtime': 12.0}
Equilibration Started
11:57:39 -- ******* Equilibration Started *******
checking ownership. requestor=129.138.12.150
check software interlocks O
interlocks []
actuate state mode=None-script, software_lock=False
doing actuation None-script close_channel True
Close O ===>> OK
GetIndicatorState O ===>> False
change switch state (True, True)
update switch state O False args=() kw={} ncanvase=2
11:57:39 -- CLOSE  VALVE-O (Jan Ion Pump)
waiting 3s before opening inlet value ('R',)
update labels <pychron.experiment.plot_panel.PlotPanel object at 0x1dd9a5a10>
update labels "<pychron.graph.stacked_regression_graph.StackedRegressionGraph object at 0x1e63615f0>"
setting label 0 H2 PM41
setting label 1 H1 Ar40
setting label 2 AX Ar39
setting label 3 L1 Ar38
setting label 4 L2 Ar37
setting label 5 CDD Ar36
update labels "<pychron.graph.stacked_graph.StackedGraph object at 0x1dff7b050>"
setting label 0 H2 PM41
setting label 1 H1 Ar40
setting label 2 AX Ar39
setting label 3 L1 Ar38
setting label 4 L2 Ar37
setting label 5 CDD Ar36
checking ownership. requestor=129.138.12.150
check software interlocks R
interlocks []
actuate state mode=None-script, software_lock=False
doing actuation None-script open_channel True
Open R ===>> OK
GetIndicatorState R ===>> OK
change switch state (True, True)
update switch state R True args=() kw={} ncanvase=2
11:57:43 -- OPEN   VALVE-R (Jan Inlet)
equilibrating for 12.0sec
set_time_zero () {}
sniff (12.0,) {}
py_sniff
build tables- sniff [Detector(H2), Detector(H1), Detector(AX), Detector(L1), Detector(L2), Detector(CDD)]
add group /sniff/PM41 (Group) '' table H2
add group /sniff/Ar40 (Group) '' table H1
add group /sniff/Ar39 (Group) '' table AX
add group /sniff/Ar38 (Group) '' table L1
add group /sniff/Ar37 (Group) '' table L2
add group /sniff/Ar36 (Group) '' table CDD
flush and close file /Users/jan/PychronDev/data/isotopes/01/7cab46-3ee8-4699-83c6-6a0ccf90e6c7.h5
measuring sniff. ncounts=12.0
"sniff" increment series count="1" fit count="0" regressing="False"
starting measurement
GetData ===>> H2,-0.135435719668156,H1,-0.0155801031700651,AX,-0.0501484481677162,L1,-0.0328874215518396,L2,0.0...
GetData ===>> H2,0.472296943949802,H1,298.472629761555,AX,39.7292571137621,L1,0.188848547960773,L2,0.3110684805...
GetData ===>> H2,0.882661195529389,H1,860.895280751802,AX,109.499625618227,L1,0.762025632149657,L2,0.4567504282...
GetData ===>> H2,0.425123027030124,H1,1058.71567043434,AX,130.884157305871,L1,1.20429496164141,L2,0.22942249108...
GetData ===>> H2,0.040948999697338,H1,1125.57100910633,AX,137.331540075516,L1,1.44263639980513,L2,0.36611767292...
GetData ===>> H2,0.113190392587864,H1,1150.82090319366,AX,139.902392785881,L1,1.60776801441853,L2,0.31926334946...
GetData ===>> H2,-0.0782933894267259,H1,1160.80270004836,AX,140.891904928509,L1,1.69985852733235,L2,0.249079613...
GetData ===>> H2,-0.0528448426154157,H1,1165.41913173278,AX,141.227974998559,L1,1.77900382823122,L2,0.260522324...
GetData ===>> H2,0.0377479320085625,H1,1167.81698864259,AX,141.437065114774,L1,1.79493267999438,L2,0.1870740786...
GetData ===>> H2,0.0335670442655887,H1,1168.51810690857,AX,141.501996465197,L1,1.81732852552613,L2,0.3259065013...
GetData ===>> H2,0.0200530691992918,H1,1168.29491070094,AX,141.597119844519,L1,1.82229585459814,L2,0.2027628315...
Equilibration Finished
11:57:55 -- ******* Equilibration Finished *******
GetData ===>> H2,-0.0235134343671707,H1,1168.37119681859,AX,141.327725801656,L1,1.79371461888864,L2,0.416182578...
checking ownership. requestor=129.138.12.150
check software interlocks R
interlocks []
actuate state mode=None-script, software_lock=False
doing actuation None-script close_channel True
Close R ===>> OK
measurement finished
estimated time: 12.583 actual time: :12.678
flush and close file /Users/jan/PychronDev/data/isotopes/01/7cab46-3ee8-4699-83c6-6a0ccf90e6c7.h5
set_fits () {}
using default fits file=/Users/jan/PychronDev/scripts/measurement/fits/nominal_linear.yaml
GetIndicatorState R ===>> False
change switch state (True, True)
update switch state R False args=() kw={} ncanvase=2
set "Ar40" to "('Linear', 'SEM')"
No fit for "PM41". defaulting to linear. check the measurement script "jan_unknown120_60.py"
set "PM41" to "linear"
set "Ar36" to "('Linear', 'SEM')"
set "Ar37" to "('linear', 'SEM')"
set "Ar38" to "('linear', 'SEM')"
11:57:56 -- CLOSE  VALVE-R (Jan Inlet)
set "Ar39" to "('Linear', 'SEM')"
set_baseline_fits () {}
Post Equilibration Started jan_pump_extraction_line.py
using default fits file=/Users/jan/PychronDev/scripts/measurement/fits/nominal_linear.yaml
11:57:56 -- ******* Post Equilibration Started jan_pump_extraction_line.py *******
testing...
set "H1" to "('average', 'SEM')"
no interpolation path defined
set "H2" to "('average', 'SEM')"
set "CDD" to "('average', 'SEM')"
calculate duration
set "L2" to "('average', 'SEM')"
testing...
set "L1" to "('average', 'SEM')"
no interpolation path defined
set "AX" to "('average', 'SEM')"
executed snippet estimated_duration=4.0, duration=0.000210046768188
multicollect () {'integration_time': 1, 'ncounts': 120}
build tables- signal [Detector(H2), Detector(H1), Detector(AX), Detector(L1), Detector(L2), Detector(CDD)]
executed snippet estimated_duration=4.0, duration=0.0030038356781
Pump after analysis
add group /signal/PM41 (Group) '' table H2
add group /signal/Ar40 (Group) '' table H1
doing GOSUB
add group /signal/Ar39 (Group) '' table AX
testing...
add group /signal/Ar38 (Group) '' table L1
no interpolation path defined
add group /signal/Ar37 (Group) '' table L2
executed snippet estimated_duration=4.0, duration=0.000231027603149
add group /signal/Ar36 (Group) '' table CDD
Pump Microbone
flush and close file /Users/jan/PychronDev/data/isotopes/01/7cab46-3ee8-4699-83c6-6a0ccf90e6c7.h5
close () {'description': 'Jan Inlet'}
measuring signal. ncounts=120
closing name=--- desc=Jan Inlet
checking ownership. requestor=129.138.12.150
check software interlocks R
interlocks []
actuate state mode=None-script, software_lock=False
doing actuation None-script close_channel False
Close R ===>> OK
GetIndicatorState R ===>> False
change switch state (True, True)
update switch state R False args=() kw={} ncanvase=2
11:57:56 -- CLOSE  VALVE-R (Jan Inlet)
---------------------------------------- close None (Jan Inlet) result=[(True, True)]
starting measurement
GetData ===>> H2,-0.0845876094102157,H1,1168.4970627658,AX,141.41148615708,L1,1.82827726356902,L2,0.30097993899...
"signal" increment series count="2" fit count="1" regressing="True"
action=close, ok=True, locked=[False]
is_closed ('F',) {}
is F () closed?
is closed True
open () {'description': 'CO2 Laser to Jan'}
opening name=--- desc=CO2 Laser to Jan
checking ownership. requestor=129.138.12.150
check software interlocks A
interlocks []
actuate state mode=None-script, software_lock=False
doing actuation None-script open_channel False
Open A ===>> OK
GetIndicatorState A ===>> OK
change switch state (True, True)
update switch state A True args=() kw={} ncanvase=2
11:57:57 -- OPEN   VALVE-A (CO2 Laser to Jan)
---------------------------------------- open None (CO2 Laser to Jan) result=[(True, True)], time=0.13 sec
action=open, ok=True, locked=[False]
sleep (1,) {}
SLEEP 1.0
GetData ===>> H2,0.14888695257447,H1,1168.73190401719,AX,141.380624328669,L1,1.82801946727677,L2,0.297739049288...
close () {'description': 'CO2 Laser to Roughing'}
closing name=--- desc=CO2 Laser to Roughing
checking ownership. requestor=129.138.12.150
check software interlocks G
interlocks []
actuate state mode=None-script, software_lock=True
VALVE-G(CO2 Laser to Roughing) software locked
change switch state (True, False)
---------------------------------------- close None (CO2 Laser to Roughing) result=[(True, False)]
action=close, ok=True, locked=[True]
open () {'description': 'Microbone to Turbo'}
opening name=--- desc=Microbone to Turbo
checking ownership. requestor=129.138.12.150
check software interlocks U
interlocks []
actuate state mode=None-script, software_lock=False
doing actuation None-script open_channel True
Open U ===>> OK
GetIndicatorState U ===>> OK
change switch state (True, True)
update switch state U True args=() kw={} ncanvase=2
11:57:58 -- OPEN   VALVE-U (Microbone to Turbo)
---------------------------------------- open None (Microbone to Turbo) result=[(True, True)], time=0.14 sec
action=open, ok=True, locked=[False]
open () {'description': 'Microbone to Getter NP-10'}
opening name=--- desc=Microbone to Getter NP-10
checking ownership. requestor=129.138.12.150
check software interlocks M
interlocks []
actuate state mode=None-script, software_lock=False
doing actuation None-script open_channel False
Open M ===>> OK
GetIndicatorState M ===>> OK
change switch state (True, True)
update switch state M True args=() kw={} ncanvase=2
11:57:59 -- OPEN   VALVE-M (Microbone to Getter NP-10)
---------------------------------------- open None (Microbone to Getter NP-10) result=[(True, True)], time=0.15 sec
GetData ===>> H2,0.0347943147853245,H1,1167.63409719129,AX,141.300742355544,L1,1.84562283808011,L2,0.3351871392...
action=open, ok=True, locked=[False]
open () {'description': 'Microbone to Getter D-50'}
opening name=--- desc=Microbone to Getter D-50
checking ownership. requestor=129.138.12.150
check software interlocks K
interlocks []
actuate state mode=None-script, software_lock=False
doing actuation None-script open_channel False
Open K ===>> OK
GetIndicatorState K ===>> OK
change switch state (True, True)
update switch state K True args=() kw={} ncanvase=2
11:57:59 -- OPEN   VALVE-K (Microbone to Getter D-50)
---------------------------------------- open None (Microbone to Getter D-50) result=[(True, True)], time=0.42 sec
action=open, ok=True, locked=[False]
open () {'description': 'Microbone to CO2 Laser'}
opening name=--- desc=Microbone to CO2 Laser
checking ownership. requestor=129.138.12.150
check software interlocks T
interlocks []
actuate state mode=None-script, software_lock=False
doing actuation None-script open_channel False
GetData ===>> H2,-0.0702369636337069,H1,1167.39773393289,AX,141.486234583511,L1,1.8302730994867,L2,0.3216831383...
Open T ===>> OK
GetIndicatorState T ===>> OK
change switch state (True, True)
update switch state T True args=() kw={} ncanvase=2
11:58:00 -- OPEN   VALVE-T (Microbone to CO2 Laser)
---------------------------------------- open None (Microbone to CO2 Laser) result=[(True, True)], time=0.40 sec
action=open, ok=True, locked=[False]
open () {'description': 'Microbone to Inlet Pipette'}
opening name=--- desc=Microbone to Inlet Pipette
checking ownership. requestor=129.138.12.150
check software interlocks S
interlocks []
actuate state mode=None-script, software_lock=False
doing actuation None-script open_channel False
Open S ===>> OK
GetIndicatorState S ===>> OK
change switch state (True, True)
update switch state S True args=() kw={} ncanvase=2
11:58:01 -- OPEN   VALVE-S (Microbone to Inlet Pipette)
---------------------------------------- open None (Microbone to Inlet Pipette) result=[(True, True)], time=0.42 sec
testing H1>-5.0
evaluate ot="H1.bs>-5.0" t="H1>-5.0", ctx="{'H1': None}"
GetData ===>> H2,-0.0651342977972496,H1,1167.24247253434,AX,141.335713572901,L1,1.8479631935142,L2,0.1967836872...
action=open, ok=True, locked=[False]
sleep (1,) {}
SLEEP 1.0
GetData ===>> H2,-0.101805816933373,H1,1166.75227885579,AX,141.169372110989,L1,1.87760375477544,L2,0.2106367017...
set_resource () {'name': 'CO2PumpTimeFlag', 'value': 30}
Set CO2PumpTimeFlag 30 ===>> OK
release ('JanCO2Flag',) {}
release JanCO2Flag
Set JanCO2Flag 0 ===>> OK
executed snippet estimated_duration=6.0, duration=5.91145396233
PumpMicrobone.py completed successfully
gosub finished
get_resource_value () {'name': 'JanMiniboneFlag'}
Read JanMiniboneFlag ===>> 0
Get Resource Value JanMiniboneFlag=0.0
get resource value 0.0
get_resource_value () {'name': 'JanMiniboneFlag'}
Read JanMiniboneFlag ===>> 0
Get Resource Value JanMiniboneFlag=0.0
executed snippet estimated_duration=4.0, duration=5.93949890137
jan_pump_extraction_line.py completed successfully
Post Equilibration Finished
11:58:02 -- ******* Post Equilibration Finished *******
GetData ===>> H2,-0.189933865369577,H1,1165.71811869668,AX,141.046642943471,L1,1.8738398364295,L2,0.31139945752...
GetData ===>> H2,-0.0963304670209228,H1,1165.30421207272,AX,141.173454436357,L1,1.83821946665666,L2,0.249581938...
GetData ===>> H2,-0.134682531636395,H1,1165.28272782351,AX,141.258645588866,L1,1.80376255823104,L2,0.1342076512...
testing H1>-5.0
evaluate ot="H1.bs>-5.0" t="H1>-5.0", ctx="{'H1': None}"
GetData ===>> H2,-0.181653924538706,H1,1164.69904738838,AX,141.133956100626,L1,1.82758109661083,L2,0.2391021491...
GetData ===>> H2,-0.128595239568476,H1,1164.23612916346,AX,140.851689461042,L1,1.85355220136573,L2,0.2948063668...
GetData ===>> H2,-0.0838033927450145,H1,1163.32867163419,AX,140.891364925518,L1,1.82021152415485,L2,0.260761870...
GetData ===>> H2,-0.152359161277846,H1,1163.37254098644,AX,140.968771592621,L1,1.8151553261672,L2,0.23572328944...
GetData ===>> H2,-0.174498006230387,H1,1163.43479237886,AX,140.862387314134,L1,1.79141609313994,L2,0.2742572860...
testing H1>-5.0
evaluate ot="H1.bs>-5.0" t="H1>-5.0", ctx="{'H1': None}"
GetData ===>> H2,-0.171208298754391,H1,1162.70587324031,AX,140.543098392871,L1,1.82315387935871,L2,0.3346391799...
GetData ===>> H2,-0.199397580297976,H1,1162.0205988659,AX,140.446180413,L1,1.81101814728348,L2,0.24115691947386...
GetData ===>> H2,-0.12706500123254,H1,1161.43533089876,AX,140.661103838729,L1,1.7969430380596,L2,0.328908626527...
GetData ===>> H2,-0.192616567002344,H1,1161.05808609082,AX,140.583025865699,L1,1.83145375804257,L2,0.2394560231...
GetData ===>> H2,-0.141612138317971,H1,1160.92771252304,AX,140.672394988673,L1,1.81531362417614,L2,0.2823120916...
testing H1>-5.0
evaluate ot="H1.bs>-5.0" t="H1>-5.0", ctx="{'H1': None}"
GetData ===>> H2,-0.134629793078833,H1,1160.08869419164,AX,140.516985745954,L1,1.7843092620314,L2,0.25084918040...
GetData ===>> H2,-0.0938884552934044,H1,1160.01637682066,AX,140.491975762674,L1,1.76414187603651,L2,0.336100411...
GetData ===>> H2,-0.132852766087297,H1,1159.55373296084,AX,140.482827675556,L1,1.78979735249423,L2,0.3031139649...
GetData ===>> H2,-0.123733450964741,H1,1159.41520639209,AX,140.323869803735,L1,1.74929137798461,L2,0.3027944286...
GetData ===>> H2,-0.1863118835642,H1,1158.6925121387,AX,140.343197549521,L1,1.81723300561897,L2,0.2425153751515...
testing H1>-5.0
evaluate ot="H1.bs>-5.0" t="H1>-5.0", ctx="{'H1': None}"
11:58:22 -- collecting point 25
GetData ===>> H2,-0.224526810553549,H1,1157.98394156338,AX,140.135412354342,L1,1.79075236750777,L2,0.3128260953...
GetData ===>> H2,-0.081240428472759,H1,1157.76933518806,AX,140.292726476096,L1,1.78859031161988,L2,0.3364885551...
GetData ===>> H2,-0.0615255955844646,H1,1156.90669848538,AX,140.066784337277,L1,1.78575742269883,L2,0.241773359...
GetData ===>> H2,-0.0970779996537232,H1,1156.19000861511,AX,139.999679785458,L1,1.77682385816714,L2,0.180377190...
GetData ===>> H2,-0.18751349594565,H1,1156.12622868791,AX,140.023666821929,L1,1.80089293529012,L2,0.34887572309...
testing H1>-5.0
evaluate ot="H1.bs>-5.0" t="H1>-5.0", ctx="{'H1': None}"
GetData ===>> H2,-0.194463082505492,H1,1156.07301002286,AX,139.955494378584,L1,1.78866607434641,L2,0.3847447480...
GetData ===>> H2,-0.193058679899533,H1,1155.77123495831,AX,139.924744049636,L1,1.78236541071531,L2,0.2990970143...
GetData ===>> H2,-0.206815430897308,H1,1154.8187992767,AX,139.785238761225,L1,1.77417033966963,L2,0.25468525777...
GetData ===>> H2,-0.180954997899603,H1,1154.46845559953,AX,139.898405363159,L1,1.741048017007,L2,0.201735852685...
GetData ===>> H2,-0.0708336302701417,H1,1153.97596098066,AX,139.695717326367,L1,1.73162464349634,L2,0.233543074...
testing H1>-5.0
evaluate ot="H1.bs>-5.0" t="H1>-5.0", ctx="{'H1': None}"
GetData ===>> H2,-0.0434895890340742,H1,1153.53293932101,AX,139.840199812803,L1,1.79056945805608,L2,0.247663982...
GetData ===>> H2,-0.144791635078513,H1,1152.96989165999,AX,139.840538622125,L1,1.78097518706948,L2,0.2615831772...
GetData ===>> H2,-0.179129219566398,H1,1152.44924207322,AX,139.488331914261,L1,1.7633983291214,L2,0.26404713907...
GetData ===>> H2,-0.149269524516476,H1,1151.83370071306,AX,139.608253402391,L1,1.78004106628191,L2,0.2952285762...
GetData ===>> H2,-0.1731900985901,H1,1151.19443902666,AX,139.337628816244,L1,1.79609597621777,L2,0.303718804498...
testing H1>-5.0
evaluate ot="H1.bs>-5.0" t="H1>-5.0", ctx="{'H1': None}"
GetData ===>> H2,-0.17648921461942,H1,1150.575203848,AX,139.42663940624,L1,1.78469315614367,L2,0.27833024049154...
GetData ===>> H2,-0.140218716272408,H1,1150.38736829595,AX,139.275920624893,L1,1.78334044619112,L2,0.2611268949...
GetData ===>> H2,-0.264812730177231,H1,1150.32441951773,AX,139.414014575213,L1,1.79140956021158,L2,0.1726541035...
GetData ===>> H2,-0.223297210170449,H1,1150.09651274125,AX,139.35544306406,L1,1.78879931351466,L2,0.22799573742...
GetData ===>> H2,0.00419323074430762,H1,1149.95970742884,AX,139.314323881824,L1,1.79028072863099,L2,0.308432118...
testing H1>-5.0
evaluate ot="H1.bs>-5.0" t="H1>-5.0", ctx="{'H1': None}"
GetData ===>> H2,-0.071847891745297,H1,1149.01990178031,AX,139.211329042796,L1,1.75622259775726,L2,0.3132255577...
GetData ===>> H2,-0.182854682310334,H1,1148.21720114029,AX,139.270648328372,L1,1.76190362592254,L2,0.3725128270...
GetData ===>> H2,-0.0572484392365009,H1,1147.94403724226,AX,139.454030403156,L1,1.73711291152739,L2,0.196692405...
GetData ===>> H2,-0.0376026326342084,H1,1147.45824175634,AX,139.067381329915,L1,1.72392147410609,L2,0.247778145...
GetData ===>> H2,-0.0431178426828376,H1,1146.90798773718,AX,139.154725696014,L1,1.73230091625757,L2,0.293083315...
testing H1>-5.0
evaluate ot="H1.bs>-5.0" t="H1>-5.0", ctx="{'H1': None}"
11:58:48 -- collecting point 50
GetData ===>> H2,-0.102110376888305,H1,1146.15671360172,AX,139.176230717396,L1,1.75033195483823,L2,0.2552903673...
GetData ===>> H2,-0.0849790202918495,H1,1146.28532583103,AX,139.072530833767,L1,1.75377777878352,L2,0.366905624...
GetData ===>> H2,-0.0729474768307121,H1,1145.85181932382,AX,139.083168342948,L1,1.77183728912631,L2,0.302783016...
GetData ===>> H2,-0.17117052112161,H1,1145.21621936779,AX,138.874557718228,L1,1.76209030286366,L2,0.24801788851...
GetData ===>> H2,-0.122844962548045,H1,1145.37671456131,AX,138.933174898073,L1,1.7696052324052,L2,0.22408083457...
testing H1>-5.0
evaluate ot="H1.bs>-5.0" t="H1>-5.0", ctx="{'H1': None}"
GetData ===>> H2,-0.0940767377597381,H1,1144.75852134665,AX,138.892670532838,L1,1.76592268043629,L2,0.222277522...
GetData ===>> H2,-0.102753309984736,H1,1143.76455000276,AX,138.543931281828,L1,1.75725730936851,L2,0.3857612898...
GetData ===>> H2,-0.109279106457271,H1,1143.62621424263,AX,138.333335615385,L1,1.75300687386415,L2,0.2324016212...
GetData ===>> H2,-0.0683857418763515,H1,1142.81994254451,AX,138.425273107274,L1,1.79977097279474,L2,0.247116002...
GetData ===>> H2,-0.0776686545537881,H1,1142.49556744175,AX,138.533151644289,L1,1.77470569274116,L2,0.331328659...
testing H1>-5.0
evaluate ot="H1.bs>-5.0" t="H1>-5.0", ctx="{'H1': None}"
GetData ===>> H2,-0.13060099923105,H1,1142.27635894531,AX,138.475241869592,L1,1.80732438764316,L2,0.16592400414...
GetData ===>> H2,-0.10510275183437,H1,1142.07691923321,AX,138.573156938385,L1,1.77009859526687,L2,0.24848595922...
GetData ===>> H2,-0.263063448425634,H1,1141.49068999448,AX,138.289579972573,L1,1.76928416692191,L2,0.2843886528...
GetData ===>> H2,-0.214231112669591,H1,1140.97337412291,AX,138.117782762614,L1,1.7777838275003,L2,0.25540453938...
GetData ===>> H2,-0.112313040269392,H1,1140.44658684902,AX,138.259538282117,L1,1.76177569531098,L2,0.3317510294...
testing H1>-5.0
evaluate ot="H1.bs>-5.0" t="H1>-5.0", ctx="{'H1': None}"
GetData ===>> H2,-0.108294561615182,H1,1139.98101240572,AX,138.126728560895,L1,1.77578170095298,L2,0.2321505032...
GetData ===>> H2,-0.0747464454294332,H1,1139.93652390527,AX,138.298430804215,L1,1.74466996089563,L2,0.250369681...
GetData ===>> H2,-0.133895484616577,H1,1139.38945511951,AX,138.197805143024,L1,1.80805781054772,L2,0.2566832755...
GetData ===>> H2,-0.24263852860315,H1,1138.82289329119,AX,138.150172016056,L1,1.75950713332402,L2,0.36735099086...
GetData ===>> H2,-0.180708069487454,H1,1138.07366487766,AX,138.15086598956,L1,1.70525765420675,L2,0.34116923223...
testing H1>-5.0
evaluate ot="H1.bs>-5.0" t="H1>-5.0", ctx="{'H1': None}"
GetData ===>> H2,-0.0838304823054282,H1,1137.46754591751,AX,138.053034284165,L1,1.69544583793978,L2,0.258224632...
GetData ===>> H2,-0.0263413636428611,H1,1137.33111743353,AX,138.179876670978,L1,1.69729996526064,L2,0.287743192...
GetData ===>> H2,-0.0337238304350914,H1,1137.35638837603,AX,137.997487681525,L1,1.74528386468898,L2,0.139167984...
GetData ===>> H2,-0.0432128155321765,H1,1137.04069176123,AX,137.9608830558,L1,1.74788193226549,L2,0.24195600871...
GetData ===>> H2,-0.0152170027941739,H1,1136.32039475554,AX,137.906266112574,L1,1.77404760387066,L2,0.289420506...
testing H1>-5.0
evaluate ot="H1.bs>-5.0" t="H1>-5.0", ctx="{'H1': None}"
11:59:15 -- collecting point 75
GetData ===>> H2,-0.00705719978743173,H1,1135.88537356657,AX,137.780788606609,L1,1.77902342249881,L2,0.26691043...
GetData ===>> H2,0.0654146534883216,H1,1135.99773809769,AX,137.621099114696,L1,1.75398388438893,L2,0.3195715267...
GetData ===>> H2,0.0714337330715714,H1,1135.39030867408,AX,137.423848289055,L1,1.7412879764457,L2,0.23296093188...
GetData ===>> H2,-0.0645270530818624,H1,1134.73612133251,AX,137.752826484593,L1,1.741807037149,L2,0.25357780299...
GetData ===>> H2,-0.16808312300185,H1,1134.20011919395,AX,137.688029159063,L1,1.72146482415949,L2,0.27479349142...
testing H1>-5.0
evaluate ot="H1.bs>-5.0" t="H1>-5.0", ctx="{'H1': None}"
GetData ===>> H2,-0.0409400336892648,H1,1133.76600081811,AX,137.612625872047,L1,1.71224378796176,L2,0.271325322...
GetData ===>> H2,-0.0534323586082157,H1,1132.94555180383,AX,137.497188879391,L1,1.72941499557357,L2,0.286887431...
GetData ===>> H2,-0.046796957903337,H1,1132.87253552327,AX,137.432296835816,L1,1.76610534341331,L2,0.2827912940...
GetData ===>> H2,-0.00767452037554588,H1,1132.69278642582,AX,137.180764373105,L1,1.74203657938303,L2,0.23357731...
GetData ===>> H2,-0.0854340692923038,H1,1131.91270679497,AX,137.468094159669,L1,1.6891298563529,L2,0.2156694709...
testing H1>-5.0
evaluate ot="H1.bs>-5.0" t="H1>-5.0", ctx="{'H1': None}"
GetData ===>> H2,-0.0902251311817958,H1,1131.58065407657,AX,137.48705462983,L1,1.72326305107566,L2,0.3440462496...
GetData ===>> H2,-0.14677347123832,H1,1130.80144258176,AX,137.199258211896,L1,1.72330735895104,L2,0.21274792193...
GetData ===>> H2,-0.13886162086585,H1,1130.34856220326,AX,137.14372355622,L1,1.72867767705066,L2,0.214208685321...
GetData ===>> H2,-0.155676473247243,H1,1129.774938398,AX,137.157605477662,L1,1.71102011099441,L2,0.225964076902...
GetData ===>> H2,-0.182597002329694,H1,1129.58135293737,AX,137.451193853401,L1,1.72925345864073,L2,0.2739720716...
testing H1>-5.0
evaluate ot="H1.bs>-5.0" t="H1>-5.0", ctx="{'H1': None}"
GetData ===>> H2,-0.110350078810871,H1,1129.58650484609,AX,137.106137459856,L1,1.74278001626402,L2,0.2531439582...
GetData ===>> H2,-0.0433389925215038,H1,1129.19735397237,AX,136.980832702361,L1,1.73761352230506,L2,0.221535662...
GetData ===>> H2,-0.130361786408284,H1,1128.52117500375,AX,137.033362089543,L1,1.74539205088018,L2,0.3551327078...
GetData ===>> H2,-0.144618697702682,H1,1128.25335735771,AX,136.903567194196,L1,1.75213298639587,L2,0.3722501605...
GetData ===>> H2,-0.0930946546316152,H1,1128.01924104806,AX,136.856395632419,L1,1.8002064061524,L2,0.1796128393...
testing H1>-5.0
evaluate ot="H1.bs>-5.0" t="H1>-5.0", ctx="{'H1': None}"
GetData ===>> H2,-0.00699057067843436,H1,1127.42996963495,AX,136.633065887433,L1,1.77391703538099,L2,0.30225806...
GetData ===>> H2,-0.129291348621115,H1,1126.47706113185,AX,136.670142719204,L1,1.71374232801673,L2,0.3322076482...
GetData ===>> H2,-0.129710345134785,H1,1126.52909232852,AX,136.829596989378,L1,1.7155366801974,L2,0.21068234923...
GetData ===>> H2,-0.17223094537182,H1,1125.83715700389,AX,136.64554596431,L1,1.74615199125752,L2,0.248177717284...
GetData ===>> H2,-0.0462362529614465,H1,1125.73463270525,AX,136.616874783836,L1,1.73241428399235,L2,0.223841151...
testing H1>-5.0
evaluate ot="H1.bs>-5.0" t="H1>-5.0", ctx="{'H1': None}"
11:59:41 -- collecting point 100
GetData ===>> H2,-0.233640266554281,H1,1125.43400172069,AX,136.309038059227,L1,1.72519367289777,L2,0.3054078105...
GetData ===>> H2,-0.196843409311784,H1,1124.60819450896,AX,136.605719639363,L1,1.74830957098957,L2,0.2629862588...
GetData ===>> H2,-0.0997494852178503,H1,1123.74853059497,AX,136.47653266103,L1,1.75679017650777,L2,0.2946466123...
GetData ===>> H2,-0.0779478244862469,H1,1123.71262953791,AX,136.541902965477,L1,1.76534209334547,L2,0.289808461...
GetData ===>> H2,-0.0912101720139099,H1,1123.86863575465,AX,136.535765385923,L1,1.72605056984775,L2,0.191192840...
testing H1>-5.0
evaluate ot="H1.bs>-5.0" t="H1>-5.0", ctx="{'H1': None}"
GetData ===>> H2,-0.0305690391966255,H1,1123.31503853498,AX,136.411369909487,L1,1.7177324930674,L2,0.3129402273...
GetData ===>> H2,-0.0987909098312658,H1,1122.48139321884,AX,136.32096825684,L1,1.72963906688279,L2,0.2444560595...
GetData ===>> H2,-0.115256846433393,H1,1121.95838971618,AX,136.153765903441,L1,1.75677451876828,L2,0.2930490826...
GetData ===>> H2,-0.246307987550079,H1,1121.93931897642,AX,136.08094622904,L1,1.74568272510085,L2,0.21448258093...
GetData ===>> H2,-0.330827986393149,H1,1121.41228832436,AX,135.989500900893,L1,1.75042715039172,L2,0.2937565568...
testing H1>-5.0
evaluate ot="H1.bs>-5.0" t="H1>-5.0", ctx="{'H1': None}"
GetData ===>> H2,-0.207522858315924,H1,1120.42080049285,AX,136.14294483832,L1,1.7681278870949,L2,0.295639376459...
GetData ===>> H2,-0.125963155943033,H1,1120.21188964342,AX,136.04195753222,L1,1.77442626128942,L2,0.28315640230...
GetData ===>> H2,-0.0816766608570339,H1,1120.51084996743,AX,135.939660845785,L1,1.77104231152343,L2,0.368618584...
GetData ===>> H2,-0.0728552838893492,H1,1120.18709961968,AX,135.893390411911,L1,1.74506097843787,L2,0.267686161...
GetData ===>> H2,-0.0993216564772648,H1,1119.36812465332,AX,136.09376049724,L1,1.73090020500679,L2,0.3064691607...
testing H1>-5.0
evaluate ot="H1.bs>-5.0" t="H1>-5.0", ctx="{'H1': None}"
GetData ===>> H2,-0.116212235109805,H1,1118.84864617697,AX,135.967750665444,L1,1.70627510287133,L2,0.2267173842...
GetData ===>> H2,0.0336079057581953,H1,1118.42247911373,AX,135.948032137097,L1,1.66193250507168,L2,0.2004122073...
GetData ===>> H2,-0.0523088604759017,H1,1117.13291342194,AX,135.542081416054,L1,1.69536387326253,L2,0.173247287...
GetData ===>> H2,-0.0523088604759017,H1,1117.13291342194,AX,135.542081416054,L1,1.69536387326253,L2,0.173247287...
GetData ===>> H2,-0.079415386726894,H1,1116.75342707686,AX,135.778684790143,L1,1.74410170697598,L2,0.2108649395...
testing H1>-5.0
evaluate ot="H1.bs>-5.0" t="H1>-5.0", ctx="{'H1': None}"
GetData ===>> H2,-0.12140321845599,H1,1116.34051230624,AX,135.683391351089,L1,1.72466888923441,L2,0.34693477071...
measurement finished
estimated time: 125.829 actual time: :126.684
flush and close file /Users/jan/PychronDev/data/isotopes/01/7cab46-3ee8-4699-83c6-6a0ccf90e6c7.h5
baselines () {'settling_time': 15.0, 'detector': 'H1', 'mass': 34.2, 'ncounts': 60}
%%%%%%%%%%%%%%%%%%%%%%%%%%%%%%%% Baseline
build tables- baseline [Detector(H2), Detector(H1), Detector(AX), Detector(L1), Detector(L2), Detector(CDD)]
add group baseline table H2
add group baseline table H1
add group baseline table AX
add group baseline table L1
add group baseline table L2
add group baseline table CDD
flush and close file /Users/jan/PychronDev/data/isotopes/01/7cab46-3ee8-4699-83c6-6a0ccf90e6c7.h5
detector Detector(H1)
POSITION 34.2 H1
Mapping mass to dac mass func: "parabolic"
H1 map mass coeffs = [-0.00063987  0.15840543  0.57093999]
H1 map mass to dac 34.2 >> 5.23998599104
GetDeflection H1 ===>> 0
GetHighVoltage ===>> 4499.94659342336
positioning 34.2 (5.23995513326) on H1
setting magnet DAC
current  : 5.879295
requested: 5.239955
Delta Dac: 0.639340
Checking detector protection. dv=0.63934
Checking detector "CDD". Protection Threshold: 0.1 (V)
ProtectDetector CDD,On ===>> OK
GetDeflection CDD ===>> 2000
Protected = 2000
SetMagnetDAC 5.23995513326 ===>> OK
Magnet settling time: 0.500
GetMagnetMoving ===>> True
GetMagnetMoving ===>> True
GetMagnetMoving ===>> True
GetMagnetMoving ===>> True
GetMagnetMoving ===>> True
GetMagnetMoving ===>> True
GetMagnetMoving ===>> True
GetMagnetMoving ===>> False
ProtectDetector CDD,Off ===>> OK
GetDeflection CDD ===>> 50
Delaying 15.0s for detectors to settle
Join finished
measuring baseline. ncounts=60
"baseline" increment series count="2" fit count="1" regressing="True"
starting measurement
GetData ===>> H2,-0.110940356685766,H1,-0.12497186444913,AX,-0.00782980700648637,L1,-0.0622409769106335,L2,-0.0...
GetData ===>> H2,-0.227028694833003,H1,-0.0477413175022033,AX,-0.151174159478046,L1,-0.0607981690357161,L2,-0.0...
GetData ===>> H2,-0.217992099203388,H1,0.0557671425939656,AX,-0.16493501644351,L1,-0.0619885603154254,L2,0.0011...
GetData ===>> H2,-0.173280478742498,H1,-0.070809460035348,AX,-0.162384709732023,L1,-0.0655146399205349,L2,-0.03...
testing H1>-5.0
evaluate ot="H1.bs>-5.0" t="H1>-5.0", ctx="{'H1': None}"
GetData ===>> H2,-0.30361064504039,H1,-0.0742066441763221,AX,-0.0750624935449594,L1,-0.0530949855462348,L2,-0.0...
GetData ===>> H2,-0.217744161103633,H1,-0.0431032039340582,AX,-0.0747726972059772,L1,-0.0381159481021908,L2,-0....
GetData ===>> H2,-0.169288225970566,H1,-0.0594727583725028,AX,-0.0633308480207968,L1,-0.033808193594465,L2,-0.0...
GetData ===>> H2,-0.189219269749487,H1,0.0214234420315541,AX,-0.275391827189475,L1,-0.0941622494027611,L2,-0.11...
GetData ===>> H2,-0.155802120158188,H1,-0.0528441863922645,AX,-0.0897134715329704,L1,-0.0453598614997181,L2,-0....
testing H1>-5.0
evaluate ot="H1.bs>-5.0" t="H1>-5.0", ctx="{'H1': None}"
GetData ===>> H2,-0.237613154795472,H1,-0.0208515775874439,AX,-0.0402459812929721,L1,-0.0208509626222963,L2,-0....
GetData ===>> H2,-0.287471896141772,H1,-0.0798087660981882,AX,0.00595178708652265,L1,-0.0106745605819737,L2,0.0...
GetData ===>> H2,-0.251175883288555,H1,-0.0257053820433615,AX,-0.0622178911968719,L1,-0.0311067037512779,L2,-0....
GetData ===>> H2,-0.147936473515047,H1,-0.0498516476377773,AX,-0.15591590460164,L1,-0.00578190783143982,L2,0.01...
GetData ===>> H2,-0.244366431214879,H1,0.0240841208118738,AX,-0.0554703179299784,L1,0.015005005943249,L2,-0.026...
testing H1>-5.0
evaluate ot="H1.bs>-5.0" t="H1>-5.0", ctx="{'H1': None}"
GetData ===>> H2,-0.180803872953378,H1,-0.0091275360042385,AX,-0.030794795087785,L1,-0.00585987314860892,L2,0.0...
GetData ===>> H2,-0.273671948938402,H1,-0.0754820484435868,AX,-0.0839066626827069,L1,-0.00688176271310135,L2,-0...
GetData ===>> H2,-0.192163652953832,H1,0.0392740134416815,AX,-0.204792255950938,L1,-0.0522121614468165,L2,-0.07...
GetData ===>> H2,-0.173059248434868,H1,-0.0607483504445614,AX,-0.174857391738424,L1,-0.056608544347361,L2,-0.08...
GetData ===>> H2,-0.135263991788627,H1,-0.0117754050177108,AX,-0.0777053963273195,L1,-0.0173784889383259,L2,0.0...
testing H1>-5.0
evaluate ot="H1.bs>-5.0" t="H1>-5.0", ctx="{'H1': None}"
GetData ===>> H2,-0.176292134349316,H1,0.0474605671925811,AX,-0.0420317465099024,L1,-0.0171218428396541,L2,-0.0...
GetData ===>> H2,-0.195757644576095,H1,0.00987476812748258,AX,-0.129540461093578,L1,-0.0412661172829707,L2,-0.0...
GetData ===>> H2,-0.208903898607643,H1,0.015601216762673,AX,-0.135138624141753,L1,-0.035880286188964,L2,0.04508...
GetData ===>> H2,-0.195756295735229,H1,-0.0540364079803844,AX,-0.0908724737262867,L1,-0.0398085381589373,L2,-0....
GetData ===>> H2,-0.153674040971362,H1,-0.0461794060899965,AX,-0.0117156782614283,L1,-0.0447289660601304,L2,-0....
testing H1>-5.0
evaluate ot="H1.bs>-5.0" t="H1>-5.0", ctx="{'H1': None}"
12:00:47 -- collecting point 25
GetData ===>> H2,-0.121032609247353,H1,0.0196218566413055,AX,-0.113400733694491,L1,-0.0158900903227454,L2,-0.02...
GetData ===>> H2,-0.131440683197995,H1,-0.0431270508260749,AX,-0.142698728668218,L1,0.0144442611300958,L2,-0.05...
GetData ===>> H2,-0.15373620005923,H1,-0.049207822822228,AX,-0.138965130851849,L1,-0.0260406514190941,L2,-0.131...
GetData ===>> H2,-0.221979921357556,H1,-0.0155323962515606,AX,-0.101754830874408,L1,-0.0128814717785274,L2,-0.0...
GetData ===>> H2,-0.16586421069555,H1,-0.0040343657824458,AX,-0.0411504638747678,L1,-0.0511174953590274,L2,-0.0...
testing H1>-5.0
evaluate ot="H1.bs>-5.0" t="H1>-5.0", ctx="{'H1': None}"
GetData ===>> H2,-0.179771581653388,H1,0.040658281628825,AX,-0.0598644093277374,L1,-0.0119057434566114,L2,0.098...
GetData ===>> H2,-0.223908660161413,H1,-0.0383337113172065,AX,-0.0874765582625864,L1,-0.0156729888062377,L2,0.0...
GetData ===>> H2,-0.21351467774707,H1,0.036708394566465,AX,-0.159243103628541,L1,-0.0327640867725743,L2,0.02357...
GetData ===>> H2,-0.306166297963228,H1,-0.0635259853385637,AX,-0.0239522593131784,L1,-0.0131991024800587,L2,-0....
GetData ===>> H2,-0.275822538693761,H1,-0.0248467408982876,AX,-0.0948593358376701,L1,-0.0203618192447765,L2,0.0...
testing H1>-5.0
evaluate ot="H1.bs>-5.0" t="H1>-5.0", ctx="{'H1': None}"
GetData ===>> H2,-0.103799521228474,H1,-0.0082329698323445,AX,-0.197897507837164,L1,0.0148453045639609,L2,-0.00...
GetData ===>> H2,-0.118218830888258,H1,-0.0102487143170514,AX,-0.0403271531500478,L1,0.00340783397259647,L2,-0....
GetData ===>> H2,-0.221985309354575,H1,0.0731246174388246,AX,-0.113111051527129,L1,-0.00697770945780427,L2,0.03...
GetData ===>> H2,-0.223830547248068,H1,0.070496299495937,AX,-0.0665884922312912,L1,-0.0424732208035152,L2,-0.10...
GetData ===>> H2,-0.332779508221771,H1,0.00629590407117426,AX,-0.0643162679171094,L1,-0.032300669759153,L2,0.01...
testing H1>-5.0
evaluate ot="H1.bs>-5.0" t="H1>-5.0", ctx="{'H1': None}"
GetData ===>> H2,-0.195109965570864,H1,0.0102326615704087,AX,-0.0648495498170742,L1,-0.0129965391529712,L2,-0.1...
GetData ===>> H2,-0.112866669435832,H1,-0.0261466253219876,AX,-0.13171848197366,L1,0.0031040952985335,L2,-0.008...
GetData ===>> H2,-0.0192627958333561,H1,-0.00226899103383786,AX,-0.12502207077039,L1,-0.030966580089281,L2,0.03...
GetData ===>> H2,-0.149530173719125,H1,0.0455272390236019,AX,0.0261520763527854,L1,-0.0194074416375482,L2,0.057...
GetData ===>> H2,-0.207760005032628,H1,0.0497877709838558,AX,-0.107838685365112,L1,-0.039204844471675,L2,0.0077...
testing H1>-5.0
evaluate ot="H1.bs>-5.0" t="H1>-5.0", ctx="{'H1': None}"
GetData ===>> H2,-0.209446837042155,H1,0.0806978762814438,AX,-0.128184966033353,L1,-0.0672042790772924,L2,0.020...
GetData ===>> H2,-0.247892738904946,H1,0.0496087533871982,AX,-0.152924806234242,L1,-0.0568910190174548,L2,-0.10...
GetData ===>> H2,-0.309969173811965,H1,0.0292863697131331,AX,-0.106332242549817,L1,-0.0487997594028202,L2,0.042...
GetData ===>> H2,-0.328959247748283,H1,-0.0116203515558187,AX,-0.11315740073189,L1,0.0115173675612342,L2,-0.003...
GetData ===>> H2,-0.171372899826831,H1,-0.00214970783327644,AX,-0.125091586057276,L1,0.0131043634856376,L2,0.00...
testing H1>-5.0
evaluate ot="H1.bs>-5.0" t="H1>-5.0", ctx="{'H1': None}"
12:01:13 -- collecting point 50
GetData ===>> H2,-0.20645024628429,H1,-0.0434966769254473,AX,-0.0809046036513277,L1,-0.0237793309993223,L2,-0.0...
GetData ===>> H2,-0.127143410685349,H1,0.0582974432916441,AX,-0.0141515184525757,L1,0.0131439815588104,L2,-0.03...
GetData ===>> H2,-0.170678051167956,H1,0.0593597112260149,AX,-0.0267589169248501,L1,0.00317012466587636,L2,-0.0...
GetData ===>> H2,-0.263033865617891,H1,0.0208268869874352,AX,0.00705393484578297,L1,-0.00467113635291334,L2,-0....
GetData ===>> H2,-0.146299321100685,H1,-0.108160227590193,AX,-0.0299018134759064,L1,0.0040741702664506,L2,-0.06...
testing H1>-5.0
evaluate ot="H1.bs>-5.0" t="H1>-5.0", ctx="{'H1': None}"
GetData ===>> H2,-0.198023470208315,H1,-0.103536830046802,AX,-0.0525833266601703,L1,0.0180326062760752,L2,0.009...
GetData ===>> H2,-0.137162319318661,H1,-0.00170835875532556,AX,-0.13739975993719,L1,-0.00761693130265657,L2,0.0...
GetData ===>> H2,-0.126418778561238,H1,0.0549555502538769,AX,-0.134651603398429,L1,0.00964018527172547,L2,0.031...
GetData ===>> H2,-0.134073994913391,H1,0.00158392819817901,AX,-0.0760362029218679,L1,-1.07983493716284E-05,L2,-...
GetData ===>> H2,-0.103063258416759,H1,-0.0153892753596672,AX,-0.0370686296943315,L1,-0.0302431755918914,L2,-0....
testing H1>-5.0
evaluate ot="H1.bs>-5.0" t="H1>-5.0", ctx="{'H1': None}"
GetData ===>> H2,-0.178936233921893,H1,-0.0272556876761641,AX,-0.0916374076108255,L1,-0.0233358752153597,L2,-0....
measurement finished
estimated time: 62.915 actual time: :63.362
flush and close file /Users/jan/PychronDev/data/isotopes/01/7cab46-3ee8-4699-83c6-6a0ccf90e6c7.h5
activate_detectors ('H1', 'AX', 'CDD') {'peak_center': True}
peak_center () {'detector': 'H1', 'integration_time': 0.262144, 'isotope': 'Ar40'}
peak center: mean=1118.49088554 threshold=3
peak center started
setup peak center. detector=['H1', 'AX', 'CDD'], isotope=Ar40
VersionedUnpickler [<apptools.sweet_pickle.versioned_unpickler.VersionedUnpickler object at 0x1f1270fb0>] using Updater [<apptools.sweet_pickle.updater.Updater object at 0x135230b30>]
VersionedUnpickler [<apptools.sweet_pickle.versioned_unpickler.VersionedUnpickler object at 0x1f1270fb0>] using Updater [<apptools.sweet_pickle.updater.Updater object at 0x135230b30>]
VersionedUnpickler [<apptools.sweet_pickle.versioned_unpickler.VersionedUnpickler object at 0x1df3d0fb0>] using Updater [<apptools.sweet_pickle.updater.Updater object at 0x135230b30>]
setting integration time = 0.524288
SetIntegrationTime 0.524288 ===>> OK
Mapping mass to dac mass func: "parabolic"
H1 map mass coeffs = [-0.00063987  0.15840543  0.57093999]
H1 map mass to dac 39.9624 >> 5.87933
GetDeflection H1 ===>> 0
GetHighVoltage ===>> 4499.94659342336
do peak center. <pychron.spectrometer.jobs.peak_center.PeakCenter object at 0x1352309b0>
doing pc
starting peak center. center dac= 5.87929537718 step_width=0.001
width = 0.001
get scan parameters. half-width=0.015,window=0.015, i=0, scalar=1
Scan parameters center=5.87930 width=0.03000 (5.86430 - 5.89430)
GetData ===>> H2,-0.141136420841216,H1,0.0541797696075321,AX,-0.0911506321983262,L1,-0.00620171395024135,L2,0.0...
Moving to starting dac 5.86429537718
setting magnet DAC
current  : 5.239955
requested: 5.864295
Delta Dac: 0.624340
Checking detector protection. dv=0.62434
Checking detector "CDD". Protection Threshold: 0.1 (V)
ProtectDetector CDD,On ===>> OK
GetDeflection CDD ===>> 2000
Protected = 2000
SetMagnetDAC 5.86429537718 ===>> OK
Magnet settling time: 0.500
GetMagnetMoving ===>> True
GetMagnetMoving ===>> True
GetMagnetMoving ===>> True
GetMagnetMoving ===>> True
GetMagnetMoving ===>> True
GetMagnetMoving ===>> True
GetMagnetMoving ===>> True
GetMagnetMoving ===>> True
GetMagnetMoving ===>> True
GetMagnetMoving ===>> False
ProtectDetector CDD,Off ===>> OK
GetDeflection CDD ===>> 50
Wait until signal near baseline. tol= 0.0406348272056. timeout= 10
GetData ===>> H2,57.8831975290914,H1,17.3855364682624,AX,0.563445629752044,L1,0.0243232144220293,L2,0.004714245...
GetData ===>> H2,87.6320875695249,H1,39.6476166870929,AX,3.56865903780711,L1,-0.00631925652648171,L2,-0.1713164...
GetData ===>> H2,50.4520195861828,H1,19.0748295376543,AX,1.6917010995616,L1,0.0226519697977565,L2,-0.1697904228...
GetData ===>> H2,21.7413027009096,H1,9.62480366707876,AX,0.707315102264799,L1,-0.0161543852823223,L2,-0.2277163...
GetData ===>> H2,7.71344186336833,H1,5.20184952170955,AX,0.402978323907249,L1,-0.0248474222156324,L2,0.00022773...
GetData ===>> H2,2.32303083511574,H1,3.05203252032522,AX,0.166776521587749,L1,-0.032626216749401,L2,-0.11966887...
GetData ===>> H2,0.781938905251126,H1,1.93107652079501,AX,0.0863849122189378,L1,-0.0517719166406112,L2,-0.08347...
GetData ===>> H2,0.457822408151034,H1,1.45099368625596,AX,0.155317764557446,L1,-0.0542289059048178,L2,-0.043487...
GetData ===>> H2,0.41487796967964,H1,1.33503790449281,AX,0.0624448874266458,L1,-0.0382321505872299,L2,-0.045263...
GetData ===>> H2,0.400177641486382,H1,1.06531750449592,AX,0.076975062006286,L1,-0.0160010099623452,L2,0.0223890...
GetData ===>> H2,0.415350998747022,H1,1.15742265359196,AX,-0.00590421331929119,L1,-0.024856999815738,L2,-0.0674...
GetData ===>> H2,0.415350998747022,H1,1.15742265359196,AX,-0.00590421331929119,L1,-0.024856999815738,L2,-0.0674...
GetData ===>> H2,0.41400111877259,H1,1.17258970561298,AX,0.0106389017591535,L1,-0.0364805850839046,L2,0.0074700...
GetData ===>> H2,0.293450350603183,H1,1.06337556894192,AX,-0.0253903915059933,L1,-0.0399905973921399,L2,-0.1020...
GetData ===>> H2,0.293731125158533,H1,0.972074991844063,AX,-0.0289624343659429,L1,-0.0389221500414489,L2,-0.058...
GetData ===>> H2,0.246930505596524,H1,0.964123064438271,AX,-0.0680144018222795,L1,-0.0437987120949218,L2,-0.010...
GetData ===>> H2,0.11996531665282,H1,1.00254723186926,AX,-0.0566065400022467,L1,-0.0327697687050398,L2,-0.02395...
GetData ===>> H2,0.146377169653063,H1,1.0762026270976,AX,0.0130057483870382,L1,-0.0355076275231721,L2,-0.041051...
GetData ===>> H2,0.136745681605837,H1,0.935721613685625,AX,0.00968753844688557,L1,-0.0173669266009773,L2,-0.035...
GetData ===>> H2,0.0457092293453184,H1,1.0053984875537,AX,0.106181013618455,L1,-0.0274521933486924,L2,-0.083519...
GetData ===>> H2,-0.0808814047962233,H1,0.935482175177405,AX,0.00165933054613985,L1,-0.0368711794839633,L2,-0.0...
Peak center failed to move to a baseline position
_do_sweep sm= 5.86429537718, em= 5.89429537718, stm= 0.001
calculated step values: start=5.86429537718, end=5.89429537718, width=0.001, nsteps=31.0
setting magnet DAC
current  : 5.864295
requested: 5.864295
Delta Dac: 0.000000
Checking detector protection. dv=0.00000
Checking detector "CDD". Protection Threshold: 0.1 (V)
SetMagnetDAC 5.86429537718 ===>> OK
GetData ===>> H2,-0.0808814047962233,H1,0.935482175177405,AX,0.00165933054613985,L1,-0.0368711794839633,L2,-0.0...
setting magnet DAC
current  : 5.864295
requested: 5.865330
Delta Dac: 0.001034
Checking detector protection. dv=0.00103
Checking detector "CDD". Protection Threshold: 0.1 (V)
SetMagnetDAC 5.86532985994 ===>> OK
Magnet settling time: 1.049
GetData ===>> H2,-0.0505748711692003,H1,1.69190331330091,AX,0.100200034184089,L1,0.0216964113023194,L2,-0.01036...
setting magnet DAC
current  : 5.865330
requested: 5.866364
Delta Dac: 0.001034
Checking detector protection. dv=0.00103
Checking detector "CDD". Protection Threshold: 0.1 (V)
SetMagnetDAC 5.86636434269 ===>> OK
Magnet settling time: 1.049
GetData ===>> H2,0.00977670154526058,H1,5.17604666113296,AX,0.544198463794136,L1,0.0105485222866894,L2,0.024666...
setting magnet DAC
current  : 5.866364
requested: 5.867399
Delta Dac: 0.001034
Checking detector protection. dv=0.00103
Checking detector "CDD". Protection Threshold: 0.1 (V)
SetMagnetDAC 5.86739882545 ===>> OK
Magnet settling time: 1.049
GetData ===>> H2,-0.118751878982504,H1,26.757442380345,AX,2.2132848604723,L1,0.0406708650541621,L2,-0.175028885...
setting magnet DAC
current  : 5.867399
requested: 5.868433
Delta Dac: 0.001034
Checking detector protection. dv=0.00103
Checking detector "CDD". Protection Threshold: 0.1 (V)
SetMagnetDAC 5.86843330821 ===>> OK
Magnet settling time: 1.049
GetData ===>> H2,0.0352086831101989,H1,93.2893718493666,AX,7.23282539813312,L1,0.0223518474488424,L2,-0.0971937...
setting magnet DAC
current  : 5.868433
requested: 5.869468
Delta Dac: 0.001034
Checking detector protection. dv=0.00103
Checking detector "CDD". Protection Threshold: 0.1 (V)
SetMagnetDAC 5.86946779097 ===>> OK
Magnet settling time: 1.049
GetData ===>> H2,-0.0945190476734772,H1,261.802046989268,AX,21.9855211772746,L1,0.123770730825718,L2,-0.0131166...
setting magnet DAC
current  : 5.869468
requested: 5.870502
Delta Dac: 0.001034
Checking detector protection. dv=0.00103
Checking detector "CDD". Protection Threshold: 0.1 (V)
SetMagnetDAC 5.87050227373 ===>> OK
Magnet settling time: 1.049
GetData ===>> H2,0.0270975170279785,H1,523.796140181273,AX,49.2552624706885,L1,0.332520004482669,L2,0.019063378...
setting magnet DAC
current  : 5.870502
requested: 5.871537
Delta Dac: 0.001034
Checking detector protection. dv=0.00103
Checking detector "CDD". Protection Threshold: 0.1 (V)
SetMagnetDAC 5.87153675649 ===>> OK
Magnet settling time: 1.049
GetData ===>> H2,-0.0835771923962724,H1,787.023998736407,AX,82.1611092293567,L1,0.594112765325048,L2,0.04831494...
setting magnet DAC
current  : 5.871537
requested: 5.872571
Delta Dac: 0.001034
Checking detector protection. dv=0.00103
Checking detector "CDD". Protection Threshold: 0.1 (V)
SetMagnetDAC 5.87257123925 ===>> OK
Magnet settling time: 1.049
GetData ===>> H2,-0.0952578727860523,H1,957.828200475527,AX,107.886630832977,L1,0.908036300823075,L2,-0.0522965...
setting magnet DAC
current  : 5.872571
requested: 5.873606
Delta Dac: 0.001034
Checking detector protection. dv=0.00103
Checking detector "CDD". Protection Threshold: 0.1 (V)
SetMagnetDAC 5.873605722 ===>> OK
Magnet settling time: 1.049
GetData ===>> H2,-0.08224969846705,H1,1033.3723642028,AX,121.864339729841,L1,1.20083680207099,L2,0.252732949199...
setting magnet DAC
current  : 5.873606
requested: 5.874640
Delta Dac: 0.001034
Checking detector protection. dv=0.00103
Checking detector "CDD". Protection Threshold: 0.1 (V)
SetMagnetDAC 5.87464020476 ===>> OK
Magnet settling time: 1.049
GetData ===>> H2,-0.0890562057124807,H1,1058.92259542891,AX,127.519573687148,L1,1.41597596143604,L2,0.201941247...
setting magnet DAC
current  : 5.874640
requested: 5.875675
Delta Dac: 0.001034
Checking detector protection. dv=0.00103
Checking detector "CDD". Protection Threshold: 0.1 (V)
SetMagnetDAC 5.87567468752 ===>> OK
Magnet settling time: 1.049
GetData ===>> H2,-0.0947788597814609,H1,1064.65952468593,AX,129.101917741021,L1,1.47865271653978,L2,0.154985750...
setting magnet DAC
current  : 5.875675
requested: 5.876709
Delta Dac: 0.001034
Checking detector protection. dv=0.00103
Checking detector "CDD". Protection Threshold: 0.1 (V)
SetMagnetDAC 5.87670917028 ===>> OK
Magnet settling time: 1.049
GetData ===>> H2,-0.104406662738602,H1,1066.52460409194,AX,129.274978012141,L1,1.55557341873059,L2,0.1807422556...
setting magnet DAC
current  : 5.876709
requested: 5.877744
Delta Dac: 0.001034
Checking detector protection. dv=0.00103
Checking detector "CDD". Protection Threshold: 0.1 (V)
SetMagnetDAC 5.87774365304 ===>> OK
Magnet settling time: 1.049
GetData ===>> H2,-0.141001203513259,H1,1067.44768099059,AX,129.428740490227,L1,1.58269617200447,L2,0.1856935914...
setting magnet DAC
current  : 5.877744
requested: 5.878778
Delta Dac: 0.001034
Checking detector protection. dv=0.00103
Checking detector "CDD". Protection Threshold: 0.1 (V)
SetMagnetDAC 5.8787781358 ===>> OK
Magnet settling time: 1.049
GetData ===>> H2,-0.0459775351335046,H1,1067.03276342191,AX,129.399667269713,L1,1.62007374246519,L2,0.315470085...
setting magnet DAC
current  : 5.878778
requested: 5.879813
Delta Dac: 0.001034
Checking detector protection. dv=0.00103
Checking detector "CDD". Protection Threshold: 0.1 (V)
SetMagnetDAC 5.87981261856 ===>> OK
Magnet settling time: 1.049
GetData ===>> H2,-0.145421002725167,H1,1067.22401099604,AX,129.320813603436,L1,1.70609112380726,L2,0.3341950721...
setting magnet DAC
current  : 5.879813
requested: 5.880847
Delta Dac: 0.001034
Checking detector protection. dv=0.00103
Checking detector "CDD". Protection Threshold: 0.1 (V)
SetMagnetDAC 5.88084710131 ===>> OK
Magnet settling time: 1.049
GetData ===>> H2,-0.16547680127603,H1,1066.46496621059,AX,129.42677122296,L1,1.69861430934843,L2,0.266724743886...
setting magnet DAC
current  : 5.880847
requested: 5.881882
Delta Dac: 0.001034
Checking detector protection. dv=0.00103
Checking detector "CDD". Protection Threshold: 0.1 (V)
SetMagnetDAC 5.88188158407 ===>> OK
Magnet settling time: 1.049
GetData ===>> H2,-0.172002949044418,H1,1066.23178553054,AX,129.131086489323,L1,1.6538831538532,L2,0.38418430190...
setting magnet DAC
current  : 5.881882
requested: 5.882916
Delta Dac: 0.001034
Checking detector protection. dv=0.00103
Checking detector "CDD". Protection Threshold: 0.1 (V)
SetMagnetDAC 5.88291606683 ===>> OK
Magnet settling time: 1.049
GetData ===>> H2,-0.128861523219689,H1,1063.61929939115,AX,128.430180701093,L1,1.63601840903823,L2,0.1119064345...
setting magnet DAC
current  : 5.882916
requested: 5.883951
Delta Dac: 0.001034
Checking detector protection. dv=0.00103
Checking detector "CDD". Protection Threshold: 0.1 (V)
SetMagnetDAC 5.88395054959 ===>> OK
Magnet settling time: 1.049
GetData ===>> H2,-0.2706291801682,H1,1056.77823015053,AX,126.6817787206,L1,1.62416966631421,L2,0.21766667496978...
setting magnet DAC
current  : 5.883951
requested: 5.884985
Delta Dac: 0.001034
Checking detector protection. dv=0.00103
Checking detector "CDD". Protection Threshold: 0.1 (V)
SetMagnetDAC 5.88498503235 ===>> OK
Magnet settling time: 1.049
GetData ===>> H2,-0.351354274006188,H1,1029.3451714955,AX,120.741020033259,L1,1.55546493974117,L2,0.06688658416...
setting magnet DAC
current  : 5.884985
requested: 5.886020
Delta Dac: 0.001034
Checking detector protection. dv=0.00103
Checking detector "CDD". Protection Threshold: 0.1 (V)
SetMagnetDAC 5.88601951511 ===>> OK
Magnet settling time: 1.049
GetData ===>> H2,-0.234536345909295,H1,946.230407674524,AX,104.369385236221,L1,1.37155362120713,L2,0.0767777382...
setting magnet DAC
current  : 5.886020
requested: 5.887054
Delta Dac: 0.001034
Checking detector protection. dv=0.00103
Checking detector "CDD". Protection Threshold: 0.1 (V)
SetMagnetDAC 5.88705399787 ===>> OK
Magnet settling time: 1.049
GetData ===>> H2,-0.287933894609638,H1,759.923248240567,AX,74.8035096414496,L1,1.09048510982306,L2,0.0872397717...
setting magnet DAC
current  : 5.887054
requested: 5.888088
Delta Dac: 0.001034
Checking detector protection. dv=0.00103
Checking detector "CDD". Protection Threshold: 0.1 (V)
SetMagnetDAC 5.88808848063 ===>> OK
Magnet settling time: 1.049
GetData ===>> H2,-0.19782522857925,H1,494.087155270617,AX,42.0731651999573,L1,0.77661155682527,L2,0.02175123362...
setting magnet DAC
current  : 5.888088
requested: 5.889123
Delta Dac: 0.001034
Checking detector protection. dv=0.00103
Checking detector "CDD". Protection Threshold: 0.1 (V)
SetMagnetDAC 5.88912296338 ===>> OK
Magnet settling time: 1.049
GetData ===>> H2,-0.29729870892585,H1,246.957643440145,AX,17.6940389333088,L1,0.496833238488356,L2,-0.036658423...
setting magnet DAC
current  : 5.889123
requested: 5.890157
Delta Dac: 0.001034
Checking detector protection. dv=0.00103
Checking detector "CDD". Protection Threshold: 0.1 (V)
SetMagnetDAC 5.89015744614 ===>> OK
Magnet settling time: 1.049
GetData ===>> H2,-0.124181049684173,H1,96.3182685791396,AX,5.66467085073437,L1,0.269849521942932,L2,-0.11707095...
setting magnet DAC
current  : 5.890157
requested: 5.891192
Delta Dac: 0.001034
Checking detector protection. dv=0.00103
Checking detector "CDD". Protection Threshold: 0.1 (V)
SetMagnetDAC 5.8911919289 ===>> OK
Magnet settling time: 1.049
GetData ===>> H2,-0.225919285426017,H1,14.9431761177747,AX,0.497235503263461,L1,0.145952098398066,L2,0.02309518...
setting magnet DAC
current  : 5.891192
requested: 5.892226
Delta Dac: 0.001034
Checking detector protection. dv=0.00103
Checking detector "CDD". Protection Threshold: 0.1 (V)
SetMagnetDAC 5.89222641166 ===>> OK
Magnet settling time: 1.049
GetData ===>> H2,-0.199265435648665,H1,3.54095527612317,AX,-0.00741221161038322,L1,0.0409498846175284,L2,-0.006...
setting magnet DAC
current  : 5.892226
requested: 5.893261
Delta Dac: 0.001034
Checking detector protection. dv=0.00103
Checking detector "CDD". Protection Threshold: 0.1 (V)
SetMagnetDAC 5.89326089442 ===>> OK
Magnet settling time: 1.049
GetData ===>> H2,-0.2806960261008,H1,0.641189212312843,AX,-0.079235465127784,L1,0.0708827761925396,L2,-0.066384...
setting magnet DAC
current  : 5.893261
requested: 5.894295
Delta Dac: 0.001034
Checking detector protection. dv=0.00103
Checking detector "CDD". Protection Threshold: 0.1 (V)
SetMagnetDAC 5.89429537718 ===>> OK
Magnet settling time: 1.049
GetData ===>> H2,-0.251732618483436,H1,0.0122965387226561,AX,-0.135066514715057,L1,0.000836549381990059,L2,0.06...
result of _do_sweep=True
result of _calculate_peak_center=([5.8715802918338458, 5.8792425128275569, 5.8869047338212681], [794.21215151510637, 1067.4401975073872, 786.80524318899324], 5.8777623110446813, 1067.4401975073872)
Failed to find a valid peak. No peak greater than 1.0. max = 0.0348131039534
new center pos Detector(H1) (Ar40) @ 5.87924251283
GetHighVoltage ===>> 4499.94659342336
GetDeflection H1 ===>> 0
dac uncorrected for HV and deflection 5.87927713534
update mftable H1 Ar40 5.87927713534 message=automated run peakcenter
get initial guess parabolic
get initial guess parabolic
get initial guess parabolic
get initial guess parabolic
get initial guess parabolic
get initial guess parabolic
dump mftable to /Users/jan/PychronDev/setupfiles/spectrometer/mftables/mftable.csv
add to repo msg=modified - automated run peakcenter
locally archiving mftable
setting magnet DAC
current  : 5.894295
requested: 5.879243
Delta Dac: 0.015053
Checking detector protection. dv=0.01505
Checking detector "CDD". Protection Threshold: 0.1 (V)
SetMagnetDAC 5.87924251283 ===>> OK
Magnet settling time: 0.500
sweep finished
setting integration time = 1.048576
SetIntegrationTime 1.048576 ===>> OK
Failed to find a valid peak. No peak greater than 1.0. max = 0.034827423735
flush and close file /Users/jan/PychronDev/data/isotopes/01/7cab46-3ee8-4699-83c6-6a0ccf90e6c7.h5
finished measure script
executed snippet estimated_duration=226.132928, duration=273.982970953
jan_unknown120_60.py completed successfully
Measurement Finished
12:02:11 -- ******* Measurement Finished *******
Post Measurement Started jan_pump_ms.py
12:02:11 -- ******* Post Measurement Started jan_pump_ms.py *******
testing...
no interpolation path defined
executed snippet estimated_duration=0, duration=3.00407409668e-05
Pumping spectrometer
open () {'name': 'O'}
opening name=O desc=---
checking ownership. requestor=129.138.12.150
check software interlocks O
interlocks []
actuate state mode=None-script, software_lock=False
doing actuation None-script open_channel True
Open O ===>> OK
GetIndicatorState O ===>> OK
change switch state (True, True)
update switch state O True args=() kw={} ncanvase=2
12:02:12 -- OPEN   VALVE-O (Jan Ion Pump)
---------------------------------------- open O () result=[(True, True)], time=0.09 sec
action=open, ok=True, locked=[False]
executed snippet estimated_duration=0, duration=0.342200994492
jan_pump_ms.py completed successfully
setting _ms_pumptime
Post Measurement Finished
12:02:12 -- ******* Post Measurement Finished *******
$$$$$$$$$$$$$$$$$$$$ state at run end measurement
state changed from measurement to success
post measurement save measured=True aborted=False
Set filtering
setting fod for Ar40= {'filter_outliers': True, 'std_devs': 2, 'iterations': 1}
setting fod for H1= {'filter_outliers': True, 'std_devs': 2, 'iterations': 1}
setting fod for PM41= {'filter_outliers': False, 'std_devs': 2, 'iterations': 1}
setting fod for H2= {'filter_outliers': True, 'std_devs': 2, 'iterations': 1}
setting fod for Ar36= {'filter_outliers': True, 'std_devs': 2, 'iterations': 1}
setting fod for CDD= {'filter_outliers': True, 'std_devs': 10, 'iterations': 1}
setting fod for Ar37= {'filter_outliers': True, 'std_devs': 2, 'iterations': 1}
setting fod for L2= {'filter_outliers': True, 'std_devs': 2, 'iterations': 1}
setting fod for Ar38= {'filter_outliers': True, 'std_devs': 2, 'iterations': 1}
setting fod for L1= {'filter_outliers': True, 'std_devs': 2, 'iterations': 1}
setting fod for Ar39= {'filter_outliers': True, 'std_devs': 2, 'iterations': 1}
setting fod for AX= {'filter_outliers': True, 'std_devs': 2, 'iterations': 1}
persistence save...
persistence save - db
post measurement save
8270273712 connecting to database sqlite:////Users/jan/PychronDev/.appdata/local_lab.db
connected to db sqlite:////Users/jan/PychronDev/.appdata/local_lab.db
create new session 8270273712
close session 8270273712
No database instance. Not saving post measurement to isotopedb database
$$$$$$$$$$$$$$$ auto_save_detector_ic=False
massspec enabled True
create new session 4985539184
MassSpec Database Version: 16.0
close session 4985539184
saving post measurement to secondary database
saving to massspec database 129.138.12.160/massspecdata
setting labnumber to 25317
setting aliquot to 5
setting step to 
setting uuid to 017cab46-3ee8-4699-83c6-6a0ccf90e6c7
setting irradpos to 25317
setting extract_device to Fusions CO2
setting tray to 
setting position to 83
setting power_requested to 5.0
setting extract_value to 5.0
setting duration to 30.0
setting duration_at_request to 30.0
setting first_stage_delay to 30.0
setting cleanup to 30.0
setting comment to J:14
setting irradiation to NM-288
setting level to J
setting irradiation_level to J
setting sample to FC-2
setting material to 
setting project to 
setting mass_spectrometer to jan
no attribute chron_dosages
no attribute production_ratios
no attribute interference_corrections
no attribute production_name
no attribute j
Reference Isotope=Ar40
Reference Detector=H1
%%%%%%%%%%%%%%%%%%%% Comment: J:14 %%%%%%%%%%%%%%%%%%%
adding isotope PM41 H2
add baseline dbdet= PM41. original det= H2
get baseline data PM41 H2
Get data baseline <pychron.processing.isotope.Baseline object at 0x1eadaae50> len t=60
baseline PM41. v=-0.19079157233, e=0.00710052782123
get signal data PM41 H2
Get data signal PM41 0.07+/-0.08 len t=120
adding isotope Ar40 H1
add baseline dbdet= Ar40. original det= H1
get baseline data Ar40 H1
Get data baseline <pychron.processing.isotope.Baseline object at 0x1eadb8090> len t=60
baseline Ar40. v=-0.00606640592988, e=0.00591365068439
get signal data Ar40 H1
Get data signal Ar40 1174.25+/-0.07 len t=120
adding isotope Ar39 AX
add baseline dbdet= Ar39. original det= AX
get baseline data Ar39 AX
Get data baseline <pychron.processing.isotope.Baseline object at 0x1eadb8250> len t=60
baseline Ar39. v=-0.0905728044971, e=0.00681754551459
get signal data Ar39 AX
Get data signal Ar39 142.160+/-0.023 len t=120
adding isotope Ar38 L1
add baseline dbdet= Ar38. original det= L1
get baseline data Ar38 L1
Get data baseline <pychron.processing.isotope.Baseline object at 0x1eadb8410> len t=60
baseline Ar38. v=-0.0225475510367, e=0.00312641904967
get signal data Ar38 L1
Get data signal Ar38 1.847+/-0.005 len t=120
adding isotope Ar37 L2
add baseline dbdet= Ar37. original det= L2
get baseline data Ar37 L2
Get data baseline <pychron.processing.isotope.Baseline object at 0x1eadb85d0> len t=60
baseline Ar37. v=-0.0254033978634, e=0.00632524403764
get signal data Ar37 L2
Get data signal Ar37 0.305+/-0.011 len t=120
adding isotope Ar36 CDD
add baseline dbdet= Ar36. original det= CDD
get baseline data Ar36 CDD
Get data baseline <pychron.processing.isotope.Baseline object at 0x1eadb8790> len t=60
baseline Ar36. v=0.00026547665362, e=2.09608639019e-05
get signal data Ar36 CDD
Get data signal Ar36 0.0236+/-0.0004 len t=120
25317-05 added analysis time 0.580624103546s
analysis added to mass spec database
mass spec save time= 0.602
persistence save - dvc
================= post measurement started
create new session 4989601072
close session 4989601072
---------------- Experiment Queue saving disabled
DVC saving peakcenter
Failed to find a valid peak. No peak greater than 1.0. max = 0.034827423735
Smart pull ahead: 0 behind: 0
Up-to-date with origin
add to repo msg=modified - ad8224ebc6dbfeb9f5997218dfa5fe690569839d.json
add to repo msg=modified - 17-05.json
add to repo msg=modified - 17-05.dat.json
add to repo msg=modified - 17-05.blan.json
add to repo msg=modified - 17-05.inte.json
add to repo msg=modified - 17-05.icfa.json
add to repo msg=modified - 17-05.base.json
not at valid file /Users/jan/PychronDev/data/.dvc/repositories/Load1791/253/tags/17-05.tags.json
add to repo msg=modified - 17-05.peak.json
add to repo msg=modified - 17-05.extr.json
not at valid file /Users/jan/PychronDev/data/.dvc/repositories/Load1791/253/monitor/17-05.moni.json
commit message=<COLLECTION>
add to repo msg=modified - 17-05.inte.json
add to repo msg=modified - 17-05.base.json
commit message=<ISOEVO> default collection fits
add to repo msg=modified - 17-05.blan.json
commit message=<BLANKS> preceding bu-FC-J-7761
add to repo msg=modified - 17-05.icfa.json
commit message=<ICFactor> default
push repository <pychron.git_archive.repo_manager.GitRepoManager object at 0x1e74dc530>
pushing to remote=origin, url=https://github.com
no changes to meta repo
create new session 4989601072
add association Load1791
get identifier "25317"
setting analysis irradiation position=<pychron.dvc.dvc_orm.IrradiationPositionTbl object at 0x1f2024f10>
close session 4989601072
================= post measurement finished
12:02:24 -- ******* Post Run Check *******
loading queue conditionals post_run_actions
loading system conditionals post_run_actions
loading conditionals from /Users/jan/PychronDev/setupfiles/spectrometer/default_conditionals.yaml
loading queue conditionals post_run_terminations
loading system conditionals post_run_terminations
loading conditionals from /Users/jan/PychronDev/setupfiles/spectrometer/default_conditionals.yaml
Checking default post run terminations n=1
GetDeflection CDD ===>> 50
testing CDD==2000
evaluate ot="CDD.deflection==2000" t="CDD==2000", ctx="{'CDD': 50.0}"
12:02:24 -- ******* Post Run Check Passed *******
12:02:24 -- Automated run 25317-05 success duration: 364.944 s
----------------- finish -----------------
----------------- stop -----------------
retroactive repository identifiers disabled
finish run. runs completed=108
update duration runid=25317-05, duration=364.943860054, md5=301e91d8
write rem/ex queues
/Users/jan/PychronDev/experiments/rem/CurrentExperiment.rem.txt
/Users/jan/PychronDev/experiments/rem/CurrentExperiment.ex.txt
doing event level: 3
