do run
loading script "jan_unknown120_60.py"
loading script "jan_pump_ms.py"
loading script "jan_co2.py"
loading script "jan_pump_extraction_line.py"
testing...
no interpolation path defined
executed snippet estimated_duration=213.652928, duration=0.000178813934326
script duration name:unknown120_60 seconds:214.0
loading script "jan_unknown120_60.py"
loading script "jan_pump_ms.py"
loading script "jan_co2.py"
loading script "jan_pump_extraction_line.py"
testing...
no interpolation path defined
executed snippet estimated_duration=0, duration=1.8835067749e-05
loading script "jan_unknown120_60.py"
loading script "jan_pump_ms.py"
loading script "jan_co2.py"
loading script "jan_pump_extraction_line.py"
testing...
no interpolation path defined
calculate duration
testing...
no interpolation path defined
executed snippet estimated_duration=0, duration=4.29153442383e-05
calculate duration
testing...
no interpolation path defined
executed snippet estimated_duration=0, duration=7.20024108887e-05
executed snippet estimated_duration=0.0, duration=0.00183606147766
script duration name:co2 seconds:0.0
loading script "jan_unknown120_60.py"
loading script "jan_pump_ms.py"
loading script "jan_co2.py"
loading script "jan_pump_extraction_line.py"
testing...
no interpolation path defined
calculate duration
testing...
no interpolation path defined
executed snippet estimated_duration=4.0, duration=0.00011420249939
executed snippet estimated_duration=4.0, duration=0.00111198425293
Script duration 214.0
Run total estimated duration= 215.000
run duration: 0:03:35
doing event level: 2
13:37:34 -- Setting default integration. t=1.048576
setting integration time = 1.048576
SetIntegrationTime 1.048576 ===>> OK
----------------- start -----------------
**************** Experiment Type: Ar/Ar, Ar/Ar
create new session 4436069840
close session 4436069840
$$$$$ Clearing conditionals
adding conditionals 
Add queue conditionals
add default conditionals
adding default conditionals from /Users/jan/PychronDev/setupfiles/spectrometer/default_conditionals.yaml
Start automated run 25319-01
loading script "jan_unknown120_60.py"
loading script "jan_pump_ms.py"
loading script "jan_co2.py"
loading script "jan_pump_extraction_line.py"
%%%%%%%%%%%%%%%%%% setting automated run 25319-01
No value "sensitivity_multiplier" in metadata
$$$$$$$$$$$$$$$ auto_save_detector_ic=False
============================= Pre Extraction Check =============================
loading queue conditionals pre_run_terminations
loading system conditionals pre_run_terminations
loading conditionals from /Users/jan/PychronDev/setupfiles/spectrometer/default_conditionals.yaml
13:37:34 -- ******* Pre Extraction Check *******
Get a measurement from the spectrometer
GetData ===>> H2,-0.20876243394072,H1,-0.0128249913669219,AX,-0.0622178911968719,L1,0.00159274141182536,L2,-0.0...
Pre Extraction Termination data. keys=H2,H1,AX,L1,L2,CDD, signals=-0.20876,-0.01282,-0.06222,0.00159,-0.05200,0.00000
13:37:34 -- testing system defined conditionals
Checking default pre extraction terminations n=2
testing CDD
evaluate ot="CDD.inactive" t="CDD", ctx="{'CDD': False}"
GetDeflection CDD ===>> 50
testing CDD==2000
evaluate ot="CDD.deflection==2000" t="CDD==2000", ctx="{'CDD': 50.0}"
13:37:34 -- ******* Pre Extraction Check Passed *******
=================================================================================
13:37:34 -- stopping status monitor
stop 4982387056
Alive clients [4989850544]
13:37:34 -- starting status monitor
start 4982387056
Monitor already running
start extraction
do extraction
Analysis started at 13:37:34.544464
Extraction Started jan_co2.py
13:37:34 -- ******* Extraction Started jan_co2.py *******
state changed from not run to extraction
DO EXTRACTION <pychron.extraction_line.pyscript_runner.RemotePyScriptRunner object at 0x12c299590>
testing...
no interpolation path defined
calculate duration
testing...
no interpolation path defined
executed snippet estimated_duration=0, duration=8.89301300049e-05
calculate duration
testing...
no interpolation path defined
executed snippet estimated_duration=0, duration=9.01222229004e-05
executed snippet estimated_duration=100.0, duration=0.00257396697998
Jan CO2 laser analysis
doing GOSUB
testing...
no interpolation path defined
executed snippet estimated_duration=0, duration=6.29425048828e-05
Waiting for CO2 access
wait ('FelixCO2Flag', 0) {}
waiting for FelixCO2Flag = 0
Read FelixCO2Flag ===>> 0
finished waiting
CO2 free
wait ('CO2PumpTimeFlag', 0) {}
waiting for CO2PumpTimeFlag = 0
Read CO2PumpTimeFlag ===>> 0
finished waiting
acquire ('JanCO2Flag',) {'clear': True}
acquire JanCO2Flag
Set JanCO2Flag 1 ===>> OK
JanCO2Flag acquired
set extraction state False (0.75, 'red', 1.5)
CO2 acquired
executed snippet estimated_duration=0, duration=0.0163249969482
WaitForCO2Access.py completed successfully
gosub finished
doing GOSUB
testing...
no interpolation path defined
executed snippet estimated_duration=0, duration=0.000137090682983
Prepare for CO2 analysis
close () {'description': 'Jan Inlet'}
closing name=--- desc=Jan Inlet
checking ownership. requestor=129.138.12.150
check software interlocks R
interlocks []
actuate state mode=None-script, software_lock=False
doing actuation None-script close_channel False
Close R ===>> OK
GetIndicatorState R ===>> False
change switch state (True, True)
update switch state R False args=() kw={} ncanvase=2
13:37:34 -- CLOSE  VALVE-R (Jan Inlet)
---------------------------------------- close None (Jan Inlet) result=[(True, True)]
action=close, ok=True, locked=[False]
open () {'description': 'Jan Ion Pump'}
opening name=--- desc=Jan Ion Pump
checking ownership. requestor=129.138.12.150
check software interlocks O
interlocks []
actuate state mode=None-script, software_lock=False
doing actuation None-script open_channel False
Open O ===>> OK
GetIndicatorState O ===>> OK
change switch state (True, True)
update switch state O True args=() kw={} ncanvase=2
13:37:35 -- OPEN   VALVE-O (Jan Ion Pump)
---------------------------------------- open None (Jan Ion Pump) result=[(True, True)], time=0.09 sec
action=open, ok=True, locked=[False]
close () {'description': 'Microbone to Minibone'}
closing name=--- desc=Microbone to Minibone
checking ownership. requestor=129.138.12.150
check software interlocks L
interlocks []
actuate state mode=None-script, software_lock=False
doing actuation None-script close_channel False
Close L ===>> OK
GetIndicatorState L ===>> False
change switch state (True, True)
update switch state L False args=() kw={} ncanvase=2
13:37:35 -- CLOSE  VALVE-L (Microbone to Minibone)
---------------------------------------- close None (Microbone to Minibone) result=[(True, True)]
action=close, ok=True, locked=[False]
open () {'description': 'Microbone to Turbo'}
opening name=--- desc=Microbone to Turbo
checking ownership. requestor=129.138.12.150
check software interlocks U
interlocks []
actuate state mode=None-script, software_lock=False
doing actuation None-script open_channel False
Open U ===>> OK
GetIndicatorState U ===>> OK
change switch state (True, True)
update switch state U True args=() kw={} ncanvase=2
13:37:36 -- OPEN   VALVE-U (Microbone to Turbo)
---------------------------------------- open None (Microbone to Turbo) result=[(True, True)], time=0.13 sec
action=open, ok=True, locked=[False]
open () {'description': 'Microbone to Inlet Pipette'}
opening name=--- desc=Microbone to Inlet Pipette
checking ownership. requestor=129.138.12.150
check software interlocks S
interlocks []
actuate state mode=None-script, software_lock=False
doing actuation None-script open_channel False
Open S ===>> OK
GetIndicatorState S ===>> OK
change switch state (True, True)
update switch state S True args=() kw={} ncanvase=2
13:37:37 -- OPEN   VALVE-S (Microbone to Inlet Pipette)
---------------------------------------- open None (Microbone to Inlet Pipette) result=[(True, True)], time=0.40 sec
action=open, ok=True, locked=[False]
open () {'description': 'Microbone to Getter D-50'}
opening name=--- desc=Microbone to Getter D-50
checking ownership. requestor=129.138.12.150
check software interlocks K
interlocks []
actuate state mode=None-script, software_lock=False
doing actuation None-script open_channel False
Open K ===>> OK
GetIndicatorState K ===>> OK
change switch state (True, True)
update switch state K True args=() kw={} ncanvase=2
13:37:37 -- OPEN   VALVE-K (Microbone to Getter D-50)
---------------------------------------- open None (Microbone to Getter D-50) result=[(True, True)], time=0.40 sec
action=open, ok=True, locked=[False]
open () {'description': 'Microbone to Getter NP-10'}
opening name=--- desc=Microbone to Getter NP-10
checking ownership. requestor=129.138.12.150
check software interlocks M
interlocks []
actuate state mode=None-script, software_lock=False
doing actuation None-script open_channel False
Open M ===>> OK
GetIndicatorState M ===>> OK
change switch state (True, True)
update switch state M True args=() kw={} ncanvase=2
13:37:38 -- OPEN   VALVE-M (Microbone to Getter NP-10)
---------------------------------------- open None (Microbone to Getter NP-10) result=[(True, True)], time=0.14 sec
action=open, ok=True, locked=[False]
close () {'description': 'CO2 Laser to Felix'}
closing name=--- desc=CO2 Laser to Felix
checking ownership. requestor=129.138.12.150
check software interlocks F
interlocks []
actuate state mode=None-script, software_lock=True
VALVE-F(CO2 Laser to Felix) software locked
change switch state (True, False)
---------------------------------------- close None (CO2 Laser to Felix) result=[(True, False)]
action=close, ok=True, locked=[True]
open () {'description': 'CO2 Laser to Jan'}
opening name=--- desc=CO2 Laser to Jan
checking ownership. requestor=129.138.12.150
check software interlocks A
interlocks []
actuate state mode=None-script, software_lock=False
doing actuation None-script open_channel False
Open A ===>> OK
GetIndicatorState A ===>> OK
change switch state (True, True)
update switch state A True args=() kw={} ncanvase=2
13:37:38 -- OPEN   VALVE-A (CO2 Laser to Jan)
---------------------------------------- open None (CO2 Laser to Jan) result=[(True, True)], time=0.14 sec
action=open, ok=True, locked=[False]
open () {'description': 'Microbone to CO2 Laser'}
opening name=--- desc=Microbone to CO2 Laser
checking ownership. requestor=129.138.12.150
check software interlocks T
interlocks []
actuate state mode=None-script, software_lock=False
doing actuation None-script open_channel False
Open T ===>> OK
GetIndicatorState T ===>> OK
change switch state (True, True)
update switch state T True args=() kw={} ncanvase=2
13:37:39 -- OPEN   VALVE-T (Microbone to CO2 Laser)
---------------------------------------- open None (Microbone to CO2 Laser) result=[(True, True)], time=0.40 sec
action=open, ok=True, locked=[False]
executed snippet estimated_duration=0, duration=4.81028795242
PrepareForCO2Analysis.py completed successfully
gosub finished
set_motor ('beam', '1.25') {}
setting motor "beam" to 1.25
set motor beam to 1.25
SetMotor beam,1.25 ===>> OK
GetMotorMoving beam ===>> False
GetMotorMoving beam ===>> False
Block completed
move_to_position ('91',) {'autocenter': True}
FusionsCO2 move to position 91
sending GoToHole 91,True
GoToHole 91,True ===>> OK
GetDriveMoving ===>> OK
GetDriveMoving ===>> OK
GetDriveMoving ===>> OK
GetDriveMoving ===>> False
GetDriveMoving ===>> OK
GetDriveMoving ===>> OK
GetDriveMoving ===>> OK
GetDriveMoving ===>> OK
GetDriveMoving ===>> OK
GetDriveMoving ===>> False
Block completed
GetAutoCorrecting ===>> False
GetAutoCorrecting ===>> False
Block completed
update position
GetPosition ===>> -5.98170,1.99390,1.00000
got position (-5.9817, 1.9939, 1.0)
move to position succeeded
sleep (5,) {}
SLEEP 5.0
block started
WaitControl setup for 5.0  
Join finished
block finished. duration 5.03784108162
close () {'description': 'Microbone to Turbo'}
closing name=--- desc=Microbone to Turbo
checking ownership. requestor=129.138.12.150
check software interlocks U
interlocks []
actuate state mode=None-script, software_lock=False
doing actuation None-script close_channel True
Close U ===>> OK
GetIndicatorState U ===>> False
change switch state (True, True)
update switch state U False args=() kw={} ncanvase=2
13:37:49 -- CLOSE  VALVE-U (Microbone to Turbo)
---------------------------------------- close None (Microbone to Turbo) result=[(True, True)]
action=close, ok=True, locked=[False]
enable laser
enable () {}
set extraction state FusionsCO2 Enabled (False, 'red', 1.5)
enabling laser
Enable ===>> OK
begin interval
BEGIN INTERVAL Interval 1 waiting for 30.0
block started
set extract to 5.0
WaitControl setup for 30.0  
extract (5.0,) {}
GetPosition ===>> -5.98170,1.99390,1.00000
set extraction state FusionsCO2 ON! 5.0(watts) (0.75, 'red', 1.5)
extract sample to 5.0 (watts)
set laser output
SetLaserOutput 5.0,watts ===>> OK
executing pattern triangle.lp
execute_pattern ('triangle.lp',) {}
executing pattern triangle.lp
IsPatterning ===>> OK
IsPatterning ===>> OK
IsPatterning ===>> OK
IsPatterning ===>> OK
IsPatterning ===>> OK
IsPatterning ===>> OK
IsPatterning ===>> OK
IsPatterning ===>> OK
IsPatterning ===>> OK
IsPatterning ===>> OK
IsPatterning ===>> OK
IsPatterning ===>> OK
IsPatterning ===>> OK
IsPatterning ===>> OK
IsPatterning ===>> OK
IsPatterning ===>> OK
IsPatterning ===>> OK
IsPatterning ===>> OK
IsPatterning ===>> OK
IsPatterning ===>> OK
IsPatterning ===>> OK
IsPatterning ===>> OK
IsPatterning ===>> OK
IsPatterning ===>> OK
IsPatterning ===>> OK
IsPatterning ===>> OK
IsPatterning ===>> False
IsPatterning ===>> False
Block completed
COMPLETE INTERVAL waiting for Interval 1 to complete
Join finished
block finished. duration 30.0945999622
Interval 1 finished
end_extract () {}
ending extraction. set laser power to 0
set laser power 0
SetLaserPower 0 ===>> OK
disable () {}
%%%%%%%%%%%%%%%%%%%%%%%%%%%%%%%%%%% disable
set extraction state False (0.75, 'red', 1.5)
disabling laser
Disable ===>> OK
sleep (30.0,) {}
SLEEP 30.0
block started
WaitControl setup for 30.0  
Join finished
block finished. duration 30.0742390156
executed snippet estimated_duration=166.5, duration=76.2164208889
jan_co2.py completed successfully
GetAchievedOutput ===>> No Response
Requested Output= 0.000
Achieved Output=  0.000
GetResponseBlob ===>> No Response
GetOutputBlob ===>> No Response
persistence save...
persistence save - db
AutomatedRunPersister post_extraction_save deprecated
persistence save - dvc
no extraction position for 91
create new session 4989601072
close session 4989601072
Extraction Finished
13:38:50 -- ******* Extraction Finished *******
no overlap. not waiting for min ms pumptime
13:38:50 -- Sending spectrometer configuration
======== Sending configuration ========
SetDeflection CDD,50.0 ===>> OK
SetDeflection H2,0.0 ===>> OK
SetDeflection H1,0.0 ===>> OK
SetDeflection L2,825.0 ===>> OK
SetDeflection L1,400.0 ===>> OK
SetDeflection AX,190.0 ===>> OK
SetZFocus 74.64 ===>> OK
SetZSymmetry -50.72 ===>> OK
SetExtractionLens 26.13 ===>> OK
SetIonRepeller -3.81 ===>> OK
SetElectronEnergy 75.08 ===>> OK
SetYSymmetry -2.81 ===>> OK
SetIonCounterVoltage 1590.0 ===>> OK
send trap current 200.0
GetParameter Trap Current Readback ===>> 198.147042666178
SetParameter Trap Current Set,200.0 ===>> OK
updating mftable name mftable
Using mftable located at /Users/jan/PychronDev/setupfiles/spectrometer/mftables/mftable.csv
============ MFtable ===========
Isotope  H2     H1     AX     L1     L2     CDD    
Ar40     5.8108 5.8790 5.9924 6.1507 6.2307 6.3789
Ar39     5.7100 5.7713 5.8848 6.0368 6.1159 6.2654
Ar36     5.3875 5.4403 5.5482 5.6956 5.7708 5.9165
================================
get initial guess parabolic
get initial guess parabolic
get initial guess parabolic
get initial guess parabolic
get initial guess parabolic
get initial guess parabolic
======== Configuration Finished ========
GetYSymmetry ===>> -2.81
GetZSymmetry ===>> -50.72
GetParameter Trap Current Readback ===>> 197.699505585058
GetHighVoltage ===>> 4499.94659342336
start measurement
do measurement
L#=25319 analysis type=unknown
Measurement Started jan_unknown120_60.py
13:38:51 -- ******* Measurement Started jan_unknown120_60.py *******
state changed from extraction to measurement
setting spec, defl, and gains
GetExtractionLens ===>> 26.13
GetYSymmetry ===>> -2.81
GetZSymmetry ===>> -50.72
GetZFocus ===>> 74.64
GetDeflection H2 ===>> 0
GetDeflection H1 ===>> 0
GetDeflection AX ===>> 190
GetDeflection L1 ===>> 400
GetDeflection L2 ===>> 825
GetDeflection CDD ===>> 50
GetGain H2 ===>> 0.0113
GetGain H1 ===>> 0.1
GetGain AX ===>> 0.097049
GetGain L1 ===>> 0.010355
GetGain L2 ===>> 0.095649
GetGain CDD ===>> 0
pre measurement save
New frame /Users/jan/PychronDev/data/isotopes/c8/03546a-6c79-41c6-a2c0-ed6d66287291.h5
flush and close file /Users/jan/PychronDev/data/isotopes/c8/03546a-6c79-41c6-a2c0-ed6d66287291.h5
testing...
no interpolation path defined
executed snippet estimated_duration=226.132928, duration=0.000136852264404
unknown measurement script
activate_detectors ('H2', 'H1', 'AX', 'L1', 'L2', 'CDD') {}
activate detectors
*************** Set Analysis View Ar/Ar
create graphs
clearing graphs
clear isotope group
setting isotope det=H2, iso=PM41
setting isotope det=H1, iso=Ar40
setting isotope det=AX, iso=Ar39
setting isotope det=L1, iso=Ar38
setting isotope det=L2, iso=Ar37
setting isotope det=CDD, iso=Ar36
setting previous blanks
 - setting Ar40 blank 0.822+/-0.007
 - setting Ar36 blank 0.00679+/-0.00020
 - setting Ar37 blank 0.053+/-0.005
 - setting Ar38 blank 0.0145+/-0.0022
 - setting PM41 blank 0.02+/-0.07
 - setting Ar39 blank 0.035+/-0.009
load analysis view
position_magnet ('Ar40',) {'detector': 'H1'}
detector Detector(H1)
POSITION Ar40 H1
setting detector H2 to PM41 (40.9624)
setting detector H1 to Ar40 (39.9624)
setting detector AX to Ar39 (38.9624)
setting detector L1 to Ar38 (37.9624)
setting detector L2 to Ar37 (36.9624)
setting detector CDD to Ar36 (35.9624)
Mapping mass to dac mass func: "parabolic"
H1 map mass coeffs = [-0.00063987  0.15840543  0.57064999]
H1 map mass to dac 39.9624 >> 5.87904
GetDeflection H1 ===>> 0
GetHighVoltage ===>> 4499.94659342336
positioning Ar40 (5.87900537888) on H1
setting magnet DAC
current  : 5.301499
requested: 5.879005
Delta Dac: 0.577507
Checking detector protection. dv=0.57751
Checking detector "CDD". Protection Threshold: 0.1 (V)
ProtectDetector CDD,On ===>> OK
GetDeflection CDD ===>> 2000
Protected = 2000
SetMagnetDAC 5.87900537888 ===>> OK
Magnet settling time: 0.500
GetMagnetMoving ===>> True
GetMagnetMoving ===>> True
GetMagnetMoving ===>> True
GetMagnetMoving ===>> True
GetMagnetMoving ===>> True
GetMagnetMoving ===>> True
GetMagnetMoving ===>> True
GetMagnetMoving ===>> True
GetMagnetMoving ===>> False
ProtectDetector CDD,Off ===>> OK
GetDeflection CDD ===>> 50
update labels <pychron.experiment.plot_panel.PlotPanel object at 0x1f5fa94d0>
update labels "<pychron.graph.stacked_regression_graph.StackedRegressionGraph object at 0x1d611dcb0>"
setting label 0 H2 PM41
setting label 1 H1 Ar40
setting label 2 AX Ar39
setting label 3 L1 Ar38
setting label 4 L2 Ar37
setting label 5 CDD Ar36
update labels "<pychron.graph.stacked_graph.StackedGraph object at 0x1d456c710>"
setting label 0 H2 PM41
setting label 1 H1 Ar40
setting label 2 AX Ar39
setting label 3 L1 Ar38
setting label 4 L2 Ar37
setting label 5 CDD Ar36
equilibrate () {'delay': 3, 'inlet': 'R', 'outlet': 'O', 'eqtime': 12.0}
Equilibration Started
13:38:54 -- ******* Equilibration Started *******
checking ownership. requestor=129.138.12.150
check software interlocks O
interlocks []
actuate state mode=None-script, software_lock=False
doing actuation None-script close_channel True
Close O ===>> OK
GetIndicatorState O ===>> False
change switch state (True, True)
update switch state O False args=() kw={} ncanvase=2
13:38:54 -- CLOSE  VALVE-O (Jan Ion Pump)
waiting 3s before opening inlet value ('R',)
checking ownership. requestor=129.138.12.150
check software interlocks R
interlocks []
actuate state mode=None-script, software_lock=False
doing actuation None-script open_channel True
Open R ===>> OK
GetIndicatorState R ===>> OK
change switch state (True, True)
update switch state R True args=() kw={} ncanvase=2
13:38:57 -- OPEN   VALVE-R (Jan Inlet)
equilibrating for 12.0sec
set_time_zero () {}
sniff (12.0,) {}
py_sniff
build tables- sniff [Detector(H2), Detector(H1), Detector(AX), Detector(L1), Detector(L2), Detector(CDD)]
add group /sniff/PM41 (Group) '' table H2
add group /sniff/Ar40 (Group) '' table H1
add group /sniff/Ar39 (Group) '' table AX
add group /sniff/Ar38 (Group) '' table L1
add group /sniff/Ar37 (Group) '' table L2
add group /sniff/Ar36 (Group) '' table CDD
flush and close file /Users/jan/PychronDev/data/isotopes/c8/03546a-6c79-41c6-a2c0-ed6d66287291.h5
measuring sniff. ncounts=12.0
"sniff" increment series count="1" fit count="0" regressing="False"
starting measurement
GetData ===>> H2,-0.247261824653429,H1,-0.0442240017156202,AX,-0.0247525129138207,L1,-0.0170918603917248,L2,0.0...
GetData ===>> H2,0.446219681630257,H1,2.26636731226255,AX,1.16279459789231,L1,0.0985553590222506,L2,0.464253316...
GetData ===>> H2,0.828069668898146,H1,6.1647775186364,AX,1.40406600229449,L1,0.189045926699952,L2,0.77457186313...
GetData ===>> H2,0.289112362117664,H1,7.31476924501899,AX,1.04146355608574,L1,0.133688474924191,L2,0.7247697025...
GetData ===>> H2,0.0070437920666593,H1,7.68500430938224,AX,1.01225112206534,L1,0.0948306407305611,L2,0.66847585...
GetData ===>> H2,-0.00971660729643118,H1,7.94364389329163,AX,0.871323314276652,L1,0.0536591319611219,L2,0.58872...
GetData ===>> H2,-0.0376202790494295,H1,8.04570514091092,AX,0.886760102776874,L1,0.0354238479746742,L2,0.773015...
GetData ===>> H2,-0.0531487807705992,H1,8.09469793040496,AX,0.829254420127386,L1,0.0551943089303766,L2,0.694102...
GetData ===>> H2,-0.10471978265027,H1,8.20450016913201,AX,0.784536865407021,L1,0.0750310679707823,L2,0.78416449...
GetData ===>> H2,-0.0453292916211705,H1,8.14920604095943,AX,0.906336289989198,L1,0.0680600215516925,L2,0.661730...
GetData ===>> H2,-0.105763106534761,H1,8.24033163085611,AX,0.776952898441844,L1,0.0543713480518437,L2,0.6925013...
Equilibration Finished
13:39:09 -- ******* Equilibration Finished *******
checking ownership. requestor=129.138.12.150
check software interlocks R
interlocks []
actuate state mode=None-script, software_lock=False
doing actuation None-script close_channel True
GetData ===>> H2,-0.0818229710770109,H1,8.26198551816206,AX,0.782999054951847,L1,0.0609557097655129,L2,0.730558...
Close R ===>> OK
set states for children of R. state=False
handle state [('R', False)]
update switch state R False args=() kw={'refresh': False} ncanvase=2
refresh_canvas_needed fired
GetIndicatorState R ===>> False
change switch state (True, True)
update switch state R False args=() kw={} ncanvase=2
13:39:10 -- CLOSE  VALVE-R (Jan Inlet)
Post Equilibration Started jan_pump_extraction_line.py
13:39:10 -- ******* Post Equilibration Started jan_pump_extraction_line.py *******
testing...
no interpolation path defined
calculate duration
testing...
no interpolation path defined
executed snippet estimated_duration=4.0, duration=0.000123023986816
executed snippet estimated_duration=4.0, duration=0.00105690956116
Pump after analysis
doing GOSUB
testing...
no interpolation path defined
executed snippet estimated_duration=4.0, duration=0.000195026397705
Pump Microbone
close () {'description': 'Jan Inlet'}
closing name=--- desc=Jan Inlet
checking ownership. requestor=129.138.12.150
check software interlocks R
interlocks []
actuate state mode=None-script, software_lock=False
doing actuation None-script close_channel False
Close R ===>> OK
GetIndicatorState R ===>> False
change switch state (True, True)
update switch state R False args=() kw={} ncanvase=2
13:39:11 -- CLOSE  VALVE-R (Jan Inlet)
---------------------------------------- close None (Jan Inlet) result=[(True, True)]
measurement finished
estimated time: 12.583 actual time: :12.680
flush and close file /Users/jan/PychronDev/data/isotopes/c8/03546a-6c79-41c6-a2c0-ed6d66287291.h5
set_fits () {}
using default fits file=/Users/jan/PychronDev/scripts/measurement/fits/nominal_linear.yaml
set "Ar40" to "('Linear', 'SEM')"
No fit for "PM41". defaulting to linear. check the measurement script "jan_unknown120_60.py"
set "PM41" to "linear"
set "Ar36" to "('Linear', 'SEM')"
set "Ar37" to "('linear', 'SEM')"
set "Ar38" to "('linear', 'SEM')"
set "Ar39" to "('Linear', 'SEM')"
set_baseline_fits () {}
using default fits file=/Users/jan/PychronDev/scripts/measurement/fits/nominal_linear.yaml
set "H1" to "('average', 'SEM')"
set "H2" to "('average', 'SEM')"
set "CDD" to "('average', 'SEM')"
set "L2" to "('average', 'SEM')"
set "L1" to "('average', 'SEM')"
set "AX" to "('average', 'SEM')"
multicollect () {'integration_time': 1, 'ncounts': 120}
build tables- signal [Detector(H2), Detector(H1), Detector(AX), Detector(L1), Detector(L2), Detector(CDD)]
add group /signal/PM41 (Group) '' table H2
add group /signal/Ar40 (Group) '' table H1
add group /signal/Ar39 (Group) '' table AX
add group /signal/Ar38 (Group) '' table L1
add group /signal/Ar37 (Group) '' table L2
add group /signal/Ar36 (Group) '' table CDD
flush and close file /Users/jan/PychronDev/data/isotopes/c8/03546a-6c79-41c6-a2c0-ed6d66287291.h5
measuring signal. ncounts=120
"signal" increment series count="2" fit count="1" regressing="True"
action=close, ok=True, locked=[False]
is_closed ('F',) {}
is F () closed?
is closed True
open () {'description': 'CO2 Laser to Jan'}
opening name=--- desc=CO2 Laser to Jan
checking ownership. requestor=129.138.12.150
check software interlocks A
interlocks []
actuate state mode=None-script, software_lock=False
doing actuation None-script open_channel False
Open A ===>> OK
GetIndicatorState A ===>> OK
change switch state (True, True)
update switch state A True args=() kw={} ncanvase=2
13:39:11 -- OPEN   VALVE-A (CO2 Laser to Jan)
---------------------------------------- open None (CO2 Laser to Jan) result=[(True, True)], time=0.12 sec
action=open, ok=True, locked=[False]
sleep (1,) {}
SLEEP 1.0
starting measurement
GetData ===>> H2,-0.120191254383122,H1,8.26030820608625,AX,0.992648943584967,L1,0.0258266107677195,L2,0.7800205...
close () {'description': 'CO2 Laser to Roughing'}
closing name=--- desc=CO2 Laser to Roughing
checking ownership. requestor=129.138.12.150
check software interlocks G
interlocks []
actuate state mode=None-script, software_lock=True
VALVE-G(CO2 Laser to Roughing) software locked
change switch state (True, False)
---------------------------------------- close None (CO2 Laser to Roughing) result=[(True, False)]
action=close, ok=True, locked=[True]
open () {'description': 'Microbone to Turbo'}
opening name=--- desc=Microbone to Turbo
checking ownership. requestor=129.138.12.150
check software interlocks U
interlocks []
actuate state mode=None-script, software_lock=False
doing actuation None-script open_channel True
GetData ===>> H2,-0.170684797476348,H1,8.17147410247487,AX,0.864788170582733,L1,0.00145470212235362,L2,0.713444...
Open U ===>> OK
GetIndicatorState U ===>> OK
change switch state (True, True)
update switch state U True args=() kw={} ncanvase=2
13:39:12 -- OPEN   VALVE-U (Microbone to Turbo)
---------------------------------------- open None (Microbone to Turbo) result=[(True, True)], time=0.18 sec
action=open, ok=True, locked=[False]
open () {'description': 'Microbone to Getter NP-10'}
opening name=--- desc=Microbone to Getter NP-10
checking ownership. requestor=129.138.12.150
check software interlocks M
interlocks []
actuate state mode=None-script, software_lock=False
doing actuation None-script open_channel False
Open M ===>> OK
GetIndicatorState M ===>> OK
change switch state (True, True)
update switch state M True args=() kw={} ncanvase=2
13:39:13 -- OPEN   VALVE-M (Microbone to Getter NP-10)
---------------------------------------- open None (Microbone to Getter NP-10) result=[(True, True)], time=0.12 sec
action=open, ok=True, locked=[False]
open () {'description': 'Microbone to Getter D-50'}
opening name=--- desc=Microbone to Getter D-50
checking ownership. requestor=129.138.12.150
check software interlocks K
interlocks []
actuate state mode=None-script, software_lock=False
doing actuation None-script open_channel False
GetData ===>> H2,-0.165503798877515,H1,8.20235191492305,AX,0.752702134103563,L1,0.00853972375626074,L2,0.682963...
Open K ===>> OK
GetIndicatorState K ===>> OK
change switch state (True, True)
update switch state K True args=() kw={} ncanvase=2
13:39:13 -- OPEN   VALVE-K (Microbone to Getter D-50)
---------------------------------------- open None (Microbone to Getter D-50) result=[(True, True)], time=0.40 sec
action=open, ok=True, locked=[False]
open () {'description': 'Microbone to CO2 Laser'}
opening name=--- desc=Microbone to CO2 Laser
checking ownership. requestor=129.138.12.150
check software interlocks T
interlocks []
actuate state mode=None-script, software_lock=False
doing actuation None-script open_channel False
Open T ===>> OK
GetIndicatorState T ===>> OK
change switch state (True, True)
update switch state T True args=() kw={} ncanvase=2
13:39:14 -- OPEN   VALVE-T (Microbone to CO2 Laser)
---------------------------------------- open None (Microbone to CO2 Laser) result=[(True, True)], time=0.42 sec
action=open, ok=True, locked=[False]
open () {'description': 'Microbone to Inlet Pipette'}
opening name=--- desc=Microbone to Inlet Pipette
checking ownership. requestor=129.138.12.150
check software interlocks S
interlocks []
actuate state mode=None-script, software_lock=False
doing actuation None-script open_channel False
GetData ===>> H2,-0.257078030074282,H1,8.29560014012467,AX,0.92487901892721,L1,0.0518451327834519,L2,0.72613113...
Open S ===>> OK
GetIndicatorState S ===>> OK
change switch state (True, True)
update switch state S True args=() kw={} ncanvase=2
13:39:15 -- OPEN   VALVE-S (Microbone to Inlet Pipette)
---------------------------------------- open None (Microbone to Inlet Pipette) result=[(True, True)], time=0.40 sec
action=open, ok=True, locked=[False]
sleep (1,) {}
SLEEP 1.0
testing H1>-5.0
evaluate ot="H1.bs>-5.0" t="H1>-5.0", ctx="{'H1': None}"
GetData ===>> H2,-0.204376151346096,H1,8.25942607501047,AX,0.812173467653757,L1,0.0453580620402076,L2,0.7502626...
set_resource () {'name': 'CO2PumpTimeFlag', 'value': 30}
Set CO2PumpTimeFlag 30 ===>> OK
release ('JanCO2Flag',) {}
release JanCO2Flag
Set JanCO2Flag 0 ===>> OK
executed snippet estimated_duration=6.0, duration=5.8837211132
PumpMicrobone.py completed successfully
gosub finished
get_resource_value () {'name': 'JanMiniboneFlag'}
Read JanMiniboneFlag ===>> 0
Get Resource Value JanMiniboneFlag=0.0
get resource value 0.0
get_resource_value () {'name': 'JanMiniboneFlag'}
Read JanMiniboneFlag ===>> 0
Get Resource Value JanMiniboneFlag=0.0
executed snippet estimated_duration=4.0, duration=5.9043109417
jan_pump_extraction_line.py completed successfully
Post Equilibration Finished
13:39:16 -- ******* Post Equilibration Finished *******
GetData ===>> H2,-0.0960013745676633,H1,8.25855637562472,AX,0.848807449057837,L1,0.0169588509889105,L2,0.675244...
GetData ===>> H2,-0.152338889585266,H1,8.31732022603113,AX,0.801463009245641,L1,0.0268930533330984,L2,0.8057571...
GetData ===>> H2,-0.217236140510618,H1,8.39254965662188,AX,0.917839127688011,L1,0.00184961956084708,L2,0.662130...
GetData ===>> H2,-0.28262917381117,H1,8.40414640068763,AX,0.808401389725251,L1,-0.0106110193068215,L2,0.5778047...
testing H1>-5.0
evaluate ot="H1.bs>-5.0" t="H1>-5.0", ctx="{'H1': None}"
GetData ===>> H2,-0.196659983080443,H1,8.30503770041247,AX,0.764512273343123,L1,-0.000373239771865989,L2,0.7203...
GetData ===>> H2,-0.0993582120939518,H1,8.40642115448354,AX,0.815375191219864,L1,0.0163355488869666,L2,0.768883...
GetData ===>> H2,-0.126380923372743,H1,8.39412813011109,AX,0.777314026380971,L1,0.0276893559576738,L2,0.7872325...
GetData ===>> H2,-0.128277583385867,H1,8.40055413097385,AX,0.856086972758808,L1,0.0126553695421494,L2,0.8560105...
GetData ===>> H2,-0.159843694928971,H1,8.42225879362368,AX,0.930217552429532,L1,0.0320226804451669,L2,0.6458280...
testing H1>-5.0
evaluate ot="H1.bs>-5.0" t="H1>-5.0", ctx="{'H1': None}"
GetData ===>> H2,-0.201883769437085,H1,8.52205632207432,AX,0.786668869929236,L1,-0.00437842886624563,L2,0.69563...
GetData ===>> H2,-0.127359709815811,H1,8.47980543466773,AX,0.81294187174525,L1,-0.00784118901077394,L2,0.675153...
GetData ===>> H2,-0.087714042665401,H1,8.59605833084951,AX,0.798936909128396,L1,0.00233938670972385,L2,0.649508...
GetData ===>> H2,-0.202249101512105,H1,8.49899583263129,AX,0.937456509799655,L1,0.0189094711657682,L2,0.6972934...
GetData ===>> H2,-0.156560025210301,H1,8.5407073450517,AX,0.869808892719947,L1,0.019824855346017,L2,0.778887282...
testing H1>-5.0
evaluate ot="H1.bs>-5.0" t="H1>-5.0", ctx="{'H1': None}"
GetData ===>> H2,-0.172848805839414,H1,8.56753335975895,AX,0.801672550436582,L1,-0.015735360992189,L2,0.7493700...
GetData ===>> H2,-0.119757025951541,H1,8.58571977178724,AX,0.827542697281053,L1,0.0081113323133766,L2,0.7626224...
GetData ===>> H2,-0.0747057785964548,H1,8.65774311557608,AX,0.770744036454431,L1,0.0500735503189686,L2,0.739300...
GetData ===>> H2,-0.261159233148065,H1,8.67322921990688,AX,0.852033667083956,L1,-0.00410250827975771,L2,0.70933...
GetData ===>> H2,-0.292002423589604,H1,8.65991973852494,AX,0.957031188516212,L1,0.00475255790303372,L2,0.762450...
testing H1>-5.0
evaluate ot="H1.bs>-5.0" t="H1>-5.0", ctx="{'H1': None}"
13:39:36 -- collecting point 25
GetData ===>> H2,-0.197850851842419,H1,8.69702881024292,AX,0.772584521011898,L1,0.0328434226075626,L2,0.6844616...
GetData ===>> H2,-0.166960224129612,H1,8.66286758021542,AX,0.768635675856152,L1,0.0327244529139035,L2,0.7505944...
GetData ===>> H2,-0.215675964543094,H1,8.72087116047886,AX,0.747566217120227,L1,0.0386854787965037,L2,0.7526886...
GetData ===>> H2,-0.243293924660867,H1,8.76070350739042,AX,0.764710285871046,L1,0.0410617351432655,L2,0.6334718...
GetData ===>> H2,-0.168366529405686,H1,8.72116984656104,AX,0.856471346675426,L1,0.0226315905902288,L2,0.7933459...
testing H1>-5.0
evaluate ot="H1.bs>-5.0" t="H1>-5.0", ctx="{'H1': None}"
GetData ===>> H2,-0.159742403009462,H1,8.75497667279121,AX,0.906569363442896,L1,0.0289313772741819,L2,0.7505372...
GetData ===>> H2,-0.133515464707033,H1,8.80486047143731,AX,0.904028892768531,L1,0.0199413865934812,L2,0.7277214...
GetData ===>> H2,-0.0725732773132296,H1,8.8673929074554,AX,0.836008448973834,L1,0.00177279550243897,L2,0.715743...
GetData ===>> H2,-0.129048053223556,H1,8.80240681717799,AX,0.8632389046678,L1,0.0194848801266263,L2,0.604483702...
GetData ===>> H2,-0.218047345539084,H1,8.80036422508728,AX,0.763044663584856,L1,0.0193647502819743,L2,0.7074845...
testing H1>-5.0
evaluate ot="H1.bs>-5.0" t="H1>-5.0", ctx="{'H1': None}"
GetData ===>> H2,-0.227424528887537,H1,8.87879895474895,AX,0.861864388543404,L1,9.72165181624694E-05,L2,0.74828...
GetData ===>> H2,-0.182537640665305,H1,8.87041862623039,AX,0.83622970953668,L1,0.0204183378011041,L2,0.66298776...
GetData ===>> H2,-0.170244929760306,H1,8.8426066764294,AX,0.78819508752221,L1,0.00350628088389099,L2,0.66822430...
GetData ===>> H2,-0.30114923323453,H1,8.89192492036945,AX,0.815538190861402,L1,-0.028721940061458,L2,0.72519300...
GetData ===>> H2,-0.206151082574955,H1,8.88846269351735,AX,0.794885972428794,L1,-0.00484627692720791,L2,0.68487...
testing H1>-5.0
evaluate ot="H1.bs>-5.0" t="H1>-5.0", ctx="{'H1': None}"
GetData ===>> H2,-0.164053936645974,H1,9.07532343984882,AX,0.87039135977352,L1,-0.0099360183555757,L2,0.7738736...
GetData ===>> H2,-0.239955987715365,H1,9.04846534152568,AX,0.838116267305587,L1,-0.0148981021056895,L2,0.644536...
GetData ===>> H2,-0.232411657606935,H1,9.06289681765664,AX,0.818716738199931,L1,0.0384714507897251,L2,0.5756780...
GetData ===>> H2,-0.1724279089184,H1,9.05611701619213,AX,0.83716133845263,L1,0.0390293760008947,L2,0.7509263485...
GetData ===>> H2,-0.188259213668841,H1,9.05020997379553,AX,0.800066079452605,L1,0.0681418643172094,L2,0.6835468...
testing H1>-5.0
evaluate ot="H1.bs>-5.0" t="H1>-5.0", ctx="{'H1': None}"
GetData ===>> H2,-0.20911811316304,H1,9.11245006370642,AX,0.962534722063894,L1,0.0378630588928784,L2,0.70085050...
GetData ===>> H2,-0.144648421501835,H1,9.05164308635216,AX,0.762543817680012,L1,0.00975539866261671,L2,0.656128...
GetData ===>> H2,-0.00299483247517515,H1,9.05526957189802,AX,0.879792857995044,L1,0.00454723576135622,L2,0.7037...
GetData ===>> H2,-0.108851920088147,H1,8.97867991115391,AX,0.782230158798222,L1,0.026140046710158,L2,0.79783392...
GetData ===>> H2,-0.206221157667031,H1,9.13407385103084,AX,0.86759554956113,L1,-0.0163626597489512,L2,0.7097036...
testing H1>-5.0
evaluate ot="H1.bs>-5.0" t="H1>-5.0", ctx="{'H1': None}"
13:40:03 -- collecting point 50
GetData ===>> H2,-0.293126045456005,H1,9.16736625613719,AX,0.911464034292313,L1,0.0420816767030204,L2,0.6569741...
GetData ===>> H2,-0.218594404434912,H1,9.1454487086372,AX,0.814210915970797,L1,0.0354094236416016,L2,0.69094597...
GetData ===>> H2,-0.122313459065274,H1,9.21391104140452,AX,0.795665881098921,L1,0.0393215775915032,L2,0.6978881...
GetData ===>> H2,-0.0974436227086301,H1,9.26584541696977,AX,0.845709448196808,L1,0.0350740637119163,L2,0.734162...
GetData ===>> H2,-0.148372737447416,H1,9.17815831124502,AX,0.924249604049752,L1,0.0203354403790029,L2,0.6555221...
testing H1>-5.0
evaluate ot="H1.bs>-5.0" t="H1>-5.0", ctx="{'H1': None}"
GetData ===>> H2,-0.170829167512856,H1,9.3194814154528,AX,0.932618821897772,L1,-0.00850194069741453,L2,0.723385...
GetData ===>> H2,-0.154509106335369,H1,9.27114789271772,AX,0.812289892127835,L1,-0.000374439887358788,L2,0.6813...
GetData ===>> H2,-0.177417875486837,H1,9.34845727634792,AX,0.832060778897544,L1,0.0229488392736112,L2,0.7215664...
GetData ===>> H2,-0.148521306472168,H1,9.22241113047695,AX,0.923993176927653,L1,0.0179449239825607,L2,0.7390828...
GetData ===>> H2,-0.0891275298546311,H1,9.33397458626011,AX,0.871847542588351,L1,0.00575490511902611,L2,0.81391...
testing H1>-5.0
evaluate ot="H1.bs>-5.0" t="H1>-5.0", ctx="{'H1': None}"
GetData ===>> H2,-0.106768449921395,H1,9.26643179520326,AX,0.870682594601534,L1,-0.00248882125907085,L2,0.65116...
GetData ===>> H2,-0.0414190516938232,H1,9.37384426889907,AX,0.925741557004752,L1,0.00664749903989604,L2,0.63970...
GetData ===>> H2,-0.163574658331362,H1,9.33965505797436,AX,0.850030371159252,L1,0.0114933604649237,L2,0.7547714...
GetData ===>> H2,-0.15529952415768,H1,9.35251528563088,AX,0.908632087720251,L1,0.00309088947700958,L2,0.6219611...
GetData ===>> H2,-0.224441968384019,H1,9.41307945562351,AX,0.895592206810087,L1,0.018477035111237,L2,0.60019489...
testing H1>-5.0
evaluate ot="H1.bs>-5.0" t="H1>-5.0", ctx="{'H1': None}"
GetData ===>> H2,-0.274495427454715,H1,9.43581494493724,AX,0.776929599910966,L1,0.0227673814182694,L2,0.7903349...
GetData ===>> H2,-0.231807396740376,H1,9.43109572387108,AX,0.889451596146004,L1,0.00439955049301268,L2,0.673975...
GetData ===>> H2,-0.201387653854873,H1,9.54569050068918,AX,0.865848208774608,L1,0.0294130920859695,L2,0.7320576...
GetData ===>> H2,-0.167717383307247,H1,9.48506732558612,AX,0.885746442660655,L1,0.0204015179791745,L2,0.6755536...
GetData ===>> H2,-0.118133594988958,H1,9.56267677198361,AX,0.971198750771762,L1,-0.023134515864746,L2,0.7544739...
testing H1>-5.0
evaluate ot="H1.bs>-5.0" t="H1>-5.0", ctx="{'H1': None}"
GetData ===>> H2,-0.137150151563967,H1,9.53325564463989,AX,0.885862954783201,L1,0.0144178456557689,L2,0.7530777...
GetData ===>> H2,-0.244846805758194,H1,9.56380178774776,AX,0.897270163710363,L1,0.0224369202043061,L2,0.7490953...
GetData ===>> H2,-0.25286886476194,H1,9.44331869423423,AX,0.868143056099484,L1,0.017271117016597,L2,0.759028802...
GetData ===>> H2,-0.224810959847327,H1,9.54157871175412,AX,0.805840185219809,L1,0.0280280738735571,L2,0.6572027...
GetData ===>> H2,-0.171747965466969,H1,9.50441745334125,AX,0.791900050754222,L1,-0.00639242009012797,L2,0.64433...
testing H1>-5.0
evaluate ot="H1.bs>-5.0" t="H1>-5.0", ctx="{'H1': None}"
13:40:29 -- collecting point 75
GetData ===>> H2,-0.273627616415145,H1,9.63766526532683,AX,0.85096213159945,L1,0.00814373102944613,L2,0.6650114...
GetData ===>> H2,-0.163802824338947,H1,9.56138926875039,AX,0.884674537647031,L1,0.0146135619504731,L2,0.7050596...
GetData ===>> H2,-0.209115418665532,H1,9.5895179382554,AX,0.875470619535538,L1,0.0519702257121815,L2,0.71734507...
GetData ===>> H2,-0.107317765514264,H1,9.63355360734506,AX,0.884406563229563,L1,-0.0157941344289891,L2,0.633266...
GetData ===>> H2,-0.0106831401613382,H1,9.61893290707312,AX,0.911324183153964,L1,0.00546218992634876,L2,0.62167...
testing H1>-5.0
evaluate ot="H1.bs>-5.0" t="H1>-5.0", ctx="{'H1': None}"
GetData ===>> H2,-0.130153653635232,H1,9.61582158508849,AX,0.98704404860939,L1,0.0293914684839572,L2,0.66908184...
GetData ===>> H2,-0.151989164774905,H1,9.66601384548616,AX,0.915321673698397,L1,0.00215692165482919,L2,0.880506...
GetData ===>> H2,-0.205946245200953,H1,9.76612007854663,AX,0.889917663128726,L1,-0.00930773523236406,L2,0.72475...
GetData ===>> H2,-0.219734249983964,H1,9.71145254292429,AX,0.837149693036354,L1,0.0138451271695807,L2,0.6124442...
GetData ===>> H2,-0.0226472257112966,H1,9.82673993461558,AX,0.905101009958404,L1,0.0344129925579585,L2,0.672958...
testing H1>-5.0
evaluate ot="H1.bs>-5.0" t="H1>-5.0", ctx="{'H1': None}"
GetData ===>> H2,-0.175391730858217,H1,9.77790797827847,AX,0.83929247298156,L1,-0.0154390896655713,L2,0.7656554...
GetData ===>> H2,-0.112456526214001,H1,9.79064840692125,AX,0.909960645036006,L1,0.0134141089366063,L2,0.7204567...
GetData ===>> H2,-0.0979974515239358,H1,9.79560482632269,AX,0.944509471464788,L1,0.0184830410405071,L2,0.670282...
GetData ===>> H2,-0.155240075845092,H1,9.80356358134211,AX,0.8906866785067,L1,0.0192205963581782,L2,0.782916708...
GetData ===>> H2,-0.129280535603095,H1,9.9160786467152,AX,0.794071149122399,L1,-0.0146953742203707,L2,0.5924526...
testing H1>-5.0
evaluate ot="H1.bs>-5.0" t="H1>-5.0", ctx="{'H1': None}"
GetData ===>> H2,-0.0411747957379226,H1,9.80701532055492,AX,0.837895002472809,L1,-0.00180607581030172,L2,0.7302...
GetData ===>> H2,-0.138963003126187,H1,9.86205837466387,AX,0.938657226029664,L1,0.0108775979940538,L2,0.7175967...
GetData ===>> H2,-0.127010925432226,H1,9.85779150656245,AX,1.01143525748019,L1,-0.0140440711973248,L2,0.7456395...
GetData ===>> H2,-0.199269480915937,H1,9.90595085901604,AX,0.862714722510408,L1,-0.012222206250524,L2,0.6642911...
GetData ===>> H2,-0.199570175066401,H1,9.92419159627176,AX,0.865708422860665,L1,0.00520907012195406,L2,0.584127...
testing H1>-5.0
evaluate ot="H1.bs>-5.0" t="H1>-5.0", ctx="{'H1': None}"
GetData ===>> H2,-0.126460689515517,H1,9.9084420289812,AX,0.747740903739436,L1,0.011800655617397,L2,0.715331717...
GetData ===>> H2,-0.185294931235494,H1,9.97478646375198,AX,0.888635984271467,L1,0.0118714788759233,L2,0.6631249...
GetData ===>> H2,-0.1562222841206,H1,9.99284013963868,AX,0.813267863184759,L1,0.0144946908642709,L2,0.652972822...
GetData ===>> H2,-0.135377575874013,H1,10.0102531337384,AX,0.968738228532645,L1,0.0450371234092504,L2,0.7008962...
GetData ===>> H2,-0.206241371555214,H1,9.96390150116648,AX,0.997776363662551,L1,0.000324051511213928,L2,0.74504...
testing H1>-5.0
evaluate ot="H1.bs>-5.0" t="H1>-5.0", ctx="{'H1': None}"
13:40:55 -- collecting point 100
GetData ===>> H2,-0.129711696711412,H1,10.0216839354862,AX,0.94729582290995,L1,0.0388321747717938,L2,0.70667246...
GetData ===>> H2,-0.167197769711188,H1,10.0588520221718,AX,0.879047229098277,L1,0.0314086695860759,L2,0.6793157...
GetData ===>> H2,-0.206341092874822,H1,10.064363234547,AX,0.864694980961584,L1,0.0333697902113267,L2,0.66550310...
GetData ===>> H2,-0.28683124483163,H1,10.0106412347684,AX,1.04640698540331,L1,0.0521253912100525,L2,0.650846495...
GetData ===>> H2,-0.253706521015292,H1,10.0819133604678,AX,0.852965446616838,L1,0.0386109292002036,L2,0.6762168...
testing H1>-5.0
evaluate ot="H1.bs>-5.0" t="H1>-5.0", ctx="{'H1': None}"
GetData ===>> H2,-0.152621338569223,H1,10.0295096808855,AX,0.893786104821386,L1,0.0221929866937294,L2,0.6968016...
GetData ===>> H2,-0.166798258377411,H1,10.1602043025742,AX,0.946269876743928,L1,-0.0188678664966816,L2,0.732389...
GetData ===>> H2,-0.0583348318926422,H1,10.0692484143276,AX,0.91109109836784,L1,-0.0315725709473434,L2,0.744724...
GetData ===>> H2,-0.0879363092464363,H1,10.1904837373183,AX,0.962931174995577,L1,-0.0161563631351245,L2,0.68934...
GetData ===>> H2,-0.15798383099956,H1,10.2428574789925,AX,0.901418569627831,L1,0.0191160860525415,L2,0.66943630...
testing H1>-5.0
evaluate ot="H1.bs>-5.0" t="H1>-5.0", ctx="{'H1': None}"
GetData ===>> H2,-0.136210491088666,H1,10.1717266502642,AX,0.976947984728811,L1,0.0262277144453774,L2,0.6276314...
GetData ===>> H2,-0.120730973114023,H1,10.2646468184827,AX,0.965974587774659,L1,0.0151010681422497,L2,0.6835468...
GetData ===>> H2,-0.0578886232356089,H1,10.2638067545728,AX,0.949429359053508,L1,0.00108860708304508,L2,0.72807...
GetData ===>> H2,-0.112372600692889,H1,10.2071993948887,AX,0.9332482906373,L1,-0.0241868136719978,L2,0.69746500...
GetData ===>> H2,-0.139518561825335,H1,10.1853091883319,AX,0.921836884543792,L1,-0.0309953235637628,L2,0.638889...
testing H1>-5.0
evaluate ot="H1.bs>-5.0" t="H1>-5.0", ctx="{'H1': None}"
GetData ===>> H2,-0.102132034174194,H1,10.3014908436797,AX,0.855888962543072,L1,-0.00761093503867254,L2,0.73270...
GetData ===>> H2,-0.144514663792139,H1,10.2938024447025,AX,0.871859192138326,L1,-0.0101494338518651,L2,0.714622...
GetData ===>> H2,-0.167606714356905,H1,10.2697500373839,AX,0.906464480320009,L1,0.0134873447178647,L2,0.7656325...
GetData ===>> H2,-0.16991299373431,H1,10.3091170862221,AX,0.923655160384798,L1,0.0681238107090036,L2,0.66280483...
GetData ===>> H2,-0.105118990525062,H1,10.3099324244526,AX,0.927956216638319,L1,0.064939658854438,L2,0.68778954...
testing H1>-5.0
evaluate ot="H1.bs>-5.0" t="H1>-5.0", ctx="{'H1': None}"
GetData ===>> H2,-0.0458588137520526,H1,10.3819953942335,AX,0.968376735218743,L1,0.0779654017676923,L2,0.657454...
measurement finished
estimated time: 125.829 actual time: :126.161
flush and close file /Users/jan/PychronDev/data/isotopes/c8/03546a-6c79-41c6-a2c0-ed6d66287291.h5
baselines () {'settling_time': 15.0, 'detector': 'H1', 'mass': 34.2, 'ncounts': 60}
%%%%%%%%%%%%%%%%%%%%%%%%%%%%%%%% Baseline
build tables- baseline [Detector(H2), Detector(H1), Detector(AX), Detector(L1), Detector(L2), Detector(CDD)]
add group baseline table H2
add group baseline table H1
add group baseline table AX
add group baseline table L1
add group baseline table L2
add group baseline table CDD
flush and close file /Users/jan/PychronDev/data/isotopes/c8/03546a-6c79-41c6-a2c0-ed6d66287291.h5
detector Detector(H1)
POSITION 34.2 H1
Mapping mass to dac mass func: "parabolic"
H1 map mass coeffs = [-0.00063987  0.15840543  0.57064999]
H1 map mass to dac 34.2 >> 5.23969599104
GetDeflection H1 ===>> 0
GetHighVoltage ===>> 4499.94659342336
positioning 34.2 (5.23966513497) on H1
setting magnet DAC
current  : 5.879005
requested: 5.239665
Delta Dac: 0.639340
Checking detector protection. dv=0.63934
Checking detector "CDD". Protection Threshold: 0.1 (V)
ProtectDetector CDD,On ===>> OK
GetDeflection CDD ===>> 2000
Protected = 2000
SetMagnetDAC 5.23966513497 ===>> OK
Magnet settling time: 0.500
GetMagnetMoving ===>> True
GetMagnetMoving ===>> True
GetMagnetMoving ===>> True
GetMagnetMoving ===>> True
GetMagnetMoving ===>> True
GetMagnetMoving ===>> True
GetMagnetMoving ===>> True
GetMagnetMoving ===>> True
GetMagnetMoving ===>> False
ProtectDetector CDD,Off ===>> OK
GetDeflection CDD ===>> 50
Delaying 15.0s for detectors to settle
Join finished
measuring baseline. ncounts=60
"baseline" increment series count="2" fit count="1" regressing="True"
starting measurement
GetData ===>> H2,-0.150605119550812,H1,0.0121653082728158,AX,0.00160132567289504,L1,-0.0136078125200022,L2,-0.0...
GetData ===>> H2,-0.151291086985379,H1,-0.0393114758258538,AX,-0.019602939904423,L1,-0.0151104221985858,L2,-0.0...
GetData ===>> H2,-0.062751218560446,H1,-0.0772818903591819,AX,-0.0601542500696791,L1,-0.0214623583999642,L2,0.0...
GetData ===>> H2,-0.0866840060112551,H1,-0.0212212859627801,AX,-0.140971087865612,L1,0.0273470462188369,L2,0.05...
testing H1>-5.0
evaluate ot="H1.bs>-5.0" t="H1>-5.0", ctx="{'H1': None}"
GetData ===>> H2,-0.219313894791092,H1,-0.060331102490818,AX,-0.0394922393866869,L1,0.0191196898381443,L2,0.003...
GetData ===>> H2,-0.184965818342385,H1,-0.0442955415733469,AX,-0.068791108011979,L1,-0.00216965252332092,L2,-0....
GetData ===>> H2,-0.10806592850611,H1,-0.100188308215609,AX,-0.0175035988575231,L1,-0.0243402146363083,L2,-0.07...
GetData ===>> H2,-0.146381724684724,H1,-0.0541556293579991,AX,-0.0596441297864997,L1,-0.00635763747863615,L2,-0...
GetData ===>> H2,-0.118144418630686,H1,-0.0344941046194645,AX,-0.0302265350100094,L1,-0.00899477805215309,L2,-0...
testing H1>-5.0
evaluate ot="H1.bs>-5.0" t="H1>-5.0", ctx="{'H1': None}"
GetData ===>> H2,-0.125829304873144,H1,-0.0193488778771787,AX,-0.0361873021145765,L1,-0.0456746958298122,L2,-0....
GetData ===>> H2,-0.212554422150168,H1,0.090108597473182,AX,-0.0480149807459157,L1,-0.0499126265768408,L2,0.085...
GetData ===>> H2,-0.28000567777983,H1,-0.033945577351857,AX,-0.096377545607932,L1,-0.0288680844905771,L2,0.0672...
GetData ===>> H2,-0.234680375372926,H1,-0.0272914636765485,AX,-0.0538355261626603,L1,-0.0418361564583668,L2,-0....
GetData ===>> H2,-0.197772633278306,H1,-0.0871148921328889,AX,-0.14513360655876,L1,-0.0244253032249147,L2,-0.01...
testing H1>-5.0
evaluate ot="H1.bs>-5.0" t="H1>-5.0", ctx="{'H1': None}"
GetData ===>> H2,-0.20135529773503,H1,0.0596222960481232,AX,-0.0211223242398919,L1,0.0141140726776455,L2,-0.064...
GetData ===>> H2,-0.292884415802829,H1,-0.0405038586402061,AX,-0.180954050135549,L1,-0.00674023959545553,L2,-0....
GetData ===>> H2,-0.299684310832205,H1,-0.0271841356370704,AX,-0.0931440779764359,L1,-0.00173407886438727,L2,0....
GetData ===>> H2,-0.184515295836107,H1,-0.0701657700432844,AX,-0.0279998513045706,L1,-0.0359389996385837,L2,-0....
GetData ===>> H2,-0.192578824857281,H1,-0.0161406577588562,AX,0.013980349019274,L1,-0.0101134652650577,L2,-0.07...
testing H1>-5.0
evaluate ot="H1.bs>-5.0" t="H1>-5.0", ctx="{'H1': None}"
GetData ===>> H2,-0.165575342210337,H1,-0.0926686212467718,AX,-0.129077046103864,L1,-0.00598221750608757,L2,-0....
GetData ===>> H2,-0.215455141728302,H1,-0.0875201102619848,AX,-0.196900915571342,L1,-0.0251179694602711,L2,-0.0...
GetData ===>> H2,-0.178810724010377,H1,-0.000861440209942543,AX,-0.0628323376839856,L1,-0.0450929029890622,L2,-...
GetData ===>> H2,-0.209973583661518,H1,-0.0452017086786104,AX,-0.0552964052176066,L1,-0.0240082424151064,L2,-0....
GetData ===>> H2,-0.255389712846474,H1,-0.00831646301333573,AX,-0.0327894776680122,L1,0.00497589551113036,L2,0....
testing H1>-5.0
evaluate ot="H1.bs>-5.0" t="H1>-5.0", ctx="{'H1': None}"
13:42:01 -- collecting point 25
GetData ===>> H2,-0.233703510057907,H1,-0.0579348734145889,AX,0.00218137596089495,L1,0.0310193748232059,L2,0.06...
GetData ===>> H2,-0.211786697722694,H1,-0.103775154730656,AX,-0.0852743654283541,L1,0.00797213901493161,L2,-0.0...
GetData ===>> H2,-0.225535440879833,H1,0.00841934797481971,AX,-0.0321864384087059,L1,-0.0400804280355323,L2,-0....
GetData ===>> H2,-0.22113397396615,H1,-0.0759588309110935,AX,-0.151255315984458,L1,-0.0672269969864462,L2,-0.01...
GetData ===>> H2,-0.135119305652071,H1,-0.0816562056191959,AX,-0.065429200741338,L1,-0.0401882237477438,L2,-0.0...
testing H1>-5.0
evaluate ot="H1.bs>-5.0" t="H1>-5.0", ctx="{'H1': None}"
GetData ===>> H2,-0.236207399135184,H1,0.0234875499128819,AX,-0.037868775453218,L1,-0.0365740415670583,L2,0.020...
GetData ===>> H2,-0.22057626064118,H1,-0.0326815682895053,AX,-0.0656610601442254,L1,-0.0448774156098281,L2,-0.0...
GetData ===>> H2,-0.169433963217095,H1,-0.124566411835913,AX,-0.125126343682101,L1,-0.0231656788850376,L2,-0.05...
GetData ===>> H2,-0.172816429708462,H1,-0.0301773522500824,AX,-0.168227131679032,L1,0.00176559327700591,L2,0.04...
GetData ===>> H2,0.0317447702289578,H1,-0.101010553494629,AX,-0.136773604517728,L1,-0.00218765102946915,L2,0.00...
testing H1>-5.0
evaluate ot="H1.bs>-5.0" t="H1>-5.0", ctx="{'H1': None}"
GetData ===>> H2,-0.0991998035723097,H1,-0.0686399698182736,AX,-0.0435855675056205,L1,-0.0361007594095236,L2,-0...
GetData ===>> H2,-0.206287189568003,H1,-0.108231721750917,AX,-0.094152375112193,L1,-0.0522516389785313,L2,-0.00...
GetData ===>> H2,-0.202931202883128,H1,-0.0724544267587611,AX,-0.00823580081291773,L1,-0.0345861067467749,L2,-0...
GetData ===>> H2,-0.188310454674092,H1,-0.0576487526753098,AX,-0.109773850752075,L1,-0.054726773020686,L2,-0.07...
GetData ===>> H2,-0.272918272338164,H1,0.0270908922536563,AX,-0.0823187124950466,L1,-0.0586993867812243,L2,-0.0...
testing H1>-5.0
evaluate ot="H1.bs>-5.0" t="H1>-5.0", ctx="{'H1': None}"
GetData ===>> H2,-0.115379995945624,H1,-0.0282574108523502,AX,-0.0730454931241654,L1,-0.0225543866288235,L2,0.0...
GetData ===>> H2,-0.195941085435798,H1,-0.0675790481368342,AX,-0.0893889484447377,L1,-0.0237086190899394,L2,0.0...
GetData ===>> H2,-0.200636698389328,H1,-0.0251687321908943,AX,0.0586175566777236,L1,-0.00173287891092876,L2,-0....
GetData ===>> H2,-0.172967517527816,H1,-0.00918717346480842,AX,0.0794475363394749,L1,-0.0149676764149173,L2,-0....
GetData ===>> H2,-0.134096984671713,H1,-0.0689260591326012,AX,-0.0991357592280802,L1,-0.0052817159727491,L2,-0....
testing H1>-5.0
evaluate ot="H1.bs>-5.0" t="H1>-5.0", ctx="{'H1': None}"
GetData ===>> H2,-0.176821273618196,H1,-0.0392876280246977,AX,-0.0654060147706735,L1,-0.0216397761008689,L2,0.0...
GetData ===>> H2,-0.106606085546837,H1,-0.0260035196069317,AX,-0.109426219087844,L1,-0.0346628035061422,L2,-0.0...
GetData ===>> H2,-0.1609308378611,H1,-0.0350664776934682,AX,-0.105439953882078,L1,-0.0437951202138659,L2,0.0371...
GetData ===>> H2,-0.173647387775178,H1,-0.020064451981505,AX,-0.0178631577199419,L1,0.0028231751924205,L2,0.011...
GetData ===>> H2,-0.23756069433006,H1,-0.0346014248201907,AX,0.00946710193299333,L1,-0.0123636523117584,L2,-0.0...
testing H1>-5.0
evaluate ot="H1.bs>-5.0" t="H1>-5.0", ctx="{'H1': None}"
13:42:27 -- collecting point 50
GetData ===>> H2,-0.200360301870652,H1,-0.113021714141559,AX,-0.0733237025645181,L1,0.0257257369046488,L2,6.838...
GetData ===>> H2,-0.19772003773287,H1,-0.0383933313777394,AX,-0.13305075794127,L1,-0.0232951242435531,L2,0.0109...
GetData ===>> H2,-0.230754909774704,H1,0.0285943118393696,AX,-0.0732541502790226,L1,-0.0133093719264691,L2,0.01...
GetData ===>> H2,-0.232519317620637,H1,-0.031417543263079,AX,-0.243405395807536,L1,-0.0124643415169655,L2,-0.00...
GetData ===>> H2,-0.247358683716536,H1,-0.108791757576143,AX,-0.064188743551478,L1,-0.0283877165399691,L2,0.029...
testing H1>-5.0
evaluate ot="H1.bs>-5.0" t="H1>-5.0", ctx="{'H1': None}"
GetData ===>> H2,-0.219427068880845,H1,-0.054656357593008,AX,0.0435246605430658,L1,-0.0390754768208857,L2,-0.14...
GetData ===>> H2,-0.312169263406551,H1,-0.0758515550539627,AX,-0.0859350285122279,L1,-0.0203402388420984,L2,-0....
GetData ===>> H2,-0.264633915204656,H1,-0.0444386211355006,AX,-0.0806032335361056,L1,-0.0266157869544599,L2,-0....
GetData ===>> H2,-0.0812580406633594,H1,0.0379255636966171,AX,-0.102948455182905,L1,-0.0342894999026414,L2,0.02...
GetData ===>> H2,-0.181545985017682,H1,-0.0665300358643648,AX,-0.0758507352203718,L1,-0.0403451243293194,L2,-0....
testing H1>-5.0
evaluate ot="H1.bs>-5.0" t="H1>-5.0", ctx="{'H1': None}"
GetData ===>> H2,-0.206994650028558,H1,-0.085315227083682,AX,-0.133921067711478,L1,-0.0597260979090557,L2,0.078...
measurement finished
estimated time: 62.915 actual time: :63.088
flush and close file /Users/jan/PychronDev/data/isotopes/c8/03546a-6c79-41c6-a2c0-ed6d66287291.h5
activate_detectors ('H1', 'AX', 'CDD') {'peak_center': True}
peak_center () {'detector': 'H1', 'integration_time': 0.262144, 'isotope': 'Ar40'}
peak center: mean=10.2787050387 threshold=3
peak center started
setup peak center. detector=['H1', 'AX', 'CDD'], isotope=Ar40
VersionedUnpickler [<apptools.sweet_pickle.versioned_unpickler.VersionedUnpickler object at 0x1e539a530>] using Updater [<apptools.sweet_pickle.updater.Updater object at 0x135230b30>]
VersionedUnpickler [<apptools.sweet_pickle.versioned_unpickler.VersionedUnpickler object at 0x1e539a530>] using Updater [<apptools.sweet_pickle.updater.Updater object at 0x135230b30>]
VersionedUnpickler [<apptools.sweet_pickle.versioned_unpickler.VersionedUnpickler object at 0x1efec1050>] using Updater [<apptools.sweet_pickle.updater.Updater object at 0x135230b30>]
setting integration time = 0.524288
SetIntegrationTime 0.524288 ===>> OK
Mapping mass to dac mass func: "parabolic"
H1 map mass coeffs = [-0.00063987  0.15840543  0.57064999]
H1 map mass to dac 39.9624 >> 5.87904
GetDeflection H1 ===>> 0
GetHighVoltage ===>> 4499.94659342336
do peak center. <pychron.spectrometer.jobs.peak_center.PeakCenter object at 0x1352309b0>
doing pc
starting peak center. center dac= 5.87900537888 step_width=0.001
width = 0.001
get scan parameters. half-width=0.015,window=0.015, i=0, scalar=1
Scan parameters center=5.87901 width=0.03000 (5.86401 - 5.89401)
GetData ===>> H2,-0.254089697774126,H1,0.0274607791052929,AX,-0.0712950738153223,L1,-0.00710243885879598,L2,-0....
Moving to starting dac 5.86400537888
setting magnet DAC
current  : 5.239665
requested: 5.864005
Delta Dac: 0.624340
Checking detector protection. dv=0.62434
Checking detector "CDD". Protection Threshold: 0.1 (V)
ProtectDetector CDD,On ===>> OK
GetDeflection CDD ===>> 2000
Protected = 2000
SetMagnetDAC 5.86400537888 ===>> OK
Magnet settling time: 0.500
GetMagnetMoving ===>> True
GetMagnetMoving ===>> True
GetMagnetMoving ===>> True
GetMagnetMoving ===>> True
GetMagnetMoving ===>> True
GetMagnetMoving ===>> True
GetMagnetMoving ===>> True
GetMagnetMoving ===>> True
GetMagnetMoving ===>> False
ProtectDetector CDD,Off ===>> OK
GetDeflection CDD ===>> 50
Wait until signal near baseline. tol= 0.020595584329. timeout= 10
GetData ===>> H2,-0.23173195062062,H1,-0.0376540401160639,AX,0.0913915085218667,L1,0.00593077684714038,L2,0.021...
Peak center baseline intensity achieved
_do_sweep sm= 5.86400537888, em= 5.89400537888, stm= 0.001
calculated step values: start=5.86400537888, end=5.89400537888, width=0.001, nsteps=31.0
setting magnet DAC
current  : 5.864005
requested: 5.864005
Delta Dac: 0.000000
Checking detector protection. dv=0.00000
Checking detector "CDD". Protection Threshold: 0.1 (V)
SetMagnetDAC 5.86400537888 ===>> OK
GetData ===>> H2,-0.23173195062062,H1,-0.0376540401160639,AX,0.0913915085218667,L1,0.00593077684714038,L2,0.021...
setting magnet DAC
current  : 5.864005
requested: 5.865040
Delta Dac: 0.001034
Checking detector protection. dv=0.00103
Checking detector "CDD". Protection Threshold: 0.1 (V)
SetMagnetDAC 5.86503986164 ===>> OK
Magnet settling time: 1.049
GetData ===>> H2,0.130454954522515,H1,0.173366817780019,AX,-0.0766853370932265,L1,-0.0337697904528308,L2,0.0157...
setting magnet DAC
current  : 5.865040
requested: 5.866074
Delta Dac: 0.001034
Checking detector protection. dv=0.00103
Checking detector "CDD". Protection Threshold: 0.1 (V)
SetMagnetDAC 5.8660743444 ===>> OK
Magnet settling time: 1.049
GetData ===>> H2,-0.165490300084812,H1,0.100474511728899,AX,-0.148086833695437,L1,0.031900115604743,L2,-0.01746...
setting magnet DAC
current  : 5.866074
requested: 5.867109
Delta Dac: 0.001034
Checking detector protection. dv=0.00103
Checking detector "CDD". Protection Threshold: 0.1 (V)
SetMagnetDAC 5.86710882716 ===>> OK
Magnet settling time: 1.049
GetData ===>> H2,-0.259472964005203,H1,0.135638367512114,AX,-0.150241273578586,L1,-0.0052277369484072,L2,-0.183...
setting magnet DAC
current  : 5.867109
requested: 5.868143
Delta Dac: 0.001034
Checking detector protection. dv=0.00103
Checking detector "CDD". Protection Threshold: 0.1 (V)
SetMagnetDAC 5.86814330992 ===>> OK
Magnet settling time: 1.049
GetData ===>> H2,-0.174039913323037,H1,0.803324111543025,AX,0.0201530462847667,L1,0.00430829888921698,L2,-0.021...
setting magnet DAC
current  : 5.868143
requested: 5.869178
Delta Dac: 0.001034
Checking detector protection. dv=0.00103
Checking detector "CDD". Protection Threshold: 0.1 (V)
SetMagnetDAC 5.86917779268 ===>> OK
Magnet settling time: 1.049
GetData ===>> H2,-0.126439058074565,H1,2.34591344666704,AX,0.18494164494505,L1,0.00320614086687972,L2,0.0262159...
setting magnet DAC
current  : 5.869178
requested: 5.870212
Delta Dac: 0.001034
Checking detector protection. dv=0.00103
Checking detector "CDD". Protection Threshold: 0.1 (V)
SetMagnetDAC 5.87021227544 ===>> OK
Magnet settling time: 1.049
GetData ===>> H2,-0.231516819643204,H1,5.08477370888578,AX,0.385005021344824,L1,0.00650608140620167,L2,0.055333...
setting magnet DAC
current  : 5.870212
requested: 5.871247
Delta Dac: 0.001034
Checking detector protection. dv=0.00103
Checking detector "CDD". Protection Threshold: 0.1 (V)
SetMagnetDAC 5.8712467582 ===>> OK
Magnet settling time: 1.049
GetData ===>> H2,-0.221847832524474,H1,7.93238706477226,AX,0.485922225384157,L1,0.000788539106578921,L2,0.05246...
setting magnet DAC
current  : 5.871247
requested: 5.872281
Delta Dac: 0.001034
Checking detector protection. dv=0.00103
Checking detector "CDD". Protection Threshold: 0.1 (V)
SetMagnetDAC 5.87228124095 ===>> OK
Magnet settling time: 1.049
GetData ===>> H2,-0.192442308355943,H1,10.129332583019,AX,0.78853295570761,L1,-0.00879213009014128,L2,0.4698951...
setting magnet DAC
current  : 5.872281
requested: 5.873316
Delta Dac: 0.001034
Checking detector protection. dv=0.00103
Checking detector "CDD". Protection Threshold: 0.1 (V)
SetMagnetDAC 5.87331572371 ===>> OK
Magnet settling time: 1.049
GetData ===>> H2,-0.191696228064279,H1,11.2036811618251,AX,0.899598019744623,L1,0.0157490160826043,L2,0.4120992...
setting magnet DAC
current  : 5.873316
requested: 5.874350
Delta Dac: 0.001034
Checking detector protection. dv=0.00103
Checking detector "CDD". Protection Threshold: 0.1 (V)
SetMagnetDAC 5.87435020647 ===>> OK
Magnet settling time: 1.049
GetData ===>> H2,-0.239238471630533,H1,11.6538617963141,AX,0.911403559886082,L1,-0.0275192189962495,L2,0.714444...
setting magnet DAC
current  : 5.874350
requested: 5.875385
Delta Dac: 0.001034
Checking detector protection. dv=0.00103
Checking detector "CDD". Protection Threshold: 0.1 (V)
SetMagnetDAC 5.87538468923 ===>> OK
Magnet settling time: 1.049
GetData ===>> H2,-0.0791172822995646,H1,11.7156582350232,AX,1.0294208218606,L1,-0.0162502436701224,L2,0.7148333...
setting magnet DAC
current  : 5.875385
requested: 5.876419
Delta Dac: 0.001034
Checking detector protection. dv=0.00103
Checking detector "CDD". Protection Threshold: 0.1 (V)
SetMagnetDAC 5.87641917199 ===>> OK
Magnet settling time: 1.049
GetData ===>> H2,-0.0911869722269994,H1,11.7683739183114,AX,0.989700798714302,L1,-0.0131247897803276,L2,0.63039...
setting magnet DAC
current  : 5.876419
requested: 5.877454
Delta Dac: 0.001034
Checking detector protection. dv=0.00103
Checking detector "CDD". Protection Threshold: 0.1 (V)
SetMagnetDAC 5.87745365475 ===>> OK
Magnet settling time: 1.049
GetData ===>> H2,-0.106977926261893,H1,11.8215706208078,AX,1.08490198976061,L1,-0.0308436092235323,L2,0.6518372...
setting magnet DAC
current  : 5.877454
requested: 5.878488
Delta Dac: 0.001034
Checking detector protection. dv=0.00103
Checking detector "CDD". Protection Threshold: 0.1 (V)
SetMagnetDAC 5.87848813751 ===>> OK
Magnet settling time: 1.049
GetData ===>> H2,-0.191944029139855,H1,11.7205045594711,AX,1.12235031136244,L1,-0.056417440755732,L2,0.59224681...
setting magnet DAC
current  : 5.878488
requested: 5.879523
Delta Dac: 0.001034
Checking detector protection. dv=0.00103
Checking detector "CDD". Protection Threshold: 0.1 (V)
SetMagnetDAC 5.87952262026 ===>> OK
Magnet settling time: 1.049
GetData ===>> H2,-0.16695347560283,H1,11.8139405839035,AX,0.935181961264262,L1,0.0270419799634949,L2,0.70834218...
setting magnet DAC
current  : 5.879523
requested: 5.880557
Delta Dac: 0.001034
Checking detector protection. dv=0.00103
Checking detector "CDD". Protection Threshold: 0.1 (V)
SetMagnetDAC 5.88055710302 ===>> OK
Magnet settling time: 1.049
GetData ===>> H2,-0.15645870394007,H1,11.7775159909466,AX,0.899923991858242,L1,-0.0192549411223635,L2,0.6964123...
setting magnet DAC
current  : 5.880557
requested: 5.881592
Delta Dac: 0.001034
Checking detector protection. dv=0.00103
Checking detector "CDD". Protection Threshold: 0.1 (V)
SetMagnetDAC 5.88159158578 ===>> OK
Magnet settling time: 1.049
GetData ===>> H2,-0.0803123629211208,H1,11.7982527302282,AX,1.03200877718411,L1,-0.000865275131783556,L2,0.5300...
setting magnet DAC
current  : 5.881592
requested: 5.882626
Delta Dac: 0.001034
Checking detector protection. dv=0.00103
Checking detector "CDD". Protection Threshold: 0.1 (V)
SetMagnetDAC 5.88262606854 ===>> OK
Magnet settling time: 1.049
GetData ===>> H2,-0.168697161249667,H1,11.8645314085426,AX,0.994315325635724,L1,0.00401053624803786,L2,0.622489...
setting magnet DAC
current  : 5.882626
requested: 5.883661
Delta Dac: 0.001034
Checking detector protection. dv=0.00103
Checking detector "CDD". Protection Threshold: 0.1 (V)
SetMagnetDAC 5.8836605513 ===>> OK
Magnet settling time: 1.049
GetData ===>> H2,-0.212170566452361,H1,11.8567466333072,AX,1.09980960518344,L1,0.0268834452389248,L2,0.47855268...
setting magnet DAC
current  : 5.883661
requested: 5.884695
Delta Dac: 0.001034
Checking detector protection. dv=0.00103
Checking detector "CDD". Protection Threshold: 0.1 (V)
SetMagnetDAC 5.88469503406 ===>> OK
Magnet settling time: 1.049
GetData ===>> H2,-0.155367078679898,H1,11.5295958870764,AX,0.925539483653264,L1,0.0240686679030782,L2,0.6562915...
setting magnet DAC
current  : 5.884695
requested: 5.885730
Delta Dac: 0.001034
Checking detector protection. dv=0.00103
Checking detector "CDD". Protection Threshold: 0.1 (V)
SetMagnetDAC 5.88572951682 ===>> OK
Magnet settling time: 1.049
GetData ===>> H2,-0.303061931148335,H1,10.7672756767988,AX,0.839963411218243,L1,-0.00201006436151159,L2,0.43305...
setting magnet DAC
current  : 5.885730
requested: 5.886764
Delta Dac: 0.001034
Checking detector protection. dv=0.00103
Checking detector "CDD". Protection Threshold: 0.1 (V)
SetMagnetDAC 5.88676399957 ===>> OK
Magnet settling time: 1.049
GetData ===>> H2,-0.281382745345521,H1,9.00110968994825,AX,0.557215455340237,L1,-0.00167888085722641,L2,0.25675...
setting magnet DAC
current  : 5.886764
requested: 5.887798
Delta Dac: 0.001034
Checking detector protection. dv=0.00103
Checking detector "CDD". Protection Threshold: 0.1 (V)
SetMagnetDAC 5.88779848233 ===>> OK
Magnet settling time: 1.049
GetData ===>> H2,-0.154723943300353,H1,6.20431754418853,AX,0.397420894763839,L1,0.0261364439428199,L2,0.0319566...
setting magnet DAC
current  : 5.887798
requested: 5.888833
Delta Dac: 0.001034
Checking detector protection. dv=0.00103
Checking detector "CDD". Protection Threshold: 0.1 (V)
SetMagnetDAC 5.88883296509 ===>> OK
Magnet settling time: 1.049
GetData ===>> H2,-0.123110028776048,H1,3.25351870526982,AX,0.240803795077324,L1,-0.0185721341276778,L2,0.146363...
setting magnet DAC
current  : 5.888833
requested: 5.889867
Delta Dac: 0.001034
Checking detector protection. dv=0.00103
Checking detector "CDD". Protection Threshold: 0.1 (V)
SetMagnetDAC 5.88986744785 ===>> OK
Magnet settling time: 1.049
GetData ===>> H2,-0.273085664661943,H1,1.3913906376233,AX,-0.0351784041664603,L1,-0.0534681886586233,L2,-0.1375...
setting magnet DAC
current  : 5.889867
requested: 5.890902
Delta Dac: 0.001034
Checking detector protection. dv=0.00103
Checking detector "CDD". Protection Threshold: 0.1 (V)
SetMagnetDAC 5.89090193061 ===>> OK
Magnet settling time: 1.049
GetData ===>> H2,-0.0963105479441241,H1,0.487029386893068,AX,0.00736717911784582,L1,-0.0330999304246559,L2,0.03...
setting magnet DAC
current  : 5.890902
requested: 5.891936
Delta Dac: 0.001034
Checking detector protection. dv=0.00103
Checking detector "CDD". Protection Threshold: 0.1 (V)
SetMagnetDAC 5.89193641337 ===>> OK
Magnet settling time: 1.049
GetData ===>> H2,-0.126374163504365,H1,0.0494297361106401,AX,-0.0496730600203563,L1,-0.0312312635229346,L2,-0.0...
setting magnet DAC
current  : 5.891936
requested: 5.892971
Delta Dac: 0.001034
Checking detector protection. dv=0.00103
Checking detector "CDD". Protection Threshold: 0.1 (V)
SetMagnetDAC 5.89297089613 ===>> OK
Magnet settling time: 1.049
GetData ===>> H2,-0.171077425703018,H1,0.0699591365837861,AX,-0.181764768761088,L1,-0.037927864944407,L2,-0.101...
setting magnet DAC
current  : 5.892971
requested: 5.894005
Delta Dac: 0.001034
Checking detector protection. dv=0.00103
Checking detector "CDD". Protection Threshold: 0.1 (V)
SetMagnetDAC 5.89400537888 ===>> OK
Magnet settling time: 1.049
GetData ===>> H2,-0.204795313607063,H1,-0.0890337046423937,AX,-0.151955524984803,L1,-0.051128263147409,L2,-0.05...
result of _do_sweep=True
result of _calculate_peak_center=([5.8716707095460485, 5.87927591996689, 5.8868811303877315], [8.8327384845746089, 11.864406602526802, 8.6844388357692175], 5.8826426534338241, 11.864406602526802)
Failed to find a valid peak. No peak greater than 1.0. max = 0.0166574306462
new center pos Detector(H1) (Ar40) @ 5.87927591997
GetHighVoltage ===>> 4499.94659342336
GetDeflection H1 ===>> 0
dac uncorrected for HV and deflection 5.87931054268
update mftable H1 Ar40 5.87931054268 message=automated run peakcenter
get initial guess parabolic
get initial guess parabolic
get initial guess parabolic
get initial guess parabolic
get initial guess parabolic
get initial guess parabolic
dump mftable to /Users/jan/PychronDev/setupfiles/spectrometer/mftables/mftable.csv
add to repo msg=modified - automated run peakcenter
sweep finished
locally archiving mftable
setting magnet DAC
current  : 5.894005
requested: 5.879276
Delta Dac: 0.014729
Checking detector protection. dv=0.01473
Checking detector "CDD". Protection Threshold: 0.1 (V)
SetMagnetDAC 5.87927591997 ===>> OK
Magnet settling time: 0.500
setting integration time = 1.048576
SetIntegrationTime 1.048576 ===>> OK
Failed to find a valid peak. No peak greater than 1.0. max = 0.0166574306462
flush and close file /Users/jan/PychronDev/data/isotopes/c8/03546a-6c79-41c6-a2c0-ed6d66287291.h5
finished measure script
executed snippet estimated_duration=226.132928, duration=263.91738987
jan_unknown120_60.py completed successfully
Measurement Finished
13:43:15 -- ******* Measurement Finished *******
Post Measurement Started jan_pump_ms.py
13:43:15 -- ******* Post Measurement Started jan_pump_ms.py *******
testing...
no interpolation path defined
executed snippet estimated_duration=0, duration=2.98023223877e-05
Pumping spectrometer
open () {'name': 'O'}
opening name=O desc=---
checking ownership. requestor=129.138.12.150
check software interlocks O
interlocks []
actuate state mode=None-script, software_lock=False
doing actuation None-script open_channel True
Open O ===>> OK
GetIndicatorState O ===>> OK
change switch state (True, True)
update switch state O True args=() kw={} ncanvase=2
13:43:15 -- OPEN   VALVE-O (Jan Ion Pump)
---------------------------------------- open O () result=[(True, True)], time=0.11 sec
action=open, ok=True, locked=[False]
executed snippet estimated_duration=0, duration=0.360413074493
jan_pump_ms.py completed successfully
setting _ms_pumptime
Post Measurement Finished
13:43:15 -- ******* Post Measurement Finished *******
$$$$$$$$$$$$$$$$$$$$ state at run end measurement
state changed from measurement to success
post measurement save measured=True aborted=False
Set filtering
setting fod for Ar40= {'filter_outliers': True, 'std_devs': 2, 'iterations': 1}
setting fod for H1= {'filter_outliers': True, 'std_devs': 2, 'iterations': 1}
setting fod for PM41= {'filter_outliers': False, 'std_devs': 2, 'iterations': 1}
setting fod for H2= {'filter_outliers': True, 'std_devs': 2, 'iterations': 1}
setting fod for Ar36= {'filter_outliers': True, 'std_devs': 2, 'iterations': 1}
setting fod for CDD= {'filter_outliers': True, 'std_devs': 10, 'iterations': 1}
setting fod for Ar37= {'filter_outliers': True, 'std_devs': 2, 'iterations': 1}
setting fod for L2= {'filter_outliers': True, 'std_devs': 2, 'iterations': 1}
setting fod for Ar38= {'filter_outliers': True, 'std_devs': 2, 'iterations': 1}
setting fod for L1= {'filter_outliers': True, 'std_devs': 2, 'iterations': 1}
setting fod for Ar39= {'filter_outliers': True, 'std_devs': 2, 'iterations': 1}
setting fod for AX= {'filter_outliers': True, 'std_devs': 2, 'iterations': 1}
persistence save...
persistence save - db
post measurement save
8235173456 connecting to database sqlite:////Users/jan/PychronDev/.appdata/local_lab.db
connected to db sqlite:////Users/jan/PychronDev/.appdata/local_lab.db
create new session 8235173456
close session 8235173456
No database instance. Not saving post measurement to isotopedb database
$$$$$$$$$$$$$$$ auto_save_detector_ic=False
massspec enabled True
create new session 4985539184
MassSpec Database Version: 16.0
close session 4985539184
saving post measurement to secondary database
saving to massspec database 129.138.12.160/massspecdata
setting labnumber to 25319
setting aliquot to 1
setting step to 
setting uuid to c803546a-6c79-41c6-a2c0-ed6d66287291
setting irradpos to 25319
setting extract_device to Fusions CO2
setting tray to 
setting position to 91
setting power_requested to 5.0
setting extract_value to 5.0
setting duration to 30.0
setting duration_at_request to 30.0
setting first_stage_delay to 30.0
setting cleanup to 30.0
setting comment to J:16
setting irradiation to NM-288
setting level to J
setting irradiation_level to J
setting sample to FC-2
setting material to 
setting project to 
setting mass_spectrometer to jan
no attribute chron_dosages
no attribute production_ratios
no attribute interference_corrections
no attribute production_name
no attribute j
Reference Isotope=Ar40
Reference Detector=H1
%%%%%%%%%%%%%%%%%%%% Comment: J:16 %%%%%%%%%%%%%%%%%%%
adding isotope PM41 H2
add baseline dbdet= PM41. original det= H2
get baseline data PM41 H2
Get data baseline <pychron.processing.isotope.Baseline object at 0x1df608650> len t=60
baseline PM41. v=-0.192028744493, e=0.00671468915298
get signal data PM41 H2
Get data signal PM41 0.00+/-0.06 len t=120
adding isotope Ar40 H1
add baseline dbdet= Ar40. original det= H1
get baseline data Ar40 H1
Get data baseline <pychron.processing.isotope.Baseline object at 0x1df608210> len t=60
baseline Ar40. v=-0.0471923074401, e=0.00500264400415
get signal data Ar40 H1
Get data signal Ar40 8.054+/-0.010 len t=120
adding isotope Ar39 AX
add baseline dbdet= Ar39. original det= AX
get baseline data Ar39 AX
Get data baseline <pychron.processing.isotope.Baseline object at 0x1cfb3cf90> len t=60
baseline Ar39. v=-0.0703043851921, e=0.00648947779313
get signal data Ar39 AX
Get data signal Ar39 0.867+/-0.011 len t=120
adding isotope Ar38 L1
add baseline dbdet= Ar38. original det= L1
get baseline data Ar38 L1
Get data baseline <pychron.processing.isotope.Baseline object at 0x1cfb3cc50> len t=60
baseline Ar38. v=-0.0230126929386, e=0.00252446680122
get signal data Ar38 L1
Get data signal Ar38 0.042+/-0.004 len t=120
adding isotope Ar37 L2
add baseline dbdet= Ar37. original det= L2
get baseline data Ar37 L2
Get data baseline <pychron.processing.isotope.Baseline object at 0x1e5d12a50> len t=60
baseline Ar37. v=-0.0173030337052, e=0.00691950356145
get signal data Ar37 L2
Get data signal Ar37 0.745+/-0.011 len t=120
adding isotope Ar36 CDD
add baseline dbdet= Ar36. original det= CDD
get baseline data Ar36 CDD
Get data baseline <pychron.processing.isotope.Baseline object at 0x1e5d12a10> len t=60
baseline Ar36. v=1.98487215409e-05, e=7.47823212825e-06
get signal data Ar36 CDD
Get data signal Ar36 0.00863+/-0.00023 len t=120
25319-01 added analysis time 0.522057056427s
analysis added to mass spec database
mass spec save time= 0.546
persistence save - dvc
================= post measurement started
create new session 4989601072
close session 4989601072
---------------- Experiment Queue saving disabled
DVC saving peakcenter
Failed to find a valid peak. No peak greater than 1.0. max = 0.0166574306462
Smart pull ahead: 0 behind: 0
Up-to-date with origin
add to repo msg=modified - ad8224ebc6dbfeb9f5997218dfa5fe690569839d.json
add to repo msg=modified - 19-01.json
add to repo msg=modified - 19-01.dat.json
add to repo msg=modified - 19-01.blan.json
add to repo msg=modified - 19-01.inte.json
add to repo msg=modified - 19-01.icfa.json
add to repo msg=modified - 19-01.base.json
not at valid file /Users/jan/PychronDev/data/.dvc/repositories/Load1791/253/tags/19-01.tags.json
add to repo msg=modified - 19-01.peak.json
add to repo msg=modified - 19-01.extr.json
not at valid file /Users/jan/PychronDev/data/.dvc/repositories/Load1791/253/monitor/19-01.moni.json
commit message=<COLLECTION>
add to repo msg=modified - 19-01.inte.json
add to repo msg=modified - 19-01.base.json
commit message=<ISOEVO> default collection fits
add to repo msg=modified - 19-01.blan.json
commit message=<BLANKS> preceding bu-FC-J-7762
add to repo msg=modified - 19-01.icfa.json
commit message=<ICFactor> default
push repository <pychron.git_archive.repo_manager.GitRepoManager object at 0x1dd74e050>
pushing to remote=origin, url=https://github.com
no changes to meta repo
create new session 4989601072
add association Load1791
get identifier "25319"
setting analysis irradiation position=<pychron.dvc.dvc_orm.IrradiationPositionTbl object at 0x1ace1e490>
close session 4989601072
================= post measurement finished
13:43:27 -- ******* Post Run Check *******
loading queue conditionals post_run_actions
loading system conditionals post_run_actions
loading conditionals from /Users/jan/PychronDev/setupfiles/spectrometer/default_conditionals.yaml
loading queue conditionals post_run_terminations
loading system conditionals post_run_terminations
loading conditionals from /Users/jan/PychronDev/setupfiles/spectrometer/default_conditionals.yaml
Checking default post run terminations n=1
GetDeflection CDD ===>> 50
testing CDD==2000
evaluate ot="CDD.deflection==2000" t="CDD==2000", ctx="{'CDD': 50.0}"
13:43:27 -- ******* Post Run Check Passed *******
13:43:27 -- Automated run 25319-01 success duration: 353.176 s
----------------- finish -----------------
----------------- stop -----------------
retroactive repository identifiers disabled
finish run. runs completed=120
update duration runid=25319-01, duration=353.175580025, md5=301e91d8
write rem/ex queues
/Users/jan/PychronDev/experiments/rem/CurrentExperiment.rem.txt
/Users/jan/PychronDev/experiments/rem/CurrentExperiment.ex.txt
doing event level: 3
