do run
loading script "jan_unknown120_60.py"
loading script "jan_pump_ms.py"
loading script "jan_co2.py"
loading script "jan_pump_extraction_line.py"
testing...
no interpolation path defined
executed snippet estimated_duration=213.652928, duration=0.000268936157227
script duration name:unknown120_60 seconds:214.0
loading script "jan_unknown120_60.py"
loading script "jan_pump_ms.py"
loading script "jan_co2.py"
loading script "jan_pump_extraction_line.py"
testing...
no interpolation path defined
executed snippet estimated_duration=0, duration=2.19345092773e-05
loading script "jan_unknown120_60.py"
loading script "jan_pump_ms.py"
loading script "jan_co2.py"
loading script "jan_pump_extraction_line.py"
testing...
no interpolation path defined
calculate duration
testing...
no interpolation path defined
executed snippet estimated_duration=0, duration=5.48362731934e-05
calculate duration
testing...
no interpolation path defined
executed snippet estimated_duration=0, duration=0.000143051147461
executed snippet estimated_duration=0.0, duration=0.00338697433472
script duration name:co2 seconds:0.0
loading script "jan_unknown120_60.py"
loading script "jan_pump_ms.py"
loading script "jan_co2.py"
loading script "jan_pump_extraction_line.py"
testing...
no interpolation path defined
calculate duration
testing...
no interpolation path defined
executed snippet estimated_duration=4.0, duration=0.000180959701538
executed snippet estimated_duration=4.0, duration=0.00187802314758
Script duration 214.0
Run total estimated duration= 215.000
run duration: 0:03:35
doing event level: 2
14:46:40 -- Setting default integration. t=1.048576
setting integration time = 1.048576
SetIntegrationTime 1.048576 ===>> OK
----------------- start -----------------
**************** Experiment Type: Ar/Ar, Ar/Ar
create new session 4436069840
close session 4436069840
$$$$$ Clearing conditionals
adding conditionals 
Add queue conditionals
add default conditionals
adding default conditionals from /Users/jan/PychronDev/setupfiles/spectrometer/default_conditionals.yaml
Start automated run 25328-05
loading script "jan_unknown120_60.py"
loading script "jan_pump_ms.py"
loading script "jan_co2.py"
loading script "jan_pump_extraction_line.py"
%%%%%%%%%%%%%%%%%% setting automated run 25328-05
No value "sensitivity_multiplier" in metadata
$$$$$$$$$$$$$$$ auto_save_detector_ic=False
============================= Pre Extraction Check =============================
loading queue conditionals pre_run_terminations
loading system conditionals pre_run_terminations
loading conditionals from /Users/jan/PychronDev/setupfiles/spectrometer/default_conditionals.yaml
14:46:40 -- ******* Pre Extraction Check *******
Get a measurement from the spectrometer
GetData ===>> H2,-0.176061303096672,H1,-0.0464059443711083,AX,-0.0913360707378839,L1,0.0101190495695321,L2,-0.0...
Pre Extraction Termination data. keys=H2,H1,AX,L1,L2,CDD, signals=-0.17606,-0.04641,-0.09134,0.01012,-0.01792,0.00357
14:46:40 -- testing system defined conditionals
Checking default pre extraction terminations n=2
testing CDD
evaluate ot="CDD.inactive" t="CDD", ctx="{'CDD': False}"
GetDeflection CDD ===>> 50
testing CDD==2000
evaluate ot="CDD.deflection==2000" t="CDD==2000", ctx="{'CDD': 50.0}"
14:46:40 -- ******* Pre Extraction Check Passed *******
=================================================================================
14:46:40 -- stopping status monitor
stop 4982387056
Alive clients [4989850544]
14:46:40 -- starting status monitor
start 4982387056
Monitor already running
start extraction
do extraction
Analysis started at 14:46:40.173262
Extraction Started jan_co2.py
14:46:40 -- ******* Extraction Started jan_co2.py *******
state changed from not run to extraction
DO EXTRACTION <pychron.extraction_line.pyscript_runner.RemotePyScriptRunner object at 0x12c299590>
testing...
no interpolation path defined
calculate duration
testing...
no interpolation path defined
executed snippet estimated_duration=0, duration=5.00679016113e-05
calculate duration
testing...
no interpolation path defined
executed snippet estimated_duration=0, duration=7.39097595215e-05
executed snippet estimated_duration=100.0, duration=0.00232195854187
Jan CO2 laser analysis
doing GOSUB
testing...
no interpolation path defined
executed snippet estimated_duration=0, duration=3.50475311279e-05
Waiting for CO2 access
wait ('FelixCO2Flag', 0) {}
waiting for FelixCO2Flag = 0
Read FelixCO2Flag ===>> 0
finished waiting
CO2 free
wait ('CO2PumpTimeFlag', 0) {}
waiting for CO2PumpTimeFlag = 0
Read CO2PumpTimeFlag ===>> 0
finished waiting
acquire ('JanCO2Flag',) {'clear': True}
acquire JanCO2Flag
Set JanCO2Flag 1 ===>> OK
JanCO2Flag acquired
set extraction state False (0.75, 'red', 1.5)
CO2 acquired
executed snippet estimated_duration=0, duration=0.0154411792755
WaitForCO2Access.py completed successfully
gosub finished
doing GOSUB
testing...
no interpolation path defined
executed snippet estimated_duration=0, duration=9.20295715332e-05
Prepare for CO2 analysis
close () {'description': 'Jan Inlet'}
closing name=--- desc=Jan Inlet
checking ownership. requestor=129.138.12.150
check software interlocks R
interlocks []
actuate state mode=None-script, software_lock=False
doing actuation None-script close_channel False
Close R ===>> OK
GetIndicatorState R ===>> False
change switch state (True, True)
update switch state R False args=() kw={} ncanvase=2
14:46:40 -- CLOSE  VALVE-R (Jan Inlet)
---------------------------------------- close None (Jan Inlet) result=[(True, True)]
action=close, ok=True, locked=[False]
open () {'description': 'Jan Ion Pump'}
opening name=--- desc=Jan Ion Pump
checking ownership. requestor=129.138.12.150
check software interlocks O
interlocks []
actuate state mode=None-script, software_lock=False
doing actuation None-script open_channel False
Open O ===>> OK
GetIndicatorState O ===>> OK
change switch state (True, True)
update switch state O True args=() kw={} ncanvase=2
14:46:40 -- OPEN   VALVE-O (Jan Ion Pump)
---------------------------------------- open None (Jan Ion Pump) result=[(True, True)], time=0.11 sec
action=open, ok=True, locked=[False]
close () {'description': 'Microbone to Minibone'}
closing name=--- desc=Microbone to Minibone
checking ownership. requestor=129.138.12.150
check software interlocks L
interlocks []
actuate state mode=None-script, software_lock=False
doing actuation None-script close_channel False
Close L ===>> OK
GetIndicatorState L ===>> False
change switch state (True, True)
update switch state L False args=() kw={} ncanvase=2
14:46:41 -- CLOSE  VALVE-L (Microbone to Minibone)
---------------------------------------- close None (Microbone to Minibone) result=[(True, True)]
action=close, ok=True, locked=[False]
open () {'description': 'Microbone to Turbo'}
opening name=--- desc=Microbone to Turbo
checking ownership. requestor=129.138.12.150
check software interlocks U
interlocks []
actuate state mode=None-script, software_lock=False
doing actuation None-script open_channel False
Open U ===>> OK
GetIndicatorState U ===>> OK
change switch state (True, True)
update switch state U True args=() kw={} ncanvase=2
14:46:42 -- OPEN   VALVE-U (Microbone to Turbo)
---------------------------------------- open None (Microbone to Turbo) result=[(True, True)], time=0.13 sec
action=open, ok=True, locked=[False]
open () {'description': 'Microbone to Inlet Pipette'}
opening name=--- desc=Microbone to Inlet Pipette
checking ownership. requestor=129.138.12.150
check software interlocks S
interlocks []
actuate state mode=None-script, software_lock=False
doing actuation None-script open_channel False
Open S ===>> OK
GetIndicatorState S ===>> OK
change switch state (True, True)
update switch state S True args=() kw={} ncanvase=2
14:46:42 -- OPEN   VALVE-S (Microbone to Inlet Pipette)
---------------------------------------- open None (Microbone to Inlet Pipette) result=[(True, True)], time=0.41 sec
action=open, ok=True, locked=[False]
open () {'description': 'Microbone to Getter D-50'}
opening name=--- desc=Microbone to Getter D-50
checking ownership. requestor=129.138.12.150
check software interlocks K
interlocks []
actuate state mode=None-script, software_lock=False
doing actuation None-script open_channel False
Open K ===>> OK
GetIndicatorState K ===>> OK
change switch state (True, True)
update switch state K True args=() kw={} ncanvase=2
14:46:43 -- OPEN   VALVE-K (Microbone to Getter D-50)
---------------------------------------- open None (Microbone to Getter D-50) result=[(True, True)], time=0.42 sec
action=open, ok=True, locked=[False]
open () {'description': 'Microbone to Getter NP-10'}
opening name=--- desc=Microbone to Getter NP-10
checking ownership. requestor=129.138.12.150
check software interlocks M
interlocks []
actuate state mode=None-script, software_lock=False
doing actuation None-script open_channel False
Open M ===>> OK
GetIndicatorState M ===>> OK
change switch state (True, True)
update switch state M True args=() kw={} ncanvase=2
14:46:43 -- OPEN   VALVE-M (Microbone to Getter NP-10)
---------------------------------------- open None (Microbone to Getter NP-10) result=[(True, True)], time=0.13 sec
action=open, ok=True, locked=[False]
close () {'description': 'CO2 Laser to Felix'}
closing name=--- desc=CO2 Laser to Felix
checking ownership. requestor=129.138.12.150
check software interlocks F
interlocks []
actuate state mode=None-script, software_lock=True
VALVE-F(CO2 Laser to Felix) software locked
change switch state (True, False)
---------------------------------------- close None (CO2 Laser to Felix) result=[(True, False)]
action=close, ok=True, locked=[True]
open () {'description': 'CO2 Laser to Jan'}
opening name=--- desc=CO2 Laser to Jan
checking ownership. requestor=129.138.12.150
check software interlocks A
interlocks []
actuate state mode=None-script, software_lock=False
doing actuation None-script open_channel False
Open A ===>> OK
GetIndicatorState A ===>> OK
change switch state (True, True)
update switch state A True args=() kw={} ncanvase=2
14:46:44 -- OPEN   VALVE-A (CO2 Laser to Jan)
---------------------------------------- open None (CO2 Laser to Jan) result=[(True, True)], time=0.15 sec
action=open, ok=True, locked=[False]
open () {'description': 'Microbone to CO2 Laser'}
opening name=--- desc=Microbone to CO2 Laser
checking ownership. requestor=129.138.12.150
check software interlocks T
interlocks []
actuate state mode=None-script, software_lock=False
doing actuation None-script open_channel False
Open T ===>> OK
GetIndicatorState T ===>> OK
change switch state (True, True)
update switch state T True args=() kw={} ncanvase=2
14:46:44 -- OPEN   VALVE-T (Microbone to CO2 Laser)
---------------------------------------- open None (Microbone to CO2 Laser) result=[(True, True)], time=0.41 sec
action=open, ok=True, locked=[False]
executed snippet estimated_duration=0, duration=4.93860912323
PrepareForCO2Analysis.py completed successfully
gosub finished
set_motor ('beam', '1.25') {}
setting motor "beam" to 1.25
set motor beam to 1.25
SetMotor beam,1.25 ===>> OK
GetMotorMoving beam ===>> False
GetMotorMoving beam ===>> False
Block completed
move_to_position ('101',) {'autocenter': True}
FusionsCO2 move to position 101
sending GoToHole 101,True
GoToHole 101,True ===>> OK
GetDriveMoving ===>> OK
GetDriveMoving ===>> OK
GetDriveMoving ===>> OK
GetDriveMoving ===>> OK
GetDriveMoving ===>> OK
GetDriveMoving ===>> OK
GetDriveMoving ===>> OK
GetDriveMoving ===>> False
GetDriveMoving ===>> OK
GetDriveMoving ===>> OK
GetDriveMoving ===>> OK
GetDriveMoving ===>> OK
GetDriveMoving ===>> OK
GetDriveMoving ===>> False
Block completed
GetAutoCorrecting ===>> False
GetAutoCorrecting ===>> False
Block completed
update position
GetPosition ===>> 13.95730,1.99390,1.00000
got position (13.9573, 1.9939, 1.0)
move to position succeeded
sleep (5,) {}
SLEEP 5.0
block started
WaitControl setup for 5.0  
Join finished
block finished. duration 5.04369497299
close () {'description': 'Microbone to Turbo'}
closing name=--- desc=Microbone to Turbo
checking ownership. requestor=129.138.12.150
check software interlocks U
interlocks []
actuate state mode=None-script, software_lock=False
doing actuation None-script close_channel True
Close U ===>> OK
set states for children of U. state=False
handle state [('U', False)]
update switch state U False args=() kw={'refresh': False} ncanvase=2
refresh_canvas_needed fired
GetIndicatorState U ===>> False
change switch state (True, True)
update switch state U False args=() kw={} ncanvase=2
14:46:56 -- CLOSE  VALVE-U (Microbone to Turbo)
---------------------------------------- close None (Microbone to Turbo) result=[(True, True)]
action=close, ok=True, locked=[False]
enable laser
enable () {}
set extraction state FusionsCO2 Enabled (False, 'red', 1.5)
enabling laser
Enable ===>> OK
begin interval
BEGIN INTERVAL Interval 1 waiting for 30.0
block started
WaitControl setup for 30.0  
set extract to 5.0
extract (5.0,) {}
GetPosition ===>> 13.95730,1.99390,1.00000
set extraction state FusionsCO2 ON! 5.0(watts) (0.75, 'red', 1.5)
extract sample to 5.0 (watts)
set laser output
SetLaserOutput 5.0,watts ===>> OK
executing pattern triangle.lp
execute_pattern ('triangle.lp',) {}
executing pattern triangle.lp
IsPatterning ===>> OK
IsPatterning ===>> OK
IsPatterning ===>> OK
IsPatterning ===>> OK
IsPatterning ===>> OK
IsPatterning ===>> OK
IsPatterning ===>> OK
IsPatterning ===>> OK
IsPatterning ===>> OK
IsPatterning ===>> OK
IsPatterning ===>> OK
IsPatterning ===>> OK
IsPatterning ===>> OK
IsPatterning ===>> OK
IsPatterning ===>> OK
IsPatterning ===>> OK
IsPatterning ===>> OK
IsPatterning ===>> OK
IsPatterning ===>> OK
IsPatterning ===>> OK
IsPatterning ===>> OK
IsPatterning ===>> OK
IsPatterning ===>> OK
IsPatterning ===>> OK
IsPatterning ===>> OK
IsPatterning ===>> OK
IsPatterning ===>> False
IsPatterning ===>> False
Block completed
COMPLETE INTERVAL waiting for Interval 1 to complete
Join finished
block finished. duration 30.1145780087
Interval 1 finished
end_extract () {}
ending extraction. set laser power to 0
set laser power 0
SetLaserPower 0 ===>> OK
disable () {}
%%%%%%%%%%%%%%%%%%%%%%%%%%%%%%%%%%% disable
set extraction state False (0.75, 'red', 1.5)
disabling laser
Disable ===>> OK
sleep (30.0,) {}
SLEEP 30.0
block started
WaitControl setup for 30.0  
Join finished
block finished. duration 30.1391758919
executed snippet estimated_duration=166.5, duration=77.5646820068
jan_co2.py completed successfully
GetAchievedOutput ===>> No Response
Requested Output= 0.000
Achieved Output=  0.000
GetResponseBlob ===>> No Response
GetOutputBlob ===>> No Response
persistence save...
persistence save - db
AutomatedRunPersister post_extraction_save deprecated
persistence save - dvc
no extraction position for 101
create new session 4989601072
close session 4989601072
Extraction Finished
14:47:57 -- ******* Extraction Finished *******
no overlap. not waiting for min ms pumptime
14:47:57 -- Sending spectrometer configuration
======== Sending configuration ========
SetDeflection CDD,50.0 ===>> OK
SetDeflection H2,0.0 ===>> OK
SetDeflection H1,0.0 ===>> OK
SetDeflection L2,825.0 ===>> OK
SetDeflection L1,400.0 ===>> OK
SetDeflection AX,190.0 ===>> OK
SetZFocus 74.64 ===>> OK
SetZSymmetry -50.72 ===>> OK
SetExtractionLens 26.13 ===>> OK
SetIonRepeller -3.81 ===>> OK
SetElectronEnergy 75.08 ===>> OK
SetYSymmetry -2.81 ===>> OK
SetIonCounterVoltage 1590.0 ===>> OK
send trap current 200.0
GetParameter Trap Current Readback ===>> 198.482695477019
SetParameter Trap Current Set,200.0 ===>> OK
updating mftable name mftable
Using mftable located at /Users/jan/PychronDev/setupfiles/spectrometer/mftables/mftable.csv
============ MFtable ===========
Isotope  H2     H1     AX     L1     L2     CDD    
Ar40     5.8111 5.8794 5.9928 6.1510 6.2311 6.3793
Ar39     5.7104 5.7717 5.8852 6.0371 6.1162 6.2658
Ar36     5.3879 5.4407 5.5485 5.6960 5.7712 5.9169
================================
get initial guess parabolic
get initial guess parabolic
get initial guess parabolic
get initial guess parabolic
get initial guess parabolic
get initial guess parabolic
======== Configuration Finished ========
GetYSymmetry ===>> -2.81
GetZSymmetry ===>> -50.72
GetParameter Trap Current Readback ===>> 197.923274125618
GetHighVoltage ===>> 4499.94659342336
start measurement
do measurement
L#=25328 analysis type=unknown
Measurement Started jan_unknown120_60.py
14:47:58 -- ******* Measurement Started jan_unknown120_60.py *******
state changed from extraction to measurement
setting spec, defl, and gains
GetExtractionLens ===>> 26.13
GetYSymmetry ===>> -2.81
GetZSymmetry ===>> -50.72
GetZFocus ===>> 74.64
GetDeflection H2 ===>> 0
GetDeflection H1 ===>> 0
GetDeflection AX ===>> 190
GetDeflection L1 ===>> 400
GetDeflection L2 ===>> 825
GetDeflection CDD ===>> 50
GetGain H2 ===>> 0.0113
GetGain H1 ===>> 0.1
GetGain AX ===>> 0.097049
GetGain L1 ===>> 0.010355
GetGain L2 ===>> 0.095649
GetGain CDD ===>> 0
pre measurement save
New frame /Users/jan/PychronDev/data/isotopes/74/b86942-f82a-4eee-9fb5-3a2b81056e7f.h5
flush and close file /Users/jan/PychronDev/data/isotopes/74/b86942-f82a-4eee-9fb5-3a2b81056e7f.h5
testing...
no interpolation path defined
executed snippet estimated_duration=226.132928, duration=0.000171899795532
unknown measurement script
activate_detectors ('H2', 'H1', 'AX', 'L1', 'L2', 'CDD') {}
activate detectors
*************** Set Analysis View Ar/Ar
create graphs
clearing graphs
clear isotope group
setting isotope det=H2, iso=PM41
setting isotope det=H1, iso=Ar40
setting isotope det=AX, iso=Ar39
setting isotope det=L1, iso=Ar38
setting isotope det=L2, iso=Ar37
setting isotope det=CDD, iso=Ar36
setting previous blanks
 - setting Ar40 blank 0.822+/-0.007
 - setting Ar36 blank 0.00679+/-0.00020
 - setting Ar37 blank 0.053+/-0.005
 - setting Ar38 blank 0.0145+/-0.0022
 - setting PM41 blank 0.02+/-0.07
 - setting Ar39 blank 0.035+/-0.009
load analysis view
position_magnet ('Ar40',) {'detector': 'H1'}
detector Detector(H1)
POSITION Ar40 H1
setting detector H2 to PM41 (40.9624)
setting detector H1 to Ar40 (39.9624)
setting detector AX to Ar39 (38.9624)
setting detector L1 to Ar38 (37.9624)
setting detector L2 to Ar37 (36.9624)
setting detector CDD to Ar36 (35.9624)
Mapping mass to dac mass func: "parabolic"
H1 map mass coeffs = [-0.00063987  0.15840543  0.57099999]
H1 map mass to dac 39.9624 >> 5.87939
GetDeflection H1 ===>> 0
GetHighVoltage ===>> 4499.94659342336
positioning Ar40 (5.87935537682) on H1
setting magnet DAC
current  : 5.879355
requested: 5.879355
Delta Dac: 0.000001
Checking detector protection. dv=0.00000
Checking detector "CDD". Protection Threshold: 0.1 (V)
SetMagnetDAC 5.87935537682 ===>> OK
Magnet settling time: 0.500
equilibrate () {'delay': 3, 'inlet': 'R', 'outlet': 'O', 'eqtime': 12.0}
Equilibration Started
14:47:59 -- ******* Equilibration Started *******
checking ownership. requestor=129.138.12.150
check software interlocks O
interlocks []
actuate state mode=None-script, software_lock=False
doing actuation None-script close_channel True
Close O ===>> OK
GetIndicatorState O ===>> False
change switch state (True, True)
update switch state O False args=() kw={} ncanvase=2
14:47:59 -- CLOSE  VALVE-O (Jan Ion Pump)
waiting 3s before opening inlet value ('R',)
update labels <pychron.experiment.plot_panel.PlotPanel object at 0x1e1b77dd0>
update labels "<pychron.graph.stacked_regression_graph.StackedRegressionGraph object at 0x1e76758f0>"
setting label 0 H2 PM41
setting label 1 H1 Ar40
setting label 2 AX Ar39
setting label 3 L1 Ar38
setting label 4 L2 Ar37
setting label 5 CDD Ar36
update labels "<pychron.graph.stacked_graph.StackedGraph object at 0x1ec54e230>"
setting label 0 H2 PM41
setting label 1 H1 Ar40
setting label 2 AX Ar39
setting label 3 L1 Ar38
setting label 4 L2 Ar37
setting label 5 CDD Ar36
checking ownership. requestor=129.138.12.150
check software interlocks R
interlocks []
actuate state mode=None-script, software_lock=False
doing actuation None-script open_channel True
Open R ===>> OK
GetIndicatorState R ===>> OK
change switch state (True, True)
update switch state R True args=() kw={} ncanvase=2
14:48:03 -- OPEN   VALVE-R (Jan Inlet)
equilibrating for 12.0sec
set_time_zero () {}
sniff (12.0,) {}
py_sniff
build tables- sniff [Detector(H2), Detector(H1), Detector(AX), Detector(L1), Detector(L2), Detector(CDD)]
add group /sniff/PM41 (Group) '' table H2
add group /sniff/Ar40 (Group) '' table H1
add group /sniff/Ar39 (Group) '' table AX
add group /sniff/Ar38 (Group) '' table L1
add group /sniff/Ar37 (Group) '' table L2
add group /sniff/Ar36 (Group) '' table CDD
flush and close file /Users/jan/PychronDev/data/isotopes/74/b86942-f82a-4eee-9fb5-3a2b81056e7f.h5
measuring sniff. ncounts=12.0
"sniff" increment series count="1" fit count="0" regressing="False"
starting measurement
GetData ===>> H2,-0.187309864664642,H1,1.86452518381051,AX,0.224011507452783,L1,-0.0011160839055924,L2,0.015171...
GetData ===>> H2,0.800351765541417,H1,199.689301030401,AX,26.7906971608564,L1,0.174396795116225,L2,0.3475056349...
GetData ===>> H2,0.671863094756274,H1,404.414272604149,AX,51.2370784038074,L1,0.496123138284573,L2,0.2124055587...
GetData ===>> H2,0.248279040494996,H1,470.671412359645,AX,58.0654049887625,L1,0.674524477618689,L2,0.3164669714...
GetData ===>> H2,0.0265600972005312,H1,493.775876042635,AX,60.1819745443167,L1,0.700012403075961,L2,0.180057759...
GetData ===>> H2,-0.0484463293546101,H1,503.084255713574,AX,61.0783935611292,L1,0.761769146931878,L2,0.20526185...
GetData ===>> H2,0.0552759486913018,H1,506.744581513885,AX,61.4518340204729,L1,0.748293768253453,L2,0.159559362...
GetData ===>> H2,0.143573652626387,H1,508.124517619012,AX,61.4826392446818,L1,0.757062640375368,L2,0.1635856905...
GetData ===>> H2,0.0345995227642758,H1,508.698866884665,AX,61.6883245922175,L1,0.803039761249997,L2,0.160163871...
GetData ===>> H2,-0.093273467809237,H1,509.165030699524,AX,61.604935217414,L1,0.815035728476427,L2,0.0624224447...
GetData ===>> H2,-0.160236699006022,H1,509.630077392719,AX,61.5950707841593,L1,0.814173233740737,L2,0.157335259...
Equilibration Finished
14:48:15 -- ******* Equilibration Finished *******
checking ownership. requestor=129.138.12.150
check software interlocks R
interlocks []
actuate state mode=None-script, software_lock=False
doing actuation None-script close_channel True
GetData ===>> H2,-0.125411517138856,H1,509.380202788621,AX,61.4266519041359,L1,0.823958105215618,L2,0.251454265...
Close R ===>> OK
GetIndicatorState R ===>> False
change switch state (True, True)
update switch state R False args=() kw={} ncanvase=2
14:48:15 -- CLOSE  VALVE-R (Jan Inlet)
Post Equilibration Started jan_pump_extraction_line.py
14:48:15 -- ******* Post Equilibration Started jan_pump_extraction_line.py *******
testing...
no interpolation path defined
calculate duration
testing...
no interpolation path defined
executed snippet estimated_duration=4.0, duration=0.000152111053467
executed snippet estimated_duration=4.0, duration=0.00129508972168
Pump after analysis
doing GOSUB
testing...
no interpolation path defined
executed snippet estimated_duration=4.0, duration=0.0001380443573
Pump Microbone
close () {'description': 'Jan Inlet'}
closing name=--- desc=Jan Inlet
checking ownership. requestor=129.138.12.150
check software interlocks R
interlocks []
actuate state mode=None-script, software_lock=False
doing actuation None-script close_channel False
Close R ===>> OK
measurement finished
estimated time: 12.583 actual time: :12.691
flush and close file /Users/jan/PychronDev/data/isotopes/74/b86942-f82a-4eee-9fb5-3a2b81056e7f.h5
set_fits () {}
GetIndicatorState R ===>> False
using default fits file=/Users/jan/PychronDev/scripts/measurement/fits/nominal_linear.yaml
change switch state (True, True)
update switch state R False args=() kw={} ncanvase=2
set "Ar40" to "('Linear', 'SEM')"
No fit for "PM41". defaulting to linear. check the measurement script "jan_unknown120_60.py"
set "PM41" to "linear"
14:48:16 -- CLOSE  VALVE-R (Jan Inlet)
set "Ar36" to "('Linear', 'SEM')"
---------------------------------------- close None (Jan Inlet) result=[(True, True)]
set "Ar37" to "('linear', 'SEM')"
set "Ar38" to "('linear', 'SEM')"
set "Ar39" to "('Linear', 'SEM')"
set_baseline_fits () {}
using default fits file=/Users/jan/PychronDev/scripts/measurement/fits/nominal_linear.yaml
set "H1" to "('average', 'SEM')"
set "H2" to "('average', 'SEM')"
set "CDD" to "('average', 'SEM')"
set "L2" to "('average', 'SEM')"
set "L1" to "('average', 'SEM')"
set "AX" to "('average', 'SEM')"
multicollect () {'integration_time': 1, 'ncounts': 120}
build tables- signal [Detector(H2), Detector(H1), Detector(AX), Detector(L1), Detector(L2), Detector(CDD)]
add group /signal/PM41 (Group) '' table H2
add group /signal/Ar40 (Group) '' table H1
add group /signal/Ar39 (Group) '' table AX
add group /signal/Ar38 (Group) '' table L1
add group /signal/Ar37 (Group) '' table L2
add group /signal/Ar36 (Group) '' table CDD
flush and close file /Users/jan/PychronDev/data/isotopes/74/b86942-f82a-4eee-9fb5-3a2b81056e7f.h5
measuring signal. ncounts=120
action=close, ok=True, locked=[False]
is_closed ('F',) {}
is F () closed?
is closed True
open () {'description': 'CO2 Laser to Jan'}
opening name=--- desc=CO2 Laser to Jan
checking ownership. requestor=129.138.12.150
check software interlocks A
interlocks []
actuate state mode=None-script, software_lock=False
doing actuation None-script open_channel False
Open A ===>> OK
GetIndicatorState A ===>> OK
change switch state (True, True)
update switch state A True args=() kw={} ncanvase=2
14:48:16 -- OPEN   VALVE-A (CO2 Laser to Jan)
---------------------------------------- open None (CO2 Laser to Jan) result=[(True, True)], time=0.13 sec
starting measurement
GetData ===>> H2,0.0497543483651881,H1,509.564385207362,AX,61.6110588776509,L1,0.793224287980925,L2,0.329707687...
action=open, ok=True, locked=[False]
sleep (1,) {}
SLEEP 1.0
"signal" increment series count="2" fit count="1" regressing="True"
GetData ===>> H2,0.131648560111316,H1,509.518842334319,AX,61.429688757395,L1,0.811005124955753,L2,0.18251056045...
close () {'description': 'CO2 Laser to Roughing'}
closing name=--- desc=CO2 Laser to Roughing
checking ownership. requestor=129.138.12.150
check software interlocks G
interlocks []
actuate state mode=None-script, software_lock=True
VALVE-G(CO2 Laser to Roughing) software locked
change switch state (True, False)
---------------------------------------- close None (CO2 Laser to Roughing) result=[(True, False)]
action=close, ok=True, locked=[True]
open () {'description': 'Microbone to Turbo'}
opening name=--- desc=Microbone to Turbo
checking ownership. requestor=129.138.12.150
check software interlocks U
interlocks []
actuate state mode=None-script, software_lock=False
doing actuation None-script open_channel True
Open U ===>> OK
GetIndicatorState U ===>> OK
change switch state (True, True)
update switch state U True args=() kw={} ncanvase=2
14:48:18 -- OPEN   VALVE-U (Microbone to Turbo)
---------------------------------------- open None (Microbone to Turbo) result=[(True, True)], time=0.17 sec
action=open, ok=True, locked=[False]
open () {'description': 'Microbone to Getter NP-10'}
opening name=--- desc=Microbone to Getter NP-10
checking ownership. requestor=129.138.12.150
check software interlocks M
interlocks []
actuate state mode=None-script, software_lock=False
doing actuation None-script open_channel False
Open M ===>> OK
GetIndicatorState M ===>> OK
change switch state (True, True)
update switch state M True args=() kw={} ncanvase=2
14:48:18 -- OPEN   VALVE-M (Microbone to Getter NP-10)
---------------------------------------- open None (Microbone to Getter NP-10) result=[(True, True)], time=0.14 sec
action=open, ok=True, locked=[False]
open () {'description': 'Microbone to Getter D-50'}
opening name=--- desc=Microbone to Getter D-50
checking ownership. requestor=129.138.12.150
check software interlocks K
interlocks []
actuate state mode=None-script, software_lock=False
doing actuation None-script open_channel False
GetData ===>> H2,0.0039838187152921,H1,509.29964837927,AX,61.310747566324,L1,0.798425817317211,L2,0.20813753364...
Open K ===>> OK
GetIndicatorState K ===>> OK
change switch state (True, True)
update switch state K True args=() kw={} ncanvase=2
14:48:19 -- OPEN   VALVE-K (Microbone to Getter D-50)
---------------------------------------- open None (Microbone to Getter D-50) result=[(True, True)], time=0.40 sec
action=open, ok=True, locked=[False]
open () {'description': 'Microbone to CO2 Laser'}
opening name=--- desc=Microbone to CO2 Laser
checking ownership. requestor=129.138.12.150
check software interlocks T
interlocks []
actuate state mode=None-script, software_lock=False
doing actuation None-script open_channel False
Open T ===>> OK
GetIndicatorState T ===>> OK
change switch state (True, True)
update switch state T True args=() kw={} ncanvase=2
14:48:20 -- OPEN   VALVE-T (Microbone to CO2 Laser)
---------------------------------------- open None (Microbone to CO2 Laser) result=[(True, True)], time=0.43 sec
GetData ===>> H2,-0.094060483281337,H1,508.809128516367,AX,61.5173118943159,L1,0.76139937107089,L2,0.0505048782...
action=open, ok=True, locked=[False]
open () {'description': 'Microbone to Inlet Pipette'}
opening name=--- desc=Microbone to Inlet Pipette
checking ownership. requestor=129.138.12.150
check software interlocks S
interlocks []
actuate state mode=None-script, software_lock=False
doing actuation None-script open_channel False
Open S ===>> OK
GetIndicatorState S ===>> OK
change switch state (True, True)
update switch state S True args=() kw={} ncanvase=2
14:48:20 -- OPEN   VALVE-S (Microbone to Inlet Pipette)
---------------------------------------- open None (Microbone to Inlet Pipette) result=[(True, True)], time=0.40 sec
action=open, ok=True, locked=[False]
sleep (1,) {}
SLEEP 1.0
testing H1>-5.0
evaluate ot="H1.bs>-5.0" t="H1>-5.0", ctx="{'H1': None}"
GetData ===>> H2,-0.0233449051426147,H1,508.434112396622,AX,61.5087512260708,L1,0.728486714583392,L2,0.09977748...
set_resource () {'name': 'CO2PumpTimeFlag', 'value': 30}
Set CO2PumpTimeFlag 30 ===>> OK
release ('JanCO2Flag',) {}
release JanCO2Flag
Set JanCO2Flag 0 ===>> OK
executed snippet estimated_duration=6.0, duration=5.98641681671
PumpMicrobone.py completed successfully
gosub finished
get_resource_value () {'name': 'JanMiniboneFlag'}
Read JanMiniboneFlag ===>> 0
Get Resource Value JanMiniboneFlag=0.0
get resource value 0.0
get_resource_value () {'name': 'JanMiniboneFlag'}
Read JanMiniboneFlag ===>> 0
Get Resource Value JanMiniboneFlag=0.0
executed snippet estimated_duration=4.0, duration=6.00076389313
jan_pump_extraction_line.py completed successfully
Post Equilibration Finished
14:48:21 -- ******* Post Equilibration Finished *******
GetData ===>> H2,-0.131551600282348,H1,508.391547373801,AX,61.3488933215904,L1,0.724000086002161,L2,0.107152706...
GetData ===>> H2,-0.25250312696442,H1,508.102186285835,AX,61.2351989611034,L1,0.754390495653271,L2,0.1308324913...
GetData ===>> H2,-0.167967059285457,H1,508.142586344451,AX,61.1833184994631,L1,0.791599998989875,L2,0.208000594...
GetData ===>> H2,-0.161719457651425,H1,508.200100896959,AX,61.4413790255536,L1,0.789879924739797,L2,0.140068853...
testing H1>-5.0
evaluate ot="H1.bs>-5.0" t="H1>-5.0", ctx="{'H1': None}"
GetData ===>> H2,-0.14027278045544,H1,508.221039270588,AX,61.3869352738266,L1,0.771658343647065,L2,0.1258269834...
GetData ===>> H2,-0.175627975582948,H1,507.80156687308,AX,61.2875733653943,L1,0.781961751077983,L2,0.1690950767...
GetData ===>> H2,-0.125999660506323,H1,507.337400938357,AX,61.2681554263507,L1,0.781820921427737,L2,0.197468303...
GetData ===>> H2,-0.130731870374435,H1,507.37552215432,AX,61.1833947115695,L1,0.800371433834909,L2,0.0374371768...
GetData ===>> H2,-0.0789777125413158,H1,507.199009326691,AX,61.1142147823639,L1,0.803306756157984,L2,0.13570142...
testing H1>-5.0
evaluate ot="H1.bs>-5.0" t="H1>-5.0", ctx="{'H1': None}"
GetData ===>> H2,-0.0771726367035573,H1,506.93596109608,AX,61.2099345275209,L1,0.796157635074297,L2,0.049718028...
GetData ===>> H2,-0.114600477603558,H1,506.618493097207,AX,61.2295418560558,L1,0.78345989709705,L2,0.1089994502...
GetData ===>> H2,-0.0760287316620029,H1,506.263574283219,AX,61.2348787409322,L1,0.756945658221552,L2,0.23098623...
GetData ===>> H2,-0.132570093063579,H1,506.044556965285,AX,61.1418353678347,L1,0.785631467903321,L2,0.140992538...
GetData ===>> H2,-0.149925862869243,H1,506.004697450801,AX,61.1320834140276,L1,0.779356086415295,L2,0.162764442...
testing H1>-5.0
evaluate ot="H1.bs>-5.0" t="H1>-5.0", ctx="{'H1': None}"
GetData ===>> H2,-0.106499194400115,H1,505.970692045013,AX,61.054162765191,L1,0.769503821890255,L2,0.1434215316...
GetData ===>> H2,-0.103042956376506,H1,505.904458243774,AX,61.0924769635259,L1,0.752649633446901,L2,0.132588471...
GetData ===>> H2,-0.0799478901905068,H1,505.625924560921,AX,60.9985864374718,L1,0.784688985719196,L2,0.22363570...
GetData ===>> H2,-0.0904947725764132,H1,505.450940941427,AX,60.8873441732995,L1,0.803848252715316,L2,0.11821090...
GetData ===>> H2,-0.122702960236954,H1,505.312784200633,AX,60.8996804181024,L1,0.757249316737608,L2,0.235494992...
testing H1>-5.0
evaluate ot="H1.bs>-5.0" t="H1>-5.0", ctx="{'H1': None}"
14:48:42 -- collecting point 25
GetData ===>> H2,-0.141644572873912,H1,505.242944542499,AX,61.0996716810216,L1,0.754871214010205,L2,0.168992414...
GetData ===>> H2,-0.141787824386517,H1,504.766358807998,AX,61.0658813629843,L1,0.736931510212859,L2,0.107494693...
GetData ===>> H2,-0.169494686516472,H1,504.587096160605,AX,61.0193333259509,L1,0.783903648747863,L2,0.172631288...
GetData ===>> H2,-0.20453384443738,H1,504.364044143255,AX,60.8637106456594,L1,0.820730091884179,L2,0.0578947350...
GetData ===>> H2,-0.210178348102691,H1,504.208656179355,AX,60.9625235029554,L1,0.768366303844207,L2,0.137115401...
testing H1>-5.0
evaluate ot="H1.bs>-5.0" t="H1>-5.0", ctx="{'H1': None}"
GetData ===>> H2,-0.221310442740803,H1,504.461241140631,AX,60.831145568756,L1,0.776955362199108,L2,0.2068594454...
GetData ===>> H2,-0.231675504770726,H1,504.389227281213,AX,60.7289797927178,L1,0.784747576713407,L2,0.192676094...
GetData ===>> H2,-0.175114980770013,H1,503.673203659411,AX,60.9010359546552,L1,0.751890120663662,L2,0.054929600...
GetData ===>> H2,-0.148748208134954,H1,503.301865756697,AX,60.8742325076208,L1,0.777581964104828,L2,0.205649842...
GetData ===>> H2,-0.0863847378998281,H1,503.091045249749,AX,60.6779832305084,L1,0.775449428853582,L2,0.18858008...
testing H1>-5.0
evaluate ot="H1.bs>-5.0" t="H1>-5.0", ctx="{'H1': None}"
GetData ===>> H2,-0.0681538093491823,H1,503.208583675588,AX,60.8193791183155,L1,0.7938843053739,L2,0.0483154006...
GetData ===>> H2,-0.159009022506745,H1,502.944974185716,AX,60.9302977261542,L1,0.814079562859502,L2,0.185123147...
GetData ===>> H2,-0.169263936247194,H1,502.658592731129,AX,60.8863695084251,L1,0.784736357135922,L2,0.118940562...
GetData ===>> H2,-0.0892996299075845,H1,502.760213901296,AX,60.9751778757803,L1,0.762228583651739,L2,0.15362853...
GetData ===>> H2,-0.0839659291394746,H1,502.667806959721,AX,60.8347837980037,L1,0.754341926894132,L2,0.19406809...
testing H1>-5.0
evaluate ot="H1.bs>-5.0" t="H1>-5.0", ctx="{'H1': None}"
GetData ===>> H2,-0.127327265209036,H1,502.531475290336,AX,60.5916505384065,L1,0.740962987446557,L2,0.120924347...
GetData ===>> H2,-0.0672667255408335,H1,501.745163752046,AX,60.6364979217193,L1,0.740363514447897,L2,0.03988866...
GetData ===>> H2,-0.163952682353029,H1,501.889173049675,AX,60.6220641348543,L1,0.780885013247038,L2,0.161977420...
GetData ===>> H2,-0.203439382107607,H1,501.819462159356,AX,60.6966233005181,L1,0.787224904680616,L2,0.134219054...
GetData ===>> H2,-0.152817291863688,H1,501.438326206872,AX,60.6130153326417,L1,0.782137479229529,L2,0.206208996...
testing H1>-5.0
evaluate ot="H1.bs>-5.0" t="H1>-5.0", ctx="{'H1': None}"
GetData ===>> H2,-0.325703630088869,H1,501.430088468994,AX,60.619144115134,L1,0.761177760831792,L2,0.1025018044...
GetData ===>> H2,-0.0934400866474452,H1,501.182318379159,AX,60.5628692885685,L1,0.785834686166959,L2,0.09569684...
GetData ===>> H2,-0.0606212072885404,H1,501.074618351446,AX,60.6037542816704,L1,0.782516364152692,L2,0.15738088...
GetData ===>> H2,-0.152040472471815,H1,501.048287986671,AX,60.4781329229791,L1,0.776587889479816,L2,0.199830265...
GetData ===>> H2,-0.145811641730449,H1,500.981969306841,AX,60.4559544284013,L1,0.753980781664223,L2,0.116591995...
testing H1>-5.0
evaluate ot="H1.bs>-5.0" t="H1>-5.0", ctx="{'H1': None}"
14:49:08 -- collecting point 50
GetData ===>> H2,-0.219389344310164,H1,500.82619956696,AX,60.4297525950803,L1,0.779150502053243,L2,0.2571970583...
GetData ===>> H2,-0.052827203098394,H1,500.452767756623,AX,60.5131642523944,L1,0.760728329776046,L2,0.076565789...
GetData ===>> H2,-0.0365437977057796,H1,500.279595140721,AX,60.6261096892173,L1,0.784109326542607,L2,0.15662811...
GetData ===>> H2,-0.185497249986397,H1,500.355916057504,AX,60.4960122955864,L1,0.729588465105755,L2,0.026035754...
GetData ===>> H2,-0.13905357051249,H1,500.353828283848,AX,60.4635089726495,L1,0.749858384161996,L2,0.1456909278...
testing H1>-5.0
evaluate ot="H1.bs>-5.0" t="H1>-5.0", ctx="{'H1': None}"
GetData ===>> H2,-0.0869981613456673,H1,500.147527434212,AX,60.3844195997475,L1,0.743789182675524,L2,-0.0203768...
GetData ===>> H2,-0.135918436871169,H1,499.919579127244,AX,60.4193584632317,L1,0.732390618913901,L2,0.192139838...
GetData ===>> H2,-0.107186527504445,H1,499.640354878175,AX,60.6050468346457,L1,0.764377870231777,L2,0.209541167...
GetData ===>> H2,-0.244752616282097,H1,499.358895741611,AX,60.3367387674694,L1,0.755928964234072,L2,0.173555288...
GetData ===>> H2,-0.188679922424441,H1,499.143459621295,AX,60.400927677642,L1,0.73068162601495,L2,0.04153061904...
testing H1>-5.0
evaluate ot="H1.bs>-5.0" t="H1>-5.0", ctx="{'H1': None}"
GetData ===>> H2,-0.197273640054843,H1,499.305698769995,AX,60.3120010066655,L1,0.754567337658363,L2,0.115212524...
GetData ===>> H2,-0.187176356074953,H1,499.105283490271,AX,60.2446650729501,L1,0.771324357468107,L2,0.152681918...
GetData ===>> H2,-0.17655130769263,H1,498.949371840107,AX,60.1904048525545,L1,0.756483964846435,L2,0.0894280541...
GetData ===>> H2,-0.113766766825583,H1,498.363123071094,AX,60.3805582633063,L1,0.739841180146639,L2,0.229354006...
GetData ===>> H2,-0.0965498566956884,H1,498.404174364965,AX,60.1855288765468,L1,0.759141158689986,L2,0.05263738...
testing H1>-5.0
evaluate ot="H1.bs>-5.0" t="H1>-5.0", ctx="{'H1': None}"
GetData ===>> H2,-0.0918455932284255,H1,498.357253047085,AX,60.1658597773914,L1,0.764361680442168,L2,0.21605749...
GetData ===>> H2,-0.0705841189377979,H1,498.036260879024,AX,60.1535282691457,L1,0.745522347092154,L2,0.15313811...
GetData ===>> H2,-0.145831905833812,H1,497.972803013147,AX,60.123934481378,L1,0.725795003164667,L2,0.0565490087...
GetData ===>> H2,-0.181591859439853,H1,497.816125173744,AX,60.2250466747175,L1,0.79223371616523,L2,0.1143346892...
GetData ===>> H2,-0.138351992312179,H1,497.344483239291,AX,60.146649264041,L1,0.802533238216805,L2,0.1312657822...
testing H1>-5.0
evaluate ot="H1.bs>-5.0" t="H1>-5.0", ctx="{'H1': None}"
GetData ===>> H2,-0.168072326427227,H1,497.444632854797,AX,60.2071759887725,L1,0.758654474518074,L2,0.180548314...
GetData ===>> H2,-0.108532659842956,H1,497.369881686175,AX,60.1182716000823,L1,0.745141598595674,L2,0.185693591...
GetData ===>> H2,-0.121811686122249,H1,496.946319447374,AX,60.0731141959693,L1,0.740664490364675,L2,0.136511038...
GetData ===>> H2,-0.13293661988829,H1,496.5746225968,AX,60.0605033405343,L1,0.790870273791823,L2,0.098409653963...
GetData ===>> H2,-0.213183378579215,H1,496.387794815994,AX,59.9777662715432,L1,0.779457011126276,L2,0.141140785...
testing H1>-5.0
evaluate ot="H1.bs>-5.0" t="H1>-5.0", ctx="{'H1': None}"
14:49:34 -- collecting point 75
GetData ===>> H2,-0.307988725500534,H1,496.413365875647,AX,59.9669614662977,L1,0.726085898320002,L2,0.144162785...
GetData ===>> H2,-0.19663165964734,H1,496.087118312848,AX,59.9229170929423,L1,0.749203631723465,L2,0.1301141449...
GetData ===>> H2,-0.203806011826605,H1,496.082097232763,AX,60.0752692444303,L1,0.787933176699693,L2,0.190873373...
GetData ===>> H2,-0.182449946727943,H1,496.045084562861,AX,59.9543974806581,L1,0.726070980422429,L2,0.112909649...
GetData ===>> H2,-0.103158000791599,H1,495.843475542921,AX,59.7960464945444,L1,0.697769744511636,L2,0.138187300...
testing H1>-5.0
evaluate ot="H1.bs>-5.0" t="H1>-5.0", ctx="{'H1': None}"
GetData ===>> H2,-0.107390825192636,H1,495.707520489157,AX,59.9842769128883,L1,0.743494336959559,L2,0.131801697...
GetData ===>> H2,-0.158530881485413,H1,495.412213352542,AX,59.9832600775022,L1,0.799704146408842,L2,0.141619737...
GetData ===>> H2,-0.12211329354223,H1,495.349890822674,AX,59.8996493667278,L1,0.813923446585093,L2,0.0885504557...
GetData ===>> H2,-0.261398622504808,H1,494.906270688112,AX,59.9846563311574,L1,0.780860090072598,L2,0.222802533...
GetData ===>> H2,-0.237221713140839,H1,494.894589239264,AX,59.8807379926638,L1,0.784108079998338,L2,0.109444042...
testing H1>-5.0
evaluate ot="H1.bs>-5.0" t="H1>-5.0", ctx="{'H1': None}"
GetData ===>> H2,-0.199904569937328,H1,494.903950936531,AX,59.9387700983474,L1,0.768485905614614,L2,0.093781973...
GetData ===>> H2,-0.0512666761489072,H1,494.608716316222,AX,59.6836605966802,L1,0.756523786651681,L2,0.17735404...
GetData ===>> H2,-0.0486417945839283,H1,494.541718907677,AX,59.6210356280194,L1,0.769481394270543,L2,0.13391117...
GetData ===>> H2,-0.140979645937976,H1,493.984494428615,AX,59.8335406460781,L1,0.748690812469177,L2,0.201804317...
GetData ===>> H2,-0.154777989694575,H1,493.728566022791,AX,59.7864472201158,L1,0.74223915870175,L2,0.1679315774...
testing H1>-5.0
evaluate ot="H1.bs>-5.0" t="H1>-5.0", ctx="{'H1': None}"
GetData ===>> H2,-0.066536931968709,H1,493.689007203354,AX,59.8171280114586,L1,0.715314324176678,L2,0.130239570...
GetData ===>> H2,0.0427045871970501,H1,493.597037548153,AX,59.7989279346639,L1,0.734377332841615,L2,0.113092053...
GetData ===>> H2,-0.101877558457784,H1,493.453083819116,AX,59.562033909859,L1,0.738789128954672,L2,0.1057391728...
GetData ===>> H2,-0.18331606322575,H1,493.075773325523,AX,59.6855242953228,L1,0.753605951025225,L2,0.1238316944...
GetData ===>> H2,-0.187718472078496,H1,493.215538164941,AX,59.5981832289968,L1,0.76198329920427,L2,0.0315082674...
testing H1>-5.0
evaluate ot="H1.bs>-5.0" t="H1>-5.0", ctx="{'H1': None}"
GetData ===>> H2,-0.136370036050529,H1,492.958403797783,AX,59.7381282237038,L1,0.766505177615369,L2,0.203664299...
GetData ===>> H2,-0.218801902607689,H1,492.871667310342,AX,59.6580867432735,L1,0.741445575780088,L2,0.214596704...
GetData ===>> H2,-0.239347515474064,H1,492.607739594967,AX,59.5117964600995,L1,0.72189108008406,L2,0.1199096476...
GetData ===>> H2,-0.267743278421216,H1,492.184008308227,AX,59.602774594833,L1,0.756872233921677,L2,0.1407758712...
GetData ===>> H2,-0.198495460106595,H1,492.21421115332,AX,59.4620965988987,L1,0.746856320617032,L2,0.1575177479...
testing H1>-5.0
evaluate ot="H1.bs>-5.0" t="H1>-5.0", ctx="{'H1': None}"
14:50:01 -- collecting point 100
GetData ===>> H2,-0.202054978188519,H1,492.154513166776,AX,59.6197777300091,L1,0.711087561452359,L2,0.090282865...
GetData ===>> H2,-0.199802095140159,H1,491.961760387269,AX,59.5512789717913,L1,0.725669448359873,L2,0.128392416...
GetData ===>> H2,-0.08093424295425,H1,491.77787621037,AX,59.4874043060909,L1,0.753912290011722,L2,0.13548476987...
GetData ===>> H2,-0.0586982959275286,H1,491.336438389474,AX,59.3781159992105,L1,0.757002904643822,L2,0.13586106...
GetData ===>> H2,-0.173006638152561,H1,491.273055959068,AX,59.4354699808536,L1,0.748571324220987,L2,0.217232992...
testing H1>-5.0
evaluate ot="H1.bs>-5.0" t="H1>-5.0", ctx="{'H1': None}"
GetData ===>> H2,-0.153321349258585,H1,491.283769988203,AX,59.4645050835411,L1,0.757920134657319,L2,0.152567869...
GetData ===>> H2,-0.207727667136809,H1,490.938941765012,AX,59.5413579696077,L1,0.757830523834479,L2,0.084709632...
GetData ===>> H2,-0.22861194785636,H1,490.621745531271,AX,59.4228250488506,L1,0.731687833223239,L2,0.0367986612...
GetData ===>> H2,-0.238245351498251,H1,490.679756733286,AX,59.3749977023242,L1,0.717907875197026,L2,0.090556406...
GetData ===>> H2,-0.228749260367629,H1,490.651473726299,AX,59.2945085624149,L1,0.734765513976201,L2,0.249079613...
testing H1>-5.0
evaluate ot="H1.bs>-5.0" t="H1>-5.0", ctx="{'H1': None}"
GetData ===>> H2,-0.0618279462583494,H1,490.415991772591,AX,59.3881071746645,L1,0.786243628132461,L2,0.22315634...
GetData ===>> H2,-0.107467943232255,H1,490.199877654276,AX,59.323072660388,L1,0.784566818318517,L2,0.1538680429...
GetData ===>> H2,-0.0620679229145998,H1,490.160378368025,AX,59.213333130901,L1,0.73972179311839,L2,0.0937591772...
GetData ===>> H2,-0.0548949110931199,H1,489.951285848365,AX,59.3115887576418,L1,0.778376793492736,L2,0.03610314...
GetData ===>> H2,-0.130306374809105,H1,489.443704548655,AX,59.2888660975221,L1,0.75875404999785,L2,0.1741598854...
testing H1>-5.0
evaluate ot="H1.bs>-5.0" t="H1>-5.0", ctx="{'H1': None}"
GetData ===>> H2,-0.229630982318915,H1,489.529763873747,AX,59.0699059048467,L1,0.750951389368022,L2,0.175871029...
GetData ===>> H2,-0.141816204188439,H1,489.154872177052,AX,59.2082347811467,L1,0.78345865063016,L2,0.1461014776...
GetData ===>> H2,-0.0754906228003882,H1,489.357933724205,AX,59.029791266936,L1,0.773293534428041,L2,0.167418273...
GetData ===>> H2,-0.142108106601032,H1,489.132196920423,AX,59.1794337074482,L1,0.763300681212967,L2,0.136887339...
GetData ===>> H2,-0.215989687100754,H1,488.596954476257,AX,59.134082240601,L1,0.731731367244973,L2,0.1142776872...
testing H1>-5.0
evaluate ot="H1.bs>-5.0" t="H1>-5.0", ctx="{'H1': None}"
GetData ===>> H2,-0.156677556749107,H1,488.538665065777,AX,59.2096114666864,L1,0.741196816121573,L2,0.100073850...
measurement finished
estimated time: 125.829 actual time: :126.373
flush and close file /Users/jan/PychronDev/data/isotopes/74/b86942-f82a-4eee-9fb5-3a2b81056e7f.h5
baselines () {'settling_time': 15.0, 'detector': 'H1', 'mass': 34.2, 'ncounts': 60}
%%%%%%%%%%%%%%%%%%%%%%%%%%%%%%%% Baseline
build tables- baseline [Detector(H2), Detector(H1), Detector(AX), Detector(L1), Detector(L2), Detector(CDD)]
add group baseline table H2
add group baseline table H1
add group baseline table AX
add group baseline table L1
add group baseline table L2
add group baseline table CDD
flush and close file /Users/jan/PychronDev/data/isotopes/74/b86942-f82a-4eee-9fb5-3a2b81056e7f.h5
detector Detector(H1)
POSITION 34.2 H1
Mapping mass to dac mass func: "parabolic"
H1 map mass coeffs = [-0.00063987  0.15840543  0.57099999]
H1 map mass to dac 34.2 >> 5.24004599104
GetDeflection H1 ===>> 0
GetHighVoltage ===>> 4499.94659342336
positioning 34.2 (5.2400151329) on H1
setting magnet DAC
current  : 5.879355
requested: 5.240015
Delta Dac: 0.639340
Checking detector protection. dv=0.63934
Checking detector "CDD". Protection Threshold: 0.1 (V)
ProtectDetector CDD,On ===>> OK
GetDeflection CDD ===>> 2000
Protected = 2000
SetMagnetDAC 5.2400151329 ===>> OK
Magnet settling time: 0.500
GetMagnetMoving ===>> True
GetMagnetMoving ===>> True
GetMagnetMoving ===>> True
GetMagnetMoving ===>> True
GetMagnetMoving ===>> True
GetMagnetMoving ===>> True
GetMagnetMoving ===>> True
GetMagnetMoving ===>> True
GetMagnetMoving ===>> False
ProtectDetector CDD,Off ===>> OK
GetDeflection CDD ===>> 50
Delaying 15.0s for detectors to settle
Join finished
measuring baseline. ncounts=60
"baseline" increment series count="2" fit count="1" regressing="True"
starting measurement
GetData ===>> H2,-0.0811266259682751,H1,-0.0269575538424992,AX,-0.110909438865339,L1,-0.0832491132427184,L2,0.0...
GetData ===>> H2,-0.0776984691452372,H1,-0.0800590663535104,AX,-0.0707386425385649,L1,-0.0426719957722623,L2,-0...
GetData ===>> H2,-0.224440621677778,H1,-0.0516281057397759,AX,-0.0582065036918924,L1,-0.0228324692806841,L2,-0....
GetData ===>> H2,-0.354422480109772,H1,-0.0308332244119079,AX,-0.103272933045817,L1,-0.0226023324621,L2,0.05378...
testing H1>-5.0
evaluate ot="H1.bs>-5.0" t="H1>-5.0", ctx="{'H1': None}"
GetData ===>> H2,-0.266044190901592,H1,-0.0510200598719422,AX,-0.0275591474487915,L1,-0.0392850994921771,L2,0.0...
GetData ===>> H2,-0.306876247739203,H1,0.00181057512438372,AX,-0.0747958809448334,L1,-0.0491336325001655,L2,-0....
GetData ===>> H2,-0.224206292348746,H1,0.0112228400962923,AX,-0.102461736359355,L1,-0.0695523214431602,L2,-0.00...
GetData ===>> H2,-0.177417875486837,H1,-0.0104991886069382,AX,-0.1187423182573,L1,-0.0656557530140955,L2,0.0727...
GetData ===>> H2,-0.133416738590766,H1,-0.0168562547997684,AX,-0.0639105079918919,L1,-0.0270075792030396,L2,0.0...
testing H1>-5.0
evaluate ot="H1.bs>-5.0" t="H1>-5.0", ctx="{'H1': None}"
GetData ===>> H2,-0.151743424691405,H1,-0.0629537750135299,AX,-0.043713118873615,L1,-0.0315809539639652,L2,-0.0...
GetData ===>> H2,-0.17099647254319,H1,-0.0187644885637493,AX,-0.0254135870124404,L1,-0.014625798028421,L2,-0.03...
GetData ===>> H2,-0.13905357051249,H1,-0.120261357734885,AX,-0.0743090212683412,L1,0.00101298911031562,L2,-0.00...
GetData ===>> H2,-0.144707868866418,H1,-0.119002924934031,AX,0.000742857590001891,L1,-0.0626871765034432,L2,-0....
GetData ===>> H2,-0.0548080857644434,H1,-0.0363543051417057,AX,-0.0442813002089079,L1,-0.0309881377028431,L2,-0...
testing H1>-5.0
evaluate ot="H1.bs>-5.0" t="H1>-5.0", ctx="{'H1': None}"
GetData ===>> H2,-0.136259166060634,H1,0.0320307842444969,AX,-0.150153900478237,L1,0.029240104568075,L2,-0.0413...
GetData ===>> H2,-0.182342014795649,H1,-0.0263493580680894,AX,0.00154332083421507,L1,0.0204291505585946,L2,0.02...
GetData ===>> H2,-0.116336727431116,H1,-0.0380236864295778,AX,-0.0574065251353278,L1,0.00110181027936145,L2,0.0...
GetData ===>> H2,-0.140425510380266,H1,0.0203615765208333,AX,-0.0119592650236923,L1,-0.0294514431412559,L2,-0.0...
GetData ===>> H2,-0.24213114249203,H1,-0.00839995612464932,AX,-0.170244076806975,L1,-0.0092585740206693,L2,0.01...
testing H1>-5.0
evaluate ot="H1.bs>-5.0" t="H1>-5.0", ctx="{'H1': None}"
GetData ===>> H2,-0.130330701885966,H1,-0.0241431266908563,AX,-0.12819655154124,L1,-0.00736868298675353,L2,0.06...
GetData ===>> H2,-0.145449583647143,H1,-0.0492674364050537,AX,-0.148020597077406,L1,-0.0224225344089304,L2,0.02...
GetData ===>> H2,-0.152109332436933,H1,0.0793620787892692,AX,0.0117759091333936,L1,0.00393129444751589,L2,-0.02...
GetData ===>> H2,-0.206704933476283,H1,-0.00148171928342473,AX,-0.0777169878480383,L1,-0.0488799378257008,L2,-0...
GetData ===>> H2,-0.269847963888252,H1,0.0543587953770743,AX,-0.12609955213468,L1,-0.0401451056015997,L2,-0.023...
testing H1>-5.0
evaluate ot="H1.bs>-5.0" t="H1>-5.0", ctx="{'H1': None}"
14:51:06 -- collecting point 25
GetData ===>> H2,-0.23780416263641,H1,0.00932600066680958,AX,-0.0803830009385652,L1,-0.0283086512865004,L2,-0.0...
GetData ===>> H2,-0.256568604271729,H1,-0.045297094212393,AX,-0.0787602190611975,L1,-0.0348677247897681,L2,-0.0...
GetData ===>> H2,-0.134773133201411,H1,0.00726218475699549,AX,-0.0467743015521183,L1,-0.0260334620167668,L2,-0....
GetData ===>> H2,-0.179636634658739,H1,0.0835007235801434,AX,-0.0943146288476741,L1,-0.0214659547357814,L2,0.02...
GetData ===>> H2,-0.131609763685931,H1,0.107536868867819,AX,-0.125473919247153,L1,-0.00189607126877924,L2,0.004...
testing H1>-5.0
evaluate ot="H1.bs>-5.0" t="H1>-5.0", ctx="{'H1': None}"
GetData ===>> H2,-0.201219131383129,H1,0.0478424635920185,AX,-0.196182435741385,L1,-0.0426001498517591,L2,-0.14...
GetData ===>> H2,-0.207821985741155,H1,-0.0685088452758052,AX,-0.0889021617828197,L1,-0.0297832357352816,L2,0.0...
GetData ===>> H2,-0.230176134749169,H1,-0.0240119438339235,AX,-0.0843123392314574,L1,-0.0183306607204666,L2,-0....
GetData ===>> H2,-0.310106021192609,H1,0.039524612298192,AX,0.0168810038736146,L1,-0.0315617927728495,L2,0.0868...
GetData ===>> H2,-0.33036686309928,H1,-0.0234752849015194,AX,-0.0484555919805747,L1,-0.0272807464186132,L2,0.06...
testing H1>-5.0
evaluate ot="H1.bs>-5.0" t="H1>-5.0", ctx="{'H1': None}"
GetData ===>> H2,-0.155710249435449,H1,0.0548481341135389,AX,-0.0231635971532213,L1,-0.00738307436063507,L2,0.0...
GetData ===>> H2,-0.0863806753825864,H1,-0.032383450618023,AX,-0.166384024555335,L1,-0.041122404824437,L2,-0.07...
GetData ===>> H2,-0.207749225744298,H1,0.0200036468643418,AX,-0.0373585383379534,L1,-0.038928139412671,L2,-0.02...
GetData ===>> H2,-0.21029689424234,H1,-0.0558843233726013,AX,-0.162338339900102,L1,-0.0391425565513756,L2,-0.03...
GetData ===>> H2,-0.222526789954197,H1,0.0203735075314128,AX,-0.0683505888444962,L1,-0.0304372064090979,L2,-0.1...
testing H1>-5.0
evaluate ot="H1.bs>-5.0" t="H1>-5.0", ctx="{'H1': None}"
GetData ===>> H2,-0.272306964657984,H1,-0.00794670696879758,AX,0.000974875244144551,L1,-0.0246278351385748,L2,0...
GetData ===>> H2,-0.170205799596294,H1,0.0415652263358492,AX,-0.121001685498641,L1,-0.057381740017739,L2,-0.132...
GetData ===>> H2,-0.192422463201083,H1,0.017796442260898,AX,-0.0696489554044471,L1,-0.0266529299937934,L2,0.030...
GetData ===>> H2,-0.25006098557531,H1,-0.0085669421384214,AX,-0.0667044206206038,L1,-0.0260801930400442,L2,-0.0...
GetData ===>> H2,-0.193189423392211,H1,0.0408850170354082,AX,0.0115206614239948,L1,-0.0501363817564493,L2,-0.02...
testing H1>-5.0
evaluate ot="H1.bs>-5.0" t="H1>-5.0", ctx="{'H1': None}"
GetData ===>> H2,-0.138649391067171,H1,-0.0388702905839143,AX,-0.0796527524430223,L1,-0.0217332787652042,L2,-0....
GetData ===>> H2,-0.104646705791506,H1,0.0515898992859533,AX,-0.0398749090840214,L1,0.00431790428226568,L2,-5.6...
GetData ===>> H2,-0.255026745423525,H1,-0.0318110621996269,AX,-0.113215337206702,L1,-0.02474288103655,L2,-0.066...
GetData ===>> H2,-0.348413142758072,H1,-0.0160571711041556,AX,-0.23376802834731,L1,-0.0400001793656904,L2,-0.01...
GetData ===>> H2,-0.246681998162584,H1,0.026458508221139,AX,-0.132529434735728,L1,-0.0188690655846344,L2,0.0314...
testing H1>-5.0
evaluate ot="H1.bs>-5.0" t="H1>-5.0", ctx="{'H1': None}"
14:51:33 -- collecting point 50
GetData ===>> H2,-0.292610562597789,H1,-0.00553729542402943,AX,-0.0888905715944883,L1,-0.00336828275749144,L2,-...
GetData ===>> H2,-0.19783332014231,H1,-0.0427335763814483,AX,0.0606470079907454,L1,0.00720541040651967,L2,-0.05...
GetData ===>> H2,-0.0702871390785775,H1,-0.00323517971947391,AX,-0.15511596870005,L1,-0.0204145711453343,L2,-0....
GetData ===>> H2,-0.0764746514555786,H1,0.0543707304397458,AX,-0.0537775543191777,L1,-0.00799708714750219,L2,-0...
GetData ===>> H2,-0.105078393754819,H1,0.0285943118393696,AX,0.0183081577851094,L1,-0.0340093393319578,L2,0.033...
testing H1>-5.0
evaluate ot="H1.bs>-5.0" t="H1>-5.0", ctx="{'H1': None}"
GetData ===>> H2,-0.293573046653229,H1,0.0534875396439151,AX,-0.0450813866688161,L1,-0.0300371634656966,L2,0.02...
GetData ===>> H2,-0.292394428652857,H1,-0.0237495776042927,AX,-0.164587251284313,L1,-0.0279217017621094,L2,-0.0...
GetData ===>> H2,-0.16590200602727,H1,0.0676075906430153,AX,-0.138686844530391,L1,-0.0010236813999263,L2,0.0063...
GetData ===>> H2,-0.17089932798771,H1,0.0603503757474535,AX,-0.0532442117388014,L1,-0.0190693112677843,L2,-0.06...
GetData ===>> H2,-0.256805174259106,H1,-0.0560750739862169,AX,0.0317453155244628,L1,-0.0255230013148779,L2,-0.0...
testing H1>-5.0
evaluate ot="H1.bs>-5.0" t="H1>-5.0", ctx="{'H1': None}"
GetData ===>> H2,-0.282856243902058,H1,0.0113421393749703,AX,-0.0275011599507584,L1,-0.0375552821832685,L2,-0.0...
measurement finished
estimated time: 62.915 actual time: :63.236
flush and close file /Users/jan/PychronDev/data/isotopes/74/b86942-f82a-4eee-9fb5-3a2b81056e7f.h5
activate_detectors ('H1', 'AX', 'CDD') {'peak_center': True}
peak_center () {'detector': 'H1', 'integration_time': 0.262144, 'isotope': 'Ar40'}
peak center: mean=489.406563266 threshold=3
peak center started
setup peak center. detector=['H1', 'AX', 'CDD'], isotope=Ar40
VersionedUnpickler [<apptools.sweet_pickle.versioned_unpickler.VersionedUnpickler object at 0x1f7b89590>] using Updater [<apptools.sweet_pickle.updater.Updater object at 0x135230b30>]
VersionedUnpickler [<apptools.sweet_pickle.versioned_unpickler.VersionedUnpickler object at 0x1f7b89590>] using Updater [<apptools.sweet_pickle.updater.Updater object at 0x135230b30>]
VersionedUnpickler [<apptools.sweet_pickle.versioned_unpickler.VersionedUnpickler object at 0x1e76b1a70>] using Updater [<apptools.sweet_pickle.updater.Updater object at 0x135230b30>]
setting integration time = 0.524288
SetIntegrationTime 0.524288 ===>> OK
Mapping mass to dac mass func: "parabolic"
H1 map mass coeffs = [-0.00063987  0.15840543  0.57099999]
H1 map mass to dac 39.9624 >> 5.87939
GetDeflection H1 ===>> 0
GetHighVoltage ===>> 4499.94659342336
do peak center. <pychron.spectrometer.jobs.peak_center.PeakCenter object at 0x1352309b0>
doing pc
starting peak center. center dac= 5.87935537682 step_width=0.001
width = 0.001
get scan parameters. half-width=0.015,window=0.015, i=0, scalar=1
Scan parameters center=5.87936 width=0.03000 (5.86436 - 5.89436)
GetData ===>> H2,-0.218818071136516,H1,-0.0159736843798218,AX,-0.0355958804479434,L1,-0.0454520383515421,L2,-0....
Moving to starting dac 5.86435537682
setting magnet DAC
current  : 5.240015
requested: 5.864355
Delta Dac: 0.624340
Checking detector protection. dv=0.62434
Checking detector "CDD". Protection Threshold: 0.1 (V)
ProtectDetector CDD,On ===>> OK
GetDeflection CDD ===>> 2000
Protected = 2000
SetMagnetDAC 5.86435537682 ===>> OK
Magnet settling time: 0.500
GetMagnetMoving ===>> True
GetMagnetMoving ===>> True
GetMagnetMoving ===>> True
GetMagnetMoving ===>> True
GetMagnetMoving ===>> True
GetMagnetMoving ===>> True
GetMagnetMoving ===>> True
GetMagnetMoving ===>> True
GetMagnetMoving ===>> True
GetMagnetMoving ===>> False
ProtectDetector CDD,Off ===>> OK
GetDeflection CDD ===>> 50
Wait until signal near baseline. tol= -0.0119802632849. timeout= 10
GetData ===>> H2,22.2526947838024,H1,7.13983985951205,AX,0.354994896664004,L1,0.0032733714533452,L2,0.048155449...
GetData ===>> H2,31.4829348780061,H1,16.6076408499508,AX,1.50738237749063,L1,-0.0339946620270053,L2,-0.15256980...
GetData ===>> H2,17.7917241558562,H1,7.94565239819007,AX,0.622024058348904,L1,-0.0163868402949036,L2,-0.0814491...
GetData ===>> H2,7.55219740394442,H1,3.87618335577538,AX,0.257752115232826,L1,-0.0206946734614563,L2,-0.1222211...
GetData ===>> H2,2.70042671953166,H1,2.14017751682924,AX,0.175452671413134,L1,-0.0306425974063739,L2,-0.0532297...
GetData ===>> H2,0.88197044609798,H1,1.29550420298103,AX,-0.00279534311400123,L1,-0.0337650058966039,L2,0.04346...
GetData ===>> H2,0.21916199430423,H1,0.782051888026403,AX,0.0251657500781704,L1,-0.00385297358570722,L2,-0.0353...
GetData ===>> H2,0.00994540430292925,H1,0.569003380238598,AX,-0.00249373101924423,L1,-0.0151717841524745,L2,-0....
GetData ===>> H2,0.0349446598729394,H1,0.502100314632448,AX,-0.0826432591659987,L1,-0.0141555298591204,L2,-0.08...
GetData ===>> H2,0.0482404970323967,H1,0.504823354405537,AX,-0.00337536374645683,L1,0.0123137026766411,L2,-0.05...
GetData ===>> H2,0.0482404970323967,H1,0.504823354405537,AX,-0.00337536374645683,L1,0.0123137026766411,L2,-0.05...
GetData ===>> H2,0.00997805673748624,H1,0.516146259513461,AX,-0.0662291133465121,L1,-0.0180953396619641,L2,-0.1...
GetData ===>> H2,0.045483104596192,H1,0.407136927838558,AX,-0.087140437316401,L1,-0.0192405667157863,L2,0.03058...
GetData ===>> H2,0.0585211832136164,H1,0.430857221322278,AX,-0.0378223903714412,L1,-0.0153323621155223,L2,-0.05...
GetData ===>> H2,-0.0226657881570136,H1,0.377494447237514,AX,-0.0329750274575915,L1,0.00408977867198662,L2,-0.1...
GetData ===>> H2,-0.183809549590858,H1,0.457610580024714,AX,-0.0496034908283873,L1,-0.0454795715328708,L2,-0.09...
GetData ===>> H2,-0.220639300176896,H1,0.524245070210605,AX,-0.0216326464817641,L1,-0.0725118295656888,L2,0.092...
GetData ===>> H2,-0.200039403782575,H1,0.5209481303458,AX,-0.0908724737262867,L1,-0.0647008502928475,L2,0.00560...
GetData ===>> H2,-0.149269711591725,H1,0.44071044358025,AX,-0.108186322702172,L1,-0.0353398667012447,L2,-0.0995...
GetData ===>> H2,-0.184925388882778,H1,0.43671642374592,AX,-0.069776472614406,L1,-0.0357400914630491,L2,-0.1831...
GetData ===>> H2,-0.0525244491177205,H1,0.46028466060164,AX,-0.0173180195700965,L1,-0.0217054772090928,L2,-0.20...
Peak center failed to move to a baseline position
_do_sweep sm= 5.86435537682, em= 5.89435537682, stm= 0.001
calculated step values: start=5.86435537682, end=5.89435537682, width=0.001, nsteps=31.0
setting magnet DAC
current  : 5.864355
requested: 5.864355
Delta Dac: 0.000000
Checking detector protection. dv=0.00000
Checking detector "CDD". Protection Threshold: 0.1 (V)
SetMagnetDAC 5.86435537682 ===>> OK
GetData ===>> H2,-0.0525244491177205,H1,0.46028466060164,AX,-0.0173180195700965,L1,-0.0217054772090928,L2,-0.20...
setting magnet DAC
current  : 5.864355
requested: 5.865390
Delta Dac: 0.001034
Checking detector protection. dv=0.00103
Checking detector "CDD". Protection Threshold: 0.1 (V)
SetMagnetDAC 5.86538985958 ===>> OK
Magnet settling time: 1.049
GetData ===>> H2,-0.0501708139562249,H1,0.848986413724462,AX,-0.00182090067078646,L1,-0.0235759148298001,L2,0.0...
setting magnet DAC
current  : 5.865390
requested: 5.866424
Delta Dac: 0.001034
Checking detector protection. dv=0.00103
Checking detector "CDD". Protection Threshold: 0.1 (V)
SetMagnetDAC 5.86642434234 ===>> OK
Magnet settling time: 1.049
GetData ===>> H2,-0.0649732654935891,H1,2.51512523469895,AX,0.233236045065217,L1,-0.0277633800775184,L2,-0.0677...
setting magnet DAC
current  : 5.866424
requested: 5.867459
Delta Dac: 0.001034
Checking detector protection. dv=0.00103
Checking detector "CDD". Protection Threshold: 0.1 (V)
SetMagnetDAC 5.8674588251 ===>> OK
Magnet settling time: 1.049
GetData ===>> H2,-0.100666341641783,H1,9.26635589476412,AX,0.711808619050835,L1,-0.0210779285427176,L2,-0.04772...
setting magnet DAC
current  : 5.867459
requested: 5.868493
Delta Dac: 0.001034
Checking detector protection. dv=0.00103
Checking detector "CDD". Protection Threshold: 0.1 (V)
SetMagnetDAC 5.86849330786 ===>> OK
Magnet settling time: 1.049
GetData ===>> H2,-0.176761589120072,H1,46.065043706327,AX,3.50962529453921,L1,0.0213459024996388,L2,0.033893078...
setting magnet DAC
current  : 5.868493
requested: 5.869528
Delta Dac: 0.001034
Checking detector protection. dv=0.00103
Checking detector "CDD". Protection Threshold: 0.1 (V)
SetMagnetDAC 5.86952779062 ===>> OK
Magnet settling time: 1.049
GetData ===>> H2,-0.142194746054208,H1,126.379451788566,AX,10.9116254690198,L1,0.0412842371871302,L2,0.07964955...
setting magnet DAC
current  : 5.869528
requested: 5.870562
Delta Dac: 0.001034
Checking detector protection. dv=0.00103
Checking detector "CDD". Protection Threshold: 0.1 (V)
SetMagnetDAC 5.87056227338 ===>> OK
Magnet settling time: 1.049
GetData ===>> H2,-0.183445665171819,H1,246.593679937565,AX,23.5289229758932,L1,0.156964245281849,L2,-0.15373160...
setting magnet DAC
current  : 5.870562
requested: 5.871597
Delta Dac: 0.001034
Checking detector protection. dv=0.00103
Checking detector "CDD". Protection Threshold: 0.1 (V)
SetMagnetDAC 5.87159675613 ===>> OK
Magnet settling time: 1.049
GetData ===>> H2,-0.136830919712691,H1,359.068471502017,AX,37.6459653800858,L1,0.265453963265235,L2,0.052165699...
setting magnet DAC
current  : 5.871597
requested: 5.872631
Delta Dac: 0.001034
Checking detector protection. dv=0.00103
Checking detector "CDD". Protection Threshold: 0.1 (V)
SetMagnetDAC 5.87263123889 ===>> OK
Magnet settling time: 1.049
GetData ===>> H2,-0.0905832504731644,H1,427.25531824405,AX,48.1232503253407,L1,0.4232820526211,L2,-0.0517730857...
setting magnet DAC
current  : 5.872631
requested: 5.873666
Delta Dac: 0.001034
Checking detector protection. dv=0.00103
Checking detector "CDD". Protection Threshold: 0.1 (V)
SetMagnetDAC 5.87366572165 ===>> OK
Magnet settling time: 1.049
GetData ===>> H2,-0.21448966450064,H1,456.150722400543,AX,53.8642087375197,L1,0.514087443537067,L2,0.0815641475...
setting magnet DAC
current  : 5.873666
requested: 5.874700
Delta Dac: 0.001034
Checking detector protection. dv=0.00103
Checking detector "CDD". Protection Threshold: 0.1 (V)
SetMagnetDAC 5.87470020441 ===>> OK
Magnet settling time: 1.049
GetData ===>> H2,-0.118402830013086,H1,465.589782881891,AX,55.7957706250715,L1,0.607831462192203,L2,0.136237365...
setting magnet DAC
current  : 5.874700
requested: 5.875735
Delta Dac: 0.001034
Checking detector protection. dv=0.00103
Checking detector "CDD". Protection Threshold: 0.1 (V)
SetMagnetDAC 5.87573468717 ===>> OK
Magnet settling time: 1.049
GetData ===>> H2,-0.0960805372755035,H1,468.251794575478,AX,56.3010496505177,L1,0.689333382946941,L2,0.09913916...
setting magnet DAC
current  : 5.875735
requested: 5.876769
Delta Dac: 0.001034
Checking detector protection. dv=0.00103
Checking detector "CDD". Protection Threshold: 0.1 (V)
SetMagnetDAC 5.87676916993 ===>> OK
Magnet settling time: 1.049
GetData ===>> H2,-0.225591040218826,H1,468.574539288121,AX,56.5483598872114,L1,0.7171846129499,L2,0.16684793891...
setting magnet DAC
current  : 5.876769
requested: 5.877804
Delta Dac: 0.001034
Checking detector protection. dv=0.00103
Checking detector "CDD". Protection Threshold: 0.1 (V)
SetMagnetDAC 5.87780365269 ===>> OK
Magnet settling time: 1.049
GetData ===>> H2,-0.273010501488069,H1,468.908308333115,AX,56.5415357056126,L1,0.72146419895801,L2,0.0598676757...
setting magnet DAC
current  : 5.877804
requested: 5.878838
Delta Dac: 0.001034
Checking detector protection. dv=0.00103
Checking detector "CDD". Protection Threshold: 0.1 (V)
SetMagnetDAC 5.87883813544 ===>> OK
Magnet settling time: 1.049
GetData ===>> H2,-0.295444084389985,H1,468.515792926986,AX,56.8737622432698,L1,0.735844944053332,L2,0.070532973...
setting magnet DAC
current  : 5.878838
requested: 5.879873
Delta Dac: 0.001034
Checking detector protection. dv=0.00103
Checking detector "CDD". Protection Threshold: 0.1 (V)
SetMagnetDAC 5.8798726182 ===>> OK
Magnet settling time: 1.049
GetData ===>> H2,-0.221858598378916,H1,468.859217724729,AX,56.5585070531944,L1,0.73855784113577,L2,0.1802402911...
setting magnet DAC
current  : 5.879873
requested: 5.880907
Delta Dac: 0.001034
Checking detector protection. dv=0.00103
Checking detector "CDD". Protection Threshold: 0.1 (V)
SetMagnetDAC 5.88090710096 ===>> OK
Magnet settling time: 1.049
GetData ===>> H2,-0.221567916709384,H1,468.682849568691,AX,56.5756303835106,L1,0.693914790751174,L2,0.148941161...
setting magnet DAC
current  : 5.880907
requested: 5.881942
Delta Dac: 0.001034
Checking detector protection. dv=0.00103
Checking detector "CDD". Protection Threshold: 0.1 (V)
SetMagnetDAC 5.88194158372 ===>> OK
Magnet settling time: 1.049
GetData ===>> H2,-0.136506740176089,H1,468.084134235663,AX,56.4840237837211,L1,0.73149483967504,L2,0.1462725406...
setting magnet DAC
current  : 5.881942
requested: 5.882976
Delta Dac: 0.001034
Checking detector protection. dv=0.00103
Checking detector "CDD". Protection Threshold: 0.1 (V)
SetMagnetDAC 5.88297606648 ===>> OK
Magnet settling time: 1.049
GetData ===>> H2,-0.195224188550139,H1,467.219022705476,AX,56.2818446670411,L1,0.693991702177106,L2,0.027810573...
setting magnet DAC
current  : 5.882976
requested: 5.884011
Delta Dac: 0.001034
Checking detector protection. dv=0.00103
Checking detector "CDD". Protection Threshold: 0.1 (V)
SetMagnetDAC 5.88401054924 ===>> OK
Magnet settling time: 1.049
GetData ===>> H2,-0.072462099722631,H1,464.225692048513,AX,55.7925479173596,L1,0.691315022396566,L2,0.027833353...
setting magnet DAC
current  : 5.884011
requested: 5.885045
Delta Dac: 0.001034
Checking detector protection. dv=0.00103
Checking detector "CDD". Protection Threshold: 0.1 (V)
SetMagnetDAC 5.885045032 ===>> OK
Magnet settling time: 1.049
GetData ===>> H2,-0.169701143299646,H1,452.724861201027,AX,53.1213056646325,L1,0.654678589080141,L2,0.046127602...
setting magnet DAC
current  : 5.885045
requested: 5.886080
Delta Dac: 0.001034
Checking detector protection. dv=0.00103
Checking detector "CDD". Protection Threshold: 0.1 (V)
SetMagnetDAC 5.88607951475 ===>> OK
Magnet settling time: 1.049
GetData ===>> H2,-0.135455794487325,H1,416.673202509097,AX,45.5718160739395,L1,0.562818611676505,L2,0.066134533...
setting magnet DAC
current  : 5.886080
requested: 5.887114
Delta Dac: 0.001034
Checking detector protection. dv=0.00103
Checking detector "CDD". Protection Threshold: 0.1 (V)
SetMagnetDAC 5.88711399751 ===>> OK
Magnet settling time: 1.049
GetData ===>> H2,-0.16017052401598,H1,334.258351644385,AX,32.6783050726973,L1,0.446131072010189,L2,0.0170133708...
setting magnet DAC
current  : 5.887114
requested: 5.888148
Delta Dac: 0.001034
Checking detector protection. dv=0.00103
Checking detector "CDD". Protection Threshold: 0.1 (V)
SetMagnetDAC 5.88814848027 ===>> OK
Magnet settling time: 1.049
GetData ===>> H2,-0.173786324490111,H1,216.247333844438,AX,18.2005354607418,L1,0.326248513440019,L2,0.007265045...
setting magnet DAC
current  : 5.888148
requested: 5.889183
Delta Dac: 0.001034
Checking detector protection. dv=0.00103
Checking detector "CDD". Protection Threshold: 0.1 (V)
SetMagnetDAC 5.88918296303 ===>> OK
Magnet settling time: 1.049
GetData ===>> H2,-0.227939666845258,H1,107.726499221311,AX,7.65112922457377,L1,0.232846970717911,L2,-0.02734714...
setting magnet DAC
current  : 5.889183
requested: 5.890217
Delta Dac: 0.001034
Checking detector protection. dv=0.00103
Checking detector "CDD". Protection Threshold: 0.1 (V)
SetMagnetDAC 5.89021744579 ===>> OK
Magnet settling time: 1.049
GetData ===>> H2,-0.245230283370317,H1,41.3374966486196,AX,2.4182822139666,L1,0.157106961840521,L2,0.0135740116...
setting magnet DAC
current  : 5.890217
requested: 5.891252
Delta Dac: 0.001034
Checking detector protection. dv=0.00103
Checking detector "CDD". Protection Threshold: 0.1 (V)
SetMagnetDAC 5.89125192855 ===>> OK
Magnet settling time: 1.049
GetData ===>> H2,-0.137125374763168,H1,12.5099179215611,AX,0.7139739625904,L1,0.0619128773517243,L2,0.036558567...
setting magnet DAC
current  : 5.891252
requested: 5.892286
Delta Dac: 0.001034
Checking detector protection. dv=0.00103
Checking detector "CDD". Protection Threshold: 0.1 (V)
SetMagnetDAC 5.89228641131 ===>> OK
Magnet settling time: 1.049
GetData ===>> H2,-0.115282559079228,H1,3.05985621414935,AX,-0.0454988204715115,L1,0.0236028163891368,L2,-0.0023...
setting magnet DAC
current  : 5.892286
requested: 5.893321
Delta Dac: 0.001034
Checking detector protection. dv=0.00103
Checking detector "CDD". Protection Threshold: 0.1 (V)
SetMagnetDAC 5.89332089406 ===>> OK
Magnet settling time: 1.049
GetData ===>> H2,-0.183464533540312,H1,0.206194018246575,AX,-0.0345753797093904,L1,-0.0229700365021549,L2,-0.14...
setting magnet DAC
current  : 5.893321
requested: 5.894355
Delta Dac: 0.001034
Checking detector protection. dv=0.00103
Checking detector "CDD". Protection Threshold: 0.1 (V)
SetMagnetDAC 5.89435537682 ===>> OK
Magnet settling time: 1.049
GetData ===>> H2,-0.178236793113232,H1,0.000510344467641444,AX,-0.112218825031783,L1,-0.00601220364135215,L2,0....
result of _do_sweep=True
result of _calculate_peak_center=([5.8714796253206032, 5.8792050762224068, 5.8869305271242105], [346.33334981186067, 468.9012288969322, 348.87501357131509], 5.8778223106913448, 468.9012288969322)
Failed to find a valid peak. No peak greater than 1.0. max = 0.0184271132024
new center pos Detector(H1) (Ar40) @ 5.87920507622
GetHighVoltage ===>> 4499.94659342336
GetDeflection H1 ===>> 0
dac uncorrected for HV and deflection 5.87923969851
update mftable H1 Ar40 5.87923969851 message=automated run peakcenter
get initial guess parabolic
get initial guess parabolic
get initial guess parabolic
get initial guess parabolic
get initial guess parabolic
get initial guess parabolic
dump mftable to /Users/jan/PychronDev/setupfiles/spectrometer/mftables/mftable.csv
add to repo msg=modified - automated run peakcenter
locally archiving mftable
setting magnet DAC
current  : 5.894355
requested: 5.879205
Delta Dac: 0.015150
Checking detector protection. dv=0.01515
Checking detector "CDD". Protection Threshold: 0.1 (V)
SetMagnetDAC 5.87920507622 ===>> OK
Magnet settling time: 0.500
sweep finished
setting integration time = 1.048576
SetIntegrationTime 1.048576 ===>> OK
Failed to find a valid peak. No peak greater than 1.0. max = 0.0184271132024
flush and close file /Users/jan/PychronDev/data/isotopes/74/b86942-f82a-4eee-9fb5-3a2b81056e7f.h5
finished measure script
executed snippet estimated_duration=226.132928, duration=273.037678003
jan_unknown120_60.py completed successfully
Measurement Finished
14:52:31 -- ******* Measurement Finished *******
Post Measurement Started jan_pump_ms.py
14:52:31 -- ******* Post Measurement Started jan_pump_ms.py *******
testing...
no interpolation path defined
executed snippet estimated_duration=0, duration=2.69412994385e-05
Pumping spectrometer
open () {'name': 'O'}
opening name=O desc=---
checking ownership. requestor=129.138.12.150
check software interlocks O
interlocks []
actuate state mode=None-script, software_lock=False
doing actuation None-script open_channel True
Open O ===>> OK
GetIndicatorState O ===>> OK
change switch state (True, True)
update switch state O True args=() kw={} ncanvase=2
14:52:31 -- OPEN   VALVE-O (Jan Ion Pump)
---------------------------------------- open O () result=[(True, True)], time=0.10 sec
action=open, ok=True, locked=[False]
executed snippet estimated_duration=0, duration=0.353306055069
jan_pump_ms.py completed successfully
setting _ms_pumptime
Post Measurement Finished
14:52:31 -- ******* Post Measurement Finished *******
$$$$$$$$$$$$$$$$$$$$ state at run end measurement
state changed from measurement to success
post measurement save measured=True aborted=False
Set filtering
setting fod for Ar40= {'filter_outliers': True, 'std_devs': 2, 'iterations': 1}
setting fod for H1= {'filter_outliers': True, 'std_devs': 2, 'iterations': 1}
setting fod for PM41= {'filter_outliers': False, 'std_devs': 2, 'iterations': 1}
setting fod for H2= {'filter_outliers': True, 'std_devs': 2, 'iterations': 1}
setting fod for Ar36= {'filter_outliers': True, 'std_devs': 2, 'iterations': 1}
setting fod for CDD= {'filter_outliers': True, 'std_devs': 10, 'iterations': 1}
setting fod for Ar37= {'filter_outliers': True, 'std_devs': 2, 'iterations': 1}
setting fod for L2= {'filter_outliers': True, 'std_devs': 2, 'iterations': 1}
setting fod for Ar38= {'filter_outliers': True, 'std_devs': 2, 'iterations': 1}
setting fod for L1= {'filter_outliers': True, 'std_devs': 2, 'iterations': 1}
setting fod for Ar39= {'filter_outliers': True, 'std_devs': 2, 'iterations': 1}
setting fod for AX= {'filter_outliers': True, 'std_devs': 2, 'iterations': 1}
persistence save...
persistence save - db
post measurement save
7882564720 connecting to database sqlite:////Users/jan/PychronDev/.appdata/local_lab.db
connected to db sqlite:////Users/jan/PychronDev/.appdata/local_lab.db
create new session 7882564720
close session 7882564720
No database instance. Not saving post measurement to isotopedb database
$$$$$$$$$$$$$$$ auto_save_detector_ic=False
massspec enabled True
create new session 4985539184
MassSpec Database Version: 16.0
close session 4985539184
saving post measurement to secondary database
saving to massspec database 129.138.12.160/massspecdata
setting labnumber to 25328
setting aliquot to 5
setting step to 
setting uuid to 74b86942-f82a-4eee-9fb5-3a2b81056e7f
setting irradpos to 25328
setting extract_device to Fusions CO2
setting tray to 
setting position to 101
setting power_requested to 5.0
setting extract_value to 5.0
setting duration to 30.0
setting duration_at_request to 30.0
setting first_stage_delay to 30.0
setting cleanup to 30.0
setting comment to L:9
setting irradiation to NM-288
setting level to L
setting irradiation_level to L
setting sample to FC-2
setting material to 
setting project to 
setting mass_spectrometer to jan
no attribute chron_dosages
no attribute production_ratios
no attribute interference_corrections
no attribute production_name
no attribute j
Reference Isotope=Ar40
Reference Detector=H1
%%%%%%%%%%%%%%%%%%%% Comment: L:9 %%%%%%%%%%%%%%%%%%%
adding isotope PM41 H2
add baseline dbdet= PM41. original det= H2
get baseline data PM41 H2
Get data baseline <pychron.processing.isotope.Baseline object at 0x1e85b1410> len t=60
baseline PM41. v=-0.189743527612, e=0.00908946924782
get signal data PM41 H2
Get data signal PM41 0.08+/-0.07 len t=120
adding isotope Ar40 H1
add baseline dbdet= Ar40. original det= H1
get baseline data Ar40 H1
Get data baseline <pychron.processing.isotope.Baseline object at 0x1e85b1e90> len t=60
baseline Ar40. v=-0.00143613016295, e=0.00538880992475
get signal data Ar40 H1
Get data signal Ar40 511.57+/-0.04 len t=120
adding isotope Ar39 AX
add baseline dbdet= Ar39. original det= AX
get baseline data Ar39 AX
Get data baseline <pychron.processing.isotope.Baseline object at 0x1e85b1a50> len t=60
baseline Ar39. v=-0.0749187176224, e=0.00723570669804
get signal data Ar39 AX
Get data signal Ar39 61.806+/-0.017 len t=120
adding isotope Ar38 L1
add baseline dbdet= Ar38. original det= L1
get baseline data Ar38 L1
Get data baseline <pychron.processing.isotope.Baseline object at 0x1e2b03c10> len t=60
baseline Ar38. v=-0.0261663131252, e=0.00224095154371
get signal data Ar38 L1
Get data signal Ar38 0.812+/-0.005 len t=120
adding isotope Ar37 L2
add baseline dbdet= Ar37. original det= L2
get baseline data Ar37 L2
Get data baseline <pychron.processing.isotope.Baseline object at 0x1f036dc90> len t=60
baseline Ar37. v=-0.0139596569315, e=0.00681947560173
get signal data Ar37 L2
Get data signal Ar37 0.159+/-0.012 len t=120
adding isotope Ar36 CDD
add baseline dbdet= Ar36. original det= CDD
get baseline data Ar36 CDD
Get data baseline <pychron.processing.isotope.Baseline object at 0x1f036da10> len t=60
baseline Ar36. v=0.000114130149487, e=1.74664737634e-05
get signal data Ar36 CDD
Get data signal Ar36 0.00919+/-0.00030 len t=120
25328-05 added analysis time 0.544307947159s
analysis added to mass spec database
mass spec save time= 0.554
persistence save - dvc
================= post measurement started
create new session 4989601072
close session 4989601072
---------------- Experiment Queue saving disabled
DVC saving peakcenter
Failed to find a valid peak. No peak greater than 1.0. max = 0.0184271132024
Smart pull ahead: 0 behind: 0
Up-to-date with origin
add to repo msg=modified - ad8224ebc6dbfeb9f5997218dfa5fe690569839d.json
add to repo msg=modified - 28-05.json
add to repo msg=modified - 28-05.dat.json
add to repo msg=modified - 28-05.blan.json
add to repo msg=modified - 28-05.inte.json
add to repo msg=modified - 28-05.icfa.json
add to repo msg=modified - 28-05.base.json
not at valid file /Users/jan/PychronDev/data/.dvc/repositories/Load1791/253/tags/28-05.tags.json
add to repo msg=modified - 28-05.peak.json
add to repo msg=modified - 28-05.extr.json
not at valid file /Users/jan/PychronDev/data/.dvc/repositories/Load1791/253/monitor/28-05.moni.json
commit message=<COLLECTION>
add to repo msg=modified - 28-05.inte.json
add to repo msg=modified - 28-05.base.json
commit message=<ISOEVO> default collection fits
add to repo msg=modified - 28-05.blan.json
commit message=<BLANKS> preceding bu-FC-J-7762
add to repo msg=modified - 28-05.icfa.json
commit message=<ICFactor> default
push repository <pychron.git_archive.repo_manager.GitRepoManager object at 0x1e1b777d0>
pushing to remote=origin, url=https://github.com
no changes to meta repo
create new session 4989601072
add association Load1791
get identifier "25328"
setting analysis irradiation position=<pychron.dvc.dvc_orm.IrradiationPositionTbl object at 0x1e7224dd0>
close session 4989601072
================= post measurement finished
14:52:44 -- ******* Post Run Check *******
loading queue conditionals post_run_actions
loading system conditionals post_run_actions
loading conditionals from /Users/jan/PychronDev/setupfiles/spectrometer/default_conditionals.yaml
loading queue conditionals post_run_terminations
loading system conditionals post_run_terminations
loading conditionals from /Users/jan/PychronDev/setupfiles/spectrometer/default_conditionals.yaml
Checking default post run terminations n=1
GetDeflection CDD ===>> 50
testing CDD==2000
evaluate ot="CDD.deflection==2000" t="CDD==2000", ctx="{'CDD': 50.0}"
14:52:44 -- ******* Post Run Check Passed *******
14:52:44 -- Automated run 25328-05 success duration: 364.351 s
----------------- finish -----------------
----------------- stop -----------------
retroactive repository identifiers disabled
finish run. runs completed=130
update duration runid=25328-05, duration=364.350710154, md5=301e91d8
write rem/ex queues
/Users/jan/PychronDev/experiments/rem/CurrentExperiment.rem.txt
/Users/jan/PychronDev/experiments/rem/CurrentExperiment.ex.txt
doing event level: 3
