do run
loading script "jan_unknown120_60.py"
loading script "jan_pump_ms.py"
loading script "jan_co2.py"
loading script "jan_pump_extraction_line.py"
testing...
no interpolation path defined
executed snippet estimated_duration=213.652928, duration=0.000271081924438
script duration name:unknown120_60 seconds:214.0
loading script "jan_unknown120_60.py"
loading script "jan_pump_ms.py"
loading script "jan_co2.py"
loading script "jan_pump_extraction_line.py"
testing...
no interpolation path defined
executed snippet estimated_duration=0, duration=2.8133392334e-05
loading script "jan_unknown120_60.py"
loading script "jan_pump_ms.py"
loading script "jan_co2.py"
loading script "jan_pump_extraction_line.py"
testing...
no interpolation path defined
calculate duration
testing...
no interpolation path defined
executed snippet estimated_duration=0, duration=9.29832458496e-05
calculate duration
testing...
no interpolation path defined
executed snippet estimated_duration=0, duration=0.000130891799927
executed snippet estimated_duration=0.0, duration=0.00389695167542
script duration name:co2 seconds:0.0
loading script "jan_unknown120_60.py"
loading script "jan_pump_ms.py"
loading script "jan_co2.py"
loading script "jan_pump_extraction_line.py"
testing...
no interpolation path defined
calculate duration
testing...
no interpolation path defined
executed snippet estimated_duration=4.0, duration=0.000282049179077
executed snippet estimated_duration=4.0, duration=0.00169587135315
Script duration 214.0
Run total estimated duration= 215.000
run duration: 0:03:35
doing event level: 2
14:53:35 -- Setting default integration. t=1.048576
setting integration time = 1.048576
SetIntegrationTime 1.048576 ===>> OK
----------------- start -----------------
**************** Experiment Type: Ar/Ar, Ar/Ar
create new session 4436069840
close session 4436069840
$$$$$ Clearing conditionals
adding conditionals 
Add queue conditionals
add default conditionals
adding default conditionals from /Users/jan/PychronDev/setupfiles/spectrometer/default_conditionals.yaml
Start automated run 25328-06
loading script "jan_unknown120_60.py"
loading script "jan_pump_ms.py"
loading script "jan_co2.py"
loading script "jan_pump_extraction_line.py"
%%%%%%%%%%%%%%%%%% setting automated run 25328-06
No value "sensitivity_multiplier" in metadata
$$$$$$$$$$$$$$$ auto_save_detector_ic=False
============================= Pre Extraction Check =============================
loading queue conditionals pre_run_terminations
loading system conditionals pre_run_terminations
loading conditionals from /Users/jan/PychronDev/setupfiles/spectrometer/default_conditionals.yaml
14:53:35 -- ******* Pre Extraction Check *******
Get a measurement from the spectrometer
GetData ===>> H2,-0.229302532107286,H1,-0.0482301549967311,AX,-0.0925530023834279,L1,-0.00513777126468887,L2,-0...
Pre Extraction Termination data. keys=H2,H1,AX,L1,L2,CDD, signals=-0.22930,-0.04823,-0.09255,-0.00514,-0.02376,0.00491
14:53:35 -- testing system defined conditionals
Checking default pre extraction terminations n=2
testing CDD
evaluate ot="CDD.inactive" t="CDD", ctx="{'CDD': False}"
GetDeflection CDD ===>> 50
testing CDD==2000
evaluate ot="CDD.deflection==2000" t="CDD==2000", ctx="{'CDD': 50.0}"
14:53:35 -- ******* Pre Extraction Check Passed *******
=================================================================================
14:53:35 -- stopping status monitor
stop 4982387056
Alive clients [4989850544]
14:53:35 -- starting status monitor
start 4982387056
Monitor already running
start extraction
do extraction
Analysis started at 14:53:35.823935
Extraction Started jan_co2.py
14:53:35 -- ******* Extraction Started jan_co2.py *******
state changed from not run to extraction
DO EXTRACTION <pychron.extraction_line.pyscript_runner.RemotePyScriptRunner object at 0x12c299590>
testing...
no interpolation path defined
calculate duration
testing...
no interpolation path defined
executed snippet estimated_duration=0, duration=4.79221343994e-05
calculate duration
testing...
no interpolation path defined
executed snippet estimated_duration=0, duration=9.29832458496e-05
executed snippet estimated_duration=100.0, duration=0.00309705734253
Jan CO2 laser analysis
doing GOSUB
testing...
no interpolation path defined
executed snippet estimated_duration=0, duration=4.50611114502e-05
Waiting for CO2 access
wait ('FelixCO2Flag', 0) {}
waiting for FelixCO2Flag = 0
Read FelixCO2Flag ===>> 0
finished waiting
CO2 free
wait ('CO2PumpTimeFlag', 0) {}
waiting for CO2PumpTimeFlag = 0
Read CO2PumpTimeFlag ===>> 0
finished waiting
acquire ('JanCO2Flag',) {'clear': True}
acquire JanCO2Flag
Set JanCO2Flag 1 ===>> OK
JanCO2Flag acquired
set extraction state False (0.75, 'red', 1.5)
CO2 acquired
executed snippet estimated_duration=0, duration=0.0247950553894
WaitForCO2Access.py completed successfully
gosub finished
doing GOSUB
testing...
no interpolation path defined
executed snippet estimated_duration=0, duration=8.08238983154e-05
Prepare for CO2 analysis
close () {'description': 'Jan Inlet'}
closing name=--- desc=Jan Inlet
checking ownership. requestor=129.138.12.150
check software interlocks R
interlocks []
actuate state mode=None-script, software_lock=False
doing actuation None-script close_channel False
Close R ===>> OK
GetIndicatorState R ===>> False
change switch state (True, True)
update switch state R False args=() kw={} ncanvase=2
14:53:36 -- CLOSE  VALVE-R (Jan Inlet)
---------------------------------------- close None (Jan Inlet) result=[(True, True)]
action=close, ok=True, locked=[False]
open () {'description': 'Jan Ion Pump'}
opening name=--- desc=Jan Ion Pump
checking ownership. requestor=129.138.12.150
check software interlocks O
interlocks []
actuate state mode=None-script, software_lock=False
doing actuation None-script open_channel False
Open O ===>> OK
GetIndicatorState O ===>> OK
change switch state (True, True)
update switch state O True args=() kw={} ncanvase=2
14:53:36 -- OPEN   VALVE-O (Jan Ion Pump)
---------------------------------------- open None (Jan Ion Pump) result=[(True, True)], time=0.10 sec
action=open, ok=True, locked=[False]
close () {'description': 'Microbone to Minibone'}
closing name=--- desc=Microbone to Minibone
checking ownership. requestor=129.138.12.150
check software interlocks L
interlocks []
actuate state mode=None-script, software_lock=False
doing actuation None-script close_channel False
Close L ===>> OK
GetIndicatorState L ===>> False
change switch state (True, True)
update switch state L False args=() kw={} ncanvase=2
14:53:37 -- CLOSE  VALVE-L (Microbone to Minibone)
---------------------------------------- close None (Microbone to Minibone) result=[(True, True)]
action=close, ok=True, locked=[False]
open () {'description': 'Microbone to Turbo'}
opening name=--- desc=Microbone to Turbo
checking ownership. requestor=129.138.12.150
check software interlocks U
interlocks []
actuate state mode=None-script, software_lock=False
doing actuation None-script open_channel False
Open U ===>> OK
GetIndicatorState U ===>> OK
change switch state (True, True)
update switch state U True args=() kw={} ncanvase=2
14:53:37 -- OPEN   VALVE-U (Microbone to Turbo)
---------------------------------------- open None (Microbone to Turbo) result=[(True, True)], time=0.14 sec
action=open, ok=True, locked=[False]
open () {'description': 'Microbone to Inlet Pipette'}
opening name=--- desc=Microbone to Inlet Pipette
checking ownership. requestor=129.138.12.150
check software interlocks S
interlocks []
actuate state mode=None-script, software_lock=False
doing actuation None-script open_channel False
Open S ===>> OK
GetIndicatorState S ===>> OK
change switch state (True, True)
update switch state S True args=() kw={} ncanvase=2
14:53:38 -- OPEN   VALVE-S (Microbone to Inlet Pipette)
---------------------------------------- open None (Microbone to Inlet Pipette) result=[(True, True)], time=0.43 sec
action=open, ok=True, locked=[False]
open () {'description': 'Microbone to Getter D-50'}
opening name=--- desc=Microbone to Getter D-50
checking ownership. requestor=129.138.12.150
check software interlocks K
interlocks []
actuate state mode=None-script, software_lock=False
doing actuation None-script open_channel False
Open K ===>> OK
GetIndicatorState K ===>> OK
change switch state (True, True)
update switch state K True args=() kw={} ncanvase=2
14:53:39 -- OPEN   VALVE-K (Microbone to Getter D-50)
---------------------------------------- open None (Microbone to Getter D-50) result=[(True, True)], time=0.41 sec
action=open, ok=True, locked=[False]
open () {'description': 'Microbone to Getter NP-10'}
opening name=--- desc=Microbone to Getter NP-10
checking ownership. requestor=129.138.12.150
check software interlocks M
interlocks []
actuate state mode=None-script, software_lock=False
doing actuation None-script open_channel False
Open M ===>> OK
GetIndicatorState M ===>> OK
change switch state (True, True)
update switch state M True args=() kw={} ncanvase=2
14:53:39 -- OPEN   VALVE-M (Microbone to Getter NP-10)
---------------------------------------- open None (Microbone to Getter NP-10) result=[(True, True)], time=0.14 sec
action=open, ok=True, locked=[False]
close () {'description': 'CO2 Laser to Felix'}
closing name=--- desc=CO2 Laser to Felix
checking ownership. requestor=129.138.12.150
check software interlocks F
interlocks []
actuate state mode=None-script, software_lock=True
VALVE-F(CO2 Laser to Felix) software locked
change switch state (True, False)
---------------------------------------- close None (CO2 Laser to Felix) result=[(True, False)]
action=close, ok=True, locked=[True]
open () {'description': 'CO2 Laser to Jan'}
opening name=--- desc=CO2 Laser to Jan
checking ownership. requestor=129.138.12.150
check software interlocks A
interlocks []
actuate state mode=None-script, software_lock=False
doing actuation None-script open_channel False
Open A ===>> OK
GetIndicatorState A ===>> OK
change switch state (True, True)
update switch state A True args=() kw={} ncanvase=2
14:53:39 -- OPEN   VALVE-A (CO2 Laser to Jan)
---------------------------------------- open None (CO2 Laser to Jan) result=[(True, True)], time=0.13 sec
action=open, ok=True, locked=[False]
open () {'description': 'Microbone to CO2 Laser'}
opening name=--- desc=Microbone to CO2 Laser
checking ownership. requestor=129.138.12.150
check software interlocks T
interlocks []
actuate state mode=None-script, software_lock=False
doing actuation None-script open_channel False
Open T ===>> OK
GetIndicatorState T ===>> OK
change switch state (True, True)
update switch state T True args=() kw={} ncanvase=2
14:53:40 -- OPEN   VALVE-T (Microbone to CO2 Laser)
---------------------------------------- open None (Microbone to CO2 Laser) result=[(True, True)], time=0.42 sec
action=open, ok=True, locked=[False]
executed snippet estimated_duration=0, duration=4.93449997902
PrepareForCO2Analysis.py completed successfully
gosub finished
set_motor ('beam', '1.25') {}
setting motor "beam" to 1.25
set motor beam to 1.25
SetMotor beam,1.25 ===>> OK
GetMotorMoving beam ===>> False
GetMotorMoving beam ===>> False
Block completed
move_to_position ('102',) {'autocenter': True}
FusionsCO2 move to position 102
sending GoToHole 102,True
GoToHole 102,True ===>> OK
GetDriveMoving ===>> OK
GetDriveMoving ===>> OK
GetDriveMoving ===>> OK
GetDriveMoving ===>> OK
GetDriveMoving ===>> OK
GetDriveMoving ===>> OK
GetDriveMoving ===>> OK
GetDriveMoving ===>> False
GetDriveMoving ===>> OK
GetDriveMoving ===>> OK
GetDriveMoving ===>> OK
GetDriveMoving ===>> OK
GetDriveMoving ===>> OK
GetDriveMoving ===>> False
Block completed
GetAutoCorrecting ===>> False
GetAutoCorrecting ===>> False
Block completed
update position
GetPosition ===>> 15.95120,1.99390,1.00000
got position (15.9512, 1.9939, 1.0)
move to position succeeded
sleep (5,) {}
SLEEP 5.0
block started
WaitControl setup for 5.0  
Join finished
block finished. duration 5.02309393883
close () {'description': 'Microbone to Turbo'}
closing name=--- desc=Microbone to Turbo
checking ownership. requestor=129.138.12.150
check software interlocks U
interlocks []
actuate state mode=None-script, software_lock=False
doing actuation None-script close_channel True
Close U ===>> OK
GetIndicatorState U ===>> False
change switch state (True, True)
update switch state U False args=() kw={} ncanvase=2
14:53:52 -- CLOSE  VALVE-U (Microbone to Turbo)
---------------------------------------- close None (Microbone to Turbo) result=[(True, True)]
action=close, ok=True, locked=[False]
enable laser
enable () {}
set extraction state FusionsCO2 Enabled (False, 'red', 1.5)
enabling laser
Enable ===>> OK
begin interval
BEGIN INTERVAL Interval 1 waiting for 30.0
block started
WaitControl setup for 30.0  
set extract to 5.0
extract (5.0,) {}
GetPosition ===>> 15.95120,1.99390,1.00000
set extraction state FusionsCO2 ON! 5.0(watts) (0.75, 'red', 1.5)
extract sample to 5.0 (watts)
set laser output
SetLaserOutput 5.0,watts ===>> OK
executing pattern triangle.lp
execute_pattern ('triangle.lp',) {}
executing pattern triangle.lp
IsPatterning ===>> OK
IsPatterning ===>> OK
IsPatterning ===>> OK
IsPatterning ===>> OK
IsPatterning ===>> OK
IsPatterning ===>> OK
IsPatterning ===>> OK
IsPatterning ===>> OK
IsPatterning ===>> OK
IsPatterning ===>> OK
IsPatterning ===>> OK
IsPatterning ===>> OK
IsPatterning ===>> OK
IsPatterning ===>> OK
IsPatterning ===>> OK
IsPatterning ===>> OK
IsPatterning ===>> OK
IsPatterning ===>> OK
IsPatterning ===>> OK
IsPatterning ===>> OK
IsPatterning ===>> OK
IsPatterning ===>> OK
IsPatterning ===>> OK
IsPatterning ===>> OK
IsPatterning ===>> OK
IsPatterning ===>> OK
IsPatterning ===>> False
IsPatterning ===>> False
Block completed
COMPLETE INTERVAL waiting for Interval 1 to complete
Join finished
block finished. duration 30.170648098
Interval 1 finished
end_extract () {}
ending extraction. set laser power to 0
set laser power 0
SetLaserPower 0 ===>> OK
disable () {}
%%%%%%%%%%%%%%%%%%%%%%%%%%%%%%%%%%% disable
set extraction state False (0.75, 'red', 1.5)
disabling laser
Disable ===>> OK
sleep (30.0,) {}
SLEEP 30.0
block started
WaitControl setup for 30.0  
Join finished
block finished. duration 30.1474909782
executed snippet estimated_duration=166.5, duration=77.5665919781
jan_co2.py completed successfully
GetAchievedOutput ===>> No Response
Requested Output= 0.000
Achieved Output=  0.000
GetResponseBlob ===>> No Response
GetOutputBlob ===>> No Response
persistence save...
persistence save - db
AutomatedRunPersister post_extraction_save deprecated
persistence save - dvc
no extraction position for 102
create new session 4989601072
close session 4989601072
Extraction Finished
14:54:53 -- ******* Extraction Finished *******
no overlap. not waiting for min ms pumptime
14:54:53 -- Sending spectrometer configuration
======== Sending configuration ========
SetDeflection CDD,50.0 ===>> OK
SetDeflection H2,0.0 ===>> OK
SetDeflection H1,0.0 ===>> OK
SetDeflection L2,825.0 ===>> OK
SetDeflection L1,400.0 ===>> OK
SetDeflection AX,190.0 ===>> OK
SetZFocus 74.64 ===>> OK
SetZSymmetry -50.72 ===>> OK
SetExtractionLens 26.13 ===>> OK
SetIonRepeller -3.81 ===>> OK
SetElectronEnergy 75.08 ===>> OK
SetYSymmetry -2.81 ===>> OK
SetIonCounterVoltage 1590.0 ===>> OK
send trap current 200.0
GetParameter Trap Current Readback ===>> 198.482695477019
SetParameter Trap Current Set,200.0 ===>> OK
updating mftable name mftable
Using mftable located at /Users/jan/PychronDev/setupfiles/spectrometer/mftables/mftable.csv
============ MFtable ===========
Isotope  H2     H1     AX     L1     L2     CDD    
Ar40     5.8110 5.8792 5.9926 6.1509 6.2309 6.3791
Ar39     5.7102 5.7715 5.8850 6.0370 6.1161 6.2656
Ar36     5.3877 5.4405 5.5484 5.6958 5.7710 5.9167
================================
get initial guess parabolic
get initial guess parabolic
get initial guess parabolic
get initial guess parabolic
get initial guess parabolic
get initial guess parabolic
======== Configuration Finished ========
GetYSymmetry ===>> -2.81
GetZSymmetry ===>> -50.72
GetParameter Trap Current Readback ===>> 197.923274125618
GetHighVoltage ===>> 4499.94659342336
start measurement
do measurement
L#=25328 analysis type=unknown
Measurement Started jan_unknown120_60.py
14:54:53 -- ******* Measurement Started jan_unknown120_60.py *******
state changed from extraction to measurement
setting spec, defl, and gains
GetExtractionLens ===>> 26.13
GetYSymmetry ===>> -2.81
GetZSymmetry ===>> -50.72
GetZFocus ===>> 74.64
GetDeflection H2 ===>> 0
GetDeflection H1 ===>> 0
GetDeflection AX ===>> 190
GetDeflection L1 ===>> 400
GetDeflection L2 ===>> 825
GetDeflection CDD ===>> 50
GetGain H2 ===>> 0.0113
GetGain H1 ===>> 0.1
GetGain AX ===>> 0.097049
GetGain L1 ===>> 0.010355
GetGain L2 ===>> 0.095649
GetGain CDD ===>> 0
pre measurement save
New frame /Users/jan/PychronDev/data/isotopes/2c/64c7db-a76c-4818-adfb-286821649b58.h5
flush and close file /Users/jan/PychronDev/data/isotopes/2c/64c7db-a76c-4818-adfb-286821649b58.h5
testing...
no interpolation path defined
executed snippet estimated_duration=226.132928, duration=0.000162839889526
unknown measurement script
activate_detectors ('H2', 'H1', 'AX', 'L1', 'L2', 'CDD') {}
activate detectors
*************** Set Analysis View Ar/Ar
create graphs
clearing graphs
clear isotope group
setting isotope det=H2, iso=PM41
setting isotope det=H1, iso=Ar40
setting isotope det=AX, iso=Ar39
setting isotope det=L1, iso=Ar38
setting isotope det=L2, iso=Ar37
setting isotope det=CDD, iso=Ar36
setting previous blanks
 - setting Ar40 blank 0.822+/-0.007
 - setting Ar36 blank 0.00679+/-0.00020
 - setting Ar37 blank 0.053+/-0.005
 - setting Ar38 blank 0.0145+/-0.0022
 - setting PM41 blank 0.02+/-0.07
 - setting Ar39 blank 0.035+/-0.009
load analysis view
position_magnet ('Ar40',) {'detector': 'H1'}
detector Detector(H1)
POSITION Ar40 H1
setting detector H2 to PM41 (40.9624)
setting detector H1 to Ar40 (39.9624)
setting detector AX to Ar39 (38.9624)
setting detector L1 to Ar38 (37.9624)
setting detector L2 to Ar37 (36.9624)
setting detector CDD to Ar36 (35.9624)
Mapping mass to dac mass func: "parabolic"
H1 map mass coeffs = [-0.00063987  0.15840543  0.57084999]
H1 map mass to dac 39.9624 >> 5.87924
GetDeflection H1 ===>> 0
GetHighVoltage ===>> 4499.94659342336
positioning Ar40 (5.87920537771) on H1
setting magnet DAC
current  : 5.879205
requested: 5.879205
Delta Dac: 0.000000
Checking detector protection. dv=0.00000
Checking detector "CDD". Protection Threshold: 0.1 (V)
SetMagnetDAC 5.87920537771 ===>> OK
Magnet settling time: 0.500
equilibrate () {'delay': 3, 'inlet': 'R', 'outlet': 'O', 'eqtime': 12.0}
Equilibration Started
14:54:55 -- ******* Equilibration Started *******
checking ownership. requestor=129.138.12.150
check software interlocks O
interlocks []
actuate state mode=None-script, software_lock=False
doing actuation None-script close_channel True
Close O ===>> OK
GetIndicatorState O ===>> False
change switch state (True, True)
update switch state O False args=() kw={} ncanvase=2
14:54:55 -- CLOSE  VALVE-O (Jan Ion Pump)
waiting 3s before opening inlet value ('R',)
update labels <pychron.experiment.plot_panel.PlotPanel object at 0x1e5b9e590>
update labels "<pychron.graph.stacked_regression_graph.StackedRegressionGraph object at 0x1f03576b0>"
setting label 0 H2 PM41
setting label 1 H1 Ar40
setting label 2 AX Ar39
setting label 3 L1 Ar38
setting label 4 L2 Ar37
setting label 5 CDD Ar36
update labels "<pychron.graph.stacked_graph.StackedGraph object at 0x1f106c0b0>"
setting label 0 H2 PM41
setting label 1 H1 Ar40
setting label 2 AX Ar39
setting label 3 L1 Ar38
setting label 4 L2 Ar37
setting label 5 CDD Ar36
checking ownership. requestor=129.138.12.150
check software interlocks R
interlocks []
actuate state mode=None-script, software_lock=False
doing actuation None-script open_channel True
Open R ===>> OK
State checksums do not match. Local:-598318598 Remote:-1449001502
State checksum failed
GetIndicatorState R ===>> OK
change switch state (True, True)
update switch state R True args=() kw={} ncanvase=2
14:54:58 -- OPEN   VALVE-R (Jan Inlet)
set_time_zero () {}
equilibrating for 12.0sec
sniff (12.0,) {}
py_sniff
build tables- sniff [Detector(H2), Detector(H1), Detector(AX), Detector(L1), Detector(L2), Detector(CDD)]
add group /sniff/PM41 (Group) '' table H2
add group /sniff/Ar40 (Group) '' table H1
add group /sniff/Ar39 (Group) '' table AX
add group /sniff/Ar38 (Group) '' table L1
add group /sniff/Ar37 (Group) '' table L2
add group /sniff/Ar36 (Group) '' table CDD
flush and close file /Users/jan/PychronDev/data/isotopes/2c/64c7db-a76c-4818-adfb-286821649b58.h5
measuring sniff. ncounts=12.0
"sniff" increment series count="1" fit count="0" regressing="False"
starting measurement
GetData ===>> H2,-0.175006978901061,H1,0.108479346434032,AX,0.0215338347672753,L1,-0.0463067288850658,L2,0.0112...
GetData ===>> H2,0.595464225258388,H1,71.5010487660483,AX,10.2679392244714,L1,0.118409403008448,L2,0.2747820827...
GetData ===>> H2,0.811252804097489,H1,168.435362021726,AX,21.8776705599707,L1,0.309833471221476,L2,0.2270369709...
GetData ===>> H2,0.25763389155798,H1,200.65161899025,AX,24.9005274207129,L1,0.320807349147578,L2,0.206802388388...
GetData ===>> H2,0.0263776961876341,H1,211.874488041307,AX,25.8018539027425,L1,0.330847540810352,L2,0.128529241...
GetData ===>> H2,0.090092388073752,H1,216.012357913075,AX,26.1631090978186,L1,0.384088528790959,L2,0.0581456352...
GetData ===>> H2,-0.0790725659615429,H1,218.02389651104,AX,26.3514795942238,L1,0.386038446955088,L2,0.087205580...
GetData ===>> H2,-0.182277255142392,H1,218.570441071254,AX,26.2516640120339,L1,0.380390855113765,L2,0.118290710...
GetData ===>> H2,-0.151264081178296,H1,219.119867322637,AX,26.3135630108466,L1,0.357010457404561,L2,0.112875448...
GetData ===>> H2,-0.113485240271746,H1,219.244043602638,AX,26.3948647463562,L1,0.368215620901262,L2,0.064920189...
GetData ===>> H2,-0.0674851119164625,H1,219.230948975629,AX,26.4594143841668,L1,0.320363436190949,L2,-0.0073625...
Equilibration Finished
14:55:11 -- ******* Equilibration Finished *******
checking ownership. requestor=129.138.12.150
check software interlocks R
interlocks []
actuate state mode=None-script, software_lock=False
doing actuation None-script close_channel True
GetData ===>> H2,-0.031753376600595,H1,219.0186378732,AX,26.3962607274944,L1,0.316703108196627,L2,0.17834653992...
Close R ===>> OK
GetIndicatorState R ===>> False
change switch state (True, True)
update switch state R False args=() kw={} ncanvase=2
14:55:11 -- CLOSE  VALVE-R (Jan Inlet)
Post Equilibration Started jan_pump_extraction_line.py
14:55:11 -- ******* Post Equilibration Started jan_pump_extraction_line.py *******
testing...
no interpolation path defined
calculate duration
testing...
no interpolation path defined
executed snippet estimated_duration=4.0, duration=0.000146150588989
executed snippet estimated_duration=4.0, duration=0.00204396247864
Pump after analysis
doing GOSUB
testing...
no interpolation path defined
executed snippet estimated_duration=4.0, duration=0.000135898590088
Pump Microbone
close () {'description': 'Jan Inlet'}
closing name=--- desc=Jan Inlet
checking ownership. requestor=129.138.12.150
check software interlocks R
interlocks []
actuate state mode=None-script, software_lock=False
doing actuation None-script close_channel False
Close R ===>> OK
measurement finished
estimated time: 12.583 actual time: :12.693
flush and close file /Users/jan/PychronDev/data/isotopes/2c/64c7db-a76c-4818-adfb-286821649b58.h5
set_fits () {}
using default fits file=/Users/jan/PychronDev/scripts/measurement/fits/nominal_linear.yaml
set "Ar40" to "('Linear', 'SEM')"
No fit for "PM41". defaulting to linear. check the measurement script "jan_unknown120_60.py"
set "PM41" to "linear"
set "Ar36" to "('Linear', 'SEM')"
set "Ar37" to "('linear', 'SEM')"
set "Ar38" to "('linear', 'SEM')"
set "Ar39" to "('Linear', 'SEM')"
set_baseline_fits () {}
using default fits file=/Users/jan/PychronDev/scripts/measurement/fits/nominal_linear.yaml
GetIndicatorState R ===>> False
set "H1" to "('average', 'SEM')"
change switch state (True, True)
set "H2" to "('average', 'SEM')"
update switch state R False args=() kw={} ncanvase=2
set "CDD" to "('average', 'SEM')"
set "L2" to "('average', 'SEM')"
set "L1" to "('average', 'SEM')"
set "AX" to "('average', 'SEM')"
multicollect () {'integration_time': 1, 'ncounts': 120}
14:55:12 -- CLOSE  VALVE-R (Jan Inlet)
build tables- signal [Detector(H2), Detector(H1), Detector(AX), Detector(L1), Detector(L2), Detector(CDD)]
---------------------------------------- close None (Jan Inlet) result=[(True, True)]
add group /signal/PM41 (Group) '' table H2
add group /signal/Ar40 (Group) '' table H1
add group /signal/Ar39 (Group) '' table AX
add group /signal/Ar38 (Group) '' table L1
add group /signal/Ar37 (Group) '' table L2
add group /signal/Ar36 (Group) '' table CDD
flush and close file /Users/jan/PychronDev/data/isotopes/2c/64c7db-a76c-4818-adfb-286821649b58.h5
measuring signal. ncounts=120
action=close, ok=True, locked=[False]
is_closed ('F',) {}
is F () closed?
is closed True
open () {'description': 'CO2 Laser to Jan'}
opening name=--- desc=CO2 Laser to Jan
checking ownership. requestor=129.138.12.150
check software interlocks A
interlocks []
actuate state mode=None-script, software_lock=False
doing actuation None-script open_channel False
Open A ===>> OK
GetIndicatorState A ===>> OK
change switch state (True, True)
update switch state A True args=() kw={} ncanvase=2
14:55:12 -- OPEN   VALVE-A (CO2 Laser to Jan)
---------------------------------------- open None (CO2 Laser to Jan) result=[(True, True)], time=0.12 sec
starting measurement
GetData ===>> H2,-0.0844995739649208,H1,219.091433942979,AX,26.4741607010597,L1,0.344965935124991,L2,0.09635794...
action=open, ok=True, locked=[False]
sleep (1,) {}
SLEEP 1.0
"signal" increment series count="2" fit count="1" regressing="True"
GetData ===>> H2,-0.0920894554780016,H1,219.171696951742,AX,26.5792190331161,L1,0.385478495231428,L2,0.06062045...
close () {'description': 'CO2 Laser to Roughing'}
closing name=--- desc=CO2 Laser to Roughing
checking ownership. requestor=129.138.12.150
check software interlocks G
interlocks []
actuate state mode=None-script, software_lock=True
VALVE-G(CO2 Laser to Roughing) software locked
change switch state (True, False)
---------------------------------------- close None (CO2 Laser to Roughing) result=[(True, False)]
action=close, ok=True, locked=[True]
open () {'description': 'Microbone to Turbo'}
opening name=--- desc=Microbone to Turbo
checking ownership. requestor=129.138.12.150
check software interlocks U
interlocks []
actuate state mode=None-script, software_lock=False
doing actuation None-script open_channel True
Open U ===>> OK
GetIndicatorState U ===>> OK
change switch state (True, True)
update switch state U True args=() kw={} ncanvase=2
14:55:14 -- OPEN   VALVE-U (Microbone to Turbo)
---------------------------------------- open None (Microbone to Turbo) result=[(True, True)], time=0.18 sec
action=open, ok=True, locked=[False]
open () {'description': 'Microbone to Getter NP-10'}
opening name=--- desc=Microbone to Getter NP-10
checking ownership. requestor=129.138.12.150
check software interlocks M
interlocks []
actuate state mode=None-script, software_lock=False
doing actuation None-script open_channel False
Open M ===>> OK
GetIndicatorState M ===>> OK
change switch state (True, True)
update switch state M True args=() kw={} ncanvase=2
14:55:14 -- OPEN   VALVE-M (Microbone to Getter NP-10)
---------------------------------------- open None (Microbone to Getter NP-10) result=[(True, True)], time=0.13 sec
action=open, ok=True, locked=[False]
open () {'description': 'Microbone to Getter D-50'}
opening name=--- desc=Microbone to Getter D-50
checking ownership. requestor=129.138.12.150
check software interlocks K
interlocks []
actuate state mode=None-script, software_lock=False
doing actuation None-script open_channel False
GetData ===>> H2,-0.184698744290025,H1,219.075894656932,AX,26.4020950658885,L1,0.376640174146329,L2,0.060700293...
Open K ===>> OK
GetIndicatorState K ===>> OK
change switch state (True, True)
update switch state K True args=() kw={} ncanvase=2
14:55:15 -- OPEN   VALVE-K (Microbone to Getter D-50)
---------------------------------------- open None (Microbone to Getter D-50) result=[(True, True)], time=0.41 sec
action=open, ok=True, locked=[False]
open () {'description': 'Microbone to CO2 Laser'}
opening name=--- desc=Microbone to CO2 Laser
checking ownership. requestor=129.138.12.150
check software interlocks T
interlocks []
actuate state mode=None-script, software_lock=False
doing actuation None-script open_channel False
Open T ===>> OK
GetIndicatorState T ===>> OK
change switch state (True, True)
update switch state T True args=() kw={} ncanvase=2
14:55:15 -- OPEN   VALVE-T (Microbone to CO2 Laser)
---------------------------------------- open None (Microbone to CO2 Laser) result=[(True, True)], time=0.41 sec
GetData ===>> H2,-0.213569893331247,H1,218.873841804749,AX,26.3405931867036,L1,0.30854706986857,L2,0.0842537588...
action=open, ok=True, locked=[False]
open () {'description': 'Microbone to Inlet Pipette'}
opening name=--- desc=Microbone to Inlet Pipette
checking ownership. requestor=129.138.12.150
check software interlocks S
interlocks []
actuate state mode=None-script, software_lock=False
doing actuation None-script open_channel False
Open S ===>> OK
GetIndicatorState S ===>> OK
change switch state (True, True)
update switch state S True args=() kw={} ncanvase=2
14:55:16 -- OPEN   VALVE-S (Microbone to Inlet Pipette)
---------------------------------------- open None (Microbone to Inlet Pipette) result=[(True, True)], time=0.41 sec
action=open, ok=True, locked=[False]
sleep (1,) {}
SLEEP 1.0
testing H1>-5.0
evaluate ot="H1.bs>-5.0" t="H1>-5.0", ctx="{'H1': None}"
GetData ===>> H2,-0.194667932810639,H1,218.87299285599,AX,26.297627386398,L1,0.344301005622196,L2,0.06595808493...
set_resource () {'name': 'CO2PumpTimeFlag', 'value': 30}
Set CO2PumpTimeFlag 30 ===>> OK
release ('JanCO2Flag',) {}
release JanCO2Flag
Set JanCO2Flag 0 ===>> OK
executed snippet estimated_duration=6.0, duration=5.97100806236
PumpMicrobone.py completed successfully
gosub finished
get_resource_value () {'name': 'JanMiniboneFlag'}
Read JanMiniboneFlag ===>> 0
Get Resource Value JanMiniboneFlag=0.0
get resource value 0.0
get_resource_value () {'name': 'JanMiniboneFlag'}
Read JanMiniboneFlag ===>> 0
Get Resource Value JanMiniboneFlag=0.0
executed snippet estimated_duration=4.0, duration=5.98541808128
jan_pump_extraction_line.py completed successfully
Post Equilibration Finished
14:55:17 -- ******* Post Equilibration Finished *******
GetData ===>> H2,-0.138452027309084,H1,218.65051425893,AX,26.2897921164297,L1,0.368145984932899,L2,-0.053713391...
GetData ===>> H2,-0.12827352814308,H1,218.795170863721,AX,26.3769951112382,L1,0.307277881704011,L2,0.1901317574...
GetData ===>> H2,-0.150009590543808,H1,219.001747754694,AX,26.3809322403278,L1,0.310047887182459,L2,0.159046103...
GetData ===>> H2,-0.155895341159851,H1,218.751076508926,AX,26.3255755129882,L1,0.330773146243291,L2,0.021190560...
testing H1>-5.0
evaluate ot="H1.bs>-5.0" t="H1>-5.0", ctx="{'H1': None}"
GetData ===>> H2,-0.20872875161634,H1,218.499953090495,AX,26.2475439101881,L1,0.321920396209478,L2,0.1382557196...
GetData ===>> H2,-0.175183831423901,H1,218.471041168962,AX,26.1676601156816,L1,0.306095315532947,L2,0.123033590...
GetData ===>> H2,-0.23534502606554,H1,218.284653010745,AX,26.202219772364,L1,0.344399827276038,L2,0.04515671137...
GetData ===>> H2,-0.118248595654732,H1,218.174087979885,AX,26.2896867720477,L1,0.346065298576094,L2,0.084732426...
GetData ===>> H2,-0.148683379551771,H1,218.260367676273,AX,26.2897394442261,L1,0.327991665356194,L2,0.212325674...
testing H1>-5.0
evaluate ot="H1.bs>-5.0" t="H1>-5.0", ctx="{'H1': None}"
GetData ===>> H2,-0.278961045595561,H1,218.119171784286,AX,26.1967726524818,L1,0.288078499257125,L2,0.018454560...
GetData ===>> H2,-0.190698297904424,H1,218.015197988925,AX,26.2903715123265,L1,0.295790114128899,L2,0.126910157...
GetData ===>> H2,-0.143226996258125,H1,218.182340365547,AX,26.2026408169707,L1,0.326712754912653,L2,-0.03016479...
GetData ===>> H2,-0.206880111813566,H1,218.050667299224,AX,26.1531790597087,L1,0.337339023696006,L2,0.108839853...
GetData ===>> H2,-0.0924579485071159,H1,217.987958253429,AX,26.1116590128378,L1,0.318162449068542,L2,0.06290145...
testing H1>-5.0
evaluate ot="H1.bs>-5.0" t="H1>-5.0", ctx="{'H1': None}"
GetData ===>> H2,-0.143406710998713,H1,217.930126080152,AX,26.2507952237793,L1,0.329340241652255,L2,-0.01499811...
GetData ===>> H2,-0.0981084848598556,H1,217.825664263246,AX,26.1772757441927,L1,0.322207971927706,L2,-0.0040004...
GetData ===>> H2,-0.183711324903738,H1,217.849531693815,AX,26.1667262209978,L1,0.325306016108822,L2,0.111553031...
GetData ===>> H2,-0.222258746830237,H1,217.546355176159,AX,26.1601365689212,L1,0.338267760602516,L2,0.059126433...
GetData ===>> H2,-0.0707617607191643,H1,217.760329281999,AX,26.1816037079622,L1,0.338257996832897,L2,0.15263629...
testing H1>-5.0
evaluate ot="H1.bs>-5.0" t="H1>-5.0", ctx="{'H1': None}"
14:55:38 -- collecting point 25
GetData ===>> H2,-0.10669132713284,H1,217.728105212257,AX,26.0758623023075,L1,0.341495356519722,L2,0.0223875858...
GetData ===>> H2,-0.10087042843429,H1,217.404434329826,AX,26.135714186709,L1,0.355131918167599,L2,0.09380476907...
GetData ===>> H2,-0.202075199523497,H1,217.563978367701,AX,26.0748231739237,L1,0.313257354215699,L2,0.153229358...
GetData ===>> H2,-0.262799889769085,H1,217.387040500818,AX,26.1356615438448,L1,0.316777472245806,L2,0.097862527...
GetData ===>> H2,-0.190682119972876,H1,217.329121285894,AX,26.2991681687243,L1,0.332522171425892,L2,0.094306280...
testing H1>-5.0
evaluate ot="H1.bs>-5.0" t="H1>-5.0", ctx="{'H1': None}"
GetData ===>> H2,-0.187145338702442,H1,217.355367049221,AX,26.2285907886371,L1,0.320756127438768,L2,0.028600955...
GetData ===>> H2,-0.252415724633303,H1,217.313489259554,AX,26.2239188173535,L1,0.320617098378997,L2,0.049820661...
GetData ===>> H2,-0.193119334285002,H1,217.090422953548,AX,26.2158650660432,L1,0.285238780836446,L2,0.005174668...
GetData ===>> H2,-0.134213285088169,H1,217.33307659736,AX,26.0879774196359,L1,0.294897533144103,L2,0.0592518850...
GetData ===>> H2,-0.161537161720547,H1,217.08534949138,AX,26.0381705620741,L1,0.309315723943489,L2,0.1714335249...
testing H1>-5.0
evaluate ot="H1.bs>-5.0" t="H1>-5.0", ctx="{'H1': None}"
GetData ===>> H2,-0.164144389715821,H1,216.801312245642,AX,26.1233701222102,L1,0.300842642155949,L2,0.095411894...
GetData ===>> H2,-0.182010117657207,H1,216.840996874814,AX,26.1062775825583,L1,0.322894043254721,L2,0.060517815...
GetData ===>> H2,-0.126203813492191,H1,216.965661527169,AX,26.1397546014275,L1,0.345711439527123,L2,0.097566168...
GetData ===>> H2,-0.146472232849266,H1,216.964741881401,AX,26.1316870800835,L1,0.325900869925887,L2,0.097053241...
GetData ===>> H2,-0.190022849589733,H1,216.782230529613,AX,26.1171591319606,L1,0.359527115849748,L2,-0.04632019...
testing H1>-5.0
evaluate ot="H1.bs>-5.0" t="H1>-5.0", ctx="{'H1': None}"
GetData ===>> H2,-0.144497099531262,H1,216.832870477935,AX,26.0586192983105,L1,0.36233243890169,L2,-0.056003003...
GetData ===>> H2,-0.0902102261945498,H1,216.543554421988,AX,26.0789665921993,L1,0.328925651360244,L2,0.03438146...
GetData ===>> H2,-0.200029965465717,H1,216.489188661692,AX,26.0513335906058,L1,0.273895449309957,L2,0.091263058...
GetData ===>> H2,-0.232135774138551,H1,216.697359169304,AX,25.929386435613,L1,0.305437716909045,L2,0.1218022432...
GetData ===>> H2,-0.147408342085768,H1,216.546187386299,AX,26.0346992557271,L1,0.32901588428809,L2,0.0809487386...
testing H1>-5.0
evaluate ot="H1.bs>-5.0" t="H1>-5.0", ctx="{'H1': None}"
GetData ===>> H2,-0.167130285677456,H1,216.419470250945,AX,26.0548054202114,L1,0.311022561856451,L2,0.068991996...
GetData ===>> H2,-0.173808088987145,H1,216.337556593125,AX,26.1070801753196,L1,0.318928168156732,L2,0.134013804...
GetData ===>> H2,-0.149227658023862,H1,216.207459656506,AX,26.0830575482305,L1,0.314322525253371,L2,0.125690162...
GetData ===>> H2,-0.190279012378177,H1,216.294066085894,AX,25.8882566524726,L1,0.330438987152107,L2,0.136385604...
GetData ===>> H2,-0.207114577034047,H1,216.307022924156,AX,26.0634328636287,L1,0.322814831960233,L2,0.006690649...
testing H1>-5.0
evaluate ot="H1.bs>-5.0" t="H1>-5.0", ctx="{'H1': None}"
14:56:04 -- collecting point 50
GetData ===>> H2,-0.157066617976141,H1,216.146809454105,AX,25.8871921349775,L1,0.318097828901951,L2,0.190941830...
GetData ===>> H2,-0.101698880612773,H1,216.053850017403,AX,26.0544108886196,L1,0.314232334848252,L2,0.079524196...
GetData ===>> H2,-0.0781253513160731,H1,215.92260551012,AX,25.9745472898354,L1,0.340975785865767,L2,0.014248111...
GetData ===>> H2,-0.15719900382065,H1,215.70007338081,AX,25.9987829050796,L1,0.336856992413588,L2,0.16618635508...
GetData ===>> H2,-0.205408529442905,H1,215.887170452901,AX,25.9607731630098,L1,0.288937627045108,L2,0.053504087...
testing H1>-5.0
evaluate ot="H1.bs>-5.0" t="H1>-5.0", ctx="{'H1': None}"
GetData ===>> H2,-0.202475574512567,H1,215.683592637874,AX,25.9908965457638,L1,0.277216569992491,L2,0.048121543...
GetData ===>> H2,-0.143274289887011,H1,215.696677993105,AX,25.8622511968283,L1,0.319254957446805,L2,0.181244222...
GetData ===>> H2,-0.139011666289308,H1,215.611514032447,AX,25.9766236687405,L1,0.364933471122313,L2,0.123694876...
GetData ===>> H2,-0.233303858988389,H1,215.662603267005,AX,25.8805424187589,L1,0.383357557776104,L2,0.044575159...
GetData ===>> H2,-0.186512835481964,H1,215.605023476612,AX,25.8593606204138,L1,0.323184083689632,L2,0.013427363...
testing H1>-5.0
evaluate ot="H1.bs>-5.0" t="H1>-5.0", ctx="{'H1': None}"
GetData ===>> H2,-0.19172150508861,H1,215.509108504785,AX,25.9911725588209,L1,0.308478856133738,L2,-0.009721693...
GetData ===>> H2,-0.118167418835101,H1,215.430024455204,AX,25.8951039797455,L1,0.289664169680833,L2,0.080219370...
GetData ===>> H2,-0.217412670148486,H1,215.380923162051,AX,25.9046331176653,L1,0.324223665900856,L2,0.119852642...
GetData ===>> H2,-0.171785741173968,H1,215.125694517154,AX,25.8732229378198,L1,0.342877347611779,L2,0.093884554...
GetData ===>> H2,-0.24582498429039,H1,215.226002898593,AX,25.8045591197717,L1,0.338663201096344,L2,0.0313486480...
testing H1>-5.0
evaluate ot="H1.bs>-5.0" t="H1>-5.0", ctx="{'H1': None}"
GetData ===>> H2,-0.181323356505636,H1,215.336195623342,AX,25.85871682053,L1,0.297523137230537,L2,0.14815425306...
GetData ===>> H2,-0.144905123798225,H1,215.149406072876,AX,25.7916508417091,L1,0.304196919164895,L2,0.077341452...
GetData ===>> H2,-0.108130866188433,H1,215.065784163321,AX,25.8732623592166,L1,0.341261180567584,L2,0.095742441...
GetData ===>> H2,-0.0985932274486814,H1,214.994433161915,AX,25.8936451085453,L1,0.324969597701207,L2,0.06196624...
GetData ===>> H2,-0.055367012229592,H1,215.019378032795,AX,25.9065784773586,L1,0.307494680040636,L2,0.093998534...
testing H1>-5.0
evaluate ot="H1.bs>-5.0" t="H1>-5.0", ctx="{'H1': None}"
GetData ===>> H2,-0.113879104800386,H1,214.795008342871,AX,25.893960538521,L1,0.323448539487234,L2,0.0331386808...
GetData ===>> H2,-0.168077724715828,H1,214.747378043508,AX,25.8684399129218,L1,0.309095232474358,L2,0.079433026...
GetData ===>> H2,-0.201669417819742,H1,214.643654307684,AX,25.8663112707478,L1,0.2944762327821,L2,0.10485002552...
GetData ===>> H2,-0.0620136913443999,H1,214.538915298038,AX,25.8148553101391,L1,0.292025485853183,L2,-0.0011169...
GetData ===>> H2,-0.0670741079919168,H1,214.627582815767,AX,25.8178366570282,L1,0.296811868015717,L2,0.07106788...
testing H1>-5.0
evaluate ot="H1.bs>-5.0" t="H1>-5.0", ctx="{'H1': None}"
14:56:30 -- collecting point 75
GetData ===>> H2,-0.122032144351729,H1,214.582070163009,AX,25.896523440517,L1,0.291950012666096,L2,0.0166078040...
GetData ===>> H2,-0.119433711130282,H1,214.499871097457,AX,25.7285489751573,L1,0.268923088001494,L2,0.068627009...
GetData ===>> H2,-0.0943584783586207,H1,214.285495927058,AX,25.6562949002941,L1,0.319670775329768,L2,0.05877288...
GetData ===>> H2,-0.0873705325037085,H1,214.313699544302,AX,25.8079604334415,L1,0.346145833722477,L2,0.07581294...
GetData ===>> H2,-0.110467866066199,H1,214.498314424143,AX,25.8828158932271,L1,0.323866564205102,L2,0.126009411...
testing H1>-5.0
evaluate ot="H1.bs>-5.0" t="H1>-5.0", ctx="{'H1': None}"
GetData ===>> H2,-0.151480125833775,H1,214.509977403669,AX,25.8419267958272,L1,0.349155373520058,L2,0.060232694...
GetData ===>> H2,-0.175438980197407,H1,214.363324506105,AX,25.6484985469017,L1,0.372343312896962,L2,0.066231817...
GetData ===>> H2,-0.141570243545942,H1,214.276828160783,AX,25.6256376749488,L1,0.340249998632117,L2,0.056218282...
GetData ===>> H2,-0.111755322965721,H1,214.236128226309,AX,25.7694566156234,L1,0.344471809080872,L2,0.050664529...
GetData ===>> H2,-0.0749579106174179,H1,214.292435340271,AX,25.9523306097262,L1,0.327202842791442,L2,0.05439360...
testing H1>-5.0
evaluate ot="H1.bs>-5.0" t="H1>-5.0", ctx="{'H1': None}"
GetData ===>> H2,-0.228189230237822,H1,214.243686713091,AX,25.799621492082,L1,0.30629016769329,L2,0.04183848946...
GetData ===>> H2,-0.190554043865191,H1,213.904850676129,AX,25.8327051939782,L1,0.348114260743499,L2,0.075858572...
GetData ===>> H2,-0.107214939985681,H1,213.816119048228,AX,25.7434573554006,L1,0.314792990802048,L2,0.122702949...
GetData ===>> H2,-0.10034110791757,H1,213.881636642887,AX,25.6480654323348,L1,0.337015633115127,L2,0.0351111762...
GetData ===>> H2,-0.13806945627292,H1,213.683428754802,AX,25.6435637666045,L1,0.335796603468391,L2,0.0689691847...
testing H1>-5.0
evaluate ot="H1.bs>-5.0" t="H1>-5.0", ctx="{'H1': None}"
GetData ===>> H2,-0.114818369195067,H1,213.468930756286,AX,25.6888775525465,L1,0.338964673707201,L2,0.047391729...
GetData ===>> H2,-0.222439238879147,H1,213.57262193362,AX,25.6992634929127,L1,0.345594302672975,L2,0.0184659601...
GetData ===>> H2,-0.188318545337925,H1,213.58965958471,AX,25.6706290299874,L1,0.351202512199176,L2,0.0681251547...
GetData ===>> H2,-0.156007475551889,H1,213.51947150674,AX,25.6084885740174,L1,0.312208135151006,L2,0.1762474859...
GetData ===>> H2,-0.129180514697955,H1,213.314872844534,AX,25.6353877421821,L1,0.287045451190715,L2,0.095263718...
testing H1>-5.0
evaluate ot="H1.bs>-5.0" t="H1>-5.0", ctx="{'H1': None}"
GetData ===>> H2,-0.131341939027737,H1,213.31640029112,AX,25.5959990960553,L1,0.28707221907995,L2,0.08411699713...
GetData ===>> H2,-0.133873846813987,H1,213.719200912872,AX,25.5265593211937,L1,0.29137546087562,L2,0.1011681317...
GetData ===>> H2,-0.106269172065772,H1,213.223782498663,AX,25.6697495012929,L1,0.293220958108487,L2,0.056777096...
GetData ===>> H2,-0.154617200914737,H1,213.032128488114,AX,25.6015221043951,L1,0.318611143747075,L2,0.052409308...
GetData ===>> H2,-0.0727400416620135,H1,213.040451963866,AX,25.6347184636824,L1,0.305297678220899,L2,0.01311958...
testing H1>-5.0
evaluate ot="H1.bs>-5.0" t="H1>-5.0", ctx="{'H1': None}"
14:56:57 -- collecting point 100
GetData ===>> H2,-0.101952006730578,H1,213.182938968218,AX,25.56448612924,L1,0.271705074305134,L2,0.13822150993...
GetData ===>> H2,-0.206265628173342,H1,213.195329126167,AX,25.6398890738094,L1,0.278126721336275,L2,0.033480729...
GetData ===>> H2,-0.234294214195191,H1,213.158407168756,AX,25.5862769856437,L1,0.289016728845327,L2,0.053697956...
GetData ===>> H2,-0.228640218215688,H1,213.039269911379,AX,25.420682779081,L1,0.272178136048373,L2,0.1301597540...
GetData ===>> H2,-0.216751740831129,H1,213.226049082902,AX,25.4992706008842,L1,0.319765891472962,L2,0.203447490...
testing H1>-5.0
evaluate ot="H1.bs>-5.0" t="H1>-5.0", ctx="{'H1': None}"
GetData ===>> H2,-0.204490714921441,H1,212.921224067125,AX,25.5003987504723,L1,0.301517358629224,L2,0.105249000...
GetData ===>> H2,-0.208422911519806,H1,212.765712501698,AX,25.5232003444398,L1,0.335512306115307,L2,0.094978765...
GetData ===>> H2,-0.135625022980001,H1,212.843773629701,AX,25.613172493397,L1,0.293912496755718,L2,0.0803447300...
GetData ===>> H2,-0.166958874424581,H1,212.654014272306,AX,25.5561909845611,L1,0.327015094910286,L2,0.037140722...
GetData ===>> H2,-0.132591733352595,H1,212.569447053381,AX,25.5497075565449,L1,0.294778203532581,L2,0.124835034...
testing H1>-5.0
evaluate ot="H1.bs>-5.0" t="H1>-5.0", ctx="{'H1': None}"
GetData ===>> H2,-0.0410743778814493,H1,212.575201838613,AX,25.5781902369911,L1,0.287769425631194,L2,0.06282162...
GetData ===>> H2,-0.120992030861897,H1,212.230941234669,AX,25.4338314789426,L1,0.264139067290529,L2,0.047357519...
GetData ===>> H2,-0.115262259626829,H1,212.172829220418,AX,25.4641856728475,L1,0.289920966791437,L2,0.067737359...
GetData ===>> H2,-0.155617026911553,H1,212.291872004277,AX,25.4373843882658,L1,0.273455147403385,L2,0.081119685...
GetData ===>> H2,-0.143937731149226,H1,212.227820215649,AX,25.4286006514497,L1,0.33123171808201,L2,-0.039347957...
testing H1>-5.0
evaluate ot="H1.bs>-5.0" t="H1>-5.0", ctx="{'H1': None}"
GetData ===>> H2,-0.186986204759019,H1,212.279728655846,AX,25.3655713505504,L1,0.359483130105413,L2,0.111051430...
GetData ===>> H2,-0.171220441538175,H1,211.927829236808,AX,25.4614449288354,L1,0.353494279037659,L2,0.132132369...
GetData ===>> H2,-0.194320224176786,H1,211.767144904973,AX,25.5378310115826,L1,0.299104183451695,L2,0.127651284...
GetData ===>> H2,-0.192771578063698,H1,211.739769065803,AX,25.4631759171138,L1,0.33086705422893,L2,0.0820200085...
GetData ===>> H2,-0.173144233759306,H1,211.764370326883,AX,25.5199726742617,L1,0.316637278178002,L2,0.053196179...
testing H1>-5.0
evaluate ot="H1.bs>-5.0" t="H1>-5.0", ctx="{'H1': None}"
GetData ===>> H2,-0.106412598303269,H1,211.698184394279,AX,25.5686864407929,L1,0.313575431431687,L2,0.048817151...
measurement finished
estimated time: 125.829 actual time: :126.438
flush and close file /Users/jan/PychronDev/data/isotopes/2c/64c7db-a76c-4818-adfb-286821649b58.h5
baselines () {'settling_time': 15.0, 'detector': 'H1', 'mass': 34.2, 'ncounts': 60}
%%%%%%%%%%%%%%%%%%%%%%%%%%%%%%%% Baseline
build tables- baseline [Detector(H2), Detector(H1), Detector(AX), Detector(L1), Detector(L2), Detector(CDD)]
add group baseline table H2
add group baseline table H1
add group baseline table AX
add group baseline table L1
add group baseline table L2
add group baseline table CDD
flush and close file /Users/jan/PychronDev/data/isotopes/2c/64c7db-a76c-4818-adfb-286821649b58.h5
detector Detector(H1)
POSITION 34.2 H1
Mapping mass to dac mass func: "parabolic"
H1 map mass coeffs = [-0.00063987  0.15840543  0.57084999]
H1 map mass to dac 34.2 >> 5.23989599104
GetDeflection H1 ===>> 0
GetHighVoltage ===>> 4499.94659342336
positioning 34.2 (5.23986513379) on H1
setting magnet DAC
current  : 5.879205
requested: 5.239865
Delta Dac: 0.639340
Checking detector protection. dv=0.63934
Checking detector "CDD". Protection Threshold: 0.1 (V)
ProtectDetector CDD,On ===>> OK
GetDeflection CDD ===>> 2000
Protected = 2000
SetMagnetDAC 5.23986513379 ===>> OK
Magnet settling time: 0.500
GetMagnetMoving ===>> True
GetMagnetMoving ===>> True
GetMagnetMoving ===>> True
GetMagnetMoving ===>> True
GetMagnetMoving ===>> True
GetMagnetMoving ===>> True
GetMagnetMoving ===>> True
GetMagnetMoving ===>> True
GetMagnetMoving ===>> False
ProtectDetector CDD,Off ===>> OK
GetDeflection CDD ===>> 50
Delaying 15.0s for detectors to settle
Join finished
measuring baseline. ncounts=60
"baseline" increment series count="2" fit count="1" regressing="True"
starting measurement
GetData ===>> H2,-0.283788661285625,H1,-0.0879372448571168,AX,0.00824890914744203,L1,-0.047236750683225,L2,0.11...
GetData ===>> H2,-0.269968910889142,H1,-0.0540721744086035,AX,-0.140913112809832,L1,-0.0198462747462636,L2,-0.0...
GetData ===>> H2,-0.259401741542022,H1,-0.106944819039945,AX,-0.110422759868517,L1,-0.0315270630208803,L2,-0.00...
GetData ===>> H2,-0.283971373809225,H1,0.0256829483517908,AX,-0.106216361367059,L1,-0.0288596992119177,L2,-0.06...
testing H1>-5.0
evaluate ot="H1.bs>-5.0" t="H1>-5.0", ctx="{'H1': None}"
GetData ===>> H2,-0.201348556865086,H1,0.0470786722498452,AX,-0.0677245844916115,L1,-0.0177358637222735,L2,0.00...
GetData ===>> H2,-0.165120426907366,H1,-0.00175607226295933,AX,-0.110063542856768,L1,-0.0251838781217309,L2,0.0...
GetData ===>> H2,-0.112961419889104,H1,-0.0767693558920478,AX,-0.10592665780629,L1,-0.0334573762195234,L2,-0.09...
GetData ===>> H2,-0.131720679117567,H1,0.0633940449295658,AX,-0.0781226902045067,L1,-0.0171518251982428,L2,-0.0...
GetData ===>> H2,-0.222980697731426,H1,-0.00330674888073796,AX,-0.0978493752111019,L1,-0.0107896531910966,L2,0....
testing H1>-5.0
evaluate ot="H1.bs>-5.0" t="H1>-5.0", ctx="{'H1': None}"
GetData ===>> H2,-0.205737361163577,H1,0.033999649709693,AX,-0.0783892936891459,L1,-0.0513137065805876,L2,-0.07...
GetData ===>> H2,-0.172782704473641,H1,-0.0314056184226306,AX,-0.0522702742668569,L1,-0.0512120122185997,L2,-0....
GetData ===>> H2,-0.166661935408084,H1,-0.0610702262487049,AX,-0.0305628525996463,L1,-0.0190537234235261,L2,-0....
GetData ===>> H2,-0.177019694470093,H1,-0.0323596011659653,AX,-0.0639568806403796,L1,-0.0355124206483761,L2,0.0...
GetData ===>> H2,-0.275705683955343,H1,0.118906841999711,AX,-0.0813334748982145,L1,0.00908093898956397,L2,-0.07...
testing H1>-5.0
evaluate ot="H1.bs>-5.0" t="H1>-5.0", ctx="{'H1': None}"
GetData ===>> H2,-0.209782287215121,H1,-0.00305625659244839,AX,-0.0802670888448492,L1,-0.020779031264269,L2,-0....
GetData ===>> H2,-0.195337713514787,H1,-0.0491243637465775,AX,-0.110480697971932,L1,-0.0150888305293582,L2,0.04...
GetData ===>> H2,-0.230001150415927,H1,0.0265897574087905,AX,-0.0816000695853898,L1,-0.057303944385522,L2,-0.00...
GetData ===>> H2,-0.300155199526888,H1,-0.0652306758712083,AX,-0.10815155902439,L1,-0.0951777958784658,L2,0.018...
GetData ===>> H2,-0.215126592484564,H1,0.0384625547818153,AX,-0.0390863759422257,L1,-0.057597170930707,L2,-0.13...
testing H1>-5.0
evaluate ot="H1.bs>-5.0" t="H1>-5.0", ctx="{'H1': None}"
GetData ===>> H2,-0.228275390526095,H1,0.00962424347876763,AX,-0.1176415818736,L1,-0.0374582406762555,L2,-0.041...
GetData ===>> H2,-0.193879508345994,H1,-0.0394664863950787,AX,-0.108047267916442,L1,0.003194135452233,L2,-0.009...
GetData ===>> H2,-0.228940418143872,H1,-0.0102964237539414,AX,-0.0820173467597869,L1,-0.0604308539856622,L2,-0....
GetData ===>> H2,-0.141483750623835,H1,-0.0560512301794212,AX,-0.140692807283009,L1,-0.062016075228786,L2,-0.11...
GetData ===>> H2,-0.157150372465607,H1,-0.0797968470227726,AX,-0.090327744415019,L1,-0.0852767300302984,L2,-0.0...
testing H1>-5.0
evaluate ot="H1.bs>-5.0" t="H1>-5.0", ctx="{'H1': None}"
14:58:02 -- collecting point 25
GetData ===>> H2,-0.118684234671682,H1,-0.0173094636128688,AX,-0.0955083444400763,L1,-0.0169947166467482,L2,-0....
GetData ===>> H2,-0.116837389288582,H1,-0.0628464852133302,AX,-0.0603049669142667,L1,-0.00506459858241315,L2,0....
GetData ===>> H2,-0.227672254710419,H1,-0.0188121939417083,AX,-0.173872154414362,L1,-0.00100808089323061,L2,-0....
GetData ===>> H2,-0.23061089178358,H1,0.01822594853238,AX,-0.125045242538231,L1,-0.0110534021231756,L2,-0.04531...
GetData ===>> H2,-0.291038462725467,H1,0.00518648219347568,AX,-0.0555630712494652,L1,-0.000963679318810422,L2,0...
testing H1>-5.0
evaluate ot="H1.bs>-5.0" t="H1>-5.0", ctx="{'H1': None}"
GetData ===>> H2,-0.24154432269631,H1,-0.0337309354287772,AX,-0.155266681764217,L1,-0.0100019618290924,L2,0.027...
GetData ===>> H2,-0.154465868215004,H1,0.0705201734700236,AX,0.0320702438585894,L1,-0.0417714897745626,L2,-0.00...
GetData ===>> H2,-0.244260127083542,H1,0.000307557722512186,AX,-0.0474120358236066,L1,0.00832012586707952,L2,-0...
GetData ===>> H2,-0.159034684872544,H1,-0.0437947614950972,AX,-0.0117156782614283,L1,-0.02206412736822,L2,0.029...
GetData ===>> H2,-0.204048627900712,H1,-0.0915841189672804,AX,-0.033717223078434,L1,-0.0385891353854629,L2,-0.0...
testing H1>-5.0
evaluate ot="H1.bs>-5.0" t="H1>-5.0", ctx="{'H1': None}"
GetData ===>> H2,-0.189921731103534,H1,0.0423170419918907,AX,0.000847265465947356,L1,0.00712142177355219,L2,-0....
GetData ===>> H2,-0.301728710380277,H1,0.0146587162379365,AX,-0.122762796904089,L1,-0.00799588794028389,L2,-0.0...
GetData ===>> H2,-0.194700277256665,H1,0.00441108710578249,AX,-0.0659624765421015,L1,-0.0269512674949351,L2,0.0...
GetData ===>> H2,-0.0799085968938038,H1,0.0184049100227181,AX,-0.165248004023575,L1,-0.00199566530522005,L2,-0....
GetData ===>> H2,-0.119077918907883,H1,-0.0345179535629068,AX,-0.0406402439646918,L1,-0.0128527047293397,L2,-0....
testing H1>-5.0
evaluate ot="H1.bs>-5.0" t="H1>-5.0", ctx="{'H1': None}"
GetData ===>> H2,-0.237574145754676,H1,0.0166153095158219,AX,-0.130780085339704,L1,-0.00682059618604016,L2,-0.0...
GetData ===>> H2,-0.260665644677305,H1,-0.0589362895597965,AX,-0.0358162144300629,L1,-0.0476185493775135,L2,0.0...
GetData ===>> H2,-0.239418864579617,H1,-0.0307378250918198,AX,-0.117270804708503,L1,-0.0471242429710815,L2,-0.0...
GetData ===>> H2,-0.227291239376873,H1,-0.0655167749328498,AX,-0.143417603719938,L1,-0.0473313040626708,L2,0.02...
GetData ===>> H2,-0.212744324887585,H1,-0.0418750813142353,AX,-0.0995413722829546,L1,-0.0194542034537553,L2,0.0...
testing H1>-5.0
evaluate ot="H1.bs>-5.0" t="H1>-5.0", ctx="{'H1': None}"
GetData ===>> H2,-0.134535133514488,H1,-0.0367358804624683,AX,-0.00429178930136473,L1,-0.0298670805063137,L2,0....
GetData ===>> H2,-0.198007287348389,H1,-0.0358773339449446,AX,-0.127177021564503,L1,-0.0228504484978956,L2,-0.0...
GetData ===>> H2,-0.208092810504313,H1,-0.0028057636772381,AX,0.0333583632827165,L1,-0.0553696315052924,L2,0.05...
GetData ===>> H2,-0.263083618477345,H1,0.0172237700986734,AX,-0.0749349832621656,L1,-0.0137708124806125,L2,0.05...
GetData ===>> H2,-0.227342401193162,H1,0.0358372924110341,AX,-0.0935728952767365,L1,0.0192806602425565,L2,0.098...
testing H1>-5.0
evaluate ot="H1.bs>-5.0" t="H1>-5.0", ctx="{'H1': None}"
14:58:29 -- collecting point 50
GetData ===>> H2,-0.321619390386851,H1,-0.0393233997243002,AX,-0.0678521042234741,L1,-0.00919382474132819,L2,-0...
GetData ===>> H2,-0.256888510232504,H1,0.0255278370988822,AX,-0.0614875063633329,L1,0.00777535177106237,L2,-0.1...
GetData ===>> H2,-0.0941566552737729,H1,0.0135492016753116,AX,-0.0420549380503904,L1,0.0091529432074959,L2,-0.0...
GetData ===>> H2,-0.151744774926198,H1,-0.0514254241943622,AX,-0.0559688659829011,L1,-0.00961348859748742,L2,-0...
GetData ===>> H2,-0.228735798430502,H1,-0.00189921264948085,AX,-0.129760582440321,L1,-0.0272400114273831,L2,-0....
testing H1>-5.0
evaluate ot="H1.bs>-5.0" t="H1>-5.0", ctx="{'H1': None}"
GetData ===>> H2,-0.140659331856149,H1,0.0429256588007078,AX,-0.179910922759614,L1,-0.0683939109488416,L2,-0.05...
GetData ===>> H2,-0.151658359575295,H1,-0.00735032337366699,AX,-0.0548558249551486,L1,-0.0425546471697604,L2,0....
GetData ===>> H2,-0.322773296034401,H1,-0.0655167749328498,AX,-0.0344246230113117,L1,0.00576690182476434,L2,0.0...
GetData ===>> H2,-0.302312181546948,H1,0.0245494485809907,AX,-0.125300131619867,L1,0.0162718997817803,L2,-0.037...
GetData ===>> H2,-0.214175900314536,H1,0.0217813767642962,AX,-0.097490111771587,L1,-0.0349144606378904,L2,-0.04...
testing H1>-5.0
evaluate ot="H1.bs>-5.0" t="H1>-5.0", ctx="{'H1': None}"
GetData ===>> H2,-0.285627742647567,H1,-0.0806073409153506,AX,-0.122820727658664,L1,-0.0954286797453471,L2,0.03...
measurement finished
estimated time: 62.915 actual time: :63.222
flush and close file /Users/jan/PychronDev/data/isotopes/2c/64c7db-a76c-4818-adfb-286821649b58.h5
activate_detectors ('H1', 'AX', 'CDD') {'peak_center': True}
peak_center () {'detector': 'H1', 'integration_time': 0.262144, 'isotope': 'Ar40'}
peak center: mean=212.010048926 threshold=3
peak center started
setup peak center. detector=['H1', 'AX', 'CDD'], isotope=Ar40
VersionedUnpickler [<apptools.sweet_pickle.versioned_unpickler.VersionedUnpickler object at 0x1f9498a70>] using Updater [<apptools.sweet_pickle.updater.Updater object at 0x135230b30>]
VersionedUnpickler [<apptools.sweet_pickle.versioned_unpickler.VersionedUnpickler object at 0x1f9498a70>] using Updater [<apptools.sweet_pickle.updater.Updater object at 0x135230b30>]
VersionedUnpickler [<apptools.sweet_pickle.versioned_unpickler.VersionedUnpickler object at 0x1f7b89590>] using Updater [<apptools.sweet_pickle.updater.Updater object at 0x135230b30>]
setting integration time = 0.524288
SetIntegrationTime 0.524288 ===>> OK
Mapping mass to dac mass func: "parabolic"
H1 map mass coeffs = [-0.00063987  0.15840543  0.57084999]
H1 map mass to dac 39.9624 >> 5.87924
GetDeflection H1 ===>> 0
GetHighVoltage ===>> 4499.94659342336
do peak center. <pychron.spectrometer.jobs.peak_center.PeakCenter object at 0x1352309b0>
doing pc
starting peak center. center dac= 5.87920537771 step_width=0.001
width = 0.001
get scan parameters. half-width=0.015,window=0.015, i=0, scalar=1
Scan parameters center=5.87921 width=0.03000 (5.86421 - 5.89421)
GetData ===>> H2,-0.263435916231394,H1,-0.0365689414387081,AX,-0.0734280308995828,L1,-0.0248759012156782,L2,-0....
Moving to starting dac 5.86420537771
setting magnet DAC
current  : 5.239865
requested: 5.864205
Delta Dac: 0.624340
Checking detector protection. dv=0.62434
Checking detector "CDD". Protection Threshold: 0.1 (V)
ProtectDetector CDD,On ===>> OK
GetDeflection CDD ===>> 2000
Protected = 2000
SetMagnetDAC 5.86420537771 ===>> OK
Magnet settling time: 0.500
GetMagnetMoving ===>> True
GetMagnetMoving ===>> True
GetMagnetMoving ===>> True
GetMagnetMoving ===>> True
GetMagnetMoving ===>> True
GetMagnetMoving ===>> True
GetMagnetMoving ===>> True
GetMagnetMoving ===>> True
GetMagnetMoving ===>> False
ProtectDetector CDD,Off ===>> OK
GetDeflection CDD ===>> 50
Wait until signal near baseline. tol= -0.027426706079. timeout= 10
GetData ===>> H2,0.862514143667603,H1,0.239604827222073,AX,-0.157885675182915,L1,0.0556336351843735,L2,-0.02308...
GetData ===>> H2,16.284695200288,H1,5.38840981036233,AX,0.139082967228539,L1,0.030143516542829,L2,-0.0080615045...
GetData ===>> H2,17.01084140821,H1,6.50987106376448,AX,0.478140752471277,L1,-0.0425917677942417,L2,-0.097057240...
GetData ===>> H2,9.00173681001566,H1,3.16579434467432,AX,0.178631026607126,L1,-0.0543317657642128,L2,-0.1386498...
GetData ===>> H2,3.73467817901772,H1,1.65376979767731,AX,0.00467563158650865,L1,-0.0648729006241122,L2,-0.07580...
GetData ===>> H2,1.22108333795152,H1,0.936846982310446,AX,-0.0107761236109791,L1,-0.0387879871906778,L2,-0.0652...
GetData ===>> H2,0.332990446449786,H1,0.505802711337355,AX,-0.14097452668912,L1,-0.0269686379403195,L2,0.039451...
GetData ===>> H2,0.0272933579390709,H1,0.358709475243235,AX,-0.0786558964432236,L1,-0.00591624769411709,L2,-0.1...
GetData ===>> H2,-0.0749999320776021,H1,0.27235823000249,AX,-0.119611311867806,L1,0.00905939183912822,L2,0.0221...
GetData ===>> H2,-0.0446047553023241,H1,0.135781432139015,AX,0.0601740193741614,L1,0.0106228646793211,L2,0.0297...
GetData ===>> H2,-0.124675957025929,H1,0.154119239982742,AX,-0.0252744138910949,L1,-0.0337099833363315,L2,0.042...
GetData ===>> H2,-0.167328687590295,H1,0.222563922795405,AX,0.103723667537108,L1,-0.0344267194221869,L2,-0.0761...
GetData ===>> H2,-0.102226986837038,H1,0.222730976421404,AX,0.0472154283528024,L1,-0.0526691342861413,L2,-0.046...
GetData ===>> H2,-0.140820270943824,H1,0.123264050507355,AX,0.0115206614239948,L1,-0.0391305780609085,L2,-0.038...
GetData ===>> H2,-0.128093744256683,H1,0.22740859101511,AX,0.0075760091925463,L1,-0.0400936031290441,L2,-0.1267...
GetData ===>> H2,-0.120570007054813,H1,0.158268962644859,AX,-0.155129126898748,L1,-0.0603914614852868,L2,-0.186...
GetData ===>> H2,-0.0031678790740467,H1,0.199346178083704,AX,-0.0276867198227805,L1,-0.0303602168755712,L2,0.02...
GetData ===>> H2,-0.00225734351013902,H1,0.182526815091655,AX,0.0294592432578892,L1,-0.0354381269509062,L2,-0.0...
GetData ===>> H2,-0.100206491947973,H1,0.193023674997606,AX,-0.00824740061107474,L1,-0.0298097913522784,L2,-0.0...
GetData ===>> H2,-0.119033274990026,H1,0.151782115532462,AX,-0.0757811847411738,L1,-0.0339061493480859,L2,-0.00...
GetData ===>> H2,-0.0865242167780276,H1,0.173342964713608,AX,-0.0585311307955176,L1,-0.032681245241319,L2,-0.09...
Peak center failed to move to a baseline position
_do_sweep sm= 5.86420537771, em= 5.89420537771, stm= 0.001
calculated step values: start=5.86420537771, end=5.89420537771, width=0.001, nsteps=31.0
setting magnet DAC
current  : 5.864205
requested: 5.864205
Delta Dac: 0.000000
Checking detector protection. dv=0.00000
Checking detector "CDD". Protection Threshold: 0.1 (V)
SetMagnetDAC 5.86420537771 ===>> OK
GetData ===>> H2,-0.0865242167780276,H1,0.173342964713608,AX,-0.0585311307955176,L1,-0.032681245241319,L2,-0.09...
setting magnet DAC
current  : 5.864205
requested: 5.865240
Delta Dac: 0.001034
Checking detector protection. dv=0.00103
Checking detector "CDD". Protection Threshold: 0.1 (V)
SetMagnetDAC 5.86523986047 ===>> OK
Magnet settling time: 1.049
GetData ===>> H2,-0.224084218567097,H1,0.316539755453671,AX,-0.0212615032984749,L1,-0.00773205887846702,L2,-0.1...
setting magnet DAC
current  : 5.865240
requested: 5.866274
Delta Dac: 0.001034
Checking detector protection. dv=0.00103
Checking detector "CDD". Protection Threshold: 0.1 (V)
SetMagnetDAC 5.86627434322 ===>> OK
Magnet settling time: 1.049
GetData ===>> H2,-0.147010845173269,H1,1.22942545017002,AX,0.0766274248586867,L1,-0.010341264144038,L2,0.034827...
setting magnet DAC
current  : 5.866274
requested: 5.867309
Delta Dac: 0.001034
Checking detector protection. dv=0.00103
Checking detector "CDD". Protection Threshold: 0.1 (V)
SetMagnetDAC 5.86730882598 ===>> OK
Magnet settling time: 1.049
GetData ===>> H2,-0.181715032523797,H1,4.53021635232564,AX,0.353902525661334,L1,0.00402494391511409,L2,-0.06058...
setting magnet DAC
current  : 5.867309
requested: 5.868343
Delta Dac: 0.001034
Checking detector protection. dv=0.00103
Checking detector "CDD". Protection Threshold: 0.1 (V)
SetMagnetDAC 5.86834330874 ===>> OK
Magnet settling time: 1.049
GetData ===>> H2,-0.149288601050326,H1,15.6755283062496,AX,1.10771926192302,L1,-0.037484597721453,L2,-0.0956922...
setting magnet DAC
current  : 5.868343
requested: 5.869378
Delta Dac: 0.001034
Checking detector protection. dv=0.00103
Checking detector "CDD". Protection Threshold: 0.1 (V)
SetMagnetDAC 5.8693777915 ===>> OK
Magnet settling time: 1.049
GetData ===>> H2,-0.0521990907452235,H1,44.8336504464457,AX,3.68085154333899,L1,-0.0233532049038576,L2,0.075866...
setting magnet DAC
current  : 5.869378
requested: 5.870412
Delta Dac: 0.001034
Checking detector protection. dv=0.00103
Checking detector "CDD". Protection Threshold: 0.1 (V)
SetMagnetDAC 5.87041227426 ===>> OK
Magnet settling time: 1.049
GetData ===>> H2,-0.152081196157634,H1,93.4524706433933,AX,8.64441977556751,L1,-0.00041884406000683,L2,0.047403...
setting magnet DAC
current  : 5.870412
requested: 5.871447
Delta Dac: 0.001034
Checking detector protection. dv=0.00103
Checking detector "CDD". Protection Threshold: 0.1 (V)
SetMagnetDAC 5.87144675702 ===>> OK
Magnet settling time: 1.049
GetData ===>> H2,-0.147202474965493,H1,144.600993877422,AX,14.7338185275104,L1,0.0807427213032379,L2,-0.0719146...
setting magnet DAC
current  : 5.871447
requested: 5.872481
Delta Dac: 0.001034
Checking detector protection. dv=0.00103
Checking detector "CDD". Protection Threshold: 0.1 (V)
SetMagnetDAC 5.87248123978 ===>> OK
Magnet settling time: 1.049
GetData ===>> H2,-0.13675527864939,H1,180.22189951268,AX,19.7047706084513,L1,0.171465202930863,L2,0.05699645251...
setting magnet DAC
current  : 5.872481
requested: 5.873516
Delta Dac: 0.001034
Checking detector protection. dv=0.00103
Checking detector "CDD". Protection Threshold: 0.1 (V)
SetMagnetDAC 5.87351572253 ===>> OK
Magnet settling time: 1.049
GetData ===>> H2,-0.154083473909158,H1,196.808137522704,AX,22.6011399154423,L1,0.226988472834769,L2,0.084960364...
setting magnet DAC
current  : 5.873516
requested: 5.874550
Delta Dac: 0.001034
Checking detector protection. dv=0.00103
Checking detector "CDD". Protection Threshold: 0.1 (V)
SetMagnetDAC 5.87455020529 ===>> OK
Magnet settling time: 1.049
GetData ===>> H2,-0.219212581205926,H1,202.60523713561,AX,23.9823340869842,L1,0.278977323813173,L2,0.0009564947...
setting magnet DAC
current  : 5.874550
requested: 5.875585
Delta Dac: 0.001034
Checking detector protection. dv=0.00103
Checking detector "CDD". Protection Threshold: 0.1 (V)
SetMagnetDAC 5.87558468805 ===>> OK
Magnet settling time: 1.049
GetData ===>> H2,-0.154750966529671,H1,204.295629619631,AX,24.345406696035,L1,0.263915478918569,L2,0.1221670852...
setting magnet DAC
current  : 5.875585
requested: 5.876619
Delta Dac: 0.001034
Checking detector protection. dv=0.00103
Checking detector "CDD". Protection Threshold: 0.1 (V)
SetMagnetDAC 5.87661917081 ===>> OK
Magnet settling time: 1.049
GetData ===>> H2,-0.0932956858479213,H1,204.542769677259,AX,24.4106330311922,L1,0.248671996752745,L2,0.11129083...
setting magnet DAC
current  : 5.876619
requested: 5.877654
Delta Dac: 0.001034
Checking detector protection. dv=0.00103
Checking detector "CDD". Protection Threshold: 0.1 (V)
SetMagnetDAC 5.87765365357 ===>> OK
Magnet settling time: 1.049
GetData ===>> H2,-0.214371162312047,H1,204.703449399937,AX,24.5246418198913,L1,0.260802762905052,L2,0.097543371...
setting magnet DAC
current  : 5.877654
requested: 5.878688
Delta Dac: 0.001034
Checking detector protection. dv=0.00103
Checking detector "CDD". Protection Threshold: 0.1 (V)
SetMagnetDAC 5.87868813633 ===>> OK
Magnet settling time: 1.049
GetData ===>> H2,-0.145885292152129,H1,204.615908464719,AX,24.3658656787205,L1,0.261932561722681,L2,0.055424152...
setting magnet DAC
current  : 5.878688
requested: 5.879723
Delta Dac: 0.001034
Checking detector protection. dv=0.00103
Checking detector "CDD". Protection Threshold: 0.1 (V)
SetMagnetDAC 5.87972261909 ===>> OK
Magnet settling time: 1.049
GetData ===>> H2,-0.109182971256359,H1,204.438661679556,AX,24.5047877182494,L1,0.293741967528967,L2,-0.00692291...
setting magnet DAC
current  : 5.879723
requested: 5.880757
Delta Dac: 0.001034
Checking detector protection. dv=0.00103
Checking detector "CDD". Protection Threshold: 0.1 (V)
SetMagnetDAC 5.88075710184 ===>> OK
Magnet settling time: 1.049
GetData ===>> H2,-0.185636881150756,H1,204.427280974271,AX,24.4285973222453,L1,0.274388074783938,L2,0.019792281...
setting magnet DAC
current  : 5.880757
requested: 5.881792
Delta Dac: 0.001034
Checking detector protection. dv=0.00103
Checking detector "CDD". Protection Threshold: 0.1 (V)
SetMagnetDAC 5.8817915846 ===>> OK
Magnet settling time: 1.049
GetData ===>> H2,-0.120634934815512,H1,204.255539016939,AX,24.3769318231404,L1,0.31242260091056,L2,0.0687325514...
setting magnet DAC
current  : 5.881792
requested: 5.882826
Delta Dac: 0.001034
Checking detector protection. dv=0.00103
Checking detector "CDD". Protection Threshold: 0.1 (V)
SetMagnetDAC 5.88282606736 ===>> OK
Magnet settling time: 1.049
GetData ===>> H2,-0.264454733046846,H1,203.735125310717,AX,24.4516314351598,L1,0.299713524974749,L2,-0.04922379...
setting magnet DAC
current  : 5.882826
requested: 5.883861
Delta Dac: 0.001034
Checking detector protection. dv=0.00103
Checking detector "CDD". Protection Threshold: 0.1 (V)
SetMagnetDAC 5.88386055012 ===>> OK
Magnet settling time: 1.049
GetData ===>> H2,-0.309192178229641,H1,203.154696819781,AX,24.200685102985,L1,0.297369747162096,L2,0.0217512336...
setting magnet DAC
current  : 5.883861
requested: 5.884895
Delta Dac: 0.001034
Checking detector protection. dv=0.00103
Checking detector "CDD". Protection Threshold: 0.1 (V)
SetMagnetDAC 5.88489503288 ===>> OK
Magnet settling time: 1.049
GetData ===>> H2,-0.2282570840841,H1,199.498748045217,AX,23.377291378515,L1,0.269808183202754,L2,0.051801124733...
setting magnet DAC
current  : 5.884895
requested: 5.885930
Delta Dac: 0.001034
Checking detector protection. dv=0.00103
Checking detector "CDD". Protection Threshold: 0.1 (V)
SetMagnetDAC 5.88592951564 ===>> OK
Magnet settling time: 1.049
GetData ===>> H2,-0.28020242080228,H1,188.026405020629,AX,21.0235132032394,L1,0.265633832821852,L2,-0.024683366...
setting magnet DAC
current  : 5.885930
requested: 5.886964
Delta Dac: 0.001034
Checking detector protection. dv=0.00103
Checking detector "CDD". Protection Threshold: 0.1 (V)
SetMagnetDAC 5.8869639984 ===>> OK
Magnet settling time: 1.049
GetData ===>> H2,-0.254671832655323,H1,144.601856933452,AX,13.7326290606386,L1,0.178817554499993,L2,0.082339112...
setting magnet DAC
current  : 5.886964
requested: 5.887998
Delta Dac: 0.001034
Checking detector protection. dv=0.00103
Checking detector "CDD". Protection Threshold: 0.1 (V)
SetMagnetDAC 5.88799848116 ===>> OK
Magnet settling time: 1.049
GetData ===>> H2,-0.311047220650388,H1,91.0500725206486,AX,7.51953814544479,L1,0.161798373940493,L2,-0.02261148...
setting magnet DAC
current  : 5.887998
requested: 5.889033
Delta Dac: 0.001034
Checking detector protection. dv=0.00103
Checking detector "CDD". Protection Threshold: 0.1 (V)
SetMagnetDAC 5.88903296391 ===>> OK
Magnet settling time: 1.049
GetData ===>> H2,-0.279714159515484,H1,44.2407952048038,AX,3.1478292177085,L1,0.0595363587344315,L2,-0.08026592...
setting magnet DAC
current  : 5.889033
requested: 5.890067
Delta Dac: 0.001034
Checking detector protection. dv=0.00103
Checking detector "CDD". Protection Threshold: 0.1 (V)
SetMagnetDAC 5.89006744667 ===>> OK
Magnet settling time: 1.049
GetData ===>> H2,-0.251950463910878,H1,16.8395603709222,AX,1.00972196399441,L1,0.0443685005205846,L2,0.02774223...
setting magnet DAC
current  : 5.890067
requested: 5.891102
Delta Dac: 0.001034
Checking detector protection. dv=0.00103
Checking detector "CDD". Protection Threshold: 0.1 (V)
SetMagnetDAC 5.89110192943 ===>> OK
Magnet settling time: 1.049
GetData ===>> H2,-0.169957522302673,H1,5.00688635023774,AX,0.239410913526564,L1,0.00513738987875604,L2,0.086624...
setting magnet DAC
current  : 5.891102
requested: 5.892136
Delta Dac: 0.001034
Checking detector protection. dv=0.00103
Checking detector "CDD". Protection Threshold: 0.1 (V)
SetMagnetDAC 5.89213641219 ===>> OK
Magnet settling time: 1.049
GetData ===>> H2,-0.218841066337672,H1,1.24773902045565,AX,0.0244927331794356,L1,0.0069255950281682,L2,-0.11356...
setting magnet DAC
current  : 5.892136
requested: 5.893171
Delta Dac: 0.001034
Checking detector protection. dv=0.00103
Checking detector "CDD". Protection Threshold: 0.1 (V)
SetMagnetDAC 5.89317089495 ===>> OK
Magnet settling time: 1.049
GetData ===>> H2,-0.290208692203691,H1,0.292607668889899,AX,-0.0817855263282953,L1,0.0160825341438437,L2,-0.026...
setting magnet DAC
current  : 5.893171
requested: 5.894205
Delta Dac: 0.001034
Checking detector protection. dv=0.00103
Checking detector "CDD". Protection Threshold: 0.1 (V)
SetMagnetDAC 5.89420537771 ===>> OK
Magnet settling time: 1.049
GetData ===>> H2,-0.317347257068585,H1,-0.11806168240327,AX,0.0323835686363772,L1,0.00513259618972237,L2,-0.122...
result of _do_sweep=True
result of _calculate_peak_center=([5.8716644337500661, 5.8792395840506666, 5.8868147343512671], [152.09637482272845, 204.70187050531382, 150.86752319052886], 5.8776723115746803, 204.70187050531382)
Failed to find a valid peak. No peak greater than 1.0. max = 0.0237755426284
new center pos Detector(H1) (Ar40) @ 5.87923958405
GetHighVoltage ===>> 4499.94659342336
GetDeflection H1 ===>> 0
dac uncorrected for HV and deflection 5.87927420655
update mftable H1 Ar40 5.87927420655 message=automated run peakcenter
get initial guess parabolic
get initial guess parabolic
get initial guess parabolic
get initial guess parabolic
get initial guess parabolic
get initial guess parabolic
dump mftable to /Users/jan/PychronDev/setupfiles/spectrometer/mftables/mftable.csv
add to repo msg=modified - automated run peakcenter
locally archiving mftable
setting magnet DAC
current  : 5.894205
requested: 5.879240
Delta Dac: 0.014966
Checking detector protection. dv=0.01497
Checking detector "CDD". Protection Threshold: 0.1 (V)
SetMagnetDAC 5.87923958405 ===>> OK
Magnet settling time: 0.500
sweep finished
setting integration time = 1.048576
SetIntegrationTime 1.048576 ===>> OK
Failed to find a valid peak. No peak greater than 1.0. max = 0.0237755426284
flush and close file /Users/jan/PychronDev/data/isotopes/2c/64c7db-a76c-4818-adfb-286821649b58.h5
finished measure script
executed snippet estimated_duration=226.132928, duration=273.780204058
jan_unknown120_60.py completed successfully
Measurement Finished
14:59:27 -- ******* Measurement Finished *******
Post Measurement Started jan_pump_ms.py
14:59:27 -- ******* Post Measurement Started jan_pump_ms.py *******
testing...
no interpolation path defined
executed snippet estimated_duration=0, duration=3.21865081787e-05
Pumping spectrometer
open () {'name': 'O'}
opening name=O desc=---
checking ownership. requestor=129.138.12.150
check software interlocks O
interlocks []
actuate state mode=None-script, software_lock=False
doing actuation None-script open_channel True
Open O ===>> OK
GetIndicatorState O ===>> OK
change switch state (True, True)
update switch state O True args=() kw={} ncanvase=2
14:59:27 -- OPEN   VALVE-O (Jan Ion Pump)
---------------------------------------- open O () result=[(True, True)], time=0.11 sec
action=open, ok=True, locked=[False]
executed snippet estimated_duration=0, duration=0.370705127716
jan_pump_ms.py completed successfully
setting _ms_pumptime
Post Measurement Finished
14:59:28 -- ******* Post Measurement Finished *******
$$$$$$$$$$$$$$$$$$$$ state at run end measurement
state changed from measurement to success
post measurement save measured=True aborted=False
Set filtering
setting fod for Ar40= {'filter_outliers': True, 'std_devs': 2, 'iterations': 1}
setting fod for H1= {'filter_outliers': True, 'std_devs': 2, 'iterations': 1}
setting fod for PM41= {'filter_outliers': False, 'std_devs': 2, 'iterations': 1}
setting fod for H2= {'filter_outliers': True, 'std_devs': 2, 'iterations': 1}
setting fod for Ar36= {'filter_outliers': True, 'std_devs': 2, 'iterations': 1}
setting fod for CDD= {'filter_outliers': True, 'std_devs': 10, 'iterations': 1}
setting fod for Ar37= {'filter_outliers': True, 'std_devs': 2, 'iterations': 1}
setting fod for L2= {'filter_outliers': True, 'std_devs': 2, 'iterations': 1}
setting fod for Ar38= {'filter_outliers': True, 'std_devs': 2, 'iterations': 1}
setting fod for L1= {'filter_outliers': True, 'std_devs': 2, 'iterations': 1}
setting fod for Ar39= {'filter_outliers': True, 'std_devs': 2, 'iterations': 1}
setting fod for AX= {'filter_outliers': True, 'std_devs': 2, 'iterations': 1}
persistence save...
persistence save - db
post measurement save
7300883952 connecting to database sqlite:////Users/jan/PychronDev/.appdata/local_lab.db
connected to db sqlite:////Users/jan/PychronDev/.appdata/local_lab.db
create new session 7300883952
close session 7300883952
No database instance. Not saving post measurement to isotopedb database
$$$$$$$$$$$$$$$ auto_save_detector_ic=False
massspec enabled True
create new session 4985539184
MassSpec Database Version: 16.0
close session 4985539184
saving post measurement to secondary database
saving to massspec database 129.138.12.160/massspecdata
setting labnumber to 25328
setting aliquot to 6
setting step to 
setting uuid to 2c64c7db-a76c-4818-adfb-286821649b58
setting irradpos to 25328
setting extract_device to Fusions CO2
setting tray to 
setting position to 102
setting power_requested to 5.0
setting extract_value to 5.0
setting duration to 30.0
setting duration_at_request to 30.0
setting first_stage_delay to 30.0
setting cleanup to 30.0
setting comment to L:9
setting irradiation to NM-288
setting level to L
setting irradiation_level to L
setting sample to FC-2
setting material to 
setting project to 
setting mass_spectrometer to jan
no attribute chron_dosages
no attribute production_ratios
no attribute interference_corrections
no attribute production_name
no attribute j
Reference Isotope=Ar40
Reference Detector=H1
%%%%%%%%%%%%%%%%%%%% Comment: L:9 %%%%%%%%%%%%%%%%%%%
adding isotope PM41 H2
add baseline dbdet= PM41. original det= H2
get baseline data PM41 H2
Get data baseline <pychron.processing.isotope.Baseline object at 0x1f5592ad0> len t=60
baseline PM41. v=-0.211898900744, e=0.00745989973034
get signal data PM41 H2
Get data signal PM41 0.04+/-0.05 len t=120
adding isotope Ar40 H1
add baseline dbdet= Ar40. original det= H1
get baseline data Ar40 H1
Get data baseline <pychron.processing.isotope.Baseline object at 0x1f5592cd0> len t=60
baseline Ar40. v=-0.0147591203373, e=0.00540459115702
get signal data Ar40 H1
Get data signal Ar40 219.887+/-0.025 len t=120
adding isotope Ar39 AX
add baseline dbdet= Ar39. original det= AX
get baseline data Ar39 AX
Get data baseline <pychron.processing.isotope.Baseline object at 0x1f5592e90> len t=60
baseline Ar39. v=-0.0849965847648, e=0.00559605444171
get signal data Ar39 AX
Get data signal Ar39 26.547+/-0.014 len t=120
adding isotope Ar38 L1
add baseline dbdet= Ar38. original det= L1
get baseline data Ar38 L1
Get data baseline <pychron.processing.isotope.Baseline object at 0x1f559a090> len t=60
baseline Ar38. v=-0.022684455176, e=0.00292643024988
get signal data Ar38 L1
Get data signal Ar38 0.357+/-0.005 len t=120
adding isotope Ar37 L2
add baseline dbdet= Ar37. original det= L2
get baseline data Ar37 L2
Get data baseline <pychron.processing.isotope.Baseline object at 0x1f559a250> len t=60
baseline Ar37. v=-0.0222198915627, e=0.00702576591846
get signal data Ar37 L2
Get data signal Ar37 0.098+/-0.010 len t=120
adding isotope Ar36 CDD
add baseline dbdet= Ar36. original det= CDD
get baseline data Ar36 CDD
Get data baseline <pychron.processing.isotope.Baseline object at 0x1f559a410> len t=60
baseline Ar36. v=6.2027254904e-05, e=1.24054510385e-05
get signal data Ar36 CDD
Get data signal Ar36 0.01349+/-0.00032 len t=120
25328-06 added analysis time 0.479731082916s
analysis added to mass spec database
mass spec save time= 0.488
persistence save - dvc
================= post measurement started
create new session 4989601072
close session 4989601072
---------------- Experiment Queue saving disabled
DVC saving peakcenter
Failed to find a valid peak. No peak greater than 1.0. max = 0.0237755426284
Smart pull ahead: 0 behind: 0
Up-to-date with origin
add to repo msg=modified - ad8224ebc6dbfeb9f5997218dfa5fe690569839d.json
add to repo msg=modified - 28-06.json
add to repo msg=modified - 28-06.dat.json
add to repo msg=modified - 28-06.blan.json
add to repo msg=modified - 28-06.inte.json
add to repo msg=modified - 28-06.icfa.json
add to repo msg=modified - 28-06.base.json
not at valid file /Users/jan/PychronDev/data/.dvc/repositories/Load1791/253/tags/28-06.tags.json
add to repo msg=modified - 28-06.peak.json
add to repo msg=modified - 28-06.extr.json
not at valid file /Users/jan/PychronDev/data/.dvc/repositories/Load1791/253/monitor/28-06.moni.json
commit message=<COLLECTION>
add to repo msg=modified - 28-06.inte.json
add to repo msg=modified - 28-06.base.json
commit message=<ISOEVO> default collection fits
add to repo msg=modified - 28-06.blan.json
commit message=<BLANKS> preceding bu-FC-J-7762
add to repo msg=modified - 28-06.icfa.json
commit message=<ICFactor> default
push repository <pychron.git_archive.repo_manager.GitRepoManager object at 0x1d5d41e30>
pushing to remote=origin, url=https://github.com
no changes to meta repo
create new session 4989601072
add association Load1791
get identifier "25328"
setting analysis irradiation position=<pychron.dvc.dvc_orm.IrradiationPositionTbl object at 0x1ead7df90>
close session 4989601072
================= post measurement finished
14:59:41 -- ******* Post Run Check *******
loading queue conditionals post_run_actions
loading system conditionals post_run_actions
loading conditionals from /Users/jan/PychronDev/setupfiles/spectrometer/default_conditionals.yaml
loading queue conditionals post_run_terminations
loading system conditionals post_run_terminations
loading conditionals from /Users/jan/PychronDev/setupfiles/spectrometer/default_conditionals.yaml
Checking default post run terminations n=1
GetDeflection CDD ===>> 50
testing CDD==2000
evaluate ot="CDD.deflection==2000" t="CDD==2000", ctx="{'CDD': 50.0}"
14:59:41 -- ******* Post Run Check Passed *******
14:59:41 -- Automated run 25328-06 success duration: 365.610 s
----------------- finish -----------------
----------------- stop -----------------
retroactive repository identifiers disabled
finish run. runs completed=131
update duration runid=25328-06, duration=365.609844923, md5=301e91d8
write rem/ex queues
/Users/jan/PychronDev/experiments/rem/CurrentExperiment.rem.txt
/Users/jan/PychronDev/experiments/rem/CurrentExperiment.ex.txt
doing event level: 3
