do run
loading script "jan_unknown120_60.py"
loading script "jan_pump_ms.py"
loading script "jan_co2.py"
loading script "jan_pump_extraction_line.py"
testing...
no interpolation path defined
executed snippet estimated_duration=213.652928, duration=0.000261068344116
script duration name:unknown120_60 seconds:214.0
loading script "jan_unknown120_60.py"
loading script "jan_pump_ms.py"
loading script "jan_co2.py"
loading script "jan_pump_extraction_line.py"
testing...
no interpolation path defined
executed snippet estimated_duration=0, duration=2.50339508057e-05
loading script "jan_unknown120_60.py"
loading script "jan_pump_ms.py"
loading script "jan_co2.py"
loading script "jan_pump_extraction_line.py"
testing...
no interpolation path defined
calculate duration
testing...
no interpolation path defined
executed snippet estimated_duration=0, duration=5.00679016113e-05
calculate duration
testing...
no interpolation path defined
executed snippet estimated_duration=0, duration=9.20295715332e-05
executed snippet estimated_duration=0.0, duration=0.00240278244019
script duration name:co2 seconds:0.0
loading script "jan_unknown120_60.py"
loading script "jan_pump_ms.py"
loading script "jan_co2.py"
loading script "jan_pump_extraction_line.py"
testing...
no interpolation path defined
calculate duration
testing...
no interpolation path defined
executed snippet estimated_duration=4.0, duration=0.000148057937622
executed snippet estimated_duration=4.0, duration=0.00142288208008
Script duration 214.0
Run total estimated duration= 215.000
run duration: 0:03:35
doing event level: 2
22:44:13 -- Setting default integration. t=1.048576
setting integration time = 1.048576
SetIntegrationTime 1.048576 ===>> OK
----------------- start -----------------
**************** Experiment Type: Ar/Ar, Ar/Ar
create new session 4436069840
close session 4436069840
$$$$$ Clearing conditionals
adding conditionals 
Add queue conditionals
add default conditionals
adding default conditionals from /Users/jan/PychronDev/setupfiles/spectrometer/default_conditionals.yaml
Start automated run 25335-04
loading script "jan_unknown120_60.py"
loading script "jan_pump_ms.py"
loading script "jan_co2.py"
loading script "jan_pump_extraction_line.py"
%%%%%%%%%%%%%%%%%% setting automated run 25335-04
No value "sensitivity_multiplier" in metadata
$$$$$$$$$$$$$$$ auto_save_detector_ic=False
============================= Pre Extraction Check =============================
loading queue conditionals pre_run_terminations
loading system conditionals pre_run_terminations
loading conditionals from /Users/jan/PychronDev/setupfiles/spectrometer/default_conditionals.yaml
22:44:14 -- ******* Pre Extraction Check *******
Get a measurement from the spectrometer
GetData ===>> H2,-0.267690857870124,H1,0.0795529059115065,AX,-0.041765043396686,L1,-0.00878733363925216,L2,0.04...
Pre Extraction Termination data. keys=H2,H1,AX,L1,L2,CDD, signals=-0.26769,0.07955,-0.04177,-0.00879,0.04186,0.00268
22:44:14 -- testing system defined conditionals
Checking default pre extraction terminations n=2
testing CDD
evaluate ot="CDD.inactive" t="CDD", ctx="{'CDD': False}"
GetDeflection CDD ===>> 50
testing CDD==2000
evaluate ot="CDD.deflection==2000" t="CDD==2000", ctx="{'CDD': 50.0}"
22:44:14 -- ******* Pre Extraction Check Passed *******
=================================================================================
22:44:14 -- stopping status monitor
stop 4982387056
Alive clients [4989850544]
22:44:14 -- starting status monitor
start 4982387056
Monitor already running
start extraction
do extraction
Analysis started at 22:44:14.087051
Extraction Started jan_co2.py
22:44:14 -- ******* Extraction Started jan_co2.py *******
state changed from not run to extraction
DO EXTRACTION <pychron.extraction_line.pyscript_runner.RemotePyScriptRunner object at 0x12c299590>
testing...
no interpolation path defined
calculate duration
testing...
no interpolation path defined
executed snippet estimated_duration=0, duration=4.88758087158e-05
calculate duration
testing...
no interpolation path defined
executed snippet estimated_duration=0, duration=9.58442687988e-05
executed snippet estimated_duration=100.0, duration=0.00242304801941
Jan CO2 laser analysis
doing GOSUB
testing...
no interpolation path defined
executed snippet estimated_duration=0, duration=4.79221343994e-05
Waiting for CO2 access
wait ('FelixCO2Flag', 0) {}
waiting for FelixCO2Flag = 0
Read FelixCO2Flag ===>> 0
finished waiting
CO2 free
wait ('CO2PumpTimeFlag', 0) {}
waiting for CO2PumpTimeFlag = 0
Read CO2PumpTimeFlag ===>> 0
finished waiting
acquire ('JanCO2Flag',) {'clear': True}
acquire JanCO2Flag
Set JanCO2Flag 1 ===>> OK
JanCO2Flag acquired
set extraction state False (0.75, 'red', 1.5)
CO2 acquired
executed snippet estimated_duration=0, duration=0.0174610614777
WaitForCO2Access.py completed successfully
gosub finished
doing GOSUB
testing...
no interpolation path defined
executed snippet estimated_duration=0, duration=9.89437103271e-05
Prepare for CO2 analysis
close () {'description': 'Jan Inlet'}
closing name=--- desc=Jan Inlet
checking ownership. requestor=129.138.12.150
check software interlocks R
interlocks []
actuate state mode=None-script, software_lock=False
doing actuation None-script close_channel False
Close R ===>> OK
GetIndicatorState R ===>> False
change switch state (True, True)
update switch state R False args=() kw={} ncanvase=2
22:44:14 -- CLOSE  VALVE-R (Jan Inlet)
---------------------------------------- close None (Jan Inlet) result=[(True, True)]
action=close, ok=True, locked=[False]
open () {'description': 'Jan Ion Pump'}
opening name=--- desc=Jan Ion Pump
checking ownership. requestor=129.138.12.150
check software interlocks O
interlocks []
actuate state mode=None-script, software_lock=False
doing actuation None-script open_channel False
Open O ===>> OK
GetIndicatorState O ===>> OK
change switch state (True, True)
update switch state O True args=() kw={} ncanvase=2
22:44:14 -- OPEN   VALVE-O (Jan Ion Pump)
---------------------------------------- open None (Jan Ion Pump) result=[(True, True)], time=0.10 sec
action=open, ok=True, locked=[False]
close () {'description': 'Microbone to Minibone'}
closing name=--- desc=Microbone to Minibone
checking ownership. requestor=129.138.12.150
check software interlocks L
interlocks []
actuate state mode=None-script, software_lock=False
doing actuation None-script close_channel False
Close L ===>> OK
GetIndicatorState L ===>> False
change switch state (True, True)
update switch state L False args=() kw={} ncanvase=2
22:44:15 -- CLOSE  VALVE-L (Microbone to Minibone)
---------------------------------------- close None (Microbone to Minibone) result=[(True, True)]
action=close, ok=True, locked=[False]
open () {'description': 'Microbone to Turbo'}
opening name=--- desc=Microbone to Turbo
checking ownership. requestor=129.138.12.150
check software interlocks U
interlocks []
actuate state mode=None-script, software_lock=False
doing actuation None-script open_channel False
Open U ===>> OK
GetIndicatorState U ===>> OK
change switch state (True, True)
update switch state U True args=() kw={} ncanvase=2
22:44:15 -- OPEN   VALVE-U (Microbone to Turbo)
---------------------------------------- open None (Microbone to Turbo) result=[(True, True)], time=0.15 sec
action=open, ok=True, locked=[False]
open () {'description': 'Microbone to Inlet Pipette'}
opening name=--- desc=Microbone to Inlet Pipette
checking ownership. requestor=129.138.12.150
check software interlocks S
interlocks []
actuate state mode=None-script, software_lock=False
doing actuation None-script open_channel False
Open S ===>> OK
GetIndicatorState S ===>> OK
change switch state (True, True)
update switch state S True args=() kw={} ncanvase=2
22:44:16 -- OPEN   VALVE-S (Microbone to Inlet Pipette)
---------------------------------------- open None (Microbone to Inlet Pipette) result=[(True, True)], time=0.43 sec
action=open, ok=True, locked=[False]
open () {'description': 'Microbone to Getter D-50'}
opening name=--- desc=Microbone to Getter D-50
checking ownership. requestor=129.138.12.150
check software interlocks K
interlocks []
actuate state mode=None-script, software_lock=False
doing actuation None-script open_channel False
Open K ===>> OK
GetIndicatorState K ===>> OK
change switch state (True, True)
update switch state K True args=() kw={} ncanvase=2
22:44:17 -- OPEN   VALVE-K (Microbone to Getter D-50)
---------------------------------------- open None (Microbone to Getter D-50) result=[(True, True)], time=0.41 sec
action=open, ok=True, locked=[False]
open () {'description': 'Microbone to Getter NP-10'}
opening name=--- desc=Microbone to Getter NP-10
checking ownership. requestor=129.138.12.150
check software interlocks M
interlocks []
actuate state mode=None-script, software_lock=False
doing actuation None-script open_channel False
Open M ===>> OK
GetIndicatorState M ===>> OK
change switch state (True, True)
update switch state M True args=() kw={} ncanvase=2
22:44:17 -- OPEN   VALVE-M (Microbone to Getter NP-10)
---------------------------------------- open None (Microbone to Getter NP-10) result=[(True, True)], time=0.14 sec
action=open, ok=True, locked=[False]
close () {'description': 'CO2 Laser to Felix'}
closing name=--- desc=CO2 Laser to Felix
checking ownership. requestor=129.138.12.150
check software interlocks F
interlocks []
actuate state mode=None-script, software_lock=True
VALVE-F(CO2 Laser to Felix) software locked
change switch state (True, False)
---------------------------------------- close None (CO2 Laser to Felix) result=[(True, False)]
action=close, ok=True, locked=[True]
open () {'description': 'CO2 Laser to Jan'}
opening name=--- desc=CO2 Laser to Jan
checking ownership. requestor=129.138.12.150
check software interlocks A
interlocks []
actuate state mode=None-script, software_lock=False
doing actuation None-script open_channel False
Open A ===>> OK
GetIndicatorState A ===>> OK
change switch state (True, True)
update switch state A True args=() kw={} ncanvase=2
22:44:18 -- OPEN   VALVE-A (CO2 Laser to Jan)
---------------------------------------- open None (CO2 Laser to Jan) result=[(True, True)], time=0.15 sec
action=open, ok=True, locked=[False]
open () {'description': 'Microbone to CO2 Laser'}
opening name=--- desc=Microbone to CO2 Laser
checking ownership. requestor=129.138.12.150
check software interlocks T
interlocks []
actuate state mode=None-script, software_lock=False
doing actuation None-script open_channel False
Open T ===>> OK
GetIndicatorState T ===>> OK
change switch state (True, True)
update switch state T True args=() kw={} ncanvase=2
22:44:18 -- OPEN   VALVE-T (Microbone to CO2 Laser)
---------------------------------------- open None (Microbone to CO2 Laser) result=[(True, True)], time=0.42 sec
action=open, ok=True, locked=[False]
executed snippet estimated_duration=0, duration=4.95708608627
PrepareForCO2Analysis.py completed successfully
gosub finished
set_motor ('beam', '1.25') {}
setting motor "beam" to 1.25
set motor beam to 1.25
SetMotor beam,1.25 ===>> OK
GetMotorMoving beam ===>> False
GetMotorMoving beam ===>> False
Block completed
move_to_position ('148',) {'autocenter': True}
FusionsCO2 move to position 148
sending GoToHole 148,True
GoToHole 148,True ===>> OK
GetDriveMoving ===>> OK
GetDriveMoving ===>> OK
GetDriveMoving ===>> OK
GetDriveMoving ===>> OK
GetDriveMoving ===>> OK
GetDriveMoving ===>> OK
GetDriveMoving ===>> OK
GetDriveMoving ===>> False
GetDriveMoving ===>> OK
GetDriveMoving ===>> OK
GetDriveMoving ===>> OK
GetDriveMoving ===>> OK
GetDriveMoving ===>> OK
GetDriveMoving ===>> False
Block completed
GetAutoCorrecting ===>> False
GetAutoCorrecting ===>> False
Block completed
update position
GetPosition ===>> 5.98170,-3.98780,1.00000
got position (5.9817, -3.9878, 1.0)
move to position succeeded
sleep (5,) {}
SLEEP 5.0
block started
WaitControl setup for 5.0  
Join finished
block finished. duration 5.03780913353
close () {'description': 'Microbone to Turbo'}
closing name=--- desc=Microbone to Turbo
checking ownership. requestor=129.138.12.150
check software interlocks U
interlocks []
actuate state mode=None-script, software_lock=False
doing actuation None-script close_channel True
Close U ===>> OK
GetIndicatorState U ===>> False
change switch state (True, True)
update switch state U False args=() kw={} ncanvase=2
22:44:30 -- CLOSE  VALVE-U (Microbone to Turbo)
---------------------------------------- close None (Microbone to Turbo) result=[(True, True)]
action=close, ok=True, locked=[False]
enable laser
enable () {}
set extraction state FusionsCO2 Enabled (False, 'red', 1.5)
enabling laser
Enable ===>> OK
begin interval
BEGIN INTERVAL Interval 1 waiting for 30.0
block started
set extract to 5.0
WaitControl setup for 30.0  
extract (5.0,) {}
GetPosition ===>> 5.98170,-3.98780,1.00000
set extraction state FusionsCO2 ON! 5.0(watts) (0.75, 'red', 1.5)
extract sample to 5.0 (watts)
set laser output
SetLaserOutput 5.0,watts ===>> OK
executing pattern triangle.lp
execute_pattern ('triangle.lp',) {}
executing pattern triangle.lp
IsPatterning ===>> OK
IsPatterning ===>> OK
IsPatterning ===>> OK
IsPatterning ===>> OK
IsPatterning ===>> OK
IsPatterning ===>> OK
IsPatterning ===>> OK
IsPatterning ===>> OK
IsPatterning ===>> OK
IsPatterning ===>> OK
IsPatterning ===>> OK
IsPatterning ===>> OK
IsPatterning ===>> OK
IsPatterning ===>> OK
IsPatterning ===>> OK
IsPatterning ===>> OK
IsPatterning ===>> OK
IsPatterning ===>> OK
IsPatterning ===>> OK
IsPatterning ===>> OK
IsPatterning ===>> OK
IsPatterning ===>> OK
IsPatterning ===>> OK
IsPatterning ===>> OK
IsPatterning ===>> OK
IsPatterning ===>> OK
IsPatterning ===>> False
IsPatterning ===>> False
Block completed
COMPLETE INTERVAL waiting for Interval 1 to complete
Join finished
block finished. duration 30.1396720409
Interval 1 finished
end_extract () {}
ending extraction. set laser power to 0
set laser power 0
SetLaserPower 0 ===>> OK
disable () {}
%%%%%%%%%%%%%%%%%%%%%%%%%%%%%%%%%%% disable
set extraction state False (0.75, 'red', 1.5)
disabling laser
Disable ===>> OK
sleep (30.0,) {}
SLEEP 30.0
block started
WaitControl setup for 30.0  
Join finished
block finished. duration 30.1118860245
executed snippet estimated_duration=166.5, duration=77.6502389908
jan_co2.py completed successfully
GetAchievedOutput ===>> No Response
Requested Output= 0.000
Achieved Output=  0.000
GetResponseBlob ===>> No Response
GetOutputBlob ===>> No Response
persistence save...
persistence save - db
AutomatedRunPersister post_extraction_save deprecated
persistence save - dvc
no extraction position for 148
create new session 4989601072
close session 4989601072
Extraction Finished
22:45:31 -- ******* Extraction Finished *******
no overlap. not waiting for min ms pumptime
22:45:31 -- Sending spectrometer configuration
======== Sending configuration ========
SetDeflection CDD,50.0 ===>> OK
SetDeflection H2,0.0 ===>> OK
SetDeflection H1,0.0 ===>> OK
SetDeflection L2,825.0 ===>> OK
SetDeflection L1,400.0 ===>> OK
SetDeflection AX,190.0 ===>> OK
SetZFocus 74.64 ===>> OK
SetZSymmetry -50.72 ===>> OK
SetExtractionLens 26.13 ===>> OK
SetIonRepeller -3.81 ===>> OK
SetElectronEnergy 75.08 ===>> OK
SetYSymmetry -2.81 ===>> OK
SetIonCounterVoltage 1590.0 ===>> OK
send trap current 200.0
GetParameter Trap Current Readback ===>> 198.035158395898
SetParameter Trap Current Set,200.0 ===>> OK
updating mftable name mftable
Using mftable located at /Users/jan/PychronDev/setupfiles/spectrometer/mftables/mftable.csv
============ MFtable ===========
Isotope  H2     H1     AX     L1     L2     CDD    
Ar40     5.8121 5.8793 5.9927 6.1521 6.2312 6.3803
Ar39     5.7114 5.7716 5.8851 6.0381 6.1163 6.2668
Ar36     5.3889 5.4406 5.5485 5.6970 5.7713 5.9179
================================
get initial guess parabolic
get initial guess parabolic
get initial guess parabolic
get initial guess parabolic
get initial guess parabolic
get initial guess parabolic
======== Configuration Finished ========
GetYSymmetry ===>> -2.81
GetZSymmetry ===>> -50.72
GetParameter Trap Current Readback ===>> 198.147042666178
GetHighVoltage ===>> 4499.94659342336
start measurement
do measurement
L#=25335 analysis type=unknown
Measurement Started jan_unknown120_60.py
22:45:32 -- ******* Measurement Started jan_unknown120_60.py *******
state changed from extraction to measurement
setting spec, defl, and gains
GetExtractionLens ===>> 26.13
GetYSymmetry ===>> -2.81
GetZSymmetry ===>> -50.72
GetZFocus ===>> 74.64
GetDeflection H2 ===>> 0
GetDeflection H1 ===>> 0
GetDeflection AX ===>> 190
GetDeflection L1 ===>> 400
GetDeflection L2 ===>> 825
GetDeflection CDD ===>> 50
GetGain H2 ===>> 0.0113
GetGain H1 ===>> 0.1
GetGain AX ===>> 0.097049
GetGain L1 ===>> 0.010355
GetGain L2 ===>> 0.095649
GetGain CDD ===>> 0
pre measurement save
New frame /Users/jan/PychronDev/data/isotopes/ea/f1be08-31f9-44d8-ada1-ee330bf69b7b.h5
flush and close file /Users/jan/PychronDev/data/isotopes/ea/f1be08-31f9-44d8-ada1-ee330bf69b7b.h5
testing...
no interpolation path defined
executed snippet estimated_duration=226.132928, duration=0.000248908996582
unknown measurement script
activate_detectors ('H2', 'H1', 'AX', 'L1', 'L2', 'CDD') {}
activate detectors
*************** Set Analysis View Ar/Ar
create graphs
clearing graphs
clear isotope group
setting isotope det=H2, iso=PM41
setting isotope det=H1, iso=Ar40
setting isotope det=AX, iso=Ar39
setting isotope det=L1, iso=Ar38
setting isotope det=L2, iso=Ar37
setting isotope det=CDD, iso=Ar36
setting previous blanks
 - setting Ar40 blank 0.650+/-0.007
 - setting Ar36 blank 0.00653+/-0.00020
 - setting Ar37 blank 0.056+/-0.005
 - setting Ar38 blank 0.0141+/-0.0021
 - setting PM41 blank 0.04+/-0.07
 - setting Ar39 blank 0.021+/-0.008
load analysis view
position_magnet ('Ar40',) {'detector': 'H1'}
detector Detector(H1)
POSITION Ar40 H1
setting detector H2 to PM41 (40.9624)
setting detector H1 to Ar40 (39.9624)
setting detector AX to Ar39 (38.9624)
setting detector L1 to Ar38 (37.9624)
setting detector L2 to Ar37 (36.9624)
setting detector CDD to Ar36 (35.9624)
Mapping mass to dac mass func: "parabolic"
H1 map mass coeffs = [-0.00063987  0.15840543  0.57094999]
H1 map mass to dac 39.9624 >> 5.87934
GetDeflection H1 ===>> 0
GetHighVoltage ===>> 4499.94659342336
positioning Ar40 (5.87930537712) on H1
setting magnet DAC
current  : 5.879305
requested: 5.879305
Delta Dac: 0.000000
Checking detector protection. dv=0.00000
Checking detector "CDD". Protection Threshold: 0.1 (V)
SetMagnetDAC 5.87930537712 ===>> OK
equilibrate () {'delay': 3, 'inlet': 'R', 'outlet': 'O', 'eqtime': 12.0}
Equilibration Started
22:45:33 -- ******* Equilibration Started *******
checking ownership. requestor=129.138.12.150
check software interlocks O
interlocks []
actuate state mode=None-script, software_lock=False
doing actuation None-script close_channel True
Close O ===>> OK
GetIndicatorState O ===>> False
change switch state (True, True)
update switch state O False args=() kw={} ncanvase=2
22:45:33 -- CLOSE  VALVE-O (Jan Ion Pump)
waiting 3s before opening inlet value ('R',)
update labels <pychron.experiment.plot_panel.PlotPanel object at 0x20dfce950>
update labels "<pychron.graph.stacked_regression_graph.StackedRegressionGraph object at 0x20ff9bbf0>"
setting label 0 H2 PM41
setting label 1 H1 Ar40
setting label 2 AX Ar39
setting label 3 L1 Ar38
setting label 4 L2 Ar37
setting label 5 CDD Ar36
update labels "<pychron.graph.stacked_graph.StackedGraph object at 0x201cb7fb0>"
setting label 0 H2 PM41
setting label 1 H1 Ar40
setting label 2 AX Ar39
setting label 3 L1 Ar38
setting label 4 L2 Ar37
setting label 5 CDD Ar36
checking ownership. requestor=129.138.12.150
check software interlocks R
interlocks []
actuate state mode=None-script, software_lock=False
doing actuation None-script open_channel True
Open R ===>> OK
GetIndicatorState R ===>> OK
change switch state (True, True)
update switch state R True args=() kw={} ncanvase=2
22:45:36 -- OPEN   VALVE-R (Jan Inlet)
equilibrating for 12.0sec
set_time_zero () {}
sniff (12.0,) {}
py_sniff
build tables- sniff [Detector(H2), Detector(H1), Detector(AX), Detector(L1), Detector(L2), Detector(CDD)]
add group /sniff/PM41 (Group) '' table H2
add group /sniff/Ar40 (Group) '' table H1
add group /sniff/Ar39 (Group) '' table AX
add group /sniff/Ar38 (Group) '' table L1
add group /sniff/Ar37 (Group) '' table L2
add group /sniff/Ar36 (Group) '' table CDD
flush and close file /Users/jan/PychronDev/data/isotopes/ea/f1be08-31f9-44d8-ada1-ee330bf69b7b.h5
measuring sniff. ncounts=12.0
"sniff" increment series count="1" fit count="0" regressing="False"
starting measurement
GetData ===>> H2,-0.0883483040992823,H1,65.783277135627,AX,9.16284629142542,L1,0.00879652735963456,L2,0.0609055...
GetData ===>> H2,0.955129428270787,H1,717.399174523129,AX,93.6497052515359,L1,0.581938712595451,L2,0.4604389894...
GetData ===>> H2,0.513944114700033,H1,1096.95966188211,AX,138.104374883558,L1,1.20872086221538,L2,0.40250722580...
GetData ===>> H2,0.295747732500623,H1,1218.65026208867,AX,150.484814068872,L1,1.52000957257267,L2,0.32837211815...
GetData ===>> H2,0.0975432448450222,H1,1262.41428834602,AX,154.591706155915,L1,1.69618224660682,L2,0.2778510603...
GetData ===>> H2,0.0591853425571136,H1,1280.05401156931,AX,156.369456250941,L1,1.83760125339039,L2,0.2315112967...
GetData ===>> H2,0.0711677576524683,H1,1287.78568848423,AX,157.144667073114,L1,1.90253508669767,L2,0.3627147112...
GetData ===>> H2,0.0974708566177242,H1,1290.79524123065,AX,157.396645281088,L1,1.93243856838341,L2,0.3637196001...
GetData ===>> H2,-0.0116550280467872,H1,1292.30591368637,AX,157.627663474718,L1,1.93563617702538,L2,0.438019202...
GetData ===>> H2,-0.113854742442386,H1,1292.97468948269,AX,157.643386572574,L1,1.96178614449205,L2,0.3569253864...
GetData ===>> H2,-0.0334278088078358,H1,1292.54502103941,AX,157.556607905659,L1,1.97531810374829,L2,0.354390525...
Equilibration Finished
22:45:48 -- ******* Equilibration Finished *******
checking ownership. requestor=129.138.12.150
check software interlocks R
interlocks []
actuate state mode=None-script, software_lock=False
doing actuation None-script close_channel True
GetData ===>> H2,0.018232593547156,H1,1292.39593575863,AX,157.328293240532,L1,2.01889360930868,L2,0.25434274461...
Close R ===>> OK
set states for children of R. state=False
handle state [('R', False)]
update switch state R False args=() kw={'refresh': False} ncanvase=2
refresh_canvas_needed fired
GetIndicatorState R ===>> False
change switch state (True, True)
update switch state R False args=() kw={} ncanvase=2
22:45:49 -- CLOSE  VALVE-R (Jan Inlet)
Post Equilibration Started jan_pump_extraction_line.py
22:45:49 -- ******* Post Equilibration Started jan_pump_extraction_line.py *******
testing...
no interpolation path defined
calculate duration
testing...
no interpolation path defined
executed snippet estimated_duration=4.0, duration=0.000118970870972
executed snippet estimated_duration=4.0, duration=0.00117421150208
Pump after analysis
doing GOSUB
testing...
no interpolation path defined
executed snippet estimated_duration=4.0, duration=0.000118970870972
Pump Microbone
close () {'description': 'Jan Inlet'}
closing name=--- desc=Jan Inlet
checking ownership. requestor=129.138.12.150
check software interlocks R
interlocks []
actuate state mode=None-script, software_lock=False
doing actuation None-script close_channel False
Close R ===>> OK
measurement finished
estimated time: 12.583 actual time: :12.683
flush and close file /Users/jan/PychronDev/data/isotopes/ea/f1be08-31f9-44d8-ada1-ee330bf69b7b.h5
set_fits () {}
using default fits file=/Users/jan/PychronDev/scripts/measurement/fits/nominal_linear.yaml
GetIndicatorState R ===>> False
change switch state (True, True)
set "Ar40" to "('Linear', 'SEM')"
update switch state R False args=() kw={} ncanvase=2
No fit for "PM41". defaulting to linear. check the measurement script "jan_unknown120_60.py"
set "PM41" to "linear"
set "Ar36" to "('Linear', 'SEM')"
set "Ar37" to "('linear', 'SEM')"
set "Ar38" to "('linear', 'SEM')"
set "Ar39" to "('Linear', 'SEM')"
set_baseline_fits () {}
using default fits file=/Users/jan/PychronDev/scripts/measurement/fits/nominal_linear.yaml
22:45:50 -- CLOSE  VALVE-R (Jan Inlet)
---------------------------------------- close None (Jan Inlet) result=[(True, True)]
set "H1" to "('average', 'SEM')"
set "H2" to "('average', 'SEM')"
set "CDD" to "('average', 'SEM')"
set "L2" to "('average', 'SEM')"
set "L1" to "('average', 'SEM')"
set "AX" to "('average', 'SEM')"
multicollect () {'integration_time': 1, 'ncounts': 120}
build tables- signal [Detector(H2), Detector(H1), Detector(AX), Detector(L1), Detector(L2), Detector(CDD)]
add group /signal/PM41 (Group) '' table H2
add group /signal/Ar40 (Group) '' table H1
add group /signal/Ar39 (Group) '' table AX
add group /signal/Ar38 (Group) '' table L1
add group /signal/Ar37 (Group) '' table L2
add group /signal/Ar36 (Group) '' table CDD
flush and close file /Users/jan/PychronDev/data/isotopes/ea/f1be08-31f9-44d8-ada1-ee330bf69b7b.h5
measuring signal. ncounts=120
action=close, ok=True, locked=[False]
is_closed ('F',) {}
is F () closed?
is closed True
open () {'description': 'CO2 Laser to Jan'}
opening name=--- desc=CO2 Laser to Jan
checking ownership. requestor=129.138.12.150
check software interlocks A
interlocks []
actuate state mode=None-script, software_lock=False
doing actuation None-script open_channel False
Open A ===>> OK
GetIndicatorState A ===>> OK
change switch state (True, True)
update switch state A True args=() kw={} ncanvase=2
22:45:50 -- OPEN   VALVE-A (CO2 Laser to Jan)
---------------------------------------- open None (CO2 Laser to Jan) result=[(True, True)], time=0.13 sec
starting measurement
GetData ===>> H2,-0.123527901228272,H1,1292.482409871,AX,157.620589588032,L1,2.02171983803857,L2,0.321055357081...
action=open, ok=True, locked=[False]
sleep (1,) {}
SLEEP 1.0
"signal" increment series count="2" fit count="1" regressing="True"
GetData ===>> H2,0.0583739005323247,H1,1292.47894003774,AX,157.634380781402,L1,2.03065794054337,L2,0.2781591044...
close () {'description': 'CO2 Laser to Roughing'}
closing name=--- desc=CO2 Laser to Roughing
checking ownership. requestor=129.138.12.150
check software interlocks G
interlocks []
actuate state mode=None-script, software_lock=True
VALVE-G(CO2 Laser to Roughing) software locked
change switch state (True, False)
---------------------------------------- close None (CO2 Laser to Roughing) result=[(True, False)]
action=close, ok=True, locked=[True]
open () {'description': 'Microbone to Turbo'}
opening name=--- desc=Microbone to Turbo
checking ownership. requestor=129.138.12.150
check software interlocks U
interlocks []
actuate state mode=None-script, software_lock=False
doing actuation None-script open_channel True
Open U ===>> OK
GetIndicatorState U ===>> OK
change switch state (True, True)
update switch state U True args=() kw={} ncanvase=2
22:45:51 -- OPEN   VALVE-U (Microbone to Turbo)
---------------------------------------- open None (Microbone to Turbo) result=[(True, True)], time=0.20 sec
action=open, ok=True, locked=[False]
open () {'description': 'Microbone to Getter NP-10'}
opening name=--- desc=Microbone to Getter NP-10
checking ownership. requestor=129.138.12.150
check software interlocks M
interlocks []
actuate state mode=None-script, software_lock=False
doing actuation None-script open_channel False
Open M ===>> OK
GetIndicatorState M ===>> OK
change switch state (True, True)
update switch state M True args=() kw={} ncanvase=2
22:45:52 -- OPEN   VALVE-M (Microbone to Getter NP-10)
---------------------------------------- open None (Microbone to Getter NP-10) result=[(True, True)], time=0.16 sec
action=open, ok=True, locked=[False]
open () {'description': 'Microbone to Getter D-50'}
opening name=--- desc=Microbone to Getter D-50
checking ownership. requestor=129.138.12.150
check software interlocks K
interlocks []
actuate state mode=None-script, software_lock=False
doing actuation None-script open_channel False
GetData ===>> H2,-0.00417955565514478,H1,1292.55596398514,AX,157.561037641115,L1,2.04205047828249,L2,0.46010781...
Open K ===>> OK
GetIndicatorState K ===>> OK
change switch state (True, True)
update switch state K True args=() kw={} ncanvase=2
22:45:53 -- OPEN   VALVE-K (Microbone to Getter D-50)
---------------------------------------- open None (Microbone to Getter D-50) result=[(True, True)], time=0.43 sec
action=open, ok=True, locked=[False]
open () {'description': 'Microbone to CO2 Laser'}
opening name=--- desc=Microbone to CO2 Laser
checking ownership. requestor=129.138.12.150
check software interlocks T
interlocks []
actuate state mode=None-script, software_lock=False
doing actuation None-script open_channel False
Open T ===>> OK
GetIndicatorState T ===>> OK
change switch state (True, True)
update switch state T True args=() kw={} ncanvase=2
22:45:53 -- OPEN   VALVE-T (Microbone to CO2 Laser)
---------------------------------------- open None (Microbone to CO2 Laser) result=[(True, True)], time=0.43 sec
GetData ===>> H2,-0.0812566858804386,H1,1291.67145697367,AX,157.50127709238,L1,2.01785818681738,L2,0.3074049846...
action=open, ok=True, locked=[False]
open () {'description': 'Microbone to Inlet Pipette'}
opening name=--- desc=Microbone to Inlet Pipette
checking ownership. requestor=129.138.12.150
check software interlocks S
interlocks []
actuate state mode=None-script, software_lock=False
doing actuation None-script open_channel False
Open S ===>> OK
GetIndicatorState S ===>> OK
change switch state (True, True)
update switch state S True args=() kw={} ncanvase=2
22:45:54 -- OPEN   VALVE-S (Microbone to Inlet Pipette)
---------------------------------------- open None (Microbone to Inlet Pipette) result=[(True, True)], time=0.43 sec
action=open, ok=True, locked=[False]
sleep (1,) {}
SLEEP 1.0
testing H1>-5.0
evaluate ot="H1.bs>-5.0" t="H1>-5.0", ctx="{'H1': None}"
GetData ===>> H2,0.0187894621780969,H1,1290.89370473989,AX,157.322440598753,L1,2.04636622801353,L2,0.3066859971...
set_resource () {'name': 'CO2PumpTimeFlag', 'value': 30}
Set CO2PumpTimeFlag 30 ===>> OK
release ('JanCO2Flag',) {}
release JanCO2Flag
Set JanCO2Flag 0 ===>> OK
executed snippet estimated_duration=6.0, duration=6.09497499466
PumpMicrobone.py completed successfully
gosub finished
get_resource_value () {'name': 'JanMiniboneFlag'}
Read JanMiniboneFlag ===>> 0
Get Resource Value JanMiniboneFlag=0.0
get resource value 0.0
get_resource_value () {'name': 'JanMiniboneFlag'}
Read JanMiniboneFlag ===>> 0
Get Resource Value JanMiniboneFlag=0.0
executed snippet estimated_duration=4.0, duration=6.10873103142
jan_pump_extraction_line.py completed successfully
Post Equilibration Finished
22:45:55 -- ******* Post Equilibration Finished *******
GetData ===>> H2,-0.0509287599724414,H1,1290.03753998285,AX,157.422865582755,L1,2.01617715205975,L2,0.395824492...
GetData ===>> H2,-0.21567327160792,H1,1289.44400266495,AX,157.355104603502,L1,2.04987318508266,L2,0.26201664741...
GetData ===>> H2,-0.191393927085237,H1,1289.45652055495,AX,157.310903702841,L1,2.03011635235757,L2,0.2957534879...
GetData ===>> H2,-0.138695351997347,H1,1288.92662689957,AX,157.132800319667,L1,2.02023503405361,L2,0.2782846041...
testing H1>-5.0
evaluate ot="H1.bs>-5.0" t="H1>-5.0", ctx="{'H1': None}"
GetData ===>> H2,-0.0761886684313255,H1,1288.44789752028,AX,157.011047154141,L1,1.99760784589324,L2,0.388468313...
GetData ===>> H2,-0.0657523528952201,H1,1287.61057640501,AX,156.872271891166,L1,1.97310554822521,L2,0.425494816...
GetData ===>> H2,-0.153938890369289,H1,1287.24003957002,AX,156.94557466156,L1,2.00126237987816,L2,0.32239082404...
GetData ===>> H2,-0.0837871389777838,H1,1286.63349082425,AX,156.929901766278,L1,1.99798783772811,L2,0.352472297...
GetData ===>> H2,-0.0623458556563345,H1,1286.78893620491,AX,156.760466528953,L1,1.9803346408743,L2,0.4003709852...
testing H1>-5.0
evaluate ot="H1.bs>-5.0" t="H1>-5.0", ctx="{'H1': None}"
GetData ===>> H2,-0.141179668709044,H1,1285.13014766762,AX,156.471503958895,L1,2.04856571264465,L2,0.4110983638...
GetData ===>> H2,-0.141179668709044,H1,1285.13014766762,AX,156.471503958895,L1,2.04856571264465,L2,0.4110983638...
GetData ===>> H2,-0.0655924208039012,H1,1283.74009361877,AX,156.56746727799,L1,1.99137019230964,L2,0.3701831143...
GetData ===>> H2,-0.0818365182243843,H1,1283.24018466236,AX,156.498178423755,L1,1.97557114605058,L2,0.226991315...
GetData ===>> H2,-0.107154056010298,H1,1283.47326430648,AX,156.54904896804,L1,2.00882215914676,L2,0.25930930525...
testing H1>-5.0
evaluate ot="H1.bs>-5.0" t="H1>-5.0", ctx="{'H1': None}"
GetData ===>> H2,-0.197416597119492,H1,1283.89072174485,AX,156.517888749286,L1,2.03341252408192,L2,0.3162843536...
GetData ===>> H2,-0.0394214270534621,H1,1282.57407481573,AX,156.360691650089,L1,1.99348287133348,L2,0.323532263...
GetData ===>> H2,-0.106930811975292,H1,1281.88074667613,AX,156.223042156735,L1,1.98186549047328,L2,0.2648684737...
GetData ===>> H2,-0.0347829274141047,H1,1281.31900756059,AX,156.356696476066,L1,1.95115114211842,L2,0.290401806...
GetData ===>> H2,-0.0347829274141047,H1,1281.31900756059,AX,156.356696476066,L1,1.95115114211842,L2,0.290401806...
testing H1>-5.0
evaluate ot="H1.bs>-5.0" t="H1>-5.0", ctx="{'H1': None}"
22:46:15 -- collecting point 25
GetData ===>> H2,-0.0394539998294157,H1,1280.98197024285,AX,156.231846330602,L1,1.98086027016462,L2,0.283818164...
GetData ===>> H2,-0.148787375224341,H1,1280.66952930364,AX,156.302237309541,L1,1.98472487336762,L2,0.2835101022...
GetData ===>> H2,-0.0995937899139452,H1,1279.64829600018,AX,155.969863514132,L1,1.98621547150448,L2,0.354493289...
GetData ===>> H2,-0.0995937899139452,H1,1279.64829600018,AX,155.969863514132,L1,1.98621547150448,L2,0.354493289...
GetData ===>> H2,-0.094870469838325,H1,1278.77114718957,AX,156.0014563592,L1,2.00525729977904,L2,0.399994006523...
testing H1>-5.0
evaluate ot="H1.bs>-5.0" t="H1>-5.0", ctx="{'H1': None}"
GetData ===>> H2,-0.0549478199530966,H1,1277.98038855164,AX,155.773631549125,L1,1.9918370042709,L2,0.2800758454...
GetData ===>> H2,-0.0549478199530966,H1,1277.98038855164,AX,155.773631549125,L1,1.9918370042709,L2,0.2800758454...
GetData ===>> H2,-0.136252405660351,H1,1277.06046233404,AX,155.841485420368,L1,1.97977091216767,L2,0.2507578471...
GetData ===>> H2,-0.141022894403583,H1,1276.09273353498,AX,155.905144494517,L1,1.97184067668155,L2,0.3621665945...
GetData ===>> H2,-0.021310957684098,H1,1276.27966064997,AX,155.761542158174,L1,1.98679146817004,L2,0.3014021756...
testing H1>-5.0
evaluate ot="H1.bs>-5.0" t="H1>-5.0", ctx="{'H1': None}"
GetData ===>> H2,0.00480245121868086,H1,1275.69414421999,AX,155.742000450736,L1,1.96561987871744,L2,0.230712294...
GetData ===>> H2,-0.0728959573379317,H1,1275.10637998485,AX,155.589849970364,L1,1.96103719443637,L2,0.315816397...
GetData ===>> H2,-0.182494468350253,H1,1274.57803325939,AX,155.468925765445,L1,1.99143085037788,L2,0.2842403255...
GetData ===>> H2,-0.177396279587384,H1,1273.78979849047,AX,155.367670336866,L1,1.98278779129673,L2,0.3014249993...
GetData ===>> H2,-0.245633929944023,H1,1273.26825027314,AX,155.477251592261,L1,1.95083920474166,L2,0.2574596594...
testing H1>-5.0
evaluate ot="H1.bs>-5.0" t="H1>-5.0", ctx="{'H1': None}"
GetData ===>> H2,-0.0606659538264393,H1,1272.62933146671,AX,155.426259508898,L1,1.92255302071204,L2,0.242983418...
GetData ===>> H2,-0.119190204349514,H1,1272.19854700774,AX,155.376992399708,L1,1.93486661436647,L2,0.2458830584...
GetData ===>> H2,-0.102146923534298,H1,1271.66672520501,AX,155.243757495771,L1,1.95198433450185,L2,0.2335088311...
GetData ===>> H2,-0.139275254794932,H1,1271.40608789764,AX,155.2024576689,L1,1.97647529241596,L2,0.234364930111...
GetData ===>> H2,-0.110202504548656,H1,1270.77237903929,AX,155.06214893894,L1,1.98837594321245,L2,0.27340164534...
testing H1>-5.0
evaluate ot="H1.bs>-5.0" t="H1>-5.0", ctx="{'H1': None}"
GetData ===>> H2,-0.0513969544061894,H1,1270.57623102506,AX,154.930304846963,L1,1.93602689860292,L2,0.283099354...
GetData ===>> H2,-0.106936224003792,H1,1269.92465269038,AX,154.927596301265,L1,1.94479041468411,L2,0.3793309882...
GetData ===>> H2,-0.24657975188764,H1,1269.50237799719,AX,154.993599390371,L1,2.0049578616241,L2,0.245049688509...
GetData ===>> H2,-0.28089179372072,H1,1269.13065494546,AX,155.089096894198,L1,1.96062654389561,L2,0.30870602320...
GetData ===>> H2,-0.151322143583998,H1,1268.75095979123,AX,154.855793476703,L1,1.96485486881298,L2,0.3753222618...
testing H1>-5.0
evaluate ot="H1.bs>-5.0" t="H1>-5.0", ctx="{'H1': None}"
22:46:42 -- collecting point 50
GetData ===>> H2,-0.181710592375312,H1,1268.30386990105,AX,154.688116603216,L1,1.94966787298997,L2,0.2971684814...
GetData ===>> H2,-0.226191204292717,H1,1268.06656319374,AX,154.834676936797,L1,1.97038757060392,L2,0.2926040612...
GetData ===>> H2,-0.140666089630604,H1,1267.26295700271,AX,154.441286099485,L1,1.95861789213641,L2,0.2714964462...
GetData ===>> H2,-0.166301548965597,H1,1266.33038144583,AX,154.524355883149,L1,1.95984154572318,L2,0.3426305636...
GetData ===>> H2,-0.0545679560170319,H1,1265.66513888147,AX,154.605258438189,L1,1.95639485110149,L2,0.311490761...
testing H1>-5.0
evaluate ot="H1.bs>-5.0" t="H1>-5.0", ctx="{'H1': None}"
GetData ===>> H2,-0.0478979228850894,H1,1265.84493576965,AX,154.402742520535,L1,1.94775321049305,L2,0.341466063...
GetData ===>> H2,-0.0273237044487925,H1,1265.23313171669,AX,154.43356987673,L1,1.93081446959685,L2,0.2909951549...
GetData ===>> H2,0.020550563747495,H1,1264.72245820082,AX,154.293132821085,L1,1.90622852661726,L2,0.33099761326...
GetData ===>> H2,-0.114626191735667,H1,1264.11381715518,AX,154.362634439213,L1,1.92343999203738,L2,0.2634995865...
GetData ===>> H2,-0.223643343413422,H1,1263.51052764261,AX,154.365192926425,L1,1.93712941317904,L2,0.2480749701...
testing H1>-5.0
evaluate ot="H1.bs>-5.0" t="H1>-5.0", ctx="{'H1': None}"
GetData ===>> H2,-0.0757739125026039,H1,1263.15378569546,AX,154.198313140169,L1,1.9708512790835,L2,0.2907669434...
GetData ===>> H2,-0.159772115399684,H1,1262.2856307461,AX,154.261697735037,L1,1.98411340402285,L2,0.33016429615...
GetData ===>> H2,-0.258862855129019,H1,1262.18112521388,AX,154.034782849283,L1,1.95328492468412,L2,0.2075327219...
GetData ===>> H2,-0.152256450995321,H1,1261.92744693208,AX,153.881758478668,L1,1.92271069929119,L2,0.3420711450...
GetData ===>> H2,-0.120898700024908,H1,1261.2687625177,AX,154.058914208251,L1,1.95087474146654,L2,0.26765193817...
testing H1>-5.0
evaluate ot="H1.bs>-5.0" t="H1>-5.0", ctx="{'H1': None}"
GetData ===>> H2,-0.0662222110034212,H1,1260.84883915953,AX,153.996358319464,L1,1.97380787792338,L2,0.358935053...
GetData ===>> H2,-0.00630386025231592,H1,1260.09042748825,AX,153.842419694968,L1,1.9770908395973,L2,0.397435160...
GetData ===>> H2,-0.105422108490684,H1,1259.53968945011,AX,153.819613925411,L1,1.94394724200413,L2,0.3308149677...
GetData ===>> H2,-0.0707414201977857,H1,1259.17034734962,AX,153.696269425726,L1,1.9433619259766,L2,0.2144141069...
GetData ===>> H2,-0.0806280491920045,H1,1258.81552093321,AX,153.88099016416,L1,1.97211867249942,L2,0.3527919996...
testing H1>-5.0
evaluate ot="H1.bs>-5.0" t="H1>-5.0", ctx="{'H1': None}"
GetData ===>> H2,-0.114168742163365,H1,1258.27830213729,AX,153.832387281098,L1,1.96817995265165,L2,0.3499832253...
GetData ===>> H2,-0.116500459819125,H1,1257.58386644722,AX,153.639601969101,L1,1.95034038648428,L2,0.3081239774...
GetData ===>> H2,-0.187752184902787,H1,1257.31477114669,AX,153.580346542804,L1,1.92549015421348,L2,0.2961757015...
GetData ===>> H2,-0.294990446676006,H1,1256.32147740998,AX,153.427801635769,L1,1.91472695457713,L2,0.2460200514...
GetData ===>> H2,-0.218531076311855,H1,1256.04332137917,AX,153.473735536489,L1,1.91521848466127,L2,0.3936084412...
testing H1>-5.0
evaluate ot="H1.bs>-5.0" t="H1>-5.0", ctx="{'H1': None}"
22:47:08 -- collecting point 75
GetData ===>> H2,-0.121827916321947,H1,1255.47875885838,AX,153.597218276488,L1,1.93551120166244,L2,0.3332122172...
GetData ===>> H2,-0.0954311959491448,H1,1255.02113627643,AX,153.390797770562,L1,1.96731204222734,L2,0.380278945...
GetData ===>> H2,-0.109970985099289,H1,1254.525264324,AX,153.265627212238,L1,1.95699797797415,L2,0.297545055847...
GetData ===>> H2,-0.131393340209894,H1,1254.43440021065,AX,153.340033968472,L1,1.95804101742603,L2,0.3409066516...
GetData ===>> H2,-0.183000383578088,H1,1253.93260877832,AX,153.368980792755,L1,1.95207384389912,L2,0.2170275651...
testing H1>-5.0
evaluate ot="H1.bs>-5.0" t="H1>-5.0", ctx="{'H1': None}"
GetData ===>> H2,-0.18491186449624,H1,1253.54898070861,AX,153.097358343229,L1,1.95244110328392,L2,0.32742467454...
GetData ===>> H2,-0.207198120938024,H1,1253.21756534321,AX,152.986131628938,L1,1.98142544832255,L2,0.3609447622...
GetData ===>> H2,-0.0829161739737812,H1,1252.90654807449,AX,152.940385563748,L1,1.991565354237,L2,0.19863216143...
GetData ===>> H2,-0.0158624152246727,H1,1252.07355188636,AX,153.040389275501,L1,1.95633164320428,L2,0.298149860...
GetData ===>> H2,-0.100434519212282,H1,1251.90594637647,AX,153.159180519702,L1,1.95325991189036,L2,0.3094136130...
testing H1>-5.0
evaluate ot="H1.bs>-5.0" t="H1>-5.0", ctx="{'H1': None}"
GetData ===>> H2,-0.0431042750682961,H1,1250.78266861946,AX,153.058748311642,L1,1.95609593360961,L2,0.280965773...
GetData ===>> H2,-0.168060180268488,H1,1250.43408620578,AX,152.971487659877,L1,1.93686101046858,L2,0.2644007684...
GetData ===>> H2,-0.129911728277024,H1,1249.94169363003,AX,152.797295009658,L1,1.94033890992916,L2,0.2391135644...
GetData ===>> H2,-0.139941633289815,H1,1250.33656024471,AX,152.873060957924,L1,1.9302608840651,L2,0.34499385763...
GetData ===>> H2,-0.164897687234735,H1,1249.52739233897,AX,152.60076574396,L1,1.90786228049528,L2,0.19770791987...
testing H1>-5.0
evaluate ot="H1.bs>-5.0" t="H1>-5.0", ctx="{'H1': None}"
GetData ===>> H2,-0.103899670939092,H1,1249.01757877179,AX,152.58806265424,L1,1.91308824116948,L2,0.35416216336...
GetData ===>> H2,-0.11919696849728,H1,1248.15292826759,AX,152.617152860966,L1,1.91322095869366,L2,0.29962194721...
GetData ===>> H2,-0.142725671666899,H1,1247.03161880667,AX,152.550355701251,L1,1.91518168485882,L2,0.3418428119...
GetData ===>> H2,-0.149077747701871,H1,1247.37045015698,AX,152.719917950949,L1,1.9177605967955,L2,0.38754311934...
GetData ===>> H2,-0.207524205754496,H1,1246.95907956496,AX,152.305850306607,L1,1.94942704152004,L2,0.3412948145...
testing H1>-5.0
evaluate ot="H1.bs>-5.0" t="H1>-5.0", ctx="{'H1': None}"
GetData ===>> H2,-0.158695666827271,H1,1246.3640825147,AX,152.430160258338,L1,1.90699152783593,L2,0.30072888023...
GetData ===>> H2,-0.177748557553692,H1,1245.37694391559,AX,152.368698284025,L1,1.90496397824898,L2,0.3407239872...
GetData ===>> H2,-0.0711129679870548,H1,1245.0073808465,AX,152.190799908782,L1,1.88206387704381,L2,0.2880969096...
GetData ===>> H2,-0.17731664435221,H1,1244.45143433505,AX,152.322206374538,L1,1.9411643083745,L2,0.370685596632...
GetData ===>> H2,-0.164155190034117,H1,1244.01399786823,AX,152.10781345136,L1,1.97319910176338,L2,0.27979061368...
testing H1>-5.0
evaluate ot="H1.bs>-5.0" t="H1>-5.0", ctx="{'H1': None}"
22:47:34 -- collecting point 100
GetData ===>> H2,-0.0604978144090551,H1,1244.17201472004,AX,152.181310778816,L1,1.92169502594324,L2,0.245677569...
GetData ===>> H2,-0.00499423650032786,H1,1243.23834146207,AX,151.92614824646,L1,1.88465178372296,L2,0.350234413...
GetData ===>> H2,0.00278725224357553,H1,1242.83280063764,AX,152.042113870942,L1,1.9021714554896,L2,0.3939054348...
GetData ===>> H2,-0.0848273332446722,H1,1241.96907034138,AX,151.939759461946,L1,1.95784609853243,L2,0.207441429...
GetData ===>> H2,-0.219276169842695,H1,1241.80946813385,AX,151.991363731573,L1,1.94197176035992,L2,0.3196970807...
testing H1>-5.0
evaluate ot="H1.bs>-5.0" t="H1>-5.0", ctx="{'H1': None}"
GetData ===>> H2,-0.16769039098002,H1,1241.29470680302,AX,151.49467214222,L1,1.93496921962101,L2,0.241385230005...
GetData ===>> H2,-0.230324196298945,H1,1240.98334962119,AX,151.667312829602,L1,1.94375520231459,L2,0.2577450963...
GetData ===>> H2,-0.0426402529239925,H1,1240.29575329818,AX,151.76159331173,L1,1.96727253351102,L2,0.2731848842...
GetData ===>> H2,-0.0352038232402213,H1,1239.71184115913,AX,151.603911584858,L1,1.94389068202257,L2,0.322470724...
GetData ===>> H2,-0.0304128387248888,H1,1239.52387015427,AX,151.705262395062,L1,1.91604256954512,L2,0.283955081...
testing H1>-5.0
evaluate ot="H1.bs>-5.0" t="H1>-5.0", ctx="{'H1': None}"
GetData ===>> H2,-0.106510018865803,H1,1238.93859564075,AX,151.679487151254,L1,1.9224820660867,L2,0.27571759712...
GetData ===>> H2,-0.0844562331876301,H1,1238.51454936204,AX,151.515235661457,L1,1.93703862917894,L2,0.366837106...
GetData ===>> H2,-0.0934536327870972,H1,1238.04424917162,AX,151.392968568251,L1,1.8705610681986,L2,0.2607960916...
GetData ===>> H2,-0.0536915072979469,H1,1238.02924818263,AX,151.493063464411,L1,1.88947375891048,L2,0.403078421...
GetData ===>> H2,-0.141798635748002,H1,1236.9373406689,AX,151.468156012308,L1,1.94680455569995,L2,0.27945974593...
testing H1>-5.0
evaluate ot="H1.bs>-5.0" t="H1>-5.0", ctx="{'H1': None}"
GetData ===>> H2,-0.180803872953378,H1,1236.01990925279,AX,151.281874496015,L1,1.93798597723793,L2,0.2941559397...
GetData ===>> H2,-0.158919879100388,H1,1236.20884437609,AX,151.202605437297,L1,1.92378822990473,L2,0.2518881028...
GetData ===>> H2,-0.125046447305629,H1,1236.23039799106,AX,151.194855718369,L1,1.885156844039,L2,0.297556467215...
GetData ===>> H2,-0.129733321915514,H1,1235.0723178885,AX,151.22461983108,L1,1.86413620420659,L2,0.340803902873...
GetData ===>> H2,-0.113899406725461,H1,1234.16677765479,AX,151.194031300622,L1,1.93449566486536,L2,0.2527101154...
testing H1>-5.0
evaluate ot="H1.bs>-5.0" t="H1>-5.0", ctx="{'H1': None}"
GetData ===>> H2,-0.0792094245023174,H1,1234.50028732868,AX,150.993441581686,L1,1.95747207460963,L2,0.250586597...
measurement finished
estimated time: 125.829 actual time: :126.393
flush and close file /Users/jan/PychronDev/data/isotopes/ea/f1be08-31f9-44d8-ada1-ee330bf69b7b.h5
baselines () {'settling_time': 15.0, 'detector': 'H1', 'mass': 34.2, 'ncounts': 60}
%%%%%%%%%%%%%%%%%%%%%%%%%%%%%%%% Baseline
build tables- baseline [Detector(H2), Detector(H1), Detector(AX), Detector(L1), Detector(L2), Detector(CDD)]
add group baseline table H2
add group baseline table H1
add group baseline table AX
add group baseline table L1
add group baseline table L2
add group baseline table CDD
flush and close file /Users/jan/PychronDev/data/isotopes/ea/f1be08-31f9-44d8-ada1-ee330bf69b7b.h5
detector Detector(H1)
POSITION 34.2 H1
Mapping mass to dac mass func: "parabolic"
H1 map mass coeffs = [-0.00063987  0.15840543  0.57094999]
H1 map mass to dac 34.2 >> 5.23999599104
GetDeflection H1 ===>> 0
GetHighVoltage ===>> 4499.94659342336
positioning 34.2 (5.2399651332) on H1
setting magnet DAC
current  : 5.879305
requested: 5.239965
Delta Dac: 0.639340
Checking detector protection. dv=0.63934
Checking detector "CDD". Protection Threshold: 0.1 (V)
ProtectDetector CDD,On ===>> OK
GetDeflection CDD ===>> 2000
Protected = 2000
SetMagnetDAC 5.2399651332 ===>> OK
Magnet settling time: 0.500
GetMagnetMoving ===>> True
GetMagnetMoving ===>> True
GetMagnetMoving ===>> True
GetMagnetMoving ===>> True
GetMagnetMoving ===>> True
GetMagnetMoving ===>> True
GetMagnetMoving ===>> True
GetMagnetMoving ===>> True
GetMagnetMoving ===>> False
ProtectDetector CDD,Off ===>> OK
GetDeflection CDD ===>> 50
Delaying 15.0s for detectors to settle
Join finished
measuring baseline. ncounts=60
"baseline" increment series count="2" fit count="1" regressing="True"
starting measurement
GetData ===>> H2,-0.272036903898523,H1,-0.0360800469813015,AX,-0.0734164388678892,L1,-0.0480338437076392,L2,-0....
GetData ===>> H2,-0.263593236484196,H1,-0.1102454529603,AX,-0.0115184885312259,L1,-0.0214204010537387,L2,-0.018...
GetData ===>> H2,-0.296404984423673,H1,-0.0474670905452389,AX,-0.0315254103124279,L1,-0.0441782469577008,L2,0.0...
GetData ===>> H2,-0.216588832601567,H1,0.0391546808733658,AX,-0.143324845947265,L1,-0.0564649101117882,L2,0.008...
testing H1>-5.0
evaluate ot="H1.bs>-5.0" t="H1>-5.0", ctx="{'H1': None}"
GetData ===>> H2,-0.226157541799783,H1,-0.0198020754039295,AX,-0.024659730224877,L1,-0.0580040833785772,L2,0.01...
GetData ===>> H2,-0.29983590962629,H1,0.00391006578188708,AX,-0.145203173602876,L1,-0.0364602162478935,L2,-0.02...
GetData ===>> H2,-0.248442910398943,H1,-0.0679605044185071,AX,-0.0496034908283873,L1,-0.0216265897577671,L2,0.0...
GetData ===>> H2,-0.300946677477569,H1,-0.0270529567658827,AX,-0.0498006034097569,L1,-0.0547866312278159,L2,-0....
GetData ===>> H2,-0.253960629161003,H1,-0.0591747204982561,AX,-0.0595165992978765,L1,-0.0168495989350067,L2,-0....
testing H1>-5.0
evaluate ot="H1.bs>-5.0" t="H1>-5.0", ctx="{'H1': None}"
GetData ===>> H2,-0.252172339190944,H1,-0.0307259001704139,AX,-0.105115483246554,L1,0.0200362944811201,L2,-0.02...
GetData ===>> H2,-0.327475028219224,H1,-0.0777825028856814,AX,-0.084474609377349,L1,-0.0248770995876722,L2,-0.0...
GetData ===>> H2,-0.288723545810424,H1,-0.028829819594489,AX,-0.0553311877849488,L1,-0.0318420215547216,L2,-0.0...
GetData ===>> H2,-0.129353523274807,H1,0.0302886689083739,AX,-0.0819941647415056,L1,-0.0231441044966591,L2,-0.0...
GetData ===>> H2,-0.139891622469449,H1,-0.0359011825587839,AX,-0.1668361106677,L1,-0.0191988093478728,L2,-0.049...
testing H1>-5.0
evaluate ot="H1.bs>-5.0" t="H1>-5.0", ctx="{'H1': None}"
GetData ===>> H2,-0.249517617948908,H1,-0.0338024827876591,AX,-0.111998663988513,L1,-0.0301186106247265,L2,-0.0...
GetData ===>> H2,-0.198108429843161,H1,-0.00662273057570035,AX,-0.0815073410814095,L1,-0.0567964627033104,L2,-0...
GetData ===>> H2,-0.215595176208769,H1,0.0323052298354167,AX,-0.0446987374434437,L1,-0.0642062596566861,L2,0.01...
GetData ===>> H2,-0.118528651227333,H1,0.02939375843265,AX,-0.0592151629330657,L1,-0.071939253486144,L2,-0.0194...
GetData ===>> H2,-0.153663230660414,H1,0.0407537491058598,AX,-0.133979046934659,L1,-0.0437807526767981,L2,-0.08...
testing H1>-5.0
evaluate ot="H1.bs>-5.0" t="H1>-5.0", ctx="{'H1': None}"
GetData ===>> H2,-0.0991970957151379,H1,-0.027124508898768,AX,-0.0637829830944689,L1,-0.0242527284355159,L2,-0....
GetData ===>> H2,-0.232119624653619,H1,-0.00344988704978884,AX,-0.0406750317707755,L1,-0.000662463469134533,L2,...
GetData ===>> H2,-0.240205021102543,H1,0.0593597112260149,AX,-0.154211685410706,L1,-0.0231968418087759,L2,0.002...
GetData ===>> H2,-0.242820213046235,H1,0.020134887589829,AX,-0.150675625167484,L1,-0.0559406277167921,L2,-0.025...
GetData ===>> H2,-0.230663384535031,H1,0.00812110875256802,AX,0.0681621445969138,L1,-0.0326072219062674,L2,-0.0...
testing H1>-5.0
evaluate ot="H1.bs>-5.0" t="H1>-5.0", ctx="{'H1': None}"
22:48:40 -- collecting point 25
GetData ===>> H2,-0.177411126772681,H1,-0.045452095510856,AX,-0.00943057276149039,L1,-0.0115736865692244,L2,0.0...
GetData ===>> H2,-0.15447667776056,H1,0.000927847883525246,AX,-0.0750045343462066,L1,-0.00804265691606259,L2,0....
GetData ===>> H2,-0.107731764145392,H1,0.0306824320519318,AX,-0.161295012836717,L1,-0.0331676133884546,L2,-0.02...
GetData ===>> H2,-0.204548670170501,H1,0.0142650161145898,AX,-0.0489657709178939,L1,-0.030877953859024,L2,0.009...
GetData ===>> H2,-0.198517036317029,H1,-0.0839684366989111,AX,-0.0210179398152587,L1,-0.012080758201307,L2,-0.0...
testing H1>-5.0
evaluate ot="H1.bs>-5.0" t="H1>-5.0", ctx="{'H1': None}"
GetData ===>> H2,-0.179963203622492,H1,0.0368635231425831,AX,-0.15232193806077,L1,0.00781134915035021,L2,-0.134...
GetData ===>> H2,-0.237477295139838,H1,-0.00657501938776659,AX,-0.0676434354843235,L1,-0.00620651163328047,L2,0...
GetData ===>> H2,-0.215315105513256,H1,0.0313506397183307,AX,-0.084949827533532,L1,-0.0115461145661109,L2,0.047...
GetData ===>> H2,-0.117785880008357,H1,0.0502651528064614,AX,-0.0862363821133447,L1,-0.0557431169768214,L2,-0.0...
GetData ===>> H2,-0.157335440675072,H1,0.0119505679077704,AX,-0.115382136591073,L1,-0.0647444623138965,L2,-0.02...
testing H1>-5.0
evaluate ot="H1.bs>-5.0" t="H1>-5.0", ctx="{'H1': None}"
GetData ===>> H2,-0.200571981761168,H1,-0.064849209183193,AX,-0.12520744475835,L1,-0.0337255790006502,L2,-0.091...
GetData ===>> H2,-0.164055286697101,H1,-0.0617020535201849,AX,-0.0628091510945571,L1,-0.0249861508416339,L2,0.0...
GetData ===>> H2,-0.0750067097179292,H1,0.0509692951493836,AX,-0.100665491054633,L1,0.0249776205835139,L2,0.025...
GetData ===>> H2,-0.0791308326703187,H1,-0.0268502254449963,AX,0.0123792245616462,L1,0.0081221318738191,L2,-0.0...
GetData ===>> H2,-0.210497611577078,H1,-0.0364854718223338,AX,-0.0867000012155079,L1,-0.0184709605321152,L2,0.0...
testing H1>-5.0
evaluate ot="H1.bs>-5.0" t="H1>-5.0", ctx="{'H1': None}"
GetData ===>> H2,-0.23579169241168,H1,0.135826987806831,AX,-0.0815884785272463,L1,-0.0380057341946168,L2,-0.040...
GetData ===>> H2,-0.171356709663476,H1,0.0647189651225457,AX,0.063882620704379,L1,-0.0332777721429133,L2,0.0801...
GetData ===>> H2,-0.202983774206472,H1,0.00349254992755301,AX,-0.0611049216435286,L1,-0.019881044857212,L2,-0.0...
GetData ===>> H2,-0.319725442057114,H1,-0.0753151740432443,AX,-0.0397821408106781,L1,-0.0204577315854949,L2,-0....
GetData ===>> H2,-0.198657280681851,H1,-0.00470233729796805,AX,-0.11218406279491,L1,-0.00371620675467143,L2,-0....
testing H1>-5.0
evaluate ot="H1.bs>-5.0" t="H1>-5.0", ctx="{'H1': None}"
GetData ===>> H2,-0.151399109570427,H1,-0.0665896391290886,AX,-0.114014857036551,L1,-0.0370640748006523,L2,-0.0...
GetData ===>> H2,-0.109845069031525,H1,-0.00964041700368663,AX,-0.00902458393852878,L1,-0.0288129811028091,L2,-...
GetData ===>> H2,-0.132129163187469,H1,-0.0158067107222547,AX,0.0551038067099601,L1,-0.00749100900895526,L2,0.0...
GetData ===>> H2,-0.277689363959244,H1,0.00504333187907338,AX,0.0415516659566358,L1,-0.0139973301007856,L2,0.03...
GetData ===>> H2,-0.238798246890287,H1,0.0185600102397434,AX,-0.108128383232278,L1,-0.0145953600572856,L2,-0.00...
testing H1>-5.0
evaluate ot="H1.bs>-5.0" t="H1>-5.0", ctx="{'H1': None}"
22:49:06 -- collecting point 50
GetData ===>> H2,-0.265037253234103,H1,-0.113986834102131,AX,-0.0886239968825227,L1,-0.0643079223691804,L2,-0.0...
GetData ===>> H2,-0.248485954470441,H1,0.00101134877568145,AX,-0.0895743903419636,L1,-0.0533581430287091,L2,-0....
GetData ===>> H2,-0.235287173409406,H1,0.0384267552864916,AX,-0.105706482523132,L1,-0.065161848507044,L2,-0.011...
GetData ===>> H2,-0.21410856780932,H1,0.0513034661295599,AX,-0.0664957494203615,L1,-0.0208605534311762,L2,-0.05...
GetData ===>> H2,-0.278348722608143,H1,0.0224733875431539,AX,-0.110724037629786,L1,0.000294046589272378,L2,-0.0...
testing H1>-5.0
evaluate ot="H1.bs>-5.0" t="H1>-5.0", ctx="{'H1': None}"
GetData ===>> H2,-0.182192257535342,H1,-0.0455355576490788,AX,-0.0751900036606607,L1,-0.00491465289983674,L2,0....
GetData ===>> H2,-0.16471544242748,H1,0.0389518158335768,AX,-0.143150924885136,L1,-0.0074058606605414,L2,0.0572...
GetData ===>> H2,-0.273857337601811,H1,0.0756768013154165,AX,-0.172527579137377,L1,-0.0169959159579627,L2,0.009...
GetData ===>> H2,-0.186175665806046,H1,-0.036676259414503,AX,-0.00915218060825716,L1,-0.0449432594660177,L2,0.0...
GetData ===>> H2,-0.201813667468315,H1,0.00535349115236023,AX,-0.0926804895797377,L1,-0.0352703649691041,L2,-0....
testing H1>-5.0
evaluate ot="H1.bs>-5.0" t="H1>-5.0", ctx="{'H1': None}"
GetData ===>> H2,-0.196047641628522,H1,0.00626011607673966,AX,-0.118777078150739,L1,-0.00579989988129919,L2,-0....
measurement finished
estimated time: 62.915 actual time: :63.182
flush and close file /Users/jan/PychronDev/data/isotopes/ea/f1be08-31f9-44d8-ada1-ee330bf69b7b.h5
activate_detectors ('H1', 'AX', 'CDD') {'peak_center': True}
peak_center () {'detector': 'H1', 'integration_time': 0.262144, 'isotope': 'Ar40'}
peak center: mean=1236.37239219 threshold=3
peak center started
setup peak center. detector=['H1', 'AX', 'CDD'], isotope=Ar40
VersionedUnpickler [<apptools.sweet_pickle.versioned_unpickler.VersionedUnpickler object at 0x20bf0b1d0>] using Updater [<apptools.sweet_pickle.updater.Updater object at 0x135230b30>]
VersionedUnpickler [<apptools.sweet_pickle.versioned_unpickler.VersionedUnpickler object at 0x20bf0b1d0>] using Updater [<apptools.sweet_pickle.updater.Updater object at 0x135230b30>]
VersionedUnpickler [<apptools.sweet_pickle.versioned_unpickler.VersionedUnpickler object at 0x201026dd0>] using Updater [<apptools.sweet_pickle.updater.Updater object at 0x135230b30>]
setting integration time = 0.524288
SetIntegrationTime 0.524288 ===>> OK
Mapping mass to dac mass func: "parabolic"
H1 map mass coeffs = [-0.00063987  0.15840543  0.57094999]
H1 map mass to dac 39.9624 >> 5.87934
GetDeflection H1 ===>> 0
GetHighVoltage ===>> 4499.94659342336
do peak center. <pychron.spectrometer.jobs.peak_center.PeakCenter object at 0x1352309b0>
doing pc
starting peak center. center dac= 5.87930537712 step_width=0.001
width = 0.001
get scan parameters. half-width=0.015,window=0.015, i=0, scalar=1
Scan parameters center=5.87931 width=0.03000 (5.86431 - 5.89431)
GetData ===>> H2,-0.226421453055601,H1,0.026625552671722,AX,-0.179795019027162,L1,0.00802973600862016,L2,-0.001...
Moving to starting dac 5.86430537712
setting magnet DAC
current  : 5.239965
requested: 5.864305
Delta Dac: 0.624340
Checking detector protection. dv=0.62434
Checking detector "CDD". Protection Threshold: 0.1 (V)
ProtectDetector CDD,On ===>> OK
GetDeflection CDD ===>> 2000
Protected = 2000
SetMagnetDAC 5.86430537712 ===>> OK
Magnet settling time: 0.500
GetMagnetMoving ===>> True
GetMagnetMoving ===>> True
GetMagnetMoving ===>> True
GetMagnetMoving ===>> True
GetMagnetMoving ===>> True
GetMagnetMoving ===>> True
GetMagnetMoving ===>> True
GetMagnetMoving ===>> True
GetMagnetMoving ===>> True
GetMagnetMoving ===>> False
ProtectDetector CDD,Off ===>> OK
GetDeflection CDD ===>> 50
Wait until signal near baseline. tol= 0.0199691645038. timeout= 10
GetData ===>> H2,62.9494428601382,H1,18.5379127296701,AX,0.675493880491886,L1,-0.0172471167710555,L2,0.04701620...
GetData ===>> H2,94.4382983236884,H1,43.9422580945025,AX,4.15172356124058,L1,-0.0261451039271815,L2,-0.16639665...
GetData ===>> H2,54.3354662577286,H1,21.0955813609417,AX,1.88003126100865,L1,-0.0625595327821834,L2,-0.05284285...
GetData ===>> H2,23.4934771304135,H1,10.7296758839534,AX,0.827724427322699,L1,-0.0383136113221335,L2,-0.0695024...
GetData ===>> H2,8.2878950622051,H1,5.92723689487038,AX,0.450457677200667,L1,-0.000764469845540719,L2,0.0342803...
GetData ===>> H2,2.53252535966838,H1,3.4756979420745,AX,0.244750400911639,L1,0.0133235440937718,L2,-0.090868912...
GetData ===>> H2,0.752552975019847,H1,2.32720386594301,AX,0.153786939564885,L1,-0.00205086157586278,L2,-0.10526...
GetData ===>> H2,0.337807836202765,H1,1.75012855864167,AX,0.143373329199289,L1,0.00126865216060487,L2,-0.022247...
GetData ===>> H2,0.348003482637913,H1,1.40517161092395,AX,0.0960506557353577,L1,-0.0112284316900675,L2,0.045876...
GetData ===>> H2,0.348003482637913,H1,1.40517161092395,AX,0.0960506557353577,L1,-0.0112284316900675,L2,0.045876...
GetData ===>> H2,0.374689084120926,H1,1.33810913250516,AX,0.07820338986726,L1,-0.0173884922188568,L2,-0.0784000...
GetData ===>> H2,0.391304624439416,H1,1.25723270500131,AX,0.130595564564059,L1,0.0029228168974465,L2,-0.1668749...
GetData ===>> H2,0.424688272241102,H1,1.32450526317294,AX,0.0698835097655837,L1,-0.0158524253916838,L2,0.014143...
GetData ===>> H2,0.412695646326821,H1,1.3053621876759,AX,0.0459155193273882,L1,-0.0329539907117563,L2,-0.074326...
GetData ===>> H2,0.385509146341464,H1,1.28044325697518,AX,0.0394394454784732,L1,-0.0448905844155809,L2,-0.07994...
GetData ===>> H2,0.348591489048942,H1,1.28972417880264,AX,0.0326388710527044,L1,-0.03902037527878,L2,-0.0398226...
GetData ===>> H2,0.262105047294749,H1,1.26512081540053,AX,0.173666342110029,L1,-0.00193326915667791,L2,-0.03567...
GetData ===>> H2,0.139096015775185,H1,1.29869415085999,AX,0.101127293759023,L1,0.0110617357870797,L2,-0.0948504...
GetData ===>> H2,0.0438976325479533,H1,1.25457150619781,AX,0.0162544551068257,L1,0.0139592443945183,L2,-0.06099...
GetData ===>> H2,0.00675951998402351,H1,1.395183818652,AX,0.00913064716369148,L1,0.00572223705830645,L2,-0.0100...
GetData ===>> H2,0.054804239124386,H1,1.23237361421535,AX,0.0713203185008866,L1,0.00260348672312439,L2,-0.17956...
Peak center failed to move to a baseline position
_do_sweep sm= 5.86430537712, em= 5.89430537712, stm= 0.001
calculated step values: start=5.86430537712, end=5.89430537712, width=0.001, nsteps=31.0
setting magnet DAC
current  : 5.864305
requested: 5.864305
Delta Dac: 0.000000
Checking detector protection. dv=0.00000
Checking detector "CDD". Protection Threshold: 0.1 (V)
SetMagnetDAC 5.86430537712 ===>> OK
GetData ===>> H2,0.054804239124386,H1,1.23237361421535,AX,0.0713203185008866,L1,0.00260348672312439,L2,-0.17956...
setting magnet DAC
current  : 5.864305
requested: 5.865340
Delta Dac: 0.001034
Checking detector protection. dv=0.00103
Checking detector "CDD". Protection Threshold: 0.1 (V)
SetMagnetDAC 5.86533985988 ===>> OK
Magnet settling time: 1.049
GetData ===>> H2,0.0660484275008929,H1,2.23862774917485,AX,0.189257229577772,L1,-0.00352664965387498,L2,-0.0245...
setting magnet DAC
current  : 5.865340
requested: 5.866374
Delta Dac: 0.001034
Checking detector protection. dv=0.00103
Checking detector "CDD". Protection Threshold: 0.1 (V)
SetMagnetDAC 5.86637434264 ===>> OK
Magnet settling time: 1.049
GetData ===>> H2,-0.0858200340808278,H1,7.77873169874657,AX,0.689017215131323,L1,-0.0494172364149798,L2,-0.1022...
setting magnet DAC
current  : 5.866374
requested: 5.867409
Delta Dac: 0.001034
Checking detector protection. dv=0.00103
Checking detector "CDD". Protection Threshold: 0.1 (V)
SetMagnetDAC 5.86740882539 ===>> OK
Magnet settling time: 1.049
GetData ===>> H2,0.0225560375064109,H1,27.6496416214236,AX,2.12148781041537,L1,0.0245345409426904,L2,-0.0719601...
setting magnet DAC
current  : 5.867409
requested: 5.868443
Delta Dac: 0.001034
Checking detector protection. dv=0.00103
Checking detector "CDD". Protection Threshold: 0.1 (V)
SetMagnetDAC 5.86844330815 ===>> OK
Magnet settling time: 1.049
GetData ===>> H2,0.0508949789751566,H1,92.8009702799524,AX,7.4440266805979,L1,0.0211970599821973,L2,-0.02183736...
setting magnet DAC
current  : 5.868443
requested: 5.869478
Delta Dac: 0.001034
Checking detector protection. dv=0.00103
Checking detector "CDD". Protection Threshold: 0.1 (V)
SetMagnetDAC 5.86947779091 ===>> OK
Magnet settling time: 1.049
GetData ===>> H2,0.0275191231543141,H1,248.556198039885,AX,21.3316353879328,L1,0.0893139761080808,L2,0.03954309...
setting magnet DAC
current  : 5.869478
requested: 5.870512
Delta Dac: 0.001034
Checking detector protection. dv=0.00103
Checking detector "CDD". Protection Threshold: 0.1 (V)
SetMagnetDAC 5.87051227367 ===>> OK
Magnet settling time: 1.049
GetData ===>> H2,0.0239400457071189,H1,664.128383756462,AX,64.8944076349533,L1,0.464477242994888,L2,0.239056488...
setting magnet DAC
current  : 5.870512
requested: 5.871547
Delta Dac: 0.001034
Checking detector protection. dv=0.00103
Checking detector "CDD". Protection Threshold: 0.1 (V)
SetMagnetDAC 5.87154675643 ===>> OK
Magnet settling time: 1.049
GetData ===>> H2,-0.106564292232758,H1,938.272565993448,AX,101.192452541429,L1,0.822369573644562,L2,0.089747182...
setting magnet DAC
current  : 5.871547
requested: 5.872581
Delta Dac: 0.001034
Checking detector protection. dv=0.00103
Checking detector "CDD". Protection Threshold: 0.1 (V)
SetMagnetDAC 5.87258123919 ===>> OK
Magnet settling time: 1.049
GetData ===>> H2,-0.0123995953623827,H1,1094.27940433542,AX,126.248273214272,L1,1.14235493425553,L2,0.164041942...
setting magnet DAC
current  : 5.872581
requested: 5.873616
Delta Dac: 0.001034
Checking detector protection. dv=0.00103
Checking detector "CDD". Protection Threshold: 0.1 (V)
SetMagnetDAC 5.87361572195 ===>> OK
Magnet settling time: 1.049
GetData ===>> H2,-0.101050437121721,H1,1155.14658933568,AX,138.317366328498,L1,1.38108783238045,L2,0.2801283802...
setting magnet DAC
current  : 5.873616
requested: 5.874650
Delta Dac: 0.001034
Checking detector protection. dv=0.00103
Checking detector "CDD". Protection Threshold: 0.1 (V)
SetMagnetDAC 5.8746502047 ===>> OK
Magnet settling time: 1.049
GetData ===>> H2,-0.0577126587823013,H1,1174.50529385744,AX,142.744712075913,L1,1.52575715096231,L2,0.256660440...
setting magnet DAC
current  : 5.874650
requested: 5.875685
Delta Dac: 0.001034
Checking detector protection. dv=0.00103
Checking detector "CDD". Protection Threshold: 0.1 (V)
SetMagnetDAC 5.87568468746 ===>> OK
Magnet settling time: 1.049
GetData ===>> H2,0.0449682107054163,H1,1179.00019452215,AX,143.972875456802,L1,1.64739812077207,L2,0.3184576274...
setting magnet DAC
current  : 5.875685
requested: 5.876719
Delta Dac: 0.001034
Checking detector protection. dv=0.00103
Checking detector "CDD". Protection Threshold: 0.1 (V)
SetMagnetDAC 5.87671917022 ===>> OK
Magnet settling time: 1.049
GetData ===>> H2,-0.0411178019279993,H1,1180.19265047714,AX,144.315394640708,L1,1.69018963516553,L2,0.337342871...
setting magnet DAC
current  : 5.876719
requested: 5.877754
Delta Dac: 0.001034
Checking detector protection. dv=0.00103
Checking detector "CDD". Protection Threshold: 0.1 (V)
SetMagnetDAC 5.87775365298 ===>> OK
Magnet settling time: 1.049
GetData ===>> H2,-0.219837129407896,H1,1180.19577670983,AX,144.226665106478,L1,1.78156182949106,L2,0.2604338878...
setting magnet DAC
current  : 5.877754
requested: 5.878788
Delta Dac: 0.001034
Checking detector protection. dv=0.00103
Checking detector "CDD". Protection Threshold: 0.1 (V)
SetMagnetDAC 5.87878813574 ===>> OK
Magnet settling time: 1.049
GetData ===>> H2,-0.235840166051475,H1,1180.39470690191,AX,144.24972143277,L1,1.81284129604183,L2,0.20584383404...
setting magnet DAC
current  : 5.878788
requested: 5.879823
Delta Dac: 0.001034
Checking detector protection. dv=0.00103
Checking detector "CDD". Protection Threshold: 0.1 (V)
SetMagnetDAC 5.8798226185 ===>> OK
Magnet settling time: 1.049
GetData ===>> H2,-0.139629284546074,H1,1180.47912154291,AX,144.091862544708,L1,1.87290550186049,L2,0.3046609801...
setting magnet DAC
current  : 5.879823
requested: 5.880857
Delta Dac: 0.001034
Checking detector protection. dv=0.00103
Checking detector "CDD". Protection Threshold: 0.1 (V)
SetMagnetDAC 5.88085710126 ===>> OK
Magnet settling time: 1.049
GetData ===>> H2,-0.0923266465245529,H1,1179.19222914085,AX,144.199857491218,L1,1.87593560080517,L2,0.245586240...
setting magnet DAC
current  : 5.880857
requested: 5.881892
Delta Dac: 0.001034
Checking detector protection. dv=0.00103
Checking detector "CDD". Protection Threshold: 0.1 (V)
SetMagnetDAC 5.88189158401 ===>> OK
Magnet settling time: 1.049
GetData ===>> H2,-0.0198327862691721,H1,1179.40676963735,AX,143.886729372439,L1,1.86256593625708,L2,0.260639017...
setting magnet DAC
current  : 5.881892
requested: 5.882926
Delta Dac: 0.001034
Checking detector protection. dv=0.00103
Checking detector "CDD". Protection Threshold: 0.1 (V)
SetMagnetDAC 5.88292606677 ===>> OK
Magnet settling time: 1.049
GetData ===>> H2,-0.0187498726041408,H1,1176.02629157698,AX,143.059410263426,L1,1.81390079706031,L2,0.318252373...
setting magnet DAC
current  : 5.882926
requested: 5.883961
Delta Dac: 0.001034
Checking detector protection. dv=0.00103
Checking detector "CDD". Protection Threshold: 0.1 (V)
SetMagnetDAC 5.88396054953 ===>> OK
Magnet settling time: 1.049
GetData ===>> H2,-0.0902421199691894,H1,1166.02846852826,AX,140.626915276717,L1,1.79124194258065,L2,0.324318953...
setting magnet DAC
current  : 5.883961
requested: 5.884995
Delta Dac: 0.001034
Checking detector protection. dv=0.00103
Checking detector "CDD". Protection Threshold: 0.1 (V)
SetMagnetDAC 5.88499503229 ===>> OK
Magnet settling time: 1.049
GetData ===>> H2,-0.196177126284285,H1,1128.79204831519,AX,132.683004851191,L1,1.70748735894065,L2,0.3112283926...
setting magnet DAC
current  : 5.884995
requested: 5.886030
Delta Dac: 0.001034
Checking detector protection. dv=0.00103
Checking detector "CDD". Protection Threshold: 0.1 (V)
SetMagnetDAC 5.88602951505 ===>> OK
Magnet settling time: 1.049
GetData ===>> H2,-0.106153346779419,H1,1015.24771306834,AX,110.431790104968,L1,1.47081795875324,L2,0.1862640382...
setting magnet DAC
current  : 5.886030
requested: 5.887064
Delta Dac: 0.001034
Checking detector protection. dv=0.00103
Checking detector "CDD". Protection Threshold: 0.1 (V)
SetMagnetDAC 5.88706399781 ===>> OK
Magnet settling time: 1.049
GetData ===>> H2,-0.219748294915368,H1,779.909170623135,AX,75.0149403490251,L1,1.1352308208435,L2,0.12695576530...
setting magnet DAC
current  : 5.887064
requested: 5.888098
Delta Dac: 0.001034
Checking detector protection. dv=0.00103
Checking detector "CDD". Protection Threshold: 0.1 (V)
SetMagnetDAC 5.88809848057 ===>> OK
Magnet settling time: 1.049
GetData ===>> H2,-0.312966278090431,H1,478.052041872908,AX,39.3612043326329,L1,0.750121043538008,L2,-0.09516893...
setting magnet DAC
current  : 5.888098
requested: 5.889133
Delta Dac: 0.001034
Checking detector protection. dv=0.00103
Checking detector "CDD". Protection Threshold: 0.1 (V)
SetMagnetDAC 5.88913296332 ===>> OK
Magnet settling time: 1.049
GetData ===>> H2,-0.198281044279237,H1,226.700140386302,AX,15.7353164020129,L1,0.474845585843896,L2,0.045626343...
setting magnet DAC
current  : 5.889133
requested: 5.890167
Delta Dac: 0.001034
Checking detector protection. dv=0.00103
Checking detector "CDD". Protection Threshold: 0.1 (V)
SetMagnetDAC 5.89016744608 ===>> OK
Magnet settling time: 1.049
GetData ===>> H2,-0.194612933717006,H1,82.6587412214199,AX,4.49785746048809,L1,0.305912645005469,L2,-0.07284767...
setting magnet DAC
current  : 5.890167
requested: 5.891202
Delta Dac: 0.001034
Checking detector protection. dv=0.00103
Checking detector "CDD". Protection Threshold: 0.1 (V)
SetMagnetDAC 5.89120192884 ===>> OK
Magnet settling time: 1.049
GetData ===>> H2,-0.102356805549322,H1,24.35843374305,AX,0.884045755898933,L1,0.195498567705525,L2,-0.014232423...
setting magnet DAC
current  : 5.891202
requested: 5.892236
Delta Dac: 0.001034
Checking detector protection. dv=0.00103
Checking detector "CDD". Protection Threshold: 0.1 (V)
SetMagnetDAC 5.8922364116 ===>> OK
Magnet settling time: 1.049
GetData ===>> H2,-0.295283031671729,H1,2.81561991895567,AX,-0.0272924046718895,L1,0.0940048623765217,L2,-0.0075...
setting magnet DAC
current  : 5.892236
requested: 5.893271
Delta Dac: 0.001034
Checking detector protection. dv=0.00103
Checking detector "CDD". Protection Threshold: 0.1 (V)
SetMagnetDAC 5.89327089436 ===>> OK
Magnet settling time: 1.049
GetData ===>> H2,-0.245230283370317,H1,0.418733346332867,AX,-0.135599408949875,L1,0.0452961855251361,L2,-0.0164...
setting magnet DAC
current  : 5.893271
requested: 5.894305
Delta Dac: 0.001034
Checking detector protection. dv=0.00103
Checking detector "CDD". Protection Threshold: 0.1 (V)
SetMagnetDAC 5.89430537712 ===>> OK
Magnet settling time: 1.049
GetData ===>> H2,-0.207652211686958,H1,-0.0845524453750411,AX,-0.139816121250577,L1,-0.0105378863992455,L2,-0.1...
result of _do_sweep=True
result of _calculate_peak_center=([5.8713093851340865, 5.8789747157954091, 5.8866400464567317], [875.36773860646917, 1180.4786140400581, 876.35552719635166], 5.8798163991621415, 1180.4786140400581)
Failed to find a valid peak. No peak greater than 1.0. max = 0.0404539070536
new center pos Detector(H1) (Ar40) @ 5.8789747158
GetHighVoltage ===>> 4499.94659342336
GetDeflection H1 ===>> 0
dac uncorrected for HV and deflection 5.87900933673
update mftable H1 Ar40 5.87900933673 message=automated run peakcenter
get initial guess parabolic
get initial guess parabolic
get initial guess parabolic
get initial guess parabolic
get initial guess parabolic
get initial guess parabolic
dump mftable to /Users/jan/PychronDev/setupfiles/spectrometer/mftables/mftable.csv
add to repo msg=modified - automated run peakcenter
locally archiving mftable
setting magnet DAC
current  : 5.894305
requested: 5.878975
Delta Dac: 0.015331
Checking detector protection. dv=0.01533
Checking detector "CDD". Protection Threshold: 0.1 (V)
SetMagnetDAC 5.8789747158 ===>> OK
Magnet settling time: 0.500
sweep finished
setting integration time = 1.048576
SetIntegrationTime 1.048576 ===>> OK
Failed to find a valid peak. No peak greater than 1.0. max = 0.0404539070536
flush and close file /Users/jan/PychronDev/data/isotopes/ea/f1be08-31f9-44d8-ada1-ee330bf69b7b.h5
finished measure script
executed snippet estimated_duration=226.132928, duration=272.881799936
jan_unknown120_60.py completed successfully
Measurement Finished
22:50:05 -- ******* Measurement Finished *******
Post Measurement Started jan_pump_ms.py
22:50:05 -- ******* Post Measurement Started jan_pump_ms.py *******
testing...
no interpolation path defined
executed snippet estimated_duration=0, duration=3.00407409668e-05
Pumping spectrometer
open () {'name': 'O'}
opening name=O desc=---
checking ownership. requestor=129.138.12.150
check software interlocks O
interlocks []
actuate state mode=None-script, software_lock=False
doing actuation None-script open_channel True
Open O ===>> OK
GetIndicatorState O ===>> OK
change switch state (True, True)
update switch state O True args=() kw={} ncanvase=2
22:50:05 -- OPEN   VALVE-O (Jan Ion Pump)
---------------------------------------- open O () result=[(True, True)], time=0.12 sec
action=open, ok=True, locked=[False]
executed snippet estimated_duration=0, duration=0.378392219543
jan_pump_ms.py completed successfully
setting _ms_pumptime
Post Measurement Finished
22:50:05 -- ******* Post Measurement Finished *******
$$$$$$$$$$$$$$$$$$$$ state at run end measurement
state changed from measurement to success
post measurement save measured=True aborted=False
Set filtering
setting fod for Ar40= {'filter_outliers': True, 'std_devs': 2, 'iterations': 1}
setting fod for H1= {'filter_outliers': True, 'std_devs': 2, 'iterations': 1}
setting fod for PM41= {'filter_outliers': False, 'std_devs': 2, 'iterations': 1}
setting fod for H2= {'filter_outliers': True, 'std_devs': 2, 'iterations': 1}
setting fod for Ar36= {'filter_outliers': True, 'std_devs': 2, 'iterations': 1}
setting fod for CDD= {'filter_outliers': True, 'std_devs': 10, 'iterations': 1}
setting fod for Ar37= {'filter_outliers': True, 'std_devs': 2, 'iterations': 1}
setting fod for L2= {'filter_outliers': True, 'std_devs': 2, 'iterations': 1}
setting fod for Ar38= {'filter_outliers': True, 'std_devs': 2, 'iterations': 1}
setting fod for L1= {'filter_outliers': True, 'std_devs': 2, 'iterations': 1}
setting fod for Ar39= {'filter_outliers': True, 'std_devs': 2, 'iterations': 1}
setting fod for AX= {'filter_outliers': True, 'std_devs': 2, 'iterations': 1}
persistence save...
persistence save - db
post measurement save
8931437072 connecting to database sqlite:////Users/jan/PychronDev/.appdata/local_lab.db
connected to db sqlite:////Users/jan/PychronDev/.appdata/local_lab.db
create new session 8931437072
close session 8931437072
No database instance. Not saving post measurement to isotopedb database
$$$$$$$$$$$$$$$ auto_save_detector_ic=False
massspec enabled True
create new session 4985539184
MassSpec Database Version: 16.0
close session 4985539184
saving post measurement to secondary database
saving to massspec database 129.138.12.160/massspecdata
setting labnumber to 25335
setting aliquot to 4
setting step to 
setting uuid to eaf1be08-31f9-44d8-ada1-ee330bf69b7b
setting irradpos to 25335
setting extract_device to Fusions CO2
setting tray to 
setting position to 148
setting power_requested to 5.0
setting extract_value to 5.0
setting duration to 30.0
setting duration_at_request to 30.0
setting first_stage_delay to 30.0
setting cleanup to 30.0
setting comment to L:16
setting irradiation to NM-288
setting level to L
setting irradiation_level to L
setting sample to FC-2
setting material to 
setting project to 
setting mass_spectrometer to jan
no attribute chron_dosages
no attribute production_ratios
no attribute interference_corrections
no attribute production_name
no attribute j
Reference Isotope=Ar40
Reference Detector=H1
%%%%%%%%%%%%%%%%%%%% Comment: L:16 %%%%%%%%%%%%%%%%%%%
adding isotope PM41 H2
add baseline dbdet= PM41. original det= H2
get baseline data PM41 H2
Get data baseline <pychron.processing.isotope.Baseline object at 0x20dd87690> len t=60
baseline PM41. v=-0.212174736993, e=0.00742853942549
get signal data PM41 H2
Get data signal PM41 0.12+/-0.07 len t=120
adding isotope Ar40 H1
add baseline dbdet= Ar40. original det= H1
get baseline data Ar40 H1
Get data baseline <pychron.processing.isotope.Baseline object at 0x20dd87ed0> len t=60
baseline Ar40. v=-0.00456064283158, e=0.00534106302399
get signal data Ar40 H1
Get data signal Ar40 1298.87+/-0.08 len t=120
adding isotope Ar39 AX
add baseline dbdet= Ar39. original det= AX
get baseline data Ar39 AX
Get data baseline <pychron.processing.isotope.Baseline object at 0x20dd87d10> len t=60
baseline Ar39. v=-0.0840490244552, e=0.00602445555634
get signal data Ar39 AX
Get data signal Ar39 158.320+/-0.021 len t=120
adding isotope Ar38 L1
add baseline dbdet= Ar38. original det= L1
get baseline data Ar38 L1
Get data baseline <pychron.processing.isotope.Baseline object at 0x20dd87b50> len t=60
baseline Ar38. v=-0.0284158636548, e=0.00261532453641
get signal data Ar38 L1
Get data signal Ar38 2.050+/-0.005 len t=120
adding isotope Ar37 L2
add baseline dbdet= Ar37. original det= L2
get baseline data Ar37 L2
Get data baseline <pychron.processing.isotope.Baseline object at 0x20dd87950> len t=60
baseline Ar37. v=-0.0171170668099, e=0.00595353241758
get signal data Ar37 L2
Get data signal Ar37 0.339+/-0.011 len t=120
adding isotope Ar36 CDD
add baseline dbdet= Ar36. original det= CDD
get baseline data Ar36 CDD
Get data baseline <pychron.processing.isotope.Baseline object at 0x20dd877d0> len t=60
baseline Ar36. v=0.000253071203397, e=2.65498075896e-05
get signal data Ar36 CDD
Get data signal Ar36 0.0316+/-0.0005 len t=120
25335-04 added analysis time 0.521828889847s
analysis added to mass spec database
mass spec save time= 0.533
persistence save - dvc
================= post measurement started
create new session 4989601072
close session 4989601072
---------------- Experiment Queue saving disabled
DVC saving peakcenter
Failed to find a valid peak. No peak greater than 1.0. max = 0.0404539070536
Smart pull ahead: 0 behind: 0
Up-to-date with origin
add to repo msg=modified - ad8224ebc6dbfeb9f5997218dfa5fe690569839d.json
add to repo msg=modified - 35-04.json
add to repo msg=modified - 35-04.dat.json
add to repo msg=modified - 35-04.blan.json
add to repo msg=modified - 35-04.inte.json
add to repo msg=modified - 35-04.icfa.json
add to repo msg=modified - 35-04.base.json
not at valid file /Users/jan/PychronDev/data/.dvc/repositories/Load1791/253/tags/35-04.tags.json
add to repo msg=modified - 35-04.peak.json
add to repo msg=modified - 35-04.extr.json
not at valid file /Users/jan/PychronDev/data/.dvc/repositories/Load1791/253/monitor/35-04.moni.json
commit message=<COLLECTION>
add to repo msg=modified - 35-04.inte.json
add to repo msg=modified - 35-04.base.json
commit message=<ISOEVO> default collection fits
add to repo msg=modified - 35-04.blan.json
commit message=<BLANKS> preceding bu-FC-J-7765
add to repo msg=modified - 35-04.icfa.json
commit message=<ICFactor> default
push repository <pychron.git_archive.repo_manager.GitRepoManager object at 0x201e58dd0>
pushing to remote=origin, url=https://github.com
no changes to meta repo
create new session 4989601072
add association Load1791
get identifier "25335"
setting analysis irradiation position=<pychron.dvc.dvc_orm.IrradiationPositionTbl object at 0x20bc0ad10>
close session 4989601072
================= post measurement finished
22:50:18 -- ******* Post Run Check *******
loading queue conditionals post_run_actions
loading system conditionals post_run_actions
loading conditionals from /Users/jan/PychronDev/setupfiles/spectrometer/default_conditionals.yaml
loading queue conditionals post_run_terminations
loading system conditionals post_run_terminations
loading conditionals from /Users/jan/PychronDev/setupfiles/spectrometer/default_conditionals.yaml
Checking default post run terminations n=1
GetDeflection CDD ===>> 50
testing CDD==2000
evaluate ot="CDD.deflection==2000" t="CDD==2000", ctx="{'CDD': 50.0}"
22:50:18 -- ******* Post Run Check Passed *******
22:50:18 -- Automated run 25335-04 success duration: 364.207 s
----------------- finish -----------------
----------------- stop -----------------
retroactive repository identifiers disabled
finish run. runs completed=190
update duration runid=25335-04, duration=364.206587076, md5=301e91d8
write rem/ex queues
/Users/jan/PychronDev/experiments/rem/CurrentExperiment.rem.txt
/Users/jan/PychronDev/experiments/rem/CurrentExperiment.ex.txt
doing event level: 3
