do run
loading script "jan_unknown120_60.py"
loading script "jan_pump_ms.py"
loading script "jan_co2.py"
loading script "jan_pump_extraction_line.py"
testing...
no interpolation path defined
executed snippet estimated_duration=213.652928, duration=0.000283002853394
script duration name:unknown120_60 seconds:214.0
loading script "jan_unknown120_60.py"
loading script "jan_pump_ms.py"
loading script "jan_co2.py"
loading script "jan_pump_extraction_line.py"
testing...
no interpolation path defined
executed snippet estimated_duration=0, duration=2.50339508057e-05
loading script "jan_unknown120_60.py"
loading script "jan_pump_ms.py"
loading script "jan_co2.py"
loading script "jan_pump_extraction_line.py"
testing...
no interpolation path defined
calculate duration
testing...
no interpolation path defined
executed snippet estimated_duration=0, duration=5.91278076172e-05
calculate duration
testing...
no interpolation path defined
executed snippet estimated_duration=0, duration=9.79900360107e-05
executed snippet estimated_duration=0.0, duration=0.00223898887634
script duration name:co2 seconds:0.0
loading script "jan_unknown120_60.py"
loading script "jan_pump_ms.py"
loading script "jan_co2.py"
loading script "jan_pump_extraction_line.py"
testing...
no interpolation path defined
calculate duration
testing...
no interpolation path defined
executed snippet estimated_duration=4.0, duration=0.000156164169312
executed snippet estimated_duration=4.0, duration=0.00124502182007
Script duration 214.0
Run total estimated duration= 215.000
run duration: 0:03:35
doing event level: 2
02:50:07 -- Setting default integration. t=1.048576
setting integration time = 1.048576
SetIntegrationTime 1.048576 ===>> OK
----------------- start -----------------
**************** Experiment Type: Ar/Ar, Ar/Ar
create new session 4436069840
close session 4436069840
$$$$$ Clearing conditionals
adding conditionals 
Add queue conditionals
add default conditionals
adding default conditionals from /Users/jan/PychronDev/setupfiles/spectrometer/default_conditionals.yaml
Start automated run 25339-04
loading script "jan_unknown120_60.py"
loading script "jan_pump_ms.py"
loading script "jan_co2.py"
loading script "jan_pump_extraction_line.py"
%%%%%%%%%%%%%%%%%% setting automated run 25339-04
No value "sensitivity_multiplier" in metadata
$$$$$$$$$$$$$$$ auto_save_detector_ic=False
============================= Pre Extraction Check =============================
loading queue conditionals pre_run_terminations
loading system conditionals pre_run_terminations
loading conditionals from /Users/jan/PychronDev/setupfiles/spectrometer/default_conditionals.yaml
02:50:07 -- ******* Pre Extraction Check *******
Get a measurement from the spectrometer
GetData ===>> H2,-0.118647706576268,H1,0.0208030248596504,AX,-0.0173760131353951,L1,-0.0179409287558418,L2,0.04...
Pre Extraction Termination data. keys=H2,H1,AX,L1,L2,CDD, signals=-0.11865,0.02080,-0.01738,-0.01794,0.04112,0.00461
02:50:07 -- testing system defined conditionals
Checking default pre extraction terminations n=2
testing CDD
evaluate ot="CDD.inactive" t="CDD", ctx="{'CDD': False}"
GetDeflection CDD ===>> 50
testing CDD==2000
evaluate ot="CDD.deflection==2000" t="CDD==2000", ctx="{'CDD': 50.0}"
02:50:07 -- ******* Pre Extraction Check Passed *******
=================================================================================
02:50:07 -- stopping status monitor
stop 4982387056
Alive clients [4989850544]
02:50:07 -- starting status monitor
start 4982387056
Monitor already running
start extraction
do extraction
Analysis started at 02:50:07.827980
Extraction Started jan_co2.py
02:50:07 -- ******* Extraction Started jan_co2.py *******
state changed from not run to extraction
DO EXTRACTION <pychron.extraction_line.pyscript_runner.RemotePyScriptRunner object at 0x12c299590>
testing...
no interpolation path defined
calculate duration
testing...
no interpolation path defined
executed snippet estimated_duration=0, duration=6.38961791992e-05
calculate duration
testing...
no interpolation path defined
executed snippet estimated_duration=0, duration=9.29832458496e-05
executed snippet estimated_duration=100.0, duration=0.00297689437866
Jan CO2 laser analysis
doing GOSUB
testing...
no interpolation path defined
executed snippet estimated_duration=0, duration=4.81605529785e-05
Waiting for CO2 access
wait ('FelixCO2Flag', 0) {}
waiting for FelixCO2Flag = 0
Read FelixCO2Flag ===>> 0
finished waiting
CO2 free
wait ('CO2PumpTimeFlag', 0) {}
waiting for CO2PumpTimeFlag = 0
Read CO2PumpTimeFlag ===>> 0
finished waiting
acquire ('JanCO2Flag',) {'clear': True}
acquire JanCO2Flag
Set JanCO2Flag 1 ===>> OK
JanCO2Flag acquired
set extraction state False (0.75, 'red', 1.5)
CO2 acquired
executed snippet estimated_duration=0, duration=0.018187046051
WaitForCO2Access.py completed successfully
gosub finished
doing GOSUB
testing...
no interpolation path defined
executed snippet estimated_duration=0, duration=9.79900360107e-05
Prepare for CO2 analysis
close () {'description': 'Jan Inlet'}
closing name=--- desc=Jan Inlet
checking ownership. requestor=129.138.12.150
check software interlocks R
interlocks []
actuate state mode=None-script, software_lock=False
doing actuation None-script close_channel False
Close R ===>> OK
GetIndicatorState R ===>> False
change switch state (True, True)
update switch state R False args=() kw={} ncanvase=2
02:50:08 -- CLOSE  VALVE-R (Jan Inlet)
---------------------------------------- close None (Jan Inlet) result=[(True, True)]
action=close, ok=True, locked=[False]
open () {'description': 'Jan Ion Pump'}
opening name=--- desc=Jan Ion Pump
checking ownership. requestor=129.138.12.150
check software interlocks O
interlocks []
actuate state mode=None-script, software_lock=False
doing actuation None-script open_channel False
Open O ===>> OK
GetIndicatorState O ===>> OK
change switch state (True, True)
update switch state O True args=() kw={} ncanvase=2
02:50:08 -- OPEN   VALVE-O (Jan Ion Pump)
---------------------------------------- open None (Jan Ion Pump) result=[(True, True)], time=0.09 sec
action=open, ok=True, locked=[False]
close () {'description': 'Microbone to Minibone'}
closing name=--- desc=Microbone to Minibone
checking ownership. requestor=129.138.12.150
check software interlocks L
interlocks []
actuate state mode=None-script, software_lock=False
doing actuation None-script close_channel False
Close L ===>> OK
GetIndicatorState L ===>> False
change switch state (True, True)
update switch state L False args=() kw={} ncanvase=2
02:50:09 -- CLOSE  VALVE-L (Microbone to Minibone)
---------------------------------------- close None (Microbone to Minibone) result=[(True, True)]
action=close, ok=True, locked=[False]
open () {'description': 'Microbone to Turbo'}
opening name=--- desc=Microbone to Turbo
checking ownership. requestor=129.138.12.150
check software interlocks U
interlocks []
actuate state mode=None-script, software_lock=False
doing actuation None-script open_channel False
Open U ===>> OK
GetIndicatorState U ===>> OK
change switch state (True, True)
update switch state U True args=() kw={} ncanvase=2
02:50:09 -- OPEN   VALVE-U (Microbone to Turbo)
---------------------------------------- open None (Microbone to Turbo) result=[(True, True)], time=0.14 sec
action=open, ok=True, locked=[False]
open () {'description': 'Microbone to Inlet Pipette'}
opening name=--- desc=Microbone to Inlet Pipette
checking ownership. requestor=129.138.12.150
check software interlocks S
interlocks []
actuate state mode=None-script, software_lock=False
doing actuation None-script open_channel False
Open S ===>> OK
GetIndicatorState S ===>> OK
change switch state (True, True)
update switch state S True args=() kw={} ncanvase=2
02:50:10 -- OPEN   VALVE-S (Microbone to Inlet Pipette)
---------------------------------------- open None (Microbone to Inlet Pipette) result=[(True, True)], time=0.43 sec
action=open, ok=True, locked=[False]
open () {'description': 'Microbone to Getter D-50'}
opening name=--- desc=Microbone to Getter D-50
checking ownership. requestor=129.138.12.150
check software interlocks K
interlocks []
actuate state mode=None-script, software_lock=False
doing actuation None-script open_channel False
Open K ===>> OK
GetIndicatorState K ===>> OK
change switch state (True, True)
update switch state K True args=() kw={} ncanvase=2
02:50:11 -- OPEN   VALVE-K (Microbone to Getter D-50)
---------------------------------------- open None (Microbone to Getter D-50) result=[(True, True)], time=0.42 sec
action=open, ok=True, locked=[False]
open () {'description': 'Microbone to Getter NP-10'}
opening name=--- desc=Microbone to Getter NP-10
checking ownership. requestor=129.138.12.150
check software interlocks M
interlocks []
actuate state mode=None-script, software_lock=False
doing actuation None-script open_channel False
Open M ===>> OK
GetIndicatorState M ===>> OK
change switch state (True, True)
update switch state M True args=() kw={} ncanvase=2
02:50:11 -- OPEN   VALVE-M (Microbone to Getter NP-10)
---------------------------------------- open None (Microbone to Getter NP-10) result=[(True, True)], time=0.12 sec
action=open, ok=True, locked=[False]
close () {'description': 'CO2 Laser to Felix'}
closing name=--- desc=CO2 Laser to Felix
checking ownership. requestor=129.138.12.150
check software interlocks F
interlocks []
actuate state mode=None-script, software_lock=True
VALVE-F(CO2 Laser to Felix) software locked
change switch state (True, False)
---------------------------------------- close None (CO2 Laser to Felix) result=[(True, False)]
action=close, ok=True, locked=[True]
open () {'description': 'CO2 Laser to Jan'}
opening name=--- desc=CO2 Laser to Jan
checking ownership. requestor=129.138.12.150
check software interlocks A
interlocks []
actuate state mode=None-script, software_lock=False
doing actuation None-script open_channel False
Open A ===>> OK
GetIndicatorState A ===>> OK
change switch state (True, True)
update switch state A True args=() kw={} ncanvase=2
02:50:11 -- OPEN   VALVE-A (CO2 Laser to Jan)
---------------------------------------- open None (CO2 Laser to Jan) result=[(True, True)], time=0.13 sec
action=open, ok=True, locked=[False]
open () {'description': 'Microbone to CO2 Laser'}
opening name=--- desc=Microbone to CO2 Laser
checking ownership. requestor=129.138.12.150
check software interlocks T
interlocks []
actuate state mode=None-script, software_lock=False
doing actuation None-script open_channel False
Open T ===>> OK
GetIndicatorState T ===>> OK
change switch state (True, True)
update switch state T True args=() kw={} ncanvase=2
02:50:12 -- OPEN   VALVE-T (Microbone to CO2 Laser)
---------------------------------------- open None (Microbone to CO2 Laser) result=[(True, True)], time=0.41 sec
action=open, ok=True, locked=[False]
executed snippet estimated_duration=0, duration=4.89502096176
PrepareForCO2Analysis.py completed successfully
gosub finished
set_motor ('beam', '1.25') {}
setting motor "beam" to 1.25
set motor beam to 1.25
SetMotor beam,1.25 ===>> OK
GetMotorMoving beam ===>> False
GetMotorMoving beam ===>> False
Block completed
move_to_position ('172',) {'autocenter': True}
FusionsCO2 move to position 172
sending GoToHole 172,True
GoToHole 172,True ===>> OK
GetDriveMoving ===>> OK
GetDriveMoving ===>> OK
GetDriveMoving ===>> OK
GetDriveMoving ===>> OK
GetDriveMoving ===>> OK
GetDriveMoving ===>> OK
GetDriveMoving ===>> OK
GetDriveMoving ===>> False
GetDriveMoving ===>> OK
GetDriveMoving ===>> OK
GetDriveMoving ===>> OK
GetDriveMoving ===>> OK
GetDriveMoving ===>> OK
GetDriveMoving ===>> False
Block completed
GetAutoCorrecting ===>> False
GetAutoCorrecting ===>> False
Block completed
update position
GetPosition ===>> -7.97560,-7.97560,1.00000
got position (-7.9756, -7.9756, 1.0)
move to position succeeded
sleep (5,) {}
SLEEP 5.0
block started
WaitControl setup for 5.0  
Join finished
block finished. duration 5.06462621689
close () {'description': 'Microbone to Turbo'}
closing name=--- desc=Microbone to Turbo
checking ownership. requestor=129.138.12.150
check software interlocks U
interlocks []
actuate state mode=None-script, software_lock=False
doing actuation None-script close_channel True
Close U ===>> OK
GetIndicatorState U ===>> False
change switch state (True, True)
update switch state U False args=() kw={} ncanvase=2
02:50:24 -- CLOSE  VALVE-U (Microbone to Turbo)
---------------------------------------- close None (Microbone to Turbo) result=[(True, True)]
action=close, ok=True, locked=[False]
enable laser
enable () {}
set extraction state FusionsCO2 Enabled (False, 'red', 1.5)
enabling laser
Enable ===>> OK
begin interval
BEGIN INTERVAL Interval 1 waiting for 30.0
block started
set extract to 5.0
WaitControl setup for 30.0  
extract (5.0,) {}
GetPosition ===>> -7.97560,-7.97560,1.00000
set extraction state FusionsCO2 ON! 5.0(watts) (0.75, 'red', 1.5)
extract sample to 5.0 (watts)
set laser output
SetLaserOutput 5.0,watts ===>> OK
executing pattern triangle.lp
execute_pattern ('triangle.lp',) {}
executing pattern triangle.lp
IsPatterning ===>> OK
IsPatterning ===>> OK
IsPatterning ===>> OK
IsPatterning ===>> OK
IsPatterning ===>> OK
IsPatterning ===>> OK
IsPatterning ===>> OK
IsPatterning ===>> OK
IsPatterning ===>> OK
IsPatterning ===>> OK
IsPatterning ===>> OK
IsPatterning ===>> OK
IsPatterning ===>> OK
IsPatterning ===>> OK
IsPatterning ===>> OK
IsPatterning ===>> OK
IsPatterning ===>> OK
IsPatterning ===>> OK
IsPatterning ===>> OK
IsPatterning ===>> OK
IsPatterning ===>> OK
IsPatterning ===>> OK
IsPatterning ===>> OK
IsPatterning ===>> OK
IsPatterning ===>> OK
IsPatterning ===>> OK
IsPatterning ===>> False
IsPatterning ===>> False
Block completed
COMPLETE INTERVAL waiting for Interval 1 to complete
Join finished
block finished. duration 30.1638588905
Interval 1 finished
end_extract () {}
ending extraction. set laser power to 0
set laser power 0
SetLaserPower 0 ===>> OK
disable () {}
%%%%%%%%%%%%%%%%%%%%%%%%%%%%%%%%%%% disable
set extraction state False (0.75, 'red', 1.5)
disabling laser
Disable ===>> OK
sleep (30.0,) {}
SLEEP 30.0
block started
WaitControl setup for 30.0  
Join finished
block finished. duration 30.121062994
executed snippet estimated_duration=166.5, duration=77.4998099804
jan_co2.py completed successfully
GetAchievedOutput ===>> No Response
Requested Output= 0.000
Achieved Output=  0.000
GetResponseBlob ===>> No Response
GetOutputBlob ===>> No Response
persistence save...
persistence save - db
AutomatedRunPersister post_extraction_save deprecated
persistence save - dvc
no extraction position for 172
create new session 4989601072
close session 4989601072
Extraction Finished
02:51:25 -- ******* Extraction Finished *******
no overlap. not waiting for min ms pumptime
02:51:25 -- Sending spectrometer configuration
======== Sending configuration ========
SetDeflection CDD,50.0 ===>> OK
SetDeflection H2,0.0 ===>> OK
SetDeflection H1,0.0 ===>> OK
SetDeflection L2,825.0 ===>> OK
SetDeflection L1,400.0 ===>> OK
SetDeflection AX,190.0 ===>> OK
SetZFocus 74.64 ===>> OK
SetZSymmetry -50.72 ===>> OK
SetExtractionLens 26.13 ===>> OK
SetIonRepeller -3.81 ===>> OK
SetElectronEnergy 75.08 ===>> OK
SetYSymmetry -2.81 ===>> OK
SetIonCounterVoltage 1590.0 ===>> OK
send trap current 200.0
GetParameter Trap Current Readback ===>> 198.258926936459
SetParameter Trap Current Set,200.0 ===>> OK
updating mftable name mftable
Using mftable located at /Users/jan/PychronDev/setupfiles/spectrometer/mftables/mftable.csv
============ MFtable ===========
Isotope  H2     H1     AX     L1     L2     CDD    
Ar40     5.8127 5.8792 5.9928 6.1526 6.2310 6.3809
Ar39     5.7120 5.7715 5.8853 6.0387 6.1162 6.2674
Ar36     5.3895 5.4405 5.5486 5.6976 5.7711 5.9185
================================
get initial guess parabolic
get initial guess parabolic
get initial guess parabolic
get initial guess parabolic
get initial guess parabolic
get initial guess parabolic
======== Configuration Finished ========
GetYSymmetry ===>> -2.81
GetZSymmetry ===>> -50.72
GetParameter Trap Current Readback ===>> 198.258926936459
GetHighVoltage ===>> 4499.94659342336
start measurement
do measurement
L#=25339 analysis type=unknown
Measurement Started jan_unknown120_60.py
02:51:25 -- ******* Measurement Started jan_unknown120_60.py *******
state changed from extraction to measurement
setting spec, defl, and gains
GetExtractionLens ===>> 26.13
GetYSymmetry ===>> -2.81
GetZSymmetry ===>> -50.72
GetZFocus ===>> 74.64
GetDeflection H2 ===>> 0
GetDeflection H1 ===>> 0
GetDeflection AX ===>> 190
GetDeflection L1 ===>> 400
GetDeflection L2 ===>> 825
GetDeflection CDD ===>> 50
GetGain H2 ===>> 0.0113
GetGain H1 ===>> 0.1
GetGain AX ===>> 0.097049
GetGain L1 ===>> 0.010355
GetGain L2 ===>> 0.095649
GetGain CDD ===>> 0
pre measurement save
New frame /Users/jan/PychronDev/data/isotopes/23/a5051d-c4e4-4532-a01f-a2258766bcda.h5
flush and close file /Users/jan/PychronDev/data/isotopes/23/a5051d-c4e4-4532-a01f-a2258766bcda.h5
testing...
no interpolation path defined
executed snippet estimated_duration=226.132928, duration=0.000209093093872
unknown measurement script
activate_detectors ('H2', 'H1', 'AX', 'L1', 'L2', 'CDD') {}
activate detectors
*************** Set Analysis View Ar/Ar
create graphs
clearing graphs
clear isotope group
setting isotope det=H2, iso=PM41
setting isotope det=H1, iso=Ar40
setting isotope det=AX, iso=Ar39
setting isotope det=L1, iso=Ar38
setting isotope det=L2, iso=Ar37
setting isotope det=CDD, iso=Ar36
setting previous blanks
 - setting Ar40 blank 0.667+/-0.008
 - setting Ar36 blank 0.00602+/-0.00019
 - setting Ar37 blank 0.048+/-0.005
 - setting Ar38 blank 0.0167+/-0.0022
 - setting PM41 blank 0.02+/-0.06
 - setting Ar39 blank 0.035+/-0.009
load analysis view
position_magnet ('Ar40',) {'detector': 'H1'}
detector Detector(H1)
POSITION Ar40 H1
setting detector H2 to PM41 (40.9624)
setting detector H1 to Ar40 (39.9624)
setting detector AX to Ar39 (38.9624)
setting detector L1 to Ar38 (37.9624)
setting detector L2 to Ar37 (36.9624)
setting detector CDD to Ar36 (35.9624)
Mapping mass to dac mass func: "parabolic"
H1 map mass coeffs = [-0.00063987  0.15840543  0.57085999]
H1 map mass to dac 39.9624 >> 5.87925
GetDeflection H1 ===>> 0
GetHighVoltage ===>> 4499.94659342336
positioning Ar40 (5.87921537765) on H1
setting magnet DAC
current  : 5.879215
requested: 5.879215
Delta Dac: 0.000000
Checking detector protection. dv=0.00000
Checking detector "CDD". Protection Threshold: 0.1 (V)
SetMagnetDAC 5.87921537765 ===>> OK
Magnet settling time: 0.500
equilibrate () {'delay': 3, 'inlet': 'R', 'outlet': 'O', 'eqtime': 12.0}
Equilibration Started
02:51:27 -- ******* Equilibration Started *******
checking ownership. requestor=129.138.12.150
check software interlocks O
interlocks []
actuate state mode=None-script, software_lock=False
doing actuation None-script close_channel True
update labels <pychron.experiment.plot_panel.PlotPanel object at 0x213e5ee30>
update labels "<pychron.graph.stacked_regression_graph.StackedRegressionGraph object at 0x21d95b2f0>"
setting label 0 H2 PM41
setting label 1 H1 Ar40
setting label 2 AX Ar39
setting label 3 L1 Ar38
setting label 4 L2 Ar37
setting label 5 CDD Ar36
update labels "<pychron.graph.stacked_graph.StackedGraph object at 0x2237a3530>"
setting label 0 H2 PM41
setting label 1 H1 Ar40
setting label 2 AX Ar39
setting label 3 L1 Ar38
setting label 4 L2 Ar37
setting label 5 CDD Ar36
Close O ===>> OK
GetIndicatorState O ===>> False
change switch state (True, True)
update switch state O False args=() kw={} ncanvase=2
02:51:27 -- CLOSE  VALVE-O (Jan Ion Pump)
waiting 3s before opening inlet value ('R',)
checking ownership. requestor=129.138.12.150
check software interlocks R
interlocks []
actuate state mode=None-script, software_lock=False
doing actuation None-script open_channel True
Open R ===>> OK
GetIndicatorState R ===>> OK
change switch state (True, True)
update switch state R True args=() kw={} ncanvase=2
02:51:30 -- OPEN   VALVE-R (Jan Inlet)
set_time_zero () {}
equilibrating for 12.0sec
sniff (12.0,) {}
py_sniff
build tables- sniff [Detector(H2), Detector(H1), Detector(AX), Detector(L1), Detector(L2), Detector(CDD)]
add group /sniff/PM41 (Group) '' table H2
add group /sniff/Ar40 (Group) '' table H1
add group /sniff/Ar39 (Group) '' table AX
add group /sniff/Ar38 (Group) '' table L1
add group /sniff/Ar37 (Group) '' table L2
add group /sniff/Ar36 (Group) '' table CDD
flush and close file /Users/jan/PychronDev/data/isotopes/23/a5051d-c4e4-4532-a01f-a2258766bcda.h5
measuring sniff. ncounts=12.0
"sniff" increment series count="1" fit count="0" regressing="False"
starting measurement
GetData ===>> H2,-0.103014533459203,H1,10.3312463517721,AX,1.39371815992848,L1,0.0201924739628492,L2,-0.0508541...
GetData ===>> H2,0.784071044632647,H1,655.38305011972,AX,86.0896135520404,L1,0.430402595227195,L2,0.48417250704...
GetData ===>> H2,0.672239592869744,H1,1265.32335564606,AX,159.977710580187,L1,1.25326365747373,L2,0.39942282951...
GetData ===>> H2,0.264636995311231,H1,1462.06216936322,AX,180.870661023386,L1,1.7707042350827,L2,0.350771043957...
GetData ===>> H2,0.188875180013783,H1,1530.27738445772,AX,187.801858417183,L1,2.06863234258898,L2,0.43073977521...
GetData ===>> H2,0.031743408398862,H1,1557.30496279994,AX,190.023143735637,L1,2.22147188515482,L2,0.34404624965...
GetData ===>> H2,-0.023681961100628,H1,1568.8579486283,AX,191.352851668334,L1,2.29270979981945,L2,0.38022183907...
GetData ===>> H2,0.0349918345598919,H1,1573.66065843921,AX,191.961688410334,L1,2.35246844829822,L2,0.3783145146...
GetData ===>> H2,0.0232759635798181,H1,1576.06899708594,AX,191.805603082181,L1,2.38053306298133,L2,0.3493895111...
GetData ===>> H2,-0.0636757715677697,H1,1576.4736482725,AX,191.885339073149,L1,2.42627170654758,L2,0.4877136220...
GetData ===>> H2,0.0511402907420027,H1,1576.94352262488,AX,191.908420393639,L1,2.43806443097978,L2,0.3795023050...
Equilibration Finished
02:51:42 -- ******* Equilibration Finished *******
GetData ===>> H2,0.0487650762927623,H1,1576.36214603081,AX,191.977750030586,L1,2.44541628945894,L2,0.3668142672...
checking ownership. requestor=129.138.12.150
check software interlocks R
interlocks []
actuate state mode=None-script, software_lock=False
doing actuation None-script close_channel True
Close R ===>> OK
State checksums do not match. Local:-1449001502 Remote:-598318598
State checksum failed
GetIndicatorState R ===>> False
change switch state (True, True)
update switch state R False args=() kw={} ncanvase=2
02:51:43 -- CLOSE  VALVE-R (Jan Inlet)
Post Equilibration Started jan_pump_extraction_line.py
02:51:43 -- ******* Post Equilibration Started jan_pump_extraction_line.py *******
testing...
no interpolation path defined
calculate duration
testing...
no interpolation path defined
executed snippet estimated_duration=4.0, duration=0.000152111053467
executed snippet estimated_duration=4.0, duration=0.00143885612488
Pump after analysis
doing GOSUB
testing...
no interpolation path defined
executed snippet estimated_duration=4.0, duration=0.0001380443573
Pump Microbone
close () {'description': 'Jan Inlet'}
closing name=--- desc=Jan Inlet
checking ownership. requestor=129.138.12.150
check software interlocks R
interlocks []
actuate state mode=None-script, software_lock=False
doing actuation None-script close_channel False
Close R ===>> OK
measurement finished
estimated time: 12.583 actual time: :12.696
flush and close file /Users/jan/PychronDev/data/isotopes/23/a5051d-c4e4-4532-a01f-a2258766bcda.h5
set_fits () {}
using default fits file=/Users/jan/PychronDev/scripts/measurement/fits/nominal_linear.yaml
set "Ar40" to "('Linear', 'SEM')"
No fit for "PM41". defaulting to linear. check the measurement script "jan_unknown120_60.py"
set "PM41" to "linear"
set "Ar36" to "('Linear', 'SEM')"
set "Ar37" to "('linear', 'SEM')"
set "Ar38" to "('linear', 'SEM')"
set "Ar39" to "('Linear', 'SEM')"
set_baseline_fits () {}
using default fits file=/Users/jan/PychronDev/scripts/measurement/fits/nominal_linear.yaml
set "H1" to "('average', 'SEM')"
set "H2" to "('average', 'SEM')"
set "CDD" to "('average', 'SEM')"
set "L2" to "('average', 'SEM')"
set "L1" to "('average', 'SEM')"
set "AX" to "('average', 'SEM')"
multicollect () {'integration_time': 1, 'ncounts': 120}
build tables- signal [Detector(H2), Detector(H1), Detector(AX), Detector(L1), Detector(L2), Detector(CDD)]
GetIndicatorState R ===>> False
add group /signal/PM41 (Group) '' table H2
change switch state (True, True)
add group /signal/Ar40 (Group) '' table H1
update switch state R False args=() kw={} ncanvase=2
add group /signal/Ar39 (Group) '' table AX
add group /signal/Ar38 (Group) '' table L1
add group /signal/Ar37 (Group) '' table L2
add group /signal/Ar36 (Group) '' table CDD
flush and close file /Users/jan/PychronDev/data/isotopes/23/a5051d-c4e4-4532-a01f-a2258766bcda.h5
measuring signal. ncounts=120
02:51:44 -- CLOSE  VALVE-R (Jan Inlet)
---------------------------------------- close None (Jan Inlet) result=[(True, True)]
action=close, ok=True, locked=[False]
is_closed ('F',) {}
is F () closed?
is closed True
open () {'description': 'CO2 Laser to Jan'}
opening name=--- desc=CO2 Laser to Jan
checking ownership. requestor=129.138.12.150
check software interlocks A
interlocks []
actuate state mode=None-script, software_lock=False
doing actuation None-script open_channel False
Open A ===>> OK
GetIndicatorState A ===>> OK
change switch state (True, True)
update switch state A True args=() kw={} ncanvase=2
02:51:44 -- OPEN   VALVE-A (CO2 Laser to Jan)
---------------------------------------- open None (CO2 Laser to Jan) result=[(True, True)], time=0.12 sec
starting measurement
GetData ===>> H2,-0.00226162988216567,H1,1577.13149001228,AX,191.634941290766,L1,2.4706301912539,L2,0.352712074...
"signal" increment series count="2" fit count="1" regressing="True"
action=open, ok=True, locked=[False]
sleep (1,) {}
SLEEP 1.0
GetData ===>> H2,0.0777944318714266,H1,1576.87004812878,AX,191.653260946172,L1,2.46748953822739,L2,0.3288401359...
close () {'description': 'CO2 Laser to Roughing'}
closing name=--- desc=CO2 Laser to Roughing
checking ownership. requestor=129.138.12.150
check software interlocks G
interlocks []
actuate state mode=None-script, software_lock=True
VALVE-G(CO2 Laser to Roughing) software locked
change switch state (True, False)
---------------------------------------- close None (CO2 Laser to Roughing) result=[(True, False)]
action=close, ok=True, locked=[True]
open () {'description': 'Microbone to Turbo'}
opening name=--- desc=Microbone to Turbo
checking ownership. requestor=129.138.12.150
check software interlocks U
interlocks []
actuate state mode=None-script, software_lock=False
doing actuation None-script open_channel True
Open U ===>> OK
GetIndicatorState U ===>> OK
change switch state (True, True)
update switch state U True args=() kw={} ncanvase=2
02:51:45 -- OPEN   VALVE-U (Microbone to Turbo)
---------------------------------------- open None (Microbone to Turbo) result=[(True, True)], time=0.16 sec
action=open, ok=True, locked=[False]
open () {'description': 'Microbone to Getter NP-10'}
opening name=--- desc=Microbone to Getter NP-10
checking ownership. requestor=129.138.12.150
check software interlocks M
interlocks []
actuate state mode=None-script, software_lock=False
doing actuation None-script open_channel False
Open M ===>> OK
GetIndicatorState M ===>> OK
change switch state (True, True)
update switch state M True args=() kw={} ncanvase=2
02:51:46 -- OPEN   VALVE-M (Microbone to Getter NP-10)
---------------------------------------- open None (Microbone to Getter NP-10) result=[(True, True)], time=0.15 sec
action=open, ok=True, locked=[False]
open () {'description': 'Microbone to Getter D-50'}
opening name=--- desc=Microbone to Getter D-50
checking ownership. requestor=129.138.12.150
check software interlocks K
interlocks []
actuate state mode=None-script, software_lock=False
doing actuation None-script open_channel False
GetData ===>> H2,-0.0263155471827558,H1,1576.17015499314,AX,191.851228914877,L1,2.43976038193975,L2,0.302303714...
Open K ===>> OK
GetIndicatorState K ===>> OK
change switch state (True, True)
update switch state K True args=() kw={} ncanvase=2
02:51:47 -- OPEN   VALVE-K (Microbone to Getter D-50)
---------------------------------------- open None (Microbone to Getter D-50) result=[(True, True)], time=0.42 sec
action=open, ok=True, locked=[False]
open () {'description': 'Microbone to CO2 Laser'}
opening name=--- desc=Microbone to CO2 Laser
checking ownership. requestor=129.138.12.150
check software interlocks T
interlocks []
actuate state mode=None-script, software_lock=False
doing actuation None-script open_channel False
Open T ===>> OK
GetIndicatorState T ===>> OK
change switch state (True, True)
update switch state T True args=() kw={} ncanvase=2
02:51:47 -- OPEN   VALVE-T (Microbone to CO2 Laser)
---------------------------------------- open None (Microbone to CO2 Laser) result=[(True, True)], time=0.41 sec
GetData ===>> H2,-0.011070545956482,H1,1575.65917003831,AX,191.856640995975,L1,2.4575303737442,L2,0.36570657046...
action=open, ok=True, locked=[False]
open () {'description': 'Microbone to Inlet Pipette'}
opening name=--- desc=Microbone to Inlet Pipette
checking ownership. requestor=129.138.12.150
check software interlocks S
interlocks []
actuate state mode=None-script, software_lock=False
doing actuation None-script open_channel False
Open S ===>> OK
GetIndicatorState S ===>> OK
change switch state (True, True)
update switch state S True args=() kw={} ncanvase=2
02:51:48 -- OPEN   VALVE-S (Microbone to Inlet Pipette)
---------------------------------------- open None (Microbone to Inlet Pipette) result=[(True, True)], time=0.41 sec
action=open, ok=True, locked=[False]
sleep (1,) {}
SLEEP 1.0
testing H1>-5.0
evaluate ot="H1.bs>-5.0" t="H1>-5.0", ctx="{'H1': None}"
GetData ===>> H2,-0.0688007672316005,H1,1574.64915164938,AX,191.723038813713,L1,2.45215756823204,L2,0.347459965...
set_resource () {'name': 'CO2PumpTimeFlag', 'value': 30}
Set CO2PumpTimeFlag 30 ===>> OK
release ('JanCO2Flag',) {}
release JanCO2Flag
Set JanCO2Flag 0 ===>> OK
executed snippet estimated_duration=6.0, duration=5.94709587097
PumpMicrobone.py completed successfully
gosub finished
get_resource_value () {'name': 'JanMiniboneFlag'}
Read JanMiniboneFlag ===>> 0
Get Resource Value JanMiniboneFlag=0.0
get resource value 0.0
get_resource_value () {'name': 'JanMiniboneFlag'}
Read JanMiniboneFlag ===>> 0
Get Resource Value JanMiniboneFlag=0.0
executed snippet estimated_duration=4.0, duration=5.96030592918
jan_pump_extraction_line.py completed successfully
Post Equilibration Finished
02:51:49 -- ******* Post Equilibration Finished *******
GetData ===>> H2,-0.141375633543675,H1,1573.09241725224,AX,191.412808089631,L1,2.44122252035848,L2,0.5363314998...
GetData ===>> H2,-0.110903803671723,H1,1573.05621073892,AX,191.42251882484,L1,2.4425664557774,L2,0.318430134402...
GetData ===>> H2,-0.132286060444523,H1,1572.60848888222,AX,191.307793079552,L1,2.47781761798885,L2,0.5338057341...
GetData ===>> H2,-0.0747071341598976,H1,1571.6191590582,AX,191.260865599205,L1,2.45024704096315,L2,0.3735406595...
testing H1>-5.0
evaluate ot="H1.bs>-5.0" t="H1>-5.0", ctx="{'H1': None}"
GetData ===>> H2,-0.0796890939113525,H1,1571.07274825259,AX,191.252124443575,L1,2.46286570320911,L2,0.409133301...
GetData ===>> H2,-0.0548257222129211,H1,1570.93712615788,AX,191.325180446248,L1,2.41065332184065,L2,0.304198114...
GetData ===>> H2,-0.0111154026197249,H1,1570.16944982615,AX,191.107285946796,L1,2.41433489380355,L2,0.283966491...
GetData ===>> H2,-0.050949116652455,H1,1568.98351386934,AX,191.028288195781,L1,2.43345816719073,L2,0.3888795132...
GetData ===>> H2,-0.0483648845189249,H1,1568.72446710405,AX,190.98342304408,L1,2.45513749653017,L2,0.4306483573...
testing H1>-5.0
evaluate ot="H1.bs>-5.0" t="H1>-5.0", ctx="{'H1': None}"
GetData ===>> H2,-0.0355975504234763,H1,1567.67518875552,AX,190.818716612444,L1,2.46439689494999,L2,0.323189830...
GetData ===>> H2,-0.12459347396747,H1,1567.09973370583,AX,191.054403048541,L1,2.44349344739292,L2,0.41035574840...
GetData ===>> H2,-0.223413038038966,H1,1566.39771705197,AX,190.927677927851,L1,2.43469077069923,L2,0.2778966964...
GetData ===>> H2,-0.122283704954096,H1,1566.03207578577,AX,190.421360539518,L1,2.44754807998356,L2,0.4341680081...
GetData ===>> H2,-0.0838047472245645,H1,1564.90407832256,AX,190.539641467335,L1,2.45862469849776,L2,0.365752248...
testing H1>-5.0
evaluate ot="H1.bs>-5.0" t="H1>-5.0", ctx="{'H1': None}"
GetData ===>> H2,-0.124528568844335,H1,1564.54293975577,AX,190.336425808576,L1,2.45730156154731,L2,0.3163528352...
GetData ===>> H2,-0.0398367229714262,H1,1563.86532277243,AX,190.627333059355,L1,2.4263496933459,L2,0.3541964177...
GetData ===>> H2,-0.00460390418806626,H1,1563.38589441204,AX,190.517098856832,L1,2.45559907512403,L2,0.40915615...
GetData ===>> H2,-0.0103133932374508,H1,1563.16753421951,AX,190.359044889456,L1,2.42144160958344,L2,0.404323638...
GetData ===>> H2,-0.0822551171245976,H1,1561.89962399943,AX,190.348194483558,L1,2.42313923431829,L2,0.359266195...
testing H1>-5.0
evaluate ot="H1.bs>-5.0" t="H1>-5.0", ctx="{'H1': None}"
02:52:09 -- collecting point 25
GetData ===>> H2,-0.043184323760513,H1,1562.03153057032,AX,190.112767552936,L1,2.4306586291372,L2,0.31206141484...
GetData ===>> H2,-0.0372849924868122,H1,1561.3463500804,AX,189.836474509401,L1,2.45262885438124,L2,0.2831564023...
GetData ===>> H2,-0.0275573885524736,H1,1560.20230819163,AX,189.890987497593,L1,2.42937680434218,L2,0.344913938...
GetData ===>> H2,-0.0791037319126619,H1,1559.4837680807,AX,189.910949670372,L1,2.42756797089511,L2,0.3777891505...
GetData ===>> H2,-0.142922961077649,H1,1559.30583158168,AX,189.718037410229,L1,2.41199731249586,L2,0.4111669132...
testing H1>-5.0
evaluate ot="H1.bs>-5.0" t="H1>-5.0", ctx="{'H1': None}"
GetData ===>> H2,-0.120739088989343,H1,1558.82654673687,AX,189.932701859613,L1,2.39398289736153,L2,0.3861610563...
GetData ===>> H2,-0.0237621463330676,H1,1558.88829903738,AX,189.821903667714,L1,2.37481958914682,L2,0.183571559...
GetData ===>> H2,-0.0977198634377596,H1,1558.05307572704,AX,189.699299654147,L1,2.41607352798732,L2,0.271861511...
GetData ===>> H2,-0.166752367659995,H1,1557.39777486977,AX,189.589779145406,L1,2.4000588788144,L2,0.40130772656...
GetData ===>> H2,-0.142751346510493,H1,1556.48302352449,AX,189.376247425583,L1,2.40866316594745,L2,0.4513149126...
testing H1>-5.0
evaluate ot="H1.bs>-5.0" t="H1>-5.0", ctx="{'H1': None}"
GetData ===>> H2,-0.0616340631177435,H1,1555.93233214274,AX,189.201157969254,L1,2.42490836925775,L2,0.406642757...
GetData ===>> H2,0.0174470328657048,H1,1555.49118479234,AX,189.286931535729,L1,2.38661034548659,L2,0.3005577041...
GetData ===>> H2,-0.130872554303914,H1,1554.475608519,AX,189.27210678482,L1,2.36449634439523,L2,0.3189095175230...
GetData ===>> H2,-0.124285171327104,H1,1553.80275809162,AX,189.093952210593,L1,2.38059343053878,L2,0.4929569969...
GetData ===>> H2,-0.143368876553137,H1,1553.49501346025,AX,189.408455273432,L1,2.43845443679522,L2,0.3794337782...
testing H1>-5.0
evaluate ot="H1.bs>-5.0" t="H1>-5.0", ctx="{'H1': None}"
GetData ===>> H2,-0.0993866441589656,H1,1552.80996099369,AX,189.272266922618,L1,2.40686816122692,L2,0.421484158...
GetData ===>> H2,-0.096851849135431,H1,1552.16423685979,AX,189.14431110172,L1,2.41913819482909,L2,0.40420939811...
GetData ===>> H2,-0.0744821084163793,H1,1551.47077115165,AX,189.014327671302,L1,2.40518224568111,L2,0.393619864...
GetData ===>> H2,-0.119487823038972,H1,1550.59681638197,AX,189.177822408938,L1,2.38147885856436,L2,0.4678622206...
GetData ===>> H2,-0.109337328788964,H1,1550.81216384628,AX,188.890605137689,L1,2.38659423883671,L2,0.2894547380...
testing H1>-5.0
evaluate ot="H1.bs>-5.0" t="H1>-5.0", ctx="{'H1': None}"
GetData ===>> H2,-0.150089266305132,H1,1550.613407669,AX,188.600262413199,L1,2.37472162406516,L2,0.339525261066...
GetData ===>> H2,-0.0181380518236944,H1,1550.10926219027,AX,188.690566490376,L1,2.40506806928219,L2,0.470089302...
GetData ===>> H2,-0.0435574246506148,H1,1548.53288863247,AX,188.541593228112,L1,2.36415043287475,L2,0.331203089...
GetData ===>> H2,-0.0241467557945164,H1,1548.85585181753,AX,188.37423979289,L1,2.34889924715196,L2,0.3141157942...
GetData ===>> H2,0.0432561509119181,H1,1547.2456368425,AX,188.383278686178,L1,2.38186659063297,L2,0.29425863843...
testing H1>-5.0
evaluate ot="H1.bs>-5.0" t="H1>-5.0", ctx="{'H1': None}"
02:52:36 -- collecting point 50
GetData ===>> H2,-0.0786321683920557,H1,1546.06473905563,AX,188.440649082229,L1,2.38854599560553,L2,0.410104402...
GetData ===>> H2,-0.159433119412948,H1,1545.61284851458,AX,188.367141365138,L1,2.39175088546653,L2,0.3317510294...
GetData ===>> H2,-0.216232041914297,H1,1545.5006839974,AX,188.491593583602,L1,2.37618744917948,L2,0.37242146473...
GetData ===>> H2,-0.0913321106087373,H1,1545.26605798497,AX,188.133462991778,L1,2.35617864492451,L2,0.354630307...
GetData ===>> H2,-0.132379386232196,H1,1544.52116889929,AX,188.168247257738,L1,2.37641273607767,L2,0.2855638694...
testing H1>-5.0
evaluate ot="H1.bs>-5.0" t="H1>-5.0", ctx="{'H1': None}"
GetData ===>> H2,-0.235378661194519,H1,1543.42828026984,AX,188.160559961098,L1,2.3668321958481,L2,0.36883556129...
GetData ===>> H2,-0.220816053800706,H1,1543.36935725012,AX,188.17572955212,L1,2.36938716947409,L2,0.39580164646...
GetData ===>> H2,-0.0592434702215454,H1,1542.75979781647,AX,188.064940974812,L1,2.35396321186701,L2,0.231853728...
GetData ===>> H2,-0.095104786288006,H1,1542.3918658107,AX,187.729285443862,L1,2.37467062888058,L2,0.34941234628...
GetData ===>> H2,-0.0648496558712588,H1,1541.11817356608,AX,187.682954523879,L1,2.39156154740342,L2,0.335883508...
testing H1>-5.0
evaluate ot="H1.bs>-5.0" t="H1>-5.0", ctx="{'H1': None}"
GetData ===>> H2,-0.101549980262168,H1,1541.12408934371,AX,187.95917676559,L1,2.38869500881368,L2,0.37087973821...
GetData ===>> H2,-0.145808939847258,H1,1540.06912427631,AX,187.541796834785,L1,2.38209064950623,L2,0.3814667599...
GetData ===>> H2,-0.108079457220542,H1,1538.83610853002,AX,187.418455411182,L1,2.38541851560189,L2,0.3138761143...
GetData ===>> H2,-0.0542002899238228,H1,1538.64175558981,AX,187.717525032555,L1,2.40210526033037,L2,0.336488555...
GetData ===>> H2,-0.0754296264868969,H1,1538.01985160215,AX,187.682339284691,L1,2.41890976042657,L2,0.481362554...
testing H1>-5.0
evaluate ot="H1.bs>-5.0" t="H1>-5.0", ctx="{'H1': None}"
GetData ===>> H2,-0.0822551171245976,H1,1537.86922070945,AX,187.522479626105,L1,2.40722284010197,L2,0.360819154...
GetData ===>> H2,-0.206781742773591,H1,1537.60640799425,AX,187.26582578532,L1,2.39256064372557,L2,0.38658366856...
GetData ===>> H2,-0.140344415101032,H1,1536.91932718096,AX,187.10889295564,L1,2.35261858597751,L2,0.39055859863...
GetData ===>> H2,-0.1629238874379,H1,1536.59098136093,AX,187.047405988149,L1,2.36452450045209,L2,0.430602648443...
GetData ===>> H2,-0.101474175697739,H1,1536.21076251861,AX,187.032759406275,L1,2.3557378685586,L2,0.31324838423...
testing H1>-5.0
evaluate ot="H1.bs>-5.0" t="H1>-5.0", ctx="{'H1': None}"
GetData ===>> H2,-0.0340062659204507,H1,1534.77823618612,AX,187.068468105524,L1,2.39697926481818,L2,0.351262006...
GetData ===>> H2,-0.0767131910374919,H1,1534.43473851621,AX,187.238562431133,L1,2.3883526841107,L2,0.3813068609...
GetData ===>> H2,-0.190092957876507,H1,1533.76929850573,AX,187.184920318628,L1,2.38630029652202,L2,0.4608386872...
GetData ===>> H2,-0.221177081096722,H1,1533.55066212193,AX,186.921440193295,L1,2.37807034257268,L2,0.3241372320...
GetData ===>> H2,-0.141877017810588,H1,1533.13396909257,AX,186.91113923915,L1,2.37381850668795,L2,0.36901827924...
testing H1>-5.0
evaluate ot="H1.bs>-5.0" t="H1>-5.0", ctx="{'H1': None}"
02:53:02 -- collecting point 75
GetData ===>> H2,-0.153614584133601,H1,1532.44560716349,AX,186.886651123902,L1,2.37171866985794,L2,0.3822091515...
GetData ===>> H2,-0.0163637735698007,H1,1531.9242523083,AX,186.72842132301,L1,2.33256109432929,L2,0.38965622935...
GetData ===>> H2,-0.0434095424869858,H1,1530.85152952605,AX,186.650934415391,L1,2.38929913660948,L2,0.513316346...
GetData ===>> H2,-0.0754553805258231,H1,1529.71612910763,AX,186.639280018554,L1,2.35741130274148,L2,0.314355474...
GetData ===>> H2,-0.10962437406147,H1,1528.56083023529,AX,186.433223076715,L1,2.35500497174796,L2,0.33872611860...
testing H1>-5.0
evaluate ot="H1.bs>-5.0" t="H1>-5.0", ctx="{'H1': None}"
GetData ===>> H2,-0.1086138285526,H1,1528.48458503357,AX,186.346108539968,L1,2.36582109615228,L2,0.401993152863...
GetData ===>> H2,-0.0926665752934712,H1,1528.42707792608,AX,186.231099503492,L1,2.35998290095819,L2,0.303764452...
GetData ===>> H2,-0.0552272831856408,H1,1527.47950105364,AX,186.324767465591,L1,2.3688399137118,L2,0.4236894280...
GetData ===>> H2,-0.0713570438729141,H1,1527.16735671205,AX,186.130307204137,L1,2.40076647659075,L2,0.464493144...
GetData ===>> H2,-0.0447237053691233,H1,1526.87587803206,AX,186.189355351317,L1,2.39680745412491,L2,0.353271554...
testing H1>-5.0
evaluate ot="H1.bs>-5.0" t="H1>-5.0", ctx="{'H1': None}"
GetData ===>> H2,-0.122106531131843,H1,1526.69307184051,AX,186.278279444495,L1,2.40323737508005,L2,0.4353907742...
GetData ===>> H2,-0.0162088847264328,H1,1525.95286195932,AX,186.125360880839,L1,2.372241915236,L2,0.37496822286...
GetData ===>> H2,-0.038987114475414,H1,1525.13080681531,AX,186.187244552412,L1,2.36008609877197,L2,0.2976021127...
GetData ===>> H2,-0.124143187031752,H1,1524.3687147748,AX,185.975682775061,L1,2.3752742788181,L2,0.342527813032...
GetData ===>> H2,-0.130756219640889,H1,1523.90515110386,AX,185.844889277971,L1,2.36262881661172,L2,0.3124038083...
testing H1>-5.0
evaluate ot="H1.bs>-5.0" t="H1>-5.0", ctx="{'H1': None}"
GetData ===>> H2,-0.118659882621132,H1,1522.68399011769,AX,185.654300968596,L1,2.34108527261954,L2,0.2700133832...
GetData ===>> H2,-0.0722844844882175,H1,1522.06508613561,AX,185.866797381457,L1,2.36263685985714,L2,0.430236978...
GetData ===>> H2,-0.00375383117357983,H1,1521.76228415799,AX,185.760410216985,L1,2.34427424007586,L2,0.43704781...
GetData ===>> H2,0.0321274509143887,H1,1521.66310670961,AX,185.655230285227,L1,2.31572541502297,L2,0.3712908628...
GetData ===>> H2,-0.0364419814695639,H1,1520.7007646236,AX,185.564292112951,L1,2.36174007341225,L2,0.3513190955...
testing H1>-5.0
evaluate ot="H1.bs>-5.0" t="H1>-5.0", ctx="{'H1': None}"
GetData ===>> H2,-0.0875722848734636,H1,1519.94535361745,AX,185.684902805905,L1,2.36793056224866,L2,0.379753570...
GetData ===>> H2,-0.201584484923309,H1,1519.10939165603,AX,185.387048102375,L1,2.33952661056857,L2,0.3212722265...
GetData ===>> H2,-0.18560650060842,H1,1518.89982314813,AX,185.389946733205,L1,2.36132186560875,L2,0.34839619002...
GetData ===>> H2,-0.138287104274933,H1,1518.4889060548,AX,185.191644195995,L1,2.31970170440846,L2,0.38162665916...
GetData ===>> H2,-0.127078520142362,H1,1517.59379501346,AX,185.103028819596,L1,2.30442094947169,L2,0.3179279260...
testing H1>-5.0
evaluate ot="H1.bs>-5.0" t="H1>-5.0", ctx="{'H1': None}"
02:53:28 -- collecting point 100
GetData ===>> H2,-0.13656743603348,H1,1517.38373006129,AX,185.201784104571,L1,2.36912829272095,L2,0.31485766430...
GetData ===>> H2,-0.125058616489248,H1,1516.82826377425,AX,185.131594554391,L1,2.34074915109814,L2,0.2956279653...
GetData ===>> H2,-0.0587498309333967,H1,1516.04350503973,AX,185.049440049029,L1,2.37436197874631,L2,0.272831222...
GetData ===>> H2,-0.0419184031284901,H1,1515.70983320086,AX,185.094948801069,L1,2.40352478648284,L2,0.236134225...
GetData ===>> H2,0.151561771367699,H1,1514.96197920929,AX,185.013737684895,L1,2.38448580878817,L2,0.29581054371...
testing H1>-5.0
evaluate ot="H1.bs>-5.0" t="H1>-5.0", ctx="{'H1': None}"
GetData ===>> H2,0.0579470642108739,H1,1514.11830938517,AX,184.796233667502,L1,2.36515735993722,L2,0.3658207654...
GetData ===>> H2,-0.148563175572996,H1,1514.12624096568,AX,184.759032975903,L1,2.31774604352249,L2,0.3083179923...
GetData ===>> H2,-0.139615883176245,H1,1513.22240283342,AX,184.71541434009,L1,2.3490949006296,L2,0.363182896824...
GetData ===>> H2,-0.00489223457156506,H1,1512.61318862341,AX,184.644637370251,L1,2.35897911706517,L2,0.40253007...
GetData ===>> H2,-0.107021463112506,H1,1512.25237426592,AX,184.514412048085,L1,2.33324818143437,L2,0.3289200416...
testing H1>-5.0
evaluate ot="H1.bs>-5.0" t="H1>-5.0", ctx="{'H1': None}"
GetData ===>> H2,-0.201279799762168,H1,1511.17538708234,AX,184.558615990467,L1,2.31281995011668,L2,0.3305181696...
GetData ===>> H2,-0.119744851083256,H1,1510.80046370191,AX,184.463170069812,L1,2.37564436536855,L2,0.4487000368...
GetData ===>> H2,-0.18348199387015,H1,1510.30872459228,AX,184.687199849683,L1,2.37021346878914,L2,0.33541545653...
GetData ===>> H2,-0.198115172644001,H1,1510.05417608459,AX,184.194113835315,L1,2.32688385393303,L2,0.3912096804...
GetData ===>> H2,-0.104997199779104,H1,1509.22942095296,AX,184.109614243324,L1,2.30051051650033,L2,0.3145837423...
testing H1>-5.0
evaluate ot="H1.bs>-5.0" t="H1>-5.0", ctx="{'H1': None}"
GetData ===>> H2,-0.0181570701564926,H1,1508.93018426828,AX,184.116272607793,L1,2.31975387786496,L2,0.380256102...
GetData ===>> H2,-0.070269509893434,H1,1508.01614103083,AX,183.94742183341,L1,2.28965002118327,L2,0.32349802017...
GetData ===>> H2,-0.0914364348127109,H1,1506.94148506028,AX,183.992415863101,L1,2.32038532968569,L2,0.333840078...
GetData ===>> H2,-0.0868099400109887,H1,1507.29687416431,AX,183.714426944847,L1,2.33718768400127,L2,0.307724536...
GetData ===>> H2,-0.0729162940076851,H1,1506.58669546992,AX,183.868922254997,L1,2.34320534632891,L2,0.427288811...
testing H1>-5.0
evaluate ot="H1.bs>-5.0" t="H1>-5.0", ctx="{'H1': None}"
GetData ===>> H2,-0.158595715348423,H1,1505.67283055637,AX,183.608842815477,L1,2.32013515278955,L2,0.2777483792...
measurement finished
estimated time: 125.829 actual time: :126.340
flush and close file /Users/jan/PychronDev/data/isotopes/23/a5051d-c4e4-4532-a01f-a2258766bcda.h5
baselines () {'settling_time': 15.0, 'detector': 'H1', 'mass': 34.2, 'ncounts': 60}
%%%%%%%%%%%%%%%%%%%%%%%%%%%%%%%% Baseline
build tables- baseline [Detector(H2), Detector(H1), Detector(AX), Detector(L1), Detector(L2), Detector(CDD)]
add group baseline table H2
add group baseline table H1
add group baseline table AX
add group baseline table L1
add group baseline table L2
add group baseline table CDD
flush and close file /Users/jan/PychronDev/data/isotopes/23/a5051d-c4e4-4532-a01f-a2258766bcda.h5
detector Detector(H1)
POSITION 34.2 H1
Mapping mass to dac mass func: "parabolic"
H1 map mass coeffs = [-0.00063987  0.15840543  0.57085999]
H1 map mass to dac 34.2 >> 5.23990599104
GetDeflection H1 ===>> 0
GetHighVoltage ===>> 4499.94659342336
positioning 34.2 (5.23987513373) on H1
setting magnet DAC
current  : 5.879215
requested: 5.239875
Delta Dac: 0.639340
Checking detector protection. dv=0.63934
Checking detector "CDD". Protection Threshold: 0.1 (V)
ProtectDetector CDD,On ===>> OK
GetDeflection CDD ===>> 2000
Protected = 2000
SetMagnetDAC 5.23987513373 ===>> OK
Magnet settling time: 0.500
GetMagnetMoving ===>> True
GetMagnetMoving ===>> True
GetMagnetMoving ===>> True
GetMagnetMoving ===>> True
GetMagnetMoving ===>> True
GetMagnetMoving ===>> True
GetMagnetMoving ===>> True
GetMagnetMoving ===>> True
GetMagnetMoving ===>> False
ProtectDetector CDD,Off ===>> OK
GetDeflection CDD ===>> 50
Delaying 15.0s for detectors to settle
Join finished
measuring baseline. ncounts=60
"baseline" increment series count="2" fit count="1" regressing="True"
starting measurement
GetData ===>> H2,-0.165613138505679,H1,-0.0522838373392397,AX,-0.146408994462191,L1,-0.0305569766495518,L2,0.00...
GetData ===>> H2,-0.179191298165456,H1,-0.127368771325265,AX,-0.061835309348715,L1,-0.0827400537232385,L2,-0.05...
GetData ===>> H2,-0.189261068094104,H1,-0.0854105743884002,AX,0.0669095815499947,L1,-0.080226641766568,L2,0.037...
GetData ===>> H2,-0.219877059408486,H1,-0.0705591366416013,AX,-0.0654871656439072,L1,-0.0390347496232354,L2,-0....
testing H1>-5.0
evaluate ot="H1.bs>-5.0" t="H1>-5.0", ctx="{'H1': None}"
GetData ===>> H2,-0.303621384291362,H1,-0.0341482943009506,AX,-0.128741068855807,L1,-0.0353854020583066,L2,0.00...
GetData ===>> H2,-0.293450894933956,H1,0.00340904696567463,AX,-0.149864052219415,L1,-0.0542862056399829,L2,-0.1...
GetData ===>> H2,-0.197386926933861,H1,-0.0465132517989407,AX,-0.178079627636095,L1,-0.0226634630680849,L2,-0.0...
GetData ===>> H2,-0.0610700206569862,H1,-0.118180827516956,AX,-0.246544284000149,L1,0.0119170941195544,L2,0.004...
GetData ===>> H2,-0.217250963715996,H1,0.0314938276556156,AX,-0.0817391621756685,L1,-0.0154738750101385,L2,0.10...
testing H1>-5.0
evaluate ot="H1.bs>-5.0" t="H1>-5.0", ctx="{'H1': None}"
GetData ===>> H2,-0.333743081274467,H1,0.0148973231268502,AX,-0.00724981291696473,L1,-0.0205872117949642,L2,-0....
GetData ===>> H2,-0.158992814666837,H1,-0.010606534539259,AX,0.0147229084310685,L1,-0.0526476020012985,L2,-0.02...
GetData ===>> H2,-0.131534015938853,H1,-0.0615947623779032,AX,-0.123898233405882,L1,-0.0625041533322172,L2,-0.0...
GetData ===>> H2,-0.145553608981428,H1,0.00896811046533515,AX,-0.0959371513200424,L1,-0.0473815725856302,L2,-0....
GetData ===>> H2,-0.145164522321452,H1,0.0253846576941498,AX,-0.0666348636035919,L1,-0.0234161781177573,L2,-0.0...
testing H1>-5.0
evaluate ot="H1.bs>-5.0" t="H1>-5.0", ctx="{'H1': None}"
GetData ===>> H2,-0.106022907698249,H1,-0.0343152373625476,AX,-0.171229350886054,L1,-0.0315785588170722,L2,0.03...
GetData ===>> H2,-0.227603592118789,H1,0.027222142270378,AX,-0.0628091510945571,L1,-0.0110689870710709,L2,0.028...
GetData ===>> H2,-0.192062553593379,H1,0.0754263504865406,AX,-0.127095922130303,L1,-0.0493837308843228,L2,0.024...
GetData ===>> H2,-0.241470295097236,H1,-0.00989089281573357,AX,-0.149806082463964,L1,-0.0258381479538327,L2,-0....
GetData ===>> H2,-0.288065506985779,H1,0.0252056837261929,AX,-0.114744847664329,L1,-0.00140768625290838,L2,-0.1...
testing H1>-5.0
evaluate ot="H1.bs>-5.0" t="H1>-5.0", ctx="{'H1': None}"
GetData ===>> H2,-0.192646221456581,H1,-0.000503585149913399,AX,-0.0555282887650012,L1,-0.00290036601129988,L2,...
GetData ===>> H2,-0.204748141781052,H1,0.0166033789531507,AX,-0.0698808047528194,L1,-0.00388656515475494,L2,0.0...
GetData ===>> H2,-0.238289738447837,H1,0.0261124884602061,AX,0.0400429323677309,L1,-0.00625928599579996,L2,-0.0...
GetData ===>> H2,-0.206535142652223,H1,-0.029366449817103,AX,0.0595453006008623,L1,-0.0300659095971572,L2,-0.05...
GetData ===>> H2,-0.175086630379106,H1,8.09141993631357E-05,AX,-0.0843587021578912,L1,-0.039930709850483,L2,-0....
testing H1>-5.0
evaluate ot="H1.bs>-5.0" t="H1>-5.0", ctx="{'H1': None}"
02:54:34 -- collecting point 25
GetData ===>> H2,-0.259282140545341,H1,-0.00593091612499634,AX,-0.102902101114143,L1,-0.0214707498482092,L2,-0....
GetData ===>> H2,-0.2010897044204,H1,-0.0465370978784517,AX,-0.122612176780703,L1,-0.0247081277269193,L2,-0.000...
GetData ===>> H2,-0.238897871116652,H1,0.0588226080529221,AX,-0.140171029044889,L1,-0.0274688440910107,L2,-0.06...
GetData ===>> H2,-0.206979827501375,H1,0.0302528723357788,AX,-0.113644066048457,L1,-0.00625568775259652,L2,-0.0...
GetData ===>> H2,-0.118351418793097,H1,-0.0280189062435763,AX,-0.0299597995435464,L1,-0.00810381601806442,L2,0....
testing H1>-5.0
evaluate ot="H1.bs>-5.0" t="H1>-5.0", ctx="{'H1': None}"
GetData ===>> H2,-0.198855507732309,H1,0.0103400298527624,AX,-0.0529659448842935,L1,-0.0311965255844353,L2,-0.0...
GetData ===>> H2,-0.252059385047926,H1,0.0864587070863677,AX,-0.0577775305010523,L1,-0.040375066910063,L2,-0.08...
GetData ===>> H2,-0.278333951248065,H1,-0.0447605494023005,AX,-0.115973073501833,L1,-0.00229324161751914,L2,-0....
GetData ===>> H2,-0.278967759479072,H1,0.0661393945311285,AX,-0.103365640807867,L1,0.018170737463862,L2,0.01274...
GetData ===>> H2,-0.208443121473041,H1,0.0177725808553354,AX,-0.064385826591514,L1,-0.0369658304435259,L2,-0.08...
testing H1>-5.0
evaluate ot="H1.bs>-5.0" t="H1>-5.0", ctx="{'H1': None}"
GetData ===>> H2,-0.258885701210096,H1,-0.0336116897170278,AX,-0.0111821051282856,L1,-0.0162535149743613,L2,-0....
GetData ===>> H2,-0.126709448123234,H1,-0.00774393694518134,AX,-0.125242202341801,L1,-0.0137096878047785,L2,0.0...
GetData ===>> H2,-0.18498200444609,H1,0.063215003004813,AX,-0.0768128450823227,L1,-0.0202587124586255,L2,0.1010...
GetData ===>> H2,-0.249036097054833,H1,0.0563639058644984,AX,-0.0910695027261269,L1,-0.0511677449394011,L2,0.02...
GetData ===>> H2,-0.147991851600645,H1,0.0283795362305607,AX,-0.0272692096132348,L1,-0.0494651012649208,L2,-0.0...
testing H1>-5.0
evaluate ot="H1.bs>-5.0" t="H1>-5.0", ctx="{'H1': None}"
GetData ===>> H2,-0.199562084745447,H1,0.0719916594623672,AX,0.0151870109398659,L1,-0.0622122663381667,L2,0.033...
GetData ===>> H2,-0.194956334191289,H1,0.0247642159731722,AX,-0.0848571022218944,L1,0.00163955516571248,L2,-0.0...
GetData ===>> H2,-0.22558391750658,H1,0.0174385217756036,AX,-0.136135849484139,L1,0.00187242681600002,L2,-0.036...
GetData ===>> H2,-0.180853798381939,H1,0.0261244201561929,AX,-0.0736135032190739,L1,0.00816173036117783,L2,-0.0...
GetData ===>> H2,-0.254144820377836,H1,0.0225807689548276,AX,-0.132494679756025,L1,-0.0460445836364416,L2,-0.06...
testing H1>-5.0
evaluate ot="H1.bs>-5.0" t="H1>-5.0", ctx="{'H1': None}"
GetData ===>> H2,-0.17866226963102,H1,0.00770357533419492,AX,-0.0469946102274958,L1,-0.0152171803267022,L2,-0.0...
GetData ===>> H2,-0.140639058508614,H1,0.0935319815743132,AX,-0.129633143826612,L1,0.0101658570753479,L2,-0.081...
GetData ===>> H2,-0.223359164759413,H1,0.00956459484526842,AX,-0.0988808015851852,L1,0.00871252546055582,L2,-0....
GetData ===>> H2,-0.153202431571518,H1,0.00530577427857466,AX,-0.0506238339928044,L1,-0.0284619893936196,L2,-0....
GetData ===>> H2,-0.238872292007251,H1,0.0157085908031764,AX,0.0360507039636431,L1,-0.0517695239530723,L2,0.034...
testing H1>-5.0
evaluate ot="H1.bs>-5.0" t="H1>-5.0", ctx="{'H1': None}"
02:55:00 -- collecting point 50
GetData ===>> H2,-0.189498371898927,H1,-0.061952399071452,AX,-0.0953229138526069,L1,0.00328297585947748,L2,-0.0...
GetData ===>> H2,-0.198933718810304,H1,-0.00504824936664579,AX,-0.00530100746125647,L1,0.015732699904296,L2,0.0...
GetData ===>> H2,-0.136418710337979,H1,0.00685658432086917,AX,-0.0761057532188457,L1,0.0288004413150497,L2,0.06...
GetData ===>> H2,-0.174152377796227,H1,0.00661799659675846,AX,-0.0280114487475287,L1,-0.0136377759461127,L2,-0....
GetData ===>> H2,-0.244771454240176,H1,0.0382477580020747,AX,-0.129888020887067,L1,-0.0509643522302764,L2,-0.02...
testing H1>-5.0
evaluate ot="H1.bs>-5.0" t="H1>-5.0", ctx="{'H1': None}"
GetData ===>> H2,-0.163808224662166,H1,0.0513631396362737,AX,-0.0438058833998529,L1,-0.00863384600392932,L2,-0....
GetData ===>> H2,-0.173552963792296,H1,0.007107102043258,AX,-0.0646408746390638,L1,-0.029681423287686,L2,0.0898...
GetData ===>> H2,-0.128360039674941,H1,0.0510886417999902,AX,-0.0190230159649827,L1,-0.00766370203913043,L2,-0....
GetData ===>> H2,-0.120813484242762,H1,0.0741860318045131,AX,-0.00801540438529099,L1,0.0357508050563246,L2,0.00...
GetData ===>> H2,-0.181621542790447,H1,0.0543707304397458,AX,-0.104408597043837,L1,0.0026683123304331,L2,-0.039...
testing H1>-5.0
evaluate ot="H1.bs>-5.0" t="H1>-5.0", ctx="{'H1': None}"
GetData ===>> H2,-0.234518915859241,H1,-0.0462747906919024,AX,-0.06552194456883,L1,-0.014811733328456,L2,-0.037...
measurement finished
estimated time: 62.915 actual time: :63.182
flush and close file /Users/jan/PychronDev/data/isotopes/23/a5051d-c4e4-4532-a01f-a2258766bcda.h5
activate_detectors ('H1', 'AX', 'CDD') {'peak_center': True}
peak_center () {'detector': 'H1', 'integration_time': 0.262144, 'isotope': 'Ar40'}
peak center: mean=1508.38369959 threshold=3
peak center started
setup peak center. detector=['H1', 'AX', 'CDD'], isotope=Ar40
VersionedUnpickler [<apptools.sweet_pickle.versioned_unpickler.VersionedUnpickler object at 0x2069e8170>] using Updater [<apptools.sweet_pickle.updater.Updater object at 0x135230b30>]
VersionedUnpickler [<apptools.sweet_pickle.versioned_unpickler.VersionedUnpickler object at 0x2069e8170>] using Updater [<apptools.sweet_pickle.updater.Updater object at 0x135230b30>]
VersionedUnpickler [<apptools.sweet_pickle.versioned_unpickler.VersionedUnpickler object at 0x203c42650>] using Updater [<apptools.sweet_pickle.updater.Updater object at 0x135230b30>]
setting integration time = 0.524288
SetIntegrationTime 0.524288 ===>> OK
Mapping mass to dac mass func: "parabolic"
H1 map mass coeffs = [-0.00063987  0.15840543  0.57085999]
H1 map mass to dac 39.9624 >> 5.87925
GetDeflection H1 ===>> 0
GetHighVoltage ===>> 4499.94659342336
do peak center. <pychron.spectrometer.jobs.peak_center.PeakCenter object at 0x1352309b0>
doing pc
starting peak center. center dac= 5.87921537765 step_width=0.001
width = 0.001
get scan parameters. half-width=0.015,window=0.015, i=0, scalar=1
Scan parameters center=5.87922 width=0.03000 (5.86422 - 5.89422)
GetData ===>> H2,-0.168903632567885,H1,-0.0384291033970417,AX,-0.170035429250695,L1,-0.0271333808161428,L2,-0.0...
Moving to starting dac 5.86421537765
setting magnet DAC
current  : 5.239875
requested: 5.864215
Delta Dac: 0.624340
Checking detector protection. dv=0.62434
Checking detector "CDD". Protection Threshold: 0.1 (V)
ProtectDetector CDD,On ===>> OK
GetDeflection CDD ===>> 2000
Protected = 2000
SetMagnetDAC 5.86421537765 ===>> OK
Magnet settling time: 0.500
GetMagnetMoving ===>> True
GetMagnetMoving ===>> True
GetMagnetMoving ===>> True
GetMagnetMoving ===>> True
GetMagnetMoving ===>> True
GetMagnetMoving ===>> True
GetMagnetMoving ===>> True
GetMagnetMoving ===>> True
GetMagnetMoving ===>> True
GetMagnetMoving ===>> False
ProtectDetector CDD,Off ===>> OK
GetDeflection CDD ===>> 50
Wait until signal near baseline. tol= -0.0288218275478. timeout= 10
GetData ===>> H2,67.2210642173072,H1,21.3532249090556,AX,0.96569944696955,L1,0.0304198422178839,L2,0.0373787329...
GetData ===>> H2,93.0250488421937,H1,51.0661607822233,AX,4.86819751702177,L1,0.00747698235904132,L2,-0.06588401...
GetData ===>> H2,52.5971767031061,H1,24.5832591715261,AX,2.16685965748286,L1,-0.00217085242473076,L2,-0.1317460...
GetData ===>> H2,22.3900723956096,H1,12.488685869555,AX,0.997531639779629,L1,0.000788539106578921,L2,-0.0164183...
GetData ===>> H2,7.7602649399863,H1,6.79274774891219,AX,0.461023696067549,L1,-0.00159248336900101,L2,-0.0005693...
GetData ===>> H2,2.40147847603827,H1,4.01118903965021,AX,0.227572224030556,L1,-0.0201509052613532,L2,-0.1361663...
GetData ===>> H2,0.795621666726869,H1,2.74390021861446,AX,0.261536868699818,L1,0.00989625126545985,L2,-0.074599...
GetData ===>> H2,0.427313136257031,H1,2.05241487026602,AX,0.0851796589567245,L1,0.0223686540642255,L2,-0.013640...
GetData ===>> H2,0.368700391591699,H1,1.71714134854699,AX,0.0627924739449438,L1,0.017879882608886,L2,-0.1309029...
GetData ===>> H2,0.414225165865587,H1,1.50399842907285,AX,0.00138090746975176,L1,0.0197735643446958,L2,-0.19201...
GetData ===>> H2,0.414225165865587,H1,1.50399842907285,AX,0.00138090746975176,L1,0.0197735643446958,L2,-0.19201...
GetData ===>> H2,0.443499037945214,H1,1.43852744317272,AX,0.0922723252367296,L1,0.0201624251529095,L2,0.0766181...
GetData ===>> H2,0.269621370113288,H1,1.40994977496935,AX,-0.00184410179472403,L1,-0.00361303054746417,L2,-0.09...
GetData ===>> H2,0.216455524199309,H1,1.38445284670758,AX,-0.0368714913233884,L1,-0.00836763533666378,L2,-0.073...
GetData ===>> H2,0.200145082234534,H1,1.47333589713898,AX,-0.0812755194348012,L1,-0.00447919797793355,L2,-0.164...
GetData ===>> H2,0.228087418340475,H1,1.43372390735379,AX,0.0201994590249074,L1,-0.00594023676667209,L2,-0.0132...
GetData ===>> H2,0.227026990807553,H1,1.45577402259549,AX,0.0459619443508785,L1,-0.00421767605266023,L2,0.04339...
GetData ===>> H2,0.232934759124741,H1,1.44976861141715,AX,0.0578800329720357,L1,0.00731396035361697,L2,0.013095...
GetData ===>> H2,0.163245816574073,H1,1.3199710481705,AX,0.149333767270267,L1,-0.0167079548810446,L2,0.02951910...
GetData ===>> H2,0.0678219793601054,H1,1.38226838164022,AX,0.134213055598722,L1,0.00057009524334179,L2,-0.11976...
GetData ===>> H2,0.00854687934333349,H1,1.29461679182914,AX,0.0234484058236761,L1,-0.0112452151872307,L2,-0.235...
Peak center failed to move to a baseline position
_do_sweep sm= 5.86421537765, em= 5.89421537765, stm= 0.001
calculated step values: start=5.86421537765, end=5.89421537765, width=0.001, nsteps=31.0
setting magnet DAC
current  : 5.864215
requested: 5.864215
Delta Dac: 0.000000
Checking detector protection. dv=0.00000
Checking detector "CDD". Protection Threshold: 0.1 (V)
SetMagnetDAC 5.86421537765 ===>> OK
GetData ===>> H2,0.00854687934333349,H1,1.29461679182914,AX,0.0234484058236761,L1,-0.0112452151872307,L2,-0.235...
setting magnet DAC
current  : 5.864215
requested: 5.865250
Delta Dac: 0.001034
Checking detector protection. dv=0.00103
Checking detector "CDD". Protection Threshold: 0.1 (V)
SetMagnetDAC 5.86524986041 ===>> OK
Magnet settling time: 1.049
GetData ===>> H2,-0.00142013028665644,H1,2.34765180256324,AX,0.044963811224147,L1,-0.0924017987730875,L2,-0.030...
setting magnet DAC
current  : 5.865250
requested: 5.866284
Delta Dac: 0.001034
Checking detector protection. dv=0.00103
Checking detector "CDD". Protection Threshold: 0.1 (V)
SetMagnetDAC 5.86628434317 ===>> OK
Magnet settling time: 1.049
GetData ===>> H2,-0.144397879277245,H1,7.62053457542648,AX,0.784665017370546,L1,-0.102153234303692,L2,0.0450111...
setting magnet DAC
current  : 5.866284
requested: 5.867319
Delta Dac: 0.001034
Checking detector protection. dv=0.00103
Checking detector "CDD". Protection Threshold: 0.1 (V)
SetMagnetDAC 5.86731882592 ===>> OK
Magnet settling time: 1.049
GetData ===>> H2,0.00375945294727462,H1,38.1299079367315,AX,3.19110903266938,L1,-0.0027059942011767,L2,-0.00293...
setting magnet DAC
current  : 5.867319
requested: 5.868353
Delta Dac: 0.001034
Checking detector protection. dv=0.00103
Checking detector "CDD". Protection Threshold: 0.1 (V)
SetMagnetDAC 5.86835330868 ===>> OK
Magnet settling time: 1.049
GetData ===>> H2,0.0549542024848969,H1,131.060966884625,AX,10.4332747749595,L1,0.0407887258250887,L2,-0.0425771...
setting magnet DAC
current  : 5.868353
requested: 5.869388
Delta Dac: 0.001034
Checking detector protection. dv=0.00103
Checking detector "CDD". Protection Threshold: 0.1 (V)
SetMagnetDAC 5.86938779144 ===>> OK
Magnet settling time: 1.049
GetData ===>> H2,-0.0393752821281177,H1,360.713619993654,AX,30.7550997295213,L1,0.159460865094772,L2,-0.0065357...
setting magnet DAC
current  : 5.869388
requested: 5.870422
Delta Dac: 0.001034
Checking detector protection. dv=0.00103
Checking detector "CDD". Protection Threshold: 0.1 (V)
SetMagnetDAC 5.8704222742 ===>> OK
Magnet settling time: 1.049
GetData ===>> H2,-0.112085624870074,H1,719.639180687191,AX,69.0159459166945,L1,0.430346219198321,L2,0.045011165...
setting magnet DAC
current  : 5.870422
requested: 5.871457
Delta Dac: 0.001034
Checking detector protection. dv=0.00103
Checking detector "CDD". Protection Threshold: 0.1 (V)
SetMagnetDAC 5.87145675696 ===>> OK
Magnet settling time: 1.049
GetData ===>> H2,-0.164512944759218,H1,1068.54577485079,AX,112.687683444117,L1,0.823848199053303,L2,0.075888859...
setting magnet DAC
current  : 5.871457
requested: 5.872491
Delta Dac: 0.001034
Checking detector protection. dv=0.00103
Checking detector "CDD". Protection Threshold: 0.1 (V)
SetMagnetDAC 5.87249123972 ===>> OK
Magnet settling time: 1.049
GetData ===>> H2,-0.0243709920724971,H1,1294.29238503348,AX,146.952791323792,L1,1.27932969515895,L2,0.031455473...
setting magnet DAC
current  : 5.872491
requested: 5.873526
Delta Dac: 0.001034
Checking detector protection. dv=0.00103
Checking detector "CDD". Protection Threshold: 0.1 (V)
SetMagnetDAC 5.87352572248 ===>> OK
Magnet settling time: 1.049
GetData ===>> H2,-0.0479550239162644,H1,1394.87042379428,AX,165.384359730693,L1,1.60939113266655,L2,0.199134222...
setting magnet DAC
current  : 5.873526
requested: 5.874560
Delta Dac: 0.001034
Checking detector protection. dv=0.00103
Checking detector "CDD". Protection Threshold: 0.1 (V)
SetMagnetDAC 5.87456020523 ===>> OK
Magnet settling time: 1.049
GetData ===>> H2,0.013641164220108,H1,1427.99748950464,AX,172.94527113059,L1,1.89248479157099,L2,0.328401567229...
setting magnet DAC
current  : 5.874560
requested: 5.875595
Delta Dac: 0.001034
Checking detector protection. dv=0.00103
Checking detector "CDD". Protection Threshold: 0.1 (V)
SetMagnetDAC 5.87559468799 ===>> OK
Magnet settling time: 1.049
GetData ===>> H2,-0.00867846599802579,H1,1436.78842472879,AX,175.205569737532,L1,2.01164108386758,L2,0.40999908...
setting magnet DAC
current  : 5.875595
requested: 5.876629
Delta Dac: 0.001034
Checking detector protection. dv=0.00103
Checking detector "CDD". Protection Threshold: 0.1 (V)
SetMagnetDAC 5.87662917075 ===>> OK
Magnet settling time: 1.049
GetData ===>> H2,-0.189826771179368,H1,1438.87713224917,AX,175.518183111554,L1,2.09721319955545,L2,0.3826552624...
setting magnet DAC
current  : 5.876629
requested: 5.877664
Delta Dac: 0.001034
Checking detector protection. dv=0.00103
Checking detector "CDD". Protection Threshold: 0.1 (V)
SetMagnetDAC 5.87766365351 ===>> OK
Magnet settling time: 1.049
GetData ===>> H2,-0.0889424814066228,H1,1439.92196023181,AX,175.484074213405,L1,2.13395572010755,L2,0.498908974...
setting magnet DAC
current  : 5.877664
requested: 5.878698
Delta Dac: 0.001034
Checking detector protection. dv=0.00103
Checking detector "CDD". Protection Threshold: 0.1 (V)
SetMagnetDAC 5.87869813627 ===>> OK
Magnet settling time: 1.049
GetData ===>> H2,-0.0884848649627743,H1,1438.74975340781,AX,175.341925910751,L1,2.22269630922685,L2,0.306644838...
setting magnet DAC
current  : 5.878698
requested: 5.879733
Delta Dac: 0.001034
Checking detector protection. dv=0.00103
Checking detector "CDD". Protection Threshold: 0.1 (V)
SetMagnetDAC 5.87973261903 ===>> OK
Magnet settling time: 1.049
GetData ===>> H2,-0.0950576099179265,H1,1438.27986750282,AX,175.145824467856,L1,2.22634630173458,L2,0.256317920...
setting magnet DAC
current  : 5.879733
requested: 5.880767
Delta Dac: 0.001034
Checking detector protection. dv=0.00103
Checking detector "CDD". Protection Threshold: 0.1 (V)
SetMagnetDAC 5.88076710179 ===>> OK
Magnet settling time: 1.049
GetData ===>> H2,-0.134877597763028,H1,1437.93068597557,AX,175.427651687863,L1,2.24593176125506,L2,0.4165280591...
setting magnet DAC
current  : 5.880767
requested: 5.881802
Delta Dac: 0.001034
Checking detector protection. dv=0.00103
Checking detector "CDD". Protection Threshold: 0.1 (V)
SetMagnetDAC 5.88180158454 ===>> OK
Magnet settling time: 1.049
GetData ===>> H2,-0.0939127963240951,H1,1437.05401374233,AX,175.254609365184,L1,2.25721883311707,L2,0.317841866...
setting magnet DAC
current  : 5.881802
requested: 5.882836
Delta Dac: 0.001034
Checking detector protection. dv=0.00103
Checking detector "CDD". Protection Threshold: 0.1 (V)
SetMagnetDAC 5.8828360673 ===>> OK
Magnet settling time: 1.049
GetData ===>> H2,-0.101169449987706,H1,1434.25086765835,AX,174.608613476316,L1,2.21683084762013,L2,0.3990195328...
setting magnet DAC
current  : 5.882836
requested: 5.883871
Delta Dac: 0.001034
Checking detector protection. dv=0.00103
Checking detector "CDD". Protection Threshold: 0.1 (V)
SetMagnetDAC 5.88387055006 ===>> OK
Magnet settling time: 1.049
GetData ===>> H2,-0.148873025691504,H1,1425.89960432244,AX,172.775631364658,L1,2.18797785470022,L2,0.3486347407...
setting magnet DAC
current  : 5.883871
requested: 5.884905
Delta Dac: 0.001034
Checking detector protection. dv=0.00103
Checking detector "CDD". Protection Threshold: 0.1 (V)
SetMagnetDAC 5.88490503282 ===>> OK
Magnet settling time: 1.049
GetData ===>> H2,-0.121416744110679,H1,1394.31456472709,AX,165.658965523281,L1,2.12537070807678,L2,0.3829975826...
setting magnet DAC
current  : 5.884905
requested: 5.885940
Delta Dac: 0.001034
Checking detector protection. dv=0.00103
Checking detector "CDD". Protection Threshold: 0.1 (V)
SetMagnetDAC 5.88593951558 ===>> OK
Magnet settling time: 1.049
GetData ===>> H2,-0.232587055750053,H1,1297.05850299183,AX,145.688968769405,L1,1.92509454838605,L2,0.1911015640...
setting magnet DAC
current  : 5.885940
requested: 5.886974
Delta Dac: 0.001034
Checking detector protection. dv=0.00103
Checking detector "CDD". Protection Threshold: 0.1 (V)
SetMagnetDAC 5.88697399834 ===>> OK
Magnet settling time: 1.049
GetData ===>> H2,-0.239612716477053,H1,1084.3969347078,AX,110.442254911609,L1,1.56965648204931,L2,-0.0516592794...
setting magnet DAC
current  : 5.886974
requested: 5.888008
Delta Dac: 0.001034
Checking detector protection. dv=0.00103
Checking detector "CDD". Protection Threshold: 0.1 (V)
SetMagnetDAC 5.8880084811 ===>> OK
Magnet settling time: 1.049
GetData ===>> H2,-0.273085664661943,H1,570.412257348652,AX,46.196910052435,L1,0.948796190787888,L2,0.1192255862...
setting magnet DAC
current  : 5.888008
requested: 5.889043
Delta Dac: 0.001034
Checking detector protection. dv=0.00103
Checking detector "CDD". Protection Threshold: 0.1 (V)
SetMagnetDAC 5.88904296385 ===>> OK
Magnet settling time: 1.049
GetData ===>> H2,-0.330732814238305,H1,259.889247117265,AX,17.6897377173788,L1,0.615009005645931,L2,0.068231174...
setting magnet DAC
current  : 5.889043
requested: 5.890077
Delta Dac: 0.001034
Checking detector protection. dv=0.00103
Checking detector "CDD". Protection Threshold: 0.1 (V)
SetMagnetDAC 5.89007744661 ===>> OK
Magnet settling time: 1.049
GetData ===>> H2,-0.156904510754497,H1,92.2295721787767,AX,5.00339496812171,L1,0.400847622819434,L2,-0.04817674...
setting magnet DAC
current  : 5.890077
requested: 5.891112
Delta Dac: 0.001034
Checking detector protection. dv=0.00103
Checking detector "CDD". Protection Threshold: 0.1 (V)
SetMagnetDAC 5.89111192937 ===>> OK
Magnet settling time: 1.049
GetData ===>> H2,-0.153099728928804,H1,26.6530102107683,AX,1.05658610625834,L1,0.20414005071942,L2,-0.206134879...
setting magnet DAC
current  : 5.891112
requested: 5.892146
Delta Dac: 0.001034
Checking detector protection. dv=0.00103
Checking detector "CDD". Protection Threshold: 0.1 (V)
SetMagnetDAC 5.89214641213 ===>> OK
Magnet settling time: 1.049
GetData ===>> H2,-0.222081987544504,H1,6.60278326839803,AX,0.0773690522738352,L1,0.0888710068661001,L2,-0.02076...
setting magnet DAC
current  : 5.892146
requested: 5.893181
Delta Dac: 0.001034
Checking detector protection. dv=0.00103
Checking detector "CDD". Protection Threshold: 0.1 (V)
SetMagnetDAC 5.89318089489 ===>> OK
Magnet settling time: 1.049
GetData ===>> H2,-0.278772453024129,H1,1.43098599434108,AX,-0.00119446823463253,L1,0.0439811114780673,L2,0.0864...
setting magnet DAC
current  : 5.893181
requested: 5.894215
Delta Dac: 0.001034
Checking detector protection. dv=0.00103
Checking detector "CDD". Protection Threshold: 0.1 (V)
SetMagnetDAC 5.89421537765 ===>> OK
Magnet settling time: 1.049
GetData ===>> H2,-0.253518289070538,H1,0.210035694465671,AX,-0.181023701736081,L1,0.0429465428231372,L2,-0.0376...
result of _do_sweep=True
result of _calculate_peak_center=([5.8714598666260116, 5.8792454377682963, 5.8870310089105811], [1067.6200835068623, 1439.9008182249643, 1056.0711258351789], 5.877682311515791, 1439.9008182249643)
Failed to find a valid peak. No peak greater than 1.0. max = 0.0615326708723
new center pos Detector(H1) (Ar40) @ 5.87924543777
GetHighVoltage ===>> 4499.94659342336
GetDeflection H1 ===>> 0
dac uncorrected for HV and deflection 5.8792800603
update mftable H1 Ar40 5.8792800603 message=automated run peakcenter
get initial guess parabolic
get initial guess parabolic
get initial guess parabolic
get initial guess parabolic
get initial guess parabolic
get initial guess parabolic
dump mftable to /Users/jan/PychronDev/setupfiles/spectrometer/mftables/mftable.csv
add to repo msg=modified - automated run peakcenter
locally archiving mftable
setting magnet DAC
current  : 5.894215
requested: 5.879245
Delta Dac: 0.014970
Checking detector protection. dv=0.01497
Checking detector "CDD". Protection Threshold: 0.1 (V)
SetMagnetDAC 5.87924543777 ===>> OK
Magnet settling time: 0.500
sweep finished
setting integration time = 1.048576
SetIntegrationTime 1.048576 ===>> OK
Failed to find a valid peak. No peak greater than 1.0. max = 0.0615326708723
flush and close file /Users/jan/PychronDev/data/isotopes/23/a5051d-c4e4-4532-a01f-a2258766bcda.h5
finished measure script
executed snippet estimated_duration=226.132928, duration=273.207751036
jan_unknown120_60.py completed successfully
Measurement Finished
02:55:59 -- ******* Measurement Finished *******
Post Measurement Started jan_pump_ms.py
02:55:59 -- ******* Post Measurement Started jan_pump_ms.py *******
testing...
no interpolation path defined
executed snippet estimated_duration=0, duration=5.00679016113e-05
Pumping spectrometer
open () {'name': 'O'}
opening name=O desc=---
checking ownership. requestor=129.138.12.150
check software interlocks O
interlocks []
actuate state mode=None-script, software_lock=False
doing actuation None-script open_channel True
Open O ===>> OK
GetIndicatorState O ===>> OK
change switch state (True, True)
update switch state O True args=() kw={} ncanvase=2
02:55:59 -- OPEN   VALVE-O (Jan Ion Pump)
---------------------------------------- open O () result=[(True, True)], time=0.10 sec
action=open, ok=True, locked=[False]
executed snippet estimated_duration=0, duration=0.357055902481
jan_pump_ms.py completed successfully
setting _ms_pumptime
Post Measurement Finished
02:55:59 -- ******* Post Measurement Finished *******
$$$$$$$$$$$$$$$$$$$$ state at run end measurement
state changed from measurement to success
post measurement save measured=True aborted=False
Set filtering
setting fod for Ar40= {'filter_outliers': True, 'std_devs': 2, 'iterations': 1}
setting fod for H1= {'filter_outliers': True, 'std_devs': 2, 'iterations': 1}
setting fod for PM41= {'filter_outliers': False, 'std_devs': 2, 'iterations': 1}
setting fod for H2= {'filter_outliers': True, 'std_devs': 2, 'iterations': 1}
setting fod for Ar36= {'filter_outliers': True, 'std_devs': 2, 'iterations': 1}
setting fod for CDD= {'filter_outliers': True, 'std_devs': 10, 'iterations': 1}
setting fod for Ar37= {'filter_outliers': True, 'std_devs': 2, 'iterations': 1}
setting fod for L2= {'filter_outliers': True, 'std_devs': 2, 'iterations': 1}
setting fod for Ar38= {'filter_outliers': True, 'std_devs': 2, 'iterations': 1}
setting fod for L1= {'filter_outliers': True, 'std_devs': 2, 'iterations': 1}
setting fod for Ar39= {'filter_outliers': True, 'std_devs': 2, 'iterations': 1}
setting fod for AX= {'filter_outliers': True, 'std_devs': 2, 'iterations': 1}
persistence save...
persistence save - db
post measurement save
8870815600 connecting to database sqlite:////Users/jan/PychronDev/.appdata/local_lab.db
connected to db sqlite:////Users/jan/PychronDev/.appdata/local_lab.db
create new session 8870815600
close session 8870815600
No database instance. Not saving post measurement to isotopedb database
$$$$$$$$$$$$$$$ auto_save_detector_ic=False
massspec enabled True
create new session 4985539184
MassSpec Database Version: 16.0
close session 4985539184
saving post measurement to secondary database
saving to massspec database 129.138.12.160/massspecdata
setting labnumber to 25339
setting aliquot to 4
setting step to 
setting uuid to 23a5051d-c4e4-4532-a01f-a2258766bcda
setting irradpos to 25339
setting extract_device to Fusions CO2
setting tray to 
setting position to 172
setting power_requested to 5.0
setting extract_value to 5.0
setting duration to 30.0
setting duration_at_request to 30.0
setting first_stage_delay to 30.0
setting cleanup to 30.0
setting comment to P:20
setting irradiation to NM-288
setting level to P
setting irradiation_level to P
setting sample to FC-2
setting material to 
setting project to 
setting mass_spectrometer to jan
no attribute chron_dosages
no attribute production_ratios
no attribute interference_corrections
no attribute production_name
no attribute j
Reference Isotope=Ar40
Reference Detector=H1
%%%%%%%%%%%%%%%%%%%% Comment: P:20 %%%%%%%%%%%%%%%%%%%
adding isotope PM41 H2
add baseline dbdet= PM41. original det= H2
get baseline data PM41 H2
Get data baseline <pychron.processing.isotope.Baseline object at 0x21f09e790> len t=60
baseline PM41. v=-0.199389313651, e=0.00628527625594
get signal data PM41 H2
Get data signal PM41 0.13+/-0.07 len t=120
adding isotope Ar40 H1
add baseline dbdet= Ar40. original det= H1
get baseline data Ar40 H1
Get data baseline <pychron.processing.isotope.Baseline object at 0x21f09ec50> len t=60
baseline Ar40. v=0.00934533720079, e=0.00544115089143
get signal data Ar40 H1
Get data signal Ar40 1583.98+/-0.09 len t=120
adding isotope Ar39 AX
add baseline dbdet= Ar39. original det= AX
get baseline data Ar39 AX
Get data baseline <pychron.processing.isotope.Baseline object at 0x21f09e210> len t=60
baseline Ar39. v=-0.0783146750525, e=0.00682041903119
get signal data Ar39 AX
Get data signal Ar39 192.736+/-0.028 len t=120
adding isotope Ar38 L1
add baseline dbdet= Ar38. original det= L1
get baseline data Ar38 L1
Get data baseline <pychron.processing.isotope.Baseline object at 0x21f09e290> len t=60
baseline Ar38. v=-0.0205951580617, e=0.00292444135238
get signal data Ar38 L1
Get data signal Ar38 2.485+/-0.005 len t=120
adding isotope Ar37 L2
add baseline dbdet= Ar37. original det= L2
get baseline data Ar37 L2
Get data baseline <pychron.processing.isotope.Baseline object at 0x21f09e590> len t=60
baseline Ar37. v=-0.026116906528, e=0.00694565554038
get signal data Ar37 L2
Get data signal Ar37 0.393+/-0.011 len t=120
adding isotope Ar36 CDD
add baseline dbdet= Ar36. original det= CDD
get baseline data Ar36 CDD
Get data baseline <pychron.processing.isotope.Baseline object at 0x21f09ee50> len t=60
baseline Ar36. v=0.000377125718694, e=3.56425599944e-05
get signal data Ar36 CDD
Get data signal Ar36 0.0523+/-0.0005 len t=120
25339-04 added analysis time 0.535143136978s
analysis added to mass spec database
mass spec save time= 0.543
persistence save - dvc
================= post measurement started
create new session 4989601072
close session 4989601072
---------------- Experiment Queue saving disabled
DVC saving peakcenter
Failed to find a valid peak. No peak greater than 1.0. max = 0.0615326708723
Smart pull ahead: 0 behind: 0
Up-to-date with origin
add to repo msg=modified - ad8224ebc6dbfeb9f5997218dfa5fe690569839d.json
add to repo msg=modified - 39-04.json
add to repo msg=modified - 39-04.dat.json
add to repo msg=modified - 39-04.blan.json
add to repo msg=modified - 39-04.inte.json
add to repo msg=modified - 39-04.icfa.json
add to repo msg=modified - 39-04.base.json
not at valid file /Users/jan/PychronDev/data/.dvc/repositories/Load1791/253/tags/39-04.tags.json
add to repo msg=modified - 39-04.peak.json
add to repo msg=modified - 39-04.extr.json
not at valid file /Users/jan/PychronDev/data/.dvc/repositories/Load1791/253/monitor/39-04.moni.json
commit message=<COLLECTION>
add to repo msg=modified - 39-04.inte.json
add to repo msg=modified - 39-04.base.json
commit message=<ISOEVO> default collection fits
add to repo msg=modified - 39-04.blan.json
commit message=<BLANKS> preceding bu-FC-J-7767
add to repo msg=modified - 39-04.icfa.json
commit message=<ICFactor> default
push repository <pychron.git_archive.repo_manager.GitRepoManager object at 0x213e5e890>
pushing to remote=origin, url=https://github.com
no changes to meta repo
create new session 4989601072
add association Load1791
get identifier "25339"
setting analysis irradiation position=<pychron.dvc.dvc_orm.IrradiationPositionTbl object at 0x1e6a65290>
close session 4989601072
================= post measurement finished
02:56:12 -- ******* Post Run Check *******
loading queue conditionals post_run_actions
loading system conditionals post_run_actions
loading conditionals from /Users/jan/PychronDev/setupfiles/spectrometer/default_conditionals.yaml
loading queue conditionals post_run_terminations
loading system conditionals post_run_terminations
loading conditionals from /Users/jan/PychronDev/setupfiles/spectrometer/default_conditionals.yaml
Checking default post run terminations n=1
GetDeflection CDD ===>> 50
testing CDD==2000
evaluate ot="CDD.deflection==2000" t="CDD==2000", ctx="{'CDD': 50.0}"
02:56:12 -- ******* Post Run Check Passed *******
02:56:12 -- Automated run 25339-04 success duration: 364.643 s
----------------- finish -----------------
----------------- stop -----------------
retroactive repository identifiers disabled
finish run. runs completed=221
update duration runid=25339-04, duration=364.642673969, md5=301e91d8
write rem/ex queues
/Users/jan/PychronDev/experiments/rem/CurrentExperiment.rem.txt
/Users/jan/PychronDev/experiments/rem/CurrentExperiment.ex.txt
doing event level: 3
