do run
loading script "jan_unknown120_60.py"
loading script "jan_pump_ms.py"
loading script "jan_co2.py"
loading script "jan_pump_extraction_line.py"
testing...
no interpolation path defined
executed snippet estimated_duration=213.652928, duration=0.000369787216187
script duration name:unknown120_60 seconds:214.0
loading script "jan_unknown120_60.py"
loading script "jan_pump_ms.py"
loading script "jan_co2.py"
loading script "jan_pump_extraction_line.py"
testing...
no interpolation path defined
executed snippet estimated_duration=0, duration=3.88622283936e-05
loading script "jan_unknown120_60.py"
loading script "jan_pump_ms.py"
loading script "jan_co2.py"
loading script "jan_pump_extraction_line.py"
testing...
no interpolation path defined
calculate duration
testing...
no interpolation path defined
executed snippet estimated_duration=0, duration=6.19888305664e-05
calculate duration
testing...
no interpolation path defined
executed snippet estimated_duration=0, duration=0.000119924545288
executed snippet estimated_duration=0.0, duration=0.00299596786499
script duration name:co2 seconds:0.0
loading script "jan_unknown120_60.py"
loading script "jan_pump_ms.py"
loading script "jan_co2.py"
loading script "jan_pump_extraction_line.py"
testing...
no interpolation path defined
calculate duration
testing...
no interpolation path defined
executed snippet estimated_duration=4.0, duration=0.00018310546875
executed snippet estimated_duration=4.0, duration=0.00240397453308
Script duration 214.0
Run total estimated duration= 215.000
run duration: 0:03:35
doing event level: 2
03:10:57 -- Setting default integration. t=1.048576
setting integration time = 1.048576
SetIntegrationTime 1.048576 ===>> OK
----------------- start -----------------
**************** Experiment Type: Ar/Ar, Ar/Ar
create new session 4436069840
close session 4436069840
$$$$$ Clearing conditionals
adding conditionals 
Add queue conditionals
add default conditionals
adding default conditionals from /Users/jan/PychronDev/setupfiles/spectrometer/default_conditionals.yaml
Start automated run 25340-01
loading script "jan_unknown120_60.py"
loading script "jan_pump_ms.py"
loading script "jan_co2.py"
loading script "jan_pump_extraction_line.py"
%%%%%%%%%%%%%%%%%% setting automated run 25340-01
No value "sensitivity_multiplier" in metadata
$$$$$$$$$$$$$$$ auto_save_detector_ic=False
============================= Pre Extraction Check =============================
loading queue conditionals pre_run_terminations
loading system conditionals pre_run_terminations
loading conditionals from /Users/jan/PychronDev/setupfiles/spectrometer/default_conditionals.yaml
03:10:57 -- ******* Pre Extraction Check *******
Get a measurement from the spectrometer
GetData ===>> H2,-0.155104964884243,H1,-0.00595477187526046,AX,-0.12665566687906,L1,-0.0209360807315531,L2,0.07...
Pre Extraction Termination data. keys=H2,H1,AX,L1,L2,CDD, signals=-0.15510,-0.00595,-0.12666,-0.02094,0.07128,0.00223
03:10:57 -- testing system defined conditionals
Checking default pre extraction terminations n=2
testing CDD
evaluate ot="CDD.inactive" t="CDD", ctx="{'CDD': False}"
GetDeflection CDD ===>> 50
testing CDD==2000
evaluate ot="CDD.deflection==2000" t="CDD==2000", ctx="{'CDD': 50.0}"
03:10:57 -- ******* Pre Extraction Check Passed *******
=================================================================================
03:10:57 -- stopping status monitor
stop 4982387056
Alive clients [4989850544]
03:10:57 -- starting status monitor
start 4982387056
Monitor already running
start extraction
do extraction
Analysis started at 03:10:57.271011
Extraction Started jan_co2.py
03:10:57 -- ******* Extraction Started jan_co2.py *******
state changed from not run to extraction
DO EXTRACTION <pychron.extraction_line.pyscript_runner.RemotePyScriptRunner object at 0x12c299590>
testing...
no interpolation path defined
calculate duration
testing...
no interpolation path defined
executed snippet estimated_duration=0, duration=8.41617584229e-05
calculate duration
testing...
no interpolation path defined
executed snippet estimated_duration=0, duration=9.70363616943e-05
executed snippet estimated_duration=100.0, duration=0.00299000740051
Jan CO2 laser analysis
doing GOSUB
testing...
no interpolation path defined
executed snippet estimated_duration=0, duration=4.50611114502e-05
Waiting for CO2 access
wait ('FelixCO2Flag', 0) {}
waiting for FelixCO2Flag = 0
Read FelixCO2Flag ===>> 0
finished waiting
CO2 free
wait ('CO2PumpTimeFlag', 0) {}
waiting for CO2PumpTimeFlag = 0
Read CO2PumpTimeFlag ===>> 0
finished waiting
acquire ('JanCO2Flag',) {'clear': True}
acquire JanCO2Flag
Set JanCO2Flag 1 ===>> OK
JanCO2Flag acquired
set extraction state False (0.75, 'red', 1.5)
CO2 acquired
executed snippet estimated_duration=0, duration=0.0166230201721
WaitForCO2Access.py completed successfully
gosub finished
doing GOSUB
testing...
no interpolation path defined
executed snippet estimated_duration=0, duration=9.89437103271e-05
Prepare for CO2 analysis
close () {'description': 'Jan Inlet'}
closing name=--- desc=Jan Inlet
checking ownership. requestor=129.138.12.150
check software interlocks R
interlocks []
actuate state mode=None-script, software_lock=False
doing actuation None-script close_channel False
Close R ===>> OK
GetIndicatorState R ===>> False
change switch state (True, True)
update switch state R False args=() kw={} ncanvase=2
03:10:57 -- CLOSE  VALVE-R (Jan Inlet)
---------------------------------------- close None (Jan Inlet) result=[(True, True)]
action=close, ok=True, locked=[False]
open () {'description': 'Jan Ion Pump'}
opening name=--- desc=Jan Ion Pump
checking ownership. requestor=129.138.12.150
check software interlocks O
interlocks []
actuate state mode=None-script, software_lock=False
doing actuation None-script open_channel False
Open O ===>> OK
GetIndicatorState O ===>> OK
change switch state (True, True)
update switch state O True args=() kw={} ncanvase=2
03:10:58 -- OPEN   VALVE-O (Jan Ion Pump)
---------------------------------------- open None (Jan Ion Pump) result=[(True, True)], time=0.09 sec
action=open, ok=True, locked=[False]
close () {'description': 'Microbone to Minibone'}
closing name=--- desc=Microbone to Minibone
checking ownership. requestor=129.138.12.150
check software interlocks L
interlocks []
actuate state mode=None-script, software_lock=False
doing actuation None-script close_channel False
Close L ===>> OK
GetIndicatorState L ===>> False
change switch state (True, True)
update switch state L False args=() kw={} ncanvase=2
03:10:58 -- CLOSE  VALVE-L (Microbone to Minibone)
---------------------------------------- close None (Microbone to Minibone) result=[(True, True)]
action=close, ok=True, locked=[False]
open () {'description': 'Microbone to Turbo'}
opening name=--- desc=Microbone to Turbo
checking ownership. requestor=129.138.12.150
check software interlocks U
interlocks []
actuate state mode=None-script, software_lock=False
doing actuation None-script open_channel False
Open U ===>> OK
GetIndicatorState U ===>> OK
change switch state (True, True)
update switch state U True args=() kw={} ncanvase=2
03:10:59 -- OPEN   VALVE-U (Microbone to Turbo)
---------------------------------------- open None (Microbone to Turbo) result=[(True, True)], time=0.13 sec
action=open, ok=True, locked=[False]
open () {'description': 'Microbone to Inlet Pipette'}
opening name=--- desc=Microbone to Inlet Pipette
checking ownership. requestor=129.138.12.150
check software interlocks S
interlocks []
actuate state mode=None-script, software_lock=False
doing actuation None-script open_channel False
Open S ===>> OK
GetIndicatorState S ===>> OK
change switch state (True, True)
update switch state S True args=() kw={} ncanvase=2
03:10:59 -- OPEN   VALVE-S (Microbone to Inlet Pipette)
---------------------------------------- open None (Microbone to Inlet Pipette) result=[(True, True)], time=0.40 sec
action=open, ok=True, locked=[False]
open () {'description': 'Microbone to Getter D-50'}
opening name=--- desc=Microbone to Getter D-50
checking ownership. requestor=129.138.12.150
check software interlocks K
interlocks []
actuate state mode=None-script, software_lock=False
doing actuation None-script open_channel False
Open K ===>> OK
GetIndicatorState K ===>> OK
change switch state (True, True)
update switch state K True args=() kw={} ncanvase=2
03:11:00 -- OPEN   VALVE-K (Microbone to Getter D-50)
---------------------------------------- open None (Microbone to Getter D-50) result=[(True, True)], time=0.42 sec
action=open, ok=True, locked=[False]
open () {'description': 'Microbone to Getter NP-10'}
opening name=--- desc=Microbone to Getter NP-10
checking ownership. requestor=129.138.12.150
check software interlocks M
interlocks []
actuate state mode=None-script, software_lock=False
doing actuation None-script open_channel False
Open M ===>> OK
GetIndicatorState M ===>> OK
change switch state (True, True)
update switch state M True args=() kw={} ncanvase=2
03:11:00 -- OPEN   VALVE-M (Microbone to Getter NP-10)
---------------------------------------- open None (Microbone to Getter NP-10) result=[(True, True)], time=0.15 sec
action=open, ok=True, locked=[False]
close () {'description': 'CO2 Laser to Felix'}
closing name=--- desc=CO2 Laser to Felix
checking ownership. requestor=129.138.12.150
check software interlocks F
interlocks []
actuate state mode=None-script, software_lock=True
VALVE-F(CO2 Laser to Felix) software locked
change switch state (True, False)
---------------------------------------- close None (CO2 Laser to Felix) result=[(True, False)]
action=close, ok=True, locked=[True]
open () {'description': 'CO2 Laser to Jan'}
opening name=--- desc=CO2 Laser to Jan
checking ownership. requestor=129.138.12.150
check software interlocks A
interlocks []
actuate state mode=None-script, software_lock=False
doing actuation None-script open_channel False
Open A ===>> OK
GetIndicatorState A ===>> OK
change switch state (True, True)
update switch state A True args=() kw={} ncanvase=2
03:11:01 -- OPEN   VALVE-A (CO2 Laser to Jan)
---------------------------------------- open None (CO2 Laser to Jan) result=[(True, True)], time=0.14 sec
action=open, ok=True, locked=[False]
open () {'description': 'Microbone to CO2 Laser'}
opening name=--- desc=Microbone to CO2 Laser
checking ownership. requestor=129.138.12.150
check software interlocks T
interlocks []
actuate state mode=None-script, software_lock=False
doing actuation None-script open_channel False
Open T ===>> OK
GetIndicatorState T ===>> OK
change switch state (True, True)
update switch state T True args=() kw={} ncanvase=2
03:11:01 -- OPEN   VALVE-T (Microbone to CO2 Laser)
---------------------------------------- open None (Microbone to CO2 Laser) result=[(True, True)], time=0.41 sec
action=open, ok=True, locked=[False]
executed snippet estimated_duration=0, duration=4.90398693085
PrepareForCO2Analysis.py completed successfully
gosub finished
set_motor ('beam', '1.25') {}
setting motor "beam" to 1.25
set motor beam to 1.25
SetMotor beam,1.25 ===>> OK
GetMotorMoving beam ===>> False
GetMotorMoving beam ===>> False
Block completed
move_to_position ('175',) {'autocenter': True}
FusionsCO2 move to position 175
sending GoToHole 175,True
GoToHole 175,True ===>> OK
GetDriveMoving ===>> OK
GetDriveMoving ===>> OK
GetDriveMoving ===>> OK
GetDriveMoving ===>> OK
GetDriveMoving ===>> OK
GetDriveMoving ===>> OK
GetDriveMoving ===>> OK
GetDriveMoving ===>> False
GetDriveMoving ===>> OK
GetDriveMoving ===>> OK
GetDriveMoving ===>> OK
GetDriveMoving ===>> OK
GetDriveMoving ===>> OK
GetDriveMoving ===>> False
Block completed
GetAutoCorrecting ===>> False
GetAutoCorrecting ===>> False
Block completed
update position
GetPosition ===>> -1.99390,-7.97560,1.00000
got position (-1.9939, -7.9756, 1.0)
move to position succeeded
sleep (5,) {}
SLEEP 5.0
block started
WaitControl setup for 5.0  
Join finished
block finished. duration 5.02946209908
close () {'description': 'Microbone to Turbo'}
closing name=--- desc=Microbone to Turbo
checking ownership. requestor=129.138.12.150
check software interlocks U
interlocks []
actuate state mode=None-script, software_lock=False
doing actuation None-script close_channel True
Close U ===>> OK
GetIndicatorState U ===>> False
change switch state (True, True)
update switch state U False args=() kw={} ncanvase=2
03:11:13 -- CLOSE  VALVE-U (Microbone to Turbo)
---------------------------------------- close None (Microbone to Turbo) result=[(True, True)]
action=close, ok=True, locked=[False]
enable laser
enable () {}
set extraction state FusionsCO2 Enabled (False, 'red', 1.5)
enabling laser
Enable ===>> OK
begin interval
BEGIN INTERVAL Interval 1 waiting for 30.0
block started
WaitControl setup for 30.0  
set extract to 5.0
extract (5.0,) {}
GetPosition ===>> -1.99390,-7.97560,1.00000
set extraction state FusionsCO2 ON! 5.0(watts) (0.75, 'red', 1.5)
extract sample to 5.0 (watts)
set laser output
SetLaserOutput 5.0,watts ===>> OK
executing pattern triangle.lp
execute_pattern ('triangle.lp',) {}
executing pattern triangle.lp
IsPatterning ===>> OK
IsPatterning ===>> OK
IsPatterning ===>> OK
IsPatterning ===>> OK
IsPatterning ===>> OK
IsPatterning ===>> OK
IsPatterning ===>> OK
IsPatterning ===>> OK
IsPatterning ===>> OK
IsPatterning ===>> OK
IsPatterning ===>> OK
IsPatterning ===>> OK
IsPatterning ===>> OK
IsPatterning ===>> OK
IsPatterning ===>> OK
IsPatterning ===>> OK
IsPatterning ===>> OK
IsPatterning ===>> OK
IsPatterning ===>> OK
IsPatterning ===>> OK
IsPatterning ===>> OK
IsPatterning ===>> OK
IsPatterning ===>> OK
IsPatterning ===>> OK
IsPatterning ===>> OK
IsPatterning ===>> OK
IsPatterning ===>> False
IsPatterning ===>> False
Block completed
COMPLETE INTERVAL waiting for Interval 1 to complete
Join finished
block finished. duration 30.130753994
Interval 1 finished
end_extract () {}
ending extraction. set laser power to 0
set laser power 0
SetLaserPower 0 ===>> OK
disable () {}
%%%%%%%%%%%%%%%%%%%%%%%%%%%%%%%%%%% disable
set extraction state False (0.75, 'red', 1.5)
disabling laser
Disable ===>> OK
sleep (30.0,) {}
SLEEP 30.0
block started
WaitControl setup for 30.0  
Join finished
block finished. duration 30.1762201786
executed snippet estimated_duration=166.5, duration=77.5682561398
jan_co2.py completed successfully
GetAchievedOutput ===>> No Response
Requested Output= 0.000
Achieved Output=  0.000
GetResponseBlob ===>> No Response
GetOutputBlob ===>> No Response
persistence save...
persistence save - db
AutomatedRunPersister post_extraction_save deprecated
persistence save - dvc
no extraction position for 175
create new session 4989601072
close session 4989601072
Extraction Finished
03:12:14 -- ******* Extraction Finished *******
no overlap. not waiting for min ms pumptime
03:12:14 -- Sending spectrometer configuration
======== Sending configuration ========
SetDeflection CDD,50.0 ===>> OK
SetDeflection H2,0.0 ===>> OK
SetDeflection H1,0.0 ===>> OK
SetDeflection L2,825.0 ===>> OK
SetDeflection L1,400.0 ===>> OK
SetDeflection AX,190.0 ===>> OK
SetZFocus 74.64 ===>> OK
SetZSymmetry -50.72 ===>> OK
SetExtractionLens 26.13 ===>> OK
SetIonRepeller -3.81 ===>> OK
SetElectronEnergy 75.08 ===>> OK
SetYSymmetry -2.81 ===>> OK
SetIonCounterVoltage 1590.0 ===>> OK
send trap current 200.0
GetParameter Trap Current Readback ===>> 198.482695477019
SetParameter Trap Current Set,200.0 ===>> OK
updating mftable name mftable
Using mftable located at /Users/jan/PychronDev/setupfiles/spectrometer/mftables/mftable.csv
============ MFtable ===========
Isotope  H2     H1     AX     L1     L2     CDD    
Ar40     5.8127 5.8792 5.9928 6.1526 6.2310 6.3808
Ar39     5.7119 5.7715 5.8852 6.0387 6.1161 6.2673
Ar36     5.3894 5.4405 5.5486 5.6975 5.7711 5.9184
================================
get initial guess parabolic
get initial guess parabolic
get initial guess parabolic
get initial guess parabolic
get initial guess parabolic
get initial guess parabolic
======== Configuration Finished ========
GetYSymmetry ===>> -2.81
GetZSymmetry ===>> -50.72
GetParameter Trap Current Readback ===>> 198.035158395898
GetHighVoltage ===>> 4499.94659342336
start measurement
do measurement
L#=25340 analysis type=unknown
Measurement Started jan_unknown120_60.py
03:12:15 -- ******* Measurement Started jan_unknown120_60.py *******
state changed from extraction to measurement
setting spec, defl, and gains
GetExtractionLens ===>> 26.13
GetYSymmetry ===>> -2.81
GetZSymmetry ===>> -50.72
GetZFocus ===>> 74.64
GetDeflection H2 ===>> 0
GetDeflection H1 ===>> 0
GetDeflection AX ===>> 190
GetDeflection L1 ===>> 400
GetDeflection L2 ===>> 825
GetDeflection CDD ===>> 50
GetGain H2 ===>> 0.0113
GetGain H1 ===>> 0.1
GetGain AX ===>> 0.097049
GetGain L1 ===>> 0.010355
GetGain L2 ===>> 0.095649
GetGain CDD ===>> 0
pre measurement save
New frame /Users/jan/PychronDev/data/isotopes/55/cb85b3-b71d-4c43-b5a8-8d45e098a2f1.h5
flush and close file /Users/jan/PychronDev/data/isotopes/55/cb85b3-b71d-4c43-b5a8-8d45e098a2f1.h5
testing...
no interpolation path defined
executed snippet estimated_duration=226.132928, duration=0.000150203704834
unknown measurement script
activate_detectors ('H2', 'H1', 'AX', 'L1', 'L2', 'CDD') {}
activate detectors
*************** Set Analysis View Ar/Ar
create graphs
clearing graphs
clear isotope group
setting isotope det=H2, iso=PM41
setting isotope det=H1, iso=Ar40
setting isotope det=AX, iso=Ar39
setting isotope det=L1, iso=Ar38
setting isotope det=L2, iso=Ar37
setting isotope det=CDD, iso=Ar36
setting previous blanks
 - setting Ar40 blank 0.667+/-0.008
 - setting Ar36 blank 0.00602+/-0.00019
 - setting Ar37 blank 0.048+/-0.005
 - setting Ar38 blank 0.0167+/-0.0022
 - setting PM41 blank 0.02+/-0.06
 - setting Ar39 blank 0.035+/-0.009
load analysis view
position_magnet ('Ar40',) {'detector': 'H1'}
detector Detector(H1)
POSITION Ar40 H1
setting detector H2 to PM41 (40.9624)
setting detector H1 to Ar40 (39.9624)
setting detector AX to Ar39 (38.9624)
setting detector L1 to Ar38 (37.9624)
setting detector L2 to Ar37 (36.9624)
setting detector CDD to Ar36 (35.9624)
Mapping mass to dac mass func: "parabolic"
H1 map mass coeffs = [-0.00063987  0.15840543  0.57081999]
H1 map mass to dac 39.9624 >> 5.87921
GetDeflection H1 ===>> 0
GetHighVoltage ===>> 4499.94659342336
positioning Ar40 (5.87917537788) on H1
setting magnet DAC
current  : 5.879171
requested: 5.879175
Delta Dac: 0.000005
Checking detector protection. dv=0.00000
Checking detector "CDD". Protection Threshold: 0.1 (V)
SetMagnetDAC 5.87917537788 ===>> OK
Magnet settling time: 0.500
equilibrate () {'delay': 3, 'inlet': 'R', 'outlet': 'O', 'eqtime': 12.0}
Equilibration Started
03:12:16 -- ******* Equilibration Started *******
checking ownership. requestor=129.138.12.150
check software interlocks O
interlocks []
actuate state mode=None-script, software_lock=False
doing actuation None-script close_channel True
Close O ===>> OK
GetIndicatorState O ===>> False
change switch state (True, True)
update switch state O False args=() kw={} ncanvase=2
03:12:16 -- CLOSE  VALVE-O (Jan Ion Pump)
waiting 3s before opening inlet value ('R',)
update labels <pychron.experiment.plot_panel.PlotPanel object at 0x209d6f950>
update labels "<pychron.graph.stacked_regression_graph.StackedRegressionGraph object at 0x221973cb0>"
setting label 0 H2 PM41
setting label 1 H1 Ar40
setting label 2 AX Ar39
setting label 3 L1 Ar38
setting label 4 L2 Ar37
setting label 5 CDD Ar36
update labels "<pychron.graph.stacked_graph.StackedGraph object at 0x1eca8e770>"
setting label 0 H2 PM41
setting label 1 H1 Ar40
setting label 2 AX Ar39
setting label 3 L1 Ar38
setting label 4 L2 Ar37
setting label 5 CDD Ar36
checking ownership. requestor=129.138.12.150
check software interlocks R
interlocks []
actuate state mode=None-script, software_lock=False
doing actuation None-script open_channel True
Open R ===>> OK
GetIndicatorState R ===>> OK
change switch state (True, True)
update switch state R True args=() kw={} ncanvase=2
03:12:20 -- OPEN   VALVE-R (Jan Inlet)
equilibrating for 12.0sec
set_time_zero () {}
sniff (12.0,) {}
py_sniff
build tables- sniff [Detector(H2), Detector(H1), Detector(AX), Detector(L1), Detector(L2), Detector(CDD)]
add group /sniff/PM41 (Group) '' table H2
add group /sniff/Ar40 (Group) '' table H1
add group /sniff/Ar39 (Group) '' table AX
add group /sniff/Ar38 (Group) '' table L1
add group /sniff/Ar37 (Group) '' table L2
add group /sniff/Ar36 (Group) '' table CDD
flush and close file /Users/jan/PychronDev/data/isotopes/55/cb85b3-b71d-4c43-b5a8-8d45e098a2f1.h5
measuring sniff. ncounts=12.0
"sniff" increment series count="1" fit count="0" regressing="False"
starting measurement
GetData ===>> H2,-0.147442110816079,H1,6.35936856345933,AX,0.866651981657981,L1,0.00307768367280149,L2,-0.02104...
GetData ===>> H2,0.719412675671458,H1,662.217875145726,AX,87.8297354228016,L1,0.418422779212429,L2,0.5197380929...
GetData ===>> H2,0.819320197044335,H1,1340.24392420318,AX,170.751698257497,L1,1.32136565860076,L2,0.44486349246...
GetData ===>> H2,0.295211747412505,H1,1559.89407958439,AX,194.207481082532,L1,1.88606863494851,L2,0.28220940575...
GetData ===>> H2,-0.0736877048365667,H1,1636.99344051567,AX,201.901192994607,L1,2.21097969960346,L2,0.435322207...
GetData ===>> H2,-0.0942772077487365,H1,1667.15126041084,AX,204.650498331136,L1,2.37014505534121,L2,0.458600400...
GetData ===>> H2,-0.0283018850317165,H1,1679.50220566061,AX,205.564022130242,L1,2.41577798818875,L2,0.363319927...
GetData ===>> H2,-0.000885967029426803,H1,1684.49588132824,AX,205.968671596967,L1,2.47665099527287,L2,0.4023244...
GetData ===>> H2,-0.0415398207594245,H1,1686.85953903865,AX,206.439056032916,L1,2.59785374796228,L2,0.494522068...
GetData ===>> H2,-0.0287692083453312,H1,1688.00187929729,AX,206.589479641502,L1,2.62573671157831,L2,0.412023785...
GetData ===>> H2,-0.071809926367155,H1,1688.29418776554,AX,206.392727251114,L1,2.64459124088878,L2,0.4710943609...
Equilibration Finished
03:12:32 -- ******* Equilibration Finished *******
checking ownership. requestor=129.138.12.150
check software interlocks R
interlocks []
actuate state mode=None-script, software_lock=False
doing actuation None-script close_channel True
GetData ===>> H2,-0.131421746026458,H1,1687.98117193707,AX,206.434991676438,L1,2.64849114082337,L2,0.4778559395...
Close R ===>> OK
GetIndicatorState R ===>> False
change switch state (True, True)
update switch state R False args=() kw={} ncanvase=2
03:12:33 -- CLOSE  VALVE-R (Jan Inlet)
Post Equilibration Started jan_pump_extraction_line.py
03:12:33 -- ******* Post Equilibration Started jan_pump_extraction_line.py *******
testing...
no interpolation path defined
calculate duration
testing...
no interpolation path defined
executed snippet estimated_duration=4.0, duration=0.00015115737915
executed snippet estimated_duration=4.0, duration=0.00149703025818
Pump after analysis
doing GOSUB
testing...
no interpolation path defined
executed snippet estimated_duration=4.0, duration=0.000142097473145
Pump Microbone
close () {'description': 'Jan Inlet'}
closing name=--- desc=Jan Inlet
checking ownership. requestor=129.138.12.150
check software interlocks R
interlocks []
actuate state mode=None-script, software_lock=False
doing actuation None-script close_channel False
Close R ===>> OK
measurement finished
estimated time: 12.583 actual time: :12.694
flush and close file /Users/jan/PychronDev/data/isotopes/55/cb85b3-b71d-4c43-b5a8-8d45e098a2f1.h5
set_fits () {}
using default fits file=/Users/jan/PychronDev/scripts/measurement/fits/nominal_linear.yaml
set "Ar40" to "('Linear', 'SEM')"
No fit for "PM41". defaulting to linear. check the measurement script "jan_unknown120_60.py"
set "PM41" to "linear"
set "Ar36" to "('Linear', 'SEM')"
set "Ar37" to "('linear', 'SEM')"
set "Ar38" to "('linear', 'SEM')"
set "Ar39" to "('Linear', 'SEM')"
set_baseline_fits () {}
using default fits file=/Users/jan/PychronDev/scripts/measurement/fits/nominal_linear.yaml
GetIndicatorState R ===>> False
set "H1" to "('average', 'SEM')"
change switch state (True, True)
set "H2" to "('average', 'SEM')"
update switch state R False args=() kw={} ncanvase=2
set "CDD" to "('average', 'SEM')"
set "L2" to "('average', 'SEM')"
set "L1" to "('average', 'SEM')"
set "AX" to "('average', 'SEM')"
multicollect () {'integration_time': 1, 'ncounts': 120}
03:12:33 -- CLOSE  VALVE-R (Jan Inlet)
build tables- signal [Detector(H2), Detector(H1), Detector(AX), Detector(L1), Detector(L2), Detector(CDD)]
---------------------------------------- close None (Jan Inlet) result=[(True, True)]
add group /signal/PM41 (Group) '' table H2
add group /signal/Ar40 (Group) '' table H1
add group /signal/Ar39 (Group) '' table AX
add group /signal/Ar38 (Group) '' table L1
add group /signal/Ar37 (Group) '' table L2
add group /signal/Ar36 (Group) '' table CDD
flush and close file /Users/jan/PychronDev/data/isotopes/55/cb85b3-b71d-4c43-b5a8-8d45e098a2f1.h5
measuring signal. ncounts=120
action=close, ok=True, locked=[False]
is_closed ('F',) {}
is F () closed?
is closed True
open () {'description': 'CO2 Laser to Jan'}
opening name=--- desc=CO2 Laser to Jan
checking ownership. requestor=129.138.12.150
check software interlocks A
interlocks []
actuate state mode=None-script, software_lock=False
doing actuation None-script open_channel False
Open A ===>> OK
GetIndicatorState A ===>> OK
change switch state (True, True)
update switch state A True args=() kw={} ncanvase=2
03:12:33 -- OPEN   VALVE-A (CO2 Laser to Jan)
---------------------------------------- open None (CO2 Laser to Jan) result=[(True, True)], time=0.12 sec
starting measurement
GetData ===>> H2,0.00934543243941019,H1,1687.89339577948,AX,206.524919205046,L1,2.64252233740197,L2,0.358523981...
"signal" increment series count="2" fit count="1" regressing="True"
action=open, ok=True, locked=[False]
sleep (1,) {}
SLEEP 1.0
GetData ===>> H2,0.0867406049059178,H1,1687.65271773402,AX,206.21622239271,L1,2.65207865398317,L2,0.46331685086...
close () {'description': 'CO2 Laser to Roughing'}
closing name=--- desc=CO2 Laser to Roughing
checking ownership. requestor=129.138.12.150
check software interlocks G
interlocks []
actuate state mode=None-script, software_lock=True
VALVE-G(CO2 Laser to Roughing) software locked
change switch state (True, False)
---------------------------------------- close None (CO2 Laser to Roughing) result=[(True, False)]
action=close, ok=True, locked=[True]
open () {'description': 'Microbone to Turbo'}
opening name=--- desc=Microbone to Turbo
checking ownership. requestor=129.138.12.150
check software interlocks U
interlocks []
actuate state mode=None-script, software_lock=False
doing actuation None-script open_channel True
Open U ===>> OK
GetIndicatorState U ===>> OK
change switch state (True, True)
update switch state U True args=() kw={} ncanvase=2
03:12:35 -- OPEN   VALVE-U (Microbone to Turbo)
---------------------------------------- open None (Microbone to Turbo) result=[(True, True)], time=0.18 sec
action=open, ok=True, locked=[False]
open () {'description': 'Microbone to Getter NP-10'}
opening name=--- desc=Microbone to Getter NP-10
checking ownership. requestor=129.138.12.150
check software interlocks M
interlocks []
actuate state mode=None-script, software_lock=False
doing actuation None-script open_channel False
Open M ===>> OK
GetIndicatorState M ===>> OK
change switch state (True, True)
update switch state M True args=() kw={} ncanvase=2
03:12:35 -- OPEN   VALVE-M (Microbone to Getter NP-10)
---------------------------------------- open None (Microbone to Getter NP-10) result=[(True, True)], time=0.16 sec
action=open, ok=True, locked=[False]
open () {'description': 'Microbone to Getter D-50'}
opening name=--- desc=Microbone to Getter D-50
checking ownership. requestor=129.138.12.150
check software interlocks K
interlocks []
actuate state mode=None-script, software_lock=False
doing actuation None-script open_channel False
GetData ===>> H2,-0.0176680172346149,H1,1687.09976124442,AX,206.32452054908,L1,2.61754850046084,L2,0.4167995573...
Open K ===>> OK
GetIndicatorState K ===>> OK
change switch state (True, True)
update switch state K True args=() kw={} ncanvase=2
03:12:36 -- OPEN   VALVE-K (Microbone to Getter D-50)
---------------------------------------- open None (Microbone to Getter D-50) result=[(True, True)], time=0.41 sec
action=open, ok=True, locked=[False]
open () {'description': 'Microbone to CO2 Laser'}
opening name=--- desc=Microbone to CO2 Laser
checking ownership. requestor=129.138.12.150
check software interlocks T
interlocks []
actuate state mode=None-script, software_lock=False
doing actuation None-script open_channel False
Open T ===>> OK
GetIndicatorState T ===>> OK
change switch state (True, True)
update switch state T True args=() kw={} ncanvase=2
03:12:37 -- OPEN   VALVE-T (Microbone to CO2 Laser)
---------------------------------------- open None (Microbone to CO2 Laser) result=[(True, True)], time=0.42 sec
GetData ===>> H2,-0.120890584263686,H1,1686.82242358959,AX,206.288538555607,L1,2.65414342768802,L2,0.4466104713...
action=open, ok=True, locked=[False]
open () {'description': 'Microbone to Inlet Pipette'}
opening name=--- desc=Microbone to Inlet Pipette
checking ownership. requestor=129.138.12.150
check software interlocks S
interlocks []
actuate state mode=None-script, software_lock=False
doing actuation None-script open_channel False
Open S ===>> OK
GetIndicatorState S ===>> OK
change switch state (True, True)
update switch state S True args=() kw={} ncanvase=2
03:12:37 -- OPEN   VALVE-S (Microbone to Inlet Pipette)
---------------------------------------- open None (Microbone to Inlet Pipette) result=[(True, True)], time=0.41 sec
action=open, ok=True, locked=[False]
sleep (1,) {}
SLEEP 1.0
testing H1>-5.0
evaluate ot="H1.bs>-5.0" t="H1>-5.0", ctx="{'H1': None}"
GetData ===>> H2,-0.0639468872404943,H1,1686.08549808356,AX,206.14665894875,L1,2.63444987759927,L2,0.3782003048...
set_resource () {'name': 'CO2PumpTimeFlag', 'value': 30}
Set CO2PumpTimeFlag 30 ===>> OK
release ('JanCO2Flag',) {}
release JanCO2Flag
Set JanCO2Flag 0 ===>> OK
executed snippet estimated_duration=6.0, duration=6.01136684418
PumpMicrobone.py completed successfully
gosub finished
get_resource_value () {'name': 'JanMiniboneFlag'}
Read JanMiniboneFlag ===>> 0
Get Resource Value JanMiniboneFlag=0.0
get resource value 0.0
get_resource_value () {'name': 'JanMiniboneFlag'}
Read JanMiniboneFlag ===>> 0
Get Resource Value JanMiniboneFlag=0.0
executed snippet estimated_duration=4.0, duration=6.02433395386
jan_pump_extraction_line.py completed successfully
Post Equilibration Finished
03:12:39 -- ******* Post Equilibration Finished *******
GetData ===>> H2,-0.176720037150287,H1,1684.63158323135,AX,205.832301160081,L1,2.63862855080273,L2,0.4208785752...
GetData ===>> H2,-0.0640499095027562,H1,1683.61009508215,AX,206.008115683714,L1,2.66694902984029,L2,0.372033175...
GetData ===>> H2,-0.0440539690627032,H1,1682.57947895289,AX,205.979701788143,L1,2.65609451420273,L2,0.304837197...
GetData ===>> H2,-0.0672206061428928,H1,1682.64445261386,AX,205.892694380052,L1,2.590980400628,L2,0.38405944510...
testing H1>-5.0
evaluate ot="H1.bs>-5.0" t="H1>-5.0", ctx="{'H1': None}"
GetData ===>> H2,-0.0182888391626043,H1,1682.12803390155,AX,205.834449380774,L1,2.58096191781568,L2,0.377492206...
GetData ===>> H2,-0.136242941093181,H1,1681.35266002064,AX,205.624605333563,L1,2.62927799110035,L2,0.4305226579...
GetData ===>> H2,-0.0607513785466968,H1,1680.68820568472,AX,205.436674744071,L1,2.62717344276273,L2,0.378611460...
GetData ===>> H2,-0.102617958672044,H1,1679.93854530765,AX,205.604138562525,L1,2.63412704393404,L2,0.4379049217...
GetData ===>> H2,-0.047091554523159,H1,1679.37702126498,AX,205.381483740253,L1,2.64986022445494,L2,0.3929230748...
testing H1>-5.0
evaluate ot="H1.bs>-5.0" t="H1>-5.0", ctx="{'H1': None}"
GetData ===>> H2,0.0125388426048954,H1,1679.45398535997,AX,205.220245172795,L1,2.65854165149198,L2,0.3599284836...
GetData ===>> H2,-0.0626698759917263,H1,1678.97552675693,AX,205.270721638604,L1,2.61116092301581,L2,0.348396190...
GetData ===>> H2,0.0126368224397536,H1,1677.37922169821,AX,205.187268377751,L1,2.63448243276259,L2,0.5244575508...
GetData ===>> H2,-0.0500167433729628,H1,1676.70208642289,AX,205.297800196528,L1,2.63240722723986,L2,0.381740873...
GetData ===>> H2,-0.196518365205902,H1,1676.50565920806,AX,205.210213361123,L1,2.64548462376148,L2,0.3786000398...
testing H1>-5.0
evaluate ot="H1.bs>-5.0" t="H1>-5.0", ctx="{'H1': None}"
GetData ===>> H2,-0.0137140693646839,H1,1675.59207245402,AX,204.953987883337,L1,2.60205604328839,L2,0.542663349...
GetData ===>> H2,-0.128776367198604,H1,1675.19005313037,AX,204.80103028213,L1,2.60971140795053,L2,0.45455791429...
GetData ===>> H2,-0.126813546574567,H1,1674.06402874383,AX,204.990537754686,L1,2.6331219775553,L2,0.35249513344...
GetData ===>> H2,-0.0843830952513522,H1,1673.41747791019,AX,204.898401012514,L1,2.61329805322972,L2,0.394225275...
GetData ===>> H2,-0.126813546574567,H1,1672.68697504973,AX,204.741937003157,L1,2.60625582579453,L2,0.4272431038...
testing H1>-5.0
evaluate ot="H1.bs>-5.0" t="H1>-5.0", ctx="{'H1': None}"
03:12:59 -- collecting point 25
GetData ===>> H2,-0.00692122160072481,H1,1672.33957099952,AX,204.757387180842,L1,2.60489231882173,L2,0.37955941...
GetData ===>> H2,0.00456991010272756,H1,1671.77989171269,AX,204.523752968308,L1,2.59471590922843,L2,0.335061564...
GetData ===>> H2,-0.0403551430368425,H1,1670.8447715647,AX,204.376491748683,L1,2.60923821991813,L2,0.3597914581...
GetData ===>> H2,-0.0458194398766829,H1,1669.77766826134,AX,204.282092755859,L1,2.61158943992177,L2,0.476496732...
GetData ===>> H2,-0.00218953135047444,H1,1668.7691505771,AX,204.061192488218,L1,2.64701901618088,L2,0.354413362...
testing H1>-5.0
evaluate ot="H1.bs>-5.0" t="H1>-5.0", ctx="{'H1': None}"
GetData ===>> H2,-0.0967692421353473,H1,1668.73762582792,AX,204.305866631446,L1,2.62796311162252,L2,0.483532835...
GetData ===>> H2,-0.125453431812692,H1,1668.60403896656,AX,204.152583468928,L1,2.61403526188545,L2,0.3807015314...
GetData ===>> H2,-0.0425140681948822,H1,1667.17207277692,AX,204.174118486621,L1,2.59379381745469,L2,0.469221305...
GetData ===>> H2,-0.0222086102811154,H1,1666.7896246567,AX,203.947008951802,L1,2.61411250893965,L2,0.4342708570...
GetData ===>> H2,-0.0285504925516865,H1,1666.28308910962,AX,203.910477757194,L1,2.63128520523416,L2,0.364153532...
testing H1>-5.0
evaluate ot="H1.bs>-5.0" t="H1>-5.0", ctx="{'H1': None}"
GetData ===>> H2,-0.0988328830452384,H1,1665.59735665596,AX,203.742618895487,L1,2.60756933847841,L2,0.346112732...
GetData ===>> H2,-0.059730307783559,H1,1664.91451845342,AX,203.496610522667,L1,2.602072302766,L2,0.367567965111...
GetData ===>> H2,-0.0589437632066807,H1,1664.001441137,AX,203.609872404822,L1,2.56579889940438,L2,0.47320730300...
GetData ===>> H2,-0.123801065196068,H1,1662.5320972692,AX,203.605860984332,L1,2.55757436181244,L2,0.35034858967...
GetData ===>> H2,-0.179346493174154,H1,1662.86194316188,AX,203.467598600006,L1,2.5829058798357,L2,0.44621083283...
testing H1>-5.0
evaluate ot="H1.bs>-5.0" t="H1>-5.0", ctx="{'H1': None}"
GetData ===>> H2,-0.197475937257339,H1,1661.91705548091,AX,203.504581595794,L1,2.58364104407054,L2,0.3400732483...
GetData ===>> H2,-0.173122650245256,H1,1661.72998570103,AX,203.477280890612,L1,2.5379193286359,L2,0.44005342732...
GetData ===>> H2,-0.22862137131733,H1,1661.58383880513,AX,203.47165656154,L1,2.56350311155957,L2,0.398954466905...
GetData ===>> H2,-0.133024530465869,H1,1660.410162832,AX,203.348269822193,L1,2.54519729753805,L2,0.350976562930...
GetData ===>> H2,-0.0856358560265721,H1,1659.52285580747,AX,203.277186530277,L1,2.55982026873052,L2,0.406322875...
testing H1>-5.0
evaluate ot="H1.bs>-5.0" t="H1>-5.0", ctx="{'H1': None}"
GetData ===>> H2,-0.154919860253391,H1,1659.47973996715,AX,203.193974447767,L1,2.56843888515785,L2,0.3302556182...
GetData ===>> H2,-0.11690504460321,H1,1658.7676156975,AX,203.150022922042,L1,2.58551233967154,L2,0.389564850664...
GetData ===>> H2,-0.108716641418824,H1,1658.25337970566,AX,203.173064258514,L1,2.60166175807409,L2,0.4035011079...
GetData ===>> H2,-0.0459185531651051,H1,1657.28933300179,AX,202.800907579257,L1,2.59238949259796,L2,0.338474960...
GetData ===>> H2,-0.018322799999876,H1,1656.62695550695,AX,202.721210136545,L1,2.53100955945383,L2,0.3283378730...
testing H1>-5.0
evaluate ot="H1.bs>-5.0" t="H1>-5.0", ctx="{'H1': None}"
03:13:25 -- collecting point 50
GetData ===>> H2,0.0540462725799549,H1,1655.73497838323,AX,202.681730024365,L1,2.50121715274897,L2,0.4193017914...
GetData ===>> H2,-0.0541731554243622,H1,1655.54348017821,AX,202.717183611112,L1,2.5342253780639,L2,0.3527006561...
GetData ===>> H2,-0.13844797185339,H1,1654.82105011886,AX,202.831723051859,L1,2.53407143330542,L2,0.42066148029...
GetData ===>> H2,-0.167502792529073,H1,1653.91669732006,AX,202.516843722306,L1,2.56923194797341,L2,0.3926717751...
GetData ===>> H2,-0.136793224953358,H1,1653.13984602588,AX,202.402728422797,L1,2.54791861411334,L2,0.4500360125...
testing H1>-5.0
evaluate ot="H1.bs>-5.0" t="H1>-5.0", ctx="{'H1': None}"
GetData ===>> H2,-0.0680466576377729,H1,1652.46815731373,AX,202.395228739281,L1,2.56282001152371,L2,0.377926201...
GetData ===>> H2,-0.0393169221019389,H1,1651.62591305786,AX,202.152865789717,L1,2.60070116851051,L2,0.450264386...
GetData ===>> H2,-0.108774811444074,H1,1651.24389545169,AX,202.229021981469,L1,2.5563778981098,L2,0.38729183369...
GetData ===>> H2,-0.0838291278289394,H1,1651.57238209947,AX,202.0939125276,L1,2.55511127117862,L2,0.49269425020...
GetData ===>> H2,-0.0199514430244847,H1,1650.90377140223,AX,202.199651997892,L1,2.55793264949633,L2,0.479420764...
testing H1>-5.0
evaluate ot="H1.bs>-5.0" t="H1>-5.0", ctx="{'H1': None}"
GetData ===>> H2,-0.0564698618772381,H1,1649.80610609296,AX,202.230299035883,L1,2.58409056018612,L2,0.440739130...
GetData ===>> H2,-0.0679286539526911,H1,1649.14440099646,AX,201.962244013627,L1,2.60217257005833,L2,0.441801980...
GetData ===>> H2,-0.0325111793150503,H1,1648.61472100127,AX,201.912111308897,L1,2.57921317771945,L2,0.329125513...
GetData ===>> H2,-0.0941715550871209,H1,1647.85471500693,AX,201.946571749917,L1,2.57244401277742,L2,0.331796691...
GetData ===>> H2,-0.160319079576132,H1,1646.54566623643,AX,201.584629686614,L1,2.54899894015212,L2,0.4529478187...
testing H1>-5.0
evaluate ot="H1.bs>-5.0" t="H1>-5.0", ctx="{'H1': None}"
GetData ===>> H2,-0.0814775133661841,H1,1646.11492723973,AX,201.626954781697,L1,2.52165639607315,L2,0.332207648...
GetData ===>> H2,-0.0242745030631618,H1,1645.802258511,AX,201.635956771899,L1,2.53303653278562,L2,0.34984621403...
GetData ===>> H2,-0.172263323176355,H1,1644.66562089554,AX,201.60633433981,L1,2.55620350884876,L2,0.40071369440...
GetData ===>> H2,-0.149165533266052,H1,1643.56853452456,AX,201.221374871911,L1,2.55004285728334,L2,0.4282029617...
GetData ===>> H2,-0.129875236294894,H1,1643.54941329367,AX,201.371197639101,L1,2.52813728335504,L2,0.3537625302...
testing H1>-5.0
evaluate ot="H1.bs>-5.0" t="H1>-5.0", ctx="{'H1': None}"
GetData ===>> H2,-0.0942677261397317,H1,1643.29957383019,AX,201.422892728193,L1,2.53097713082624,L2,0.483704175...
GetData ===>> H2,-0.100148867764266,H1,1642.53416778784,AX,201.460682409043,L1,2.56135114751564,L2,0.4559396490...
GetData ===>> H2,-0.124901768234088,H1,1641.48040462706,AX,201.36383395737,L1,2.55009018740878,L2,0.40884768545...
GetData ===>> H2,-0.134854268317208,H1,1641.0923616061,AX,201.063977301929,L1,2.51981368657918,L2,0.41062994421...
GetData ===>> H2,-0.114971296821343,H1,1641.35714183885,AX,201.047584720693,L1,2.56022325390059,L2,0.3110684805...
testing H1>-5.0
evaluate ot="H1.bs>-5.0" t="H1>-5.0", ctx="{'H1': None}"
03:13:52 -- collecting point 75
GetData ===>> H2,-0.0487843191987217,H1,1640.39500365995,AX,201.031783086238,L1,2.57265249675781,L2,0.459411202...
GetData ===>> H2,0.0333818073312564,H1,1639.12686434726,AX,200.897920776124,L1,2.54937755184428,L2,0.3783373566...
GetData ===>> H2,-0.0981450443793938,H1,1638.26682852671,AX,200.773165220307,L1,2.53095551179271,L2,0.294019008...
GetData ===>> H2,-0.128873688313397,H1,1638.20086398547,AX,200.724865345341,L1,2.54198609162452,L2,0.3721816389...
GetData ===>> H2,-0.00469230814615329,H1,1637.16981388442,AX,200.416506504884,L1,2.53406063024296,L2,0.43336807...
testing H1>-5.0
evaluate ot="H1.bs>-5.0" t="H1>-5.0", ctx="{'H1': None}"
GetData ===>> H2,-0.164685742995932,H1,1636.4083679396,AX,200.611480192376,L1,2.55057567066659,L2,0.57376863131...
GetData ===>> H2,-0.142382433965091,H1,1636.15782990588,AX,200.459289388707,L1,2.57558661833479,L2,0.4772734198...
GetData ===>> H2,-0.114655965921162,H1,1634.75829426217,AX,200.393058728334,L1,2.57910896564024,L2,0.3415802294...
GetData ===>> H2,-0.182234081834427,H1,1634.66129166272,AX,200.455804250239,L1,2.56407802958353,L2,0.3663460639...
GetData ===>> H2,-0.0867327548217892,H1,1634.02895915088,AX,200.360551907568,L1,2.5118589531779,L2,0.3664602596...
testing H1>-5.0
evaluate ot="H1.bs>-5.0" t="H1>-5.0", ctx="{'H1': None}"
GetData ===>> H2,-0.0726844538173661,H1,1633.35798264757,AX,200.257030738007,L1,2.52779282122687,L2,0.437562079...
GetData ===>> H2,-0.0356735789331386,H1,1632.90130889913,AX,199.914946032137,L1,2.54918418786566,L2,0.385567118...
GetData ===>> H2,-0.0733243754969387,H1,1632.32813735569,AX,200.068197843512,L1,2.52882894088791,L2,0.394510847...
GetData ===>> H2,-0.121078597908859,H1,1631.19260258386,AX,200.258183974163,L1,2.51593485140745,L2,0.3473001234...
GetData ===>> H2,-0.102335069221793,H1,1630.80917751628,AX,200.089629266853,L1,2.51350349630138,L2,0.3438064949...
testing H1>-5.0
evaluate ot="H1.bs>-5.0" t="H1>-5.0", ctx="{'H1': None}"
GetData ===>> H2,-0.160545960673503,H1,1630.22574993432,AX,199.814296935957,L1,2.50293028480879,L2,0.4211985055...
GetData ===>> H2,-0.04554653444775,H1,1629.52956526937,AX,200.015864136903,L1,2.53975256915551,L2,0.39404250912...
GetData ===>> H2,0.00923795781615209,H1,1628.97169833114,AX,199.753018230822,L1,2.55322308348473,L2,0.459639598...
GetData ===>> H2,0.02611771171712,H1,1628.32205692281,AX,199.718769496972,L1,2.55885613744758,L2,0.441139126645...
GetData ===>> H2,-0.0418152779951557,H1,1627.89123958557,AX,199.547859456992,L1,2.54785777277834,L2,0.417496520...
testing H1>-5.0
evaluate ot="H1.bs>-5.0" t="H1>-5.0", ctx="{'H1': None}"
GetData ===>> H2,-0.0791335427425275,H1,1627.02103974456,AX,199.663142673941,L1,2.53113522126202,L2,0.438682035...
GetData ===>> H2,-0.08657702872221,H1,1626.62748759783,AX,199.561933437707,L1,2.5036034682693,L2,0.479660630637...
GetData ===>> H2,-0.105324678598046,H1,1626.15752316949,AX,199.577606314948,L1,2.52155649058594,L2,0.3264315810...
GetData ===>> H2,-0.0650123092721452,H1,1625.53617153967,AX,199.365546939499,L1,2.53218380850692,L2,0.350953727...
GetData ===>> H2,-0.0329308010772471,H1,1624.65849979867,AX,199.121013294388,L1,2.51125952950633,L2,0.487542274...
testing H1>-5.0
evaluate ot="H1.bs>-5.0" t="H1>-5.0", ctx="{'H1': None}"
03:14:18 -- collecting point 100
GetData ===>> H2,-0.0683233511350167,H1,1623.4737146004,AX,199.238538069473,L1,2.50546673579956,L2,0.3777891505...
GetData ===>> H2,-0.0325084632662662,H1,1622.44540596704,AX,199.112729921531,L1,2.51725598954865,L2,0.370982519...
GetData ===>> H2,-0.0550400707106348,H1,1622.85852444115,AX,198.985100883355,L1,2.55089753452882,L2,0.388708179...
GetData ===>> H2,-0.153363240419411,H1,1622.25565050956,AX,198.766654339406,L1,2.54341453350681,L2,0.3417628954...
GetData ===>> H2,-0.113157686170425,H1,1621.77199430884,AX,198.676150302941,L1,2.55354474250604,L2,0.3940539319...
testing H1>-5.0
evaluate ot="H1.bs>-5.0" t="H1>-5.0", ctx="{'H1': None}"
GetData ===>> H2,-0.194975201315166,H1,1621.08693476601,AX,198.785787174861,L1,2.53715612869706,L2,0.4275630554...
GetData ===>> H2,-0.0921124866423018,H1,1620.62027982214,AX,198.635567984129,L1,2.52707421237087,L2,0.353077448...
GetData ===>> H2,-0.0424380853181795,H1,1619.48516809851,AX,198.509704688638,L1,2.45301128387846,L2,0.464653030...
GetData ===>> H2,-0.248514202053159,H1,1619.27774528039,AX,198.530461545742,L1,2.47324200346399,L2,0.3174028929...
GetData ===>> H2,-0.142274325451238,H1,1618.60700274551,AX,198.471777496386,L1,2.48715897914358,L2,0.5161158094...
testing H1>-5.0
evaluate ot="H1.bs>-5.0" t="H1>-5.0", ctx="{'H1': None}"
GetData ===>> H2,-0.0566122885441422,H1,1617.89740459706,AX,198.526478683162,L1,2.53150681002743,L2,0.465795078...
GetData ===>> H2,-0.118892577858058,H1,1617.38386031305,AX,198.284827334176,L1,2.56615068163555,L2,0.4376763601...
GetData ===>> H2,-0.0750663527787171,H1,1616.66179490082,AX,198.269674128903,L1,2.53789906602683,L2,0.285312851...
GetData ===>> H2,0.00126996878414232,H1,1615.96080566625,AX,198.223682993757,L1,2.53265543413475,L2,0.405100480...
GetData ===>> H2,-0.064039065098017,H1,1615.35495157853,AX,198.176321505474,L1,2.54005656177845,L2,0.3118445662...
testing H1>-5.0
evaluate ot="H1.bs>-5.0" t="H1>-5.0", ctx="{'H1': None}"
GetData ===>> H2,-0.109369824844324,H1,1615.15448393917,AX,198.277051509444,L1,2.53537462823014,L2,0.4574013405...
GetData ===>> H2,-0.149861041019135,H1,1613.65330461399,AX,198.268151846761,L1,2.49758131574327,L2,0.4695981976...
GetData ===>> H2,-0.146225022273856,H1,1612.78620985682,AX,197.973819760272,L1,2.53755730880936,L2,0.4524682210...
GetData ===>> H2,-0.0668299402157677,H1,1612.70170187816,AX,197.758078598263,L1,2.52690267150444,L2,0.426740325...
GetData ===>> H2,-0.0599106629318338,H1,1611.94741721966,AX,197.713884113278,L1,2.51472045787491,L2,0.336557051...
testing H1>-5.0
evaluate ot="H1.bs>-5.0" t="H1>-5.0", ctx="{'H1': None}"
GetData ===>> H2,-0.0341990784332597,H1,1610.97756283634,AX,197.763923910275,L1,2.50369520779175,L2,0.479078100...
measurement finished
estimated time: 125.829 actual time: :126.410
flush and close file /Users/jan/PychronDev/data/isotopes/55/cb85b3-b71d-4c43-b5a8-8d45e098a2f1.h5
baselines () {'settling_time': 15.0, 'detector': 'H1', 'mass': 34.2, 'ncounts': 60}
%%%%%%%%%%%%%%%%%%%%%%%%%%%%%%%% Baseline
build tables- baseline [Detector(H2), Detector(H1), Detector(AX), Detector(L1), Detector(L2), Detector(CDD)]
add group baseline table H2
add group baseline table H1
add group baseline table AX
add group baseline table L1
add group baseline table L2
add group baseline table CDD
flush and close file /Users/jan/PychronDev/data/isotopes/55/cb85b3-b71d-4c43-b5a8-8d45e098a2f1.h5
detector Detector(H1)
POSITION 34.2 H1
Mapping mass to dac mass func: "parabolic"
H1 map mass coeffs = [-0.00063987  0.15840543  0.57081999]
H1 map mass to dac 34.2 >> 5.23986599104
GetDeflection H1 ===>> 0
GetHighVoltage ===>> 4499.94659342336
positioning 34.2 (5.23983513396) on H1
setting magnet DAC
current  : 5.879175
requested: 5.239835
Delta Dac: 0.639340
Checking detector protection. dv=0.63934
Checking detector "CDD". Protection Threshold: 0.1 (V)
ProtectDetector CDD,On ===>> OK
GetDeflection CDD ===>> 2000
Protected = 2000
SetMagnetDAC 5.23983513396 ===>> OK
Magnet settling time: 0.500
GetMagnetMoving ===>> True
GetMagnetMoving ===>> True
GetMagnetMoving ===>> True
GetMagnetMoving ===>> True
GetMagnetMoving ===>> True
GetMagnetMoving ===>> True
GetMagnetMoving ===>> True
GetMagnetMoving ===>> True
GetMagnetMoving ===>> False
ProtectDetector CDD,Off ===>> OK
GetDeflection CDD ===>> 50
Delaying 15.0s for detectors to settle
Join finished
measuring baseline. ncounts=60
"baseline" increment series count="2" fit count="1" regressing="True"
starting measurement
GetData ===>> H2,-0.242863278559705,H1,-0.0547636561745389,AX,-0.100294649184163,L1,-0.0253720150156207,L2,0.04...
GetData ===>> H2,-0.205890992379238,H1,-0.0781281624541606,AX,-0.0631105763264444,L1,-0.0235216496125852,L2,-0....
GetData ===>> H2,-0.140282241660978,H1,-0.06548101259487,AX,-0.0755725330052526,L1,-0.0465138068258044,L2,-0.01...
GetData ===>> H2,-0.163706968173509,H1,-0.0189433836139006,AX,-0.130374602511729,L1,-0.0562231211752344,L2,0.09...
testing H1>-5.0
evaluate ot="H1.bs>-5.0" t="H1>-5.0", ctx="{'H1': None}"
GetData ===>> H2,-0.256594143315986,H1,0.000367200840156912,AX,-0.104292713569752,L1,-0.032685055924472,L2,-0.0...
GetData ===>> H2,-0.277303936869998,H1,-0.0812032881185807,AX,-0.0113676961150352,L1,-0.0554642012552596,L2,0.0...
GetData ===>> H2,-0.198674811105222,H1,-0.0674360016563067,AX,0.0107549223113639,L1,-0.0587544345634793,L2,0.04...
GetData ===>> H2,-0.139295530580127,H1,-0.0734676174424241,AX,0.0192712084261717,L1,-0.0467316530005742,L2,0.01...
GetData ===>> H2,-0.130125271597683,H1,-0.096434493924069,AX,-0.112346286460671,L1,-0.0325497440906555,L2,0.044...
testing H1>-5.0
evaluate ot="H1.bs>-5.0" t="H1>-5.0", ctx="{'H1': None}"
GetData ===>> H2,-0.228955226005653,H1,-0.000789869300299295,AX,-0.172956454305142,L1,0.0107635720363685,L2,-0....
GetData ===>> H2,-0.293985131144394,H1,0.0847888669479826,AX,-0.206032099969193,L1,-0.0276437597885641,L2,-0.04...
GetData ===>> H2,-0.267885753559902,H1,-0.024524748569754,AX,-0.0997383837280351,L1,-0.0297904224573336,L2,-0.0...
GetData ===>> H2,-0.157729882541329,H1,-0.0688068553510444,AX,-0.0205540076849638,L1,-0.0179721078685742,L2,0.0...
GetData ===>> H2,-0.208204641723468,H1,-0.0636094324042212,AX,-0.0179095523151332,L1,-0.0625723388252168,L2,-0....
testing H1>-5.0
evaluate ot="H1.bs>-5.0" t="H1>-5.0", ctx="{'H1': None}"
GetData ===>> H2,-0.193875465002026,H1,0.0434030079062399,AX,-0.067307246018944,L1,-0.0771363017311653,L2,-0.06...
GetData ===>> H2,-0.172461635209639,H1,-0.00309204124342417,AX,-0.0824346221446948,L1,-0.0437651878217869,L2,-0...
GetData ===>> H2,-0.215235661120098,H1,-0.0856727790078836,AX,-0.0778676774922258,L1,-0.0295903901086744,L2,0.0...
GetData ===>> H2,-0.113439220844479,H1,-0.0064795969437313,AX,-0.0399096971637369,L1,-0.0272208419626502,L2,-0....
GetData ===>> H2,-0.158595715348423,H1,0.059526810578592,AX,-0.0358741969740628,L1,-0.0278677912039498,L2,0.006...
testing H1>-5.0
evaluate ot="H1.bs>-5.0" t="H1>-5.0", ctx="{'H1': None}"
GetData ===>> H2,-0.245153588889861,H1,0.0360998155503946,AX,-0.0419389802925258,L1,-0.00837363114990775,L2,-0....
GetData ===>> H2,-0.246427726108951,H1,0.0211728884800479,AX,-0.154675421481102,L1,0.0252165794745201,L2,-0.060...
GetData ===>> H2,-0.171766853336213,H1,0.0191804135109887,AX,-0.175807846521606,L1,0.00863452432426694,L2,-0.07...
GetData ===>> H2,-0.268485204710253,H1,-0.0119066039132363,AX,-0.0845093815162542,L1,-0.0260885806366224,L2,0.0...
GetData ===>> H2,-0.22424265411485,H1,0.135206452423442,AX,-0.0800584467282785,L1,-0.0433760586106932,L2,-0.028...
testing H1>-5.0
evaluate ot="H1.bs>-5.0" t="H1>-5.0", ctx="{'H1': None}"
03:15:24 -- collecting point 25
GetData ===>> H2,-0.1869228202772,H1,-0.00865043504083547,AX,-0.0970149548623873,L1,-0.0504414944238541,L2,-0.0...
GetData ===>> H2,-0.281176410121859,H1,0.0343814947675327,AX,-0.172353710287338,L1,-0.0278905534748715,L2,-0.07...
GetData ===>> H2,-0.203148226512136,H1,-0.00760080491641875,AX,0.0428050931797181,L1,-0.0458470724242877,L2,-0....
GetData ===>> H2,-0.210141975742512,H1,-0.000420085451868624,AX,0.0813846261446111,L1,-0.033263403678179,L2,-0....
GetData ===>> H2,-0.267561821629489,H1,0.0475441069054618,AX,-0.11270549504362,L1,-0.0186880016854566,L2,-0.133...
testing H1>-5.0
evaluate ot="H1.bs>-5.0" t="H1>-5.0", ctx="{'H1': None}"
GetData ===>> H2,-0.166637640053214,H1,-0.0210781732052688,AX,-0.0582760667338901,L1,-0.0376187779709156,L2,-0....
GetData ===>> H2,-0.155380589536032,H1,0.0515540950966066,AX,-0.138698439809679,L1,-0.0152423702816652,L2,-0.09...
GetData ===>> H2,-0.0704417323013855,H1,0.024800010583337,AX,-0.110781975553869,L1,-0.0232543731066496,L2,-0.11...
GetData ===>> H2,-0.0671649913261799,H1,0.0656619370195567,AX,-0.119310061628581,L1,-0.0601353171376021,L2,-0.0...
GetData ===>> H2,-0.208106284203768,H1,0.0511125111472001,AX,-0.1338964540878,L1,-0.00546404298183167,L2,-0.072...
testing H1>-5.0
evaluate ot="H1.bs>-5.0" t="H1>-5.0", ctx="{'H1': None}"
GetData ===>> H2,-0.182410821521373,H1,0.0842640657979345,AX,-0.0674231735519773,L1,-0.0213209015045447,L2,-0.0...
GetData ===>> H2,-0.0810995299660278,H1,0.0893690664527604,AX,-0.0487338717324984,L1,-0.00200406475722814,L2,-0...
GetData ===>> H2,-0.140812056576174,H1,0.036708394566465,AX,-0.122670107624966,L1,-0.0370772538486888,L2,-0.025...
GetData ===>> H2,-0.218117413674021,H1,-0.015496616047783,AX,-0.0854945869547308,L1,-0.0164274264181223,L2,0.01...
GetData ===>> H2,-0.223454789653979,H1,0.0174981751009497,AX,-0.176607612252386,L1,-0.041343960673265,L2,-0.030...
testing H1>-5.0
evaluate ot="H1.bs>-5.0" t="H1>-5.0", ctx="{'H1': None}"
GetData ===>> H2,-0.209391601320566,H1,0.0217813767642962,AX,-0.12520744475835,L1,-0.017246568864142,L2,-0.0045...
GetData ===>> H2,-0.290858550033574,H1,0.0465893714831413,AX,0.0656570346151589,L1,0.0160593387017609,L2,0.0955...
GetData ===>> H2,-0.315951339188008,H1,-0.0193369515988138,AX,-0.0287536822213201,L1,0.00647713226490099,L2,-0....
GetData ===>> H2,-0.33873920350827,H1,0.0444770517147532,AX,-0.122449970233115,L1,0.0268318018895878,L2,-0.1137...
GetData ===>> H2,-0.312619960403542,H1,0.048188558462159,AX,-0.0238826717326247,L1,0.0114465467916513,L2,-0.012...
testing H1>-5.0
evaluate ot="H1.bs>-5.0" t="H1>-5.0", ctx="{'H1': None}"
GetData ===>> H2,-0.194213753117335,H1,0.0212206129176941,AX,-0.0515745986762082,L1,-0.00822853146675707,L2,-0....
GetData ===>> H2,-0.179802619234669,H1,-0.0545609809795121,AX,-0.0400024653154565,L1,-0.0272208419626502,L2,-0....
GetData ===>> H2,-0.203110483571411,H1,0.10338530111913,AX,-0.123759201076926,L1,-0.032694635454299,L2,-0.03840...
GetData ===>> H2,-0.216361295690461,H1,0.0998065015249463,AX,-0.0244857624447137,L1,-0.0323449767020103,L2,-0.0...
GetData ===>> H2,-0.202123730579952,H1,0.0320069194460928,AX,-0.10127969479325,L1,-0.0173125291174391,L2,-0.043...
testing H1>-5.0
evaluate ot="H1.bs>-5.0" t="H1>-5.0", ctx="{'H1': None}"
03:15:50 -- collecting point 50
GetData ===>> H2,-0.26063605558159,H1,0.0439996974885172,AX,-0.050032500053208,L1,-0.00445160653572256,L2,0.000...
GetData ===>> H2,-0.243899492953192,H1,0.0106621353909155,AX,-0.0763028121235115,L1,-0.0161383719508444,L2,-0.1...
GetData ===>> H2,-0.192933326472691,H1,0.10045067601403,AX,-0.0956474171487981,L1,-0.0205296652409456,L2,-0.024...
GetData ===>> H2,-0.177575794249904,H1,0.000892061808222167,AX,-0.137933148411645,L1,-0.0470620041209667,L2,-0....
GetData ===>> H2,-0.180878086348672,H1,0.0162693237749647,AX,-0.215440494543653,L1,-0.0431928633343404,L2,-0.03...
testing H1>-5.0
evaluate ot="H1.bs>-5.0" t="H1>-5.0", ctx="{'H1': None}"
GetData ===>> H2,-0.233174675820892,H1,-0.114451518169933,AX,-0.0880560744084134,L1,-0.0445960779092796,L2,-0.0...
GetData ===>> H2,-0.258986492192055,H1,-0.0393710953040081,AX,-0.0363612489795967,L1,-0.0144143968265101,L2,-0....
GetData ===>> H2,-0.269107471192527,H1,-0.0179057878719966,AX,-0.019475356934215,L1,-0.00979214018644794,L2,-0....
GetData ===>> H2,-0.0929320947563121,H1,0.097289489079322,AX,-0.000486826744498129,L1,-0.0253720150156207,L2,-0...
GetData ===>> H2,-0.266459576914466,H1,0.0277352121687226,AX,-0.0492324542979413,L1,-0.0333771534618111,L2,-0.0...
testing H1>-5.0
evaluate ot="H1.bs>-5.0" t="H1>-5.0", ctx="{'H1': None}"
GetData ===>> H2,-0.273502678366396,H1,0.0983869464435962,AX,0.0247132037199996,L1,-0.0229511315203905,L2,0.046...
measurement finished
estimated time: 62.915 actual time: :63.156
flush and close file /Users/jan/PychronDev/data/isotopes/55/cb85b3-b71d-4c43-b5a8-8d45e098a2f1.h5
activate_detectors ('H1', 'AX', 'CDD') {'peak_center': True}
peak_center () {'detector': 'H1', 'integration_time': 0.262144, 'isotope': 'Ar40'}
peak center: mean=1614.25820928 threshold=3
peak center started
setup peak center. detector=['H1', 'AX', 'CDD'], isotope=Ar40
VersionedUnpickler [<apptools.sweet_pickle.versioned_unpickler.VersionedUnpickler object at 0x21987a6b0>] using Updater [<apptools.sweet_pickle.updater.Updater object at 0x135230b30>]
VersionedUnpickler [<apptools.sweet_pickle.versioned_unpickler.VersionedUnpickler object at 0x21987a6b0>] using Updater [<apptools.sweet_pickle.updater.Updater object at 0x135230b30>]
VersionedUnpickler [<apptools.sweet_pickle.versioned_unpickler.VersionedUnpickler object at 0x222a2e830>] using Updater [<apptools.sweet_pickle.updater.Updater object at 0x135230b30>]
setting integration time = 0.524288
SetIntegrationTime 0.524288 ===>> OK
Mapping mass to dac mass func: "parabolic"
H1 map mass coeffs = [-0.00063987  0.15840543  0.57081999]
H1 map mass to dac 39.9624 >> 5.87921
GetDeflection H1 ===>> 0
GetHighVoltage ===>> 4499.94659342336
do peak center. <pychron.spectrometer.jobs.peak_center.PeakCenter object at 0x1352309b0>
doing pc
starting peak center. center dac= 5.87917537788 step_width=0.001
width = 0.001
get scan parameters. half-width=0.015,window=0.015, i=0, scalar=1
Scan parameters center=5.87918 width=0.03000 (5.86418 - 5.89418)
GetData ===>> H2,-0.217230750249293,H1,-0.0166177230212615,AX,-0.110874676160591,L1,-0.0287183463192333,L2,-0.0...
Moving to starting dac 5.86417537788
setting magnet DAC
current  : 5.239835
requested: 5.864175
Delta Dac: 0.624340
Checking detector protection. dv=0.62434
Checking detector "CDD". Protection Threshold: 0.1 (V)
ProtectDetector CDD,On ===>> OK
GetDeflection CDD ===>> 2000
Protected = 2000
SetMagnetDAC 5.86417537788 ===>> OK
Magnet settling time: 0.500
GetMagnetMoving ===>> True
GetMagnetMoving ===>> True
GetMagnetMoving ===>> True
GetMagnetMoving ===>> True
GetMagnetMoving ===>> True
GetMagnetMoving ===>> True
GetMagnetMoving ===>> True
GetMagnetMoving ===>> True
GetMagnetMoving ===>> False
ProtectDetector CDD,Off ===>> OK
GetDeflection CDD ===>> 50
Wait until signal near baseline. tol= -0.0124632922659. timeout= 10
GetData ===>> H2,3.59158318243131,H1,1.17573379501008,AX,0.0794549096610469,L1,0.0312296401900784,L2,0.06820838...
GetData ===>> H2,84.179976512747,H1,32.7398541719311,AX,2.07184895283833,L1,0.0327845384423835,L2,-0.1291256363...
GetData ===>> H2,105.682395421999,H1,50.9806550874386,AX,4.85478232071354,L1,0.0239630089713167,L2,-0.060444727...
GetData ===>> H2,58.2537994633617,H1,24.7304151312406,AX,2.17359101024981,L1,0.00184001652149619,L2,-0.08274612...
GetData ===>> H2,24.5406134919588,H1,12.6315898529298,AX,0.994292019397298,L1,0.0207433439327852,L2,0.114938912...
GetData ===>> H2,8.36123054985401,H1,6.91529728125417,AX,0.446881745367207,L1,0.000920567914712073,L2,-0.033357...
GetData ===>> H2,2.4865755597538,H1,4.16153165822493,AX,0.243612833424812,L1,-0.0349108655803628,L2,0.164270069...
GetData ===>> H2,0.857267262003289,H1,2.80754922421267,AX,0.218148726710843,L1,-0.0395905418436886,L2,-0.120443...
GetData ===>> H2,0.475702671781414,H1,2.19657459996843,AX,0.145275063596241,L1,-0.0449839627249437,L2,-0.082473...
GetData ===>> H2,0.431908074662,H1,1.87556386946113,AX,0.0211509250743552,L1,-0.0507980457194264,L2,-0.00482787...
GetData ===>> H2,0.422670188066767,H1,1.69178314727387,AX,0.0744952775018205,L1,-0.00818296253964969,L2,-0.0075...
GetData ===>> H2,0.400147195474285,H1,1.6616019717689,AX,0.0261636802508084,L1,0.0114334721701865,L2,0.00227738...
GetData ===>> H2,0.393108006478875,H1,1.59876950344657,AX,-0.0267357217390982,L1,0.0212234673652484,L2,-0.09077...
GetData ===>> H2,0.393899148963652,H1,1.61389759991397,AX,0.0551690278099384,L1,0.00929917253518525,L2,-0.08317...
GetData ===>> H2,0.403122978516127,H1,1.59014849718908,AX,0.0684467222306493,L1,0.0134170974704729,L2,-0.030989...
GetData ===>> H2,0.332524531638207,H1,1.64466505865339,AX,0.119720711460774,L1,-0.00221644857238683,L2,0.046720...
GetData ===>> H2,0.191861472561226,H1,1.60623721680644,AX,0.139198920472922,L1,-0.00734349803295294,L2,-0.00557...
GetData ===>> H2,0.0996727559091936,H1,1.52664085817718,AX,0.300623622945849,L1,-0.00207725968529507,L2,-0.0144...
GetData ===>> H2,0.0648934508559264,H1,1.52575140995312,AX,0.0595947247779714,L1,-0.0099360183555757,L2,-0.1345...
GetData ===>> H2,0.0829532875577928,H1,1.52942944939831,AX,0.128786869425908,L1,0.00142949515205206,L2,-0.20654...
GetData ===>> H2,0.101905137680399,H1,1.50589712117497,AX,0.112579677341169,L1,0.0364913058584546,L2,0.01801559...
Peak center failed to move to a baseline position
_do_sweep sm= 5.86417537788, em= 5.89417537788, stm= 0.001
calculated step values: start=5.86417537788, end=5.89417537788, width=0.001, nsteps=31.0
setting magnet DAC
current  : 5.864175
requested: 5.864175
Delta Dac: 0.000000
Checking detector protection. dv=0.00000
Checking detector "CDD". Protection Threshold: 0.1 (V)
SetMagnetDAC 5.86417537788 ===>> OK
GetData ===>> H2,0.101905137680399,H1,1.50589712117497,AX,0.112579677341169,L1,0.0364913058584546,L2,0.01801559...
setting magnet DAC
current  : 5.864175
requested: 5.865210
Delta Dac: 0.001034
Checking detector protection. dv=0.00103
Checking detector "CDD". Protection Threshold: 0.1 (V)
SetMagnetDAC 5.86520986064 ===>> OK
Magnet settling time: 1.049
GetData ===>> H2,0.0853652382555148,H1,3.31826483528814,AX,0.265321769132875,L1,0.0229184859333166,L2,-0.018626...
setting magnet DAC
current  : 5.865210
requested: 5.866244
Delta Dac: 0.001034
Checking detector protection. dv=0.00103
Checking detector "CDD". Protection Threshold: 0.1 (V)
SetMagnetDAC 5.8662443434 ===>> OK
Magnet settling time: 1.049
GetData ===>> H2,0.00125501448500798,H1,10.4529742233421,AX,0.822954896070335,L1,0.00284118265649748,L2,-0.0920...
setting magnet DAC
current  : 5.866244
requested: 5.867279
Delta Dac: 0.001034
Checking detector protection. dv=0.00103
Checking detector "CDD". Protection Threshold: 0.1 (V)
SetMagnetDAC 5.86727882616 ===>> OK
Magnet settling time: 1.049
GetData ===>> H2,-0.0327692009981596,H1,37.383644673257,AX,2.98479273493835,L1,-0.00181567536419312,L2,-0.01179...
setting magnet DAC
current  : 5.867279
requested: 5.868313
Delta Dac: 0.001034
Checking detector protection. dv=0.00103
Checking detector "CDD". Protection Threshold: 0.1 (V)
SetMagnetDAC 5.86831330892 ===>> OK
Magnet settling time: 1.049
GetData ===>> H2,-0.041315922040107,H1,116.344327528034,AX,9.28284986607984,L1,-0.0176736332647218,L2,0.0446010...
setting magnet DAC
current  : 5.868313
requested: 5.869348
Delta Dac: 0.001034
Checking detector protection. dv=0.00103
Checking detector "CDD". Protection Threshold: 0.1 (V)
SetMagnetDAC 5.86934779168 ===>> OK
Magnet settling time: 1.049
GetData ===>> H2,0.00388455331641213,H1,305.430971612954,AX,26.1305734693486,L1,0.0815236409511424,L2,0.0482238...
setting magnet DAC
current  : 5.869348
requested: 5.870382
Delta Dac: 0.001034
Checking detector protection. dv=0.00103
Checking detector "CDD". Protection Threshold: 0.1 (V)
SetMagnetDAC 5.87038227444 ===>> OK
Magnet settling time: 1.049
GetData ===>> H2,0.0323374176679675,H1,828.817271581014,AX,80.170698629266,L1,0.533195659610207,L2,-0.038365771...
setting magnet DAC
current  : 5.870382
requested: 5.871417
Delta Dac: 0.001034
Checking detector protection. dv=0.00103
Checking detector "CDD". Protection Threshold: 0.1 (V)
SetMagnetDAC 5.87141675719 ===>> OK
Magnet settling time: 1.049
GetData ===>> H2,-0.0650138901862004,H1,1188.18181405768,AX,126.707726080658,L1,0.928769928657751,L2,0.11359366...
setting magnet DAC
current  : 5.871417
requested: 5.872451
Delta Dac: 0.001034
Checking detector protection. dv=0.00103
Checking detector "CDD". Protection Threshold: 0.1 (V)
SetMagnetDAC 5.87245123995 ===>> OK
Magnet settling time: 1.049
GetData ===>> H2,-0.0342954834663204,H1,1402.64560404717,AX,160.705118027682,L1,1.39544324180261,L2,0.199522180...
setting magnet DAC
current  : 5.872451
requested: 5.873486
Delta Dac: 0.001034
Checking detector protection. dv=0.00103
Checking detector "CDD". Protection Threshold: 0.1 (V)
SetMagnetDAC 5.87348572271 ===>> OK
Magnet settling time: 1.049
GetData ===>> H2,0.0336409644286089,H1,1498.45411558492,AX,179.15492774354,L1,1.7934482741944,L2,0.327740126352...
setting magnet DAC
current  : 5.873486
requested: 5.874520
Delta Dac: 0.001034
Checking detector protection. dv=0.00103
Checking detector "CDD". Protection Threshold: 0.1 (V)
SetMagnetDAC 5.87452020547 ===>> OK
Magnet settling time: 1.049
GetData ===>> H2,-0.0357563951253754,H1,1529.81794235705,AX,186.376532366409,L1,1.99570565331713,L2,0.265265957...
setting magnet DAC
current  : 5.874520
requested: 5.875555
Delta Dac: 0.001034
Checking detector protection. dv=0.00103
Checking detector "CDD". Protection Threshold: 0.1 (V)
SetMagnetDAC 5.87555468823 ===>> OK
Magnet settling time: 1.049
GetData ===>> H2,0.0530947957427945,H1,1537.89233210265,AX,188.340667234871,L1,2.15843055531205,L2,0.3276945099...
setting magnet DAC
current  : 5.875555
requested: 5.876589
Delta Dac: 0.001034
Checking detector protection. dv=0.00103
Checking detector "CDD". Protection Threshold: 0.1 (V)
SetMagnetDAC 5.87658917099 ===>> OK
Magnet settling time: 1.049
GetData ===>> H2,-0.166969672060348,H1,1539.74899483691,AX,188.643726154554,L1,2.27517918821589,L2,0.3781823917...
setting magnet DAC
current  : 5.876589
requested: 5.877624
Delta Dac: 0.001034
Checking detector protection. dv=0.00103
Checking detector "CDD". Protection Threshold: 0.1 (V)
SetMagnetDAC 5.87762365375 ===>> OK
Magnet settling time: 1.049
GetData ===>> H2,-0.0740591564189938,H1,1539.91740404674,AX,188.702740913889,L1,2.33304727442575,L2,0.375352724...
setting magnet DAC
current  : 5.877624
requested: 5.878658
Delta Dac: 0.001034
Checking detector protection. dv=0.00103
Checking detector "CDD". Protection Threshold: 0.1 (V)
SetMagnetDAC 5.8786581365 ===>> OK
Magnet settling time: 1.049
GetData ===>> H2,-0.15642357902164,H1,1539.97818039901,AX,188.962217149607,L1,2.3802923078356,L2,0.410524123306...
setting magnet DAC
current  : 5.878658
requested: 5.879693
Delta Dac: 0.001034
Checking detector protection. dv=0.00103
Checking detector "CDD". Protection Threshold: 0.1 (V)
SetMagnetDAC 5.87969261926 ===>> OK
Magnet settling time: 1.049
GetData ===>> H2,-0.131407798515038,H1,1539.70005443147,AX,188.633679011925,L1,2.43227241361518,L2,0.3755581004...
setting magnet DAC
current  : 5.879693
requested: 5.880727
Delta Dac: 0.001034
Checking detector protection. dv=0.00103
Checking detector "CDD". Protection Threshold: 0.1 (V)
SetMagnetDAC 5.88072710202 ===>> OK
Magnet settling time: 1.049
GetData ===>> H2,-0.174646884810143,H1,1538.93375120853,AX,188.422840275844,L1,2.3977242555505,L2,0.30069338667...
setting magnet DAC
current  : 5.880727
requested: 5.881762
Delta Dac: 0.001034
Checking detector protection. dv=0.00103
Checking detector "CDD". Protection Threshold: 0.1 (V)
SetMagnetDAC 5.88176158478 ===>> OK
Magnet settling time: 1.049
GetData ===>> H2,-0.224595484147944,H1,1537.15311582887,AX,188.299502667943,L1,2.37048578526253,L2,0.4495221735...
setting magnet DAC
current  : 5.881762
requested: 5.882796
Delta Dac: 0.001034
Checking detector protection. dv=0.00103
Checking detector "CDD". Protection Threshold: 0.1 (V)
SetMagnetDAC 5.88279606754 ===>> OK
Magnet settling time: 1.049
GetData ===>> H2,-0.165058330226712,H1,1535.24086097891,AX,187.754086107336,L1,2.41630464578779,L2,0.4235597624...
setting magnet DAC
current  : 5.882796
requested: 5.883831
Delta Dac: 0.001034
Checking detector protection. dv=0.00103
Checking detector "CDD". Protection Threshold: 0.1 (V)
SetMagnetDAC 5.8838305503 ===>> OK
Magnet settling time: 1.049
GetData ===>> H2,-0.0469866669588182,H1,1526.50514278358,AX,185.458938136038,L1,2.34799829294958,L2,0.392583042...
setting magnet DAC
current  : 5.883831
requested: 5.884865
Delta Dac: 0.001034
Checking detector protection. dv=0.00103
Checking detector "CDD". Protection Threshold: 0.1 (V)
SetMagnetDAC 5.88486503306 ===>> OK
Magnet settling time: 1.049
GetData ===>> H2,-0.148530299487278,H1,1492.24176420461,AX,177.50636153832,L1,2.2429020224353,L2,0.373801006406...
setting magnet DAC
current  : 5.884865
requested: 5.885900
Delta Dac: 0.001034
Checking detector protection. dv=0.00103
Checking detector "CDD". Protection Threshold: 0.1 (V)
SetMagnetDAC 5.88589951581 ===>> OK
Magnet settling time: 1.049
GetData ===>> H2,-0.231492617151877,H1,1382.64520000405,AX,155.329365416168,L1,2.01404354286633,L2,0.1368531301...
setting magnet DAC
current  : 5.885900
requested: 5.886934
Delta Dac: 0.001034
Checking detector protection. dv=0.00103
Checking detector "CDD". Protection Threshold: 0.1 (V)
SetMagnetDAC 5.88693399857 ===>> OK
Magnet settling time: 1.049
GetData ===>> H2,-0.248975569232262,H1,1125.93563713008,AX,113.381097780102,L1,1.62966319121345,L2,0.1919458743...
setting magnet DAC
current  : 5.886934
requested: 5.887968
Delta Dac: 0.001034
Checking detector protection. dv=0.00103
Checking detector "CDD". Protection Threshold: 0.1 (V)
SetMagnetDAC 5.88796848133 ===>> OK
Magnet settling time: 1.049
GetData ===>> H2,-0.247084247546034,H1,744.0078191495,AX,64.5653567943539,L1,1.16778142777705,L2,0.078623896317...
setting magnet DAC
current  : 5.887968
requested: 5.889003
Delta Dac: 0.001034
Checking detector protection. dv=0.00103
Checking detector "CDD". Protection Threshold: 0.1 (V)
SetMagnetDAC 5.88900296409 ===>> OK
Magnet settling time: 1.049
GetData ===>> H2,-0.241405688796011,H1,374.734015908621,AX,27.5210191504694,L1,0.735210958844196,L2,0.028266178...
setting magnet DAC
current  : 5.889003
requested: 5.890037
Delta Dac: 0.001034
Checking detector protection. dv=0.00103
Checking detector "CDD". Protection Threshold: 0.1 (V)
SetMagnetDAC 5.89003744685 ===>> OK
Magnet settling time: 1.049
GetData ===>> H2,-0.249058963036677,H1,144.176066864446,AX,8.54016215267598,L1,0.455156609385573,L2,0.000842625...
setting magnet DAC
current  : 5.890037
requested: 5.891072
Delta Dac: 0.001034
Checking detector protection. dv=0.00103
Checking detector "CDD". Protection Threshold: 0.1 (V)
SetMagnetDAC 5.89107192961 ===>> OK
Magnet settling time: 1.049
GetData ===>> H2,-0.280969645813486,H1,43.9077421011241,AX,2.14997466600542,L1,0.279863291293068,L2,-0.12974086...
setting magnet DAC
current  : 5.891072
requested: 5.892106
Delta Dac: 0.001034
Checking detector protection. dv=0.00103
Checking detector "CDD". Protection Threshold: 0.1 (V)
SetMagnetDAC 5.89210641237 ===>> OK
Magnet settling time: 1.049
GetData ===>> H2,-0.245324468861633,H1,11.1973903135002,AX,0.25703233212619,L1,0.141340461351387,L2,-0.06026265...
setting magnet DAC
current  : 5.892106
requested: 5.893141
Delta Dac: 0.001034
Checking detector protection. dv=0.00103
Checking detector "CDD". Protection Threshold: 0.1 (V)
SetMagnetDAC 5.89314089512 ===>> OK
Magnet settling time: 1.049
GetData ===>> H2,-0.136825516796324,H1,0.918052583038587,AX,-0.281178640229303,L1,0.0407334032509717,L2,-0.0073...
setting magnet DAC
current  : 5.893141
requested: 5.894175
Delta Dac: 0.001034
Checking detector protection. dv=0.00103
Checking detector "CDD". Protection Threshold: 0.1 (V)
SetMagnetDAC 5.89417537788 ===>> OK
Magnet settling time: 1.049
GetData ===>> H2,-0.196460368802844,H1,0.105146421372227,AX,-0.186905765767595,L1,0.0688435728809767,L2,-0.0452...
result of _do_sweep=True
result of _calculate_peak_center=([5.8712861511542922, 5.879093489969855, 5.8869008287854179], [1142.811140358212, 1539.9764752508502, 1134.1668054787322], 5.8786291129399331, 1539.9764752508502)
Failed to find a valid peak. No peak greater than 1.0. max = 0.0395815930395
new center pos Detector(H1) (Ar40) @ 5.87909348997
GetHighVoltage ===>> 4499.94659342336
GetDeflection H1 ===>> 0
dac uncorrected for HV and deflection 5.8791281116
update mftable H1 Ar40 5.8791281116 message=automated run peakcenter
get initial guess parabolic
get initial guess parabolic
get initial guess parabolic
get initial guess parabolic
get initial guess parabolic
get initial guess parabolic
dump mftable to /Users/jan/PychronDev/setupfiles/spectrometer/mftables/mftable.csv
add to repo msg=modified - automated run peakcenter
locally archiving mftable
setting magnet DAC
current  : 5.894175
requested: 5.879093
Delta Dac: 0.015082
Checking detector protection. dv=0.01508
Checking detector "CDD". Protection Threshold: 0.1 (V)
SetMagnetDAC 5.87909348997 ===>> OK
Magnet settling time: 0.500
sweep finished
setting integration time = 1.048576
SetIntegrationTime 1.048576 ===>> OK
Failed to find a valid peak. No peak greater than 1.0. max = 0.0395714498465
flush and close file /Users/jan/PychronDev/data/isotopes/55/cb85b3-b71d-4c43-b5a8-8d45e098a2f1.h5
finished measure script
executed snippet estimated_duration=226.132928, duration=273.229822159
jan_unknown120_60.py completed successfully
Measurement Finished
03:16:48 -- ******* Measurement Finished *******
Post Measurement Started jan_pump_ms.py
03:16:48 -- ******* Post Measurement Started jan_pump_ms.py *******
testing...
no interpolation path defined
executed snippet estimated_duration=0, duration=2.8133392334e-05
Pumping spectrometer
open () {'name': 'O'}
opening name=O desc=---
checking ownership. requestor=129.138.12.150
check software interlocks O
interlocks []
actuate state mode=None-script, software_lock=False
doing actuation None-script open_channel True
Open O ===>> OK
GetIndicatorState O ===>> OK
change switch state (True, True)
update switch state O True args=() kw={} ncanvase=2
03:16:48 -- OPEN   VALVE-O (Jan Ion Pump)
---------------------------------------- open O () result=[(True, True)], time=0.09 sec
action=open, ok=True, locked=[False]
executed snippet estimated_duration=0, duration=0.34774184227
jan_pump_ms.py completed successfully
setting _ms_pumptime
Post Measurement Finished
03:16:48 -- ******* Post Measurement Finished *******
$$$$$$$$$$$$$$$$$$$$ state at run end measurement
state changed from measurement to success
post measurement save measured=True aborted=False
Set filtering
setting fod for Ar40= {'filter_outliers': True, 'std_devs': 2, 'iterations': 1}
setting fod for H1= {'filter_outliers': True, 'std_devs': 2, 'iterations': 1}
setting fod for PM41= {'filter_outliers': False, 'std_devs': 2, 'iterations': 1}
setting fod for H2= {'filter_outliers': True, 'std_devs': 2, 'iterations': 1}
setting fod for Ar36= {'filter_outliers': True, 'std_devs': 2, 'iterations': 1}
setting fod for CDD= {'filter_outliers': True, 'std_devs': 10, 'iterations': 1}
setting fod for Ar37= {'filter_outliers': True, 'std_devs': 2, 'iterations': 1}
setting fod for L2= {'filter_outliers': True, 'std_devs': 2, 'iterations': 1}
setting fod for Ar38= {'filter_outliers': True, 'std_devs': 2, 'iterations': 1}
setting fod for L1= {'filter_outliers': True, 'std_devs': 2, 'iterations': 1}
setting fod for Ar39= {'filter_outliers': True, 'std_devs': 2, 'iterations': 1}
setting fod for AX= {'filter_outliers': True, 'std_devs': 2, 'iterations': 1}
persistence save...
persistence save - db
post measurement save
8983954736 connecting to database sqlite:////Users/jan/PychronDev/.appdata/local_lab.db
connected to db sqlite:////Users/jan/PychronDev/.appdata/local_lab.db
create new session 8983954736
close session 8983954736
No database instance. Not saving post measurement to isotopedb database
$$$$$$$$$$$$$$$ auto_save_detector_ic=False
massspec enabled True
create new session 4985539184
MassSpec Database Version: 16.0
close session 4985539184
saving post measurement to secondary database
saving to massspec database 129.138.12.160/massspecdata
setting labnumber to 25340
setting aliquot to 1
setting step to 
setting uuid to 55cb85b3-b71d-4c43-b5a8-8d45e098a2f1
setting irradpos to 25340
setting extract_device to Fusions CO2
setting tray to 
setting position to 175
setting power_requested to 5.0
setting extract_value to 5.0
setting duration to 30.0
setting duration_at_request to 30.0
setting first_stage_delay to 30.0
setting cleanup to 30.0
setting comment to P:21
setting irradiation to NM-288
setting level to P
setting irradiation_level to P
setting sample to FC-2
setting material to 
setting project to 
setting mass_spectrometer to jan
no attribute chron_dosages
no attribute production_ratios
no attribute interference_corrections
no attribute production_name
no attribute j
Reference Isotope=Ar40
Reference Detector=H1
%%%%%%%%%%%%%%%%%%%% Comment: P:21 %%%%%%%%%%%%%%%%%%%
adding isotope PM41 H2
add baseline dbdet= PM41. original det= H2
get baseline data PM41 H2
Get data baseline <pychron.processing.isotope.Baseline object at 0x21a874b10> len t=60
baseline PM41. v=-0.213206633239, e=0.00681455113935
get signal data PM41 H2
Get data signal PM41 0.15+/-0.06 len t=120
adding isotope Ar40 H1
add baseline dbdet= Ar40. original det= H1
get baseline data Ar40 H1
Get data baseline <pychron.processing.isotope.Baseline object at 0x21a874d10> len t=60
baseline Ar40. v=0.0102657521332, e=0.00702033764688
get signal data Ar40 H1
Get data signal Ar40 1696.06+/-0.08 len t=120
adding isotope Ar39 AX
add baseline dbdet= Ar39. original det= AX
get baseline data Ar39 AX
Get data baseline <pychron.processing.isotope.Baseline object at 0x21a874ed0> len t=60
baseline Ar39. v=-0.0766115425782, e=0.00711412396192
get signal data Ar39 AX
Get data signal Ar39 207.417+/-0.022 len t=120
adding isotope Ar38 L1
add baseline dbdet= Ar38. original det= L1
get baseline data Ar38 L1
Get data baseline <pychron.processing.isotope.Baseline object at 0x21a8840d0> len t=60
baseline Ar38. v=-0.0266954421371, e=0.00247795279631
get signal data Ar38 L1
Get data signal Ar38 2.676+/-0.005 len t=120
adding isotope Ar37 L2
add baseline dbdet= Ar37. original det= L2
get baseline data Ar37 L2
Get data baseline <pychron.processing.isotope.Baseline object at 0x21a884290> len t=60
baseline Ar37. v=-0.037398429479, e=0.00614762168822
get signal data Ar37 L2
Get data signal Ar37 0.425+/-0.011 len t=120
adding isotope Ar36 CDD
add baseline dbdet= Ar36. original det= CDD
get baseline data Ar36 CDD
Get data baseline <pychron.processing.isotope.Baseline object at 0x21a884450> len t=60
baseline Ar36. v=0.000354795904506, e=2.87660704945e-05
get signal data Ar36 CDD
Get data signal Ar36 0.0263+/-0.0004 len t=120
25340-01 added analysis time 0.506055116653s
analysis added to mass spec database
mass spec save time= 0.514
persistence save - dvc
================= post measurement started
create new session 4989601072
close session 4989601072
---------------- Experiment Queue saving disabled
DVC saving peakcenter
Failed to find a valid peak. No peak greater than 1.0. max = 0.0395714498465
Smart pull ahead: 0 behind: 0
Up-to-date with origin
add to repo msg=modified - ad8224ebc6dbfeb9f5997218dfa5fe690569839d.json
add to repo msg=modified - 40-01.json
add to repo msg=modified - 40-01.dat.json
add to repo msg=modified - 40-01.blan.json
add to repo msg=modified - 40-01.inte.json
add to repo msg=modified - 40-01.icfa.json
add to repo msg=modified - 40-01.base.json
not at valid file /Users/jan/PychronDev/data/.dvc/repositories/Load1791/253/tags/40-01.tags.json
add to repo msg=modified - 40-01.peak.json
add to repo msg=modified - 40-01.extr.json
not at valid file /Users/jan/PychronDev/data/.dvc/repositories/Load1791/253/monitor/40-01.moni.json
commit message=<COLLECTION>
add to repo msg=modified - 40-01.inte.json
add to repo msg=modified - 40-01.base.json
commit message=<ISOEVO> default collection fits
add to repo msg=modified - 40-01.blan.json
commit message=<BLANKS> preceding bu-FC-J-7767
add to repo msg=modified - 40-01.icfa.json
commit message=<ICFactor> default
push repository <pychron.git_archive.repo_manager.GitRepoManager object at 0x21f62d8f0>
pushing to remote=origin, url=https://github.com
no changes to meta repo
create new session 4989601072
add association Load1791
get identifier "25340"
setting analysis irradiation position=<pychron.dvc.dvc_orm.IrradiationPositionTbl object at 0x2166a46d0>
close session 4989601072
================= post measurement finished
03:17:02 -- ******* Post Run Check *******
loading queue conditionals post_run_actions
loading system conditionals post_run_actions
loading conditionals from /Users/jan/PychronDev/setupfiles/spectrometer/default_conditionals.yaml
loading queue conditionals post_run_terminations
loading system conditionals post_run_terminations
loading conditionals from /Users/jan/PychronDev/setupfiles/spectrometer/default_conditionals.yaml
Checking default post run terminations n=1
GetDeflection CDD ===>> 50
testing CDD==2000
evaluate ot="CDD.deflection==2000" t="CDD==2000", ctx="{'CDD': 50.0}"
03:17:02 -- ******* Post Run Check Passed *******
03:17:02 -- Automated run 25340-01 success duration: 365.804 s
----------------- finish -----------------
----------------- stop -----------------
retroactive repository identifiers disabled
finish run. runs completed=224
update duration runid=25340-01, duration=365.803658009, md5=301e91d8
write rem/ex queues
/Users/jan/PychronDev/experiments/rem/CurrentExperiment.rem.txt
/Users/jan/PychronDev/experiments/rem/CurrentExperiment.ex.txt
doing event level: 3
