do run
loading script "jan_unknown120_60.py"
loading script "jan_pump_ms.py"
loading script "jan_co2.py"
loading script "jan_pump_extraction_line.py"
testing...
no interpolation path defined
executed snippet estimated_duration=213.652928, duration=0.000283002853394
script duration name:unknown120_60 seconds:214.0
loading script "jan_unknown120_60.py"
loading script "jan_pump_ms.py"
loading script "jan_co2.py"
loading script "jan_pump_extraction_line.py"
testing...
no interpolation path defined
executed snippet estimated_duration=0, duration=3.00407409668e-05
loading script "jan_unknown120_60.py"
loading script "jan_pump_ms.py"
loading script "jan_co2.py"
loading script "jan_pump_extraction_line.py"
testing...
no interpolation path defined
calculate duration
testing...
no interpolation path defined
executed snippet estimated_duration=0, duration=8.89301300049e-05
calculate duration
testing...
no interpolation path defined
executed snippet estimated_duration=0, duration=0.000154972076416
executed snippet estimated_duration=0.0, duration=0.00306296348572
script duration name:co2 seconds:0.0
loading script "jan_unknown120_60.py"
loading script "jan_pump_ms.py"
loading script "jan_co2.py"
loading script "jan_pump_extraction_line.py"
testing...
no interpolation path defined
calculate duration
testing...
no interpolation path defined
executed snippet estimated_duration=4.0, duration=0.00019383430481
executed snippet estimated_duration=4.0, duration=0.00253701210022
Script duration 214.0
Run total estimated duration= 215.000
run duration: 0:03:35
doing event level: 2
04:13:25 -- Setting default integration. t=1.048576
setting integration time = 1.048576
SetIntegrationTime 1.048576 ===>> OK
----------------- start -----------------
**************** Experiment Type: Ar/Ar, Ar/Ar
create new session 4436069840
close session 4436069840
$$$$$ Clearing conditionals
adding conditionals 
Add queue conditionals
add default conditionals
adding default conditionals from /Users/jan/PychronDev/setupfiles/spectrometer/default_conditionals.yaml
Start automated run 25340-06
loading script "jan_unknown120_60.py"
loading script "jan_pump_ms.py"
loading script "jan_co2.py"
loading script "jan_pump_extraction_line.py"
%%%%%%%%%%%%%%%%%% setting automated run 25340-06
No value "sensitivity_multiplier" in metadata
$$$$$$$$$$$$$$$ auto_save_detector_ic=False
============================= Pre Extraction Check =============================
loading queue conditionals pre_run_terminations
loading system conditionals pre_run_terminations
loading conditionals from /Users/jan/PychronDev/setupfiles/spectrometer/default_conditionals.yaml
04:13:25 -- ******* Pre Extraction Check *******
Get a measurement from the spectrometer
GetData ===>> H2,-0.223211011916446,H1,0.0377942996471649,AX,-0.0349116822712999,L1,-0.0199158148479935,L2,0.01...
Pre Extraction Termination data. keys=H2,H1,AX,L1,L2,CDD, signals=-0.22321,0.03779,-0.03491,-0.01992,0.01850,0.00313
04:13:25 -- testing system defined conditionals
Checking default pre extraction terminations n=2
testing CDD
evaluate ot="CDD.inactive" t="CDD", ctx="{'CDD': False}"
GetDeflection CDD ===>> 50
testing CDD==2000
evaluate ot="CDD.deflection==2000" t="CDD==2000", ctx="{'CDD': 50.0}"
04:13:25 -- ******* Pre Extraction Check Passed *******
=================================================================================
04:13:25 -- stopping status monitor
stop 4982387056
Alive clients [4989850544]
04:13:25 -- starting status monitor
start 4982387056
Monitor already running
start extraction
do extraction
Analysis started at 04:13:25.621868
Extraction Started jan_co2.py
04:13:25 -- ******* Extraction Started jan_co2.py *******
state changed from not run to extraction
DO EXTRACTION <pychron.extraction_line.pyscript_runner.RemotePyScriptRunner object at 0x12c299590>
testing...
no interpolation path defined
calculate duration
testing...
no interpolation path defined
executed snippet estimated_duration=0, duration=4.29153442383e-05
calculate duration
testing...
no interpolation path defined
executed snippet estimated_duration=0, duration=8.29696655273e-05
executed snippet estimated_duration=100.0, duration=0.00195384025574
Jan CO2 laser analysis
doing GOSUB
testing...
no interpolation path defined
executed snippet estimated_duration=0, duration=3.88622283936e-05
Waiting for CO2 access
wait ('FelixCO2Flag', 0) {}
waiting for FelixCO2Flag = 0
Read FelixCO2Flag ===>> 0
finished waiting
CO2 free
wait ('CO2PumpTimeFlag', 0) {}
waiting for CO2PumpTimeFlag = 0
Read CO2PumpTimeFlag ===>> 0
finished waiting
acquire ('JanCO2Flag',) {'clear': True}
acquire JanCO2Flag
Set JanCO2Flag 1 ===>> OK
JanCO2Flag acquired
set extraction state False (0.75, 'red', 1.5)
CO2 acquired
executed snippet estimated_duration=0, duration=0.0156769752502
WaitForCO2Access.py completed successfully
gosub finished
doing GOSUB
testing...
no interpolation path defined
executed snippet estimated_duration=0, duration=7.79628753662e-05
Prepare for CO2 analysis
close () {'description': 'Jan Inlet'}
closing name=--- desc=Jan Inlet
checking ownership. requestor=129.138.12.150
check software interlocks R
interlocks []
actuate state mode=None-script, software_lock=False
doing actuation None-script close_channel False
Close R ===>> OK
GetIndicatorState R ===>> False
change switch state (True, True)
update switch state R False args=() kw={} ncanvase=2
04:13:26 -- CLOSE  VALVE-R (Jan Inlet)
---------------------------------------- close None (Jan Inlet) result=[(True, True)]
action=close, ok=True, locked=[False]
open () {'description': 'Jan Ion Pump'}
opening name=--- desc=Jan Ion Pump
checking ownership. requestor=129.138.12.150
check software interlocks O
interlocks []
actuate state mode=None-script, software_lock=False
doing actuation None-script open_channel False
Open O ===>> OK
GetIndicatorState O ===>> OK
change switch state (True, True)
update switch state O True args=() kw={} ncanvase=2
04:13:26 -- OPEN   VALVE-O (Jan Ion Pump)
---------------------------------------- open None (Jan Ion Pump) result=[(True, True)], time=0.11 sec
action=open, ok=True, locked=[False]
close () {'description': 'Microbone to Minibone'}
closing name=--- desc=Microbone to Minibone
checking ownership. requestor=129.138.12.150
check software interlocks L
interlocks []
actuate state mode=None-script, software_lock=False
doing actuation None-script close_channel False
Close L ===>> OK
GetIndicatorState L ===>> False
change switch state (True, True)
update switch state L False args=() kw={} ncanvase=2
04:13:27 -- CLOSE  VALVE-L (Microbone to Minibone)
---------------------------------------- close None (Microbone to Minibone) result=[(True, True)]
action=close, ok=True, locked=[False]
open () {'description': 'Microbone to Turbo'}
opening name=--- desc=Microbone to Turbo
checking ownership. requestor=129.138.12.150
check software interlocks U
interlocks []
actuate state mode=None-script, software_lock=False
doing actuation None-script open_channel False
Open U ===>> OK
GetIndicatorState U ===>> OK
change switch state (True, True)
update switch state U True args=() kw={} ncanvase=2
04:13:27 -- OPEN   VALVE-U (Microbone to Turbo)
---------------------------------------- open None (Microbone to Turbo) result=[(True, True)], time=0.13 sec
action=open, ok=True, locked=[False]
open () {'description': 'Microbone to Inlet Pipette'}
opening name=--- desc=Microbone to Inlet Pipette
checking ownership. requestor=129.138.12.150
check software interlocks S
interlocks []
actuate state mode=None-script, software_lock=False
doing actuation None-script open_channel False
Open S ===>> OK
GetIndicatorState S ===>> OK
change switch state (True, True)
update switch state S True args=() kw={} ncanvase=2
04:13:28 -- OPEN   VALVE-S (Microbone to Inlet Pipette)
---------------------------------------- open None (Microbone to Inlet Pipette) result=[(True, True)], time=0.41 sec
action=open, ok=True, locked=[False]
open () {'description': 'Microbone to Getter D-50'}
opening name=--- desc=Microbone to Getter D-50
checking ownership. requestor=129.138.12.150
check software interlocks K
interlocks []
actuate state mode=None-script, software_lock=False
doing actuation None-script open_channel False
Open K ===>> OK
GetIndicatorState K ===>> OK
change switch state (True, True)
update switch state K True args=() kw={} ncanvase=2
04:13:28 -- OPEN   VALVE-K (Microbone to Getter D-50)
---------------------------------------- open None (Microbone to Getter D-50) result=[(True, True)], time=0.42 sec
action=open, ok=True, locked=[False]
open () {'description': 'Microbone to Getter NP-10'}
opening name=--- desc=Microbone to Getter NP-10
checking ownership. requestor=129.138.12.150
check software interlocks M
interlocks []
actuate state mode=None-script, software_lock=False
doing actuation None-script open_channel False
Open M ===>> OK
GetIndicatorState M ===>> OK
change switch state (True, True)
update switch state M True args=() kw={} ncanvase=2
04:13:29 -- OPEN   VALVE-M (Microbone to Getter NP-10)
---------------------------------------- open None (Microbone to Getter NP-10) result=[(True, True)], time=0.15 sec
action=open, ok=True, locked=[False]
close () {'description': 'CO2 Laser to Felix'}
closing name=--- desc=CO2 Laser to Felix
checking ownership. requestor=129.138.12.150
check software interlocks F
interlocks []
actuate state mode=None-script, software_lock=True
VALVE-F(CO2 Laser to Felix) software locked
change switch state (True, False)
---------------------------------------- close None (CO2 Laser to Felix) result=[(True, False)]
action=close, ok=True, locked=[True]
open () {'description': 'CO2 Laser to Jan'}
opening name=--- desc=CO2 Laser to Jan
checking ownership. requestor=129.138.12.150
check software interlocks A
interlocks []
actuate state mode=None-script, software_lock=False
doing actuation None-script open_channel False
Open A ===>> OK
GetIndicatorState A ===>> OK
change switch state (True, True)
update switch state A True args=() kw={} ncanvase=2
04:13:29 -- OPEN   VALVE-A (CO2 Laser to Jan)
---------------------------------------- open None (CO2 Laser to Jan) result=[(True, True)], time=0.14 sec
action=open, ok=True, locked=[False]
open () {'description': 'Microbone to CO2 Laser'}
opening name=--- desc=Microbone to CO2 Laser
checking ownership. requestor=129.138.12.150
check software interlocks T
interlocks []
actuate state mode=None-script, software_lock=False
doing actuation None-script open_channel False
Open T ===>> OK
GetIndicatorState T ===>> OK
change switch state (True, True)
update switch state T True args=() kw={} ncanvase=2
04:13:30 -- OPEN   VALVE-T (Microbone to CO2 Laser)
---------------------------------------- open None (Microbone to CO2 Laser) result=[(True, True)], time=0.40 sec
action=open, ok=True, locked=[False]
executed snippet estimated_duration=0, duration=4.94860291481
PrepareForCO2Analysis.py completed successfully
gosub finished
set_motor ('beam', '1.25') {}
setting motor "beam" to 1.25
set motor beam to 1.25
SetMotor beam,1.25 ===>> OK
GetMotorMoving beam ===>> False
GetMotorMoving beam ===>> False
Block completed
move_to_position ('180',) {'autocenter': True}
FusionsCO2 move to position 180
sending GoToHole 180,True
GoToHole 180,True ===>> OK
GetDriveMoving ===>> OK
GetDriveMoving ===>> OK
GetDriveMoving ===>> OK
GetDriveMoving ===>> OK
GetDriveMoving ===>> OK
GetDriveMoving ===>> OK
GetDriveMoving ===>> OK
GetDriveMoving ===>> False
GetDriveMoving ===>> OK
GetDriveMoving ===>> OK
GetDriveMoving ===>> OK
GetDriveMoving ===>> OK
GetDriveMoving ===>> OK
GetDriveMoving ===>> False
Block completed
GetAutoCorrecting ===>> False
GetAutoCorrecting ===>> False
Block completed
update position
GetPosition ===>> 7.97560,-7.97560,1.00000
got position (7.9756, -7.9756, 1.0)
move to position succeeded
sleep (5,) {}
SLEEP 5.0
block started
WaitControl setup for 5.0  
Join finished
block finished. duration 5.0421769619
close () {'description': 'Microbone to Turbo'}
closing name=--- desc=Microbone to Turbo
checking ownership. requestor=129.138.12.150
check software interlocks U
interlocks []
actuate state mode=None-script, software_lock=False
doing actuation None-script close_channel True
Close U ===>> OK
GetIndicatorState U ===>> False
change switch state (True, True)
update switch state U False args=() kw={} ncanvase=2
04:13:41 -- CLOSE  VALVE-U (Microbone to Turbo)
---------------------------------------- close None (Microbone to Turbo) result=[(True, True)]
action=close, ok=True, locked=[False]
enable laser
enable () {}
set extraction state FusionsCO2 Enabled (False, 'red', 1.5)
enabling laser
Enable ===>> OK
begin interval
BEGIN INTERVAL Interval 1 waiting for 30.0
block started
set extract to 5.0
WaitControl setup for 30.0  
extract (5.0,) {}
GetPosition ===>> 7.97560,-7.97560,1.00000
set extraction state FusionsCO2 ON! 5.0(watts) (0.75, 'red', 1.5)
extract sample to 5.0 (watts)
set laser output
SetLaserOutput 5.0,watts ===>> OK
executing pattern triangle.lp
execute_pattern ('triangle.lp',) {}
executing pattern triangle.lp
IsPatterning ===>> OK
IsPatterning ===>> OK
IsPatterning ===>> OK
IsPatterning ===>> OK
IsPatterning ===>> OK
IsPatterning ===>> OK
IsPatterning ===>> OK
IsPatterning ===>> OK
IsPatterning ===>> OK
IsPatterning ===>> OK
IsPatterning ===>> OK
IsPatterning ===>> OK
IsPatterning ===>> OK
IsPatterning ===>> OK
IsPatterning ===>> OK
IsPatterning ===>> OK
IsPatterning ===>> OK
IsPatterning ===>> OK
IsPatterning ===>> OK
IsPatterning ===>> OK
IsPatterning ===>> OK
IsPatterning ===>> OK
IsPatterning ===>> OK
IsPatterning ===>> OK
IsPatterning ===>> OK
IsPatterning ===>> OK
IsPatterning ===>> False
IsPatterning ===>> False
Block completed
COMPLETE INTERVAL waiting for Interval 1 to complete
Join finished
block finished. duration 30.1803979874
Interval 1 finished
end_extract () {}
ending extraction. set laser power to 0
set laser power 0
SetLaserPower 0 ===>> OK
disable () {}
%%%%%%%%%%%%%%%%%%%%%%%%%%%%%%%%%%% disable
set extraction state False (0.75, 'red', 1.5)
disabling laser
Disable ===>> OK
sleep (30.0,) {}
SLEEP 30.0
block started
WaitControl setup for 30.0  
Join finished
block finished. duration 30.125772953
executed snippet estimated_duration=166.5, duration=77.5221121311
jan_co2.py completed successfully
GetAchievedOutput ===>> No Response
Requested Output= 0.000
Achieved Output=  0.000
GetResponseBlob ===>> No Response
GetOutputBlob ===>> No Response
persistence save...
persistence save - db
AutomatedRunPersister post_extraction_save deprecated
persistence save - dvc
no extraction position for 180
create new session 4989601072
close session 4989601072
Extraction Finished
04:14:43 -- ******* Extraction Finished *******
no overlap. not waiting for min ms pumptime
04:14:43 -- Sending spectrometer configuration
======== Sending configuration ========
SetDeflection CDD,50.0 ===>> OK
SetDeflection H2,0.0 ===>> OK
SetDeflection H1,0.0 ===>> OK
SetDeflection L2,825.0 ===>> OK
SetDeflection L1,400.0 ===>> OK
SetDeflection AX,190.0 ===>> OK
SetZFocus 74.64 ===>> OK
SetZSymmetry -50.72 ===>> OK
SetExtractionLens 26.13 ===>> OK
SetIonRepeller -3.81 ===>> OK
SetElectronEnergy 75.08 ===>> OK
SetYSymmetry -2.81 ===>> OK
SetIonCounterVoltage 1590.0 ===>> OK
send trap current 200.0
GetParameter Trap Current Readback ===>> 198.035158395898
SetParameter Trap Current Set,200.0 ===>> OK
updating mftable name mftable
Using mftable located at /Users/jan/PychronDev/setupfiles/spectrometer/mftables/mftable.csv
============ MFtable ===========
Isotope  H2     H1     AX     L1     L2     CDD    
Ar40     5.8128 5.8793 5.9929 6.1527 6.2311 6.3809
Ar39     5.7120 5.7716 5.8853 6.0387 6.1162 6.2674
Ar36     5.3895 5.4406 5.5487 5.6976 5.7712 5.9185
================================
get initial guess parabolic
get initial guess parabolic
get initial guess parabolic
get initial guess parabolic
get initial guess parabolic
get initial guess parabolic
======== Configuration Finished ========
GetYSymmetry ===>> -2.81
GetZSymmetry ===>> -50.72
GetParameter Trap Current Readback ===>> 198.147042666178
GetHighVoltage ===>> 4499.94659342336
start measurement
do measurement
L#=25340 analysis type=unknown
Measurement Started jan_unknown120_60.py
04:14:43 -- ******* Measurement Started jan_unknown120_60.py *******
state changed from extraction to measurement
setting spec, defl, and gains
GetExtractionLens ===>> 26.13
GetYSymmetry ===>> -2.81
GetZSymmetry ===>> -50.72
GetZFocus ===>> 74.64
GetDeflection H2 ===>> 0
GetDeflection H1 ===>> 0
GetDeflection AX ===>> 190
GetDeflection L1 ===>> 400
GetDeflection L2 ===>> 825
GetDeflection CDD ===>> 50
GetGain H2 ===>> 0.0113
GetGain H1 ===>> 0.1
GetGain AX ===>> 0.097049
GetGain L1 ===>> 0.010355
GetGain L2 ===>> 0.095649
GetGain CDD ===>> 0
pre measurement save
New frame /Users/jan/PychronDev/data/isotopes/88/5ea6b8-cc74-4969-ba30-eeec95fe94d7.h5
flush and close file /Users/jan/PychronDev/data/isotopes/88/5ea6b8-cc74-4969-ba30-eeec95fe94d7.h5
testing...
no interpolation path defined
executed snippet estimated_duration=226.132928, duration=0.000265836715698
unknown measurement script
activate_detectors ('H2', 'H1', 'AX', 'L1', 'L2', 'CDD') {}
activate detectors
*************** Set Analysis View Ar/Ar
create graphs
clearing graphs
clear isotope group
setting isotope det=H2, iso=PM41
setting isotope det=H1, iso=Ar40
setting isotope det=AX, iso=Ar39
setting isotope det=L1, iso=Ar38
setting isotope det=L2, iso=Ar37
setting isotope det=CDD, iso=Ar36
setting previous blanks
 - setting Ar40 blank 0.114+/-0.007
 - setting Ar36 blank 0.00435+/-0.00016
 - setting Ar37 blank 0.059+/-0.005
 - setting Ar38 blank 0.0062+/-0.0021
 - setting PM41 blank 0.02+/-0.07
 - setting Ar39 blank 0.041+/-0.008
load analysis view
position_magnet ('Ar40',) {'detector': 'H1'}
detector Detector(H1)
POSITION Ar40 H1
setting detector H2 to PM41 (40.9624)
setting detector H1 to Ar40 (39.9624)
setting detector AX to Ar39 (38.9624)
setting detector L1 to Ar38 (37.9624)
setting detector L2 to Ar37 (36.9624)
setting detector CDD to Ar36 (35.9624)
Mapping mass to dac mass func: "parabolic"
H1 map mass coeffs = [-0.00063987  0.15840543  0.57088999]
H1 map mass to dac 39.9624 >> 5.87928
GetDeflection H1 ===>> 0
GetHighVoltage ===>> 4499.94659342336
positioning Ar40 (5.87924537747) on H1
setting magnet DAC
current  : 5.879245
requested: 5.879245
Delta Dac: 0.000000
Checking detector protection. dv=0.00000
Checking detector "CDD". Protection Threshold: 0.1 (V)
SetMagnetDAC 5.87924537747 ===>> OK
Magnet settling time: 0.500
equilibrate () {'delay': 3, 'inlet': 'R', 'outlet': 'O', 'eqtime': 12.0}
Equilibration Started
04:14:44 -- ******* Equilibration Started *******
checking ownership. requestor=129.138.12.150
check software interlocks O
interlocks []
actuate state mode=None-script, software_lock=False
doing actuation None-script close_channel True
Close O ===>> OK
GetIndicatorState O ===>> False
change switch state (True, True)
update switch state O False args=() kw={} ncanvase=2
04:14:45 -- CLOSE  VALVE-O (Jan Ion Pump)
waiting 3s before opening inlet value ('R',)
update labels <pychron.experiment.plot_panel.PlotPanel object at 0x200f2fd10>
update labels "<pychron.graph.stacked_regression_graph.StackedRegressionGraph object at 0x21d6a4890>"
setting label 0 H2 PM41
setting label 1 H1 Ar40
setting label 2 AX Ar39
setting label 3 L1 Ar38
setting label 4 L2 Ar37
setting label 5 CDD Ar36
update labels "<pychron.graph.stacked_graph.StackedGraph object at 0x21d9792f0>"
setting label 0 H2 PM41
setting label 1 H1 Ar40
setting label 2 AX Ar39
setting label 3 L1 Ar38
setting label 4 L2 Ar37
setting label 5 CDD Ar36
checking ownership. requestor=129.138.12.150
check software interlocks R
interlocks []
actuate state mode=None-script, software_lock=False
doing actuation None-script open_channel True
Open R ===>> OK
set states for children of R. state=True
handle state [('R', True)]
update switch state R True args=() kw={'refresh': False} ncanvase=2
refresh_canvas_needed fired
GetIndicatorState R ===>> OK
change switch state (True, True)
update switch state R True args=() kw={} ncanvase=2
04:14:48 -- OPEN   VALVE-R (Jan Inlet)
equilibrating for 12.0sec
set_time_zero () {}
sniff (12.0,) {}
py_sniff
build tables- sniff [Detector(H2), Detector(H1), Detector(AX), Detector(L1), Detector(L2), Detector(CDD)]
add group /sniff/PM41 (Group) '' table H2
add group /sniff/Ar40 (Group) '' table H1
add group /sniff/Ar39 (Group) '' table AX
add group /sniff/Ar38 (Group) '' table L1
add group /sniff/Ar37 (Group) '' table L2
add group /sniff/Ar36 (Group) '' table CDD
flush and close file /Users/jan/PychronDev/data/isotopes/88/5ea6b8-cc74-4969-ba30-eeec95fe94d7.h5
measuring sniff. ncounts=12.0
"sniff" increment series count="1" fit count="0" regressing="False"
starting measurement
GetData ===>> H2,-0.0607418869427714,H1,25.8066953291473,AX,3.5482067821712,L1,0.0417845840278284,L2,0.00127654...
GetData ===>> H2,0.921596683611108,H1,712.792392405542,AX,93.612013092808,L1,0.519293840444647,L2,0.47412102211...
GetData ===>> H2,0.544063795075196,H1,1248.11227111609,AX,157.770237817736,L1,1.28484689030468,L2,0.41966742017...
GetData ===>> H2,0.214754012533925,H1,1419.76192069143,AX,175.767120716946,L1,1.72640480826785,L2,0.39704676968...
GetData ===>> H2,0.192149580350634,H1,1480.87115359193,AX,181.445393982732,L1,1.98248210593226,L2,0.40400376495...
GetData ===>> H2,0.0517985699826938,H1,1505.74123955011,AX,183.767686409738,L1,2.12958542707024,L2,0.3704914554...
GetData ===>> H2,-0.0989642175842242,H1,1515.52739583452,AX,184.751592903521,L1,2.20391364727279,L2,0.392694620...
GetData ===>> H2,-0.0102182358401279,H1,1519.87297532133,AX,185.556294897789,L1,2.25408492323818,L2,0.396441340...
GetData ===>> H2,-0.0644674112284554,H1,1521.60368853719,AX,185.514312450659,L1,2.29677381720312,L2,0.345770218...
GetData ===>> H2,-0.0335989048145869,H1,1521.30156238163,AX,185.293814940716,L1,2.36474170668749,L2,0.418467706...
GetData ===>> H2,-0.00334033276608452,H1,1521.51219719584,AX,185.711178978878,L1,2.42410846005928,L2,0.28120537...
Equilibration Finished
04:15:00 -- ******* Equilibration Finished *******
checking ownership. requestor=129.138.12.150
check software interlocks R
interlocks []
actuate state mode=None-script, software_lock=False
doing actuation None-script close_channel True
GetData ===>> H2,-0.045193512750472,H1,1521.9627493861,AX,185.611965212696,L1,2.39499957385073,L2,0.32100970042...
Close R ===>> OK
GetIndicatorState R ===>> False
change switch state (True, True)
update switch state R False args=() kw={} ncanvase=2
04:15:01 -- CLOSE  VALVE-R (Jan Inlet)
Post Equilibration Started jan_pump_extraction_line.py
04:15:01 -- ******* Post Equilibration Started jan_pump_extraction_line.py *******
testing...
no interpolation path defined
calculate duration
testing...
no interpolation path defined
executed snippet estimated_duration=4.0, duration=0.000180006027222
executed snippet estimated_duration=4.0, duration=0.00131916999817
Pump after analysis
doing GOSUB
testing...
no interpolation path defined
executed snippet estimated_duration=4.0, duration=0.000137805938721
Pump Microbone
close () {'description': 'Jan Inlet'}
closing name=--- desc=Jan Inlet
checking ownership. requestor=129.138.12.150
check software interlocks R
interlocks []
actuate state mode=None-script, software_lock=False
doing actuation None-script close_channel False
Close R ===>> OK
measurement finished
estimated time: 12.583 actual time: :12.661
flush and close file /Users/jan/PychronDev/data/isotopes/88/5ea6b8-cc74-4969-ba30-eeec95fe94d7.h5
set_fits () {}
using default fits file=/Users/jan/PychronDev/scripts/measurement/fits/nominal_linear.yaml
set "Ar40" to "('Linear', 'SEM')"
No fit for "PM41". defaulting to linear. check the measurement script "jan_unknown120_60.py"
set "PM41" to "linear"
set "Ar36" to "('Linear', 'SEM')"
set "Ar37" to "('linear', 'SEM')"
set "Ar38" to "('linear', 'SEM')"
set "Ar39" to "('Linear', 'SEM')"
set_baseline_fits () {}
using default fits file=/Users/jan/PychronDev/scripts/measurement/fits/nominal_linear.yaml
set "H1" to "('average', 'SEM')"
set "H2" to "('average', 'SEM')"
set "CDD" to "('average', 'SEM')"
set "L2" to "('average', 'SEM')"
set "L1" to "('average', 'SEM')"
set "AX" to "('average', 'SEM')"
multicollect () {'integration_time': 1, 'ncounts': 120}
build tables- signal [Detector(H2), Detector(H1), Detector(AX), Detector(L1), Detector(L2), Detector(CDD)]
add group /signal/PM41 (Group) '' table H2
add group /signal/Ar40 (Group) '' table H1
add group /signal/Ar39 (Group) '' table AX
add group /signal/Ar38 (Group) '' table L1
add group /signal/Ar37 (Group) '' table L2
add group /signal/Ar36 (Group) '' table CDD
flush and close file /Users/jan/PychronDev/data/isotopes/88/5ea6b8-cc74-4969-ba30-eeec95fe94d7.h5
GetIndicatorState R ===>> False
measuring signal. ncounts=120
change switch state (True, True)
update switch state R False args=() kw={} ncanvase=2
04:15:01 -- CLOSE  VALVE-R (Jan Inlet)
---------------------------------------- close None (Jan Inlet) result=[(True, True)]
action=close, ok=True, locked=[False]
is_closed ('F',) {}
is F () closed?
is closed True
open () {'description': 'CO2 Laser to Jan'}
opening name=--- desc=CO2 Laser to Jan
checking ownership. requestor=129.138.12.150
check software interlocks A
interlocks []
actuate state mode=None-script, software_lock=False
doing actuation None-script open_channel False
Open A ===>> OK
GetIndicatorState A ===>> OK
change switch state (True, True)
update switch state A True args=() kw={} ncanvase=2
04:15:02 -- OPEN   VALVE-A (CO2 Laser to Jan)
---------------------------------------- open None (CO2 Laser to Jan) result=[(True, True)], time=0.12 sec
starting measurement
GetData ===>> H2,-0.000306922128911701,H1,1522.79595362249,AX,185.502053489126,L1,2.37728978872392,L2,0.3320135...
"signal" increment series count="2" fit count="1" regressing="True"
action=open, ok=True, locked=[False]
sleep (1,) {}
SLEEP 1.0
GetData ===>> H2,-0.133830571085023,H1,1521.84408100988,AX,185.192006326265,L1,2.38613520899697,L2,0.3960643775...
close () {'description': 'CO2 Laser to Roughing'}
closing name=--- desc=CO2 Laser to Roughing
checking ownership. requestor=129.138.12.150
check software interlocks G
interlocks []
actuate state mode=None-script, software_lock=True
VALVE-G(CO2 Laser to Roughing) software locked
change switch state (True, False)
---------------------------------------- close None (CO2 Laser to Roughing) result=[(True, False)]
action=close, ok=True, locked=[True]
open () {'description': 'Microbone to Turbo'}
opening name=--- desc=Microbone to Turbo
checking ownership. requestor=129.138.12.150
check software interlocks U
interlocks []
actuate state mode=None-script, software_lock=False
doing actuation None-script open_channel True
Open U ===>> OK
GetIndicatorState U ===>> OK
change switch state (True, True)
update switch state U True args=() kw={} ncanvase=2
04:15:03 -- OPEN   VALVE-U (Microbone to Turbo)
---------------------------------------- open None (Microbone to Turbo) result=[(True, True)], time=0.16 sec
action=open, ok=True, locked=[False]
open () {'description': 'Microbone to Getter NP-10'}
opening name=--- desc=Microbone to Getter NP-10
checking ownership. requestor=129.138.12.150
check software interlocks M
interlocks []
actuate state mode=None-script, software_lock=False
doing actuation None-script open_channel False
Open M ===>> OK
GetIndicatorState M ===>> OK
change switch state (True, True)
update switch state M True args=() kw={} ncanvase=2
04:15:03 -- OPEN   VALVE-M (Microbone to Getter NP-10)
---------------------------------------- open None (Microbone to Getter NP-10) result=[(True, True)], time=0.14 sec
action=open, ok=True, locked=[False]
open () {'description': 'Microbone to Getter D-50'}
opening name=--- desc=Microbone to Getter D-50
checking ownership. requestor=129.138.12.150
check software interlocks K
interlocks []
actuate state mode=None-script, software_lock=False
doing actuation None-script open_channel False
GetData ===>> H2,-0.0564427327862817,H1,1520.23482412018,AX,185.176480610675,L1,2.36564409600031,L2,0.383933806...
Open K ===>> OK
GetIndicatorState K ===>> OK
change switch state (True, True)
update switch state K True args=() kw={} ncanvase=2
04:15:04 -- OPEN   VALVE-K (Microbone to Getter D-50)
---------------------------------------- open None (Microbone to Getter D-50) result=[(True, True)], time=0.45 sec
action=open, ok=True, locked=[False]
open () {'description': 'Microbone to CO2 Laser'}
opening name=--- desc=Microbone to CO2 Laser
checking ownership. requestor=129.138.12.150
check software interlocks T
interlocks []
actuate state mode=None-script, software_lock=False
doing actuation None-script open_channel False
Open T ===>> OK
GetIndicatorState T ===>> OK
change switch state (True, True)
update switch state T True args=() kw={} ncanvase=2
04:15:05 -- OPEN   VALVE-T (Microbone to CO2 Laser)
---------------------------------------- open None (Microbone to CO2 Laser) result=[(True, True)], time=0.41 sec
GetData ===>> H2,-0.0412060065130059,H1,1519.86354403726,AX,185.281768024748,L1,2.36519758526007,L2,0.346512333...
action=open, ok=True, locked=[False]
open () {'description': 'Microbone to Inlet Pipette'}
opening name=--- desc=Microbone to Inlet Pipette
checking ownership. requestor=129.138.12.150
check software interlocks S
interlocks []
actuate state mode=None-script, software_lock=False
doing actuation None-script open_channel False
Open S ===>> OK
GetIndicatorState S ===>> OK
change switch state (True, True)
update switch state S True args=() kw={} ncanvase=2
04:15:06 -- OPEN   VALVE-S (Microbone to Inlet Pipette)
---------------------------------------- open None (Microbone to Inlet Pipette) result=[(True, True)], time=0.42 sec
action=open, ok=True, locked=[False]
sleep (1,) {}
SLEEP 1.0
testing H1>-5.0
evaluate ot="H1.bs>-5.0" t="H1>-5.0", ctx="{'H1': None}"
GetData ===>> H2,-0.00368446242093669,H1,1519.56011186928,AX,185.076436217433,L1,2.3584966893848,L2,0.328714569...
set_resource () {'name': 'CO2PumpTimeFlag', 'value': 30}
Set CO2PumpTimeFlag 30 ===>> OK
release ('JanCO2Flag',) {}
release JanCO2Flag
Set JanCO2Flag 0 ===>> OK
executed snippet estimated_duration=6.0, duration=5.94361805916
PumpMicrobone.py completed successfully
gosub finished
get_resource_value () {'name': 'JanMiniboneFlag'}
Read JanMiniboneFlag ===>> 0
Get Resource Value JanMiniboneFlag=0.0
get resource value 0.0
get_resource_value () {'name': 'JanMiniboneFlag'}
Read JanMiniboneFlag ===>> 0
Get Resource Value JanMiniboneFlag=0.0
executed snippet estimated_duration=4.0, duration=5.95673680305
jan_pump_extraction_line.py completed successfully
Post Equilibration Finished
04:15:07 -- ******* Post Equilibration Finished *******
GetData ===>> H2,-0.0930648521618484,H1,1519.52054779498,AX,185.122743696936,L1,2.37100092409883,L2,0.404072309...
GetData ===>> H2,-0.189583314665298,H1,1518.77252389159,AX,184.886461240904,L1,2.39523980255105,L2,0.3497092029...
GetData ===>> H2,-0.189583314665298,H1,1518.77252389159,AX,184.886461240904,L1,2.39523980255105,L2,0.3497092029...
GetData ===>> H2,-0.113800603681937,H1,1516.94882105458,AX,184.811743424667,L1,2.37691160168133,L2,0.2899910285...
testing H1>-5.0
evaluate ot="H1.bs>-5.0" t="H1>-5.0", ctx="{'H1': None}"
GetData ===>> H2,-0.188470918426726,H1,1516.42012639834,AX,184.763646419616,L1,2.36413702566554,L2,0.3099043638...
GetData ===>> H2,-0.133033997718213,H1,1515.61125146423,AX,185.021746376383,L1,2.39378949255258,L2,0.3254156684...
GetData ===>> H2,-0.189637246249578,H1,1515.06359654971,AX,184.695790355926,L1,2.35902066041624,L2,0.3740088979...
GetData ===>> H2,-0.0573203260984594,H1,1514.91199280332,AX,184.735515202624,L1,2.34818500684755,L2,0.278740968...
GetData ===>> H2,0.0284618692488591,H1,1514.61242302068,AX,184.632094223778,L1,2.31589138781504,L2,0.3803817362...
testing H1>-5.0
evaluate ot="H1.bs>-5.0" t="H1>-5.0", ctx="{'H1': None}"
GetData ===>> H2,-0.0335731047875574,H1,1513.71119981175,AX,184.576155788359,L1,2.35603930949501,L2,0.338828865...
GetData ===>> H2,-0.174635714621188,H1,1513.35506648156,AX,184.463892964365,L1,2.35082510795757,L2,0.3147207032...
GetData ===>> H2,-0.0448907200395747,H1,1512.57804182311,AX,184.099367590569,L1,2.34709162365208,L2,0.303741628...
GetData ===>> H2,-0.0865485915519774,H1,1512.32177843642,AX,183.994785453925,L1,2.38704791828735,L2,0.324536741...
GetData ===>> H2,-0.0885515855324476,H1,1512.08941467376,AX,184.33025216773,L1,2.36328167873856,L2,0.2777940152...
testing H1>-5.0
evaluate ot="H1.bs>-5.0" t="H1>-5.0", ctx="{'H1': None}"
GetData ===>> H2,-0.117482804569173,H1,1510.70256976288,AX,184.348592560756,L1,2.3921013707035,L2,0.25060943067...
GetData ===>> H2,-0.0468118915558821,H1,1509.76356898872,AX,184.234400551196,L1,2.35375138575533,L2,0.390432951...
GetData ===>> H2,-0.0876882919879415,H1,1508.84441452123,AX,184.186843085636,L1,2.34050543580286,L2,0.406996913...
GetData ===>> H2,-0.186999690773191,H1,1508.42509164055,AX,184.04572754378,L1,2.34734754082535,L2,0.41581696277...
GetData ===>> H2,-0.150144633877337,H1,1507.91626409883,AX,183.986097099219,L1,2.32241905989837,L2,0.3469119362...
testing H1>-5.0
evaluate ot="H1.bs>-5.0" t="H1>-5.0", ctx="{'H1': None}"
04:15:27 -- collecting point 25
GetData ===>> H2,-0.123632028862592,H1,1507.94588998256,AX,183.950964104918,L1,2.30889990190667,L2,0.3384407121...
GetData ===>> H2,-0.122959915498835,H1,1507.35172761947,AX,183.671930696047,L1,2.29511249149931,L2,0.3347990010...
GetData ===>> H2,0.0133553669172065,H1,1506.29220913446,AX,183.677208335957,L1,2.28276623258174,L2,0.3907185130...
GetData ===>> H2,-0.0714777239041932,H1,1505.77713022749,AX,183.816426768845,L1,2.30280179807394,L2,0.407785200...
GetData ===>> H2,-0.107884642178127,H1,1505.64497223103,AX,183.704755263622,L1,2.34543031349574,L2,0.3986460342...
testing H1>-5.0
evaluate ot="H1.bs>-5.0" t="H1>-5.0", ctx="{'H1': None}"
GetData ===>> H2,-0.0740266209986162,H1,1505.2009090338,AX,183.44427572348,L1,2.37197492288861,L2,0.35488150715...
GetData ===>> H2,-0.0787365102807766,H1,1504.02135567819,AX,183.260386505049,L1,2.31765642837371,L2,0.333748752...
GetData ===>> H2,-0.188090656093933,H1,1502.8683458932,AX,183.420435041719,L1,2.31506288678903,L2,0.26118393013...
GetData ===>> H2,-0.0858240967983914,H1,1502.26103225528,AX,183.323796159868,L1,2.33199190193901,L2,0.291291830...
GetData ===>> H2,-0.0842219192496576,H1,1502.18066998816,AX,183.21514068729,L1,2.35187864110427,L2,0.3627832260...
testing H1>-5.0
evaluate ot="H1.bs>-5.0" t="H1>-5.0", ctx="{'H1': None}"
GetData ===>> H2,-0.192673179983919,H1,1501.5000371031,AX,183.240250890882,L1,2.36808882167659,L2,0.37049145544...
GetData ===>> H2,-0.0187085880112266,H1,1501.23710141566,AX,183.084713683778,L1,2.31548181423892,L2,0.443276395...
GetData ===>> H2,-0.0583334756618228,H1,1500.47492019444,AX,182.880521137144,L1,2.31041691860108,L2,0.331020443...
GetData ===>> H2,-0.106689974096787,H1,1500.00783510139,AX,183.003409355412,L1,2.33787043424049,L2,0.2851531124...
GetData ===>> H2,-0.127306987282698,H1,1499.20346837567,AX,182.927059026374,L1,2.35914797164104,L2,0.2999300613...
testing H1>-5.0
evaluate ot="H1.bs>-5.0" t="H1>-5.0", ctx="{'H1': None}"
GetData ===>> H2,-0.0371506036049306,H1,1498.67751288375,AX,182.804595393657,L1,2.32549443825318,L2,0.364564628...
GetData ===>> H2,-0.0880325330648174,H1,1498.23716482821,AX,182.902280898218,L1,2.32024619318394,L2,0.293117547...
GetData ===>> H2,-0.0566787537122663,H1,1497.72505757769,AX,182.71280539393,L1,2.28606864104277,L2,0.3976636257...
GetData ===>> H2,-0.145021313453715,H1,1497.05172266866,AX,182.898185281055,L1,2.30766797835952,L2,0.3116733703...
GetData ===>> H2,-0.0433050741133368,H1,1496.12489561577,AX,182.693148338964,L1,2.328376529487,L2,0.25807620409...
testing H1>-5.0
evaluate ot="H1.bs>-5.0" t="H1>-5.0", ctx="{'H1': None}"
GetData ===>> H2,-0.12198074956437,H1,1495.81579680518,AX,182.608538428907,L1,2.33612749525344,L2,0.36069354630...
GetData ===>> H2,-0.0676031202012339,H1,1495.60699156799,AX,182.555574125612,L1,2.3598542400746,L2,0.3605565197...
GetData ===>> H2,-0.111936719463023,H1,1494.64716442471,AX,182.43084960384,L1,2.34228521469417,L2,0.35877519185...
GetData ===>> H2,-0.142221622177114,H1,1494.18278563162,AX,182.456623887785,L1,2.34997404320005,L2,0.2915885072...
GetData ===>> H2,-0.140980997455027,H1,1493.66361856408,AX,182.211339174513,L1,2.32142221848176,L2,0.2936652695...
testing H1>-5.0
evaluate ot="H1.bs>-5.0" t="H1>-5.0", ctx="{'H1': None}"
04:15:53 -- collecting point 50
GetData ===>> H2,-0.190756268635926,H1,1492.7577019854,AX,182.153478321576,L1,2.3031935283926,L2,0.416525343924...
GetData ===>> H2,-0.106459955625526,H1,1492.49836085409,AX,181.985813016446,L1,2.31675764136474,L2,0.3780518322...
GetData ===>> H2,-0.13033205338871,H1,1491.73212674376,AX,181.859576621728,L1,2.28947092501006,L2,0.38023326029...
GetData ===>> H2,-0.074152695234257,H1,1491.77559094902,AX,181.993490918877,L1,2.30726672952376,L2,0.2800416175...
GetData ===>> H2,-0.0657008495857443,H1,1490.96277095981,AX,181.702172499789,L1,2.2843077698537,L2,0.2587612583...
testing H1>-5.0
evaluate ot="H1.bs>-5.0" t="H1>-5.0", ctx="{'H1': None}"
GetData ===>> H2,-0.111224653890375,H1,1489.85367365189,AX,181.637807287522,L1,2.24748161900496,L2,0.3299702370...
GetData ===>> H2,-0.00998033887414789,H1,1489.47100623542,AX,181.791766350672,L1,2.30087409588046,L2,0.29167979...
GetData ===>> H2,-0.0495104883494971,H1,1488.97346396122,AX,181.710807005253,L1,2.33458631374393,L2,0.325529815...
GetData ===>> H2,-0.0867503585075557,H1,1488.74533541503,AX,181.752527339788,L1,2.30155049180717,L2,0.242743688...
GetData ===>> H2,-0.0749280888418218,H1,1487.62738532116,AX,181.627332708245,L1,2.28609669965043,L2,0.343543907...
testing H1>-5.0
evaluate ot="H1.bs>-5.0" t="H1>-5.0", ctx="{'H1': None}"
GetData ===>> H2,-0.181540588014621,H1,1486.8273414776,AX,181.563443673313,L1,2.29422195141982,L2,0.28317922161...
GetData ===>> H2,-0.164533194688898,H1,1486.48048195741,AX,181.560013250833,L1,2.32620920289073,L2,0.3029770206...
GetData ===>> H2,-0.113290333184471,H1,1485.98380876852,AX,181.408093754034,L1,2.34997002257452,L2,0.3497206205...
GetData ===>> H2,-0.145975104465524,H1,1485.27727185897,AX,181.529702693514,L1,2.32627345362532,L2,0.3434297386...
GetData ===>> H2,-0.180847051715272,H1,1484.30223848118,AX,181.263609052214,L1,2.30365747243037,L2,0.4431051275...
testing H1>-5.0
evaluate ot="H1.bs>-5.0" t="H1>-5.0", ctx="{'H1': None}"
GetData ===>> H2,-0.0807052758297961,H1,1483.91104762185,AX,181.300067959154,L1,2.27705744475508,L2,0.352129760...
GetData ===>> H2,-0.0589369824136995,H1,1483.82292192638,AX,180.930948462144,L1,2.26609068229213,L2,0.307770186...
GetData ===>> H2,-0.0558838591296737,H1,1483.65819802713,AX,181.05602139831,L1,2.29593088796202,L2,0.3802332602...
GetData ===>> H2,-0.229538101874897,H1,1483.12516798564,AX,180.92900150189,L1,2.24519825452244,L2,0.26880413358...
GetData ===>> H2,-0.189004882265365,H1,1482.27944489812,AX,181.017060095018,L1,2.28540327177766,L2,0.3430986510...
testing H1>-5.0
evaluate ot="H1.bs>-5.0" t="H1>-5.0", ctx="{'H1': None}"
GetData ===>> H2,-0.144778124440992,H1,1481.04975600481,AX,180.956417456292,L1,2.26769536886407,L2,0.3406669047...
GetData ===>> H2,-0.0838426725865618,H1,1480.6339419554,AX,180.940504525235,L1,2.26666070685796,L2,0.3357465175...
GetData ===>> H2,-0.00654727323097701,H1,1480.58335317876,AX,180.677403852429,L1,2.29139435363255,L2,0.26389884...
GetData ===>> H2,-0.0716092501209227,H1,1479.85933800222,AX,180.595544553184,L1,2.29218039438898,L2,0.286933072...
GetData ===>> H2,-0.0922777677464193,H1,1479.43394965127,AX,180.50960113375,L1,2.28876926979448,L2,0.5020393377...
testing H1>-5.0
evaluate ot="H1.bs>-5.0" t="H1>-5.0", ctx="{'H1': None}"
04:16:20 -- collecting point 75
GetData ===>> H2,-0.190861424088714,H1,1478.3575819597,AX,180.284970578705,L1,2.30452257204902,L2,0.28008725470...
GetData ===>> H2,-0.132521402262406,H1,1478.01044289765,AX,180.268502231848,L1,2.33324818143437,L2,0.3801647330...
GetData ===>> H2,-0.0986108294441347,H1,1477.39246599632,AX,180.142178986963,L1,2.30159861639119,L2,0.332824087...
GetData ===>> H2,-0.0200994899476924,H1,1476.73062282478,AX,180.188996336703,L1,2.29879035762527,L2,0.292410078...
GetData ===>> H2,-0.0587810230604575,H1,1476.23294548339,AX,180.442974693604,L1,2.29726823028761,L2,0.273846577...
testing H1>-5.0
evaluate ot="H1.bs>-5.0" t="H1>-5.0", ctx="{'H1': None}"
GetData ===>> H2,-0.125016700357412,H1,1475.66038454244,AX,180.473110165469,L1,2.29340100562836,L2,0.3917008504...
GetData ===>> H2,-0.0825504300562362,H1,1475.22282494215,AX,180.207557353793,L1,2.31128387733911,L2,0.363365603...
GetData ===>> H2,-0.104078314176924,H1,1474.62915809186,AX,180.290825346355,L1,2.24800851281172,L2,0.3314656438...
GetData ===>> H2,-0.0930485962363165,H1,1474.4218555914,AX,180.055765055127,L1,2.25893513684361,L2,0.4353793464...
GetData ===>> H2,-0.154313182282997,H1,1474.15897038557,AX,180.023545919177,L1,2.25655832868023,L2,0.3221397091...
testing H1>-5.0
evaluate ot="H1.bs>-5.0" t="H1>-5.0", ctx="{'H1': None}"
GetData ===>> H2,-0.168632385158667,H1,1473.33423611208,AX,179.957349418482,L1,2.23870015102101,L2,0.3784515666...
GetData ===>> H2,-0.160313677589879,H1,1472.64973557159,AX,179.852565924975,L1,2.29916858284012,L2,0.3605679385...
GetData ===>> H2,-0.207106492107366,H1,1471.41023780217,AX,179.831611796785,L1,2.28619290112402,L2,0.3762473376...
GetData ===>> H2,-0.223831894027012,H1,1470.86518426065,AX,179.832682877464,L1,2.24401007561957,L2,0.3043807087...
GetData ===>> H2,-0.185242327767968,H1,1470.1420358128,AX,179.682777689633,L1,2.25961686516786,L2,0.20207817773...
testing H1>-5.0
evaluate ot="H1.bs>-5.0" t="H1>-5.0", ctx="{'H1': None}"
GetData ===>> H2,-0.143737757013698,H1,1469.92573205527,AX,179.727732511096,L1,2.26314757432428,L2,0.3228816413...
GetData ===>> H2,0.0346240418570221,H1,1469.37755625455,AX,179.681528479047,L1,2.26854319540758,L2,0.2881996018...
GetData ===>> H2,-0.0937855081655904,H1,1468.92299465687,AX,179.51397903485,L1,2.27245470938916,L2,0.3000784128...
GetData ===>> H2,-0.144244441383921,H1,1468.78549674299,AX,179.530369015454,L1,2.27042332942115,L2,0.3217972808...
GetData ===>> H2,-0.0616733823432917,H1,1468.00760597631,AX,179.381166277425,L1,2.20887685902933,L2,0.402747127...
testing H1>-5.0
evaluate ot="H1.bs>-5.0" t="H1>-5.0", ctx="{'H1': None}"
GetData ===>> H2,-0.0589912286444186,H1,1466.71172478219,AX,179.089376320504,L1,2.23573688303222,L2,0.305396398...
GetData ===>> H2,-0.105782050570424,H1,1466.06656498442,AX,179.115055127655,L1,2.30103984921342,L2,0.3253129363...
GetData ===>> H2,-0.186913380004861,H1,1465.11269818216,AX,179.460827398827,L1,2.28191807672912,L2,0.4257004953...
GetData ===>> H2,-0.224907919108821,H1,1465.1645079798,AX,179.172594699748,L1,2.25886309752711,L2,0.30676588439...
GetData ===>> H2,-0.158782110638685,H1,1464.82186950439,AX,178.75025648243,L1,2.24958000415283,L2,0.32967344152...
testing H1>-5.0
evaluate ot="H1.bs>-5.0" t="H1>-5.0", ctx="{'H1': None}"
04:16:46 -- collecting point 100
GetData ===>> H2,-0.236761650967515,H1,1464.67421059018,AX,179.031727525326,L1,2.24789779635878,L2,0.2977390492...
GetData ===>> H2,-0.158467397968505,H1,1464.46036359492,AX,178.937465777794,L1,2.28290381351616,L2,0.3558977321...
GetData ===>> H2,-0.0348752542811889,H1,1463.44584922041,AX,178.794831371484,L1,2.25461346263485,L2,0.410926990...
GetData ===>> H2,-0.0188661596421436,H1,1462.34354548211,AX,178.736438869748,L1,2.22717543465278,L2,0.251716851...
GetData ===>> H2,-0.0655463382587823,H1,1462.03838207844,AX,178.840997514369,L1,2.23871747783461,L2,0.414240262...
testing H1>-5.0
evaluate ot="H1.bs>-5.0" t="H1>-5.0", ctx="{'H1': None}"
GetData ===>> H2,-0.130575321260038,H1,1461.19494188587,AX,178.600260787811,L1,2.25862697190494,L2,0.2955252651...
GetData ===>> H2,-0.0477485997179267,H1,1460.81408829466,AX,178.77426729473,L1,2.26923752634273,L2,0.3061952628...
GetData ===>> H2,-0.0863590085994482,H1,1460.62376038402,AX,178.694947676706,L1,2.29448402494264,L2,0.307690298...
GetData ===>> H2,-0.0310281203655339,H1,1459.80328272134,AX,178.815330935561,L1,2.27557127618493,L2,0.307987026...
GetData ===>> H2,-0.0998049934625121,H1,1459.65668645173,AX,178.472698352206,L1,2.27396546144138,L2,0.335084396...
testing H1>-5.0
evaluate ot="H1.bs>-5.0" t="H1>-5.0", ctx="{'H1': None}"
GetData ===>> H2,-0.0614171270175252,H1,1458.66056085479,AX,178.496096350638,L1,2.27568884903229,L2,0.327436089...
GetData ===>> H2,-0.0807838567826008,H1,1457.67318118839,AX,178.293560183455,L1,2.2498134788185,L2,0.3586952612...
GetData ===>> H2,-0.0586047186099085,H1,1456.95852335713,AX,178.26741946224,L1,2.25017637482166,L2,0.3422538119...
GetData ===>> H2,-0.0954311959491448,H1,1457.10350973711,AX,178.260329201105,L1,2.27262567729717,L2,0.359448895...
GetData ===>> H2,-0.0596014809280997,H1,1456.85481180129,AX,178.065472631015,L1,2.28530574104665,L2,0.322995785...
testing H1>-5.0
evaluate ot="H1.bs>-5.0" t="H1>-5.0", ctx="{'H1': None}"
GetData ===>> H2,-0.175605026311513,H1,1455.78716576571,AX,177.936643665678,L1,2.29124463782922,L2,0.3505426900...
GetData ===>> H2,-0.197819834200661,H1,1454.99023756286,AX,177.935311095579,L1,2.29958290777949,L2,0.3705028755...
GetData ===>> H2,-0.12884395139464,H1,1454.53233170388,AX,177.940450287812,L1,2.26247096902432,L2,0.37389469324...
GetData ===>> H2,-0.0401271496836864,H1,1454.36734494391,AX,178.19275187414,L1,2.270669052061,L2,0.384459204570...
GetData ===>> H2,-0.0301085812254914,H1,1453.41005712477,AX,177.828048262935,L1,2.28113008391075,L2,0.326579973...
testing H1>-5.0
evaluate ot="H1.bs>-5.0" t="H1>-5.0", ctx="{'H1': None}"
GetData ===>> H2,-0.183043553963996,H1,1453.43400735529,AX,177.619814405754,L1,2.29101071088733,L2,0.3215918244...
measurement finished
estimated time: 125.829 actual time: :126.349
flush and close file /Users/jan/PychronDev/data/isotopes/88/5ea6b8-cc74-4969-ba30-eeec95fe94d7.h5
baselines () {'settling_time': 15.0, 'detector': 'H1', 'mass': 34.2, 'ncounts': 60}
%%%%%%%%%%%%%%%%%%%%%%%%%%%%%%%% Baseline
build tables- baseline [Detector(H2), Detector(H1), Detector(AX), Detector(L1), Detector(L2), Detector(CDD)]
add group baseline table H2
add group baseline table H1
add group baseline table AX
add group baseline table L1
add group baseline table L2
add group baseline table CDD
flush and close file /Users/jan/PychronDev/data/isotopes/88/5ea6b8-cc74-4969-ba30-eeec95fe94d7.h5
detector Detector(H1)
POSITION 34.2 H1
Mapping mass to dac mass func: "parabolic"
H1 map mass coeffs = [-0.00063987  0.15840543  0.57088999]
H1 map mass to dac 34.2 >> 5.23993599104
GetDeflection H1 ===>> 0
GetHighVoltage ===>> 4499.94659342336
positioning 34.2 (5.23990513355) on H1
setting magnet DAC
current  : 5.879245
requested: 5.239905
Delta Dac: 0.639340
Checking detector protection. dv=0.63934
Checking detector "CDD". Protection Threshold: 0.1 (V)
ProtectDetector CDD,On ===>> OK
GetDeflection CDD ===>> 2000
Protected = 2000
SetMagnetDAC 5.23990513355 ===>> OK
Magnet settling time: 0.500
GetMagnetMoving ===>> True
GetMagnetMoving ===>> True
GetMagnetMoving ===>> True
GetMagnetMoving ===>> True
GetMagnetMoving ===>> True
GetMagnetMoving ===>> True
GetMagnetMoving ===>> True
GetMagnetMoving ===>> True
GetMagnetMoving ===>> False
ProtectDetector CDD,Off ===>> OK
GetDeflection CDD ===>> 50
Delaying 15.0s for detectors to settle
Join finished
measuring baseline. ncounts=60
"baseline" increment series count="2" fit count="1" regressing="True"
starting measurement
GetData ===>> H2,-0.0977577783078882,H1,-0.0971376000186151,AX,0.0104300651136258,L1,-0.0655254028534867,L2,-0....
GetData ===>> H2,-0.173489564390647,H1,-0.132937482499762,AX,-0.063632271636709,L1,-0.0691542449908379,L2,-0.04...
GetData ===>> H2,-0.113628711406835,H1,-0.060140359989602,AX,-0.0189882204187256,L1,-0.0416864644274272,L2,0.03...
GetData ===>> H2,-0.0820451422560344,H1,-0.0338978791865284,AX,-0.0622990447288467,L1,-0.0411200095993824,L2,0....
testing H1>-5.0
evaluate ot="H1.bs>-5.0" t="H1>-5.0", ctx="{'H1': None}"
GetData ===>> H2,-0.154032126694944,H1,-0.0608794851564064,AX,-0.110318471195241,L1,-0.0521499541122534,L2,0.05...
GetData ===>> H2,-0.113152271973678,H1,0.000152485782822964,AX,-0.122670107624966,L1,-0.0492425277772522,L2,-0....
GetData ===>> H2,-0.146121003098458,H1,-0.0442240017156202,AX,-0.111465640451945,L1,-0.0342116783050529,L2,-0.0...
GetData ===>> H2,-0.232369939075802,H1,-0.0831222139978436,AX,-0.00135687703109506,L1,-0.0723539504337043,L2,0....
GetData ===>> H2,-0.273057995155044,H1,-0.0127057207451429,AX,-0.114304536512676,L1,-0.0597440464705581,L2,0.06...
testing H1>-5.0
evaluate ot="H1.bs>-5.0" t="H1>-5.0", ctx="{'H1': None}"
GetData ===>> H2,-0.06816194741262,H1,0.0418993659304646,AX,-0.0502180169701187,L1,-0.0306911176251606,L2,-0.05...
GetData ===>> H2,-0.0997169924610131,H1,-0.0620358474493042,AX,-0.105602188794025,L1,-0.0192851404752373,L2,-0....
GetData ===>> H2,-0.305889821478992,H1,-0.00688514170275028,AX,-0.147719148258791,L1,-0.0463198958176087,L2,0.0...
GetData ===>> H2,-0.251836162821998,H1,-0.0332778009683342,AX,-0.0952649667214962,L1,-0.0268074914907806,L2,0.0...
GetData ===>> H2,-0.204919307182931,H1,-0.00896055092571828,AX,-0.13068740369943,L1,-0.0102177738126861,L2,-0.0...
testing H1>-5.0
evaluate ot="H1.bs>-5.0" t="H1>-5.0", ctx="{'H1': None}"
GetData ===>> H2,-0.208307040424123,H1,0.0314818953196962,AX,-0.0147894665246061,L1,-0.0330203340376092,L2,-0.0...
GetData ===>> H2,-0.252165615761692,H1,0.0561848765098684,AX,-0.111732152585273,L1,-0.0350834268914206,L2,-0.00...
GetData ===>> H2,-0.245351378857695,H1,0.0832502531827874,AX,-0.0927963868860001,L1,-0.0589770159971141,L2,0.02...
GetData ===>> H2,-0.154809066254567,H1,-0.0107854441707243,AX,-0.153272613096111,L1,-0.027452071193031,L2,0.069...
GetData ===>> H2,-0.250230446365503,H1,-0.062238507505996,AX,-0.187629800399399,L1,0.000948174157028189,L2,0.03...
testing H1>-5.0
evaluate ot="H1.bs>-5.0" t="H1>-5.0", ctx="{'H1': None}"
GetData ===>> H2,-0.267435472213466,H1,-0.0300700273052844,AX,-0.00272574040586137,L1,-0.0190729084591812,L2,-0...
GetData ===>> H2,-0.255806438825061,H1,0.129562143621631,AX,-0.0405590723687063,L1,-0.0526069297817683,L2,-0.02...
GetData ===>> H2,-0.286375917043431,H1,-0.0373678613873494,AX,-0.0909883731862631,L1,-0.0294226952531125,L2,-0....
GetData ===>> H2,-0.310736570965036,H1,-0.0769481472834287,AX,-0.0616845948743247,L1,-0.0654416908485384,L2,0.0...
GetData ===>> H2,-0.211455347918706,H1,-0.0182516543144605,AX,-0.101511468781244,L1,-0.0256620025705889,L2,-0.0...
testing H1>-5.0
evaluate ot="H1.bs>-5.0" t="H1>-5.0", ctx="{'H1': None}"
04:17:52 -- collecting point 25
GetData ===>> H2,-0.344560522417337,H1,0.00940950856456198,AX,-0.0770562689611141,L1,-0.0493286858413514,L2,-0....
GetData ===>> H2,-0.199781869741562,H1,0.0304915163950039,AX,-0.0945927774789233,L1,-0.0229031873496532,L2,-0.0...
GetData ===>> H2,-0.257990637794027,H1,0.0717173663007166,AX,-0.0664493779817323,L1,-0.0565151823279326,L2,-0.0...
GetData ===>> H2,-0.22846386386613,H1,0.043462676704409,AX,-0.0846832420244655,L1,-0.03732885054285,L2,-0.03890...
GetData ===>> H2,-0.384072099048502,H1,0.0787061133300739,AX,0.0438148101779759,L1,-0.0197407647084538,L2,-0.04...
testing H1>-5.0
evaluate ot="H1.bs>-5.0" t="H1>-5.0", ctx="{'H1': None}"
GetData ===>> H2,-0.355182960518561,H1,0.0683357284075427,AX,-0.0426231290668368,L1,-0.00867461638533145,L2,0.0...
GetData ===>> H2,-0.151941907480214,H1,-0.00938994056480775,AX,-0.0819593917036968,L1,-0.0179625143057137,L2,-0...
GetData ===>> H2,-0.152526739214814,H1,-0.05370258736741,AX,0.0138179149029677,L1,-0.0190417327576624,L2,-0.031...
GetData ===>> H2,-0.115258199731993,H1,-0.0380594585809966,AX,-0.136564885148846,L1,-0.009516367946869,L2,-0.07...
GetData ===>> H2,-0.171673762818584,H1,0.0133225281698791,AX,-0.238413080724318,L1,-0.0477873021701827,L2,-0.02...
testing H1>-5.0
evaluate ot="H1.bs>-5.0" t="H1>-5.0", ctx="{'H1': None}"
GetData ===>> H2,-0.24421975816387,H1,0.00839548880435821,AX,-0.0953808609491097,L1,-0.0461846346887222,L2,-0.0...
GetData ===>> H2,-0.218389597308434,H1,0.0285704478600437,AX,0.00957151916685418,L1,-0.0524514168353631,L2,-0.0...
GetData ===>> H2,-0.19821766272196,H1,0.0684909059926355,AX,-0.0177007764626762,L1,-0.0420996090172545,L2,-0.03...
GetData ===>> H2,-0.239872526648859,H1,-0.0977930334535635,AX,-0.195765251468549,L1,0.00142949515205206,L2,0.02...
GetData ===>> H2,-0.0736077191496785,H1,-0.0958624717613209,AX,-0.0683969593770673,L1,-0.0268482282339776,L2,-0...
testing H1>-5.0
evaluate ot="H1.bs>-5.0" t="H1>-5.0", ctx="{'H1': None}"
GetData ===>> H2,-0.126109173491747,H1,0.105150889360384,AX,-0.158617088811276,L1,-0.0286560545832393,L2,-0.005...
GetData ===>> H2,-0.216619798809383,H1,-0.035459982283048,AX,-0.0239290634585393,L1,-0.0020484617442975,L2,0.03...
GetData ===>> H2,-0.119421535915285,H1,0.0522582465042333,AX,-0.0920894111703775,L1,0.0141705041193838,L2,0.015...
GetData ===>> H2,-0.159495246926372,H1,-0.0179057878719966,AX,-0.0635395260081774,L1,-0.0229715077237563,L2,-0....
GetData ===>> H2,-0.247964034033684,H1,0.104936153992763,AX,-0.0506702129733542,L1,-0.0126525317352724,L2,0.020...
testing H1>-5.0
evaluate ot="H1.bs>-5.0" t="H1>-5.0", ctx="{'H1': None}"
GetData ===>> H2,-0.21726443934039,H1,0.0474128302451195,AX,-0.0763028121235115,L1,-0.0049638353298402,L2,-0.18...
GetData ===>> H2,-0.156096641867049,H1,-0.0201479352937682,AX,-0.0313050666159691,L1,-0.0106314005142468,L2,-0....
GetData ===>> H2,-0.186319975656666,H1,0.0287494278433666,AX,-0.155104375377731,L1,-0.0260598231335173,L2,0.024...
GetData ===>> H2,-0.222273563450311,H1,0.0960488995837007,AX,-0.0172832234142986,L1,-0.0240489904978687,L2,0.00...
GetData ===>> H2,-0.113290333184471,H1,0.0487614077726352,AX,-0.00346816672695279,L1,-0.00947080484956312,L2,0....
testing H1>-5.0
evaluate ot="H1.bs>-5.0" t="H1>-5.0", ctx="{'H1': None}"
04:18:18 -- collecting point 50
GetData ===>> H2,-0.201383609344954,H1,0.0227120130588123,AX,0.0300510639234302,L1,-0.0433497170118433,L2,-0.09...
GetData ===>> H2,-0.239082308243219,H1,-0.00695670825436849,AX,-0.0909188335268357,L1,-0.0309677777356893,L2,-0...
GetData ===>> H2,-0.29644390183204,H1,-0.0330154590272745,AX,-0.061626627706632,L1,-0.0428336472152906,L2,-0.00...
GetData ===>> H2,-0.314661284515076,H1,-0.00824489743391761,AX,-0.0737178312433559,L1,-0.0333005221700903,L2,-0...
GetData ===>> H2,-0.21390791456574,H1,0.0579513134776335,AX,-0.113076289609056,L1,-0.00547723757146762,L2,-0.01...
testing H1>-5.0
evaluate ot="H1.bs>-5.0" t="H1>-5.0", ctx="{'H1': None}"
GetData ===>> H2,-0.247555089821217,H1,0.040192878982004,AX,-0.104084122968543,L1,0.00524745755041471,L2,-0.106...
GetData ===>> H2,-0.161896349417956,H1,0.102263930155355,AX,-0.0622642646519896,L1,-0.0188786582830997,L2,-0.06...
GetData ===>> H2,-0.216462274174822,H1,-0.00381965970579474,AX,-0.0621831110910094,L1,-0.0236175318299861,L2,-0...
GetData ===>> H2,-0.187443371679642,H1,-0.0172617575186383,AX,0.0340546511486094,L1,-0.0158469102837959,L2,0.02...
GetData ===>> H2,-0.218788428816005,H1,-0.0108331533517301,AX,-0.0124232381225637,L1,-0.0115185424874618,L2,0.1...
testing H1>-5.0
evaluate ot="H1.bs>-5.0" t="H1>-5.0", ctx="{'H1': None}"
GetData ===>> H2,-0.144033663435693,H1,0.0410998194731562,AX,-0.0903161543965384,L1,-0.0540566730837697,L2,0.02...
measurement finished
estimated time: 62.915 actual time: :63.194
flush and close file /Users/jan/PychronDev/data/isotopes/88/5ea6b8-cc74-4969-ba30-eeec95fe94d7.h5
activate_detectors ('H1', 'AX', 'CDD') {'peak_center': True}
peak_center () {'detector': 'H1', 'integration_time': 0.262144, 'isotope': 'Ar40'}
peak center: mean=1455.51111705 threshold=3
peak center started
setup peak center. detector=['H1', 'AX', 'CDD'], isotope=Ar40
VersionedUnpickler [<apptools.sweet_pickle.versioned_unpickler.VersionedUnpickler object at 0x22558a830>] using Updater [<apptools.sweet_pickle.updater.Updater object at 0x135230b30>]
VersionedUnpickler [<apptools.sweet_pickle.versioned_unpickler.VersionedUnpickler object at 0x22558a830>] using Updater [<apptools.sweet_pickle.updater.Updater object at 0x135230b30>]
VersionedUnpickler [<apptools.sweet_pickle.versioned_unpickler.VersionedUnpickler object at 0x21996ce30>] using Updater [<apptools.sweet_pickle.updater.Updater object at 0x135230b30>]
setting integration time = 0.524288
SetIntegrationTime 0.524288 ===>> OK
Mapping mass to dac mass func: "parabolic"
H1 map mass coeffs = [-0.00063987  0.15840543  0.57088999]
H1 map mass to dac 39.9624 >> 5.87928
GetDeflection H1 ===>> 0
GetHighVoltage ===>> 4499.94659342336
do peak center. <pychron.spectrometer.jobs.peak_center.PeakCenter object at 0x1352309b0>
doing pc
starting peak center. center dac= 5.87924537747 step_width=0.001
width = 0.001
get scan parameters. half-width=0.015,window=0.015, i=0, scalar=1
Scan parameters center=5.87925 width=0.03000 (5.86425 - 5.89425)
GetData ===>> H2,-0.138254660117118,H1,-0.00724297394920619,AX,-0.0670869833256089,L1,-0.0122305971740315,L2,0....
Moving to starting dac 5.86424537747
setting magnet DAC
current  : 5.239905
requested: 5.864245
Delta Dac: 0.624340
Checking detector protection. dv=0.62434
Checking detector "CDD". Protection Threshold: 0.1 (V)
ProtectDetector CDD,On ===>> OK
GetDeflection CDD ===>> 2000
Protected = 2000
SetMagnetDAC 5.86424537747 ===>> OK
Magnet settling time: 0.500
GetMagnetMoving ===>> True
GetMagnetMoving ===>> True
GetMagnetMoving ===>> True
GetMagnetMoving ===>> True
GetMagnetMoving ===>> True
GetMagnetMoving ===>> True
GetMagnetMoving ===>> True
GetMagnetMoving ===>> True
GetMagnetMoving ===>> False
ProtectDetector CDD,Off ===>> OK
GetDeflection CDD ===>> 50
Wait until signal near baseline. tol= -0.0054322304619. timeout= 10
GetData ===>> H2,3.78676838585732,H1,1.36921058886126,AX,-0.0558645189273941,L1,-0.000661263387969826,L2,-0.003...
GetData ===>> H2,76.912942048377,H1,32.3540390300018,AX,2.17882161263646,L1,0.0218356579076977,L2,-0.1760765430...
GetData ===>> H2,91.451038907522,H1,43.8171417276105,AX,4.15094272213677,L1,0.0645450190764471,L2,-0.1350954448...
GetData ===>> H2,49.7076099729471,H1,21.328436592132,AX,1.89427720439934,L1,0.0613186952747057,L2,0.05954864668...
GetData ===>> H2,20.8594629132316,H1,11.0301822765867,AX,0.94023648990469,L1,0.0181510724879726,L2,0.0596853732...
GetData ===>> H2,7.16533770749908,H1,6.1804938067408,AX,0.453638973476268,L1,-0.00051245221493845,L2,-0.0562569...
GetData ===>> H2,2.15638839771227,H1,3.8514219118331,AX,0.170998508680981,L1,0.0186550730598278,L2,-0.018809120...
GetData ===>> H2,0.808257043546337,H1,2.63830650984194,AX,0.102124107648654,L1,0.00665710429750159,L2,-0.103882...
GetData ===>> H2,0.521560788927481,H1,2.07731014509041,AX,0.167217269928892,L1,-0.0209366049308766,L2,-0.013594...
GetData ===>> H2,0.454937846721278,H1,1.84621831070062,AX,0.0692346353503903,L1,0.000121219979395368,L2,0.01168...
GetData ===>> H2,0.527222204454608,H1,1.59089418589991,AX,0.017484350941835,L1,-0.00303474432823262,L2,0.134504...
GetData ===>> H2,0.539458109172514,H1,1.66393252126744,AX,0.0754454678398597,L1,-0.0140692393901554,L2,0.016512...
GetData ===>> H2,0.519227471217989,H1,1.51332399440045,AX,0.0704165169841441,L1,-0.0329611681242152,L2,-0.02377...
GetData ===>> H2,0.405302012027688,H1,1.53366056261863,AX,0.0926200182382352,L1,-0.0462097718504369,L2,0.007151...
GetData ===>> H2,0.263307000094589,H1,1.54279652603864,AX,0.10608828245194,L1,-0.0225197949783686,L2,0.02585149...
GetData ===>> H2,0.157863336437217,H1,1.50363792195212,AX,0.0551458571510197,L1,0.0137097572314347,L2,-0.003985...
GetData ===>> H2,0.099385884023324,H1,1.45567793320087,AX,0.0440121124236553,L1,0.0536984629759299,L2,-0.043237...
GetData ===>> H2,0.0539672070199861,H1,1.35893836735355,AX,0.0321978945722202,L1,0.0483035750121191,L2,0.048656...
GetData ===>> H2,0.037525272160587,H1,1.41456007757779,AX,0.0235876488237983,L1,0.0131052562590993,L2,0.0139612...
GetData ===>> H2,0.0601359621196178,H1,1.36561039205987,AX,0.0234251986763043,L1,-0.0139326113010157,L2,-0.0253...
GetData ===>> H2,0.0643895470927209,H1,1.40733256158507,AX,0.0294128261029194,L1,-0.0384142383772859,L2,0.04501...
Peak center failed to move to a baseline position
_do_sweep sm= 5.86424537747, em= 5.89424537747, stm= 0.001
calculated step values: start=5.86424537747, end=5.89424537747, width=0.001, nsteps=31.0
setting magnet DAC
current  : 5.864245
requested: 5.864245
Delta Dac: 0.000000
Checking detector protection. dv=0.00000
Checking detector "CDD". Protection Threshold: 0.1 (V)
SetMagnetDAC 5.86424537747 ===>> OK
GetData ===>> H2,0.0643895470927209,H1,1.40733256158507,AX,0.0294128261029194,L1,-0.0384142383772859,L2,0.04501...
setting magnet DAC
current  : 5.864245
requested: 5.865280
Delta Dac: 0.001034
Checking detector protection. dv=0.00103
Checking detector "CDD". Protection Threshold: 0.1 (V)
SetMagnetDAC 5.86527986023 ===>> OK
Magnet settling time: 1.049
GetData ===>> H2,0.00955902425075224,H1,3.00483669448546,AX,0.292935090882273,L1,0.0470615970995066,L2,0.054375...
setting magnet DAC
current  : 5.865280
requested: 5.866314
Delta Dac: 0.001034
Checking detector protection. dv=0.00103
Checking detector "CDD". Protection Threshold: 0.1 (V)
SetMagnetDAC 5.86631434299 ===>> OK
Magnet settling time: 1.049
GetData ===>> H2,-0.00874909727155099,H1,9.8184969217258,AX,0.889400298077449,L1,0.0322726212056877,L2,0.025441...
setting magnet DAC
current  : 5.866314
requested: 5.867349
Delta Dac: 0.001034
Checking detector protection. dv=0.00103
Checking detector "CDD". Protection Threshold: 0.1 (V)
SetMagnetDAC 5.86734882575 ===>> OK
Magnet settling time: 1.049
GetData ===>> H2,0.0245056611677456,H1,35.5946182211578,AX,2.94338270801132,L1,0.03740739017724,L2,0.0199517292...
setting magnet DAC
current  : 5.867349
requested: 5.868383
Delta Dac: 0.001034
Checking detector protection. dv=0.00103
Checking detector "CDD". Protection Threshold: 0.1 (V)
SetMagnetDAC 5.86838330851 ===>> OK
Magnet settling time: 1.049
GetData ===>> H2,-0.0458120506830301,H1,119.070560224233,AX,9.55853866465913,L1,0.0451256655229585,L2,-0.075464...
setting magnet DAC
current  : 5.868383
requested: 5.869418
Delta Dac: 0.001034
Checking detector protection. dv=0.00103
Checking detector "CDD". Protection Threshold: 0.1 (V)
SetMagnetDAC 5.86941779126 ===>> OK
Magnet settling time: 1.049
GetData ===>> H2,-0.0416035971651454,H1,313.435213182923,AX,26.9175762610855,L1,0.0863965138840174,L2,-0.000273...
setting magnet DAC
current  : 5.869418
requested: 5.870452
Delta Dac: 0.001034
Checking detector protection. dv=0.00103
Checking detector "CDD". Protection Threshold: 0.1 (V)
SetMagnetDAC 5.87045227402 ===>> OK
Magnet settling time: 1.049
GetData ===>> H2,-0.0444039791666327,H1,616.262336575253,AX,58.1074999334828,L1,0.31816610682603,L2,-0.02140476...
setting magnet DAC
current  : 5.870452
requested: 5.871487
Delta Dac: 0.001034
Checking detector protection. dv=0.00103
Checking detector "CDD". Protection Threshold: 0.1 (V)
SetMagnetDAC 5.87148675678 ===>> OK
Magnet settling time: 1.049
GetData ===>> H2,-0.0905967871867549,H1,1101.40628292942,AX,117.910864053829,L1,0.869649894999152,L2,0.10429146...
setting magnet DAC
current  : 5.871487
requested: 5.872521
Delta Dac: 0.001034
Checking detector protection. dv=0.00103
Checking detector "CDD". Protection Threshold: 0.1 (V)
SetMagnetDAC 5.87252123954 ===>> OK
Magnet settling time: 1.049
GetData ===>> H2,-0.0205628128863677,H1,1283.30004351034,AX,147.623580617408,L1,1.29913813283617,L2,0.256089574...
setting magnet DAC
current  : 5.872521
requested: 5.873556
Delta Dac: 0.001034
Checking detector protection. dv=0.00103
Checking detector "CDD". Protection Threshold: 0.1 (V)
SetMagnetDAC 5.8735557223 ===>> OK
Magnet settling time: 1.049
GetData ===>> H2,-0.208479499297847,H1,1357.96025044041,AX,162.370983331455,L1,1.67560363890359,L2,0.2675681146...
setting magnet DAC
current  : 5.873556
requested: 5.874590
Delta Dac: 0.001034
Checking detector protection. dv=0.00103
Checking detector "CDD". Protection Threshold: 0.1 (V)
SetMagnetDAC 5.87459020506 ===>> OK
Magnet settling time: 1.049
GetData ===>> H2,-0.102470395705822,H1,1381.178373311,AX,167.854054340734,L1,1.87281901474078,L2,0.226112455144...
setting magnet DAC
current  : 5.874590
requested: 5.875625
Delta Dac: 0.001034
Checking detector protection. dv=0.00103
Checking detector "CDD". Protection Threshold: 0.1 (V)
SetMagnetDAC 5.87562468782 ===>> OK
Magnet settling time: 1.049
GetData ===>> H2,-0.0453861206298388,H1,1387.89955084414,AX,169.358287041463,L1,1.97028613696663,L2,0.322996132...
setting magnet DAC
current  : 5.875625
requested: 5.876659
Delta Dac: 0.001034
Checking detector protection. dv=0.00103
Checking detector "CDD". Protection Threshold: 0.1 (V)
SetMagnetDAC 5.87665917057 ===>> OK
Magnet settling time: 1.049
GetData ===>> H2,-0.219021441023397,H1,1389.26024221675,AX,169.765017778649,L1,2.08057886407657,L2,0.3877673704...
setting magnet DAC
current  : 5.876659
requested: 5.877694
Delta Dac: 0.001034
Checking detector protection. dv=0.00103
Checking detector "CDD". Protection Threshold: 0.1 (V)
SetMagnetDAC 5.87769365333 ===>> OK
Magnet settling time: 1.049
GetData ===>> H2,-0.211726085679319,H1,1388.51497418696,AX,169.915355573532,L1,2.13203114651773,L2,0.2478694763...
setting magnet DAC
current  : 5.877694
requested: 5.878728
Delta Dac: 0.001034
Checking detector protection. dv=0.00103
Checking detector "CDD". Protection Threshold: 0.1 (V)
SetMagnetDAC 5.87872813609 ===>> OK
Magnet settling time: 1.049
GetData ===>> H2,-0.055769390087017,H1,1388.18029625495,AX,169.614500225988,L1,2.14682747408791,L2,0.1459760317...
setting magnet DAC
current  : 5.878728
requested: 5.879763
Delta Dac: 0.001034
Checking detector protection. dv=0.00103
Checking detector "CDD". Protection Threshold: 0.1 (V)
SetMagnetDAC 5.87976261885 ===>> OK
Magnet settling time: 1.049
GetData ===>> H2,-0.0796213452217076,H1,1388.3632977754,AX,169.683927705617,L1,2.144341723016,L2,0.232686983412...
setting magnet DAC
current  : 5.879763
requested: 5.880797
Delta Dac: 0.001034
Checking detector protection. dv=0.00103
Checking detector "CDD". Protection Threshold: 0.1 (V)
SetMagnetDAC 5.88079710161 ===>> OK
Magnet settling time: 1.049
GetData ===>> H2,-0.0783828280539224,H1,1388.40741539247,AX,169.578550772142,L1,2.16344078716627,L2,0.309404066...
setting magnet DAC
current  : 5.880797
requested: 5.881832
Delta Dac: 0.001034
Checking detector protection. dv=0.00103
Checking detector "CDD". Protection Threshold: 0.1 (V)
SetMagnetDAC 5.88183158437 ===>> OK
Magnet settling time: 1.049
GetData ===>> H2,0.00500507862631923,H1,1387.21377680736,AX,169.431114684425,L1,2.20884623159634,L2,0.209951991...
setting magnet DAC
current  : 5.881832
requested: 5.882866
Delta Dac: 0.001034
Checking detector protection. dv=0.00103
Checking detector "CDD". Protection Threshold: 0.1 (V)
SetMagnetDAC 5.88286606713 ===>> OK
Magnet settling time: 1.049
GetData ===>> H2,-0.0634971366353028,H1,1383.4178320536,AX,168.549095101907,L1,2.1728696311348,L2,0.31585777672...
setting magnet DAC
current  : 5.882866
requested: 5.883901
Delta Dac: 0.001034
Checking detector protection. dv=0.00103
Checking detector "CDD". Protection Threshold: 0.1 (V)
SetMagnetDAC 5.88390054989 ===>> OK
Magnet settling time: 1.049
GetData ===>> H2,-0.181014077990726,H1,1374.62098103786,AX,166.247990557401,L1,2.18145368375672,L2,0.2764125584...
setting magnet DAC
current  : 5.883901
requested: 5.884935
Delta Dac: 0.001034
Checking detector protection. dv=0.00103
Checking detector "CDD". Protection Threshold: 0.1 (V)
SetMagnetDAC 5.88493503264 ===>> OK
Magnet settling time: 1.049
GetData ===>> H2,-0.251151676787585,H1,1339.99904488493,AX,158.282129299453,L1,2.06458783823601,L2,0.3036804676...
setting magnet DAC
current  : 5.884935
requested: 5.885970
Delta Dac: 0.001034
Checking detector protection. dv=0.00103
Checking detector "CDD". Protection Threshold: 0.1 (V)
SetMagnetDAC 5.8859695154 ===>> OK
Magnet settling time: 1.049
GetData ===>> H2,-0.225343504739901,H1,1234.84189591846,AX,137.859652877568,L1,1.81939091138919,L2,0.1830011282...
setting magnet DAC
current  : 5.885970
requested: 5.887004
Delta Dac: 0.001034
Checking detector protection. dv=0.00103
Checking detector "CDD". Protection Threshold: 0.1 (V)
SetMagnetDAC 5.88700399816 ===>> OK
Magnet settling time: 1.049
GetData ===>> H2,-0.362582527072582,H1,1001.60050769492,AX,100.289727510758,L1,1.42263529758626,L2,0.1982898487...
setting magnet DAC
current  : 5.887004
requested: 5.888038
Delta Dac: 0.001034
Checking detector protection. dv=0.00103
Checking detector "CDD". Protection Threshold: 0.1 (V)
SetMagnetDAC 5.88803848092 ===>> OK
Magnet settling time: 1.049
GetData ===>> H2,-0.24625820822492,H1,664.34678866107,AX,57.5162328280044,L1,0.991326622526654,L2,-0.0475849247...
setting magnet DAC
current  : 5.888038
requested: 5.889073
Delta Dac: 0.001034
Checking detector protection. dv=0.00103
Checking detector "CDD". Protection Threshold: 0.1 (V)
SetMagnetDAC 5.88907296368 ===>> OK
Magnet settling time: 1.049
GetData ===>> H2,-0.201867592098237,H1,344.289522008358,AX,25.026282950232,L1,0.658918979818384,L2,-0.102335203...
setting magnet DAC
current  : 5.889073
requested: 5.890107
Delta Dac: 0.001034
Checking detector protection. dv=0.00103
Checking detector "CDD". Protection Threshold: 0.1 (V)
SetMagnetDAC 5.89010744644 ===>> OK
Magnet settling time: 1.049
GetData ===>> H2,-0.253093411140705,H1,70.6324132784542,AX,3.63337453334559,L1,0.259328138518822,L2,-0.04915550...
setting magnet DAC
current  : 5.890107
requested: 5.891142
Delta Dac: 0.001034
Checking detector protection. dv=0.00103
Checking detector "CDD". Protection Threshold: 0.1 (V)
SetMagnetDAC 5.8911419292 ===>> OK
Magnet settling time: 1.049
GetData ===>> H2,-0.266421039497217,H1,19.9085643604535,AX,0.817278293900816,L1,0.162112986622056,L2,-0.0121603...
setting magnet DAC
current  : 5.891142
requested: 5.892176
Delta Dac: 0.001034
Checking detector protection. dv=0.00103
Checking detector "CDD". Protection Threshold: 0.1 (V)
SetMagnetDAC 5.89217641195 ===>> OK
Magnet settling time: 1.049
GetData ===>> H2,-0.243820098071464,H1,4.79708984149874,AX,-0.0511340015632187,L1,0.0884665736305957,L2,-0.1005...
setting magnet DAC
current  : 5.892176
requested: 5.893211
Delta Dac: 0.001034
Checking detector protection. dv=0.00103
Checking detector "CDD". Protection Threshold: 0.1 (V)
SetMagnetDAC 5.89321089471 ===>> OK
Magnet settling time: 1.049
GetData ===>> H2,-0.230043062294924,H1,0.901703115755237,AX,-0.200891607356137,L1,0.0529196908764161,L2,-0.0380...
setting magnet DAC
current  : 5.893211
requested: 5.894245
Delta Dac: 0.001034
Checking detector protection. dv=0.00103
Checking detector "CDD". Protection Threshold: 0.1 (V)
SetMagnetDAC 5.89424537747 ===>> OK
Magnet settling time: 1.049
GetData ===>> H2,-0.200961624197443,H1,-0.000563227748773088,AX,-0.15885855592494,L1,0.02440246134821,L2,-0.078...
result of _do_sweep=True
result of _calculate_peak_center=([5.8713095057279041, 5.879095076870188, 5.8868806480124718], [1018.2804163699151, 1389.2378393701633, 1029.4118555893433], 5.8766902672509493, 1389.2378393701633)
Failed to find a valid peak. No peak greater than 1.0. max = 0.0517140457514
new center pos Detector(H1) (Ar40) @ 5.87909507687
GetHighVoltage ===>> 4499.94659342336
GetDeflection H1 ===>> 0
dac uncorrected for HV and deflection 5.87912969851
update mftable H1 Ar40 5.87912969851 message=automated run peakcenter
get initial guess parabolic
get initial guess parabolic
get initial guess parabolic
get initial guess parabolic
get initial guess parabolic
get initial guess parabolic
dump mftable to /Users/jan/PychronDev/setupfiles/spectrometer/mftables/mftable.csv
add to repo msg=modified - automated run peakcenter
locally archiving mftable
setting magnet DAC
current  : 5.894245
requested: 5.879095
Delta Dac: 0.015150
Checking detector protection. dv=0.01515
Checking detector "CDD". Protection Threshold: 0.1 (V)
sweep finished
SetMagnetDAC 5.87909507687 ===>> OK
Magnet settling time: 0.500
setting integration time = 1.048576
SetIntegrationTime 1.048576 ===>> OK
Failed to find a valid peak. No peak greater than 1.0. max = 0.0517140457514
flush and close file /Users/jan/PychronDev/data/isotopes/88/5ea6b8-cc74-4969-ba30-eeec95fe94d7.h5
finished measure script
executed snippet estimated_duration=226.132928, duration=273.118910074
jan_unknown120_60.py completed successfully
Measurement Finished
04:19:16 -- ******* Measurement Finished *******
Post Measurement Started jan_pump_ms.py
04:19:16 -- ******* Post Measurement Started jan_pump_ms.py *******
testing...
no interpolation path defined
executed snippet estimated_duration=0, duration=4.60147857666e-05
Pumping spectrometer
open () {'name': 'O'}
opening name=O desc=---
checking ownership. requestor=129.138.12.150
check software interlocks O
interlocks []
actuate state mode=None-script, software_lock=False
doing actuation None-script open_channel True
Open O ===>> OK
GetIndicatorState O ===>> OK
change switch state (True, True)
update switch state O True args=() kw={} ncanvase=2
04:19:16 -- OPEN   VALVE-O (Jan Ion Pump)
---------------------------------------- open O () result=[(True, True)], time=0.12 sec
action=open, ok=True, locked=[False]
executed snippet estimated_duration=0, duration=0.374238014221
jan_pump_ms.py completed successfully
setting _ms_pumptime
Post Measurement Finished
04:19:17 -- ******* Post Measurement Finished *******
$$$$$$$$$$$$$$$$$$$$ state at run end measurement
state changed from measurement to success
post measurement save measured=True aborted=False
Set filtering
setting fod for Ar40= {'filter_outliers': True, 'std_devs': 2, 'iterations': 1}
setting fod for H1= {'filter_outliers': True, 'std_devs': 2, 'iterations': 1}
setting fod for PM41= {'filter_outliers': False, 'std_devs': 2, 'iterations': 1}
setting fod for H2= {'filter_outliers': True, 'std_devs': 2, 'iterations': 1}
setting fod for Ar36= {'filter_outliers': True, 'std_devs': 2, 'iterations': 1}
setting fod for CDD= {'filter_outliers': True, 'std_devs': 10, 'iterations': 1}
setting fod for Ar37= {'filter_outliers': True, 'std_devs': 2, 'iterations': 1}
setting fod for L2= {'filter_outliers': True, 'std_devs': 2, 'iterations': 1}
setting fod for Ar38= {'filter_outliers': True, 'std_devs': 2, 'iterations': 1}
setting fod for L1= {'filter_outliers': True, 'std_devs': 2, 'iterations': 1}
setting fod for Ar39= {'filter_outliers': True, 'std_devs': 2, 'iterations': 1}
setting fod for AX= {'filter_outliers': True, 'std_devs': 2, 'iterations': 1}
persistence save...
persistence save - db
post measurement save
9340197104 connecting to database sqlite:////Users/jan/PychronDev/.appdata/local_lab.db
connected to db sqlite:////Users/jan/PychronDev/.appdata/local_lab.db
create new session 9340197104
close session 9340197104
No database instance. Not saving post measurement to isotopedb database
$$$$$$$$$$$$$$$ auto_save_detector_ic=False
massspec enabled True
create new session 4985539184
MassSpec Database Version: 16.0
close session 4985539184
saving post measurement to secondary database
saving to massspec database 129.138.12.160/massspecdata
setting labnumber to 25340
setting aliquot to 6
setting step to 
setting uuid to 885ea6b8-cc74-4969-ba30-eeec95fe94d7
setting irradpos to 25340
setting extract_device to Fusions CO2
setting tray to 
setting position to 180
setting power_requested to 5.0
setting extract_value to 5.0
setting duration to 30.0
setting duration_at_request to 30.0
setting first_stage_delay to 30.0
setting cleanup to 30.0
setting comment to P:21
setting irradiation to NM-288
setting level to P
setting irradiation_level to P
setting sample to FC-2
setting material to 
setting project to 
setting mass_spectrometer to jan
no attribute chron_dosages
no attribute production_ratios
no attribute interference_corrections
no attribute production_name
no attribute j
Reference Isotope=Ar40
Reference Detector=H1
%%%%%%%%%%%%%%%%%%%% Comment: P:21 %%%%%%%%%%%%%%%%%%%
adding isotope PM41 H2
add baseline dbdet= PM41. original det= H2
get baseline data PM41 H2
Get data baseline <pychron.processing.isotope.Baseline object at 0x2260f0290> len t=60
baseline PM41. v=-0.199342582137, e=0.00861937142644
get signal data PM41 H2
Get data signal PM41 0.11+/-0.06 len t=120
adding isotope Ar40 H1
add baseline dbdet= Ar40. original det= H1
get baseline data Ar40 H1
Get data baseline <pychron.processing.isotope.Baseline object at 0x2260f0490> len t=60
baseline Ar40. v=0.00334530847263, e=0.00707161421083
get signal data Ar40 H1
Get data signal Ar40 1529.09+/-0.08 len t=120
adding isotope Ar39 AX
add baseline dbdet= Ar39. original det= AX
get baseline data Ar39 AX
Get data baseline <pychron.processing.isotope.Baseline object at 0x2260f0650> len t=60
baseline Ar39. v=-0.0702213761061, e=0.00673972105677
get signal data Ar39 AX
Get data signal Ar39 186.304+/-0.024 len t=120
adding isotope Ar38 L1
add baseline dbdet= Ar38. original det= L1
get baseline data Ar38 L1
Get data baseline <pychron.processing.isotope.Baseline object at 0x2260f0810> len t=60
baseline Ar38. v=-0.0303966106349, e=0.00246454016351
get signal data Ar38 L1
Get data signal Ar38 2.411+/-0.005 len t=120
adding isotope Ar37 L2
add baseline dbdet= Ar37. original det= L2
get baseline data Ar37 L2
Get data baseline <pychron.processing.isotope.Baseline object at 0x2260f09d0> len t=60
baseline Ar37. v=-0.01696468741, e=0.00611942526118
get signal data Ar37 L2
Get data signal Ar37 0.356+/-0.009 len t=120
adding isotope Ar36 CDD
add baseline dbdet= Ar36. original det= CDD
get baseline data Ar36 CDD
Get data baseline <pychron.processing.isotope.Baseline object at 0x2260f0b90> len t=60
baseline Ar36. v=0.000295249738085, e=2.86351990532e-05
get signal data Ar36 CDD
Get data signal Ar36 0.0421+/-0.0004 len t=120
25340-06 added analysis time 0.495121002197s
analysis added to mass spec database
mass spec save time= 0.504
persistence save - dvc
================= post measurement started
create new session 4989601072
close session 4989601072
---------------- Experiment Queue saving disabled
DVC saving peakcenter
Failed to find a valid peak. No peak greater than 1.0. max = 0.0517140457514
Smart pull ahead: 0 behind: 0
Up-to-date with origin
add to repo msg=modified - ad8224ebc6dbfeb9f5997218dfa5fe690569839d.json
add to repo msg=modified - 40-06.json
add to repo msg=modified - 40-06.dat.json
add to repo msg=modified - 40-06.blan.json
add to repo msg=modified - 40-06.inte.json
add to repo msg=modified - 40-06.icfa.json
add to repo msg=modified - 40-06.base.json
not at valid file /Users/jan/PychronDev/data/.dvc/repositories/Load1791/253/tags/40-06.tags.json
add to repo msg=modified - 40-06.peak.json
add to repo msg=modified - 40-06.extr.json
not at valid file /Users/jan/PychronDev/data/.dvc/repositories/Load1791/253/monitor/40-06.moni.json
commit message=<COLLECTION>
add to repo msg=modified - 40-06.inte.json
add to repo msg=modified - 40-06.base.json
commit message=<ISOEVO> default collection fits
add to repo msg=modified - 40-06.blan.json
commit message=<BLANKS> preceding ba-01-J-2316
add to repo msg=modified - 40-06.icfa.json
commit message=<ICFactor> default
push repository <pychron.git_archive.repo_manager.GitRepoManager object at 0x21db16d10>
pushing to remote=origin, url=https://github.com
no changes to meta repo
create new session 4989601072
add association Load1791
get identifier "25340"
setting analysis irradiation position=<pychron.dvc.dvc_orm.IrradiationPositionTbl object at 0x22f530850>
close session 4989601072
================= post measurement finished
04:19:30 -- ******* Post Run Check *******
loading queue conditionals post_run_actions
loading system conditionals post_run_actions
loading conditionals from /Users/jan/PychronDev/setupfiles/spectrometer/default_conditionals.yaml
loading queue conditionals post_run_terminations
loading system conditionals post_run_terminations
loading conditionals from /Users/jan/PychronDev/setupfiles/spectrometer/default_conditionals.yaml
Checking default post run terminations n=1
GetDeflection CDD ===>> 50
testing CDD==2000
evaluate ot="CDD.deflection==2000" t="CDD==2000", ctx="{'CDD': 50.0}"
04:19:30 -- ******* Post Run Check Passed *******
04:19:30 -- Automated run 25340-06 success duration: 364.613 s
----------------- finish -----------------
----------------- stop -----------------
retroactive repository identifiers disabled
finish run. runs completed=231
update duration runid=25340-06, duration=364.613093853, md5=301e91d8
write rem/ex queues
/Users/jan/PychronDev/experiments/rem/CurrentExperiment.rem.txt
/Users/jan/PychronDev/experiments/rem/CurrentExperiment.ex.txt
doing event level: 3
