do run
loading script "jan_unknown120_60.py"
loading script "jan_pump_ms.py"
loading script "jan_co2.py"
loading script "jan_pump_extraction_line.py"
testing...
no interpolation path defined
executed snippet estimated_duration=213.652928, duration=0.000251054763794
script duration name:unknown120_60 seconds:214.0
loading script "jan_unknown120_60.py"
loading script "jan_pump_ms.py"
loading script "jan_co2.py"
loading script "jan_pump_extraction_line.py"
testing...
no interpolation path defined
executed snippet estimated_duration=0, duration=2.71797180176e-05
loading script "jan_unknown120_60.py"
loading script "jan_pump_ms.py"
loading script "jan_co2.py"
loading script "jan_pump_extraction_line.py"
testing...
no interpolation path defined
calculate duration
testing...
no interpolation path defined
executed snippet estimated_duration=0, duration=5.91278076172e-05
calculate duration
testing...
no interpolation path defined
executed snippet estimated_duration=0, duration=8.89301300049e-05
executed snippet estimated_duration=0.0, duration=0.00250196456909
script duration name:co2 seconds:0.0
loading script "jan_unknown120_60.py"
loading script "jan_pump_ms.py"
loading script "jan_co2.py"
loading script "jan_pump_extraction_line.py"
testing...
no interpolation path defined
calculate duration
testing...
no interpolation path defined
executed snippet estimated_duration=4.0, duration=0.000141143798828
executed snippet estimated_duration=4.0, duration=0.00147199630737
Script duration 214.0
Run total estimated duration= 215.000
run duration: 0:03:35
doing event level: 2
06:47:36 -- Setting default integration. t=1.048576
setting integration time = 1.048576
SetIntegrationTime 1.048576 ===>> OK
----------------- start -----------------
**************** Experiment Type: Ar/Ar, Ar/Ar
create new session 4436069840
close session 4436069840
$$$$$ Clearing conditionals
adding conditionals 
Add queue conditionals
add default conditionals
adding default conditionals from /Users/jan/PychronDev/setupfiles/spectrometer/default_conditionals.yaml
Start automated run 25343-01
loading script "jan_unknown120_60.py"
loading script "jan_pump_ms.py"
loading script "jan_co2.py"
loading script "jan_pump_extraction_line.py"
%%%%%%%%%%%%%%%%%% setting automated run 25343-01
No value "sensitivity_multiplier" in metadata
$$$$$$$$$$$$$$$ auto_save_detector_ic=False
============================= Pre Extraction Check =============================
loading queue conditionals pre_run_terminations
loading system conditionals pre_run_terminations
loading conditionals from /Users/jan/PychronDev/setupfiles/spectrometer/default_conditionals.yaml
06:47:36 -- ******* Pre Extraction Check *******
Get a measurement from the spectrometer
GetData ===>> H2,-0.0531257143201016,H1,-0.014792936107466,AX,0.00628823086874598,L1,0.000463275518805425,L2,0....
Pre Extraction Termination data. keys=H2,H1,AX,L1,L2,CDD, signals=-0.05313,-0.01479,0.00629,0.00046,0.10891,0.00328
06:47:36 -- testing system defined conditionals
Checking default pre extraction terminations n=2
testing CDD
evaluate ot="CDD.inactive" t="CDD", ctx="{'CDD': False}"
GetDeflection CDD ===>> 50
testing CDD==2000
evaluate ot="CDD.deflection==2000" t="CDD==2000", ctx="{'CDD': 50.0}"
06:47:36 -- ******* Pre Extraction Check Passed *******
=================================================================================
06:47:36 -- stopping status monitor
stop 4982387056
Alive clients [4989850544]
06:47:36 -- starting status monitor
start 4982387056
Monitor already running
start extraction
do extraction
Analysis started at 06:47:37.973571
Extraction Started jan_co2.py
06:47:37 -- ******* Extraction Started jan_co2.py *******
state changed from not run to extraction
DO EXTRACTION <pychron.extraction_line.pyscript_runner.RemotePyScriptRunner object at 0x12c299590>
testing...
no interpolation path defined
calculate duration
testing...
no interpolation path defined
executed snippet estimated_duration=0, duration=4.79221343994e-05
calculate duration
testing...
no interpolation path defined
executed snippet estimated_duration=0, duration=9.3936920166e-05
executed snippet estimated_duration=100.0, duration=0.00362586975098
Jan CO2 laser analysis
doing GOSUB
testing...
no interpolation path defined
executed snippet estimated_duration=0, duration=4.29153442383e-05
Waiting for CO2 access
wait ('FelixCO2Flag', 0) {}
waiting for FelixCO2Flag = 0
Read FelixCO2Flag ===>> 0
finished waiting
CO2 free
wait ('CO2PumpTimeFlag', 0) {}
waiting for CO2PumpTimeFlag = 0
Read CO2PumpTimeFlag ===>> 0
finished waiting
acquire ('JanCO2Flag',) {'clear': True}
acquire JanCO2Flag
Set JanCO2Flag 1 ===>> OK
JanCO2Flag acquired
set extraction state False (0.75, 'red', 1.5)
CO2 acquired
executed snippet estimated_duration=0, duration=0.0245978832245
WaitForCO2Access.py completed successfully
gosub finished
doing GOSUB
testing...
no interpolation path defined
executed snippet estimated_duration=0, duration=0.000113010406494
Prepare for CO2 analysis
close () {'description': 'Jan Inlet'}
closing name=--- desc=Jan Inlet
checking ownership. requestor=129.138.12.150
check software interlocks R
interlocks []
actuate state mode=None-script, software_lock=False
doing actuation None-script close_channel False
Close R ===>> OK
GetIndicatorState R ===>> False
change switch state (True, True)
update switch state R False args=() kw={} ncanvase=2
06:47:38 -- CLOSE  VALVE-R (Jan Inlet)
---------------------------------------- close None (Jan Inlet) result=[(True, True)]
action=close, ok=True, locked=[False]
open () {'description': 'Jan Ion Pump'}
opening name=--- desc=Jan Ion Pump
checking ownership. requestor=129.138.12.150
check software interlocks O
interlocks []
actuate state mode=None-script, software_lock=False
doing actuation None-script open_channel False
Open O ===>> OK
GetIndicatorState O ===>> OK
change switch state (True, True)
update switch state O True args=() kw={} ncanvase=2
06:47:38 -- OPEN   VALVE-O (Jan Ion Pump)
---------------------------------------- open None (Jan Ion Pump) result=[(True, True)], time=0.10 sec
action=open, ok=True, locked=[False]
close () {'description': 'Microbone to Minibone'}
closing name=--- desc=Microbone to Minibone
checking ownership. requestor=129.138.12.150
check software interlocks L
interlocks []
actuate state mode=None-script, software_lock=False
doing actuation None-script close_channel False
Close L ===>> OK
GetIndicatorState L ===>> False
change switch state (True, True)
update switch state L False args=() kw={} ncanvase=2
06:47:39 -- CLOSE  VALVE-L (Microbone to Minibone)
---------------------------------------- close None (Microbone to Minibone) result=[(True, True)]
action=close, ok=True, locked=[False]
open () {'description': 'Microbone to Turbo'}
opening name=--- desc=Microbone to Turbo
checking ownership. requestor=129.138.12.150
check software interlocks U
interlocks []
actuate state mode=None-script, software_lock=False
doing actuation None-script open_channel False
Open U ===>> OK
GetIndicatorState U ===>> OK
change switch state (True, True)
update switch state U True args=() kw={} ncanvase=2
06:47:39 -- OPEN   VALVE-U (Microbone to Turbo)
---------------------------------------- open None (Microbone to Turbo) result=[(True, True)], time=0.13 sec
action=open, ok=True, locked=[False]
open () {'description': 'Microbone to Inlet Pipette'}
opening name=--- desc=Microbone to Inlet Pipette
checking ownership. requestor=129.138.12.150
check software interlocks S
interlocks []
actuate state mode=None-script, software_lock=False
doing actuation None-script open_channel False
Open S ===>> OK
GetIndicatorState S ===>> OK
change switch state (True, True)
update switch state S True args=() kw={} ncanvase=2
06:47:40 -- OPEN   VALVE-S (Microbone to Inlet Pipette)
---------------------------------------- open None (Microbone to Inlet Pipette) result=[(True, True)], time=0.42 sec
action=open, ok=True, locked=[False]
open () {'description': 'Microbone to Getter D-50'}
opening name=--- desc=Microbone to Getter D-50
checking ownership. requestor=129.138.12.150
check software interlocks K
interlocks []
actuate state mode=None-script, software_lock=False
doing actuation None-script open_channel False
Open K ===>> OK
GetIndicatorState K ===>> OK
change switch state (True, True)
update switch state K True args=() kw={} ncanvase=2
06:47:41 -- OPEN   VALVE-K (Microbone to Getter D-50)
---------------------------------------- open None (Microbone to Getter D-50) result=[(True, True)], time=0.42 sec
action=open, ok=True, locked=[False]
open () {'description': 'Microbone to Getter NP-10'}
opening name=--- desc=Microbone to Getter NP-10
checking ownership. requestor=129.138.12.150
check software interlocks M
interlocks []
actuate state mode=None-script, software_lock=False
doing actuation None-script open_channel False
Open M ===>> OK
GetIndicatorState M ===>> OK
change switch state (True, True)
update switch state M True args=() kw={} ncanvase=2
06:47:41 -- OPEN   VALVE-M (Microbone to Getter NP-10)
---------------------------------------- open None (Microbone to Getter NP-10) result=[(True, True)], time=0.16 sec
action=open, ok=True, locked=[False]
close () {'description': 'CO2 Laser to Felix'}
closing name=--- desc=CO2 Laser to Felix
checking ownership. requestor=129.138.12.150
check software interlocks F
interlocks []
actuate state mode=None-script, software_lock=True
VALVE-F(CO2 Laser to Felix) software locked
change switch state (True, False)
---------------------------------------- close None (CO2 Laser to Felix) result=[(True, False)]
action=close, ok=True, locked=[True]
open () {'description': 'CO2 Laser to Jan'}
opening name=--- desc=CO2 Laser to Jan
checking ownership. requestor=129.138.12.150
check software interlocks A
interlocks []
actuate state mode=None-script, software_lock=False
doing actuation None-script open_channel False
Open A ===>> OK
GetIndicatorState A ===>> OK
change switch state (True, True)
update switch state A True args=() kw={} ncanvase=2
06:47:41 -- OPEN   VALVE-A (CO2 Laser to Jan)
---------------------------------------- open None (CO2 Laser to Jan) result=[(True, True)], time=0.13 sec
action=open, ok=True, locked=[False]
open () {'description': 'Microbone to CO2 Laser'}
opening name=--- desc=Microbone to CO2 Laser
checking ownership. requestor=129.138.12.150
check software interlocks T
interlocks []
actuate state mode=None-script, software_lock=False
doing actuation None-script open_channel False
Open T ===>> OK
GetIndicatorState T ===>> OK
change switch state (True, True)
update switch state T True args=() kw={} ncanvase=2
06:47:42 -- OPEN   VALVE-T (Microbone to CO2 Laser)
---------------------------------------- open None (Microbone to CO2 Laser) result=[(True, True)], time=0.43 sec
action=open, ok=True, locked=[False]
executed snippet estimated_duration=0, duration=4.92098379135
PrepareForCO2Analysis.py completed successfully
gosub finished
set_motor ('beam', '1.25') {}
setting motor "beam" to 1.25
set motor beam to 1.25
SetMotor beam,1.25 ===>> OK
GetMotorMoving beam ===>> False
GetMotorMoving beam ===>> False
Block completed
move_to_position ('193',) {'autocenter': True}
FusionsCO2 move to position 193
sending GoToHole 193,True
GoToHole 193,True ===>> OK
GetDriveMoving ===>> OK
GetDriveMoving ===>> OK
GetDriveMoving ===>> OK
GetDriveMoving ===>> False
GetDriveMoving ===>> OK
GetDriveMoving ===>> OK
GetDriveMoving ===>> OK
GetDriveMoving ===>> OK
GetDriveMoving ===>> OK
GetDriveMoving ===>> False
Block completed
GetAutoCorrecting ===>> False
GetAutoCorrecting ===>> False
Block completed
update position
GetPosition ===>> 5.98170,-9.96950,1.00000
got position (5.9817, -9.9695, 1.0)
move to position succeeded
sleep (5,) {}
SLEEP 5.0
block started
WaitControl setup for 5.0  
Join finished
block finished. duration 5.06501507759
close () {'description': 'Microbone to Turbo'}
closing name=--- desc=Microbone to Turbo
checking ownership. requestor=129.138.12.150
check software interlocks U
interlocks []
actuate state mode=None-script, software_lock=False
doing actuation None-script close_channel True
Close U ===>> OK
GetIndicatorState U ===>> False
change switch state (True, True)
update switch state U False args=() kw={} ncanvase=2
06:47:53 -- CLOSE  VALVE-U (Microbone to Turbo)
---------------------------------------- close None (Microbone to Turbo) result=[(True, True)]
action=close, ok=True, locked=[False]
enable laser
enable () {}
set extraction state FusionsCO2 Enabled (False, 'red', 1.5)
enabling laser
Enable ===>> OK
begin interval
BEGIN INTERVAL Interval 1 waiting for 30.0
block started
set extract to 5.0
WaitControl setup for 30.0  
extract (5.0,) {}
GetPosition ===>> 5.98170,-9.96950,1.00000
set extraction state FusionsCO2 ON! 5.0(watts) (0.75, 'red', 1.5)
extract sample to 5.0 (watts)
set laser output
SetLaserOutput 5.0,watts ===>> OK
executing pattern triangle.lp
execute_pattern ('triangle.lp',) {}
executing pattern triangle.lp
IsPatterning ===>> OK
IsPatterning ===>> OK
IsPatterning ===>> OK
IsPatterning ===>> OK
IsPatterning ===>> OK
IsPatterning ===>> OK
IsPatterning ===>> OK
IsPatterning ===>> OK
IsPatterning ===>> OK
IsPatterning ===>> OK
IsPatterning ===>> OK
IsPatterning ===>> OK
IsPatterning ===>> OK
IsPatterning ===>> OK
IsPatterning ===>> OK
IsPatterning ===>> OK
IsPatterning ===>> OK
IsPatterning ===>> OK
IsPatterning ===>> OK
IsPatterning ===>> OK
IsPatterning ===>> OK
IsPatterning ===>> OK
IsPatterning ===>> OK
IsPatterning ===>> OK
IsPatterning ===>> OK
IsPatterning ===>> OK
IsPatterning ===>> False
IsPatterning ===>> False
Block completed
COMPLETE INTERVAL waiting for Interval 1 to complete
Join finished
block finished. duration 30.1367168427
Interval 1 finished
end_extract () {}
ending extraction. set laser power to 0
set laser power 0
SetLaserPower 0 ===>> OK
disable () {}
%%%%%%%%%%%%%%%%%%%%%%%%%%%%%%%%%%% disable
set extraction state False (0.75, 'red', 1.5)
disabling laser
Disable ===>> OK
sleep (30.0,) {}
SLEEP 30.0
block started
WaitControl setup for 30.0  
Join finished
block finished. duration 30.1000699997
executed snippet estimated_duration=166.5, duration=76.5100610256
jan_co2.py completed successfully
GetAchievedOutput ===>> No Response
Requested Output= 0.000
Achieved Output=  0.000
GetResponseBlob ===>> No Response
GetOutputBlob ===>> No Response
persistence save...
persistence save - db
AutomatedRunPersister post_extraction_save deprecated
persistence save - dvc
no extraction position for 193
create new session 4989601072
close session 4989601072
Extraction Finished
06:48:54 -- ******* Extraction Finished *******
no overlap. not waiting for min ms pumptime
06:48:54 -- Sending spectrometer configuration
======== Sending configuration ========
SetDeflection CDD,50.0 ===>> OK
SetDeflection H2,0.0 ===>> OK
SetDeflection H1,0.0 ===>> OK
SetDeflection L2,825.0 ===>> OK
SetDeflection L1,400.0 ===>> OK
SetDeflection AX,190.0 ===>> OK
SetZFocus 74.64 ===>> OK
SetZSymmetry -50.72 ===>> OK
SetExtractionLens 26.13 ===>> OK
SetIonRepeller -3.81 ===>> OK
SetElectronEnergy 75.08 ===>> OK
SetYSymmetry -2.81 ===>> OK
SetIonCounterVoltage 1590.0 ===>> OK
send trap current 200.0
GetParameter Trap Current Readback ===>> 198.258926936459
SetParameter Trap Current Set,200.0 ===>> OK
updating mftable name mftable
Using mftable located at /Users/jan/PychronDev/setupfiles/spectrometer/mftables/mftable.csv
============ MFtable ===========
Isotope  H2     H1     AX     L1     L2     CDD    
Ar40     5.8132 5.8792 5.9925 6.1532 6.2309 6.3814
Ar39     5.7125 5.7714 5.8850 6.0392 6.1161 6.2679
Ar36     5.3900 5.4404 5.5483 5.6981 5.7710 5.9190
================================
get initial guess parabolic
get initial guess parabolic
get initial guess parabolic
get initial guess parabolic
get initial guess parabolic
get initial guess parabolic
======== Configuration Finished ========
GetYSymmetry ===>> -2.81
GetZSymmetry ===>> -50.72
GetParameter Trap Current Readback ===>> 197.699505585058
GetHighVoltage ===>> 4499.94659342336
start measurement
do measurement
L#=25343 analysis type=unknown
Measurement Started jan_unknown120_60.py
06:48:54 -- ******* Measurement Started jan_unknown120_60.py *******
state changed from extraction to measurement
setting spec, defl, and gains
GetExtractionLens ===>> 26.13
GetYSymmetry ===>> -2.81
GetZSymmetry ===>> -50.72
GetZFocus ===>> 74.64
GetDeflection H2 ===>> 0
GetDeflection H1 ===>> 0
GetDeflection AX ===>> 190
GetDeflection L1 ===>> 400
GetDeflection L2 ===>> 825
GetDeflection CDD ===>> 50
GetGain H2 ===>> 0.0113
GetGain H1 ===>> 0.1
GetGain AX ===>> 0.097049
GetGain L1 ===>> 0.010355
GetGain L2 ===>> 0.095649
GetGain CDD ===>> 0
pre measurement save
New frame /Users/jan/PychronDev/data/isotopes/39/40cf7d-477e-4d3a-b5db-50f34dd8df42.h5
flush and close file /Users/jan/PychronDev/data/isotopes/39/40cf7d-477e-4d3a-b5db-50f34dd8df42.h5
testing...
no interpolation path defined
executed snippet estimated_duration=226.132928, duration=0.000175952911377
unknown measurement script
activate_detectors ('H2', 'H1', 'AX', 'L1', 'L2', 'CDD') {}
activate detectors
*************** Set Analysis View Ar/Ar
create graphs
clearing graphs
clear isotope group
setting isotope det=H2, iso=PM41
setting isotope det=H1, iso=Ar40
setting isotope det=AX, iso=Ar39
setting isotope det=L1, iso=Ar38
setting isotope det=L2, iso=Ar37
setting isotope det=CDD, iso=Ar36
setting previous blanks
 - setting Ar40 blank 0.671+/-0.008
 - setting Ar36 blank 0.00656+/-0.00021
 - setting Ar37 blank 0.052+/-0.005
 - setting Ar38 blank 0.0091+/-0.0019
 - setting PM41 blank 0.03+/-0.06
 - setting Ar39 blank 0.010+/-0.009
load analysis view
position_magnet ('Ar40',) {'detector': 'H1'}
detector Detector(H1)
POSITION Ar40 H1
setting detector H2 to PM41 (40.9624)
setting detector H1 to Ar40 (39.9624)
setting detector AX to Ar39 (38.9624)
setting detector L1 to Ar38 (37.9624)
setting detector L2 to Ar37 (36.9624)
setting detector CDD to Ar36 (35.9624)
Mapping mass to dac mass func: "parabolic"
H1 map mass coeffs = [-0.00063987  0.15840543  0.57076999]
H1 map mass to dac 39.9624 >> 5.87916
GetDeflection H1 ===>> 0
GetHighVoltage ===>> 4499.94659342336
positioning Ar40 (5.87912537818) on H1
setting magnet DAC
current  : 5.879126
requested: 5.879125
Delta Dac: 0.000001
Checking detector protection. dv=0.00000
Checking detector "CDD". Protection Threshold: 0.1 (V)
SetMagnetDAC 5.87912537818 ===>> OK
Magnet settling time: 0.500
equilibrate () {'delay': 3, 'inlet': 'R', 'outlet': 'O', 'eqtime': 12.0}
Equilibration Started
06:48:56 -- ******* Equilibration Started *******
checking ownership. requestor=129.138.12.150
check software interlocks O
interlocks []
actuate state mode=None-script, software_lock=False
doing actuation None-script close_channel True
Close O ===>> OK
update labels <pychron.experiment.plot_panel.PlotPanel object at 0x22b6efad0>
update labels "<pychron.graph.stacked_regression_graph.StackedRegressionGraph object at 0x232d26e30>"
setting label 0 H2 PM41
setting label 1 H1 Ar40
setting label 2 AX Ar39
setting label 3 L1 Ar38
setting label 4 L2 Ar37
GetIndicatorState O ===>> False
setting label 5 CDD Ar36
change switch state (True, True)
update labels "<pychron.graph.stacked_graph.StackedGraph object at 0x222b15b90>"
update switch state O False args=() kw={} ncanvase=2
setting label 0 H2 PM41
setting label 1 H1 Ar40
setting label 2 AX Ar39
setting label 3 L1 Ar38
06:48:56 -- CLOSE  VALVE-O (Jan Ion Pump)
setting label 4 L2 Ar37
waiting 3s before opening inlet value ('R',)
setting label 5 CDD Ar36
checking ownership. requestor=129.138.12.150
check software interlocks R
interlocks []
actuate state mode=None-script, software_lock=False
doing actuation None-script open_channel True
Open R ===>> OK
GetIndicatorState R ===>> OK
change switch state (True, True)
update switch state R True args=() kw={} ncanvase=2
06:48:59 -- OPEN   VALVE-R (Jan Inlet)
equilibrating for 12.0sec
set_time_zero () {}
sniff (12.0,) {}
py_sniff
build tables- sniff [Detector(H2), Detector(H1), Detector(AX), Detector(L1), Detector(L2), Detector(CDD)]
add group /sniff/PM41 (Group) '' table H2
add group /sniff/Ar40 (Group) '' table H1
add group /sniff/Ar39 (Group) '' table AX
add group /sniff/Ar38 (Group) '' table L1
add group /sniff/Ar37 (Group) '' table L2
add group /sniff/Ar36 (Group) '' table CDD
flush and close file /Users/jan/PychronDev/data/isotopes/39/40cf7d-477e-4d3a-b5db-50f34dd8df42.h5
measuring sniff. ncounts=12.0
"sniff" increment series count="1" fit count="0" regressing="False"
starting measurement
GetData ===>> H2,-0.0970224780869936,H1,24.0155004574933,AX,3.36844281980229,L1,-0.00155768417126308,L2,0.07977...
GetData ===>> H2,0.816032834143544,H1,630.314692648777,AX,83.3040512444343,L1,0.466552777683465,L2,0.4376077918...
GetData ===>> H2,0.507402449426685,H1,1094.75109723981,AX,139.027736606545,L1,1.14360785158954,L2,0.41575983549...
GetData ===>> H2,0.18172330069006,H1,1243.44765646564,AX,154.854189862947,L1,1.57166226557857,L2,0.384402095973...
GetData ===>> H2,0.0988654347870822,H1,1295.92043302187,AX,159.996716455374,L1,1.76725227557004,L2,0.4377106443...
GetData ===>> H2,0.115088480494232,H1,1317.02484698863,AX,162.006895370197,L1,1.87683879718428,L2,0.38828555809...
GetData ===>> H2,-0.000368090231563051,H1,1325.93029680703,AX,162.813135879489,L1,1.97513096160373,L2,0.2842060...
GetData ===>> H2,-0.0862032773807297,H1,1329.87206366193,AX,163.256682849946,L1,2.00076130316443,L2,0.285723608...
GetData ===>> H2,-0.100590202997011,H1,1331.71375737515,AX,163.463977502576,L1,2.02862778163745,L2,0.4048377243...
GetData ===>> H2,-0.119613632229804,H1,1331.89398236974,AX,163.535252705063,L1,2.06392688954826,L2,0.4039809168...
GetData ===>> H2,-0.0311476414230364,H1,1331.80997699327,AX,163.453326717142,L1,2.09166256358326,L2,0.339217019...
Equilibration Finished
06:49:11 -- ******* Equilibration Finished *******
checking ownership. requestor=129.138.12.150
check software interlocks R
interlocks []
actuate state mode=None-script, software_lock=False
doing actuation None-script close_channel True
GetData ===>> H2,-0.00537775559288607,H1,1331.75110206437,AX,163.451875356548,L1,2.0673396987281,L2,0.403569651...
Close R ===>> OK
set states for children of R. state=False
handle state [('R', False)]
update switch state R False args=() kw={'refresh': False} ncanvase=2
refresh_canvas_needed fired
GetIndicatorState R ===>> False
change switch state (True, True)
update switch state R False args=() kw={} ncanvase=2
06:49:12 -- CLOSE  VALVE-R (Jan Inlet)
Post Equilibration Started jan_pump_extraction_line.py
06:49:12 -- ******* Post Equilibration Started jan_pump_extraction_line.py *******
testing...
no interpolation path defined
calculate duration
testing...
no interpolation path defined
executed snippet estimated_duration=4.0, duration=0.000149011611938
executed snippet estimated_duration=4.0, duration=0.00137090682983
Pump after analysis
doing GOSUB
testing...
no interpolation path defined
executed snippet estimated_duration=4.0, duration=0.000137090682983
Pump Microbone
close () {'description': 'Jan Inlet'}
closing name=--- desc=Jan Inlet
checking ownership. requestor=129.138.12.150
check software interlocks R
interlocks []
actuate state mode=None-script, software_lock=False
doing actuation None-script close_channel False
Close R ===>> OK
measurement finished
estimated time: 12.583 actual time: :12.684
flush and close file /Users/jan/PychronDev/data/isotopes/39/40cf7d-477e-4d3a-b5db-50f34dd8df42.h5
set_fits () {}
using default fits file=/Users/jan/PychronDev/scripts/measurement/fits/nominal_linear.yaml
GetIndicatorState R ===>> False
change switch state (True, True)
update switch state R False args=() kw={} ncanvase=2
set "Ar40" to "('Linear', 'SEM')"
No fit for "PM41". defaulting to linear. check the measurement script "jan_unknown120_60.py"
set "PM41" to "linear"
set "Ar36" to "('Linear', 'SEM')"
set "Ar37" to "('linear', 'SEM')"
06:49:13 -- CLOSE  VALVE-R (Jan Inlet)
set "Ar38" to "('linear', 'SEM')"
---------------------------------------- close None (Jan Inlet) result=[(True, True)]
set "Ar39" to "('Linear', 'SEM')"
set_baseline_fits () {}
using default fits file=/Users/jan/PychronDev/scripts/measurement/fits/nominal_linear.yaml
set "H1" to "('average', 'SEM')"
set "H2" to "('average', 'SEM')"
set "CDD" to "('average', 'SEM')"
set "L2" to "('average', 'SEM')"
set "L1" to "('average', 'SEM')"
set "AX" to "('average', 'SEM')"
multicollect () {'integration_time': 1, 'ncounts': 120}
build tables- signal [Detector(H2), Detector(H1), Detector(AX), Detector(L1), Detector(L2), Detector(CDD)]
add group /signal/PM41 (Group) '' table H2
add group /signal/Ar40 (Group) '' table H1
add group /signal/Ar39 (Group) '' table AX
add group /signal/Ar38 (Group) '' table L1
add group /signal/Ar37 (Group) '' table L2
add group /signal/Ar36 (Group) '' table CDD
flush and close file /Users/jan/PychronDev/data/isotopes/39/40cf7d-477e-4d3a-b5db-50f34dd8df42.h5
measuring signal. ncounts=120
action=close, ok=True, locked=[False]
is_closed ('F',) {}
is F () closed?
is closed True
open () {'description': 'CO2 Laser to Jan'}
opening name=--- desc=CO2 Laser to Jan
checking ownership. requestor=129.138.12.150
check software interlocks A
interlocks []
actuate state mode=None-script, software_lock=False
doing actuation None-script open_channel False
Open A ===>> OK
"signal" increment series count="2" fit count="1" regressing="True"
GetIndicatorState A ===>> OK
change switch state (True, True)
update switch state A True args=() kw={} ncanvase=2
06:49:13 -- OPEN   VALVE-A (CO2 Laser to Jan)
---------------------------------------- open None (CO2 Laser to Jan) result=[(True, True)], time=0.15 sec
starting measurement
GetData ===>> H2,-0.0151694446439981,H1,1332.30256023053,AX,163.481353089368,L1,2.13027144826078,L2,0.342596313...
action=open, ok=True, locked=[False]
sleep (1,) {}
SLEEP 1.0
close () {'description': 'CO2 Laser to Roughing'}
GetData ===>> H2,-0.0843383996142568,H1,1332.05794916028,AX,163.482420440815,L1,2.13800504692038,L2,0.358421213...
closing name=--- desc=CO2 Laser to Roughing
checking ownership. requestor=129.138.12.150
check software interlocks G
interlocks []
actuate state mode=None-script, software_lock=True
VALVE-G(CO2 Laser to Roughing) software locked
change switch state (True, False)
---------------------------------------- close None (CO2 Laser to Roughing) result=[(True, False)]
action=close, ok=True, locked=[True]
open () {'description': 'Microbone to Turbo'}
opening name=--- desc=Microbone to Turbo
checking ownership. requestor=129.138.12.150
check software interlocks U
interlocks []
actuate state mode=None-script, software_lock=False
doing actuation None-script open_channel True
Open U ===>> OK
GetIndicatorState U ===>> OK
change switch state (True, True)
update switch state U True args=() kw={} ncanvase=2
06:49:14 -- OPEN   VALVE-U (Microbone to Turbo)
---------------------------------------- open None (Microbone to Turbo) result=[(True, True)], time=0.14 sec
action=open, ok=True, locked=[False]
open () {'description': 'Microbone to Getter NP-10'}
opening name=--- desc=Microbone to Getter NP-10
checking ownership. requestor=129.138.12.150
check software interlocks M
interlocks []
actuate state mode=None-script, software_lock=False
doing actuation None-script open_channel False
Open M ===>> OK
GetIndicatorState M ===>> OK
change switch state (True, True)
update switch state M True args=() kw={} ncanvase=2
06:49:15 -- OPEN   VALVE-M (Microbone to Getter NP-10)
---------------------------------------- open None (Microbone to Getter NP-10) result=[(True, True)], time=0.15 sec
action=open, ok=True, locked=[False]
open () {'description': 'Microbone to Getter D-50'}
opening name=--- desc=Microbone to Getter D-50
checking ownership. requestor=129.138.12.150
check software interlocks K
interlocks []
actuate state mode=None-script, software_lock=False
doing actuation None-script open_channel False
GetData ===>> H2,-0.197583827619721,H1,1330.9889083216,AX,163.38956332142,L1,2.17185778195587,L2,0.376430069758...
Open K ===>> OK
GetIndicatorState K ===>> OK
change switch state (True, True)
update switch state K True args=() kw={} ncanvase=2
06:49:16 -- OPEN   VALVE-K (Microbone to Getter D-50)
---------------------------------------- open None (Microbone to Getter D-50) result=[(True, True)], time=0.42 sec
action=open, ok=True, locked=[False]
open () {'description': 'Microbone to CO2 Laser'}
opening name=--- desc=Microbone to CO2 Laser
checking ownership. requestor=129.138.12.150
check software interlocks T
interlocks []
actuate state mode=None-script, software_lock=False
doing actuation None-script open_channel False
Open T ===>> OK
GetIndicatorState T ===>> OK
change switch state (True, True)
update switch state T True args=() kw={} ncanvase=2
06:49:16 -- OPEN   VALVE-T (Microbone to CO2 Laser)
---------------------------------------- open None (Microbone to CO2 Laser) result=[(True, True)], time=0.43 sec
GetData ===>> H2,-0.156312799719768,H1,1330.55023998434,AX,163.220658051795,L1,2.12740556677533,L2,0.3368424520...
action=open, ok=True, locked=[False]
open () {'description': 'Microbone to Inlet Pipette'}
opening name=--- desc=Microbone to Inlet Pipette
checking ownership. requestor=129.138.12.150
check software interlocks S
interlocks []
actuate state mode=None-script, software_lock=False
doing actuation None-script open_channel False
Open S ===>> OK
GetIndicatorState S ===>> OK
change switch state (True, True)
update switch state S True args=() kw={} ncanvase=2
06:49:17 -- OPEN   VALVE-S (Microbone to Inlet Pipette)
---------------------------------------- open None (Microbone to Inlet Pipette) result=[(True, True)], time=0.42 sec
action=open, ok=True, locked=[False]
sleep (1,) {}
SLEEP 1.0
testing H1>-5.0
evaluate ot="H1.bs>-5.0" t="H1>-5.0", ctx="{'H1': None}"
GetData ===>> H2,-0.0720892401151142,H1,1330.12510289709,AX,163.035792525746,L1,2.12475395669327,L2,0.304163877...
set_resource () {'name': 'CO2PumpTimeFlag', 'value': 30}
Set CO2PumpTimeFlag 30 ===>> OK
release ('JanCO2Flag',) {}
release JanCO2Flag
Set JanCO2Flag 0 ===>> OK
executed snippet estimated_duration=6.0, duration=6.0145740509
PumpMicrobone.py completed successfully
gosub finished
get_resource_value () {'name': 'JanMiniboneFlag'}
Read JanMiniboneFlag ===>> 0
Get Resource Value JanMiniboneFlag=0.0
get resource value 0.0
get_resource_value () {'name': 'JanMiniboneFlag'}
Read JanMiniboneFlag ===>> 0
Get Resource Value JanMiniboneFlag=0.0
executed snippet estimated_duration=4.0, duration=6.02922677994
jan_pump_extraction_line.py completed successfully
Post Equilibration Finished
06:49:18 -- ******* Post Equilibration Finished *******
GetData ===>> H2,-0.113884518650625,H1,1329.5463830544,AX,162.991631395769,L1,2.14709481147588,L2,0.35667418104...
GetData ===>> H2,-0.0268264304712531,H1,1328.50448434088,AX,162.89752672053,L1,2.11881897413181,L2,0.3646674026...
GetData ===>> H2,-0.0714628084640348,H1,1327.9862139624,AX,162.874725974059,L1,2.11018715555414,L2,0.2830537154...
GetData ===>> H2,-0.167620210628239,H1,1327.80743025081,AX,163.036154896722,L1,2.11095479172089,L2,0.2721353111...
testing H1>-5.0
evaluate ot="H1.bs>-5.0" t="H1>-5.0", ctx="{'H1': None}"
GetData ===>> H2,-0.0989858808674984,H1,1327.08179945284,AX,162.888448691764,L1,2.06400624529031,L2,0.292866509...
GetData ===>> H2,-0.158301258571075,H1,1326.30409178764,AX,162.838101703456,L1,2.05694731231413,L2,0.2670016953...
GetData ===>> H2,-0.0739642611827966,H1,1325.93229785708,AX,162.653093358726,L1,2.07000585887676,L2,0.325541230...
GetData ===>> H2,-0.1346690089527,H1,1325.93411699805,AX,162.614515760985,L1,2.07879085228212,L2,0.339742172314...
GetData ===>> H2,-0.0131106660544802,H1,1325.02306411153,AX,162.5232334418,L1,2.09361669677603,L2,0.29505741007...
testing H1>-5.0
evaluate ot="H1.bs>-5.0" t="H1>-5.0", ctx="{'H1': None}"
GetData ===>> H2,0.0584325406319875,H1,1324.51877477479,AX,162.612961760789,L1,2.11687890573962,L2,0.3476768949...
GetData ===>> H2,-0.0508106905107557,H1,1324.57118449463,AX,162.39265854464,L1,2.07660454528591,L2,0.3305752461...
GetData ===>> H2,-0.0911478473380823,H1,1323.24589042223,AX,162.309964247381,L1,2.08921342682944,L2,0.394282389...
GetData ===>> H2,-0.140830978079737,H1,1322.75452223679,AX,162.379797614563,L1,2.07291488676403,L2,0.4291285480...
GetData ===>> H2,-0.161969265830994,H1,1322.29938404143,AX,162.330685863516,L1,2.06224071411231,L2,0.2787295590...
testing H1>-5.0
evaluate ot="H1.bs>-5.0" t="H1>-5.0", ctx="{'H1': None}"
GetData ===>> H2,0.0174701768620398,H1,1322.06230549101,AX,162.02386728188,L1,2.06707774829933,L2,0.25215068943...
GetData ===>> H2,0.0390260712155351,H1,1321.67120635628,AX,162.103191624615,L1,2.03399655730202,L2,0.2635452157...
GetData ===>> H2,-0.122309401691068,H1,1321.02039028477,AX,162.11979638684,L1,2.04176775353601,L2,0.29819550599...
GetData ===>> H2,-0.213454074966238,H1,1320.36810087281,AX,161.831676428692,L1,2.06556040956608,L2,0.2678572789...
GetData ===>> H2,-0.117714170925246,H1,1319.95994481768,AX,161.968674953802,L1,2.05368146493499,L2,0.4491225229...
testing H1>-5.0
evaluate ot="H1.bs>-5.0" t="H1>-5.0", ctx="{'H1': None}"
06:49:39 -- collecting point 25
GetData ===>> H2,-0.120790489398309,H1,1319.3664505448,AX,161.69876720385,L1,2.05062151467135,L2,0.430694066267...
GetData ===>> H2,-0.205064863124514,H1,1318.96008471249,AX,161.709915279872,L1,2.02417647063764,L2,0.2524361104...
GetData ===>> H2,-0.182559226761092,H1,1317.89650056467,AX,161.665603147379,L1,2.08400302509211,L2,0.2546395892...
GetData ===>> H2,-0.123235797831327,H1,1317.59630109866,AX,161.804287789232,L1,2.11200358235392,L2,0.3109201119...
GetData ===>> H2,-0.0382718198628893,H1,1317.06753087418,AX,161.942958372039,L1,2.14160439940633,L2,0.210648113...
testing H1>-5.0
evaluate ot="H1.bs>-5.0" t="H1>-5.0", ctx="{'H1': None}"
GetData ===>> H2,-0.0514010255777123,H1,1316.52263837165,AX,161.619175909171,L1,2.1171150338409,L2,0.3423223121...
GetData ===>> H2,-0.171714237050689,H1,1316.40774403048,AX,161.586221758526,L1,2.06675362627221,L2,0.3754821508...
GetData ===>> H2,-0.0459144800332593,H1,1316.07709153259,AX,161.415621111674,L1,2.06662927176091,L2,0.329662026...
GetData ===>> H2,0.00945834990554493,H1,1315.64323667242,AX,161.330328798883,L1,2.11056765252614,L2,0.303673156...
GetData ===>> H2,-0.125256025867644,H1,1314.44375947569,AX,161.523961001707,L1,2.02456329798995,L2,0.2883022942...
testing H1>-5.0
evaluate ot="H1.bs>-5.0" t="H1>-5.0", ctx="{'H1': None}"
GetData ===>> H2,-0.113552915561311,H1,1314.03649812544,AX,161.539476392628,L1,2.00835504710409,L2,0.3715306863...
GetData ===>> H2,-0.105225894659362,H1,1313.85181056972,AX,161.229670423946,L1,2.04557721631102,L2,0.2979558659...
GetData ===>> H2,-0.18363713007769,H1,1313.3223019137,AX,161.286934518305,L1,2.06792712518645,L2,0.371918973364...
GetData ===>> H2,-0.186230962321359,H1,1313.22367822629,AX,161.152903373678,L1,2.04448300150831,L2,0.2687927256...
GetData ===>> H2,-0.162630893320053,H1,1312.22722159204,AX,161.013577071392,L1,2.01847757971446,L2,0.2892949925...
testing H1>-5.0
evaluate ot="H1.bs>-5.0" t="H1>-5.0", ctx="{'H1': None}"
GetData ===>> H2,-0.164927386110747,H1,1311.55037951412,AX,160.921757575836,L1,2.01065517046351,L2,0.2671499959...
GetData ===>> H2,-0.190524383928305,H1,1311.54677526267,AX,161.052815595434,L1,2.043933291811,L2,0.293710913155...
GetData ===>> H2,-0.22077563957971,H1,1310.87046137248,AX,160.900874764792,L1,2.05274778650769,L2,0.25712855381...
GetData ===>> H2,-0.0969452891167098,H1,1310.14548032357,AX,160.892164321026,L1,2.07550691922532,L2,0.240837285...
GetData ===>> H2,-0.0383858356748482,H1,1308.99951560856,AX,160.683810705961,L1,2.08840555524873,L2,0.450880998...
testing H1>-5.0
evaluate ot="H1.bs>-5.0" t="H1>-5.0", ctx="{'H1': None}"
GetData ===>> H2,-0.047380713380182,H1,1308.53659759014,AX,160.737693743558,L1,2.1000775984285,L2,0.38847973533...
GetData ===>> H2,-0.0769232643675429,H1,1308.65898559106,AX,160.731616804647,L1,2.07355423387224,L2,0.249661854...
GetData ===>> H2,-0.0694409073788866,H1,1308.35451488816,AX,160.621428411949,L1,2.04417246503813,L2,0.427780166...
GetData ===>> H2,-0.134291719579648,H1,1307.80852390995,AX,160.509584719837,L1,2.04943161497563,L2,0.3211923271...
GetData ===>> H2,-0.133852208970137,H1,1307.0367580392,AX,160.537805550964,L1,2.07708917707133,L2,0.23859987870...
testing H1>-5.0
evaluate ot="H1.bs>-5.0" t="H1>-5.0", ctx="{'H1': None}"
06:50:05 -- collecting point 50
GetData ===>> H2,-0.0619255644917023,H1,1306.04717469889,AX,160.550285129767,L1,2.03195653901884,L2,0.317220273...
GetData ===>> H2,-0.0987272727272725,H1,1305.53973875082,AX,160.350498925705,L1,2.01737880841063,L2,0.443641767...
GetData ===>> H2,-0.156393857851797,H1,1305.00435802626,AX,160.362456004736,L1,2.05761938393611,L2,0.4331966630...
GetData ===>> H2,-0.211767840677352,H1,1304.73066354037,AX,160.325551502996,L1,2.0124106060435,L2,0.39127821567...
GetData ===>> H2,-0.07422047650385,H1,1304.27454461089,AX,160.129252107713,L1,2.01809986478765,L2,0.34037007606...
testing H1>-5.0
evaluate ot="H1.bs>-5.0" t="H1>-5.0", ctx="{'H1': None}"
GetData ===>> H2,-0.153249728528284,H1,1304.22917237025,AX,160.313957117477,L1,2.03343895025992,L2,0.2967006183...
GetData ===>> H2,-0.121704836728343,H1,1303.90384343616,AX,160.144985400655,L1,2.02129219409144,L2,0.3236578227...
GetData ===>> H2,-0.0493408268054469,H1,1303.30306391438,AX,160.116416973442,L1,2.00259298048287,L2,0.361755509...
GetData ===>> H2,-0.00113062505958405,H1,1302.46814663936,AX,160.129357837552,L1,2.03852319715349,L2,0.34435450...
GetData ===>> H2,-0.0967963264638326,H1,1301.59135204016,AX,159.937889309191,L1,2.06997674597935,L2,0.361184559...
testing H1>-5.0
evaluate ot="H1.bs>-5.0" t="H1>-5.0", ctx="{'H1': None}"
GetData ===>> H2,-0.18218146414276,H1,1301.04592229929,AX,159.741717442148,L1,2.01887511877277,L2,0.34167156238...
GetData ===>> H2,-0.142401352849069,H1,1300.81859942281,AX,159.873695285444,L1,2.00943180958485,L2,0.2493307755...
GetData ===>> H2,-0.130907725013764,H1,1300.33527967775,AX,159.895773885801,L1,2.03774197203857,L2,0.3722273200...
GetData ===>> H2,-0.195448755820357,H1,1299.82661164503,AX,159.799598900666,L1,2.05892792358472,L2,0.3491040730...
GetData ===>> H2,-0.181173585770884,H1,1299.68818547193,AX,159.759862023303,L1,2.02085532796531,L2,0.2893862756...
testing H1>-5.0
evaluate ot="H1.bs>-5.0" t="H1>-5.0", ctx="{'H1': None}"
GetData ===>> H2,-0.15150037980916,H1,1299.42907996395,AX,159.640657186609,L1,2.03420269401927,L2,0.33992483479...
GetData ===>> H2,-0.129753595506944,H1,1298.55042541563,AX,159.697895063188,L1,2.04090905433468,L2,0.3593575453...
GetData ===>> H2,-0.171294647156231,H1,1298.62278688852,AX,159.527594593871,L1,2.04248779103371,L2,0.2205769610...
GetData ===>> H2,-0.153441617014243,H1,1298.02903573259,AX,159.510667317106,L1,2.06752227389357,L2,0.4325681508...
GetData ===>> H2,-0.165571292599786,H1,1297.31429457925,AX,159.522043450757,L1,2.02737975528743,L2,0.2538289771...
testing H1>-5.0
evaluate ot="H1.bs>-5.0" t="H1>-5.0", ctx="{'H1': None}"
GetData ===>> H2,-0.170981631067795,H1,1296.72635072053,AX,159.273688032623,L1,2.02413554430147,L2,0.3149147314...
GetData ===>> H2,-0.144564654231907,H1,1296.28174324102,AX,159.264704727134,L1,2.01237628659135,L2,0.3773665771...
GetData ===>> H2,-0.172322682244287,H1,1295.92025467089,AX,159.211247051679,L1,2.00656991058254,L2,0.4379620622...
GetData ===>> H2,-0.185174887067416,H1,1294.905895586,AX,159.062465553417,L1,2.02865287567182,L2,0.359814295749...
GetData ===>> H2,-0.113991441663916,H1,1294.36052850338,AX,159.080126415067,L1,2.02385302468423,L2,0.3106576142...
testing H1>-5.0
evaluate ot="H1.bs>-5.0" t="H1>-5.0", ctx="{'H1': None}"
06:50:31 -- collecting point 75
GetData ===>> H2,-0.0170824846227865,H1,1293.76331679215,AX,158.92691635145,L1,2.00827323854784,L2,0.2889070402...
GetData ===>> H2,-0.0762564375705196,H1,1293.58176031104,AX,158.909703952246,L1,2.02463195135405,L2,0.218214486...
GetData ===>> H2,-0.229569062107742,H1,1292.82525541719,AX,158.925546882567,L1,2.02237189483512,L2,0.3502572484...
GetData ===>> H2,-0.103972752603182,H1,1292.81671257742,AX,158.843301010338,L1,2.02681851940287,L2,0.2546395892...
GetData ===>> H2,-0.112040953452959,H1,1291.62646526994,AX,158.979238006038,L1,2.04324355039159,L2,0.3545960526...
testing H1>-5.0
evaluate ot="H1.bs>-5.0" t="H1>-5.0", ctx="{'H1': None}"
GetData ===>> H2,-0.1304388215966,H1,1292.04472961379,AX,158.92019552126,L1,2.05127733616043,L2,0.3709254186429...
GetData ===>> H2,-0.194057414050013,H1,1291.14505128287,AX,158.822759055064,L1,2.05451337775705,L2,0.3609561811...
GetData ===>> H2,-0.136090154844941,H1,1290.24095608736,AX,158.618876542152,L1,2.05320535847051,L2,0.2555986321...
GetData ===>> H2,-0.0846702266696846,H1,1290.40413176118,AX,158.654461684692,L1,2.00797239937713,L2,0.344114751...
GetData ===>> H2,-0.103470645023255,H1,1289.45101620861,AX,158.452472517803,L1,2.02303059035215,L2,0.3356780221...
testing H1>-5.0
evaluate ot="H1.bs>-5.0" t="H1>-5.0", ctx="{'H1': None}"
GetData ===>> H2,-0.0835175939506412,H1,1288.49009253357,AX,158.501241380448,L1,2.00686807301317,L2,0.309539153...
GetData ===>> H2,-0.132434840322183,H1,1288.21609278379,AX,158.412238349901,L1,2.01621676502672,L2,0.3765100151...
GetData ===>> H2,-0.0493258964685673,H1,1288.03379460578,AX,158.307761971767,L1,2.03356315414025,L2,0.455597068...
GetData ===>> H2,-0.0429143267679285,H1,1287.81566402544,AX,158.294360539104,L1,2.02698358583067,L2,0.323829040...
GetData ===>> H2,-0.0262204334042043,H1,1287.50932162541,AX,158.266403840162,L1,2.00888945657324,L2,0.317151791...
testing H1>-5.0
evaluate ot="H1.bs>-5.0" t="H1>-5.0", ctx="{'H1': None}"
GetData ===>> H2,-0.123592812073484,H1,1286.80364748101,AX,158.262996328652,L1,2.0101325531666,L2,0.34169439563...
GetData ===>> H2,-0.113233484653885,H1,1286.14717736129,AX,158.068017112001,L1,2.00932096155441,L2,0.2354036737...
GetData ===>> H2,-0.112434868074375,H1,1285.81942998535,AX,158.07470211024,L1,2.00453575991654,L2,0.26298625884...
GetData ===>> H2,-0.174450752965341,H1,1285.34149748195,AX,158.031128046932,L1,2.00198238770452,L2,0.3042323504...
GetData ===>> H2,-0.128223513362886,H1,1284.72684700561,AX,158.051326744475,L1,2.01244228563217,L2,0.2700133832...
testing H1>-5.0
evaluate ot="H1.bs>-5.0" t="H1>-5.0", ctx="{'H1': None}"
GetData ===>> H2,-0.12939407177848,H1,1284.30993316702,AX,157.896980171667,L1,1.95425125175815,L2,0.32284739822...
GetData ===>> H2,-0.0937882173124768,H1,1283.74088957665,AX,157.858721012134,L1,1.96514848941692,L2,0.355760712...
GetData ===>> H2,-0.178273579855455,H1,1283.21454497926,AX,157.78659535546,L1,1.96341847863933,L2,0.47072888375...
GetData ===>> H2,-0.070635648900422,H1,1282.51547065136,AX,157.451502613433,L1,1.98321998157136,L2,0.3031596130...
GetData ===>> H2,-0.0324120431150005,H1,1281.76775325428,AX,157.488181599092,L1,2.0027288188765,L2,0.4109955398...
testing H1>-5.0
evaluate ot="H1.bs>-5.0" t="H1>-5.0", ctx="{'H1': None}"
06:50:58 -- collecting point 100
GetData ===>> H2,-0.116604651927694,H1,1281.61252861383,AX,157.578739821565,L1,2.02567764746941,L2,0.3417628954...
GetData ===>> H2,-0.197405807970082,H1,1280.76061466064,AX,157.594521514506,L1,2.00564381121947,L2,0.3611274651...
GetData ===>> H2,-0.11917261754646,H1,1280.10710126531,AX,157.325608133403,L1,2.01883021331404,L2,0.27591154636...
GetData ===>> H2,0.0122190531603372,H1,1279.80100367336,AX,157.395323881253,L1,1.98192609645243,L2,0.2619253903...
GetData ===>> H2,-0.0978823548476577,H1,1279.87713185466,AX,157.226895956795,L1,1.9529716106191,L2,0.3852815721...
testing H1>-5.0
evaluate ot="H1.bs>-5.0" t="H1>-5.0", ctx="{'H1': None}"
GetData ===>> H2,-0.0819408307186252,H1,1278.96767734463,AX,157.212849648631,L1,2.01473929724521,L2,0.229673601...
GetData ===>> H2,-0.0722221151221358,H1,1278.58228600856,AX,157.137559504496,L1,2.00711083065558,L2,0.238109026...
GetData ===>> H2,-0.137654426459721,H1,1277.80190078884,AX,157.296074658368,L1,2.001673807188,L2,0.322116880588...
GetData ===>> H2,-0.158345832794799,H1,1277.82507481459,AX,157.394065414441,L1,2.01350888466049,L2,0.2778510603...
GetData ===>> H2,-0.0950546727713408,H1,1277.27081103555,AX,157.323699214967,L1,2.01218225168898,L2,0.347642642...
testing H1>-5.0
evaluate ot="H1.bs>-5.0" t="H1>-5.0", ctx="{'H1': None}"
GetData ===>> H2,-0.0808095987007981,H1,1276.67586829959,AX,156.923658141031,L1,2.02146377764329,L2,0.381409653...
GetData ===>> H2,0.0768364172573747,H1,1276.27180030771,AX,156.972230173291,L1,1.97309895997771,L2,0.2930833151...
GetData ===>> H2,-0.100097422664563,H1,1275.78766513733,AX,156.798230759814,L1,1.96819970861385,L2,0.2463168703...
GetData ===>> H2,-0.197668790555986,H1,1275.83604978212,AX,156.83355174377,L1,2.00290686201328,L2,0.20018399448...
GetData ===>> H2,-0.221226923511495,H1,1275.20459910085,AX,156.728950186989,L1,2.00624932896101,L2,0.4139774813...
testing H1>-5.0
evaluate ot="H1.bs>-5.0" t="H1>-5.0", ctx="{'H1': None}"
GetData ===>> H2,-0.170199053002632,H1,1274.69792934597,AX,156.7214331703,L1,1.99153238745362,L2,0.324365522990...
GetData ===>> H2,-0.232174801965167,H1,1273.6279853411,AX,156.74094876574,L1,1.96610445627171,L2,0.269819445978...
GetData ===>> H2,-0.139591552916796,H1,1273.21935392349,AX,156.630376183686,L1,2.00698153516191,L2,0.4189475899...
GetData ===>> H2,-0.201934997524149,H1,1272.30852941888,AX,156.492801362386,L1,2.00976172100214,L2,0.3257923539...
GetData ===>> H2,-0.127462450458705,H1,1271.84824305294,AX,156.450931499467,L1,1.98756654075522,L2,0.2652106986...
testing H1>-5.0
evaluate ot="H1.bs>-5.0" t="H1>-5.0", ctx="{'H1': None}"
GetData ===>> H2,-0.148944042228961,H1,1271.69190358722,AX,156.536722337364,L1,2.00625064820792,L2,0.3739632160...
measurement finished
estimated time: 125.829 actual time: :126.436
flush and close file /Users/jan/PychronDev/data/isotopes/39/40cf7d-477e-4d3a-b5db-50f34dd8df42.h5
baselines () {'settling_time': 15.0, 'detector': 'H1', 'mass': 34.2, 'ncounts': 60}
%%%%%%%%%%%%%%%%%%%%%%%%%%%%%%%% Baseline
build tables- baseline [Detector(H2), Detector(H1), Detector(AX), Detector(L1), Detector(L2), Detector(CDD)]
add group baseline table H2
add group baseline table H1
add group baseline table AX
add group baseline table L1
add group baseline table L2
add group baseline table CDD
flush and close file /Users/jan/PychronDev/data/isotopes/39/40cf7d-477e-4d3a-b5db-50f34dd8df42.h5
detector Detector(H1)
POSITION 34.2 H1
Mapping mass to dac mass func: "parabolic"
H1 map mass coeffs = [-0.00063987  0.15840543  0.57076999]
H1 map mass to dac 34.2 >> 5.23981599104
GetDeflection H1 ===>> 0
GetHighVoltage ===>> 4499.94659342336
positioning 34.2 (5.23978513426) on H1
setting magnet DAC
current  : 5.879125
requested: 5.239785
Delta Dac: 0.639340
Checking detector protection. dv=0.63934
Checking detector "CDD". Protection Threshold: 0.1 (V)
ProtectDetector CDD,On ===>> OK
GetDeflection CDD ===>> 2000
Protected = 2000
SetMagnetDAC 5.23978513426 ===>> OK
Magnet settling time: 0.500
GetMagnetMoving ===>> True
GetMagnetMoving ===>> True
GetMagnetMoving ===>> True
GetMagnetMoving ===>> True
GetMagnetMoving ===>> True
GetMagnetMoving ===>> True
GetMagnetMoving ===>> True
GetMagnetMoving ===>> True
GetMagnetMoving ===>> False
ProtectDetector CDD,Off ===>> OK
GetDeflection CDD ===>> 50
Delaying 15.0s for detectors to settle
Join finished
measuring baseline. ncounts=60
"baseline" increment series count="2" fit count="1" regressing="True"
starting measurement
GetData ===>> H2,-0.213630495491286,H1,-0.124781063424106,AX,-0.144194446593283,L1,-0.0470380659990213,L2,0.005...
GetData ===>> H2,-0.233002429299497,H1,-0.0528680309632488,AX,-0.163300509382891,L1,-0.0302515597169462,L2,0.04...
GetData ===>> H2,-0.0659326126428029,H1,-0.0717869072906605,AX,-0.0918112553822488,L1,-0.0353242887685774,L2,0....
GetData ===>> H2,-0.0429848793635136,H1,-0.136514649488961,AX,-0.140855137719617,L1,-0.0296191375173966,L2,0.01...
testing H1>-5.0
evaluate ot="H1.bs>-5.0" t="H1>-5.0", ctx="{'H1': None}"
GetData ===>> H2,-0.160429819726818,H1,-0.115130667924945,AX,-0.109484157784767,L1,-0.0488380536547709,L2,-0.02...
GetData ===>> H2,-0.11200981872499,H1,-0.0875558647239981,AX,0.00268022197306322,L1,-0.0252941243718012,L2,-0.0...
GetData ===>> H2,-0.118194477839465,H1,0.00590223683618625,AX,-0.00569541171458386,L1,-0.0470093401774017,L2,0....
GetData ===>> H2,-0.0490028534772216,H1,-0.0311313467009853,AX,-0.0806611893999892,L1,-0.04609126753745,L2,-0.0...
GetData ===>> H2,-0.0616923639897773,H1,-0.0320137834721955,AX,-0.25139719948059,L1,-0.00536808180971507,L2,0.0...
testing H1>-5.0
evaluate ot="H1.bs>-5.0" t="H1>-5.0", ctx="{'H1': None}"
GetData ===>> H2,-0.203181925459933,H1,0.0173907991409152,AX,-0.0576152158276034,L1,-0.0116731849088634,L2,-0.0...
GetData ===>> H2,-0.17956106363924,H1,-0.00797056223869037,AX,-0.0474816065822029,L1,-0.0199877523784394,L2,-0....
GetData ===>> H2,-0.20167346222748,H1,-0.0794511932187934,AX,-0.10121016248917,L1,-0.0359030526693213,L2,0.0796...
GetData ===>> H2,-0.170231436615571,H1,-0.0212570641201502,AX,-0.0820057557513359,L1,-0.0517539714701878,L2,-0....
GetData ===>> H2,-0.155154956127456,H1,-0.0394068669738122,AX,-0.187583442602754,L1,-0.0636177917279004,L2,-0.0...
testing H1>-5.0
evaluate ot="H1.bs>-5.0" t="H1>-5.0", ctx="{'H1': None}"
GetData ===>> H2,-0.12207271901949,H1,-0.00596669974830526,AX,-0.102009780985769,L1,-0.057649831117572,L2,-0.07...
GetData ===>> H2,-0.111434487738585,H1,0.0428779240153389,AX,-0.126134309399375,L1,-0.0469004206909732,L2,0.025...
GetData ===>> H2,-0.111140719265571,H1,0.0176890659808972,AX,-0.094326218389874,L1,-0.0159980396094582,L2,-0.02...
GetData ===>> H2,-0.1802290399983,H1,0.0215308223169732,AX,-0.095601059601305,L1,-0.0202455243050998,L2,0.00241...
GetData ===>> H2,-0.0667349846657176,H1,-0.00577585360941306,AX,-0.11415390329276,L1,-0.0363883259085292,L2,0.0...
testing H1>-5.0
evaluate ot="H1.bs>-5.0" t="H1>-5.0", ctx="{'H1': None}"
GetData ===>> H2,-0.180384220784408,H1,0.00250244786290672,AX,-0.193123042843851,L1,-0.0385472082978279,L2,0.00...
GetData ===>> H2,-0.255103372851596,H1,-0.0363066081243478,AX,-0.0495223267082096,L1,-0.0360144878556245,L2,-0....
GetData ===>> H2,-0.244741851720514,H1,0.0356463669238806,AX,0.00819090034741438,L1,-0.0695439536321614,L2,-0.0...
GetData ===>> H2,-0.243271046999836,H1,0.0177606501547746,AX,-0.0491860746321267,L1,-0.0455897035036999,L2,0.00...
GetData ===>> H2,-0.243751468147563,H1,0.0396558786161851,AX,-0.165931936341491,L1,-0.0159968401793024,L2,-0.11...
testing H1>-5.0
evaluate ot="H1.bs>-5.0" t="H1>-5.0", ctx="{'H1': None}"
06:52:03 -- collecting point 25
GetData ===>> H2,-0.226150809289167,H1,0.0452527571864316,AX,-0.199531433521645,L1,-0.0318300461255095,L2,-0.01...
GetData ===>> H2,-0.295462873723803,H1,-0.00101651033863599,AX,-0.0642814885612457,L1,-0.0368016883386797,L2,-0...
GetData ===>> H2,-0.221985309354575,H1,-0.0293187494693868,AX,-0.0958676151976157,L1,0.0325862575567104,L2,-0.0...
GetData ===>> H2,-0.338538276030604,H1,-0.0237853548578969,AX,-0.020368434213668,L1,-0.0316516105406046,L2,0.00...
GetData ===>> H2,-0.268626326469037,H1,0.0482124271180108,AX,-0.0952765561504767,L1,-0.0368999343001094,L2,-0.0...
testing H1>-5.0
evaluate ot="H1.bs>-5.0" t="H1>-5.0", ctx="{'H1': None}"
GetData ===>> H2,-0.257252761860065,H1,0.113859989474485,AX,-0.116274334074895,L1,-0.0187779344930175,L2,-0.065...
GetData ===>> H2,-0.289633993308566,H1,0.0181424332797111,AX,-0.034621766338745,L1,-0.0121155210417185,L2,0.029...
GetData ===>> H2,-0.17104099685269,H1,-0.038238319146333,AX,-0.0532442117388014,L1,0.00148351016566664,L2,-0.03...
GetData ===>> H2,-0.220087228487428,H1,0.0624152863162532,AX,-0.101696887574143,L1,0.00115342294016024,L2,-0.05...
GetData ===>> H2,-0.263944173757919,H1,0.0102565211787865,AX,0.0208144299208485,L1,-0.00577111258608678,L2,0.04...
testing H1>-5.0
evaluate ot="H1.bs>-5.0" t="H1>-5.0", ctx="{'H1': None}"
GetData ===>> H2,-0.252364627572374,H1,0.0782171236923147,AX,-0.0337868036276969,L1,-0.0223410248994619,L2,-0.0...
GetData ===>> H2,-0.305473751838904,H1,0.0271624831505559,AX,-0.0826200772968378,L1,-0.0018444739709633,L2,-0.0...
GetData ===>> H2,-0.195954573616933,H1,-0.0532137766036776,AX,-0.0678173261313419,L1,0.00488343794365986,L2,0.1...
GetData ===>> H2,-0.219836641829898,H1,0.0161380881170682,AX,-0.0429709994805059,L1,-0.00498782667192591,L2,-0....
GetData ===>> H2,-0.144410628927239,H1,-0.0118588952438657,AX,-0.110978964237556,L1,-0.0390886532318504,L2,-0.0...
testing H1>-5.0
evaluate ot="H1.bs>-5.0" t="H1>-5.0", ctx="{'H1': None}"
GetData ===>> H2,-0.177961808622138,H1,0.0171402556820911,AX,-0.0716776184723064,L1,-0.0532815888358812,L2,-0.1...
GetData ===>> H2,-0.312746045023646,H1,0.0405747476611264,AX,-0.00789940606505274,L1,-0.0469207683770285,L2,-0....
GetData ===>> H2,-0.224684372892772,H1,0.0898700384827979,AX,-0.124558634255044,L1,-0.026702054448022,L2,-0.002...
GetData ===>> H2,-0.209798453237187,H1,0.0351690547988117,AX,-0.138663653967677,L1,-0.0060110041976537,L2,-0.00...
GetData ===>> H2,-0.122995077345405,H1,0.0360998155503946,AX,-0.0366511597303863,L1,-0.0321928952992679,L2,0.04...
testing H1>-5.0
evaluate ot="H1.bs>-5.0" t="H1>-5.0", ctx="{'H1': None}"
GetData ===>> H2,-0.15659785158567,H1,0.0577006684971739,AX,0.0194220485461865,L1,-0.0388898073751761,L2,-0.012...
GetData ===>> H2,-0.190922090251661,H1,-0.0086265799329464,AX,-0.060270186124691,L1,-0.0198139024659714,L2,-0.0...
GetData ===>> H2,-0.115400295187549,H1,-0.00572814201780221,AX,-0.126713595315415,L1,-0.00819375519892423,L2,0....
GetData ===>> H2,-0.193188075528857,H1,-0.0256219033663683,AX,-0.140344955435275,L1,-0.00260520734092394,L2,0.0...
GetData ===>> H2,-0.191397971315922,H1,0.0796840997689731,AX,-0.0820753017813983,L1,-0.0159872447329016,L2,-0.0...
testing H1>-5.0
evaluate ot="H1.bs>-5.0" t="H1>-5.0", ctx="{'H1': None}"
06:52:29 -- collecting point 50
GetData ===>> H2,-0.186542505932673,H1,0.0362191444776673,AX,0.0996670840709702,L1,-0.0353818071691959,L2,-0.06...
GetData ===>> H2,-0.130264478054483,H1,0.0203377145039375,AX,-0.0486295169187597,L1,-0.0681703426537438,L2,-0.0...
GetData ===>> H2,-0.144520068174631,H1,0.0147541589252011,AX,-0.101349227047637,L1,-0.0396276734183052,L2,-0.06...
GetData ===>> H2,-0.166620093375636,H1,-0.0526891965425545,AX,-0.0621135508420044,L1,0.0162574887194337,L2,0.03...
GetData ===>> H2,-0.182026307987252,H1,-0.00209006617970502,AX,-0.091938743550514,L1,0.0186716290399155,L2,-0.0...
testing H1>-5.0
evaluate ot="H1.bs>-5.0" t="H1>-5.0", ctx="{'H1': None}"
GetData ===>> H2,-0.112133003453806,H1,0.0270789604424728,AX,-0.0647104330814264,L1,0.0353841811083607,L2,-0.12...
GetData ===>> H2,-0.154287509225208,H1,0.0393456130509453,AX,-0.0811711995135814,L1,-0.0128527047293397,L2,-0.0...
GetData ===>> H2,-0.102111730469882,H1,-0.0225569951649572,AX,0.0101516169498664,L1,-0.0200536946627956,L2,-0.0...
GetData ===>> H2,-0.182219240971796,H1,0.0300858218327928,AX,-0.0527920276961945,L1,-0.0211218994536547,L2,0.02...
GetData ===>> H2,-0.14999608612199,H1,0.0520076157745965,AX,0.0152798317070771,L1,-0.0161659584202545,L2,-0.031...
testing H1>-5.0
evaluate ot="H1.bs>-5.0" t="H1>-5.0", ctx="{'H1': None}"
GetData ===>> H2,-0.135757533418908,H1,0.024621037660544,AX,-0.0361177232815355,L1,-0.00515216582811117,L2,-0.0...
measurement finished
estimated time: 62.915 actual time: :63.201
flush and close file /Users/jan/PychronDev/data/isotopes/39/40cf7d-477e-4d3a-b5db-50f34dd8df42.h5
activate_detectors ('H1', 'AX', 'CDD') {'peak_center': True}
peak_center () {'detector': 'H1', 'integration_time': 0.262144, 'isotope': 'Ar40'}
peak center: mean=1274.0494059 threshold=3
peak center started
setup peak center. detector=['H1', 'AX', 'CDD'], isotope=Ar40
VersionedUnpickler [<apptools.sweet_pickle.versioned_unpickler.VersionedUnpickler object at 0x23d72fd70>] using Updater [<apptools.sweet_pickle.updater.Updater object at 0x135230b30>]
VersionedUnpickler [<apptools.sweet_pickle.versioned_unpickler.VersionedUnpickler object at 0x23d72fd70>] using Updater [<apptools.sweet_pickle.updater.Updater object at 0x135230b30>]
VersionedUnpickler [<apptools.sweet_pickle.versioned_unpickler.VersionedUnpickler object at 0x22fa6aef0>] using Updater [<apptools.sweet_pickle.updater.Updater object at 0x135230b30>]
setting integration time = 0.524288
SetIntegrationTime 0.524288 ===>> OK
Mapping mass to dac mass func: "parabolic"
H1 map mass coeffs = [-0.00063987  0.15840543  0.57076999]
H1 map mass to dac 39.9624 >> 5.87916
GetDeflection H1 ===>> 0
GetHighVoltage ===>> 4499.94659342336
do peak center. <pychron.spectrometer.jobs.peak_center.PeakCenter object at 0x1352309b0>
doing pc
starting peak center. center dac= 5.87912537818 step_width=0.001
width = 0.001
get scan parameters. half-width=0.015,window=0.015, i=0, scalar=1
Scan parameters center=5.87913 width=0.03000 (5.86413 - 5.89413)
GetData ===>> H2,-0.153049728621257,H1,0.0537143041049461,AX,-0.0167496808012547,L1,0.0158732013248384,L2,-0.03...
Moving to starting dac 5.86412537818
setting magnet DAC
current  : 5.239785
requested: 5.864125
Delta Dac: 0.624340
Checking detector protection. dv=0.62434
Checking detector "CDD". Protection Threshold: 0.1 (V)
ProtectDetector CDD,On ===>> OK
GetDeflection CDD ===>> 2000
Protected = 2000
SetMagnetDAC 5.86412537818 ===>> OK
Magnet settling time: 0.500
GetMagnetMoving ===>> True
GetMagnetMoving ===>> True
GetMagnetMoving ===>> True
GetMagnetMoving ===>> True
GetMagnetMoving ===>> True
GetMagnetMoving ===>> True
GetMagnetMoving ===>> True
GetMagnetMoving ===>> True
GetMagnetMoving ===>> False
ProtectDetector CDD,Off ===>> OK
GetDeflection CDD ===>> 50
Wait until signal near baseline. tol= 0.0402857280787. timeout= 10
GetData ===>> H2,4.69446475348263,H1,1.48426856748054,AX,-0.0774040163029532,L1,0.00369837518870713,L2,-0.01742...
GetData ===>> H2,70.6028753646526,H1,30.0823699353784,AX,2.09268109875199,L1,0.0311527426332004,L2,0.0115241213...
GetData ===>> H2,73.5727310010355,H1,36.8082189601574,AX,3.53933840548549,L1,0.000356456927320299,L2,0.04307452...
GetData ===>> H2,38.680890397785,H1,17.8735092631203,AX,1.7131234139841,L1,-0.0445170624999096,L2,-0.0942361407...
GetData ===>> H2,15.8165950251867,H1,9.27627835874383,AX,0.748462945078441,L1,-0.0602073809480719,L2,-0.0810850...
GetData ===>> H2,5.26681608904358,H1,5.14274487580682,AX,0.385841996837257,L1,-0.0510157990105236,L2,-0.1294902...
GetData ===>> H2,1.47646814792324,H1,3.16603637238695,AX,0.209677641162776,L1,-0.0465377461969028,L2,-0.0201980...
GetData ===>> H2,0.437555216989029,H1,2.19098169035779,AX,0.162554717452411,L1,-0.0464012910175545,L2,0.1161701...
GetData ===>> H2,0.222874131077244,H1,1.71440091366268,AX,0.0566287904409034,L1,-0.0408074278314592,L2,-0.04077...
GetData ===>> H2,0.219381614084446,H1,1.50248430782554,AX,-0.0978493752111019,L1,-0.0614241624375545,L2,-0.0560...
GetData ===>> H2,0.296338249837312,H1,1.30401895051977,AX,0.142816731033191,L1,-0.0599946083298705,L2,-0.080516...
GetData ===>> H2,0.271856301239249,H1,1.20528343180493,AX,0.155109014278338,L1,-0.0310541887219235,L2,-0.118369...
GetData ===>> H2,0.263802120018423,H1,1.16882172781028,AX,0.0768591828192001,L1,0.023331479808799,L2,-0.0626068...
GetData ===>> H2,0.213203660243677,H1,1.235897142985,AX,-0.0823418944360094,L1,0.0346040977671528,L2,-0.0313768...
GetData ===>> H2,0.232615937139478,H1,1.23831814235984,AX,0.0359810735254235,L1,0.0375973498316724,L2,0.0780768...
GetData ===>> H2,0.142229630814282,H1,1.31330204448863,AX,0.0216614716662698,L1,0.0561337151340249,L2,0.0614628...
GetData ===>> H2,0.0352413462026169,H1,1.28866894047646,AX,0.140590370171935,L1,0.0235139708640557,L2,-0.103995...
GetData ===>> H2,-0.0444935149075819,H1,1.22911386063864,AX,0.0218703324074312,L1,0.0213555053181676,L2,-0.0228...
GetData ===>> H2,-0.0753333871938123,H1,1.21607590130661,AX,-0.0855641304911191,L1,0.0485606378837174,L2,0.0530...
GetData ===>> H2,-0.0162009556530699,H1,1.27193050170533,AX,0.0508831223804933,L1,0.0415849234195981,L2,-0.1290...
GetData ===>> H2,-0.0160163474247301,H1,1.23711962054422,AX,0.00752960247058192,L1,0.004903850580359,L2,-0.0677...
Peak center failed to move to a baseline position
_do_sweep sm= 5.86412537818, em= 5.89412537818, stm= 0.001
calculated step values: start=5.86412537818, end=5.89412537818, width=0.001, nsteps=31.0
setting magnet DAC
current  : 5.864125
requested: 5.864125
Delta Dac: 0.000000
Checking detector protection. dv=0.00000
Checking detector "CDD". Protection Threshold: 0.1 (V)
SetMagnetDAC 5.86412537818 ===>> OK
GetData ===>> H2,-0.0160163474247301,H1,1.23711962054422,AX,0.00752960247058192,L1,0.004903850580359,L2,-0.0677...
setting magnet DAC
current  : 5.864125
requested: 5.865160
Delta Dac: 0.001034
Checking detector protection. dv=0.00103
Checking detector "CDD". Protection Threshold: 0.1 (V)
SetMagnetDAC 5.86515986094 ===>> OK
Magnet settling time: 1.049
GetData ===>> H2,-0.0825937780979752,H1,2.62805985143417,AX,0.321578531549261,L1,0.0177862877956335,L2,-0.02741...
setting magnet DAC
current  : 5.865160
requested: 5.866194
Delta Dac: 0.001034
Checking detector protection. dv=0.00103
Checking detector "CDD". Protection Threshold: 0.1 (V)
SetMagnetDAC 5.8661943437 ===>> OK
Magnet settling time: 1.049
GetData ===>> H2,-0.0600240931850407,H1,8.36476249246807,AX,0.762928187563955,L1,-0.0277561989538576,L2,0.02867...
setting magnet DAC
current  : 5.866194
requested: 5.867229
Delta Dac: 0.001034
Checking detector protection. dv=0.00103
Checking detector "CDD". Protection Threshold: 0.1 (V)
SetMagnetDAC 5.86722882645 ===>> OK
Magnet settling time: 1.049
GetData ===>> H2,0.0124299771077039,H1,31.4451628534788,AX,2.66247474789452,L1,-0.0515876780325079,L2,-0.049656...
setting magnet DAC
current  : 5.867229
requested: 5.868263
Delta Dac: 0.001034
Checking detector protection. dv=0.00103
Checking detector "CDD". Protection Threshold: 0.1 (V)
SetMagnetDAC 5.86826330921 ===>> OK
Magnet settling time: 1.049
GetData ===>> H2,-0.0134478112041315,H1,106.467551895867,AX,8.51085698605027,L1,0.0306361023751624,L2,-0.015416...
setting magnet DAC
current  : 5.868263
requested: 5.869298
Delta Dac: 0.001034
Checking detector protection. dv=0.00103
Checking detector "CDD". Protection Threshold: 0.1 (V)
SetMagnetDAC 5.86929779197 ===>> OK
Magnet settling time: 1.049
GetData ===>> H2,-0.108021406623029,H1,291.87389118873,AX,25.2081389635602,L1,0.0880043840195844,L2,-0.15503008...
setting magnet DAC
current  : 5.869298
requested: 5.870332
Delta Dac: 0.001034
Checking detector protection. dv=0.00103
Checking detector "CDD". Protection Threshold: 0.1 (V)
SetMagnetDAC 5.87033227473 ===>> OK
Magnet settling time: 1.049
GetData ===>> H2,-0.166535059091617,H1,572.274538738525,AX,54.8932331321798,L1,0.325271832183245,L2,0.153662751...
setting magnet DAC
current  : 5.870332
requested: 5.871367
Delta Dac: 0.001034
Checking detector protection. dv=0.00103
Checking detector "CDD". Protection Threshold: 0.1 (V)
SetMagnetDAC 5.87136675749 ===>> OK
Magnet settling time: 1.049
GetData ===>> H2,-0.17513783350494,H1,861.71766204561,AX,90.3227958440848,L1,0.668339723713498,L2,0.01152412133...
setting magnet DAC
current  : 5.871367
requested: 5.872401
Delta Dac: 0.001034
Checking detector protection. dv=0.00103
Checking detector "CDD". Protection Threshold: 0.1 (V)
SetMagnetDAC 5.87240124025 ===>> OK
Magnet settling time: 1.049
GetData ===>> H2,-0.131475367041087,H1,1066.26379086563,AX,119.64246241331,L1,1.02788314292307,L2,0.16484038829...
setting magnet DAC
current  : 5.872401
requested: 5.873436
Delta Dac: 0.001034
Checking detector protection. dv=0.00103
Checking detector "CDD". Protection Threshold: 0.1 (V)
SetMagnetDAC 5.87343572301 ===>> OK
Magnet settling time: 1.049
GetData ===>> H2,0.00542666395363269,H1,1191.05858274113,AX,143.490319534501,L1,1.48228770809428,L2,0.335449617...
setting magnet DAC
current  : 5.873436
requested: 5.874470
Delta Dac: 0.001034
Checking detector protection. dv=0.00103
Checking detector "CDD". Protection Threshold: 0.1 (V)
SetMagnetDAC 5.87447020576 ===>> OK
Magnet settling time: 1.049
GetData ===>> H2,-0.13926467187229,H1,1209.89808253408,AX,147.87538680202,L1,1.65107890287803,L2,0.116056165244...
setting magnet DAC
current  : 5.874470
requested: 5.875505
Delta Dac: 0.001034
Checking detector protection. dv=0.00103
Checking detector "CDD". Protection Threshold: 0.1 (V)
SetMagnetDAC 5.87550468852 ===>> OK
Magnet settling time: 1.049
GetData ===>> H2,-0.190384408071734,H1,1214.3882512229,AX,149.282219258055,L1,1.75827705377308,L2,0.37847905524...
setting magnet DAC
current  : 5.875505
requested: 5.876539
Delta Dac: 0.001034
Checking detector protection. dv=0.00103
Checking detector "CDD". Protection Threshold: 0.1 (V)
SetMagnetDAC 5.87653917128 ===>> OK
Magnet settling time: 1.049
GetData ===>> H2,-0.169452854945121,H1,1215.85222288473,AX,149.323638455995,L1,1.79546438772641,L2,0.1972629178...
setting magnet DAC
current  : 5.876539
requested: 5.877574
Delta Dac: 0.001034
Checking detector protection. dv=0.00103
Checking detector "CDD". Protection Threshold: 0.1 (V)
SetMagnetDAC 5.87757365404 ===>> OK
Magnet settling time: 1.049
GetData ===>> H2,-0.133504937999772,H1,1215.41947358916,AX,149.568834494381,L1,1.84529415430306,L2,0.4540668893...
setting magnet DAC
current  : 5.877574
requested: 5.878608
Delta Dac: 0.001034
Checking detector protection. dv=0.00103
Checking detector "CDD". Protection Threshold: 0.1 (V)
SetMagnetDAC 5.8786081368 ===>> OK
Magnet settling time: 1.049
GetData ===>> H2,-0.0735060416172306,H1,1215.63958617587,AX,149.481048603985,L1,1.884773783184,L2,0.37453122338...
setting magnet DAC
current  : 5.878608
requested: 5.879643
Delta Dac: 0.001034
Checking detector protection. dv=0.00103
Checking detector "CDD". Protection Threshold: 0.1 (V)
SetMagnetDAC 5.87964261956 ===>> OK
Magnet settling time: 1.049
GetData ===>> H2,0.0256260975372914,H1,1214.84216520522,AX,149.405399971343,L1,1.91059704047211,L2,0.3295419932...
setting magnet DAC
current  : 5.879643
requested: 5.880677
Delta Dac: 0.001034
Checking detector protection. dv=0.00103
Checking detector "CDD". Protection Threshold: 0.1 (V)
SetMagnetDAC 5.88067710232 ===>> OK
Magnet settling time: 1.049
GetData ===>> H2,-0.0276674358025786,H1,1215.08727643009,AX,149.245201574023,L1,1.94916081699521,L2,0.310726699...
setting magnet DAC
current  : 5.880677
requested: 5.881712
Delta Dac: 0.001034
Checking detector protection. dv=0.00103
Checking detector "CDD". Protection Threshold: 0.1 (V)
SetMagnetDAC 5.88171158507 ===>> OK
Magnet settling time: 1.049
GetData ===>> H2,-0.0871769010235776,H1,1214.25872063582,AX,149.046226197982,L1,1.89097785979285,L2,0.342475374...
setting magnet DAC
current  : 5.881712
requested: 5.882746
Delta Dac: 0.001034
Checking detector protection. dv=0.00103
Checking detector "CDD". Protection Threshold: 0.1 (V)
SetMagnetDAC 5.88274606783 ===>> OK
Magnet settling time: 1.049
GetData ===>> H2,-0.152210691126085,H1,1211.74929311356,AX,148.593821371197,L1,1.93439832557185,L2,0.2223688282...
setting magnet DAC
current  : 5.882746
requested: 5.883781
Delta Dac: 0.001034
Checking detector protection. dv=0.00103
Checking detector "CDD". Protection Threshold: 0.1 (V)
SetMagnetDAC 5.88378055059 ===>> OK
Magnet settling time: 1.049
GetData ===>> H2,-0.0792500752368041,H1,1203.86235461514,AX,146.564437434273,L1,1.85255629577599,L2,0.189070686...
setting magnet DAC
current  : 5.883781
requested: 5.884815
Delta Dac: 0.001034
Checking detector protection. dv=0.00103
Checking detector "CDD". Protection Threshold: 0.1 (V)
SetMagnetDAC 5.88481503335 ===>> OK
Magnet settling time: 1.049
GetData ===>> H2,-0.13725504061843,H1,1174.83526686543,AX,139.811503161274,L1,1.77826710919063,L2,0.22775604489...
setting magnet DAC
current  : 5.884815
requested: 5.885850
Delta Dac: 0.001034
Checking detector protection. dv=0.00103
Checking detector "CDD". Protection Threshold: 0.1 (V)
SetMagnetDAC 5.88584951611 ===>> OK
Magnet settling time: 1.049
GetData ===>> H2,-0.257290396044414,H1,1080.79520246512,AX,120.744625555646,L1,1.5761497859891,L2,0.15608066004...
setting magnet DAC
current  : 5.885850
requested: 5.886884
Delta Dac: 0.001034
Checking detector protection. dv=0.00103
Checking detector "CDD". Protection Threshold: 0.1 (V)
SetMagnetDAC 5.88688399887 ===>> OK
Magnet settling time: 1.049
GetData ===>> H2,-0.218229924737223,H1,869.03708260493,AX,86.8672325534815,L1,1.24532312578338,L2,0.19237944191...
setting magnet DAC
current  : 5.886884
requested: 5.887918
Delta Dac: 0.001034
Checking detector protection. dv=0.00103
Checking detector "CDD". Protection Threshold: 0.1 (V)
SetMagnetDAC 5.88791848163 ===>> OK
Magnet settling time: 1.049
GetData ===>> H2,-0.162379749474968,H1,567.855251164245,AX,49.0373927074457,L1,0.859220636765414,L2,0.105568182...
setting magnet DAC
current  : 5.887918
requested: 5.888953
Delta Dac: 0.001034
Checking detector protection. dv=0.00103
Checking detector "CDD". Protection Threshold: 0.1 (V)
SetMagnetDAC 5.88895296438 ===>> OK
Magnet settling time: 1.049
GetData ===>> H2,-0.273364837778671,H1,283.54415690236,AX,20.5522881995195,L1,0.533759363643812,L2,0.0455579899...
setting magnet DAC
current  : 5.888953
requested: 5.889987
Delta Dac: 0.001034
Checking detector protection. dv=0.00103
Checking detector "CDD". Protection Threshold: 0.1 (V)
SetMagnetDAC 5.88998744714 ===>> OK
Magnet settling time: 1.049
GetData ===>> H2,-0.134964058959979,H1,107.632454938795,AX,6.44213321818079,L1,0.339170909574666,L2,-0.01864973...
setting magnet DAC
current  : 5.889987
requested: 5.891022
Delta Dac: 0.001034
Checking detector protection. dv=0.00103
Checking detector "CDD". Protection Threshold: 0.1 (V)
SetMagnetDAC 5.8910219299 ===>> OK
Magnet settling time: 1.049
GetData ===>> H2,-0.161745113880367,H1,32.3203538692959,AX,1.49279158692776,L1,0.165640309430443,L2,-0.01029310...
setting magnet DAC
current  : 5.891022
requested: 5.892056
Delta Dac: 0.001034
Checking detector protection. dv=0.00103
Checking detector "CDD". Protection Threshold: 0.1 (V)
SetMagnetDAC 5.89205641266 ===>> OK
Magnet settling time: 1.049
GetData ===>> H2,-0.12831543224868,H1,8.17323760989323,AX,0.222094415186027,L1,0.132203103479798,L2,-0.02420524...
setting magnet DAC
current  : 5.892056
requested: 5.893091
Delta Dac: 0.001034
Checking detector protection. dv=0.00103
Checking detector "CDD". Protection Threshold: 0.1 (V)
SetMagnetDAC 5.89309089542 ===>> OK
Magnet settling time: 1.049
GetData ===>> H2,-0.165997843624662,H1,1.75142710952614,AX,-0.0788413587978442,L1,0.0750467251270467,L2,-0.0210...
setting magnet DAC
current  : 5.893091
requested: 5.894125
Delta Dac: 0.001034
Checking detector protection. dv=0.00103
Checking detector "CDD". Protection Threshold: 0.1 (V)
SetMagnetDAC 5.89412537818 ===>> OK
Magnet settling time: 1.049
GetData ===>> H2,-0.188204888413388,H1,0.0577364748845401,AX,-0.239550603102062,L1,0.028425661544862,L2,0.05401...
result of _do_sweep=True
result of _calculate_peak_center=([5.8715502278774565, 5.879155438298298, 5.8867606487191395], [897.9948812852881, 1215.8392143888714, 894.28679829971225], 5.8765702679576171, 1215.8392143888714)
Failed to find a valid peak. No peak greater than 1.0. max = 0.0309515368543
new center pos Detector(H1) (Ar40) @ 5.8791554383
GetHighVoltage ===>> 4499.94659342336
GetDeflection H1 ===>> 0
dac uncorrected for HV and deflection 5.8791900603
update mftable H1 Ar40 5.8791900603 message=automated run peakcenter
get initial guess parabolic
get initial guess parabolic
get initial guess parabolic
get initial guess parabolic
get initial guess parabolic
get initial guess parabolic
dump mftable to /Users/jan/PychronDev/setupfiles/spectrometer/mftables/mftable.csv
add to repo msg=modified - automated run peakcenter
locally archiving mftable
setting magnet DAC
current  : 5.894125
requested: 5.879155
Delta Dac: 0.014970
Checking detector protection. dv=0.01497
Checking detector "CDD". Protection Threshold: 0.1 (V)
SetMagnetDAC 5.8791554383 ===>> OK
Magnet settling time: 0.500
sweep finished
setting integration time = 1.048576
SetIntegrationTime 1.048576 ===>> OK
Failed to find a valid peak. No peak greater than 1.0. max = 0.0309515368543
flush and close file /Users/jan/PychronDev/data/isotopes/39/40cf7d-477e-4d3a-b5db-50f34dd8df42.h5
finished measure script
executed snippet estimated_duration=226.132928, duration=273.095581055
jan_unknown120_60.py completed successfully
Measurement Finished
06:53:28 -- ******* Measurement Finished *******
Post Measurement Started jan_pump_ms.py
06:53:28 -- ******* Post Measurement Started jan_pump_ms.py *******
testing...
no interpolation path defined
executed snippet estimated_duration=0, duration=2.69412994385e-05
Pumping spectrometer
open () {'name': 'O'}
opening name=O desc=---
checking ownership. requestor=129.138.12.150
check software interlocks O
interlocks []
actuate state mode=None-script, software_lock=False
doing actuation None-script open_channel True
Open O ===>> OK
GetIndicatorState O ===>> OK
change switch state (True, True)
update switch state O True args=() kw={} ncanvase=2
06:53:28 -- OPEN   VALVE-O (Jan Ion Pump)
---------------------------------------- open O () result=[(True, True)], time=0.09 sec
action=open, ok=True, locked=[False]
executed snippet estimated_duration=0, duration=0.345621824265
jan_pump_ms.py completed successfully
setting _ms_pumptime
Post Measurement Finished
06:53:28 -- ******* Post Measurement Finished *******
$$$$$$$$$$$$$$$$$$$$ state at run end measurement
state changed from measurement to success
post measurement save measured=True aborted=False
Set filtering
setting fod for Ar40= {'filter_outliers': True, 'std_devs': 2, 'iterations': 1}
setting fod for H1= {'filter_outliers': True, 'std_devs': 2, 'iterations': 1}
setting fod for PM41= {'filter_outliers': False, 'std_devs': 2, 'iterations': 1}
setting fod for H2= {'filter_outliers': True, 'std_devs': 2, 'iterations': 1}
setting fod for Ar36= {'filter_outliers': True, 'std_devs': 2, 'iterations': 1}
setting fod for CDD= {'filter_outliers': True, 'std_devs': 10, 'iterations': 1}
setting fod for Ar37= {'filter_outliers': True, 'std_devs': 2, 'iterations': 1}
setting fod for L2= {'filter_outliers': True, 'std_devs': 2, 'iterations': 1}
setting fod for Ar38= {'filter_outliers': True, 'std_devs': 2, 'iterations': 1}
setting fod for L1= {'filter_outliers': True, 'std_devs': 2, 'iterations': 1}
setting fod for Ar39= {'filter_outliers': True, 'std_devs': 2, 'iterations': 1}
setting fod for AX= {'filter_outliers': True, 'std_devs': 2, 'iterations': 1}
persistence save...
persistence save - db
post measurement save
9636503728 connecting to database sqlite:////Users/jan/PychronDev/.appdata/local_lab.db
connected to db sqlite:////Users/jan/PychronDev/.appdata/local_lab.db
create new session 9636503728
close session 9636503728
No database instance. Not saving post measurement to isotopedb database
$$$$$$$$$$$$$$$ auto_save_detector_ic=False
massspec enabled True
create new session 4985539184
MassSpec Database Version: 16.0
close session 4985539184
saving post measurement to secondary database
saving to massspec database 129.138.12.160/massspecdata
setting labnumber to 25343
setting aliquot to 1
setting step to 
setting uuid to 3940cf7d-477e-4d3a-b5db-50f34dd8df42
setting irradpos to 25343
setting extract_device to Fusions CO2
setting tray to 
setting position to 193
setting power_requested to 5.0
setting extract_value to 5.0
setting duration to 30.0
setting duration_at_request to 30.0
setting first_stage_delay to 30.0
setting cleanup to 30.0
setting comment to P:24
setting irradiation to NM-288
setting level to P
setting irradiation_level to P
setting sample to FC-2
setting material to 
setting project to 
setting mass_spectrometer to jan
no attribute chron_dosages
no attribute production_ratios
no attribute interference_corrections
no attribute production_name
no attribute j
Reference Isotope=Ar40
Reference Detector=H1
%%%%%%%%%%%%%%%%%%%% Comment: P:24 %%%%%%%%%%%%%%%%%%%
adding isotope PM41 H2
add baseline dbdet= PM41. original det= H2
get baseline data PM41 H2
Get data baseline <pychron.processing.isotope.Baseline object at 0x22fe47710> len t=60
baseline PM41. v=-0.182016498647, e=0.00824776330618
get signal data PM41 H2
Get data signal PM41 0.08+/-0.06 len t=120
adding isotope Ar40 H1
add baseline dbdet= Ar40. original det= H1
get baseline data Ar40 H1
Get data baseline <pychron.processing.isotope.Baseline object at 0x22fe47910> len t=60
baseline Ar40. v=0.00645012123121, e=0.00533222411111
get signal data Ar40 H1
Get data signal Ar40 1338.15+/-0.07 len t=120
adding isotope Ar39 AX
add baseline dbdet= Ar39. original det= AX
get baseline data Ar39 AX
Get data baseline <pychron.processing.isotope.Baseline object at 0x22fe47ad0> len t=60
baseline Ar39. v=-0.0788338228484, e=0.00704986439798
get signal data Ar39 AX
Get data signal Ar39 164.165+/-0.019 len t=120
adding isotope Ar38 L1
add baseline dbdet= Ar38. original det= L1
get baseline data Ar38 L1
Get data baseline <pychron.processing.isotope.Baseline object at 0x22fe47c90> len t=60
baseline Ar38. v=-0.0267142899967, e=0.0026408752644
get signal data Ar38 L1
Get data signal Ar38 2.137+/-0.005 len t=120
adding isotope Ar37 L2
add baseline dbdet= Ar37. original det= L2
get baseline data Ar37 L2
Get data baseline <pychron.processing.isotope.Baseline object at 0x22fe47e50> len t=60
baseline Ar37. v=-0.0181803726573, e=0.00586780345525
get signal data Ar37 L2
Get data signal Ar37 0.340+/-0.012 len t=120
adding isotope Ar36 CDD
add baseline dbdet= Ar36. original det= CDD
get baseline data Ar36 CDD
Get data baseline <pychron.processing.isotope.Baseline object at 0x22fe54050> len t=60
baseline Ar36. v=0.000305174098689, e=2.65792654104e-05
get signal data Ar36 CDD
Get data signal Ar36 0.01866+/-0.00035 len t=120
25343-01 added analysis time 0.53250002861s
analysis added to mass spec database
mass spec save time= 0.542
persistence save - dvc
================= post measurement started
create new session 4989601072
close session 4989601072
---------------- Experiment Queue saving disabled
DVC saving peakcenter
Failed to find a valid peak. No peak greater than 1.0. max = 0.0309515368543
Smart pull ahead: 0 behind: 0
Up-to-date with origin
add to repo msg=modified - ad8224ebc6dbfeb9f5997218dfa5fe690569839d.json
add to repo msg=modified - 43-01.json
add to repo msg=modified - 43-01.dat.json
add to repo msg=modified - 43-01.blan.json
add to repo msg=modified - 43-01.inte.json
add to repo msg=modified - 43-01.icfa.json
add to repo msg=modified - 43-01.base.json
not at valid file /Users/jan/PychronDev/data/.dvc/repositories/Load1791/253/tags/43-01.tags.json
add to repo msg=modified - 43-01.peak.json
add to repo msg=modified - 43-01.extr.json
not at valid file /Users/jan/PychronDev/data/.dvc/repositories/Load1791/253/monitor/43-01.moni.json
commit message=<COLLECTION>
add to repo msg=modified - 43-01.inte.json
add to repo msg=modified - 43-01.base.json
commit message=<ISOEVO> default collection fits
add to repo msg=modified - 43-01.blan.json
commit message=<BLANKS> preceding bu-FC-J-7768
add to repo msg=modified - 43-01.icfa.json
commit message=<ICFactor> default
push repository <pychron.git_archive.repo_manager.GitRepoManager object at 0x1dfa857d0>
pushing to remote=origin, url=https://github.com
no changes to meta repo
create new session 4989601072
add association Load1791
get identifier "25343"
setting analysis irradiation position=<pychron.dvc.dvc_orm.IrradiationPositionTbl object at 0x23e60e410>
close session 4989601072
================= post measurement finished
06:53:41 -- ******* Post Run Check *******
loading queue conditionals post_run_actions
loading system conditionals post_run_actions
loading conditionals from /Users/jan/PychronDev/setupfiles/spectrometer/default_conditionals.yaml
loading queue conditionals post_run_terminations
loading system conditionals post_run_terminations
loading conditionals from /Users/jan/PychronDev/setupfiles/spectrometer/default_conditionals.yaml
Checking default post run terminations n=1
GetDeflection CDD ===>> 50
testing CDD==2000
evaluate ot="CDD.deflection==2000" t="CDD==2000", ctx="{'CDD': 50.0}"
06:53:41 -- ******* Post Run Check Passed *******
06:53:41 -- Automated run 25343-01 success duration: 364.996 s
----------------- finish -----------------
----------------- stop -----------------
retroactive repository identifiers disabled
finish run. runs completed=250
update duration runid=25343-01, duration=364.996053934, md5=301e91d8
write rem/ex queues
/Users/jan/PychronDev/experiments/rem/CurrentExperiment.rem.txt
/Users/jan/PychronDev/experiments/rem/CurrentExperiment.ex.txt
doing event level: 3
