do run
loading script "jan_unknown120_60.py"
loading script "jan_pump_ms.py"
loading script "jan_cocktail_x1.py"
loading script "jan_pump_extraction_line.py"
testing...
no interpolation path defined
executed snippet estimated_duration=213.652928, duration=0.000336885452271
script duration name:unknown120_60 seconds:214.0
loading script "jan_unknown120_60.py"
loading script "jan_pump_ms.py"
loading script "jan_cocktail_x1.py"
loading script "jan_pump_extraction_line.py"
testing...
no interpolation path defined
executed snippet estimated_duration=0, duration=2.78949737549e-05
loading script "jan_unknown120_60.py"
loading script "jan_pump_ms.py"
loading script "jan_cocktail_x1.py"
loading script "jan_pump_extraction_line.py"
testing...
no interpolation path defined
calculate duration
testing...
no interpolation path defined
executed snippet estimated_duration=0, duration=5.91278076172e-05
calculate duration
testing...
no interpolation path defined
executed snippet estimated_duration=0, duration=0.000143051147461
calculate duration
testing...
no interpolation path defined
executed snippet estimated_duration=32.0, duration=0.000112056732178
calculate duration
testing...
no interpolation path defined
executed snippet estimated_duration=34.0, duration=0.000146865844727
calculate duration
testing...
no interpolation path defined
executed snippet estimated_duration=4.0, duration=0.000112056732178
calculate duration
testing...
no interpolation path defined
executed snippet estimated_duration=38.0, duration=0.000124931335449
executed snippet estimated_duration=108.0, duration=0.0091540813446
script duration name:cocktail_x1 seconds:108.0
loading script "jan_unknown120_60.py"
loading script "jan_pump_ms.py"
loading script "jan_cocktail_x1.py"
loading script "jan_pump_extraction_line.py"
testing...
no interpolation path defined
calculate duration
testing...
no interpolation path defined
executed snippet estimated_duration=4.0, duration=0.000225067138672
executed snippet estimated_duration=4.0, duration=0.0028510093689
Script duration 322.0
Run total estimated duration= 323.000
run duration: 0:05:23
doing event level: 2
15:46:45 -- Setting default integration. t=1.048576
setting integration time = 1.048576
SetIntegrationTime 1.048576 ===>> OK
----------------- start -----------------
**************** Experiment Type: Ar/Ar, Ar/Ar
create new session 4436069840
close session 4436069840
$$$$$ Clearing conditionals
adding conditionals 
Add queue conditionals
add default conditionals
adding default conditionals from /Users/jan/PychronDev/setupfiles/spectrometer/default_conditionals.yaml
Start automated run c-02-J-1269
loading script "jan_unknown120_60.py"
loading script "jan_pump_ms.py"
loading script "jan_cocktail_x1.py"
loading script "jan_pump_extraction_line.py"
%%%%%%%%%%%%%%%%%% setting automated run c-02-J-1269
No value "sensitivity_multiplier" in metadata
$$$$$$$$$$$$$$$ auto_save_detector_ic=False
============================= Pre Extraction Check =============================
loading queue conditionals pre_run_terminations
loading system conditionals pre_run_terminations
loading conditionals from /Users/jan/PychronDev/setupfiles/spectrometer/default_conditionals.yaml
15:46:45 -- ******* Pre Extraction Check *******
Get a measurement from the spectrometer
GetData ===>> H2,-0.106317883066487,H1,-0.0249898482673093,AX,-0.15112778430119,L1,-0.0589566727376262,L2,-0.01...
Pre Extraction Termination data. keys=H2,H1,AX,L1,L2,CDD, signals=-0.10632,-0.02499,-0.15113,-0.05896,-0.01577,0.00328
15:46:45 -- testing system defined conditionals
Checking default pre extraction terminations n=2
testing CDD
evaluate ot="CDD.inactive" t="CDD", ctx="{'CDD': False}"
GetDeflection CDD ===>> 50
testing CDD==2000
evaluate ot="CDD.deflection==2000" t="CDD==2000", ctx="{'CDD': 50.0}"
15:46:45 -- ******* Pre Extraction Check Passed *******
=================================================================================
15:46:45 -- stopping status monitor
stop 4982387056
Alive clients [4989850544]
15:46:45 -- starting status monitor
start 4982387056
Monitor already running
start extraction
do extraction
Analysis started at 15:46:45.752609
Extraction Started jan_cocktail_x1.py
15:46:45 -- ******* Extraction Started jan_cocktail_x1.py *******
state changed from not run to extraction
DO EXTRACTION <pychron.extraction_line.pyscript_runner.RemotePyScriptRunner object at 0x12c299590>
testing...
no interpolation path defined
calculate duration
testing...
no interpolation path defined
executed snippet estimated_duration=0, duration=4.79221343994e-05
calculate duration
testing...
no interpolation path defined
executed snippet estimated_duration=0, duration=0.000128030776978
calculate duration
testing...
no interpolation path defined
executed snippet estimated_duration=32.0, duration=0.0001220703125
calculate duration
testing...
no interpolation path defined
executed snippet estimated_duration=34.0, duration=7.79628753662e-05
calculate duration
testing...
no interpolation path defined
executed snippet estimated_duration=4.0, duration=0.000120162963867
calculate duration
testing...
no interpolation path defined
executed snippet estimated_duration=38.0, duration=0.000112056732178
executed snippet estimated_duration=108.0, duration=0.0110530853271
Jan Cocktail Pipette x1
doing GOSUB
testing...
no interpolation path defined
executed snippet estimated_duration=0, duration=4.6968460083e-05
Waiting for minibone access
wait ('FelixMiniboneFlag', 0) {}
waiting for FelixMiniboneFlag = 0
Read FelixMiniboneFlag ===>> 0
finished waiting
Minibone free
acquire ('JanMiniboneFlag',) {'clear': True}
acquire JanMiniboneFlag
Set JanMiniboneFlag 1 ===>> OK
JanMiniboneFlag acquired
set extraction state False (0.75, 'red', 1.5)
Minibone acquired
wait ('MinibonePumpTimeFlag', 0) {}
waiting for MinibonePumpTimeFlag = 0
Read MinibonePumpTimeFlag ===>> 0
finished waiting
executed snippet estimated_duration=0, duration=0.0247809886932
WaitForMiniboneAccess.py completed successfully
gosub finished
doing GOSUB
testing...
no interpolation path defined
executed snippet estimated_duration=0, duration=0.000133991241455
Prepare for Air Shot
close () {'description': 'Jan Inlet'}
closing name=--- desc=Jan Inlet
checking ownership. requestor=129.138.12.150
check software interlocks R
interlocks []
actuate state mode=None-script, software_lock=False
doing actuation None-script close_channel False
Close R ===>> OK
GetIndicatorState R ===>> False
change switch state (True, True)
update switch state R False args=() kw={} ncanvase=2
15:46:46 -- CLOSE  VALVE-R (Jan Inlet)
---------------------------------------- close None (Jan Inlet) result=[(True, True)]
action=close, ok=True, locked=[False]
open () {'description': 'Jan Ion Pump'}
opening name=--- desc=Jan Ion Pump
checking ownership. requestor=129.138.12.150
check software interlocks O
interlocks []
actuate state mode=None-script, software_lock=False
doing actuation None-script open_channel False
Open O ===>> OK
GetIndicatorState O ===>> OK
change switch state (True, True)
update switch state O True args=() kw={} ncanvase=2
15:46:46 -- OPEN   VALVE-O (Jan Ion Pump)
---------------------------------------- open None (Jan Ion Pump) result=[(True, True)], time=0.11 sec
action=open, ok=True, locked=[False]
close () {'description': 'Minibone to Bone'}
closing name=--- desc=Minibone to Bone
checking ownership. requestor=129.138.12.150
check software interlocks I
interlocks []
actuate state mode=None-script, software_lock=False
doing actuation None-script close_channel True
Close I ===>> OK
State checksums do not match. Local:-1965264452 Remote:-1772432964
State checksum failed
GetIndicatorState I ===>> False
change switch state (True, True)
update switch state I False args=() kw={} ncanvase=2
15:46:47 -- CLOSE  VALVE-I (Minibone to Bone)
---------------------------------------- close None (Minibone to Bone) result=[(True, True)]
action=close, ok=True, locked=[False]
close () {'description': 'Bone to Minibone'}
closing name=--- desc=Bone to Minibone
checking ownership. requestor=129.138.12.150
check software interlocks E
interlocks []
actuate state mode=None-script, software_lock=False
doing actuation None-script close_channel False
Close E ===>> OK
GetIndicatorState E ===>> False
change switch state (True, True)
update switch state E False args=() kw={} ncanvase=2
15:46:47 -- CLOSE  VALVE-E (Bone to Minibone)
---------------------------------------- close None (Bone to Minibone) result=[(True, True)]
action=close, ok=True, locked=[False]
close () {'description': 'Minibone to Turbo'}
closing name=--- desc=Minibone to Turbo
checking ownership. requestor=129.138.12.150
check software interlocks P
interlocks []
actuate state mode=None-script, software_lock=False
doing actuation None-script close_channel True
Close P ===>> OK
set states for children of P. state=False
handle state [('P', False)]
update switch state P False args=() kw={'refresh': False} ncanvase=2
refresh_canvas_needed fired
GetIndicatorState P ===>> False
change switch state (True, True)
update switch state P False args=() kw={} ncanvase=2
15:46:48 -- CLOSE  VALVE-P (Minibone to Turbo)
---------------------------------------- close None (Minibone to Turbo) result=[(True, True)]
action=close, ok=True, locked=[False]
close () {'description': 'Quad Inlet'}
closing name=--- desc=Quad Inlet
checking ownership. requestor=129.138.12.150
check software interlocks Q
interlocks []
actuate state mode=None-script, software_lock=False
doing actuation None-script close_channel True
Close Q ===>> OK
GetIndicatorState Q ===>> False
change switch state (True, True)
update switch state Q False args=() kw={} ncanvase=2
15:46:48 -- CLOSE  VALVE-Q (Quad Inlet)
---------------------------------------- close None (Quad Inlet) result=[(True, True)]
action=close, ok=True, locked=[False]
open () {'description': 'Microbone to Turbo'}
opening name=--- desc=Microbone to Turbo
checking ownership. requestor=129.138.12.150
check software interlocks U
interlocks []
actuate state mode=None-script, software_lock=False
doing actuation None-script open_channel False
Open U ===>> OK
GetIndicatorState U ===>> OK
change switch state (True, True)
update switch state U True args=() kw={} ncanvase=2
15:46:49 -- OPEN   VALVE-U (Microbone to Turbo)
---------------------------------------- open None (Microbone to Turbo) result=[(True, True)], time=0.13 sec
action=open, ok=True, locked=[False]
open () {'description': 'Microbone to Inlet Pipette'}
opening name=--- desc=Microbone to Inlet Pipette
checking ownership. requestor=129.138.12.150
check software interlocks S
interlocks []
actuate state mode=None-script, software_lock=False
doing actuation None-script open_channel False
Open S ===>> OK
GetIndicatorState S ===>> OK
change switch state (True, True)
update switch state S True args=() kw={} ncanvase=2
15:46:49 -- OPEN   VALVE-S (Microbone to Inlet Pipette)
---------------------------------------- open None (Microbone to Inlet Pipette) result=[(True, True)], time=0.41 sec
action=open, ok=True, locked=[False]
open () {'description': 'Microbone to Getter D-50'}
opening name=--- desc=Microbone to Getter D-50
checking ownership. requestor=129.138.12.150
check software interlocks K
interlocks []
actuate state mode=None-script, software_lock=False
doing actuation None-script open_channel False
Open K ===>> OK
GetIndicatorState K ===>> OK
change switch state (True, True)
update switch state K True args=() kw={} ncanvase=2
15:46:50 -- OPEN   VALVE-K (Microbone to Getter D-50)
---------------------------------------- open None (Microbone to Getter D-50) result=[(True, True)], time=0.43 sec
action=open, ok=True, locked=[False]
open () {'description': 'Microbone to Getter NP-10'}
opening name=--- desc=Microbone to Getter NP-10
checking ownership. requestor=129.138.12.150
check software interlocks M
interlocks []
actuate state mode=None-script, software_lock=False
doing actuation None-script open_channel False
Open M ===>> OK
GetIndicatorState M ===>> OK
change switch state (True, True)
update switch state M True args=() kw={} ncanvase=2
15:46:51 -- OPEN   VALVE-M (Microbone to Getter NP-10)
---------------------------------------- open None (Microbone to Getter NP-10) result=[(True, True)], time=0.23 sec
action=open, ok=True, locked=[False]
close () {'description': 'Microbone to CO2 Laser'}
closing name=--- desc=Microbone to CO2 Laser
checking ownership. requestor=129.138.12.150
check software interlocks T
interlocks []
actuate state mode=None-script, software_lock=False
doing actuation None-script close_channel True
Close T ===>> OK
GetIndicatorState T ===>> False
change switch state (True, True)
update switch state T False args=() kw={} ncanvase=2
15:46:51 -- CLOSE  VALVE-T (Microbone to CO2 Laser)
---------------------------------------- close None (Microbone to CO2 Laser) result=[(True, True)]
action=close, ok=True, locked=[False]
executed snippet estimated_duration=0, duration=6.31905293465
PrepareForAirShot.py completed successfully
gosub finished
doing GOSUB
testing...
no interpolation path defined
executed snippet estimated_duration=32.0, duration=0.000121116638184
Evacuate Pipette 1
open () {'description': 'Microbone to Turbo'}
opening name=--- desc=Microbone to Turbo
checking ownership. requestor=129.138.12.150
check software interlocks U
interlocks []
actuate state mode=None-script, software_lock=False
doing actuation None-script open_channel False
Open U ===>> OK
GetIndicatorState U ===>> OK
change switch state (True, True)
update switch state U True args=() kw={} ncanvase=2
15:46:52 -- OPEN   VALVE-U (Microbone to Turbo)
---------------------------------------- open None (Microbone to Turbo) result=[(True, True)], time=0.14 sec
action=open, ok=True, locked=[False]
open () {'description': 'Microbone to Minibone'}
opening name=--- desc=Microbone to Minibone
checking ownership. requestor=129.138.12.150
check software interlocks L
interlocks []
actuate state mode=None-script, software_lock=False
doing actuation None-script open_channel True
Open L ===>> OK
set states for children of L. state=True
handle state [('L', True)]
update switch state L True args=() kw={'refresh': False} ncanvase=2
refresh_canvas_needed fired
GetIndicatorState L ===>> OK
change switch state (True, True)
update switch state L True args=() kw={} ncanvase=2
15:46:52 -- OPEN   VALVE-L (Microbone to Minibone)
---------------------------------------- open None (Microbone to Minibone) result=[(True, True)], time=0.49 sec
action=open, ok=True, locked=[False]
close () {'description': 'Inner Pipette 1'}
closing name=--- desc=Inner Pipette 1
checking ownership. requestor=129.138.12.150
check software interlocks X
interlocks ['W']
actuate state mode=None-script, software_lock=False
doing actuation None-script close_channel False
Close X ===>> OK
GetIndicatorState X ===>> False
change switch state (True, True)
update switch state X False args=() kw={} ncanvase=2
15:46:53 -- CLOSE  VALVE-X (Inner Pipette 1)
---------------------------------------- close None (Inner Pipette 1) result=[(True, True)]
action=close, ok=True, locked=[False]
sleep (1,) {}
SLEEP 1.0
open () {'description': 'Outer Pipette 1'}
opening name=--- desc=Outer Pipette 1
checking ownership. requestor=129.138.12.150
check software interlocks W
interlocks ['X']
actuate state mode=None-script, software_lock=False
doing actuation None-script open_channel True
Open W ===>> OK
GetIndicatorState W ===>> OK
change switch state (True, True)
update switch state W True args=() kw={} ncanvase=2
15:46:54 -- OPEN   VALVE-W (Outer Pipette 1)
---------------------------------------- open None (Outer Pipette 1) result=[(True, True)], time=0.19 sec
action=open, ok=True, locked=[False]
sleep (15,) {}
SLEEP 15.0
block started
WaitControl setup for 15.0  
Join finished
block finished. duration 15.0815110207
executed snippet estimated_duration=48.0, duration=18.1057171822
EvacPipette1.py completed successfully
gosub finished
doing GOSUB
testing...
no interpolation path defined
executed snippet estimated_duration=34.0, duration=9.67979431152e-05
Fill Pipette 1
close () {'description': 'Outer Pipette 1'}
closing name=--- desc=Outer Pipette 1
checking ownership. requestor=129.138.12.150
check software interlocks W
interlocks ['X']
actuate state mode=None-script, software_lock=False
doing actuation None-script close_channel True
Close W ===>> OK
GetIndicatorState W ===>> False
change switch state (True, True)
update switch state W False args=() kw={} ncanvase=2
15:47:10 -- CLOSE  VALVE-W (Outer Pipette 1)
---------------------------------------- close None (Outer Pipette 1) result=[(True, True)]
action=close, ok=True, locked=[False]
sleep (1,) {}
SLEEP 1.0
filling cocktail pipette
open () {'description': 'Inner Pipette 1'}
opening name=--- desc=Inner Pipette 1
checking ownership. requestor=129.138.12.150
check software interlocks X
interlocks ['W']
actuate state mode=None-script, software_lock=False
doing actuation None-script open_channel True
Open X ===>> OK
GetIndicatorState X ===>> OK
change switch state (True, True)
update switch state X True args=() kw={} ncanvase=2
15:47:11 -- OPEN   VALVE-X (Inner Pipette 1)
---------------------------------------- open None (Inner Pipette 1) result=[(True, True)], time=0.11 sec
action=open, ok=True, locked=[False]
sleep (15,) {}
SLEEP 15.0
block started
WaitControl setup for 15.0  
Join finished
block finished. duration 15.0956349373
close () {'description': 'Inner Pipette 1'}
closing name=--- desc=Inner Pipette 1
checking ownership. requestor=129.138.12.150
check software interlocks X
interlocks ['W']
actuate state mode=None-script, software_lock=False
doing actuation None-script close_channel True
Close X ===>> OK
GetIndicatorState X ===>> False
change switch state (True, True)
update switch state X False args=() kw={} ncanvase=2
15:47:27 -- CLOSE  VALVE-X (Inner Pipette 1)
---------------------------------------- close None (Inner Pipette 1) result=[(True, True)]
action=close, ok=True, locked=[False]
sleep (1,) {}
SLEEP 1.0
executed snippet estimated_duration=51.0, duration=18.2824790478
FillPipette1.py completed successfully
gosub finished
doing GOSUB
testing...
no interpolation path defined
executed snippet estimated_duration=4.0, duration=0.000112056732178
Prepare for air expansion
close () {'description': 'Microbone to Turbo'}
closing name=--- desc=Microbone to Turbo
checking ownership. requestor=129.138.12.150
check software interlocks U
interlocks []
actuate state mode=None-script, software_lock=False
doing actuation None-script close_channel True
Close U ===>> OK
GetIndicatorState U ===>> False
change switch state (True, True)
update switch state U False args=() kw={} ncanvase=2
15:47:28 -- CLOSE  VALVE-U (Microbone to Turbo)
---------------------------------------- close None (Microbone to Turbo) result=[(True, True)]
action=close, ok=True, locked=[False]
open () {'description': 'Microbone to Getter NP-10'}
opening name=--- desc=Microbone to Getter NP-10
checking ownership. requestor=129.138.12.150
check software interlocks M
interlocks []
actuate state mode=None-script, software_lock=False
doing actuation None-script open_channel False
Open M ===>> OK
GetIndicatorState M ===>> OK
change switch state (True, True)
update switch state M True args=() kw={} ncanvase=2
15:47:29 -- OPEN   VALVE-M (Microbone to Getter NP-10)
---------------------------------------- open None (Microbone to Getter NP-10) result=[(True, True)], time=0.12 sec
action=open, ok=True, locked=[False]
sleep (2,) {}
SLEEP 2.0
block started
WaitControl setup for 2.0  
Join finished
block finished. duration 2.05053591728
open () {'description': 'Microbone to Minibone'}
opening name=--- desc=Microbone to Minibone
checking ownership. requestor=129.138.12.150
check software interlocks L
interlocks []
actuate state mode=None-script, software_lock=False
doing actuation None-script open_channel False
Open L ===>> OK
GetIndicatorState L ===>> OK
change switch state (True, True)
update switch state L True args=() kw={} ncanvase=2
15:47:31 -- OPEN   VALVE-L (Microbone to Minibone)
---------------------------------------- open None (Microbone to Minibone) result=[(True, True)], time=0.49 sec
action=open, ok=True, locked=[False]
executed snippet estimated_duration=6.0, duration=3.58746504784
PrepareForAirShotExpansion.py completed successfully
gosub finished
doing GOSUB
testing...
no interpolation path defined
executed snippet estimated_duration=38.0, duration=0.000164985656738
Expand Pipette 1
close () {'description': 'Minibone to Turbo'}
closing name=--- desc=Minibone to Turbo
checking ownership. requestor=129.138.12.150
check software interlocks P
interlocks []
actuate state mode=None-script, software_lock=False
doing actuation None-script close_channel False
Close P ===>> OK
GetIndicatorState P ===>> False
change switch state (True, True)
update switch state P False args=() kw={} ncanvase=2
15:47:32 -- CLOSE  VALVE-P (Minibone to Turbo)
---------------------------------------- close None (Minibone to Turbo) result=[(True, True)]
action=close, ok=True, locked=[False]
sleep (2,) {}
SLEEP 2.0
block started
WaitControl setup for 2.0  
Join finished
block finished. duration 2.01210188866
open () {'description': 'Outer Pipette 1'}
opening name=--- desc=Outer Pipette 1
checking ownership. requestor=129.138.12.150
check software interlocks W
interlocks ['X']
actuate state mode=None-script, software_lock=False
doing actuation None-script open_channel True
Open W ===>> OK
GetIndicatorState W ===>> OK
increment shot count 1728
saved current shot count 1728
change switch state (True, True)
update switch state W True args=() kw={} ncanvase=2
15:47:34 -- OPEN   VALVE-W (Outer Pipette 1)
---------------------------------------- open None (Outer Pipette 1) result=[(True, True)], time=0.28 sec
action=open, ok=True, locked=[False]
sleep (15,) {}
SLEEP 15.0
block started
WaitControl setup for 15.0  
Join finished
block finished. duration 15.0970711708
close () {'description': 'Microbone to Minibone'}
closing name=--- desc=Microbone to Minibone
checking ownership. requestor=129.138.12.150
check software interlocks L
interlocks []
actuate state mode=None-script, software_lock=False
doing actuation None-script close_channel True
Close L ===>> OK
set states for children of L. state=False
handle state [('L', False)]
update switch state L False args=() kw={'refresh': False} ncanvase=2
refresh_canvas_needed fired
GetIndicatorState L ===>> False
change switch state (True, True)
update switch state L False args=() kw={} ncanvase=2
15:47:50 -- CLOSE  VALVE-L (Microbone to Minibone)
---------------------------------------- close None (Microbone to Minibone) result=[(True, True)]
action=close, ok=True, locked=[False]
sleep (2,) {}
SLEEP 2.0
block started
WaitControl setup for 2.0  
Join finished
block finished. duration 2.02423000336
executed snippet estimated_duration=57.0, duration=21.0822160244
ExpandPipette1.py completed successfully
gosub finished
executed snippet estimated_duration=108.0, duration=67.424186945
jan_cocktail_x1.py completed successfully
GetAchievedOutput ===>> No Response
Requested Output= 0.000
Achieved Output=  0.000
GetResponseBlob ===>> No Response
GetOutputBlob ===>> No Response
persistence save...
persistence save - db
AutomatedRunPersister post_extraction_save deprecated
persistence save - dvc
no extraction position for 
create new session 4989601072
close session 4989601072
Extraction Finished
15:47:53 -- ******* Extraction Finished *******
no overlap. not waiting for min ms pumptime
15:47:53 -- Sending spectrometer configuration
======== Sending configuration ========
SetDeflection CDD,50.0 ===>> OK
SetDeflection H2,0.0 ===>> OK
SetDeflection H1,0.0 ===>> OK
SetDeflection L2,825.0 ===>> OK
SetDeflection L1,400.0 ===>> OK
SetDeflection AX,190.0 ===>> OK
SetZFocus 74.64 ===>> OK
SetZSymmetry -50.72 ===>> OK
SetExtractionLens 26.13 ===>> OK
SetIonRepeller -3.81 ===>> OK
SetElectronEnergy 75.08 ===>> OK
SetYSymmetry -2.81 ===>> OK
SetIonCounterVoltage 1590.0 ===>> OK
send trap current 200.0
GetParameter Trap Current Readback ===>> 198.370811206739
SetParameter Trap Current Set,200.0 ===>> OK
updating mftable name mftable
Using mftable located at /Users/jan/PychronDev/setupfiles/spectrometer/mftables/mftable.csv
============ MFtable ===========
Isotope  H2     H1     AX     L1     L2     CDD    
Ar40     5.8109 5.8792 5.9925 6.1508 6.2309 6.3791
Ar39     5.7102 5.7714 5.8850 6.0369 6.1160 6.2656
Ar36     5.3877 5.4405 5.5483 5.6958 5.7710 5.9167
================================
get initial guess parabolic
get initial guess parabolic
get initial guess parabolic
get initial guess parabolic
get initial guess parabolic
get initial guess parabolic
======== Configuration Finished ========
GetYSymmetry ===>> -2.81
GetZSymmetry ===>> -50.72
GetParameter Trap Current Readback ===>> 198.147042666178
GetHighVoltage ===>> 4499.94659342336
start measurement
do measurement
L#=c-02-J analysis type=cocktail
Measurement Started jan_unknown120_60.py
15:47:53 -- ******* Measurement Started jan_unknown120_60.py *******
state changed from extraction to measurement
setting spec, defl, and gains
GetExtractionLens ===>> 26.13
GetYSymmetry ===>> -2.81
GetZSymmetry ===>> -50.72
GetZFocus ===>> 74.64
GetDeflection H2 ===>> 0
GetDeflection H1 ===>> 0
GetDeflection AX ===>> 190
GetDeflection L1 ===>> 400
GetDeflection L2 ===>> 825
GetDeflection CDD ===>> 50
GetGain H2 ===>> 0.0113
GetGain H1 ===>> 0.1
GetGain AX ===>> 0.097049
GetGain L1 ===>> 0.010355
GetGain L2 ===>> 0.095649
GetGain CDD ===>> 0
pre measurement save
New frame /Users/jan/PychronDev/data/isotopes/a9/6e158a-f74d-46ef-bd04-dbc4970cf184.h5
flush and close file /Users/jan/PychronDev/data/isotopes/a9/6e158a-f74d-46ef-bd04-dbc4970cf184.h5
testing...
no interpolation path defined
executed snippet estimated_duration=224.052928, duration=0.000119924545288
unknown measurement script
activate_detectors ('H2', 'H1', 'AX', 'L1', 'L2', 'CDD') {}
activate detectors
*************** Set Analysis View Ar/Ar
 - No isotope= "Ar40". Required for age calculation
 - failed assembling isotopes
 - ca37 is zero. can't calculated k/ca
 - cl38 is zero. can't calculated k/cl
create graphs
clearing graphs
clear isotope group
setting isotope det=H2, iso=PM41
setting isotope det=H1, iso=Ar40
setting isotope det=AX, iso=Ar39
setting isotope det=L1, iso=Ar38
setting isotope det=L2, iso=Ar37
setting isotope det=CDD, iso=Ar36
setting previous blanks
 - setting Ar40 blank 0.143+/-0.007
 - setting Ar36 blank 0.00454+/-0.00019
 - setting Ar37 blank 0.042+/-0.005
 - setting Ar38 blank 0.0166+/-0.0024
 - setting PM41 blank 0.03+/-0.06
 - setting Ar39 blank 0.029+/-0.009
load analysis view
position_magnet ('Ar40',) {'detector': 'H1'}
detector Detector(H1)
POSITION Ar40 H1
setting detector H2 to PM41 (40.9624)
setting detector H1 to Ar40 (39.9624)
setting detector AX to Ar39 (38.9624)
setting detector L1 to Ar38 (37.9624)
setting detector L2 to Ar37 (36.9624)
setting detector CDD to Ar36 (35.9624)
Mapping mass to dac mass func: "parabolic"
H1 map mass coeffs = [-0.00063987  0.15840543  0.57078999]
H1 map mass to dac 39.9624 >> 5.87918
GetDeflection H1 ===>> 0
GetHighVoltage ===>> 4499.94659342336
positioning Ar40 (5.87914537806) on H1
setting magnet DAC
current  : 5.879145
requested: 5.879145
Delta Dac: 0.000000
Checking detector protection. dv=0.00000
Checking detector "CDD". Protection Threshold: 0.1 (V)
SetMagnetDAC 5.87914537806 ===>> OK
equilibrate () {'delay': 3, 'inlet': 'R', 'outlet': 'O', 'eqtime': 10.0}
Equilibration Started
15:47:55 -- ******* Equilibration Started *******
checking ownership. requestor=129.138.12.150
check software interlocks O
interlocks []
actuate state mode=None-script, software_lock=False
doing actuation None-script close_channel True
Close O ===>> OK
GetIndicatorState O ===>> False
change switch state (True, True)
update switch state O False args=() kw={} ncanvase=2
15:47:55 -- CLOSE  VALVE-O (Jan Ion Pump)
waiting 3s before opening inlet value ('R',)
update labels <pychron.experiment.plot_panel.PlotPanel object at 0x1fda3bf50>
update labels "<pychron.graph.stacked_regression_graph.StackedRegressionGraph object at 0x1d1d97d10>"
setting label 0 H2 PM41
setting label 1 H1 Ar40
setting label 2 AX Ar39
setting label 3 L1 Ar38
setting label 4 L2 Ar37
setting label 5 CDD Ar36
update labels "<pychron.graph.stacked_graph.StackedGraph object at 0x1f05755f0>"
setting label 0 H2 PM41
setting label 1 H1 Ar40
setting label 2 AX Ar39
setting label 3 L1 Ar38
setting label 4 L2 Ar37
setting label 5 CDD Ar36
checking ownership. requestor=129.138.12.150
check software interlocks R
interlocks []
actuate state mode=None-script, software_lock=False
doing actuation None-script open_channel True
Open R ===>> OK
GetIndicatorState R ===>> OK
change switch state (True, True)
update switch state R True args=() kw={} ncanvase=2
15:47:58 -- OPEN   VALVE-R (Jan Inlet)
set_time_zero () {}
equilibrating for 10.0sec
sniff (10.0,) {}
py_sniff
build tables- sniff [Detector(H2), Detector(H1), Detector(AX), Detector(L1), Detector(L2), Detector(CDD)]
add group /sniff/PM41 (Group) '' table H2
add group /sniff/Ar40 (Group) '' table H1
add group /sniff/Ar39 (Group) '' table AX
add group /sniff/Ar38 (Group) '' table L1
add group /sniff/Ar37 (Group) '' table L2
add group /sniff/Ar36 (Group) '' table CDD
flush and close file /Users/jan/PychronDev/data/isotopes/a9/6e158a-f74d-46ef-bd04-dbc4970cf184.h5
measuring sniff. ncounts=10.0
"sniff" increment series count="1" fit count="0" regressing="False"
starting measurement
GetData ===>> H2,-0.166180067806144,H1,0.0535949543246207,AX,-0.154524707500749,L1,0.0339971409030994,L2,0.0545...
GetData ===>> H2,0.445407027234596,H1,225.092811955496,AX,20.2735469193742,L1,0.0964112779511133,L2,0.240106698...
GetData ===>> H2,0.867973649627867,H1,711.39185953714,AX,60.3686861462219,L1,0.527331928775239,L2,0.19852946748...
GetData ===>> H2,0.266758152668473,H1,804.96272412688,AX,65.9700337767383,L1,0.70497229112549,L2,0.049626800492...
GetData ===>> H2,0.0201946890417482,H1,805.983038635588,AX,65.1233776293049,L1,0.773266112962376,L2,0.117447049...
GetData ===>> H2,-0.00398641744333921,H1,798.886538553222,AX,64.3521421062945,L1,0.780840151575801,L2,0.0210651...
GetData ===>> H2,0.0173517345514036,H1,795.082705151313,AX,64.1928446913156,L1,0.808437125008126,L2,0.039170312...
GetData ===>> H2,0.0194280564453101,H1,793.159861784912,AX,63.8615511320415,L1,0.833688116430329,L2,0.016619203...
GetData ===>> H2,0.0579866106768013,H1,792.415160134582,AX,63.8074677041438,L1,0.801658732717911,L2,-0.02019448...
GetData ===>> H2,-0.168138455285289,H1,791.740069731184,AX,63.7837680874444,L1,0.800915273357984,L2,0.040584208...
Equilibration Finished
15:48:08 -- ******* Equilibration Finished *******
checking ownership. requestor=129.138.12.150
check software interlocks R
interlocks []
actuate state mode=None-script, software_lock=False
doing actuation None-script close_channel True
Close R ===>> OK
set states for children of R. state=False
handle state [('R', False)]
update switch state R False args=() kw={'refresh': False} ncanvase=2
refresh_canvas_needed fired
GetIndicatorState R ===>> False
change switch state (True, True)
update switch state R False args=() kw={} ncanvase=2
15:48:09 -- CLOSE  VALVE-R (Jan Inlet)
Post Equilibration Started jan_pump_extraction_line.py
15:48:09 -- ******* Post Equilibration Started jan_pump_extraction_line.py *******
testing...
no interpolation path defined
calculate duration
testing...
no interpolation path defined
executed snippet estimated_duration=4.0, duration=0.000150918960571
executed snippet estimated_duration=4.0, duration=0.00129103660583
Pump after analysis
doing GOSUB
testing...
no interpolation path defined
executed snippet estimated_duration=4.0, duration=0.0001380443573
Pump Microbone
close () {'description': 'Jan Inlet'}
closing name=--- desc=Jan Inlet
checking ownership. requestor=129.138.12.150
check software interlocks R
interlocks []
actuate state mode=None-script, software_lock=False
doing actuation None-script close_channel False
measurement finished
estimated time: 10.486 actual time: :10.581
flush and close file /Users/jan/PychronDev/data/isotopes/a9/6e158a-f74d-46ef-bd04-dbc4970cf184.h5
set_fits () {}
using default fits file=/Users/jan/PychronDev/scripts/measurement/fits/nominal_linear.yaml
set "Ar40" to "('Linear', 'SEM')"
No fit for "PM41". defaulting to linear. check the measurement script "jan_unknown120_60.py"
set "PM41" to "linear"
set "Ar36" to "('Linear', 'SEM')"
set "Ar37" to "('linear', 'SEM')"
set "Ar38" to "('linear', 'SEM')"
set "Ar39" to "('Linear', 'SEM')"
set_baseline_fits () {}
using default fits file=/Users/jan/PychronDev/scripts/measurement/fits/nominal_linear.yaml
set "H1" to "('average', 'SEM')"
set "H2" to "('average', 'SEM')"
set "CDD" to "('average', 'SEM')"
set "L2" to "('average', 'SEM')"
set "L1" to "('average', 'SEM')"
set "AX" to "('average', 'SEM')"
multicollect () {'integration_time': 1, 'ncounts': 120}
build tables- signal [Detector(H2), Detector(H1), Detector(AX), Detector(L1), Detector(L2), Detector(CDD)]
add group /signal/PM41 (Group) '' table H2
add group /signal/Ar40 (Group) '' table H1
add group /signal/Ar39 (Group) '' table AX
add group /signal/Ar38 (Group) '' table L1
add group /signal/Ar37 (Group) '' table L2
add group /signal/Ar36 (Group) '' table CDD
flush and close file /Users/jan/PychronDev/data/isotopes/a9/6e158a-f74d-46ef-bd04-dbc4970cf184.h5
Close R ===>> OK
measuring signal. ncounts=120
GetIndicatorState R ===>> False
change switch state (True, True)
update switch state R False args=() kw={} ncanvase=2
15:48:09 -- CLOSE  VALVE-R (Jan Inlet)
---------------------------------------- close None (Jan Inlet) result=[(True, True)]
action=close, ok=True, locked=[False]
is_closed ('F',) {}
is F () closed?
is closed True
open () {'description': 'CO2 Laser to Jan'}
opening name=--- desc=CO2 Laser to Jan
checking ownership. requestor=129.138.12.150
check software interlocks A
interlocks []
actuate state mode=None-script, software_lock=False
doing actuation None-script open_channel False
Open A ===>> OK
GetIndicatorState A ===>> OK
change switch state (True, True)
update switch state A True args=() kw={} ncanvase=2
15:48:10 -- OPEN   VALVE-A (CO2 Laser to Jan)
---------------------------------------- open None (CO2 Laser to Jan) result=[(True, True)], time=0.12 sec
starting measurement
GetData ===>> H2,-0.0681782235220321,H1,791.252027763374,AX,63.8546642888709,L1,0.841044964884238,L2,0.06661960...
action=open, ok=True, locked=[False]
sleep (1,) {}
SLEEP 1.0
"signal" increment series count="2" fit count="1" regressing="True"
GetData ===>> H2,-0.174857124601979,H1,790.783688629721,AX,63.7705881150746,L1,0.860909338626859,L2,0.080378919...
close () {'description': 'CO2 Laser to Roughing'}
closing name=--- desc=CO2 Laser to Roughing
checking ownership. requestor=129.138.12.150
check software interlocks G
interlocks []
actuate state mode=None-script, software_lock=True
VALVE-G(CO2 Laser to Roughing) software locked
change switch state (True, False)
---------------------------------------- close None (CO2 Laser to Roughing) result=[(True, False)]
action=close, ok=True, locked=[True]
open () {'description': 'Microbone to Turbo'}
opening name=--- desc=Microbone to Turbo
checking ownership. requestor=129.138.12.150
check software interlocks U
interlocks []
actuate state mode=None-script, software_lock=False
doing actuation None-script open_channel True
Open U ===>> OK
GetIndicatorState U ===>> OK
change switch state (True, True)
update switch state U True args=() kw={} ncanvase=2
15:48:11 -- OPEN   VALVE-U (Microbone to Turbo)
---------------------------------------- open None (Microbone to Turbo) result=[(True, True)], time=0.16 sec
action=open, ok=True, locked=[False]
open () {'description': 'Microbone to Getter NP-10'}
opening name=--- desc=Microbone to Getter NP-10
checking ownership. requestor=129.138.12.150
check software interlocks M
interlocks []
actuate state mode=None-script, software_lock=False
doing actuation None-script open_channel False
Open M ===>> OK
GetIndicatorState M ===>> OK
change switch state (True, True)
update switch state M True args=() kw={} ncanvase=2
15:48:12 -- OPEN   VALVE-M (Microbone to Getter NP-10)
---------------------------------------- open None (Microbone to Getter NP-10) result=[(True, True)], time=0.15 sec
action=open, ok=True, locked=[False]
open () {'description': 'Microbone to Getter D-50'}
opening name=--- desc=Microbone to Getter D-50
checking ownership. requestor=129.138.12.150
check software interlocks K
interlocks []
actuate state mode=None-script, software_lock=False
doing actuation None-script open_channel False
GetData ===>> H2,-0.144792986141381,H1,790.527425401932,AX,63.7118362971045,L1,0.910239001276051,L2,-0.10322968...
Open K ===>> OK
GetIndicatorState K ===>> OK
change switch state (True, True)
update switch state K True args=() kw={} ncanvase=2
15:48:12 -- OPEN   VALVE-K (Microbone to Getter D-50)
---------------------------------------- open None (Microbone to Getter D-50) result=[(True, True)], time=0.41 sec
action=open, ok=True, locked=[False]
open () {'description': 'Microbone to CO2 Laser'}
opening name=--- desc=Microbone to CO2 Laser
checking ownership. requestor=129.138.12.150
check software interlocks T
interlocks []
actuate state mode=None-script, software_lock=False
doing actuation None-script open_channel True
Open T ===>> OK
GetIndicatorState T ===>> OK
change switch state (True, True)
update switch state T True args=() kw={} ncanvase=2
15:48:13 -- OPEN   VALVE-T (Microbone to CO2 Laser)
---------------------------------------- open None (Microbone to CO2 Laser) result=[(True, True)], time=0.40 sec
GetData ===>> H2,-0.11458017693181,H1,790.345867605196,AX,63.7275302615552,L1,0.875486066519898,L2,0.1182793092...
action=open, ok=True, locked=[False]
open () {'description': 'Microbone to Inlet Pipette'}
opening name=--- desc=Microbone to Inlet Pipette
checking ownership. requestor=129.138.12.150
check software interlocks S
interlocks []
actuate state mode=None-script, software_lock=False
doing actuation None-script open_channel False
Open S ===>> OK
GetIndicatorState S ===>> OK
change switch state (True, True)
update switch state S True args=() kw={} ncanvase=2
15:48:14 -- OPEN   VALVE-S (Microbone to Inlet Pipette)
---------------------------------------- open None (Microbone to Inlet Pipette) result=[(True, True)], time=0.44 sec
action=open, ok=True, locked=[False]
sleep (1,) {}
SLEEP 1.0
testing H1>-5.0
evaluate ot="H1.bs>-5.0" t="H1>-5.0", ctx="{'H1': None}"
GetData ===>> H2,-0.0657333780188493,H1,790.577260708279,AX,63.5338209530243,L1,0.841808620524818,L2,0.00699840...
set_resource () {'name': 'CO2PumpTimeFlag', 'value': 30}
Set CO2PumpTimeFlag 30 ===>> OK
release ('JanCO2Flag',) {}
release JanCO2Flag
Set JanCO2Flag 0 ===>> OK
executed snippet estimated_duration=6.0, duration=5.90772199631
PumpMicrobone.py completed successfully
gosub finished
get_resource_value () {'name': 'JanMiniboneFlag'}
Read JanMiniboneFlag ===>> 1
Get Resource Value JanMiniboneFlag=1.0
get resource value 1.0
get_resource_value () {'name': 'JanMiniboneFlag'}
Read JanMiniboneFlag ===>> 1
Get Resource Value JanMiniboneFlag=1.0
doing GOSUB
testing...
no interpolation path defined
executed snippet estimated_duration=0, duration=3.31401824951e-05
Entering Pump minibone script
get_resource_value () {'name': 'JanMiniboneFlag'}
Read JanMiniboneFlag ===>> 1
Get Resource Value JanMiniboneFlag=1.0
get resource value 1.0
get_resource_value () {'name': 'JanMiniboneFlag'}
Read JanMiniboneFlag ===>> 1
Get Resource Value JanMiniboneFlag=1.0
Pump minibone
close () {'description': 'Bone to Minibone'}
closing name=--- desc=Bone to Minibone
checking ownership. requestor=129.138.12.150
check software interlocks E
interlocks []
actuate state mode=None-script, software_lock=False
doing actuation None-script close_channel False
Close E ===>> OK
GetIndicatorState E ===>> False
change switch state (True, True)
update switch state E False args=() kw={} ncanvase=2
15:48:15 -- CLOSE  VALVE-E (Bone to Minibone)
---------------------------------------- close None (Bone to Minibone) result=[(True, True)]
GetData ===>> H2,-0.0557170056084614,H1,789.948633739226,AX,63.6651353149942,L1,0.870622769200661,L2,0.02855535...
action=close, ok=True, locked=[False]
open () {'description': 'Minibone to Bone'}
opening name=--- desc=Minibone to Bone
checking ownership. requestor=129.138.12.150
check software interlocks I
interlocks []
actuate state mode=None-script, software_lock=False
doing actuation None-script open_channel True
Open I ===>> OK
set states for children of I. state=True
handle state [('I', True)]
update switch state I True args=() kw={'refresh': False} ncanvase=2
refresh_canvas_needed fired
GetIndicatorState I ===>> OK
change switch state (True, True)
update switch state I True args=() kw={} ncanvase=2
15:48:16 -- OPEN   VALVE-I (Minibone to Bone)
---------------------------------------- open None (Minibone to Bone) result=[(True, True)], time=0.42 sec
action=open, ok=True, locked=[False]
close () {'description': 'Microbone to Minibone'}
closing name=--- desc=Microbone to Minibone
checking ownership. requestor=129.138.12.150
check software interlocks L
interlocks []
actuate state mode=None-script, software_lock=False
doing actuation None-script close_channel False
GetData ===>> H2,0.00348886009975453,H1,789.109598581122,AX,63.6104336481414,L1,0.831395683991043,L2,0.01576423...
Close L ===>> OK
GetIndicatorState L ===>> False
change switch state (True, True)
update switch state L False args=() kw={} ncanvase=2
15:48:16 -- CLOSE  VALVE-L (Microbone to Minibone)
---------------------------------------- close None (Microbone to Minibone) result=[(True, True)]
action=close, ok=True, locked=[False]
sleep () {'duration': 1.0}
SLEEP 1.0
GetData ===>> H2,-0.0203317431744282,H1,789.340953543994,AX,63.5803837583115,L1,0.810228541310684,L2,0.00289504...
open () {'description': 'Minibone to Turbo'}
opening name=--- desc=Minibone to Turbo
checking ownership. requestor=129.138.12.150
check software interlocks P
interlocks []
actuate state mode=None-script, software_lock=False
doing actuation None-script open_channel True
Open P ===>> OK
set states for children of P. state=True
handle state [('P', True)]
update switch state P True args=() kw={'refresh': False} ncanvase=2
refresh_canvas_needed fired
GetIndicatorState P ===>> OK
change switch state (True, True)
update switch state P True args=() kw={} ncanvase=2
15:48:18 -- OPEN   VALVE-P (Minibone to Turbo)
---------------------------------------- open None (Minibone to Turbo) result=[(True, True)], time=0.14 sec
action=open, ok=True, locked=[False]
open () {'description': 'Quad Inlet'}
opening name=--- desc=Quad Inlet
checking ownership. requestor=129.138.12.150
check software interlocks Q
interlocks []
actuate state mode=None-script, software_lock=False
doing actuation None-script open_channel True
Open Q ===>> OK
GetIndicatorState Q ===>> OK
change switch state (True, True)
update switch state Q True args=() kw={} ncanvase=2
15:48:18 -- OPEN   VALVE-Q (Quad Inlet)
---------------------------------------- open None (Quad Inlet) result=[(True, True)], time=0.17 sec
GetData ===>> H2,-0.173839142916985,H1,788.981954676081,AX,63.6403981803192,L1,0.7862074710341,L2,-0.0208554084...
action=open, ok=True, locked=[False]
set_resource () {'name': 'MinibonePumpTimeFlag', 'value': 30}
Set MinibonePumpTimeFlag 30 ===>> OK
sleep () {'duration': 15.0}
SLEEP 15.0
block started
WaitControl setup for 15.0  
testing H1>-5.0
evaluate ot="H1.bs>-5.0" t="H1>-5.0", ctx="{'H1': None}"
GetData ===>> H2,-0.104317854109942,H1,789.139259132809,AX,63.5821068604909,L1,0.814124524777977,L2,0.104701835...
GetData ===>> H2,-0.162818572452013,H1,788.480723795249,AX,63.4867816344115,L1,0.781554222683203,L2,0.123751883...
GetData ===>> H2,-0.179378881429433,H1,787.978596449276,AX,63.4337002653613,L1,0.798434546840241,L2,-0.02550451...
GetData ===>> H2,-0.106999815145491,H1,788.023605137733,AX,63.4868277882465,L1,0.835063877397116,L2,0.062753192...
GetData ===>> H2,-0.196333584933011,H1,787.210374675222,AX,63.5710609434886,L1,0.830237158787641,L2,0.056822714...
testing H1>-5.0
evaluate ot="H1.bs>-5.0" t="H1>-5.0", ctx="{'H1': None}"
GetData ===>> H2,-0.170080312296477,H1,786.796029307822,AX,63.5092451178008,L1,0.803712252098948,L2,-0.00153866...
GetData ===>> H2,-0.0151857503178267,H1,787.063146891746,AX,63.3555497671325,L1,0.825032248828979,L2,-0.0086390...
GetData ===>> H2,-0.0241521918776611,H1,786.607775664777,AX,63.3152143403213,L1,0.829980975782549,L2,0.02930782...
GetData ===>> H2,-0.144905123798225,H1,785.922050839707,AX,63.3521815916897,L1,0.814205706508377,L2,0.064931595...
GetData ===>> H2,-0.13752193817557,H1,785.831420215432,AX,63.2156676634019,L1,0.794983594960802,L2,0.0492276769...
testing H1>-5.0
evaluate ot="H1.bs>-5.0" t="H1>-5.0", ctx="{'H1': None}"
GetData ===>> H2,-0.178362655774104,H1,785.955666965305,AX,63.1262054879395,L1,0.812642132105802,L2,-0.03697819...
GetData ===>> H2,-0.176861767951958,H1,785.806326913664,AX,63.3638556299242,L1,0.801489079624899,L2,-0.06368020...
GetData ===>> H2,-0.203746704883622,H1,785.111754923251,AX,63.2617658820291,L1,0.804187638103318,L2,0.018397561...
GetData ===>> H2,-0.172757073228013,H1,784.976641029897,AX,63.1476857175575,L1,0.792142648147329,L2,0.103368131...
Join finished
block finished. duration 15.0758080482
close () {'description': 'Outer Pipette 1'}
closing name=--- desc=Outer Pipette 1
checking ownership. requestor=129.138.12.150
check software interlocks W
interlocks ['X']
actuate state mode=None-script, software_lock=False
doing actuation None-script close_channel True
Close W ===>> OK
GetIndicatorState W ===>> False
change switch state (True, True)
update switch state W False args=() kw={} ncanvase=2
15:48:34 -- CLOSE  VALVE-W (Outer Pipette 1)
---------------------------------------- close None (Outer Pipette 1) result=[(True, True)]
action=close, ok=True, locked=[False]
close () {'description': 'Outer Pipette 2'}
closing name=--- desc=Outer Pipette 2
checking ownership. requestor=129.138.12.150
check software interlocks Y
interlocks ['Z']
actuate state mode=None-script, software_lock=False
doing actuation None-script close_channel False
GetData ===>> H2,-0.236715912768261,H1,784.211771892322,AX,63.151081703827,L1,0.808380953144364,L2,0.0864647671...
Close Y ===>> OK
GetIndicatorState Y ===>> False
change switch state (True, True)
update switch state Y False args=() kw={} ncanvase=2
15:48:34 -- CLOSE  VALVE-Y (Outer Pipette 2)
---------------------------------------- close None (Outer Pipette 2) result=[(True, True)]
action=close, ok=True, locked=[False]
release ('JanMiniboneFlag',) {}
release JanMiniboneFlag
Set JanMiniboneFlag 0 ===>> OK
executed snippet estimated_duration=16.0, duration=19.5772030354
PumpMinibone.py completed successfully
gosub finished
executed snippet estimated_duration=4.0, duration=25.5052621365
jan_pump_extraction_line.py completed successfully
Post Equilibration Finished
15:48:34 -- ******* Post Equilibration Finished *******
testing H1>-5.0
evaluate ot="H1.bs>-5.0" t="H1>-5.0", ctx="{'H1': None}"
15:48:35 -- collecting point 25
GetData ===>> H2,-0.249919766306759,H1,783.898630140905,AX,63.2528522747421,L1,0.786367061926826,L2,0.002849452...
GetData ===>> H2,-0.206858551549246,H1,783.700817972448,AX,63.096311212037,L1,0.76834761619118,L2,0.06303832107...
GetData ===>> H2,-0.0539940661061164,H1,783.242840156034,AX,63.1029162363989,L1,0.777529642032122,L2,0.09194692...
GetData ===>> H2,-0.0916098547474096,H1,783.074172121968,AX,63.008941705209,L1,0.7800413968059,L2,0.09021448038...
GetData ===>> H2,-0.139063032735013,H1,782.746830829658,AX,63.0728584302303,L1,0.805989559442786,L2,-0.00189198...
testing H1>-5.0
evaluate ot="H1.bs>-5.0" t="H1>-5.0", ctx="{'H1': None}"
GetData ===>> H2,-0.137334018465682,H1,782.791765429442,AX,63.1497755446749,L1,0.833248090534029,L2,-0.02989133...
GetData ===>> H2,-0.065408089503788,H1,782.580715860773,AX,63.064197185265,L1,0.833103086044733,L2,0.0186711574...
GetData ===>> H2,-0.0726830980128787,H1,781.717352627625,AX,63.2450917907787,L1,0.790156813902956,L2,0.13966973...
GetData ===>> H2,-0.0746502003562762,H1,781.67855439697,AX,63.0375414032505,L1,0.782122523527245,L2,-0.05781415...
GetData ===>> H2,-0.0843004759056286,H1,781.294695689677,AX,63.1583042345139,L1,0.806929327020329,L2,-0.0289456...
testing H1>-5.0
evaluate ot="H1.bs>-5.0" t="H1>-5.0", ctx="{'H1': None}"
GetData ===>> H2,-0.0414421200412285,H1,781.1218639155,AX,63.0203624013864,L1,0.776482009905915,L2,0.0476882157...
GetData ===>> H2,-0.212380678553901,H1,780.705785815941,AX,62.9184587382471,L1,0.769498837970608,L2,-0.01880425...
GetData ===>> H2,-0.251517458378687,H1,780.448135803652,AX,62.9422687259699,L1,0.770236483924161,L2,0.049136448...
GetData ===>> H2,-0.127179911452741,H1,780.310015164314,AX,62.9530161323635,L1,0.779186634769651,L2,-0.02122005...
GetData ===>> H2,-0.0797338078254492,H1,780.210269087195,AX,62.9124416946807,L1,0.790033335398127,L2,0.08592910...
testing H1>-5.0
evaluate ot="H1.bs>-5.0" t="H1>-5.0", ctx="{'H1': None}"
GetData ===>> H2,-0.125420981756153,H1,779.833124270963,AX,62.8616303778457,L1,0.756700497743512,L2,0.028988592...
GetData ===>> H2,-0.124959910512516,H1,779.11162474247,AX,62.8664789163987,L1,0.775279288960503,L2,-0.014827181...
GetData ===>> H2,-0.13968211528479,H1,779.103512095161,AX,62.7314694720562,L1,0.804240044180309,L2,0.0715127254...
GetData ===>> H2,-0.0966866345348049,H1,778.468093890971,AX,62.9550121779959,L1,0.815494957404346,L2,0.04189550...
GetData ===>> H2,-0.057190115599853,H1,778.308650360454,AX,62.9330266736066,L1,0.818190837383122,L2,0.049923293...
testing H1>-5.0
evaluate ot="H1.bs>-5.0" t="H1>-5.0", ctx="{'H1': None}"
GetData ===>> H2,-0.134386381174852,H1,778.126923889491,AX,62.7632091593682,L1,0.815966686335051,L2,0.058613223...
GetData ===>> H2,-0.143836393345556,H1,777.771212736511,AX,62.7402741880887,L1,0.775243135633615,L2,0.137354867...
GetData ===>> H2,-0.183302572822558,H1,777.295083020922,AX,62.8074956502664,L1,0.799147898178555,L2,-0.01989821...
GetData ===>> H2,-0.136889217683649,H1,777.023973026215,AX,62.8009725528544,L1,0.82032681617549,L2,-0.048382142...
GetData ===>> H2,-0.13074133953982,H1,777.058569429058,AX,62.8726319132778,L1,0.790489838951966,L2,-0.048906167...
testing H1>-5.0
evaluate ot="H1.bs>-5.0" t="H1>-5.0", ctx="{'H1': None}"
15:49:01 -- collecting point 50
GetData ===>> H2,-0.125160025845359,H1,777.109594857109,AX,62.5514418618289,L1,0.767519163807121,L2,0.077170349...
GetData ===>> H2,-0.149296535074834,H1,776.820331148483,AX,62.6730116192011,L1,0.807529674219174,L2,0.048110139...
GetData ===>> H2,-0.182386536842399,H1,776.090588058809,AX,62.5536031666155,L1,0.81344387193924,L2,0.0727560053...
GetData ===>> H2,-0.136897329708142,H1,775.924943229838,AX,62.4719433535061,L1,0.783327772432941,L2,-0.03496157...
GetData ===>> H2,-0.0537512056366754,H1,775.378239312537,AX,62.546444941592,L1,0.790277799305602,L2,-0.01538557...
testing H1>-5.0
evaluate ot="H1.bs>-5.0" t="H1>-5.0", ctx="{'H1': None}"
GetData ===>> H2,-0.162235271730236,H1,775.465398831659,AX,62.6819809972818,L1,0.789603042902412,L2,-0.02875192...
GetData ===>> H2,-0.233317315483374,H1,774.860673117012,AX,62.6014217440641,L1,0.779738608678715,L2,-0.01518045...
GetData ===>> H2,-0.21794628496412,H1,774.684785774635,AX,62.5212027325336,L1,0.827272067366776,L2,0.0595940266...
GetData ===>> H2,-0.0792229747632882,H1,774.277183932569,AX,62.5320683827846,L1,0.784459611366564,L2,0.07142147...
GetData ===>> H2,-0.0877086214749932,H1,773.935607810296,AX,62.4303331516365,L1,0.820012196986493,L2,-0.0030317...
testing H1>-5.0
evaluate ot="H1.bs>-5.0" t="H1>-5.0", ctx="{'H1': None}"
GetData ===>> H2,-0.0983224240822543,H1,773.851072952804,AX,62.4285708037984,L1,0.801968107199305,L2,0.01508026...
GetData ===>> H2,-0.185107445965081,H1,773.450174930415,AX,62.4290765185324,L1,0.808378456624079,L2,0.180765072...
GetData ===>> H2,-0.211436490320758,H1,773.259392096877,AX,62.5973582370113,L1,0.810154881221176,L2,0.026206765...
GetData ===>> H2,-0.191461330741367,H1,772.995872356484,AX,62.4993975754598,L1,0.820718854889562,L2,0.063711227...
GetData ===>> H2,-0.135047638003898,H1,772.697481237846,AX,62.4175528463207,L1,0.769098886164191,L2,-0.04507844...
testing H1>-5.0
evaluate ot="H1.bs>-5.0" t="H1>-5.0", ctx="{'H1': None}"
GetData ===>> H2,-0.0954325503265492,H1,772.320027142922,AX,62.3787753088034,L1,0.738372565880575,L2,-0.0971383...
GetData ===>> H2,-0.0095045300587598,H1,771.878142438198,AX,62.3690482875615,L1,0.757555473191688,L2,0.00836623...
GetData ===>> H2,-0.0647032658228372,H1,771.438802571982,AX,62.3865727755013,L1,0.756629564058867,L2,0.16810267...
GetData ===>> H2,-0.11135867724719,H1,771.494104926633,AX,62.4072100042959,L1,0.782027804575934,L2,0.0971672250...
GetData ===>> H2,-0.198908097999478,H1,771.128073125193,AX,62.1370509974092,L1,0.784084395685468,L2,-0.02011472...
testing H1>-5.0
evaluate ot="H1.bs>-5.0" t="H1>-5.0", ctx="{'H1': None}"
GetData ===>> H2,-0.157810930539805,H1,771.146019550055,AX,62.2730583374225,L1,0.83206811223117,L2,-0.025971696...
GetData ===>> H2,-0.160340687495383,H1,770.770073676241,AX,62.2658187437503,L1,0.839281645179982,L2,0.086943445...
GetData ===>> H2,-0.0981748335305704,H1,770.17106966818,AX,62.2257812090637,L1,0.824140452072344,L2,0.038303740...
GetData ===>> H2,-0.0927668231664111,H1,770.053039804133,AX,62.0848853803163,L1,0.81291936230478,L2,0.068239212...
GetData ===>> H2,-0.0601018633895554,H1,769.818309429356,AX,62.0715337774522,L1,0.774655973236865,L2,0.09633514...
testing H1>-5.0
evaluate ot="H1.bs>-5.0" t="H1>-5.0", ctx="{'H1': None}"
15:49:28 -- collecting point 75
GetData ===>> H2,-0.0554619727370395,H1,769.563545043586,AX,62.1831150963669,L1,0.79861662140831,L2,0.049672414...
GetData ===>> H2,-0.230312082245027,H1,769.229268305475,AX,62.1685288947115,L1,0.830802033187725,L2,-0.00176661...
GetData ===>> H2,-0.230219207400142,H1,769.045827046979,AX,62.142421740683,L1,0.808595656115052,L2,0.0337771720...
GetData ===>> H2,-0.122529850255044,H1,768.423726263197,AX,62.1143770020526,L1,0.7715474291433,L2,0.03357194228...
GetData ===>> H2,-0.197606754189184,H1,768.066251286739,AX,62.0395887464936,L1,0.727724510575443,L2,-0.02341928...
testing H1>-5.0
evaluate ot="H1.bs>-5.0" t="H1>-5.0", ctx="{'H1': None}"
GetData ===>> H2,-0.172956725607551,H1,767.702124592844,AX,61.9469020710998,L1,0.763050390757634,L2,0.081336217...
GetData ===>> H2,-0.16740696766127,H1,767.664860319341,AX,61.9472995937456,L1,0.778016745737974,L2,0.0222279816...
GetData ===>> H2,-0.0332146141573125,H1,767.298081524539,AX,61.8970074696439,L1,0.826483766559759,L2,0.01208226...
GetData ===>> H2,0.0287790889436897,H1,767.14656997969,AX,62.1087932654183,L1,0.79425238607958,L2,0.05823687189...
GetData ===>> H2,-0.119121209812099,H1,766.542883809137,AX,61.9842898774333,L1,0.765128854954731,L2,0.079216497...
testing H1>-5.0
evaluate ot="H1.bs>-5.0" t="H1>-5.0", ctx="{'H1': None}"
GetData ===>> H2,-0.108133571917142,H1,766.318584278173,AX,61.83483814502,L1,0.752917343737393,L2,-0.0382656213...
GetData ===>> H2,-0.173327691968169,H1,766.56230108595,AX,61.7855623880376,L1,0.765887366929138,L2,0.0216351684...
GetData ===>> H2,-0.162034080026477,H1,766.322731604357,AX,61.8761808019196,L1,0.749531002812278,L2,0.035590054...
GetData ===>> H2,-0.0507754051466795,H1,765.703222909403,AX,61.9958218937116,L1,0.769057770490643,L2,-0.0138243...
GetData ===>> H2,-0.0946903273179195,H1,765.208557451923,AX,61.8639937299274,L1,0.807171458756209,L2,0.01136412...
testing H1>-5.0
evaluate ot="H1.bs>-5.0" t="H1>-5.0", ctx="{'H1': None}"
GetData ===>> H2,-0.148144477607389,H1,765.063173265729,AX,61.8663790631722,L1,0.79830360475903,L2,0.0464338583...
GetData ===>> H2,-0.106344944643295,H1,764.525208047483,AX,61.8374369580017,L1,0.763279512136454,L2,0.134777791...
GetData ===>> H2,-0.0239605683821336,H1,764.470239837276,AX,61.7272323882515,L1,0.771974892633886,L2,-0.0276238...
GetData ===>> H2,-0.108318912799414,H1,764.088853956358,AX,61.795938679969,L1,0.786325917166909,L2,-0.088757817...
GetData ===>> H2,-0.132586323284213,H1,763.359448108547,AX,61.7823533955707,L1,0.805637636315107,L2,0.118404718...
testing H1>-5.0
evaluate ot="H1.bs>-5.0" t="H1>-5.0", ctx="{'H1': None}"
GetData ===>> H2,-0.135023297944928,H1,763.501353184602,AX,61.6321045095163,L1,0.794554346695834,L2,0.012652217...
GetData ===>> H2,-0.077362372862024,H1,763.521054202217,AX,61.7446613865974,L1,0.763280757375063,L2,0.008081268...
GetData ===>> H2,-0.20495030536451,H1,763.005605475156,AX,61.8384917853536,L1,0.757658771905401,L2,0.0749916686...
GetData ===>> H2,-0.266145014155208,H1,762.896593939762,AX,61.8248714211232,L1,0.770935551176285,L2,0.044027818...
GetData ===>> H2,-0.224288442839064,H1,762.581787083826,AX,61.6041411482435,L1,0.773339652509737,L2,-0.02845567...
testing H1>-5.0
evaluate ot="H1.bs>-5.0" t="H1>-5.0", ctx="{'H1': None}"
15:49:54 -- collecting point 100
GetData ===>> H2,-0.125407460871883,H1,762.164200423645,AX,61.6140673665603,L1,0.777890918822414,L2,-0.06844113...
GetData ===>> H2,-0.11246329437416,H1,762.145846733765,AX,61.7047660712262,L1,0.806008279089326,L2,0.1258953940...
GetData ===>> H2,-0.0511581097959509,H1,762.116482286045,AX,61.608936179244,L1,0.780253229101538,L2,0.023083007...
GetData ===>> H2,-0.219662844595078,H1,761.661754664576,AX,61.4508724305547,L1,0.80874420318796,L2,0.0930639048...
GetData ===>> H2,-0.125095123961824,H1,761.112923470643,AX,61.4421879217031,L1,0.76943280125954,L2,-0.011579301...
testing H1>-5.0
evaluate ot="H1.bs>-5.0" t="H1>-5.0", ctx="{'H1': None}"
GetData ===>> H2,-0.153228107086819,H1,760.76136184187,AX,61.58413833668,L1,0.781339871611441,L2,-0.00418284264...
GetData ===>> H2,-0.166532359580087,H1,760.587891841277,AX,61.5722450153738,L1,0.842308588860116,L2,0.003989257...
GetData ===>> H2,-0.0825951327216181,H1,760.075800364431,AX,61.3580748268532,L1,0.852394286138932,L2,0.07387383...
GetData ===>> H2,-0.0708688868650166,H1,760.172878691363,AX,61.3502049248831,L1,0.825473179175329,L2,0.06497721...
GetData ===>> H2,-0.0756221026304382,H1,759.59699902534,AX,61.5074542050318,L1,0.768257915921638,L2,0.077472892...
testing H1>-5.0
evaluate ot="H1.bs>-5.0" t="H1>-5.0", ctx="{'H1': None}"
GetData ===>> H2,-0.182310984174687,H1,759.080463367746,AX,61.3502354274451,L1,0.783807667160723,L2,-0.01963611...
GetData ===>> H2,-0.127469209678921,H1,758.619814306147,AX,61.1680312688998,L1,0.809516931606723,L2,0.040903478...
GetData ===>> H2,-0.152430787634662,H1,758.954345902904,AX,61.4291088502044,L1,0.779353594459438,L2,-0.01423459...
GetData ===>> H2,-0.28453024078969,H1,758.605412758864,AX,61.2642050830097,L1,0.752715626509276,L2,0.0113983197...
GetData ===>> H2,-0.261586902700016,H1,757.856421474254,AX,61.2336436134929,L1,0.754912312719919,L2,0.085621386...
testing H1>-5.0
evaluate ot="H1.bs>-5.0" t="H1>-5.0", ctx="{'H1': None}"
GetData ===>> H2,-0.117444919570449,H1,757.71961904435,AX,61.1862603197179,L1,0.7682666367474,L2,0.141939040517...
GetData ===>> H2,-0.0678852499905655,H1,757.714309887925,AX,61.1882571378107,L1,0.802656747732134,L2,0.04344627...
GetData ===>> H2,-0.284815037341623,H1,757.306478448596,AX,61.3207722040727,L1,0.762183759668019,L2,0.045282144...
GetData ===>> H2,-0.181359786925343,H1,756.734491440831,AX,61.192327084926,L1,0.76346131854358,L2,0.07504870153...
GetData ===>> H2,-0.261346172462295,H1,756.487697719302,AX,61.2317375760253,L1,0.788278601395817,L2,0.037836251...
testing H1>-5.0
evaluate ot="H1.bs>-5.0" t="H1>-5.0", ctx="{'H1': None}"
GetData ===>> H2,-0.21924248674666,H1,756.390202185404,AX,61.2242051937669,L1,0.773490472521437,L2,0.0022909531...
measurement finished
estimated time: 125.829 actual time: :126.423
flush and close file /Users/jan/PychronDev/data/isotopes/a9/6e158a-f74d-46ef-bd04-dbc4970cf184.h5
baselines () {'settling_time': 15.0, 'detector': 'H1', 'mass': 34.2, 'ncounts': 60}
%%%%%%%%%%%%%%%%%%%%%%%%%%%%%%%% Baseline
build tables- baseline [Detector(H2), Detector(H1), Detector(AX), Detector(L1), Detector(L2), Detector(CDD)]
add group baseline table H2
add group baseline table H1
add group baseline table AX
add group baseline table L1
add group baseline table L2
add group baseline table CDD
flush and close file /Users/jan/PychronDev/data/isotopes/a9/6e158a-f74d-46ef-bd04-dbc4970cf184.h5
detector Detector(H1)
POSITION 34.2 H1
Mapping mass to dac mass func: "parabolic"
H1 map mass coeffs = [-0.00063987  0.15840543  0.57078999]
H1 map mass to dac 34.2 >> 5.23983599104
GetDeflection H1 ===>> 0
GetHighVoltage ===>> 4499.94659342336
positioning 34.2 (5.23980513414) on H1
setting magnet DAC
current  : 5.879145
requested: 5.239805
Delta Dac: 0.639340
Checking detector protection. dv=0.63934
Checking detector "CDD". Protection Threshold: 0.1 (V)
ProtectDetector CDD,On ===>> OK
GetDeflection CDD ===>> 2000
Protected = 2000
SetMagnetDAC 5.23980513414 ===>> OK
Magnet settling time: 0.500
GetMagnetMoving ===>> True
GetMagnetMoving ===>> True
GetMagnetMoving ===>> True
GetMagnetMoving ===>> True
GetMagnetMoving ===>> True
GetMagnetMoving ===>> True
GetMagnetMoving ===>> True
GetMagnetMoving ===>> True
GetMagnetMoving ===>> False
ProtectDetector CDD,Off ===>> OK
GetDeflection CDD ===>> 50
Delaying 15.0s for detectors to settle
Join finished
measuring baseline. ncounts=60
"baseline" increment series count="2" fit count="1" regressing="True"
starting measurement
GetData ===>> H2,-0.165206821723009,H1,-0.00558500710658978,AX,-0.0585195369890745,L1,-0.0798931460617953,L2,-0...
GetData ===>> H2,-0.182417567256289,H1,-0.0171901983346821,AX,-0.0163669201684221,L1,-0.0575121959559119,L2,-0....
GetData ===>> H2,-0.25320635493599,H1,0.0191684826426066,AX,-0.0292639644510559,L1,-0.0411667163849589,L2,-0.02...
GetData ===>> H2,-0.232391471240139,H1,0.0136088526830893,AX,0.00597499006860514,L1,-0.0229115775960272,L2,-0.0...
testing H1>-5.0
evaluate ot="H1.bs>-5.0" t="H1>-5.0", ctx="{'H1': None}"
GetData ===>> H2,-0.191073080178667,H1,0.0333672220361737,AX,0.00810968808548968,L1,-0.0121874437786099,L2,-0.0...
GetData ===>> H2,-0.0984645966542803,H1,0.0310523321733093,AX,-0.170302034382038,L1,-0.00379538777802466,L2,-0....
GetData ===>> H2,-0.158909073791368,H1,-0.00633646310703713,AX,-0.115254679139694,L1,-0.0251647047374912,L2,-0....
GetData ===>> H2,-0.225715880603596,H1,-0.101248884196381,AX,-0.0449770279384228,L1,-0.00897559262111988,L2,-0....
GetData ===>> H2,-0.271653970839471,H1,-0.013981909022731,AX,-0.0180719332241207,L1,-0.0237853235111682,L2,-0.0...
testing H1>-5.0
evaluate ot="H1.bs>-5.0" t="H1>-5.0", ctx="{'H1': None}"
GetData ===>> H2,-0.364934770989015,H1,-0.0885212303687542,AX,-0.0949172832103473,L1,-0.0358083917019662,L2,0.0...
GetData ===>> H2,-0.282623799315733,H1,-0.0558604795202864,AX,-0.110631336879546,L1,-0.00845757216037671,L2,-0....
GetData ===>> H2,-0.100859598594082,H1,-0.0243100864419475,AX,0.022740590318826,L1,-0.0451383941783276,L2,-0.00...
GetData ===>> H2,-0.158081086349085,H1,0.0648383281629307,AX,-0.106019363039584,L1,-0.0207382699330745,L2,-0.10...
GetData ===>> H2,-0.0938247907322756,H1,-0.0521288466216461,AX,-0.113771525610021,L1,-0.0138942592232647,L2,0.0...
testing H1>-5.0
evaluate ot="H1.bs>-5.0" t="H1>-5.0", ctx="{'H1': None}"
GetData ===>> H2,-0.195181389975642,H1,-0.0244651202470745,AX,-0.0560036483098835,L1,-0.02687099281272,L2,0.004...
GetData ===>> H2,-0.246566298361464,H1,-0.0876631280333438,AX,-0.0634815599454849,L1,-0.0341685768533217,L2,-0....
GetData ===>> H2,-0.204760271697965,H1,-0.0467636353498556,AX,0.0266974610538729,L1,-0.0325892601241884,L2,0.01...
GetData ===>> H2,-0.307536501117572,H1,0.0580826039558559,AX,-0.00842139741758864,L1,-0.025031688377941,L2,0.01...
GetData ===>> H2,-0.226772876332755,H1,0.0595029392253867,AX,-0.1236201685492,L1,-0.0323449767020103,L2,-0.0690...
testing H1>-5.0
evaluate ot="H1.bs>-5.0" t="H1>-5.0", ctx="{'H1': None}"
GetData ===>> H2,-0.215969490631765,H1,-0.0452494014568703,AX,-0.105880305156501,L1,-0.0221336521403204,L2,0.01...
GetData ===>> H2,-0.208556296543708,H1,-0.054310616936548,AX,-0.0677709553225099,L1,-0.0111217359464213,L2,-0.0...
GetData ===>> H2,-0.175330981418171,H1,-0.0371889992663242,AX,-0.0605832127833812,L1,0.00275114565808643,L2,-0....
GetData ===>> H2,-0.231550340559212,H1,0.000355272213847924,AX,-0.0246365345388387,L1,-0.000268829176575626,L2,...
GetData ===>> H2,-0.190345074472683,H1,-0.126665207599896,AX,-0.112798193817496,L1,-0.0331137309494014,L2,-0.02...
testing H1>-5.0
evaluate ot="H1.bs>-5.0" t="H1>-5.0", ctx="{'H1': None}"
15:51:00 -- collecting point 25
GetData ===>> H2,-0.150887343461453,H1,-0.0116084243564572,AX,0.020710000626974,L1,-0.0296718408865972,L2,-0.09...
GetData ===>> H2,-0.0723197365873652,H1,0.0226881504816536,AX,-0.0986490213300349,L1,-0.00834964787549347,L2,0....
GetData ===>> H2,-0.0614008566433329,H1,0.0282840805523101,AX,-0.162697705519405,L1,0.00599844104445671,L2,-0.0...
GetData ===>> H2,-0.110691252333209,H1,-0.0492435909761777,AX,0.00469883426444563,L1,-0.0182191389617187,L2,-0....
GetData ===>> H2,-0.161826133169373,H1,0.0650651183316643,AX,-0.0190810085144085,L1,-0.00294835847322387,L2,0.0...
testing H1>-5.0
evaluate ot="H1.bs>-5.0" t="H1>-5.0", ctx="{'H1': None}"
GetData ===>> H2,-0.153290268619879,H1,0.0143604584265546,AX,-0.0421940871775129,L1,0.0226940781777304,L2,-0.00...
GetData ===>> H2,-0.111890693760396,H1,-0.0121093655044423,AX,-0.13003862974526,L1,0.0130335315611786,L2,-0.038...
GetData ===>> H2,-0.0693052874730463,H1,-0.10180895911065,AX,-0.0995877279529516,L1,0.0110984519401555,L2,-0.00...
GetData ===>> H2,-0.216298015380525,H1,-0.0774368421231351,AX,-0.0935033574645071,L1,-0.0151260161531061,L2,0.0...
GetData ===>> H2,-0.21888543975767,H1,0.146102180562857,AX,-0.0655799094160609,L1,-0.0059930125250749,L2,0.0261...
testing H1>-5.0
evaluate ot="H1.bs>-5.0" t="H1>-5.0", ctx="{'H1': None}"
GetData ===>> H2,-0.199392186669037,H1,0.0478782664541157,AX,-0.104408597043837,L1,-0.039204844471675,L2,0.0600...
GetData ===>> H2,-0.150486286328762,H1,0.0223779374962209,AX,-0.151835003346534,L1,-0.0514165962990217,L2,-0.05...
GetData ===>> H2,-0.183703230946344,H1,0.0275562339985715,AX,-0.0830721227494271,L1,-0.0457848256618725,L2,-0.0...
GetData ===>> H2,-0.153706471842338,H1,0.00791830658901667,AX,-0.0181183277197545,L1,-0.00534409137376086,L2,-0...
GetData ===>> H2,-0.259346644611149,H1,0.0587868012771554,AX,-0.125427575910241,L1,-0.00152528481008916,L2,0.03...
testing H1>-5.0
evaluate ot="H1.bs>-5.0" t="H1>-5.0", ctx="{'H1': None}"
GetData ===>> H2,-0.300693142290597,H1,0.0292147772974484,AX,-0.0746915540764079,L1,-0.042563029258242,L2,-0.03...
GetData ===>> H2,-0.175560477593027,H1,0.00219229742326483,AX,-0.101592589546616,L1,-0.0728666212392028,L2,-0.0...
GetData ===>> H2,-0.169297671960034,H1,-0.0426739589063583,AX,-0.159231510798148,L1,-0.0363380023650604,L2,-0.1...
GetData ===>> H2,-0.207470308086322,H1,0.00357605295910908,AX,-0.032453167772692,L1,-0.0147685486618539,L2,-0.0...
GetData ===>> H2,-0.312641421715209,H1,-0.0335997651381035,AX,-0.180733835287918,L1,-0.0224201370798443,L2,-0.0...
testing H1>-5.0
evaluate ot="H1.bs>-5.0" t="H1>-5.0", ctx="{'H1': None}"
GetData ===>> H2,-0.2732326462416,H1,-0.00261491151152242,AX,-0.122113970095619,L1,0.0316525872330838,L2,0.0390...
GetData ===>> H2,-0.278168779267211,H1,0.00966003267588462,AX,-0.0826548500985103,L1,-0.0283409962380562,L2,-0....
GetData ===>> H2,-0.12135723110951,H1,-0.0330512329688169,AX,-0.087256341222108,L1,-0.0311737707959283,L2,-0.05...
GetData ===>> H2,-0.118485358063644,H1,-0.0418870049072371,AX,-0.102519679204113,L1,-0.0604978570815674,L2,0.01...
GetData ===>> H2,-0.195711783896478,H1,-0.00260298323915258,AX,0.000789261076568352,L1,-0.0274640518372997,L2,-...
testing H1>-5.0
evaluate ot="H1.bs>-5.0" t="H1>-5.0", ctx="{'H1': None}"
15:51:26 -- collecting point 50
GetData ===>> H2,-0.25782532552199,H1,-0.04213740003276,AX,0.0157903475090539,L1,-0.0177538520503499,L2,-0.1484...
GetData ===>> H2,-0.274440351649153,H1,-0.0796299798181853,AX,0.00696112192175037,L1,-0.0237110161119578,L2,-0....
GetData ===>> H2,-0.162204215525883,H1,0.0482601644467674,AX,-0.0625888782192218,L1,-0.02474288103655,L2,-0.032...
GetData ===>> H2,-0.191752509922837,H1,-0.0330512329688169,AX,-0.198928854195206,L1,-0.0293532208507819,L2,-0.0...
GetData ===>> H2,-0.204710404178596,H1,0.0369828529801055,AX,-0.0725238482794711,L1,-0.0579274893540967,L2,0.01...
testing H1>-5.0
evaluate ot="H1.bs>-5.0" t="H1>-5.0", ctx="{'H1': None}"
GetData ===>> H2,-0.17597220907406,H1,-0.00745767268301982,AX,-0.235980537333097,L1,-0.0510014417960301,L2,-0.0...
GetData ===>> H2,-0.237860657294282,H1,-0.046990172308514,AX,-0.102566033455095,L1,-0.0411607283476591,L2,0.004...
GetData ===>> H2,-0.259416523599653,H1,-0.07685279191445,AX,0.0467975985590803,L1,-0.0610398478299269,L2,0.0140...
GetData ===>> H2,-0.290500058716981,H1,-0.067781696967528,AX,-0.100248293850937,L1,-0.0344422987457941,L2,-0.05...
GetData ===>> H2,-0.314579477726132,H1,0.041064019034809,AX,-0.0210643329067033,L1,-0.0207862244232154,L2,-0.02...
testing H1>-5.0
evaluate ot="H1.bs>-5.0" t="H1>-5.0", ctx="{'H1': None}"
GetData ===>> H2,-0.133163833524791,H1,-0.00918717346480842,AX,-0.0204612209935133,L1,-0.0381399074873978,L2,0....
measurement finished
estimated time: 62.915 actual time: :63.225
flush and close file /Users/jan/PychronDev/data/isotopes/a9/6e158a-f74d-46ef-bd04-dbc4970cf184.h5
activate_detectors ('H1', 'AX', 'CDD') {'peak_center': True}
peak_center () {'detector': 'H1', 'integration_time': 0.262144, 'isotope': 'Ar40'}
peak center: mean=757.638879317 threshold=3
peak center started
setup peak center. detector=['H1', 'AX', 'CDD'], isotope=Ar40
VersionedUnpickler [<apptools.sweet_pickle.versioned_unpickler.VersionedUnpickler object at 0x1eca48b90>] using Updater [<apptools.sweet_pickle.updater.Updater object at 0x135230b30>]
VersionedUnpickler [<apptools.sweet_pickle.versioned_unpickler.VersionedUnpickler object at 0x1eca48b90>] using Updater [<apptools.sweet_pickle.updater.Updater object at 0x135230b30>]
VersionedUnpickler [<apptools.sweet_pickle.versioned_unpickler.VersionedUnpickler object at 0x1fabd9e90>] using Updater [<apptools.sweet_pickle.updater.Updater object at 0x135230b30>]
setting integration time = 0.524288
SetIntegrationTime 0.524288 ===>> OK
Mapping mass to dac mass func: "parabolic"
H1 map mass coeffs = [-0.00063987  0.15840543  0.57078999]
H1 map mass to dac 39.9624 >> 5.87918
GetDeflection H1 ===>> 0
GetHighVoltage ===>> 4499.94659342336
do peak center. <pychron.spectrometer.jobs.peak_center.PeakCenter object at 0x1352309b0>
doing pc
starting peak center. center dac= 5.87914537806 step_width=0.001
width = 0.001
get scan parameters. half-width=0.015,window=0.015, i=0, scalar=1
Scan parameters center=5.87915 width=0.03000 (5.86415 - 5.89415)
GetData ===>> H2,-0.0926774129439784,H1,0.0203735075314128,AX,-0.0510064599213294,L1,-0.0449157248150085,L2,-0....
Moving to starting dac 5.86414537806
setting magnet DAC
current  : 5.239805
requested: 5.864145
Delta Dac: 0.624340
Checking detector protection. dv=0.62434
Checking detector "CDD". Protection Threshold: 0.1 (V)
ProtectDetector CDD,On ===>> OK
GetDeflection CDD ===>> 2000
Protected = 2000
SetMagnetDAC 5.86414537806 ===>> OK
Magnet settling time: 0.500
GetMagnetMoving ===>> True
GetMagnetMoving ===>> True
GetMagnetMoving ===>> True
GetMagnetMoving ===>> True
GetMagnetMoving ===>> True
GetMagnetMoving ===>> True
GetMagnetMoving ===>> True
GetMagnetMoving ===>> True
GetMagnetMoving ===>> False
ProtectDetector CDD,Off ===>> OK
GetDeflection CDD ===>> 50
Wait until signal near baseline. tol= 0.0152801306486. timeout= 10
GetData ===>> H2,1.55333618930407,H1,0.411081950675807,AX,-0.0128176135176672,L1,0.033291674561832,L2,0.0296102...
GetData ===>> H2,38.6155971810639,H1,10.5635677260189,AX,0.313261077553748,L1,0.0259154766736775,L2,-0.11843829...
GetData ===>> H2,54.8308530227329,H1,23.1039965008721,AX,1.35771944937003,L1,0.018887881832948,L2,-0.2737998346...
GetData ===>> H2,31.1192615323387,H1,11.0615465136482,AX,0.636261203427072,L1,-0.0176424837957432,L2,-0.1369409...
GetData ===>> H2,13.4245531057843,H1,5.59660435602816,AX,0.293422864932254,L1,-0.052092531615316,L2,-0.05518721...
GetData ===>> H2,4.75261622853509,H1,2.98140432706349,AX,0.138827870576667,L1,-0.0488093329794943,L2,0.03049867...
GetData ===>> H2,1.36003012637673,H1,1.89988453137493,AX,0.00393314881239973,L1,-0.0287064564256646,L2,0.016717...
GetData ===>> H2,0.371353368109494,H1,1.12798301676447,AX,0.0484457153803901,L1,-0.00689735412134363,L2,0.03033...
GetData ===>> H2,0.130982696096633,H1,0.955573048724889,AX,-0.0549601730922966,L1,0.0140024254920988,L2,-0.0228...
GetData ===>> H2,0.174829292685525,H1,0.735235323232408,AX,-0.0982897608433216,L1,0.00900184532124034,L2,-0.162...
GetData ===>> H2,0.214817128639883,H1,0.684587849484308,AX,-0.100792967621106,L1,-0.00834125371594712,L2,-0.204...
GetData ===>> H2,0.160703395666689,H1,0.627508414653533,AX,0.0280899464900428,L1,-0.00431844677329585,L2,-0.097...
GetData ===>> H2,0.110691699544536,H1,0.580070577814218,AX,-0.0694982530317466,L1,-0.017132097992123,L2,-0.0894...
GetData ===>> H2,0.0791590402539895,H1,0.607492843911151,AX,-0.181023701736081,L1,-0.0577279414951605,L2,0.0339...
GetData ===>> H2,0.0582538938233239,H1,0.612681682844563,AX,-0.0627279979879636,L1,-0.0262791721992707,L2,0.037...
GetData ===>> H2,-0.00999050634569205,H1,0.541352671036077,AX,-0.123736029002742,L1,-0.0149920296615583,L2,0.00...
GetData ===>> H2,-0.0304549451497589,H1,0.499353463408636,AX,-0.107004350687898,L1,-0.0331095001678851,L2,0.003...
GetData ===>> H2,0.0176948122041552,H1,0.550815669229699,AX,-0.0142095139046366,L1,-0.0424768131571153,L2,0.061...
GetData ===>> H2,0.0748562321618359,H1,0.616818599085956,AX,-0.0939553523553736,L1,-0.0235088628978015,L2,-0.03...
GetData ===>> H2,-0.0564876521666273,H1,0.583608513872691,AX,0.043431812842492,L1,-0.0139014502489744,L2,0.0618...
GetData ===>> H2,-0.132453714207593,H1,0.561856961462648,AX,-0.0430173821083453,L1,0.0256080520065346,L2,-0.179...
Peak center failed to move to a baseline position
_do_sweep sm= 5.86414537806, em= 5.89414537806, stm= 0.001
calculated step values: start=5.86414537806, end=5.89414537806, width=0.001, nsteps=31.0
setting magnet DAC
current  : 5.864145
requested: 5.864145
Delta Dac: 0.000000
Checking detector protection. dv=0.00000
Checking detector "CDD". Protection Threshold: 0.1 (V)
SetMagnetDAC 5.86414537806 ===>> OK
GetData ===>> H2,-0.132453714207593,H1,0.561856961462648,AX,-0.0430173821083453,L1,0.0256080520065346,L2,-0.179...
setting magnet DAC
current  : 5.864145
requested: 5.865180
Delta Dac: 0.001034
Checking detector protection. dv=0.00103
Checking detector "CDD". Protection Threshold: 0.1 (V)
SetMagnetDAC 5.86517986082 ===>> OK
Magnet settling time: 1.049
GetData ===>> H2,-0.0936692040859989,H1,1.11450172158694,AX,0.0644377336344066,L1,0.0154203076421869,L2,0.02610...
setting magnet DAC
current  : 5.865180
requested: 5.866214
Delta Dac: 0.001034
Checking detector protection. dv=0.00103
Checking detector "CDD". Protection Threshold: 0.1 (V)
SetMagnetDAC 5.86621434358 ===>> OK
Magnet settling time: 1.049
GetData ===>> H2,-0.0573386663162445,H1,3.56881856219673,AX,0.148637977487656,L1,-0.0412457581429637,L2,0.02027...
setting magnet DAC
current  : 5.866214
requested: 5.867249
Delta Dac: 0.001034
Checking detector protection. dv=0.00103
Checking detector "CDD". Protection Threshold: 0.1 (V)
SetMagnetDAC 5.86724882634 ===>> OK
Magnet settling time: 1.049
GetData ===>> H2,0.0069771439096632,H1,13.4757731999257,AX,0.525512817739462,L1,-0.0449528367182436,L2,-0.09034...
setting magnet DAC
current  : 5.867249
requested: 5.868283
Delta Dac: 0.001034
Checking detector protection. dv=0.00103
Checking detector "CDD". Protection Threshold: 0.1 (V)
SetMagnetDAC 5.86828330909 ===>> OK
Magnet settling time: 1.049
GetData ===>> H2,-0.124229730051699,H1,47.3582706014064,AX,2.44691882674955,L1,-0.0151741808573267,L2,-0.044989...
setting magnet DAC
current  : 5.868283
requested: 5.869318
Delta Dac: 0.001034
Checking detector protection. dv=0.00103
Checking detector "CDD". Protection Threshold: 0.1 (V)
SetMagnetDAC 5.86931779185 ===>> OK
Magnet settling time: 1.049
GetData ===>> H2,-0.155610271626409,H1,135.439384087427,AX,7.51520606600012,L1,0.0123520795978845,L2,0.01555561...
setting magnet DAC
current  : 5.869318
requested: 5.870352
Delta Dac: 0.001034
Checking detector protection. dv=0.00103
Checking detector "CDD". Protection Threshold: 0.1 (V)
SetMagnetDAC 5.87035227461 ===>> OK
Magnet settling time: 1.049
GetData ===>> H2,-0.158149975050078,H1,292.478873449907,AX,17.9187950999758,L1,0.104711983211593,L2,-0.04938312...
setting magnet DAC
current  : 5.870352
requested: 5.871387
Delta Dac: 0.001034
Checking detector protection. dv=0.00103
Checking detector "CDD". Protection Threshold: 0.1 (V)
SetMagnetDAC 5.87138675737 ===>> OK
Magnet settling time: 1.049
GetData ===>> H2,-0.158463345817055,H1,477.063850231642,AX,32.566797121636,L1,0.192581229317734,L2,-0.025958348...
setting magnet DAC
current  : 5.871387
requested: 5.872421
Delta Dac: 0.001034
Checking detector protection. dv=0.00103
Checking detector "CDD". Protection Threshold: 0.1 (V)
SetMagnetDAC 5.87242124013 ===>> OK
Magnet settling time: 1.049
GetData ===>> H2,-0.16115095472788,H1,616.109404151353,AX,45.1847299005873,L1,0.364319327537489,L2,-0.054094704...
setting magnet DAC
current  : 5.872421
requested: 5.873456
Delta Dac: 0.001034
Checking detector protection. dv=0.00103
Checking detector "CDD". Protection Threshold: 0.1 (V)
SetMagnetDAC 5.87345572289 ===>> OK
Magnet settling time: 1.049
GetData ===>> H2,-0.171009964776668,H1,688.013014761441,AX,53.3747642689538,L1,0.487692703741234,L2,0.044190934...
setting magnet DAC
current  : 5.873456
requested: 5.874490
Delta Dac: 0.001034
Checking detector protection. dv=0.00103
Checking detector "CDD". Protection Threshold: 0.1 (V)
SetMagnetDAC 5.87449020565 ===>> OK
Magnet settling time: 1.049
GetData ===>> H2,-0.102024142129584,H1,714.188777765253,AX,57.0547004438656,L1,0.611507325460231,L2,-0.01033864...
setting magnet DAC
current  : 5.874490
requested: 5.875525
Delta Dac: 0.001034
Checking detector protection. dv=0.00103
Checking detector "CDD". Protection Threshold: 0.1 (V)
SetMagnetDAC 5.87552468841 ===>> OK
Magnet settling time: 1.049
GetData ===>> H2,-0.0351454418445756,H1,723.14789413107,AX,58.3001835168998,L1,0.721193569878006,L2,0.030772044...
setting magnet DAC
current  : 5.875525
requested: 5.876559
Delta Dac: 0.001034
Checking detector protection. dv=0.00103
Checking detector "CDD". Protection Threshold: 0.1 (V)
SetMagnetDAC 5.87655917116 ===>> OK
Magnet settling time: 1.049
GetData ===>> H2,-0.0716187416447474,H1,723.511450296341,AX,58.3982595192516,L1,0.72055302627196,L2,0.014690081...
setting magnet DAC
current  : 5.876559
requested: 5.877594
Delta Dac: 0.001034
Checking detector protection. dv=0.00103
Checking detector "CDD". Protection Threshold: 0.1 (V)
SetMagnetDAC 5.87759365392 ===>> OK
Magnet settling time: 1.049
GetData ===>> H2,-0.0905074445791609,H1,723.477653851132,AX,58.4529365805453,L1,0.717685958547948,L2,-0.0520462...
setting magnet DAC
current  : 5.877594
requested: 5.878628
Delta Dac: 0.001034
Checking detector protection. dv=0.00103
Checking detector "CDD". Protection Threshold: 0.1 (V)
SetMagnetDAC 5.87862813668 ===>> OK
Magnet settling time: 1.049
GetData ===>> H2,-0.0881409635598417,H1,723.254984191889,AX,58.5152725088045,L1,0.748373424816829,L2,0.11931679...
setting magnet DAC
current  : 5.878628
requested: 5.879663
Delta Dac: 0.001034
Checking detector protection. dv=0.00103
Checking detector "CDD". Protection Threshold: 0.1 (V)
SetMagnetDAC 5.87966261944 ===>> OK
Magnet settling time: 1.049
GetData ===>> H2,-0.151441793068621,H1,723.13017658785,AX,58.4764673511906,L1,0.711674060653771,L2,0.0269449297...
setting magnet DAC
current  : 5.879663
requested: 5.880697
Delta Dac: 0.001034
Checking detector protection. dv=0.00103
Checking detector "CDD". Protection Threshold: 0.1 (V)
SetMagnetDAC 5.8806971022 ===>> OK
Magnet settling time: 1.049
GetData ===>> H2,-0.15098582537938,H1,723.190154867375,AX,58.3992846853092,L1,0.707241342115066,L2,-0.140837046...
setting magnet DAC
current  : 5.880697
requested: 5.881732
Delta Dac: 0.001034
Checking detector protection. dv=0.00103
Checking detector "CDD". Protection Threshold: 0.1 (V)
SetMagnetDAC 5.88173158496 ===>> OK
Magnet settling time: 1.049
GetData ===>> H2,-0.131999685128417,H1,722.562728339311,AX,58.4364073218211,L1,0.750768383941734,L2,-0.02226995...
setting magnet DAC
current  : 5.881732
requested: 5.882766
Delta Dac: 0.001034
Checking detector protection. dv=0.00103
Checking detector "CDD". Protection Threshold: 0.1 (V)
SetMagnetDAC 5.88276606772 ===>> OK
Magnet settling time: 1.049
GetData ===>> H2,-0.0232021969965615,H1,722.310786242376,AX,58.1955003407334,L1,0.741423187168117,L2,0.00280119...
setting magnet DAC
current  : 5.882766
requested: 5.883801
Delta Dac: 0.001034
Checking detector protection. dv=0.00103
Checking detector "CDD". Protection Threshold: 0.1 (V)
SetMagnetDAC 5.88380055047 ===>> OK
Magnet settling time: 1.049
GetData ===>> H2,-0.101970049595984,H1,718.468607412891,AX,57.9028649391403,L1,0.755633429867236,L2,-0.10456460...
setting magnet DAC
current  : 5.883801
requested: 5.884835
Delta Dac: 0.001034
Checking detector protection. dv=0.00103
Checking detector "CDD". Protection Threshold: 0.1 (V)
SetMagnetDAC 5.88483503323 ===>> OK
Magnet settling time: 1.049
GetData ===>> H2,-0.247065413446565,H1,706.306505743011,AX,56.0439408509855,L1,0.715442359308633,L2,0.040135451...
setting magnet DAC
current  : 5.884835
requested: 5.885870
Delta Dac: 0.001034
Checking detector protection. dv=0.00103
Checking detector "CDD". Protection Threshold: 0.1 (V)
SetMagnetDAC 5.88586951599 ===>> OK
Magnet settling time: 1.049
GetData ===>> H2,-0.214998671139158,H1,664.973513117076,AX,50.0440058157919,L1,0.659530907917721,L2,-0.20297009...
setting magnet DAC
current  : 5.885870
requested: 5.886904
Delta Dac: 0.001034
Checking detector protection. dv=0.00103
Checking detector "CDD". Protection Threshold: 0.1 (V)
SetMagnetDAC 5.88690399875 ===>> OK
Magnet settling time: 1.049
GetData ===>> H2,-0.294375725004687,H1,565.108128753464,AX,38.852281283232,L1,0.531568721249417,L2,-0.019902030...
setting magnet DAC
current  : 5.886904
requested: 5.887938
Delta Dac: 0.001034
Checking detector protection. dv=0.00103
Checking detector "CDD". Protection Threshold: 0.1 (V)
SetMagnetDAC 5.88793848151 ===>> OK
Magnet settling time: 1.049
GetData ===>> H2,-0.233990578570361,H1,400.660854222736,AX,24.0445349691626,L1,0.385611756081062,L2,0.119704428...
setting magnet DAC
current  : 5.887938
requested: 5.888973
Delta Dac: 0.001034
Checking detector protection. dv=0.00103
Checking detector "CDD". Protection Threshold: 0.1 (V)
SetMagnetDAC 5.88897296427 ===>> OK
Magnet settling time: 1.049
GetData ===>> H2,-0.316160407935852,H1,221.016895133551,AX,11.2926518596887,L1,0.242944280999911,L2,0.025760377...
setting magnet DAC
current  : 5.888973
requested: 5.890007
Delta Dac: 0.001034
Checking detector protection. dv=0.00103
Checking detector "CDD". Protection Threshold: 0.1 (V)
SetMagnetDAC 5.89000744703 ===>> OK
Magnet settling time: 1.049
GetData ===>> H2,-0.131040218685413,H1,51.5992420071419,AX,1.85836170505677,L1,0.0542849853208077,L2,-0.0391397...
setting magnet DAC
current  : 5.890007
requested: 5.891042
Delta Dac: 0.001034
Checking detector protection. dv=0.00103
Checking detector "CDD". Protection Threshold: 0.1 (V)
SetMagnetDAC 5.89104192978 ===>> OK
Magnet settling time: 1.049
GetData ===>> H2,-0.200457378490498,H1,14.9063333011134,AX,0.369708234578291,L1,0.0376742965322885,L2,-0.051841...
setting magnet DAC
current  : 5.891042
requested: 5.892076
Delta Dac: 0.001034
Checking detector protection. dv=0.00103
Checking detector "CDD". Protection Threshold: 0.1 (V)
SetMagnetDAC 5.89207641254 ===>> OK
Magnet settling time: 1.049
GetData ===>> H2,-0.187008533590112,H1,3.7256400400371,AX,-0.0179443482469917,L1,0.0603204518528759,L2,-0.08160...
setting magnet DAC
current  : 5.892076
requested: 5.893111
Delta Dac: 0.001034
Checking detector protection. dv=0.00103
Checking detector "CDD". Protection Threshold: 0.1 (V)
SetMagnetDAC 5.8931108953 ===>> OK
Magnet settling time: 1.049
GetData ===>> H2,-0.169585096159112,H1,0.778291388966923,AX,-0.0988923905834402,L1,0.0278322887261402,L2,-0.011...
setting magnet DAC
current  : 5.893111
requested: 5.894145
Delta Dac: 0.001034
Checking detector protection. dv=0.00103
Checking detector "CDD". Protection Threshold: 0.1 (V)
SetMagnetDAC 5.89414537806 ===>> OK
Magnet settling time: 1.049
GetData ===>> H2,-0.136574278343474,H1,0.0789293406371129,AX,-0.123805545208659,L1,-0.0205988574096803,L2,0.133...
result of _do_sweep=True
result of _calculate_peak_center=([5.8718366226183605, 5.879469820047702, 5.8871030174770436], [537.53055404041288, 723.51117938295249, 533.47097774151734], 5.8765674636106908, 723.51117938295249)
Failed to find a valid peak. No peak greater than 1.0. max = 0.0362647720604
new center pos Detector(H1) (Ar40) @ 5.87946982005
GetHighVoltage ===>> 4499.94659342336
GetDeflection H1 ===>> 0
dac uncorrected for HV and deflection 5.8795044439
update mftable H1 Ar40 5.8795044439 message=automated run peakcenter
get initial guess parabolic
get initial guess parabolic
get initial guess parabolic
get initial guess parabolic
get initial guess parabolic
get initial guess parabolic
dump mftable to /Users/jan/PychronDev/setupfiles/spectrometer/mftables/mftable.csv
add to repo msg=modified - automated run peakcenter
locally archiving mftable
setting magnet DAC
current  : 5.894145
requested: 5.879470
Delta Dac: 0.014676
Checking detector protection. dv=0.01468
Checking detector "CDD". Protection Threshold: 0.1 (V)
SetMagnetDAC 5.87946982005 ===>> OK
Magnet settling time: 0.500
sweep finished
setting integration time = 1.048576
SetIntegrationTime 1.048576 ===>> OK
Failed to find a valid peak. No peak greater than 1.0. max = 0.0362892350317
flush and close file /Users/jan/PychronDev/data/isotopes/a9/6e158a-f74d-46ef-bd04-dbc4970cf184.h5
finished measure script
executed snippet estimated_duration=224.052928, duration=270.68691802
jan_unknown120_60.py completed successfully
Measurement Finished
15:52:24 -- ******* Measurement Finished *******
Post Measurement Started jan_pump_ms.py
15:52:24 -- ******* Post Measurement Started jan_pump_ms.py *******
testing...
no interpolation path defined
executed snippet estimated_duration=0, duration=2.8133392334e-05
Pumping spectrometer
open () {'name': 'O'}
opening name=O desc=---
checking ownership. requestor=129.138.12.150
check software interlocks O
interlocks []
actuate state mode=None-script, software_lock=False
doing actuation None-script open_channel True
Open O ===>> OK
GetIndicatorState O ===>> OK
change switch state (True, True)
update switch state O True args=() kw={} ncanvase=2
15:52:24 -- OPEN   VALVE-O (Jan Ion Pump)
---------------------------------------- open O () result=[(True, True)], time=0.12 sec
action=open, ok=True, locked=[False]
executed snippet estimated_duration=0, duration=0.383544921875
jan_pump_ms.py completed successfully
setting _ms_pumptime
Post Measurement Finished
15:52:24 -- ******* Post Measurement Finished *******
$$$$$$$$$$$$$$$$$$$$ state at run end measurement
state changed from measurement to success
post measurement save measured=True aborted=False
Set filtering
setting fod for Ar40= {'filter_outliers': True, 'std_devs': 2, 'iterations': 1}
setting fod for H1= {'filter_outliers': True, 'std_devs': 2, 'iterations': 1}
setting fod for PM41= {'filter_outliers': False, 'std_devs': 2, 'iterations': 1}
setting fod for H2= {'filter_outliers': True, 'std_devs': 2, 'iterations': 1}
setting fod for Ar36= {'filter_outliers': True, 'std_devs': 2, 'iterations': 1}
setting fod for CDD= {'filter_outliers': True, 'std_devs': 10, 'iterations': 1}
setting fod for Ar37= {'filter_outliers': True, 'std_devs': 2, 'iterations': 1}
setting fod for L2= {'filter_outliers': True, 'std_devs': 2, 'iterations': 1}
setting fod for Ar38= {'filter_outliers': True, 'std_devs': 2, 'iterations': 1}
setting fod for L1= {'filter_outliers': True, 'std_devs': 2, 'iterations': 1}
setting fod for Ar39= {'filter_outliers': True, 'std_devs': 2, 'iterations': 1}
setting fod for AX= {'filter_outliers': True, 'std_devs': 2, 'iterations': 1}
persistence save...
persistence save - db
post measurement save
7443861680 connecting to database sqlite:////Users/jan/PychronDev/.appdata/local_lab.db
connected to db sqlite:////Users/jan/PychronDev/.appdata/local_lab.db
create new session 7443861680
close session 7443861680
No database instance. Not saving post measurement to isotopedb database
$$$$$$$$$$$$$$$ auto_save_detector_ic=False
massspec enabled True
create new session 4985539184
MassSpec Database Version: 16.0
close session 4985539184
saving post measurement to secondary database
saving to massspec database 129.138.12.160/massspecdata
setting labnumber to c-02-J
setting aliquot to 1269
setting step to 
setting uuid to a96e158a-f74d-46ef-bd04-dbc4970cf184
setting irradpos to c-02-J
setting extract_device to Fusions CO2
setting tray to 
setting position to 
setting power_requested to 0.0
setting extract_value to 0.0
setting duration to 0.0
setting duration_at_request to 0.0
setting first_stage_delay to 0.0
setting cleanup to 0.0
setting comment to 
setting irradiation to Cocktail-02
setting level to A
setting irradiation_level to A
setting sample to cocktail
setting material to 
setting project to 
setting mass_spectrometer to jan
no attribute chron_dosages
no attribute production_ratios
no attribute interference_corrections
no attribute production_name
no attribute j
Reference Isotope=Ar40
Reference Detector=H1
%%%%%%%%%%%%%%%%%%%% Comment:  %%%%%%%%%%%%%%%%%%%
adding isotope PM41 H2
add baseline dbdet= PM41. original det= H2
get baseline data PM41 H2
Get data baseline <pychron.processing.isotope.Baseline object at 0x1f3fcdc10> len t=60
baseline PM41. v=-0.198001223987, e=0.00822956480652
get signal data PM41 H2
Get data signal PM41 0.09+/-0.07 len t=120
adding isotope Ar40 H1
add baseline dbdet= Ar40. original det= H1
get baseline data Ar40 H1
Get data baseline <pychron.processing.isotope.Baseline object at 0x1f3fcde10> len t=60
baseline Ar40. v=-0.0118394410585, e=0.00586334615601
get signal data Ar40 H1
Get data signal Ar40 794.37+/-0.04 len t=120
adding isotope Ar39 AX
add baseline dbdet= Ar39. original det= AX
get baseline data Ar39 AX
Get data baseline <pychron.processing.isotope.Baseline object at 0x1f3fcdfd0> len t=60
baseline Ar39. v=-0.0665330149498, e=0.00733870140996
get signal data Ar39 AX
Get data signal Ar39 64.034+/-0.016 len t=120
adding isotope Ar38 L1
add baseline dbdet= Ar38. original det= L1
get baseline data Ar38 L1
Get data baseline <pychron.processing.isotope.Baseline object at 0x1f3fc71d0> len t=60
baseline Ar38. v=-0.0248483332372, e=0.00240299883719
get signal data Ar38 L1
Get data signal Ar38 0.841+/-0.005 len t=120
adding isotope Ar37 L2
add baseline dbdet= Ar37. original det= L2
get baseline data Ar37 L2
Get data baseline <pychron.processing.isotope.Baseline object at 0x1f3fc7390> len t=60
baseline Ar37. v=-0.0277455718947, e=0.00579730527627
get signal data Ar37 L2
Get data signal Ar37 0.058+/-0.011 len t=120
adding isotope Ar36 CDD
add baseline dbdet= Ar36. original det= CDD
get baseline data Ar36 CDD
Get data baseline <pychron.processing.isotope.Baseline object at 0x1f3fc7550> len t=60
baseline Ar36. v=0.000168714134588, e=2.10725631561e-05
get signal data Ar36 CDD
Get data signal Ar36 0.02757+/-0.00033 len t=120
4416-1269 added analysis time 0.455663919449s
analysis added to mass spec database
mass spec save time= 0.467
persistence save - dvc
================= post measurement started
create new session 4989601072
close session 4989601072
---------------- Experiment Queue saving disabled
DVC saving peakcenter
Failed to find a valid peak. No peak greater than 1.0. max = 0.0362892350317
Smart pull ahead: 0 behind: 0
Up-to-date with origin
add to repo msg=modified - ad8224ebc6dbfeb9f5997218dfa5fe690569839d.json
add to repo msg=modified - -J-1269.json
add to repo msg=modified - -J-1269.dat.json
add to repo msg=modified - -J-1269.blan.json
add to repo msg=modified - -J-1269.inte.json
add to repo msg=modified - -J-1269.icfa.json
add to repo msg=modified - -J-1269.base.json
not at valid file /Users/jan/PychronDev/data/.dvc/repositories/Load1791/c-02/tags/-J-1269.tags.json
add to repo msg=modified - -J-1269.peak.json
add to repo msg=modified - -J-1269.extr.json
not at valid file /Users/jan/PychronDev/data/.dvc/repositories/Load1791/c-02/monitor/-J-1269.moni.json
commit message=<COLLECTION>
add to repo msg=modified - -J-1269.inte.json
add to repo msg=modified - -J-1269.base.json
commit message=<ISOEVO> default collection fits
add to repo msg=modified - -J-1269.blan.json
commit message=<BLANKS> preceding bc-02-J-366
add to repo msg=modified - -J-1269.icfa.json
commit message=<ICFactor> default
push repository <pychron.git_archive.repo_manager.GitRepoManager object at 0x1ef157110>
pushing to remote=origin, url=https://github.com
no changes to meta repo
create new session 4989601072
add association Load1791
get identifier "c-02-J"
setting analysis irradiation position=<pychron.dvc.dvc_orm.IrradiationPositionTbl object at 0x1fb4510d0>
close session 4989601072
================= post measurement finished
15:52:37 -- ******* Post Run Check *******
loading queue conditionals post_run_actions
loading system conditionals post_run_actions
loading conditionals from /Users/jan/PychronDev/setupfiles/spectrometer/default_conditionals.yaml
loading queue conditionals post_run_terminations
loading system conditionals post_run_terminations
loading conditionals from /Users/jan/PychronDev/setupfiles/spectrometer/default_conditionals.yaml
Checking default post run terminations n=1
GetDeflection CDD ===>> 50
testing CDD==2000
evaluate ot="CDD.deflection==2000" t="CDD==2000", ctx="{'CDD': 50.0}"
15:52:37 -- ******* Post Run Check Passed *******
15:52:37 -- Automated run c-02-J-1269 success duration: 352.124 s
----------------- finish -----------------
----------------- stop -----------------
retroactive repository identifiers disabled
finish run. runs completed=137
update duration runid=c-02-J-1269, duration=352.124374866, md5=c594f137
write rem/ex queues
/Users/jan/PychronDev/experiments/rem/CurrentExperiment.rem.txt
/Users/jan/PychronDev/experiments/rem/CurrentExperiment.ex.txt
doing event level: 3
