do run
loading script "jan_unknown120_60.py"
loading script "jan_pump_ms.py"
loading script "jan_cocktail_x1.py"
loading script "jan_pump_extraction_line.py"
testing...
no interpolation path defined
executed snippet estimated_duration=213.652928, duration=0.00029993057251
script duration name:unknown120_60 seconds:214.0
loading script "jan_unknown120_60.py"
loading script "jan_pump_ms.py"
loading script "jan_cocktail_x1.py"
loading script "jan_pump_extraction_line.py"
testing...
no interpolation path defined
executed snippet estimated_duration=0, duration=3.21865081787e-05
loading script "jan_unknown120_60.py"
loading script "jan_pump_ms.py"
loading script "jan_cocktail_x1.py"
loading script "jan_pump_extraction_line.py"
testing...
no interpolation path defined
calculate duration
testing...
no interpolation path defined
executed snippet estimated_duration=0, duration=6.103515625e-05
calculate duration
testing...
no interpolation path defined
executed snippet estimated_duration=0, duration=0.000103950500488
calculate duration
testing...
no interpolation path defined
executed snippet estimated_duration=32.0, duration=0.000110149383545
calculate duration
testing...
no interpolation path defined
executed snippet estimated_duration=34.0, duration=0.000140905380249
calculate duration
testing...
no interpolation path defined
executed snippet estimated_duration=4.0, duration=0.000157833099365
calculate duration
testing...
no interpolation path defined
executed snippet estimated_duration=38.0, duration=0.000126123428345
executed snippet estimated_duration=108.0, duration=0.00898885726929
script duration name:cocktail_x1 seconds:108.0
loading script "jan_unknown120_60.py"
loading script "jan_pump_ms.py"
loading script "jan_cocktail_x1.py"
loading script "jan_pump_extraction_line.py"
testing...
no interpolation path defined
calculate duration
testing...
no interpolation path defined
executed snippet estimated_duration=4.0, duration=0.000179052352905
executed snippet estimated_duration=4.0, duration=0.00174307823181
Script duration 322.0
Run total estimated duration= 323.000
run duration: 0:05:23
doing event level: 2
23:17:42 -- Setting default integration. t=1.048576
setting integration time = 1.048576
SetIntegrationTime 1.048576 ===>> OK
----------------- start -----------------
**************** Experiment Type: Ar/Ar, Ar/Ar
create new session 4436069840
close session 4436069840
$$$$$ Clearing conditionals
adding conditionals 
Add queue conditionals
add default conditionals
adding default conditionals from /Users/jan/PychronDev/setupfiles/spectrometer/default_conditionals.yaml
Start automated run c-02-J-1272
loading script "jan_unknown120_60.py"
loading script "jan_pump_ms.py"
loading script "jan_cocktail_x1.py"
loading script "jan_pump_extraction_line.py"
%%%%%%%%%%%%%%%%%% setting automated run c-02-J-1272
No value "sensitivity_multiplier" in metadata
$$$$$$$$$$$$$$$ auto_save_detector_ic=False
============================= Pre Extraction Check =============================
loading queue conditionals pre_run_terminations
loading system conditionals pre_run_terminations
loading conditionals from /Users/jan/PychronDev/setupfiles/spectrometer/default_conditionals.yaml
23:17:42 -- ******* Pre Extraction Check *******
Get a measurement from the spectrometer
GetData ===>> H2,-0.190521687566554,H1,-0.0288417447418475,AX,0.108310684450177,L1,-0.0208293832688931,L2,0.089...
Pre Extraction Termination data. keys=H2,H1,AX,L1,L2,CDD, signals=-0.19052,-0.02884,0.10831,-0.02083,0.08956,0.00357
23:17:42 -- testing system defined conditionals
Checking default pre extraction terminations n=2
testing CDD
evaluate ot="CDD.inactive" t="CDD", ctx="{'CDD': False}"
GetDeflection CDD ===>> 50
testing CDD==2000
evaluate ot="CDD.deflection==2000" t="CDD==2000", ctx="{'CDD': 50.0}"
23:17:42 -- ******* Pre Extraction Check Passed *******
=================================================================================
23:17:42 -- stopping status monitor
stop 4982387056
Alive clients [4989850544]
23:17:42 -- starting status monitor
start 4982387056
Monitor already running
start extraction
do extraction
Analysis started at 23:17:42.434511
Extraction Started jan_cocktail_x1.py
23:17:42 -- ******* Extraction Started jan_cocktail_x1.py *******
state changed from not run to extraction
DO EXTRACTION <pychron.extraction_line.pyscript_runner.RemotePyScriptRunner object at 0x12c299590>
testing...
no interpolation path defined
calculate duration
testing...
no interpolation path defined
executed snippet estimated_duration=0, duration=5.00679016113e-05
calculate duration
testing...
no interpolation path defined
executed snippet estimated_duration=0, duration=0.000102043151855
calculate duration
testing...
no interpolation path defined
executed snippet estimated_duration=32.0, duration=0.000117063522339
calculate duration
testing...
no interpolation path defined
executed snippet estimated_duration=34.0, duration=0.000108003616333
calculate duration
testing...
no interpolation path defined
executed snippet estimated_duration=4.0, duration=0.000148057937622
calculate duration
testing...
no interpolation path defined
executed snippet estimated_duration=38.0, duration=0.000113010406494
executed snippet estimated_duration=108.0, duration=0.0160889625549
Jan Cocktail Pipette x1
doing GOSUB
testing...
no interpolation path defined
executed snippet estimated_duration=0, duration=4.6968460083e-05
Waiting for minibone access
wait ('FelixMiniboneFlag', 0) {}
waiting for FelixMiniboneFlag = 0
Read FelixMiniboneFlag ===>> 0
finished waiting
Minibone free
acquire ('JanMiniboneFlag',) {'clear': True}
acquire JanMiniboneFlag
Set JanMiniboneFlag 1 ===>> OK
JanMiniboneFlag acquired
set extraction state False (0.75, 'red', 1.5)
Minibone acquired
wait ('MinibonePumpTimeFlag', 0) {}
waiting for MinibonePumpTimeFlag = 0
Read MinibonePumpTimeFlag ===>> 0
finished waiting
executed snippet estimated_duration=0, duration=0.0279660224915
WaitForMiniboneAccess.py completed successfully
gosub finished
doing GOSUB
testing...
no interpolation path defined
executed snippet estimated_duration=0, duration=0.000133991241455
Prepare for Air Shot
close () {'description': 'Jan Inlet'}
closing name=--- desc=Jan Inlet
checking ownership. requestor=129.138.12.150
check software interlocks R
interlocks []
actuate state mode=None-script, software_lock=False
doing actuation None-script close_channel False
Close R ===>> OK
GetIndicatorState R ===>> False
change switch state (True, True)
update switch state R False args=() kw={} ncanvase=2
23:17:42 -- CLOSE  VALVE-R (Jan Inlet)
---------------------------------------- close None (Jan Inlet) result=[(True, True)]
action=close, ok=True, locked=[False]
open () {'description': 'Jan Ion Pump'}
opening name=--- desc=Jan Ion Pump
checking ownership. requestor=129.138.12.150
check software interlocks O
interlocks []
actuate state mode=None-script, software_lock=False
doing actuation None-script open_channel False
Open O ===>> OK
GetIndicatorState O ===>> OK
change switch state (True, True)
update switch state O True args=() kw={} ncanvase=2
23:17:43 -- OPEN   VALVE-O (Jan Ion Pump)
---------------------------------------- open None (Jan Ion Pump) result=[(True, True)], time=0.10 sec
action=open, ok=True, locked=[False]
close () {'description': 'Minibone to Bone'}
closing name=--- desc=Minibone to Bone
checking ownership. requestor=129.138.12.150
check software interlocks I
interlocks []
actuate state mode=None-script, software_lock=False
doing actuation None-script close_channel True
Close I ===>> OK
GetIndicatorState I ===>> False
change switch state (True, True)
update switch state I False args=() kw={} ncanvase=2
23:17:44 -- CLOSE  VALVE-I (Minibone to Bone)
---------------------------------------- close None (Minibone to Bone) result=[(True, True)]
action=close, ok=True, locked=[False]
close () {'description': 'Bone to Minibone'}
closing name=--- desc=Bone to Minibone
checking ownership. requestor=129.138.12.150
check software interlocks E
interlocks []
actuate state mode=None-script, software_lock=False
doing actuation None-script close_channel False
Close E ===>> OK
GetIndicatorState E ===>> False
change switch state (True, True)
update switch state E False args=() kw={} ncanvase=2
23:17:44 -- CLOSE  VALVE-E (Bone to Minibone)
---------------------------------------- close None (Bone to Minibone) result=[(True, True)]
action=close, ok=True, locked=[False]
close () {'description': 'Minibone to Turbo'}
closing name=--- desc=Minibone to Turbo
checking ownership. requestor=129.138.12.150
check software interlocks P
interlocks []
actuate state mode=None-script, software_lock=False
doing actuation None-script close_channel True
Close P ===>> OK
GetIndicatorState P ===>> False
change switch state (True, True)
update switch state P False args=() kw={} ncanvase=2
23:17:44 -- CLOSE  VALVE-P (Minibone to Turbo)
---------------------------------------- close None (Minibone to Turbo) result=[(True, True)]
action=close, ok=True, locked=[False]
close () {'description': 'Quad Inlet'}
closing name=--- desc=Quad Inlet
checking ownership. requestor=129.138.12.150
check software interlocks Q
interlocks []
actuate state mode=None-script, software_lock=False
doing actuation None-script close_channel True
Close Q ===>> OK
GetIndicatorState Q ===>> False
change switch state (True, True)
update switch state Q False args=() kw={} ncanvase=2
23:17:45 -- CLOSE  VALVE-Q (Quad Inlet)
---------------------------------------- close None (Quad Inlet) result=[(True, True)]
action=close, ok=True, locked=[False]
open () {'description': 'Microbone to Turbo'}
opening name=--- desc=Microbone to Turbo
checking ownership. requestor=129.138.12.150
check software interlocks U
interlocks []
actuate state mode=None-script, software_lock=False
doing actuation None-script open_channel False
Open U ===>> OK
GetIndicatorState U ===>> OK
change switch state (True, True)
update switch state U True args=() kw={} ncanvase=2
23:17:45 -- OPEN   VALVE-U (Microbone to Turbo)
---------------------------------------- open None (Microbone to Turbo) result=[(True, True)], time=0.14 sec
action=open, ok=True, locked=[False]
open () {'description': 'Microbone to Inlet Pipette'}
opening name=--- desc=Microbone to Inlet Pipette
checking ownership. requestor=129.138.12.150
check software interlocks S
interlocks []
actuate state mode=None-script, software_lock=False
doing actuation None-script open_channel False
Open S ===>> OK
GetIndicatorState S ===>> OK
change switch state (True, True)
update switch state S True args=() kw={} ncanvase=2
23:17:46 -- OPEN   VALVE-S (Microbone to Inlet Pipette)
---------------------------------------- open None (Microbone to Inlet Pipette) result=[(True, True)], time=0.43 sec
action=open, ok=True, locked=[False]
open () {'description': 'Microbone to Getter D-50'}
opening name=--- desc=Microbone to Getter D-50
checking ownership. requestor=129.138.12.150
check software interlocks K
interlocks []
actuate state mode=None-script, software_lock=False
doing actuation None-script open_channel False
Open K ===>> OK
GetIndicatorState K ===>> OK
change switch state (True, True)
update switch state K True args=() kw={} ncanvase=2
23:17:47 -- OPEN   VALVE-K (Microbone to Getter D-50)
---------------------------------------- open None (Microbone to Getter D-50) result=[(True, True)], time=0.42 sec
action=open, ok=True, locked=[False]
open () {'description': 'Microbone to Getter NP-10'}
opening name=--- desc=Microbone to Getter NP-10
checking ownership. requestor=129.138.12.150
check software interlocks M
interlocks []
actuate state mode=None-script, software_lock=False
doing actuation None-script open_channel False
Open M ===>> OK
GetIndicatorState M ===>> OK
change switch state (True, True)
update switch state M True args=() kw={} ncanvase=2
23:17:47 -- OPEN   VALVE-M (Microbone to Getter NP-10)
---------------------------------------- open None (Microbone to Getter NP-10) result=[(True, True)], time=0.13 sec
action=open, ok=True, locked=[False]
close () {'description': 'Microbone to CO2 Laser'}
closing name=--- desc=Microbone to CO2 Laser
checking ownership. requestor=129.138.12.150
check software interlocks T
interlocks []
actuate state mode=None-script, software_lock=False
doing actuation None-script close_channel True
Close T ===>> OK
GetIndicatorState T ===>> False
change switch state (True, True)
update switch state T False args=() kw={} ncanvase=2
23:17:48 -- CLOSE  VALVE-T (Microbone to CO2 Laser)
---------------------------------------- close None (Microbone to CO2 Laser) result=[(True, True)]
action=close, ok=True, locked=[False]
executed snippet estimated_duration=0, duration=5.86812806129
PrepareForAirShot.py completed successfully
gosub finished
doing GOSUB
testing...
no interpolation path defined
executed snippet estimated_duration=32.0, duration=0.000113010406494
Evacuate Pipette 1
open () {'description': 'Microbone to Turbo'}
opening name=--- desc=Microbone to Turbo
checking ownership. requestor=129.138.12.150
check software interlocks U
interlocks []
actuate state mode=None-script, software_lock=False
doing actuation None-script open_channel False
Open U ===>> OK
GetIndicatorState U ===>> OK
change switch state (True, True)
update switch state U True args=() kw={} ncanvase=2
23:17:48 -- OPEN   VALVE-U (Microbone to Turbo)
---------------------------------------- open None (Microbone to Turbo) result=[(True, True)], time=0.14 sec
action=open, ok=True, locked=[False]
open () {'description': 'Microbone to Minibone'}
opening name=--- desc=Microbone to Minibone
checking ownership. requestor=129.138.12.150
check software interlocks L
interlocks []
actuate state mode=None-script, software_lock=False
doing actuation None-script open_channel True
Open L ===>> OK
GetIndicatorState L ===>> OK
change switch state (True, True)
update switch state L True args=() kw={} ncanvase=2
23:17:49 -- OPEN   VALVE-L (Microbone to Minibone)
---------------------------------------- open None (Microbone to Minibone) result=[(True, True)], time=0.44 sec
action=open, ok=True, locked=[False]
close () {'description': 'Inner Pipette 1'}
closing name=--- desc=Inner Pipette 1
checking ownership. requestor=129.138.12.150
check software interlocks X
interlocks ['W']
actuate state mode=None-script, software_lock=False
doing actuation None-script close_channel False
Close X ===>> OK
GetIndicatorState X ===>> False
change switch state (True, True)
update switch state X False args=() kw={} ncanvase=2
23:17:49 -- CLOSE  VALVE-X (Inner Pipette 1)
---------------------------------------- close None (Inner Pipette 1) result=[(True, True)]
action=close, ok=True, locked=[False]
sleep (1,) {}
SLEEP 1.0
open () {'description': 'Outer Pipette 1'}
opening name=--- desc=Outer Pipette 1
checking ownership. requestor=129.138.12.150
check software interlocks W
interlocks ['X']
actuate state mode=None-script, software_lock=False
doing actuation None-script open_channel True
Open W ===>> OK
GetIndicatorState W ===>> OK
change switch state (True, True)
update switch state W True args=() kw={} ncanvase=2
23:17:50 -- OPEN   VALVE-W (Outer Pipette 1)
---------------------------------------- open None (Outer Pipette 1) result=[(True, True)], time=0.15 sec
action=open, ok=True, locked=[False]
sleep (15,) {}
SLEEP 15.0
block started
WaitControl setup for 15.0  
Join finished
block finished. duration 15.0599858761
executed snippet estimated_duration=48.0, duration=17.9264681339
EvacPipette1.py completed successfully
gosub finished
doing GOSUB
testing...
no interpolation path defined
executed snippet estimated_duration=34.0, duration=0.000138998031616
Fill Pipette 1
close () {'description': 'Outer Pipette 1'}
closing name=--- desc=Outer Pipette 1
checking ownership. requestor=129.138.12.150
check software interlocks W
interlocks ['X']
actuate state mode=None-script, software_lock=False
doing actuation None-script close_channel True
Close W ===>> OK
GetIndicatorState W ===>> False
change switch state (True, True)
update switch state W False args=() kw={} ncanvase=2
23:18:06 -- CLOSE  VALVE-W (Outer Pipette 1)
---------------------------------------- close None (Outer Pipette 1) result=[(True, True)]
action=close, ok=True, locked=[False]
sleep (1,) {}
SLEEP 1.0
filling cocktail pipette
open () {'description': 'Inner Pipette 1'}
opening name=--- desc=Inner Pipette 1
checking ownership. requestor=129.138.12.150
check software interlocks X
interlocks ['W']
actuate state mode=None-script, software_lock=False
doing actuation None-script open_channel True
Open X ===>> OK
GetIndicatorState X ===>> OK
change switch state (True, True)
update switch state X True args=() kw={} ncanvase=2
23:18:07 -- OPEN   VALVE-X (Inner Pipette 1)
---------------------------------------- open None (Inner Pipette 1) result=[(True, True)], time=0.12 sec
action=open, ok=True, locked=[False]
sleep (15,) {}
SLEEP 15.0
block started
WaitControl setup for 15.0  
Join finished
block finished. duration 15.0482239723
close () {'description': 'Inner Pipette 1'}
closing name=--- desc=Inner Pipette 1
checking ownership. requestor=129.138.12.150
check software interlocks X
interlocks ['W']
actuate state mode=None-script, software_lock=False
doing actuation None-script close_channel True
Close X ===>> OK
GetIndicatorState X ===>> False
change switch state (True, True)
update switch state X False args=() kw={} ncanvase=2
23:18:23 -- CLOSE  VALVE-X (Inner Pipette 1)
---------------------------------------- close None (Inner Pipette 1) result=[(True, True)]
action=close, ok=True, locked=[False]
sleep (1,) {}
SLEEP 1.0
executed snippet estimated_duration=51.0, duration=18.2039980888
FillPipette1.py completed successfully
gosub finished
doing GOSUB
testing...
no interpolation path defined
executed snippet estimated_duration=4.0, duration=7.48634338379e-05
Prepare for air expansion
close () {'description': 'Microbone to Turbo'}
closing name=--- desc=Microbone to Turbo
checking ownership. requestor=129.138.12.150
check software interlocks U
interlocks []
actuate state mode=None-script, software_lock=False
doing actuation None-script close_channel True
Close U ===>> OK
GetIndicatorState U ===>> False
change switch state (True, True)
update switch state U False args=() kw={} ncanvase=2
23:18:24 -- CLOSE  VALVE-U (Microbone to Turbo)
---------------------------------------- close None (Microbone to Turbo) result=[(True, True)]
action=close, ok=True, locked=[False]
open () {'description': 'Microbone to Getter NP-10'}
opening name=--- desc=Microbone to Getter NP-10
checking ownership. requestor=129.138.12.150
check software interlocks M
interlocks []
actuate state mode=None-script, software_lock=False
doing actuation None-script open_channel False
Open M ===>> OK
GetIndicatorState M ===>> OK
change switch state (True, True)
update switch state M True args=() kw={} ncanvase=2
23:18:25 -- OPEN   VALVE-M (Microbone to Getter NP-10)
---------------------------------------- open None (Microbone to Getter NP-10) result=[(True, True)], time=0.13 sec
action=open, ok=True, locked=[False]
sleep (2,) {}
SLEEP 2.0
block started
WaitControl setup for 2.0  
Join finished
block finished. duration 2.04302597046
open () {'description': 'Microbone to Minibone'}
opening name=--- desc=Microbone to Minibone
checking ownership. requestor=129.138.12.150
check software interlocks L
interlocks []
actuate state mode=None-script, software_lock=False
doing actuation None-script open_channel False
Open L ===>> OK
GetIndicatorState L ===>> OK
change switch state (True, True)
update switch state L True args=() kw={} ncanvase=2
23:18:27 -- OPEN   VALVE-L (Microbone to Minibone)
---------------------------------------- open None (Microbone to Minibone) result=[(True, True)], time=0.41 sec
action=open, ok=True, locked=[False]
executed snippet estimated_duration=6.0, duration=3.51037216187
PrepareForAirShotExpansion.py completed successfully
gosub finished
doing GOSUB
testing...
no interpolation path defined
executed snippet estimated_duration=38.0, duration=0.000123977661133
Expand Pipette 1
close () {'description': 'Minibone to Turbo'}
closing name=--- desc=Minibone to Turbo
checking ownership. requestor=129.138.12.150
check software interlocks P
interlocks []
actuate state mode=None-script, software_lock=False
doing actuation None-script close_channel False
Close P ===>> OK
GetIndicatorState P ===>> False
change switch state (True, True)
update switch state P False args=() kw={} ncanvase=2
23:18:28 -- CLOSE  VALVE-P (Minibone to Turbo)
---------------------------------------- close None (Minibone to Turbo) result=[(True, True)]
action=close, ok=True, locked=[False]
sleep (2,) {}
SLEEP 2.0
block started
WaitControl setup for 2.0  
Join finished
block finished. duration 2.01746606827
open () {'description': 'Outer Pipette 1'}
opening name=--- desc=Outer Pipette 1
checking ownership. requestor=129.138.12.150
check software interlocks W
interlocks ['X']
actuate state mode=None-script, software_lock=False
doing actuation None-script open_channel True
Open W ===>> OK
GetIndicatorState W ===>> OK
increment shot count 1731
saved current shot count 1731
change switch state (True, True)
update switch state W True args=() kw={} ncanvase=2
23:18:30 -- OPEN   VALVE-W (Outer Pipette 1)
---------------------------------------- open None (Outer Pipette 1) result=[(True, True)], time=0.25 sec
action=open, ok=True, locked=[False]
sleep (15,) {}
SLEEP 15.0
block started
WaitControl setup for 15.0  
Join finished
block finished. duration 15.0898830891
close () {'description': 'Microbone to Minibone'}
closing name=--- desc=Microbone to Minibone
checking ownership. requestor=129.138.12.150
check software interlocks L
interlocks []
actuate state mode=None-script, software_lock=False
doing actuation None-script close_channel True
Close L ===>> OK
GetIndicatorState L ===>> False
change switch state (True, True)
update switch state L False args=() kw={} ncanvase=2
23:18:46 -- CLOSE  VALVE-L (Microbone to Minibone)
---------------------------------------- close None (Microbone to Minibone) result=[(True, True)]
action=close, ok=True, locked=[False]
sleep (2,) {}
SLEEP 2.0
block started
WaitControl setup for 2.0  
Join finished
block finished. duration 2.03687691689
executed snippet estimated_duration=57.0, duration=21.0329048634
ExpandPipette1.py completed successfully
gosub finished
executed snippet estimated_duration=108.0, duration=66.5985398293
jan_cocktail_x1.py completed successfully
GetAchievedOutput ===>> No Response
Requested Output= 0.000
Achieved Output=  0.000
GetResponseBlob ===>> No Response
GetOutputBlob ===>> No Response
persistence save...
persistence save - db
AutomatedRunPersister post_extraction_save deprecated
persistence save - dvc
no extraction position for 
create new session 4989601072
close session 4989601072
Extraction Finished
23:18:49 -- ******* Extraction Finished *******
no overlap. not waiting for min ms pumptime
23:18:49 -- Sending spectrometer configuration
======== Sending configuration ========
SetDeflection CDD,50.0 ===>> OK
SetDeflection H2,0.0 ===>> OK
SetDeflection H1,0.0 ===>> OK
SetDeflection L2,825.0 ===>> OK
SetDeflection L1,400.0 ===>> OK
SetDeflection AX,190.0 ===>> OK
SetZFocus 74.64 ===>> OK
SetZSymmetry -50.72 ===>> OK
SetExtractionLens 26.13 ===>> OK
SetIonRepeller -3.81 ===>> OK
SetElectronEnergy 75.08 ===>> OK
SetYSymmetry -2.81 ===>> OK
SetIonCounterVoltage 1590.0 ===>> OK
send trap current 200.0
GetParameter Trap Current Readback ===>> 198.147042666178
SetParameter Trap Current Set,200.0 ===>> OK
updating mftable name mftable
Using mftable located at /Users/jan/PychronDev/setupfiles/spectrometer/mftables/mftable.csv
============ MFtable ===========
Isotope  H2     H1     AX     L1     L2     CDD    
Ar40     5.8120 5.8792 5.9925 6.1519 6.2310 6.3801
Ar39     5.7112 5.7714 5.8850 6.0380 6.1161 6.2666
Ar36     5.3887 5.4405 5.5483 5.6968 5.7711 5.9177
================================
get initial guess parabolic
get initial guess parabolic
get initial guess parabolic
get initial guess parabolic
get initial guess parabolic
get initial guess parabolic
======== Configuration Finished ========
GetYSymmetry ===>> -2.81
GetZSymmetry ===>> -50.72
GetParameter Trap Current Readback ===>> 198.258926936459
GetHighVoltage ===>> 4499.94659342336
start measurement
do measurement
L#=c-02-J analysis type=cocktail
Measurement Started jan_unknown120_60.py
23:18:49 -- ******* Measurement Started jan_unknown120_60.py *******
state changed from extraction to measurement
setting spec, defl, and gains
GetExtractionLens ===>> 26.13
GetYSymmetry ===>> -2.81
GetZSymmetry ===>> -50.72
GetZFocus ===>> 74.64
GetDeflection H2 ===>> 0
GetDeflection H1 ===>> 0
GetDeflection AX ===>> 190
GetDeflection L1 ===>> 400
GetDeflection L2 ===>> 825
GetDeflection CDD ===>> 50
GetGain H2 ===>> 0.0113
GetGain H1 ===>> 0.1
GetGain AX ===>> 0.097049
GetGain L1 ===>> 0.010355
GetGain L2 ===>> 0.095649
GetGain CDD ===>> 0
pre measurement save
New frame /Users/jan/PychronDev/data/isotopes/f9/fe7066-be3c-42ee-8f4e-3e6faebd0fbe.h5
flush and close file /Users/jan/PychronDev/data/isotopes/f9/fe7066-be3c-42ee-8f4e-3e6faebd0fbe.h5
testing...
no interpolation path defined
executed snippet estimated_duration=224.052928, duration=0.00017786026001
unknown measurement script
activate_detectors ('H2', 'H1', 'AX', 'L1', 'L2', 'CDD') {}
activate detectors
*************** Set Analysis View Ar/Ar
 - No isotope= "Ar40". Required for age calculation
 - failed assembling isotopes
 - ca37 is zero. can't calculated k/ca
 - cl38 is zero. can't calculated k/cl
create graphs
clearing graphs
clear isotope group
setting isotope det=H2, iso=PM41
setting isotope det=H1, iso=Ar40
setting isotope det=AX, iso=Ar39
setting isotope det=L1, iso=Ar38
setting isotope det=L2, iso=Ar37
setting isotope det=CDD, iso=Ar36
setting previous blanks
 - setting Ar40 blank 0.536+/-0.008
 - setting Ar36 blank 0.00580+/-0.00017
 - setting Ar37 blank 0.048+/-0.005
 - setting Ar38 blank 0.0088+/-0.0022
 - setting PM41 blank 0.02+/-0.07
 - setting Ar39 blank 0.017+/-0.009
load analysis view
position_magnet ('Ar40',) {'detector': 'H1'}
detector Detector(H1)
POSITION Ar40 H1
setting detector H2 to PM41 (40.9624)
setting detector H1 to Ar40 (39.9624)
setting detector AX to Ar39 (38.9624)
setting detector L1 to Ar38 (37.9624)
setting detector L2 to Ar37 (36.9624)
setting detector CDD to Ar36 (35.9624)
Mapping mass to dac mass func: "parabolic"
H1 map mass coeffs = [-0.00063987  0.15840543  0.57077999]
H1 map mass to dac 39.9624 >> 5.87917
GetDeflection H1 ===>> 0
GetHighVoltage ===>> 4499.94659342336
positioning Ar40 (5.87913537812) on H1
setting magnet DAC
current  : 5.879135
requested: 5.879135
Delta Dac: 0.000000
Checking detector protection. dv=0.00000
Checking detector "CDD". Protection Threshold: 0.1 (V)
SetMagnetDAC 5.87913537812 ===>> OK
equilibrate () {'delay': 3, 'inlet': 'R', 'outlet': 'O', 'eqtime': 10.0}
Equilibration Started
23:18:50 -- ******* Equilibration Started *******
checking ownership. requestor=129.138.12.150
check software interlocks O
interlocks []
actuate state mode=None-script, software_lock=False
doing actuation None-script close_channel True
Close O ===>> OK
GetIndicatorState O ===>> False
change switch state (True, True)
update switch state O False args=() kw={} ncanvase=2
23:18:50 -- CLOSE  VALVE-O (Jan Ion Pump)
waiting 3s before opening inlet value ('R',)
update labels <pychron.experiment.plot_panel.PlotPanel object at 0x1fbd49e90>
update labels "<pychron.graph.stacked_regression_graph.StackedRegressionGraph object at 0x206ba34d0>"
setting label 0 H2 PM41
setting label 1 H1 Ar40
setting label 2 AX Ar39
setting label 3 L1 Ar38
setting label 4 L2 Ar37
setting label 5 CDD Ar36
update labels "<pychron.graph.stacked_graph.StackedGraph object at 0x21479d710>"
setting label 0 H2 PM41
setting label 1 H1 Ar40
setting label 2 AX Ar39
setting label 3 L1 Ar38
setting label 4 L2 Ar37
setting label 5 CDD Ar36
checking ownership. requestor=129.138.12.150
check software interlocks R
interlocks []
actuate state mode=None-script, software_lock=False
doing actuation None-script open_channel True
Open R ===>> OK
GetIndicatorState R ===>> OK
change switch state (True, True)
update switch state R True args=() kw={} ncanvase=2
23:18:54 -- OPEN   VALVE-R (Jan Inlet)
set_time_zero () {}
equilibrating for 10.0sec
sniff (10.0,) {}
py_sniff
build tables- sniff [Detector(H2), Detector(H1), Detector(AX), Detector(L1), Detector(L2), Detector(CDD)]
add group /sniff/PM41 (Group) '' table H2
add group /sniff/Ar40 (Group) '' table H1
add group /sniff/Ar39 (Group) '' table AX
add group /sniff/Ar38 (Group) '' table L1
add group /sniff/Ar37 (Group) '' table L2
add group /sniff/Ar36 (Group) '' table CDD
flush and close file /Users/jan/PychronDev/data/isotopes/f9/fe7066-be3c-42ee-8f4e-3e6faebd0fbe.h5
measuring sniff. ncounts=10.0
"sniff" increment series count="1" fit count="0" regressing="False"
starting measurement
GetData ===>> H2,-0.277149493746275,H1,-0.00781550288275741,AX,-0.032024081046623,L1,-0.00747301998127254,L2,0....
GetData ===>> H2,0.560777439000608,H1,330.161674217451,AX,29.5348048540629,L1,0.1787634834864,L2,0.318270340561...
GetData ===>> H2,0.760872314322458,H1,746.512327958868,AX,62.9071156176955,L1,0.555310224330355,L2,0.1722662544...
GetData ===>> H2,0.255438451291423,H1,808.454987823588,AX,66.1359140129828,L1,0.722318563623276,L2,0.0359663169...
GetData ===>> H2,0.0145367087545541,H1,805.51184438836,AX,65.0902537787152,L1,0.753911044713106,L2,0.0372091350...
GetData ===>> H2,0.0138915829741417,H1,799.28450075537,AX,64.4852541967778,L1,0.781734929033744,L2,0.0801737849...
GetData ===>> H2,-0.040721551367304,H1,795.484821462147,AX,64.0595570118788,L1,0.787902001746589,L2,0.159570768...
GetData ===>> H2,-0.0533346675189975,H1,793.911526827323,AX,64.1595471628596,L1,0.805583975316965,L2,0.10587596...
GetData ===>> H2,-0.0635619010593052,H1,793.263055056239,AX,64.0377090157658,L1,0.831215710513237,L2,0.03574968...
GetData ===>> H2,-0.111202993401425,H1,793.209294784768,AX,64.0497349791092,L1,0.820339301258779,L2,0.043092786...
Equilibration Finished
23:19:04 -- ******* Equilibration Finished *******
checking ownership. requestor=129.138.12.150
check software interlocks R
interlocks []
actuate state mode=None-script, software_lock=False
doing actuation None-script close_channel True
Close R ===>> OK
set states for children of R. state=False
handle state [('R', False)]
update switch state R False args=() kw={'refresh': False} ncanvase=2
refresh_canvas_needed fired
GetIndicatorState R ===>> False
change switch state (True, True)
update switch state R False args=() kw={} ncanvase=2
23:19:04 -- CLOSE  VALVE-R (Jan Inlet)
Post Equilibration Started jan_pump_extraction_line.py
23:19:04 -- ******* Post Equilibration Started jan_pump_extraction_line.py *******
testing...
no interpolation path defined
calculate duration
testing...
no interpolation path defined
executed snippet estimated_duration=4.0, duration=0.000370979309082
executed snippet estimated_duration=4.0, duration=0.122882843018
Pump after analysis
doing GOSUB
testing...
no interpolation path defined
executed snippet estimated_duration=4.0, duration=0.000207901000977
Pump Microbone
close () {'description': 'Jan Inlet'}
closing name=--- desc=Jan Inlet
checking ownership. requestor=129.138.12.150
check software interlocks R
interlocks []
actuate state mode=None-script, software_lock=False
doing actuation None-script close_channel False
measurement finished
estimated time: 10.486 actual time: :10.581
flush and close file /Users/jan/PychronDev/data/isotopes/f9/fe7066-be3c-42ee-8f4e-3e6faebd0fbe.h5
set_fits () {}
using default fits file=/Users/jan/PychronDev/scripts/measurement/fits/nominal_linear.yaml
set "Ar40" to "('Linear', 'SEM')"
No fit for "PM41". defaulting to linear. check the measurement script "jan_unknown120_60.py"
set "PM41" to "linear"
set "Ar36" to "('Linear', 'SEM')"
set "Ar37" to "('linear', 'SEM')"
set "Ar38" to "('linear', 'SEM')"
set "Ar39" to "('Linear', 'SEM')"
set_baseline_fits () {}
using default fits file=/Users/jan/PychronDev/scripts/measurement/fits/nominal_linear.yaml
set "H1" to "('average', 'SEM')"
set "H2" to "('average', 'SEM')"
set "CDD" to "('average', 'SEM')"
set "L2" to "('average', 'SEM')"
set "L1" to "('average', 'SEM')"
set "AX" to "('average', 'SEM')"
multicollect () {'integration_time': 1, 'ncounts': 120}
build tables- signal [Detector(H2), Detector(H1), Detector(AX), Detector(L1), Detector(L2), Detector(CDD)]
add group /signal/PM41 (Group) '' table H2
add group /signal/Ar40 (Group) '' table H1
add group /signal/Ar39 (Group) '' table AX
add group /signal/Ar38 (Group) '' table L1
add group /signal/Ar37 (Group) '' table L2
add group /signal/Ar36 (Group) '' table CDD
flush and close file /Users/jan/PychronDev/data/isotopes/f9/fe7066-be3c-42ee-8f4e-3e6faebd0fbe.h5
measuring signal. ncounts=120
Close R ===>> OK
GetIndicatorState R ===>> False
change switch state (True, True)
update switch state R False args=() kw={} ncanvase=2
23:19:05 -- CLOSE  VALVE-R (Jan Inlet)
---------------------------------------- close None (Jan Inlet) result=[(True, True)]
action=close, ok=True, locked=[False]
is_closed ('F',) {}
is F () closed?
is closed True
open () {'description': 'CO2 Laser to Jan'}
opening name=--- desc=CO2 Laser to Jan
checking ownership. requestor=129.138.12.150
check software interlocks A
interlocks []
actuate state mode=None-script, software_lock=False
doing actuation None-script open_channel False
"signal" increment series count="2" fit count="1" regressing="True"
Open A ===>> OK
GetIndicatorState A ===>> OK
change switch state (True, True)
update switch state A True args=() kw={} ncanvase=2
23:19:05 -- OPEN   VALVE-A (CO2 Laser to Jan)
---------------------------------------- open None (CO2 Laser to Jan) result=[(True, True)], time=0.11 sec
starting measurement
GetData ===>> H2,-0.0979202691756593,H1,792.820772718723,AX,64.1867983710917,L1,0.818222043758176,L2,0.02658299...
action=open, ok=True, locked=[False]
sleep (1,) {}
SLEEP 1.0
GetData ===>> H2,-0.0186963625350563,H1,792.587818897748,AX,63.9277695548209,L1,0.868620774798623,L2,0.05930890...
close () {'description': 'CO2 Laser to Roughing'}
closing name=--- desc=CO2 Laser to Roughing
checking ownership. requestor=129.138.12.150
check software interlocks G
interlocks []
actuate state mode=None-script, software_lock=True
VALVE-G(CO2 Laser to Roughing) software locked
change switch state (True, False)
---------------------------------------- close None (CO2 Laser to Roughing) result=[(True, False)]
action=close, ok=True, locked=[True]
open () {'description': 'Microbone to Turbo'}
opening name=--- desc=Microbone to Turbo
checking ownership. requestor=129.138.12.150
check software interlocks U
interlocks []
actuate state mode=None-script, software_lock=False
doing actuation None-script open_channel True
Open U ===>> OK
GetIndicatorState U ===>> OK
change switch state (True, True)
update switch state U True args=() kw={} ncanvase=2
23:19:07 -- OPEN   VALVE-U (Microbone to Turbo)
---------------------------------------- open None (Microbone to Turbo) result=[(True, True)], time=0.13 sec
action=open, ok=True, locked=[False]
open () {'description': 'Microbone to Getter NP-10'}
opening name=--- desc=Microbone to Getter NP-10
checking ownership. requestor=129.138.12.150
check software interlocks M
interlocks []
actuate state mode=None-script, software_lock=False
doing actuation None-script open_channel False
Open M ===>> OK
GetIndicatorState M ===>> OK
change switch state (True, True)
update switch state M True args=() kw={} ncanvase=2
23:19:07 -- OPEN   VALVE-M (Microbone to Getter NP-10)
---------------------------------------- open None (Microbone to Getter NP-10) result=[(True, True)], time=0.15 sec
action=open, ok=True, locked=[False]
open () {'description': 'Microbone to Getter D-50'}
opening name=--- desc=Microbone to Getter D-50
checking ownership. requestor=129.138.12.150
check software interlocks K
interlocks []
actuate state mode=None-script, software_lock=False
doing actuation None-script open_channel False
GetData ===>> H2,-0.0695290594508548,H1,792.347253249092,AX,63.8934325977996,L1,0.797732467022322,L2,-0.0322840...
Open K ===>> OK
GetIndicatorState K ===>> OK
change switch state (True, True)
update switch state K True args=() kw={} ncanvase=2
23:19:08 -- OPEN   VALVE-K (Microbone to Getter D-50)
---------------------------------------- open None (Microbone to Getter D-50) result=[(True, True)], time=0.41 sec
action=open, ok=True, locked=[False]
open () {'description': 'Microbone to CO2 Laser'}
opening name=--- desc=Microbone to CO2 Laser
checking ownership. requestor=129.138.12.150
check software interlocks T
interlocks []
actuate state mode=None-script, software_lock=False
doing actuation None-script open_channel True
Open T ===>> OK
set states for children of T. state=True
handle state [('T', True)]
update switch state T True args=() kw={'refresh': False} ncanvase=2
refresh_canvas_needed fired
GetIndicatorState T ===>> OK
change switch state (True, True)
update switch state T True args=() kw={} ncanvase=2
23:19:08 -- OPEN   VALVE-T (Microbone to CO2 Laser)
---------------------------------------- open None (Microbone to CO2 Laser) result=[(True, True)], time=0.43 sec
GetData ===>> H2,-0.0818175522135411,H1,792.290819513559,AX,63.7786714667681,L1,0.788974473491839,L2,0.01820376...
action=open, ok=True, locked=[False]
open () {'description': 'Microbone to Inlet Pipette'}
opening name=--- desc=Microbone to Inlet Pipette
checking ownership. requestor=129.138.12.150
check software interlocks S
interlocks []
actuate state mode=None-script, software_lock=False
doing actuation None-script open_channel False
Open S ===>> OK
GetIndicatorState S ===>> OK
change switch state (True, True)
update switch state S True args=() kw={} ncanvase=2
23:19:09 -- OPEN   VALVE-S (Microbone to Inlet Pipette)
---------------------------------------- open None (Microbone to Inlet Pipette) result=[(True, True)], time=0.41 sec
action=open, ok=True, locked=[False]
sleep (1,) {}
SLEEP 1.0
testing H1>-5.0
evaluate ot="H1.bs>-5.0" t="H1>-5.0", ctx="{'H1': None}"
GetData ===>> H2,-0.153088918070178,H1,791.557919520752,AX,63.7050294980134,L1,0.799719113137211,L2,-0.05788249...
set_resource () {'name': 'CO2PumpTimeFlag', 'value': 30}
Set CO2PumpTimeFlag 30 ===>> OK
release ('JanCO2Flag',) {}
release JanCO2Flag
Set JanCO2Flag 0 ===>> OK
executed snippet estimated_duration=6.0, duration=5.85275387764
PumpMicrobone.py completed successfully
gosub finished
get_resource_value () {'name': 'JanMiniboneFlag'}
Read JanMiniboneFlag ===>> 1
Get Resource Value JanMiniboneFlag=1.0
get resource value 1.0
get_resource_value () {'name': 'JanMiniboneFlag'}
Read JanMiniboneFlag ===>> 1
Get Resource Value JanMiniboneFlag=1.0
doing GOSUB
testing...
no interpolation path defined
executed snippet estimated_duration=0, duration=3.79085540771e-05
Entering Pump minibone script
get_resource_value () {'name': 'JanMiniboneFlag'}
Read JanMiniboneFlag ===>> 1
Get Resource Value JanMiniboneFlag=1.0
get resource value 1.0
get_resource_value () {'name': 'JanMiniboneFlag'}
Read JanMiniboneFlag ===>> 1
Get Resource Value JanMiniboneFlag=1.0
Pump minibone
close () {'description': 'Bone to Minibone'}
closing name=--- desc=Bone to Minibone
checking ownership. requestor=129.138.12.150
check software interlocks E
interlocks []
actuate state mode=None-script, software_lock=False
doing actuation None-script close_channel False
Close E ===>> OK
GetIndicatorState E ===>> False
change switch state (True, True)
update switch state E False args=() kw={} ncanvase=2
23:19:11 -- CLOSE  VALVE-E (Bone to Minibone)
---------------------------------------- close None (Bone to Minibone) result=[(True, True)]
GetData ===>> H2,-0.136948705728572,H1,791.186282684081,AX,63.7578713319075,L1,0.799666729681529,L2,-0.00028494...
action=close, ok=True, locked=[False]
open () {'description': 'Minibone to Bone'}
opening name=--- desc=Minibone to Bone
checking ownership. requestor=129.138.12.150
check software interlocks I
interlocks []
actuate state mode=None-script, software_lock=False
doing actuation None-script open_channel True
Open I ===>> OK
GetIndicatorState I ===>> OK
change switch state (True, True)
update switch state I True args=() kw={} ncanvase=2
23:19:11 -- OPEN   VALVE-I (Minibone to Bone)
---------------------------------------- open None (Minibone to Bone) result=[(True, True)], time=0.45 sec
action=open, ok=True, locked=[False]
close () {'description': 'Microbone to Minibone'}
closing name=--- desc=Microbone to Minibone
checking ownership. requestor=129.138.12.150
check software interlocks L
interlocks []
actuate state mode=None-script, software_lock=False
doing actuation None-script close_channel False
GetData ===>> H2,-0.0931569686340655,H1,791.079167648742,AX,63.7483114751634,L1,0.806356470614028,L2,0.01341596...
Close L ===>> OK
GetIndicatorState L ===>> False
change switch state (True, True)
update switch state L False args=() kw={} ncanvase=2
23:19:12 -- CLOSE  VALVE-L (Microbone to Minibone)
---------------------------------------- close None (Microbone to Minibone) result=[(True, True)]
action=close, ok=True, locked=[False]
sleep () {'duration': 1.0}
SLEEP 1.0
GetData ===>> H2,-0.164159240150819,H1,791.027578709206,AX,63.575553040863,L1,0.819000984987984,L2,0.0953776998...
open () {'description': 'Minibone to Turbo'}
opening name=--- desc=Minibone to Turbo
checking ownership. requestor=129.138.12.150
check software interlocks P
interlocks []
actuate state mode=None-script, software_lock=False
doing actuation None-script open_channel True
Open P ===>> OK
GetIndicatorState P ===>> OK
change switch state (True, True)
update switch state P True args=() kw={} ncanvase=2
23:19:13 -- OPEN   VALVE-P (Minibone to Turbo)
---------------------------------------- open None (Minibone to Turbo) result=[(True, True)], time=0.17 sec
action=open, ok=True, locked=[False]
open () {'description': 'Quad Inlet'}
opening name=--- desc=Quad Inlet
checking ownership. requestor=129.138.12.150
check software interlocks Q
interlocks []
actuate state mode=None-script, software_lock=False
doing actuation None-script open_channel True
Open Q ===>> OK
GetData ===>> H2,-0.142636484916493,H1,790.60985712765,AX,63.6489563542709,L1,0.785474381643515,L2,0.0520557885...
GetIndicatorState Q ===>> OK
change switch state (True, True)
update switch state Q True args=() kw={} ncanvase=2
23:19:14 -- OPEN   VALVE-Q (Quad Inlet)
---------------------------------------- open None (Quad Inlet) result=[(True, True)], time=0.15 sec
action=open, ok=True, locked=[False]
set_resource () {'name': 'MinibonePumpTimeFlag', 'value': 30}
Set MinibonePumpTimeFlag 30 ===>> OK
sleep () {'duration': 15.0}
SLEEP 15.0
block started
WaitControl setup for 15.0  
testing H1>-5.0
evaluate ot="H1.bs>-5.0" t="H1>-5.0", ctx="{'H1': None}"
GetData ===>> H2,-0.129725212468805,H1,790.283252186813,AX,63.6466320459031,L1,0.813925944427173,L2,0.129703663...
GetData ===>> H2,-0.0493326829877605,H1,789.971352613974,AX,63.6869516415973,L1,0.822064882842348,L2,0.07226553...
GetData ===>> H2,-0.109724567401452,H1,789.906562316453,AX,63.7115590901365,L1,0.840111405766565,L2,0.035111176...
GetData ===>> H2,-0.056026293127713,H1,789.316723098453,AX,63.7409842699002,L1,0.79766014175868,L2,0.0168357967...
GetData ===>> H2,-0.0988247592094694,H1,789.155088466042,AX,63.6434458103477,L1,0.789975962043142,L2,0.03009450...
testing H1>-5.0
evaluate ot="H1.bs>-5.0" t="H1>-5.0", ctx="{'H1': None}"
GetData ===>> H2,-0.0437283686126366,H1,788.694839687821,AX,63.5042135732428,L1,0.805330649201311,L2,0.04945574...
GetData ===>> H2,-0.0560425711854594,H1,788.564403909258,AX,63.764321940819,L1,0.815163012739136,L2,0.084504489...
GetData ===>> H2,-0.185481064619394,H1,788.131862175672,AX,63.5607081771984,L1,0.828065425169331,L2,0.022056977...
GetData ===>> H2,-0.134337698167388,H1,787.562221611507,AX,63.4501714576078,L1,0.824260353104005,L2,0.066870529...
GetData ===>> H2,-0.101720538683027,H1,787.858162841869,AX,63.4887508793704,L1,0.8536605288678,L2,0.07248225427...
testing H1>-5.0
evaluate ot="H1.bs>-5.0" t="H1>-5.0", ctx="{'H1': None}"
GetData ===>> H2,-0.192527603173366,H1,787.267677829373,AX,63.5568626359245,L1,0.838208302272502,L2,-0.03968974...
GetData ===>> H2,-0.270831628537762,H1,786.856268798344,AX,63.5065062098979,L1,0.827606894518915,L2,0.078999969...
GetData ===>> H2,-0.0790386898308406,H1,785.913177035062,AX,63.4319471529923,L1,0.828197865547589,L2,0.04322962...
GetData ===>> H2,-0.107885995071888,H1,786.133561366552,AX,63.2946439771933,L1,0.833698117233461,L2,0.063403286...
Join finished
block finished. duration 15.0993020535
close () {'description': 'Outer Pipette 1'}
closing name=--- desc=Outer Pipette 1
checking ownership. requestor=129.138.12.150
check software interlocks W
interlocks ['X']
actuate state mode=None-script, software_lock=False
doing actuation None-script close_channel True
Close W ===>> OK
GetIndicatorState W ===>> False
change switch state (True, True)
update switch state W False args=() kw={} ncanvase=2
23:19:29 -- CLOSE  VALVE-W (Outer Pipette 1)
---------------------------------------- close None (Outer Pipette 1) result=[(True, True)]
GetData ===>> H2,-0.113755939010256,H1,785.982643800522,AX,63.2255005673927,L1,0.812096434633263,L2,0.037277547...
action=close, ok=True, locked=[False]
close () {'description': 'Outer Pipette 2'}
closing name=--- desc=Outer Pipette 2
checking ownership. requestor=129.138.12.150
check software interlocks Y
interlocks ['Z']
actuate state mode=None-script, software_lock=False
doing actuation None-script close_channel False
Close Y ===>> OK
GetIndicatorState Y ===>> False
change switch state (True, True)
update switch state Y False args=() kw={} ncanvase=2
23:19:30 -- CLOSE  VALVE-Y (Outer Pipette 2)
---------------------------------------- close None (Outer Pipette 2) result=[(True, True)]
action=close, ok=True, locked=[False]
release ('JanMiniboneFlag',) {}
release JanMiniboneFlag
Set JanMiniboneFlag 0 ===>> OK
executed snippet estimated_duration=16.0, duration=19.5689589977
PumpMinibone.py completed successfully
gosub finished
executed snippet estimated_duration=4.0, duration=25.4397637844
jan_pump_extraction_line.py completed successfully
Post Equilibration Finished
23:19:30 -- ******* Post Equilibration Finished *******
testing H1>-5.0
evaluate ot="H1.bs>-5.0" t="H1>-5.0", ctx="{'H1': None}"
23:19:31 -- collecting point 25
GetData ===>> H2,-0.253726688537463,H1,785.960368704021,AX,63.2686051880544,L1,0.785331011322071,L2,0.046456664...
GetData ===>> H2,-0.189240843107918,H1,785.491628886768,AX,63.3251778477919,L1,0.791466524083217,L2,0.177559389...
GetData ===>> H2,-0.0870780529126357,H1,784.908048674875,AX,63.3117395943253,L1,0.793779498320127,L2,1.13976413...
GetData ===>> H2,-0.145726532100882,H1,784.645825511338,AX,63.3312670367636,L1,0.78789950775435,L2,-0.041842981...
GetData ===>> H2,-0.0833564056805871,H1,784.383112340065,AX,63.2079094168047,L1,0.77665889167685,L2,-0.06192612...
testing H1>-5.0
evaluate ot="H1.bs>-5.0" t="H1>-5.0", ctx="{'H1': None}"
GetData ===>> H2,-0.144949708341663,H1,784.03139163687,AX,63.1462873962719,L1,0.812334939642807,L2,0.1146425005...
GetData ===>> H2,-0.214012954962905,H1,784.011918313367,AX,63.2436319499426,L1,0.846094122172242,L2,0.109124847...
GetData ===>> H2,-0.231330963380896,H1,783.653381245092,AX,63.1568904306986,L1,0.824799924718963,L2,0.021885973...
GetData ===>> H2,-0.220868592071958,H1,783.356961658658,AX,63.2158520234544,L1,0.829379907547258,L2,0.071718036...
GetData ===>> H2,-0.236881376553298,H1,782.947448575625,AX,63.1516502713568,L1,0.799194043208066,L2,-0.00124233...
testing H1>-5.0
evaluate ot="H1.bs>-5.0" t="H1>-5.0", ctx="{'H1': None}"
GetData ===>> H2,-0.152547010571495,H1,782.686319144728,AX,63.2141159767391,L1,0.84378238415251,L2,-0.064249709...
GetData ===>> H2,-0.161612781129277,H1,782.802604246446,AX,63.1092297272329,L1,0.790936383551411,L2,0.087057417...
GetData ===>> H2,-0.176309682731644,H1,782.29290889271,AX,62.9968620435885,L1,0.781184095972106,L2,0.0322379595...
GetData ===>> H2,-0.180458436930308,H1,781.917476267977,AX,63.0191803737704,L1,0.775600136983471,L2,-0.05219834...
GetData ===>> H2,-0.24344464691606,H1,781.754687458748,AX,63.0031703405805,L1,0.785633961355033,L2,0.0235162230...
testing H1>-5.0
evaluate ot="H1.bs>-5.0" t="H1>-5.0", ctx="{'H1': None}"
GetData ===>> H2,-0.191144530066965,H1,781.443474437629,AX,62.8810256274749,L1,0.84704071893282,L2,0.0402079277...
GetData ===>> H2,-0.179658226285962,H1,780.95840934818,AX,62.9449401403875,L1,0.832210602562177,L2,0.0065994615...
GetData ===>> H2,-0.289530598106592,H1,780.457954594149,AX,62.9178293914458,L1,0.814612873598917,L2,-0.04597842...
GetData ===>> H2,-0.145261795237972,H1,780.567888766848,AX,62.930631831341,L1,0.855045080435962,L2,0.0841056003...
GetData ===>> H2,-0.175669824134671,H1,780.047605491342,AX,62.8235695551093,L1,0.799397333192097,L2,0.011557905...
testing H1>-5.0
evaluate ot="H1.bs>-5.0" t="H1>-5.0", ctx="{'H1': None}"
GetData ===>> H2,-0.0752141035597071,H1,779.643762310175,AX,62.8484819373994,L1,0.791859469099798,L2,-0.0075905...
GetData ===>> H2,-0.104047187148176,H1,779.352952611432,AX,62.775621827968,L1,0.807002964430164,L2,-0.013516646...
GetData ===>> H2,-0.146108844950743,H1,778.897629182983,AX,62.6195456345067,L1,0.81553613924268,L2,0.0568683319...
GetData ===>> H2,-0.0646151597933997,H1,778.745834536484,AX,62.6775958898868,L1,0.758612155226495,L2,-0.0659012...
GetData ===>> H2,-0.163624612228809,H1,778.896462170146,AX,62.8751484356122,L1,0.759309200688775,L2,0.039763233...
testing H1>-5.0
evaluate ot="H1.bs>-5.0" t="H1>-5.0", ctx="{'H1': None}"
23:19:57 -- collecting point 50
GetData ===>> H2,-0.171090917840077,H1,778.291447854115,AX,62.7115307041616,L1,0.798516854129528,L2,0.046468067...
GetData ===>> H2,-0.209289212440117,H1,777.847163525545,AX,62.6635829470892,L1,0.803976768682316,L2,0.021851772...
GetData ===>> H2,-0.176014056353792,H1,777.752154029371,AX,62.6733029225125,L1,0.811628181430627,L2,0.047414536...
GetData ===>> H2,-0.108339205413054,H1,777.012790874389,AX,62.579189030398,L1,0.821665301772489,L2,-0.010280119...
GetData ===>> H2,-0.176599902034184,H1,776.624553778184,AX,62.6513190415811,L1,0.804825263188762,L2,0.036171551...
testing H1>-5.0
evaluate ot="H1.bs>-5.0" t="H1>-5.0", ctx="{'H1': None}"
GetData ===>> H2,-0.170510741434553,H1,776.663501944561,AX,62.7823119702237,L1,0.784771262527597,L2,0.108577659...
GetData ===>> H2,-0.125752238389576,H1,776.566632130058,AX,62.8664635726343,L1,0.813220327717523,L2,0.069984311...
GetData ===>> H2,-0.172670735973916,H1,776.67834847577,AX,62.7683029650848,L1,0.809203588979491,L2,0.0852224933...
GetData ===>> H2,-0.0939182556037561,H1,776.239988245055,AX,62.6258445141717,L1,0.771554906488591,L2,0.01631141...
GetData ===>> H2,-0.133845447135469,H1,775.86170758234,AX,62.5649007905211,L1,0.775882876276414,L2,0.0447576064...
testing H1>-5.0
evaluate ot="H1.bs>-5.0" t="H1>-5.0", ctx="{'H1': None}"
GetData ===>> H2,-0.0984429323772252,H1,775.123332725028,AX,62.5936628571372,L1,0.785059236452338,L2,0.03358334...
GetData ===>> H2,-0.0687505852317208,H1,774.854688007947,AX,62.4898522788892,L1,0.796213741406351,L2,-0.0112488...
GetData ===>> H2,-0.119150972212995,H1,774.713138722194,AX,62.5847238502157,L1,0.804633098117151,L2,-0.06386244...
GetData ===>> H2,-0.0457719195010131,H1,774.727896851599,AX,62.3997330308557,L1,0.798323557732314,L2,0.03439286...
GetData ===>> H2,-0.169514927543932,H1,774.390787494627,AX,62.4942494623204,L1,0.784993163812236,L2,0.024667674...
testing H1>-5.0
evaluate ot="H1.bs>-5.0" t="H1>-5.0", ctx="{'H1': None}"
GetData ===>> H2,-0.0527878533081097,H1,773.462013401442,AX,62.4667350666948,L1,0.806146805513654,L2,-0.0379238...
GetData ===>> H2,-0.0831572876041998,H1,773.555700981098,AX,62.3161523085649,L1,0.792620452191898,L2,-0.0638966...
GetData ===>> H2,-0.0636798383505736,H1,773.151603540867,AX,62.3282947118612,L1,0.76361448666976,L2,0.044791815...
GetData ===>> H2,-0.128461419537107,H1,772.923588197729,AX,62.3976033987398,L1,0.770247698537913,L2,0.022683994...
GetData ===>> H2,-0.209134280134611,H1,772.774313058585,AX,62.2834516174254,L1,0.746431969140325,L2,0.014590092...
testing H1>-5.0
evaluate ot="H1.bs>-5.0" t="H1>-5.0", ctx="{'H1': None}"
GetData ===>> H2,-0.139599663009079,H1,772.648832777482,AX,62.3885183861187,L1,0.777686609035482,L2,0.091194672...
GetData ===>> H2,-0.124504229327477,H1,772.266007226863,AX,62.3609455515996,L1,0.767296178063416,L2,0.077529872...
GetData ===>> H2,-0.156362785636364,H1,771.541305108651,AX,62.5123453781342,L1,0.755805773029068,L2,-0.00108276...
GetData ===>> H2,-0.0709299076364261,H1,771.536555925811,AX,62.2912586104247,L1,0.758719198471991,L2,0.01000765...
GetData ===>> H2,-0.0762117099839486,H1,771.392158742023,AX,62.2224433415817,L1,0.78264224671998,L2,0.116466587...
testing H1>-5.0
evaluate ot="H1.bs>-5.0" t="H1>-5.0", ctx="{'H1': None}"
23:20:23 -- collecting point 75
GetData ===>> H2,-0.0811645602629739,H1,770.986207420231,AX,62.1540055613796,L1,0.74964676766819,L2,-0.07666398...
GetData ===>> H2,-0.160555413953991,H1,770.388223023351,AX,62.1868499201548,L1,0.735835575182342,L2,0.056651648...
GetData ===>> H2,-0.0985079250844908,H1,770.27306151808,AX,62.1975192568698,L1,0.780055103471693,L2,-0.02495757...
GetData ===>> H2,-0.187166916014057,H1,769.853288201823,AX,62.3757728740969,L1,0.815527403687686,L2,0.031975725...
GetData ===>> H2,-0.201793445665826,H1,769.768765303639,AX,62.0416543110373,L1,0.791740960318843,L2,0.081005720...
testing H1>-5.0
evaluate ot="H1.bs>-5.0" t="H1>-5.0", ctx="{'H1': None}"
GetData ===>> H2,-0.176374476523134,H1,769.594986579496,AX,61.9201179977363,L1,0.769387946372921,L2,0.057780689...
GetData ===>> H2,-0.131696331920567,H1,769.446687610673,AX,62.0620210268859,L1,0.777971896366733,L2,0.091889931...
GetData ===>> H2,-0.116818445728244,H1,769.034562524015,AX,62.0827747252609,L1,0.772342550139386,L2,-0.01241122...
GetData ===>> H2,-0.111544141304044,H1,768.667502600971,AX,62.0876843459736,L1,0.788748746468909,L2,0.007933086...
GetData ===>> H2,-0.198159675028734,H1,768.230994702642,AX,62.04592324976,L1,0.798589185311868,L2,-0.0104168762...
testing H1>-5.0
evaluate ot="H1.bs>-5.0" t="H1>-5.0", ctx="{'H1': None}"
GetData ===>> H2,-0.101776037299635,H1,767.805093182826,AX,61.9804053201334,L1,0.824653787997489,L2,0.058419345...
GetData ===>> H2,-0.0653742047487582,H1,767.675070214151,AX,61.9542870197825,L1,0.816857787818099,L2,0.04887416...
GetData ===>> H2,-0.0132574427705621,H1,767.620043159768,AX,62.0187360565833,L1,0.784206557453101,L2,0.03817831...
GetData ===>> H2,-0.0626129358477245,H1,767.338676872264,AX,61.942498825705,L1,0.76956736707405,L2,0.0486575032...
GetData ===>> H2,-0.109436170668666,H1,766.984957851652,AX,62.1046476892627,L1,0.764625701679575,L2,0.036353983...
testing H1>-5.0
evaluate ot="H1.bs>-5.0" t="H1>-5.0", ctx="{'H1': None}"
GetData ===>> H2,-0.156293886072215,H1,766.413175206505,AX,62.1659577318611,L1,0.772966974371559,L2,0.036251365...
GetData ===>> H2,-0.16769848868494,H1,766.245602804829,AX,61.9068197646933,L1,0.74819170916946,L2,0.12038849362...
GetData ===>> H2,-0.227004459644488,H1,766.130868914676,AX,61.8158225512539,L1,0.767137973185536,L2,0.025420115...
GetData ===>> H2,-0.195663225327236,H1,765.647324385124,AX,61.805230681903,L1,0.750655096475047,L2,-0.025060128...
GetData ===>> H2,-0.128504674669338,H1,765.221963850316,AX,61.8226702859058,L1,0.767715993164312,L2,0.068843720...
testing H1>-5.0
evaluate ot="H1.bs>-5.0" t="H1>-5.0", ctx="{'H1': None}"
GetData ===>> H2,-0.159750506396334,H1,764.946513629316,AX,61.8643607013856,L1,0.762553563283072,L2,0.097212818...
GetData ===>> H2,-0.113458170042996,H1,764.632554278089,AX,61.9636296652519,L1,0.786257342926599,L2,0.113411261...
GetData ===>> H2,-0.154575314387554,H1,764.533948340099,AX,61.9728353593085,L1,0.795225067194715,L2,-0.01170466...
GetData ===>> H2,-0.129429213697796,H1,764.718988778156,AX,61.814905471697,L1,0.796429441883175,L2,0.0318503099...
GetData ===>> H2,0.00213463248791566,H1,763.912037972282,AX,61.838766959133,L1,0.800910283876177,L2,0.099013776...
testing H1>-5.0
evaluate ot="H1.bs>-5.0" t="H1>-5.0", ctx="{'H1': None}"
23:20:50 -- collecting point 100
GetData ===>> H2,-0.0262897306641884,H1,763.616706529708,AX,61.8719603046522,L1,0.821520457396563,L2,0.09275616...
GetData ===>> H2,-0.148598291473837,H1,763.678456957703,AX,61.9126127335534,L1,0.818118438950882,L2,0.061578472...
GetData ===>> H2,-0.163283031183199,H1,763.144661716318,AX,61.7071484443978,L1,0.805324409719136,L2,-0.02784038...
GetData ===>> H2,-0.142960797010803,H1,763.455406419355,AX,61.5983842939127,L1,0.779172929241837,L2,-0.03101934...
GetData ===>> H2,-0.0858552442515022,H1,762.904974151121,AX,61.5953609037104,L1,0.794626718716103,L2,-0.0653545...
testing H1>-5.0
evaluate ot="H1.bs>-5.0" t="H1>-5.0", ctx="{'H1': None}"
GetData ===>> H2,-0.105453231752514,H1,762.601527384109,AX,61.4436378426828,L1,0.774296960242233,L2,0.103162948...
GetData ===>> H2,-0.116626302115994,H1,762.184619726298,AX,61.6471195798691,L1,0.785752400995724,L2,-0.03084843...
GetData ===>> H2,-0.257959725927251,H1,761.969181334919,AX,61.4963803366779,L1,0.803399083083997,L2,0.116831409...
GetData ===>> H2,-0.242832325238498,H1,761.293872705774,AX,61.5352438468494,L1,0.804057871803287,L2,0.026514586...
GetData ===>> H2,-0.134543247222379,H1,761.151938112373,AX,61.4845781761098,L1,0.801785974341552,L2,-0.03170298...
testing H1>-5.0
evaluate ot="H1.bs>-5.0" t="H1>-5.0", ctx="{'H1': None}"
GetData ===>> H2,-0.293987815684497,H1,760.864170201241,AX,61.51276444494,L1,0.802119055324631,L2,0.07312100804...
GetData ===>> H2,-0.190862772229203,H1,760.51501458143,AX,61.5140310001906,L1,0.748881249690156,L2,-0.040840423...
GetData ===>> H2,-0.0205816477956669,H1,760.504822036799,AX,61.4884408592699,L1,0.773996545645798,L2,0.04539617...
GetData ===>> H2,-0.13531943178189,H1,760.235151883648,AX,61.3436165418072,L1,0.790109417940941,L2,0.0191841528...
GetData ===>> H2,-0.232446647223928,H1,760.485869059703,AX,61.3805890784455,L1,0.805950872279295,L2,0.132668289...
testing H1>-5.0
evaluate ot="H1.bs>-5.0" t="H1>-5.0", ctx="{'H1': None}"
GetData ===>> H2,-0.258915266658117,H1,759.64356056572,AX,61.3330636347428,L1,0.792549341592215,L2,0.0499689077...
GetData ===>> H2,-0.179698710476023,H1,759.10607650907,AX,61.2907616668141,L1,0.761955907389804,L2,-0.120796902...
GetData ===>> H2,-0.0907711822416707,H1,758.95040139629,AX,61.297916565325,L1,0.718063149449551,L2,-0.003350847...
GetData ===>> H2,-0.118820875764348,H1,758.779167820222,AX,61.4182437063015,L1,0.77637364015794,L2,0.0704975822...
GetData ===>> H2,-0.214873441472658,H1,758.293738341913,AX,61.242899735144,L1,0.806410135570315,L2,0.0148066811...
testing H1>-5.0
evaluate ot="H1.bs>-5.0" t="H1>-5.0", ctx="{'H1': None}"
GetData ===>> H2,-0.183003081732028,H1,758.071564149488,AX,61.1722987067902,L1,0.789731505186287,L2,0.069653538...
measurement finished
estimated time: 125.829 actual time: :126.481
flush and close file /Users/jan/PychronDev/data/isotopes/f9/fe7066-be3c-42ee-8f4e-3e6faebd0fbe.h5
baselines () {'settling_time': 15.0, 'detector': 'H1', 'mass': 34.2, 'ncounts': 60}
%%%%%%%%%%%%%%%%%%%%%%%%%%%%%%%% Baseline
build tables- baseline [Detector(H2), Detector(H1), Detector(AX), Detector(L1), Detector(L2), Detector(CDD)]
add group baseline table H2
add group baseline table H1
add group baseline table AX
add group baseline table L1
add group baseline table L2
add group baseline table CDD
flush and close file /Users/jan/PychronDev/data/isotopes/f9/fe7066-be3c-42ee-8f4e-3e6faebd0fbe.h5
detector Detector(H1)
POSITION 34.2 H1
Mapping mass to dac mass func: "parabolic"
H1 map mass coeffs = [-0.00063987  0.15840543  0.57077999]
H1 map mass to dac 34.2 >> 5.23982599104
GetDeflection H1 ===>> 0
GetHighVoltage ===>> 4499.94659342336
positioning 34.2 (5.2397951342) on H1
setting magnet DAC
current  : 5.879135
requested: 5.239795
Delta Dac: 0.639340
Checking detector protection. dv=0.63934
Checking detector "CDD". Protection Threshold: 0.1 (V)
ProtectDetector CDD,On ===>> OK
GetDeflection CDD ===>> 2000
Protected = 2000
SetMagnetDAC 5.2397951342 ===>> OK
Magnet settling time: 0.500
GetMagnetMoving ===>> True
GetMagnetMoving ===>> True
GetMagnetMoving ===>> True
GetMagnetMoving ===>> True
GetMagnetMoving ===>> True
GetMagnetMoving ===>> True
GetMagnetMoving ===>> True
GetMagnetMoving ===>> True
GetMagnetMoving ===>> False
ProtectDetector CDD,Off ===>> OK
GetDeflection CDD ===>> 50
Delaying 15.0s for detectors to settle
Join finished
measuring baseline. ncounts=60
"baseline" increment series count="2" fit count="1" regressing="True"
starting measurement
GetData ===>> H2,-0.313930366718941,H1,-0.000885297168440147,AX,-0.180559981108579,L1,-0.0498157043370451,L2,-0...
GetData ===>> H2,-0.222743644311961,H1,-0.028388588144934,AX,-0.0423796190374194,L1,-0.0214275937540909,L2,-0.0...
GetData ===>> H2,-0.239047305808439,H1,-0.00282962017232864,AX,-0.091359250530477,L1,0.00669908954716196,L2,0.0...
GetData ===>> H2,-0.250679639642516,H1,-0.0395261057808625,AX,-0.0516325718320375,L1,0.0189767406639247,L2,0.06...
testing H1>-5.0
evaluate ot="H1.bs>-5.0" t="H1>-5.0", ctx="{'H1': None}"
GetData ===>> H2,-0.325918197320456,H1,-0.0924541052450099,AX,0.0294708475500471,L1,0.00449440501010201,L2,-0.1...
GetData ===>> H2,-0.279163803114671,H1,-0.0374394061462223,AX,-0.0349464721251616,L1,0.00114141997218493,L2,-0....
GetData ===>> H2,-0.34987057164759,H1,-0.0456309428646716,AX,0.0200950303906541,L1,-0.00610456037677418,L2,0.02...
GetData ===>> H2,-0.376281956707154,H1,-0.0797968470227726,AX,-0.0579630326534376,L1,-0.0283386003192814,L2,-0....
GetData ===>> H2,-0.279698206122976,H1,-0.0636451954110882,AX,-0.186018854004985,L1,-0.0355603517747095,L2,-0.0...
testing H1>-5.0
evaluate ot="H1.bs>-5.0" t="H1>-5.0", ctx="{'H1': None}"
GetData ===>> H2,-0.142843234948155,H1,0.0316608805080111,AX,-0.0389240300905655,L1,-0.00471312238467335,L2,-0....
GetData ===>> H2,-0.166902186667936,H1,0.00501947351325711,AX,-0.155730412804597,L1,-0.00617412722840103,L2,0.0...
GetData ===>> H2,-0.110022434273656,H1,0.0106502055377213,AX,-0.0918923842359428,L1,-0.00769008543563223,L2,0.0...
GetData ===>> H2,-0.122295877099918,H1,-0.0333135748161738,AX,-0.00421058738538665,L1,-0.0469997648852776,L2,-0...
GetData ===>> H2,-0.154001048004933,H1,-0.0649922593616513,AX,-0.0939205835921948,L1,-0.0742375703150549,L2,-0....
testing H1>-5.0
evaluate ot="H1.bs>-5.0" t="H1>-5.0", ctx="{'H1': None}"
GetData ===>> H2,-0.206915147155411,H1,0.000283700485348604,AX,-0.0748886158451356,L1,-0.0709735526735386,L2,-0...
GetData ===>> H2,-0.281964060536626,H1,-0.0890098686878947,AX,-0.101233339929365,L1,-0.0357233158947846,L2,-0.0...
GetData ===>> H2,-0.329114764385439,H1,-0.00928259332775276,AX,-0.0732425582265985,L1,-0.0277611672489889,L2,-0...
GetData ===>> H2,-0.299925794673362,H1,0.00454230739073154,AX,-0.0534065337031226,L1,-0.0271489561444755,L2,-0....
GetData ===>> H2,-0.296488186995252,H1,-0.0358892582525748,AX,-0.0385413566542282,L1,-0.0321677477590585,L2,0.0...
testing H1>-5.0
evaluate ot="H1.bs>-5.0" t="H1>-5.0", ctx="{'H1': None}"
GetData ===>> H2,-0.363413740773724,H1,-0.0256696054760529,AX,-0.0848918742241344,L1,-0.019771938243886,L2,-0.0...
GetData ===>> H2,-0.225455992625179,H1,-0.025228360094398,AX,-0.045058195849537,L1,-0.0215031167972947,L2,0.087...
GetData ===>> H2,-0.23239281699905,H1,-0.0327769657568087,AX,-0.0850425527568181,L1,-0.0311079013809933,L2,0.03...
GetData ===>> H2,-0.214736091211149,H1,0.0388682832896283,AX,-0.134234155106263,L1,-0.0274400905344884,L2,-7.97...
GetData ===>> H2,-0.242856549584051,H1,-0.0275180447151911,AX,-0.0741815099982057,L1,-0.0449336822046594,L2,-0....
testing H1>-5.0
evaluate ot="H1.bs>-5.0" t="H1>-5.0", ctx="{'H1': None}"
23:21:55 -- collecting point 25
GetData ===>> H2,-0.159638409030236,H1,-0.00857886970015969,AX,0.00305145787379745,L1,-0.0535734485676855,L2,-0...
GetData ===>> H2,-0.127927475420808,H1,0.0269357788193371,AX,-0.10842966809901,L1,-0.0499162162714663,L2,-0.013...
GetData ===>> H2,-0.213971208255243,H1,0.0133821790426537,AX,-0.152692934302,L1,-0.0134759723852454,L2,-0.01175...
GetData ===>> H2,-0.136150999172647,H1,0.0296443325595199,AX,-0.186320184136516,L1,-0.0292573933013085,L2,-0.15...
GetData ===>> H2,-0.0781009584807695,H1,-0.0506981517403247,AX,-0.0776126641115313,L1,-0.0339806044729995,L2,-0...
testing H1>-5.0
evaluate ot="H1.bs>-5.0" t="H1>-5.0", ctx="{'H1': None}"
GetData ===>> H2,-0.222485034910695,H1,0.0325796761786236,AX,-0.0231867931902961,L1,-0.0382776728440017,L2,-0.0...
GetData ===>> H2,-0.248346060637981,H1,0.0124635595440516,AX,-0.128416675929093,L1,-0.0544406458620355,L2,0.054...
GetData ===>> H2,-0.281809533652679,H1,-0.0594012293636091,AX,-0.0795832046814379,L1,0.00210770467322794,L2,-0....
GetData ===>> H2,-0.15285513073038,H1,-0.0853033086642306,AX,-0.20012242115704,L1,-0.0213484737673516,L2,0.0521...
GetData ===>> H2,-0.245428071994591,H1,-0.0407661809528779,AX,-0.0797338914354025,L1,-0.0303198301893056,L2,0.0...
testing H1>-5.0
evaluate ot="H1.bs>-5.0" t="H1>-5.0", ctx="{'H1': None}"
GetData ===>> H2,-0.159750506396334,H1,-0.048301691990704,AX,-0.0932715643982671,L1,0.00424466339163666,L2,-0.0...
GetData ===>> H2,-0.173191447552903,H1,0.00305117791790113,AX,-0.000765243682336226,L1,0.0155393635448633,L2,0....
GetData ===>> H2,-0.212796850613548,H1,0.0134776205128918,AX,-0.0236623107324976,L1,-0.0075389795922911,L2,-0.0...
GetData ===>> H2,-0.230929882433897,H1,-0.019718591803186,AX,-0.0898757326711643,L1,-0.0385843437271555,L2,-0.0...
GetData ===>> H2,-0.316362999111044,H1,0.0613768577595543,AX,-0.0119012682308398,L1,-0.0506365223716813,L2,-0.0...
testing H1>-5.0
evaluate ot="H1.bs>-5.0" t="H1>-5.0", ctx="{'H1': None}"
GetData ===>> H2,-0.245181844811694,H1,0.00950494624734084,AX,-0.0969917764171369,L1,-0.0622720799381392,L2,0.0...
GetData ===>> H2,-0.17744891952015,H1,-0.0745880751938042,AX,-0.0718167252474367,L1,-0.0262719077859138,L2,-0.0...
GetData ===>> H2,-0.0299455827955111,H1,0.0579871199546169,AX,-0.0390399914408121,L1,-0.0192971308510019,L2,-0....
GetData ===>> H2,-0.0225345180939223,H1,0.0035402659370078,AX,-0.0475163919428826,L1,0.011842669354767,L2,-0.07...
GetData ===>> H2,-0.164681693067417,H1,0.0106263458355073,AX,-0.100816145160773,L1,-0.0122389880905422,L2,-0.04...
testing H1>-5.0
evaluate ot="H1.bs>-5.0" t="H1>-5.0", ctx="{'H1': None}"
GetData ===>> H2,-0.298099780083612,H1,-0.0273153143363068,AX,-0.139289797220672,L1,-0.020081270398993,L2,-0.04...
GetData ===>> H2,-0.143086465454357,H1,-0.000169585939668693,AX,-0.0651277826916723,L1,-0.0239231502982191,L2,0...
GetData ===>> H2,-0.0744089063113716,H1,0.0186196642333993,AX,0.00862016628608319,L1,-0.0234149795716899,L2,-0....
GetData ===>> H2,-0.144202556334299,H1,-0.0311074969505441,AX,-0.131625801227506,L1,-0.00975736932033824,L2,-0....
GetData ===>> H2,-0.207617178628387,H1,-0.0590674266462752,AX,-0.15411893793127,L1,-0.00642000621379428,L2,-0.0...
testing H1>-5.0
evaluate ot="H1.bs>-5.0" t="H1>-5.0", ctx="{'H1': None}"
23:22:22 -- collecting point 50
GetData ===>> H2,-0.106220460856189,H1,-0.0126818666037252,AX,-0.171623457722788,L1,-0.0263773493383908,L2,0.01...
GetData ===>> H2,-0.111713357691738,H1,-0.00501246541497729,AX,-0.0594470371427148,L1,-0.0131667405653693,L2,0....
GetData ===>> H2,-0.172615425824664,H1,-0.0225808469530573,AX,-0.0850541434034579,L1,-0.025550562061377,L2,-0.1...
GetData ===>> H2,-0.277474493339643,H1,-0.0969230935983443,AX,-0.0255527599346714,L1,-0.0231488988091864,L2,-0....
GetData ===>> H2,-0.231998502780718,H1,-0.0269098523467236,AX,-0.0176543817679708,L1,-0.00779082140441503,L2,0....
testing H1>-5.0
evaluate ot="H1.bs>-5.0" t="H1>-5.0", ctx="{'H1': None}"
GetData ===>> H2,-0.265779357529681,H1,0.00629590407117426,AX,-0.0994602498072656,L1,-0.000709266523067986,L2,-...
GetData ===>> H2,-0.317041467623746,H1,0.0251698889709885,AX,-0.0595165992978765,L1,-0.00825371420639798,L2,0.0...
GetData ===>> H2,-0.183361930476354,H1,-0.0430912804859183,AX,-0.095346092695354,L1,-0.0117870673433743,L2,0.05...
GetData ===>> H2,-0.112625729007987,H1,-0.0524507501512115,AX,-0.0928543354873701,L1,-0.035681376851637,L2,-0.0...
GetData ===>> H2,-0.101767915567794,H1,-0.0612132818293308,AX,-0.0280114487475287,L1,-0.0342511878068051,L2,0.0...
testing H1>-5.0
evaluate ot="H1.bs>-5.0" t="H1>-5.0", ctx="{'H1': None}"
GetData ===>> H2,-0.0864375504918862,H1,-0.00473812136052558,AX,-0.0912665313269619,L1,-0.0420337465250317,L2,-...
measurement finished
estimated time: 62.915 actual time: :63.188
flush and close file /Users/jan/PychronDev/data/isotopes/f9/fe7066-be3c-42ee-8f4e-3e6faebd0fbe.h5
activate_detectors ('H1', 'AX', 'CDD') {'peak_center': True}
peak_center () {'detector': 'H1', 'integration_time': 0.262144, 'isotope': 'Ar40'}
peak center: mean=759.458536634 threshold=3
peak center started
setup peak center. detector=['H1', 'AX', 'CDD'], isotope=Ar40
VersionedUnpickler [<apptools.sweet_pickle.versioned_unpickler.VersionedUnpickler object at 0x1f2bf8350>] using Updater [<apptools.sweet_pickle.updater.Updater object at 0x135230b30>]
VersionedUnpickler [<apptools.sweet_pickle.versioned_unpickler.VersionedUnpickler object at 0x1f2bf8350>] using Updater [<apptools.sweet_pickle.updater.Updater object at 0x135230b30>]
VersionedUnpickler [<apptools.sweet_pickle.versioned_unpickler.VersionedUnpickler object at 0x210f97530>] using Updater [<apptools.sweet_pickle.updater.Updater object at 0x135230b30>]
setting integration time = 0.524288
SetIntegrationTime 0.524288 ===>> OK
Mapping mass to dac mass func: "parabolic"
H1 map mass coeffs = [-0.00063987  0.15840543  0.57077999]
H1 map mass to dac 39.9624 >> 5.87917
GetDeflection H1 ===>> 0
GetHighVoltage ===>> 4499.94659342336
do peak center. <pychron.spectrometer.jobs.peak_center.PeakCenter object at 0x1352309b0>
doing pc
starting peak center. center dac= 5.87913537812 step_width=0.001
width = 0.001
get scan parameters. half-width=0.015,window=0.015, i=0, scalar=1
Scan parameters center=5.87914 width=0.03000 (5.86414 - 5.89414)
GetData ===>> H2,-0.201766483206265,H1,-0.0250494762773944,AX,-0.118695971713349,L1,0.00292641842332041,L2,-0.0...
Moving to starting dac 5.86413537812
setting magnet DAC
current  : 5.239795
requested: 5.864135
Delta Dac: 0.624340
Checking detector protection. dv=0.62434
Checking detector "CDD". Protection Threshold: 0.1 (V)
ProtectDetector CDD,On ===>> OK
GetDeflection CDD ===>> 2000
Protected = 2000
SetMagnetDAC 5.86413537812 ===>> OK
Magnet settling time: 0.500
GetMagnetMoving ===>> True
GetMagnetMoving ===>> True
GetMagnetMoving ===>> True
GetMagnetMoving ===>> True
GetMagnetMoving ===>> True
GetMagnetMoving ===>> True
GetMagnetMoving ===>> True
GetMagnetMoving ===>> True
GetMagnetMoving ===>> False
ProtectDetector CDD,Off ===>> OK
GetDeflection CDD ===>> 50
Wait until signal near baseline. tol= -0.018787107208. timeout= 10
GetData ===>> H2,4.02093265147257,H1,1.06217686199679,AX,-0.00244732907555796,L1,-0.000450046875001765,L2,-0.04...
GetData ===>> H2,43.8419458504806,H1,16.8847869623448,AX,0.853367554501989,L1,-0.0289481952583066,L2,-0.1052426...
GetData ===>> H2,38.7143977563635,H1,18.5527093990302,AX,1.29108142183916,L1,-0.0550182685437267,L2,-0.18637031...
GetData ===>> H2,19.5465382816089,H1,9.01573395685216,AX,0.414047619880879,L1,-0.037556480220707,L2,0.001047590...
GetData ===>> H2,7.92105429809289,H1,4.70876465818943,AX,0.164642399927804,L1,-0.017139286704326,L2,-0.11410832...
GetData ===>> H2,2.75560862153034,H1,2.67509667670474,AX,-0.0333693195859134,L1,-0.0312719424286211,L2,-0.03190...
GetData ===>> H2,0.858666203167467,H1,1.64934945240034,AX,-0.12183590013867,L1,-0.00785198203649033,L2,-0.01844...
GetData ===>> H2,0.166204928285699,H1,1.09663339243802,AX,-0.0273619898145813,L1,0.00277155397384896,L2,0.06672...
GetData ===>> H2,-0.0237349649615262,H1,0.86585370816914,AX,0.0147229084310685,L1,-0.0124727322385946,L2,-0.017...
GetData ===>> H2,0.0634090411947314,H1,0.756928676496549,AX,-0.0438986478376098,L1,-0.0213270365158511,L2,0.015...
GetData ===>> H2,0.0943818077857383,H1,0.625332095958409,AX,-0.11722445746347,L1,-0.0316763296583966,L2,0.04877...
GetData ===>> H2,0.100178214319638,H1,0.639538807441409,AX,-0.0288928503674709,L1,-0.0410445597179684,L2,-0.056...
GetData ===>> H2,0.0321823082228931,H1,0.605556064925561,AX,-0.0336476424793924,L1,-0.0467436224337197,L2,-0.07...
GetData ===>> H2,-0.00386907783934493,H1,0.565752772166239,AX,0.00808648459454423,L1,-0.0387568419870485,L2,-0....
GetData ===>> H2,-0.03077277572537,H1,0.633846314709641,AX,0.00604459904821077,L1,-0.0577327240313506,L2,-0.034...
GetData ===>> H2,-0.0427786474713399,H1,0.729034662522277,AX,-0.0432724861664643,L1,-0.0578044618008619,L2,0.01...
GetData ===>> H2,-0.0482560929140794,H1,0.648939302269081,AX,0.0255138640928662,L1,-0.0745784299593846,L2,-0.08...
GetData ===>> H2,0.0173326749839596,H1,0.794555960428967,AX,-0.0647915845347217,L1,-0.067250238686228,L2,0.1125...
GetData ===>> H2,-0.0395951474491236,H1,0.714216872981788,AX,-0.0971308470054168,L1,-0.041212225351854,L2,0.128...
GetData ===>> H2,-0.0786484295285901,H1,0.648460884333502,AX,-0.168401536807158,L1,-0.00637922669991636,L2,0.00...
GetData ===>> H2,-0.0923455950127218,H1,0.644609702971777,AX,-0.053847120527228,L1,-0.0119069421980915,L2,-0.01...
Peak center failed to move to a baseline position
_do_sweep sm= 5.86413537812, em= 5.89413537812, stm= 0.001
calculated step values: start=5.86413537812, end=5.89413537812, width=0.001, nsteps=31.0
setting magnet DAC
current  : 5.864135
requested: 5.864135
Delta Dac: 0.000000
Checking detector protection. dv=0.00000
Checking detector "CDD". Protection Threshold: 0.1 (V)
SetMagnetDAC 5.86413537812 ===>> OK
GetData ===>> H2,-0.0923455950127218,H1,0.644609702971777,AX,-0.053847120527228,L1,-0.0119069421980915,L2,-0.01...
setting magnet DAC
current  : 5.864135
requested: 5.865170
Delta Dac: 0.001034
Checking detector protection. dv=0.00103
Checking detector "CDD". Protection Threshold: 0.1 (V)
SetMagnetDAC 5.86516986088 ===>> OK
Magnet settling time: 1.049
GetData ===>> H2,-0.16847044331073,H1,1.27950801770134,AX,0.0147461135039843,L1,-0.0191423410545016,L2,-0.00653...
setting magnet DAC
current  : 5.865170
requested: 5.866204
Delta Dac: 0.001034
Checking detector protection. dv=0.00103
Checking detector "CDD". Protection Threshold: 0.1 (V)
SetMagnetDAC 5.86620434364 ===>> OK
Magnet settling time: 1.049
GetData ===>> H2,-0.146937971022079,H1,4.37247578767372,AX,0.281415041895207,L1,-0.0550684986119849,L2,-0.00649...
setting magnet DAC
current  : 5.866204
requested: 5.867239
Delta Dac: 0.001034
Checking detector protection. dv=0.00103
Checking detector "CDD". Protection Threshold: 0.1 (V)
SetMagnetDAC 5.8672388264 ===>> OK
Magnet settling time: 1.049
GetData ===>> H2,-0.0441380809996213,H1,15.9526964405569,AX,0.794296077523725,L1,-0.00399453729619801,L2,-0.151...
setting magnet DAC
current  : 5.867239
requested: 5.868273
Delta Dac: 0.001034
Checking detector protection. dv=0.00103
Checking detector "CDD". Protection Threshold: 0.1 (V)
SetMagnetDAC 5.86827330915 ===>> OK
Magnet settling time: 1.049
GetData ===>> H2,-0.224759622403087,H1,54.8042256515812,AX,2.95734899731891,L1,0.00305007159268247,L2,0.0239835...
setting magnet DAC
current  : 5.868273
requested: 5.869308
Delta Dac: 0.001034
Checking detector protection. dv=0.00103
Checking detector "CDD". Protection Threshold: 0.1 (V)
SetMagnetDAC 5.86930779191 ===>> OK
Magnet settling time: 1.049
GetData ===>> H2,-0.179938297978232,H1,154.051506653298,AX,8.67049019341147,L1,0.0555470853993866,L2,-0.2161066...
setting magnet DAC
current  : 5.869308
requested: 5.870342
Delta Dac: 0.001034
Checking detector protection. dv=0.00103
Checking detector "CDD". Protection Threshold: 0.1 (V)
SetMagnetDAC 5.87034227467 ===>> OK
Magnet settling time: 1.049
GetData ===>> H2,-0.187380387145704,H1,321.88050894269,AX,20.0361536762379,L1,0.12698510713779,L2,-0.1279407445...
setting magnet DAC
current  : 5.870342
requested: 5.871377
Delta Dac: 0.001034
Checking detector protection. dv=0.00103
Checking detector "CDD". Protection Threshold: 0.1 (V)
SetMagnetDAC 5.87137675743 ===>> OK
Magnet settling time: 1.049
GetData ===>> H2,-0.113542087542085,H1,503.760660573269,AX,34.4722628552301,L1,0.23807246717691,L2,0.0265576707...
setting magnet DAC
current  : 5.871377
requested: 5.872411
Delta Dac: 0.001034
Checking detector protection. dv=0.00103
Checking detector "CDD". Protection Threshold: 0.1 (V)
SetMagnetDAC 5.87241124019 ===>> OK
Magnet settling time: 1.049
GetData ===>> H2,-0.172885228876118,H1,634.562281395972,AX,46.8986223080096,L1,0.398608718598897,L2,-0.01209200...
setting magnet DAC
current  : 5.872411
requested: 5.873446
Delta Dac: 0.001034
Checking detector protection. dv=0.00103
Checking detector "CDD". Protection Threshold: 0.1 (V)
SetMagnetDAC 5.87344572295 ===>> OK
Magnet settling time: 1.049
GetData ===>> H2,-0.175763627360777,H1,696.863019678319,AX,54.2102940282286,L1,0.503296190084966,L2,-0.12491008...
setting magnet DAC
current  : 5.873446
requested: 5.874480
Delta Dac: 0.001034
Checking detector protection. dv=0.00103
Checking detector "CDD". Protection Threshold: 0.1 (V)
SetMagnetDAC 5.87448020571 ===>> OK
Magnet settling time: 1.049
GetData ===>> H2,-0.155096858175383,H1,722.190390145529,AX,57.9053614267734,L1,0.644819928080908,L2,-0.10688367...
setting magnet DAC
current  : 5.874480
requested: 5.875515
Delta Dac: 0.001034
Checking detector protection. dv=0.00103
Checking detector "CDD". Protection Threshold: 0.1 (V)
SetMagnetDAC 5.87551468846 ===>> OK
Magnet settling time: 1.049
GetData ===>> H2,-0.0238137907604608,H1,725.151351493099,AX,58.4418364022984,L1,0.679485344537477,L2,0.01610227...
setting magnet DAC
current  : 5.875515
requested: 5.876549
Delta Dac: 0.001034
Checking detector protection. dv=0.00103
Checking detector "CDD". Protection Threshold: 0.1 (V)
SetMagnetDAC 5.87654917122 ===>> OK
Magnet settling time: 1.049
GetData ===>> H2,0.00668879310139514,H1,725.444735681612,AX,58.6692233612285,L1,0.709343169857816,L2,-0.0854993...
setting magnet DAC
current  : 5.876549
requested: 5.877584
Delta Dac: 0.001034
Checking detector protection. dv=0.00103
Checking detector "CDD". Protection Threshold: 0.1 (V)
SetMagnetDAC 5.87758365398 ===>> OK
Magnet settling time: 1.049
GetData ===>> H2,-0.0311965360398591,H1,725.257774737829,AX,58.6513927815514,L1,0.729235986499114,L2,-0.0337672...
setting magnet DAC
current  : 5.877584
requested: 5.878618
Delta Dac: 0.001034
Checking detector protection. dv=0.00103
Checking detector "CDD". Protection Threshold: 0.1 (V)
SetMagnetDAC 5.87861813674 ===>> OK
Magnet settling time: 1.049
GetData ===>> H2,-0.107334774890723,H1,725.382186356601,AX,58.813921834841,L1,0.743398544995546,L2,0.1317446850...
setting magnet DAC
current  : 5.878618
requested: 5.879653
Delta Dac: 0.001034
Checking detector protection. dv=0.00103
Checking detector "CDD". Protection Threshold: 0.1 (V)
SetMagnetDAC 5.8796526195 ===>> OK
Magnet settling time: 1.049
GetData ===>> H2,-0.124694887479371,H1,725.43502729565,AX,58.8344339009983,L1,0.755206235477638,L2,0.0737236783...
setting magnet DAC
current  : 5.879653
requested: 5.880687
Delta Dac: 0.001034
Checking detector protection. dv=0.00103
Checking detector "CDD". Protection Threshold: 0.1 (V)
SetMagnetDAC 5.88068710226 ===>> OK
Magnet settling time: 1.049
GetData ===>> H2,-0.117036294763978,H1,725.124108380875,AX,58.5273147854416,L1,0.784467090885711,L2,-0.03508763...
setting magnet DAC
current  : 5.880687
requested: 5.881722
Delta Dac: 0.001034
Checking detector protection. dv=0.00103
Checking detector "CDD". Protection Threshold: 0.1 (V)
SetMagnetDAC 5.88172158502 ===>> OK
Magnet settling time: 1.049
GetData ===>> H2,-0.188590173970955,H1,723.934026608662,AX,58.5859751516987,L1,0.761435596358716,L2,0.071718080...
setting magnet DAC
current  : 5.881722
requested: 5.882756
Delta Dac: 0.001034
Checking detector protection. dv=0.00103
Checking detector "CDD". Protection Threshold: 0.1 (V)
SetMagnetDAC 5.88275606777 ===>> OK
Magnet settling time: 1.049
GetData ===>> H2,-0.0904126865007773,H1,723.178488756754,AX,58.4462703241213,L1,0.754571073789348,L2,0.06226042...
setting magnet DAC
current  : 5.882756
requested: 5.883791
Delta Dac: 0.001034
Checking detector protection. dv=0.00103
Checking detector "CDD". Protection Threshold: 0.1 (V)
SetMagnetDAC 5.88379055053 ===>> OK
Magnet settling time: 1.049
GetData ===>> H2,-0.147081019839194,H1,719.575823709634,AX,57.6975029226076,L1,0.767196182712598,L2,-0.00532886...
setting magnet DAC
current  : 5.883791
requested: 5.884825
Delta Dac: 0.001034
Checking detector protection. dv=0.00103
Checking detector "CDD". Protection Threshold: 0.1 (V)
SetMagnetDAC 5.88482503329 ===>> OK
Magnet settling time: 1.049
GetData ===>> H2,-0.187501641098787,H1,705.825476961664,AX,55.7164504735953,L1,0.759515277181261,L2,0.039543092...
setting magnet DAC
current  : 5.884825
requested: 5.885860
Delta Dac: 0.001034
Checking detector protection. dv=0.00103
Checking detector "CDD". Protection Threshold: 0.1 (V)
SetMagnetDAC 5.88585951605 ===>> OK
Magnet settling time: 1.049
GetData ===>> H2,-0.256844154065209,H1,663.11710244431,AX,49.8885703999988,L1,0.655743477887814,L2,0.0063312623...
setting magnet DAC
current  : 5.885860
requested: 5.886894
Delta Dac: 0.001034
Checking detector protection. dv=0.00103
Checking detector "CDD". Protection Threshold: 0.1 (V)
SetMagnetDAC 5.88689399881 ===>> OK
Magnet settling time: 1.049
GetData ===>> H2,-0.220469718484701,H1,559.860317631705,AX,38.3582363516432,L1,0.572126404104925,L2,0.004167654...
setting magnet DAC
current  : 5.886894
requested: 5.887928
Delta Dac: 0.001034
Checking detector protection. dv=0.00103
Checking detector "CDD". Protection Threshold: 0.1 (V)
SetMagnetDAC 5.88792848157 ===>> OK
Magnet settling time: 1.049
GetData ===>> H2,-0.335069701851758,H1,301.124853382138,AX,16.3004448726034,L1,0.328026751076383,L2,0.018061147...
setting magnet DAC
current  : 5.887928
requested: 5.888963
Delta Dac: 0.001034
Checking detector protection. dv=0.00103
Checking detector "CDD". Protection Threshold: 0.1 (V)
SetMagnetDAC 5.88896296433 ===>> OK
Magnet settling time: 1.049
GetData ===>> H2,-0.233649124510702,H1,141.35176381848,AX,6.4229565936337,L1,0.171015527833285,L2,0.01193409588...
setting magnet DAC
current  : 5.888963
requested: 5.889997
Delta Dac: 0.001034
Checking detector protection. dv=0.00103
Checking detector "CDD". Protection Threshold: 0.1 (V)
SetMagnetDAC 5.88999744708 ===>> OK
Magnet settling time: 1.049
GetData ===>> H2,-0.236248754999367,H1,51.1731496341521,AX,1.82676785672663,L1,0.0664533897422936,L2,0.04072781...
setting magnet DAC
current  : 5.889997
requested: 5.891032
Delta Dac: 0.001034
Checking detector protection. dv=0.00103
Checking detector "CDD". Protection Threshold: 0.1 (V)
SetMagnetDAC 5.89103192984 ===>> OK
Magnet settling time: 1.049
GetData ===>> H2,-0.234592803094537,H1,15.2631259528553,AX,0.552054940309594,L1,0.0661669908273715,L2,-0.141976...
setting magnet DAC
current  : 5.891032
requested: 5.892066
Delta Dac: 0.001034
Checking detector protection. dv=0.00103
Checking detector "CDD". Protection Threshold: 0.1 (V)
SetMagnetDAC 5.8920664126 ===>> OK
Magnet settling time: 1.049
GetData ===>> H2,-0.147135000055932,H1,3.70103653663614,AX,-0.0497890085630905,L1,0.0127526474378705,L2,-0.0249...
setting magnet DAC
current  : 5.892066
requested: 5.893101
Delta Dac: 0.001034
Checking detector protection. dv=0.00103
Checking detector "CDD". Protection Threshold: 0.1 (V)
SetMagnetDAC 5.89310089536 ===>> OK
Magnet settling time: 1.049
GetData ===>> H2,-0.0417582873893884,H1,0.816214203373744,AX,-0.278795748392596,L1,-0.0274306492956771,L2,-0.12...
setting magnet DAC
current  : 5.893101
requested: 5.894135
Delta Dac: 0.001034
Checking detector protection. dv=0.00103
Checking detector "CDD". Protection Threshold: 0.1 (V)
SetMagnetDAC 5.89413537812 ===>> OK
Magnet settling time: 1.049
GetData ===>> H2,-0.194281711357583,H1,0.0147780196112947,AX,-0.296376876655167,L1,-0.0115041570251393,L2,-0.04...
result of _do_sweep=True
result of _calculate_peak_center=([5.8716203480590483, 5.879315738840611, 5.8870111296221737], [534.56064142836635, 725.43911561316168, 530.56461877391553], 5.8765802678987278, 725.43911561316168)
Failed to find a valid peak. No peak greater than 1.0. max = 0.0359789730325
new center pos Detector(H1) (Ar40) @ 5.87931573884
GetHighVoltage ===>> 4499.94659342336
GetDeflection H1 ===>> 0
dac uncorrected for HV and deflection 5.87935036178
update mftable H1 Ar40 5.87935036178 message=automated run peakcenter
get initial guess parabolic
get initial guess parabolic
get initial guess parabolic
get initial guess parabolic
get initial guess parabolic
get initial guess parabolic
dump mftable to /Users/jan/PychronDev/setupfiles/spectrometer/mftables/mftable.csv
add to repo msg=modified - automated run peakcenter
sweep finished
locally archiving mftable
setting magnet DAC
current  : 5.894135
requested: 5.879316
Delta Dac: 0.014820
Checking detector protection. dv=0.01482
Checking detector "CDD". Protection Threshold: 0.1 (V)
SetMagnetDAC 5.87931573884 ===>> OK
Magnet settling time: 0.500
setting integration time = 1.048576
SetIntegrationTime 1.048576 ===>> OK
Failed to find a valid peak. No peak greater than 1.0. max = 0.0359789730325
flush and close file /Users/jan/PychronDev/data/isotopes/f9/fe7066-be3c-42ee-8f4e-3e6faebd0fbe.h5
finished measure script
executed snippet estimated_duration=224.052928, duration=270.448266029
jan_unknown120_60.py completed successfully
Measurement Finished
23:23:19 -- ******* Measurement Finished *******
Post Measurement Started jan_pump_ms.py
23:23:19 -- ******* Post Measurement Started jan_pump_ms.py *******
testing...
no interpolation path defined
executed snippet estimated_duration=0, duration=2.78949737549e-05
Pumping spectrometer
open () {'name': 'O'}
opening name=O desc=---
checking ownership. requestor=129.138.12.150
check software interlocks O
interlocks []
actuate state mode=None-script, software_lock=False
doing actuation None-script open_channel True
Open O ===>> OK
GetIndicatorState O ===>> OK
change switch state (True, True)
update switch state O True args=() kw={} ncanvase=2
23:23:20 -- OPEN   VALVE-O (Jan Ion Pump)
---------------------------------------- open O () result=[(True, True)], time=0.13 sec
action=open, ok=True, locked=[False]
executed snippet estimated_duration=0, duration=0.383429050446
jan_pump_ms.py completed successfully
setting _ms_pumptime
Post Measurement Finished
23:23:20 -- ******* Post Measurement Finished *******
$$$$$$$$$$$$$$$$$$$$ state at run end measurement
state changed from measurement to success
post measurement save measured=True aborted=False
Set filtering
setting fod for Ar40= {'filter_outliers': True, 'std_devs': 2, 'iterations': 1}
setting fod for H1= {'filter_outliers': True, 'std_devs': 2, 'iterations': 1}
setting fod for PM41= {'filter_outliers': False, 'std_devs': 2, 'iterations': 1}
setting fod for H2= {'filter_outliers': True, 'std_devs': 2, 'iterations': 1}
setting fod for Ar36= {'filter_outliers': True, 'std_devs': 2, 'iterations': 1}
setting fod for CDD= {'filter_outliers': True, 'std_devs': 10, 'iterations': 1}
setting fod for Ar37= {'filter_outliers': True, 'std_devs': 2, 'iterations': 1}
setting fod for L2= {'filter_outliers': True, 'std_devs': 2, 'iterations': 1}
setting fod for Ar38= {'filter_outliers': True, 'std_devs': 2, 'iterations': 1}
setting fod for L1= {'filter_outliers': True, 'std_devs': 2, 'iterations': 1}
setting fod for Ar39= {'filter_outliers': True, 'std_devs': 2, 'iterations': 1}
setting fod for AX= {'filter_outliers': True, 'std_devs': 2, 'iterations': 1}
persistence save...
persistence save - db
post measurement save
7442496496 connecting to database sqlite:////Users/jan/PychronDev/.appdata/local_lab.db
connected to db sqlite:////Users/jan/PychronDev/.appdata/local_lab.db
create new session 7442496496
close session 7442496496
No database instance. Not saving post measurement to isotopedb database
$$$$$$$$$$$$$$$ auto_save_detector_ic=False
massspec enabled True
create new session 4985539184
MassSpec Database Version: 16.0
close session 4985539184
saving post measurement to secondary database
saving to massspec database 129.138.12.160/massspecdata
setting labnumber to c-02-J
setting aliquot to 1272
setting step to 
setting uuid to f9fe7066-be3c-42ee-8f4e-3e6faebd0fbe
setting irradpos to c-02-J
setting extract_device to Fusions CO2
setting tray to 
setting position to 
setting power_requested to 0.0
setting extract_value to 0.0
setting duration to 0.0
setting duration_at_request to 0.0
setting first_stage_delay to 0.0
setting cleanup to 0.0
setting comment to 
setting irradiation to Cocktail-02
setting level to A
setting irradiation_level to A
setting sample to cocktail
setting material to 
setting project to 
setting mass_spectrometer to jan
no attribute chron_dosages
no attribute production_ratios
no attribute interference_corrections
no attribute production_name
no attribute j
Reference Isotope=Ar40
Reference Detector=H1
%%%%%%%%%%%%%%%%%%%% Comment:  %%%%%%%%%%%%%%%%%%%
adding isotope PM41 H2
add baseline dbdet= PM41. original det= H2
get baseline data PM41 H2
Get data baseline <pychron.processing.isotope.Baseline object at 0x20601a710> len t=60
baseline PM41. v=-0.211085750253, e=0.0100211040675
get signal data PM41 H2
Get data signal PM41 0.08+/-0.06 len t=120
adding isotope Ar40 H1
add baseline dbdet= Ar40. original det= H1
get baseline data Ar40 H1
Get data baseline <pychron.processing.isotope.Baseline object at 0x20601a890> len t=60
baseline Ar40. v=-0.0205553480049, e=0.00447761692434
get signal data Ar40 H1
Get data signal Ar40 796.06+/-0.04 len t=120
adding isotope Ar39 AX
add baseline dbdet= Ar39. original det= AX
get baseline data Ar39 AX
Get data baseline <pychron.processing.isotope.Baseline object at 0x20601a150> len t=60
baseline Ar39. v=-0.0717239377836, e=0.00637429530883
get signal data Ar39 AX
Get data signal Ar39 64.165+/-0.016 len t=120
adding isotope Ar38 L1
add baseline dbdet= Ar38. original det= L1
get baseline data Ar38 L1
Get data baseline <pychron.processing.isotope.Baseline object at 0x20601ae90> len t=60
baseline Ar38. v=-0.0224928110257, e=0.00238625088999
get signal data Ar38 L1
Get data signal Ar38 0.839+/-0.005 len t=120
adding isotope Ar37 L2
add baseline dbdet= Ar37. original det= L2
get baseline data Ar37 L2
Get data baseline <pychron.processing.isotope.Baseline object at 0x20601ad50> len t=60
baseline Ar37. v=-0.0163954140055, e=0.00653708516213
get signal data Ar37 L2
Get data signal Ar37 0.043+/-0.010 len t=120
adding isotope Ar36 CDD
add baseline dbdet= Ar36. original det= CDD
get baseline data Ar36 CDD
Get data baseline <pychron.processing.isotope.Baseline object at 0x20601a190> len t=60
baseline Ar36. v=0.000136459961877, e=2.13162415626e-05
get signal data Ar36 CDD
Get data signal Ar36 0.0279+/-0.0004 len t=120
4416-1272 added analysis time 0.458961963654s
analysis added to mass spec database
mass spec save time= 0.470
persistence save - dvc
================= post measurement started
create new session 4989601072
close session 4989601072
---------------- Experiment Queue saving disabled
DVC saving peakcenter
Failed to find a valid peak. No peak greater than 1.0. max = 0.0359789730325
Smart pull ahead: 0 behind: 0
Up-to-date with origin
add to repo msg=modified - ad8224ebc6dbfeb9f5997218dfa5fe690569839d.json
add to repo msg=modified - -J-1272.json
add to repo msg=modified - -J-1272.dat.json
add to repo msg=modified - -J-1272.blan.json
add to repo msg=modified - -J-1272.inte.json
add to repo msg=modified - -J-1272.icfa.json
add to repo msg=modified - -J-1272.base.json
not at valid file /Users/jan/PychronDev/data/.dvc/repositories/Load1791/c-02/tags/-J-1272.tags.json
add to repo msg=modified - -J-1272.peak.json
add to repo msg=modified - -J-1272.extr.json
not at valid file /Users/jan/PychronDev/data/.dvc/repositories/Load1791/c-02/monitor/-J-1272.moni.json
commit message=<COLLECTION>
add to repo msg=modified - -J-1272.inte.json
add to repo msg=modified - -J-1272.base.json
commit message=<ISOEVO> default collection fits
add to repo msg=modified - -J-1272.blan.json
commit message=<BLANKS> preceding bu-FC-J-7766
add to repo msg=modified - -J-1272.icfa.json
commit message=<ICFactor> default
push repository <pychron.git_archive.repo_manager.GitRepoManager object at 0x1ed404890>
pushing to remote=origin, url=https://github.com
no changes to meta repo
create new session 4989601072
add association Load1791
get identifier "c-02-J"
setting analysis irradiation position=<pychron.dvc.dvc_orm.IrradiationPositionTbl object at 0x1d6da4350>
close session 4989601072
================= post measurement finished
23:23:33 -- ******* Post Run Check *******
loading queue conditionals post_run_actions
loading system conditionals post_run_actions
loading conditionals from /Users/jan/PychronDev/setupfiles/spectrometer/default_conditionals.yaml
loading queue conditionals post_run_terminations
loading system conditionals post_run_terminations
loading conditionals from /Users/jan/PychronDev/setupfiles/spectrometer/default_conditionals.yaml
Checking default post run terminations n=1
GetDeflection CDD ===>> 50
testing CDD==2000
evaluate ot="CDD.deflection==2000" t="CDD==2000", ctx="{'CDD': 50.0}"
23:23:33 -- ******* Post Run Check Passed *******
23:23:33 -- Automated run c-02-J-1272 success duration: 351.335 s
----------------- finish -----------------
----------------- stop -----------------
retroactive repository identifiers disabled
finish run. runs completed=194
update duration runid=c-02-J-1272, duration=351.335030079, md5=c594f137
write rem/ex queues
/Users/jan/PychronDev/experiments/rem/CurrentExperiment.rem.txt
/Users/jan/PychronDev/experiments/rem/CurrentExperiment.ex.txt
doing event level: 3
