do run
loading script "jan_unknown120_60.py"
loading script "jan_pump_ms.py"
loading script "jan_cocktail_x1.py"
loading script "jan_pump_extraction_line.py"
testing...
no interpolation path defined
executed snippet estimated_duration=213.652928, duration=0.000381946563721
script duration name:unknown120_60 seconds:214.0
loading script "jan_unknown120_60.py"
loading script "jan_pump_ms.py"
loading script "jan_cocktail_x1.py"
loading script "jan_pump_extraction_line.py"
testing...
no interpolation path defined
executed snippet estimated_duration=0, duration=3.00407409668e-05
loading script "jan_unknown120_60.py"
loading script "jan_pump_ms.py"
loading script "jan_cocktail_x1.py"
loading script "jan_pump_extraction_line.py"
testing...
no interpolation path defined
calculate duration
testing...
no interpolation path defined
executed snippet estimated_duration=0, duration=0.000114917755127
calculate duration
testing...
no interpolation path defined
executed snippet estimated_duration=0, duration=0.000102043151855
calculate duration
testing...
no interpolation path defined
executed snippet estimated_duration=32.0, duration=0.000207901000977
calculate duration
testing...
no interpolation path defined
executed snippet estimated_duration=34.0, duration=0.000120162963867
calculate duration
testing...
no interpolation path defined
executed snippet estimated_duration=4.0, duration=9.10758972168e-05
calculate duration
testing...
no interpolation path defined
executed snippet estimated_duration=38.0, duration=0.000105857849121
executed snippet estimated_duration=108.0, duration=0.0102961063385
script duration name:cocktail_x1 seconds:108.0
loading script "jan_unknown120_60.py"
loading script "jan_pump_ms.py"
loading script "jan_cocktail_x1.py"
loading script "jan_pump_extraction_line.py"
testing...
no interpolation path defined
calculate duration
testing...
no interpolation path defined
executed snippet estimated_duration=4.0, duration=0.000198841094971
executed snippet estimated_duration=4.0, duration=0.00241899490356
Script duration 322.0
Run total estimated duration= 323.000
run duration: 0:05:23
doing event level: 2
15:04:21 -- Setting default integration. t=1.048576
setting integration time = 1.048576
SetIntegrationTime 1.048576 ===>> OK
----------------- start -----------------
**************** Experiment Type: Ar/Ar, Ar/Ar
create new session 4436069840
close session 4436069840
$$$$$ Clearing conditionals
adding conditionals 
Add queue conditionals
add default conditionals
adding default conditionals from /Users/jan/PychronDev/setupfiles/spectrometer/default_conditionals.yaml
Start automated run c-02-J-1261
loading script "jan_unknown120_60.py"
loading script "jan_pump_ms.py"
loading script "jan_cocktail_x1.py"
loading script "jan_pump_extraction_line.py"
%%%%%%%%%%%%%%%%%% setting automated run c-02-J-1261
No value "sensitivity_multiplier" in metadata
$$$$$$$$$$$$$$$ auto_save_detector_ic=False
============================= Pre Extraction Check =============================
loading queue conditionals pre_run_terminations
loading system conditionals pre_run_terminations
loading conditionals from /Users/jan/PychronDev/setupfiles/spectrometer/default_conditionals.yaml
15:04:21 -- ******* Pre Extraction Check *******
Get a measurement from the spectrometer
GetData ===>> H2,-0.186168922310089,H1,-0.0524507501512115,AX,-0.0718978707744415,L1,-0.063299621935195,L2,0.03...
Pre Extraction Termination data. keys=H2,H1,AX,L1,L2,CDD, signals=-0.18617,-0.05245,-0.07190,-0.06330,0.03941,0.00476
15:04:21 -- testing system defined conditionals
Checking default pre extraction terminations n=2
testing CDD
evaluate ot="CDD.inactive" t="CDD", ctx="{'CDD': False}"
GetDeflection CDD ===>> 50
testing CDD==2000
evaluate ot="CDD.deflection==2000" t="CDD==2000", ctx="{'CDD': 50.0}"
15:04:21 -- ******* Pre Extraction Check Passed *******
=================================================================================
15:04:21 -- stopping status monitor
stop 4982387056
Alive clients [4989850544]
15:04:21 -- starting status monitor
start 4982387056
Monitor already running
start extraction
do extraction
Analysis started at 15:04:21.319559
Extraction Started jan_cocktail_x1.py
15:04:21 -- ******* Extraction Started jan_cocktail_x1.py *******
state changed from not run to extraction
DO EXTRACTION <pychron.extraction_line.pyscript_runner.RemotePyScriptRunner object at 0x12c299590>
testing...
no interpolation path defined
calculate duration
testing...
no interpolation path defined
executed snippet estimated_duration=0, duration=4.79221343994e-05
calculate duration
testing...
no interpolation path defined
executed snippet estimated_duration=0, duration=9.98973846436e-05
calculate duration
testing...
no interpolation path defined
executed snippet estimated_duration=32.0, duration=9.48905944824e-05
calculate duration
testing...
no interpolation path defined
executed snippet estimated_duration=34.0, duration=0.0001380443573
calculate duration
testing...
no interpolation path defined
executed snippet estimated_duration=4.0, duration=9.20295715332e-05
calculate duration
testing...
no interpolation path defined
executed snippet estimated_duration=38.0, duration=0.000107049942017
executed snippet estimated_duration=108.0, duration=0.0107400417328
Jan Cocktail Pipette x1
doing GOSUB
testing...
no interpolation path defined
executed snippet estimated_duration=0, duration=4.60147857666e-05
Waiting for minibone access
wait ('FelixMiniboneFlag', 0) {}
waiting for FelixMiniboneFlag = 0
Read FelixMiniboneFlag ===>> 0
finished waiting
Minibone free
acquire ('JanMiniboneFlag',) {'clear': True}
acquire JanMiniboneFlag
Set JanMiniboneFlag 1 ===>> OK
JanMiniboneFlag acquired
set extraction state False (0.75, 'red', 1.5)
Minibone acquired
wait ('MinibonePumpTimeFlag', 0) {}
waiting for MinibonePumpTimeFlag = 0
Read MinibonePumpTimeFlag ===>> 0
finished waiting
executed snippet estimated_duration=0, duration=0.0357139110565
WaitForMiniboneAccess.py completed successfully
gosub finished
doing GOSUB
testing...
no interpolation path defined
executed snippet estimated_duration=0, duration=0.000103950500488
Prepare for Air Shot
close () {'description': 'Jan Inlet'}
closing name=--- desc=Jan Inlet
checking ownership. requestor=129.138.12.150
check software interlocks R
interlocks []
actuate state mode=None-script, software_lock=False
doing actuation None-script close_channel False
Close R ===>> OK
GetIndicatorState R ===>> False
change switch state (True, True)
update switch state R False args=() kw={} ncanvase=2
15:04:21 -- CLOSE  VALVE-R (Jan Inlet)
---------------------------------------- close None (Jan Inlet) result=[(True, True)]
action=close, ok=True, locked=[False]
open () {'description': 'Jan Ion Pump'}
opening name=--- desc=Jan Ion Pump
checking ownership. requestor=129.138.12.150
check software interlocks O
interlocks []
actuate state mode=None-script, software_lock=False
doing actuation None-script open_channel False
Open O ===>> OK
GetIndicatorState O ===>> OK
change switch state (True, True)
update switch state O True args=() kw={} ncanvase=2
15:04:22 -- OPEN   VALVE-O (Jan Ion Pump)
---------------------------------------- open None (Jan Ion Pump) result=[(True, True)], time=0.09 sec
action=open, ok=True, locked=[False]
close () {'description': 'Minibone to Bone'}
closing name=--- desc=Minibone to Bone
checking ownership. requestor=129.138.12.150
check software interlocks I
interlocks []
actuate state mode=None-script, software_lock=False
doing actuation None-script close_channel True
Close I ===>> OK
GetIndicatorState I ===>> False
change switch state (True, True)
update switch state I False args=() kw={} ncanvase=2
15:04:22 -- CLOSE  VALVE-I (Minibone to Bone)
---------------------------------------- close None (Minibone to Bone) result=[(True, True)]
action=close, ok=True, locked=[False]
close () {'description': 'Bone to Minibone'}
closing name=--- desc=Bone to Minibone
checking ownership. requestor=129.138.12.150
check software interlocks E
interlocks []
actuate state mode=None-script, software_lock=False
doing actuation None-script close_channel False
Close E ===>> OK
GetIndicatorState E ===>> False
change switch state (True, True)
update switch state E False args=() kw={} ncanvase=2
15:04:23 -- CLOSE  VALVE-E (Bone to Minibone)
---------------------------------------- close None (Bone to Minibone) result=[(True, True)]
action=close, ok=True, locked=[False]
close () {'description': 'Minibone to Turbo'}
closing name=--- desc=Minibone to Turbo
checking ownership. requestor=129.138.12.150
check software interlocks P
interlocks []
actuate state mode=None-script, software_lock=False
doing actuation None-script close_channel True
Close P ===>> OK
GetIndicatorState P ===>> False
change switch state (True, True)
update switch state P False args=() kw={} ncanvase=2
15:04:23 -- CLOSE  VALVE-P (Minibone to Turbo)
---------------------------------------- close None (Minibone to Turbo) result=[(True, True)]
action=close, ok=True, locked=[False]
close () {'description': 'Quad Inlet'}
closing name=--- desc=Quad Inlet
checking ownership. requestor=129.138.12.150
check software interlocks Q
interlocks []
actuate state mode=None-script, software_lock=False
doing actuation None-script close_channel True
Close Q ===>> OK
GetIndicatorState Q ===>> False
change switch state (True, True)
update switch state Q False args=() kw={} ncanvase=2
15:04:23 -- CLOSE  VALVE-Q (Quad Inlet)
---------------------------------------- close None (Quad Inlet) result=[(True, True)]
action=close, ok=True, locked=[False]
open () {'description': 'Microbone to Turbo'}
opening name=--- desc=Microbone to Turbo
checking ownership. requestor=129.138.12.150
check software interlocks U
interlocks []
actuate state mode=None-script, software_lock=False
doing actuation None-script open_channel False
Open U ===>> OK
GetIndicatorState U ===>> OK
change switch state (True, True)
update switch state U True args=() kw={} ncanvase=2
15:04:24 -- OPEN   VALVE-U (Microbone to Turbo)
---------------------------------------- open None (Microbone to Turbo) result=[(True, True)], time=0.13 sec
action=open, ok=True, locked=[False]
open () {'description': 'Microbone to Inlet Pipette'}
opening name=--- desc=Microbone to Inlet Pipette
checking ownership. requestor=129.138.12.150
check software interlocks S
interlocks []
actuate state mode=None-script, software_lock=False
doing actuation None-script open_channel False
Open S ===>> OK
GetIndicatorState S ===>> OK
change switch state (True, True)
update switch state S True args=() kw={} ncanvase=2
15:04:25 -- OPEN   VALVE-S (Microbone to Inlet Pipette)
---------------------------------------- open None (Microbone to Inlet Pipette) result=[(True, True)], time=0.42 sec
action=open, ok=True, locked=[False]
open () {'description': 'Microbone to Getter D-50'}
opening name=--- desc=Microbone to Getter D-50
checking ownership. requestor=129.138.12.150
check software interlocks K
interlocks []
actuate state mode=None-script, software_lock=False
doing actuation None-script open_channel False
Open K ===>> OK
GetIndicatorState K ===>> OK
change switch state (True, True)
update switch state K True args=() kw={} ncanvase=2
15:04:25 -- OPEN   VALVE-K (Microbone to Getter D-50)
---------------------------------------- open None (Microbone to Getter D-50) result=[(True, True)], time=0.42 sec
action=open, ok=True, locked=[False]
open () {'description': 'Microbone to Getter NP-10'}
opening name=--- desc=Microbone to Getter NP-10
checking ownership. requestor=129.138.12.150
check software interlocks M
interlocks []
actuate state mode=None-script, software_lock=False
doing actuation None-script open_channel False
Open M ===>> OK
GetIndicatorState M ===>> OK
change switch state (True, True)
update switch state M True args=() kw={} ncanvase=2
15:04:26 -- OPEN   VALVE-M (Microbone to Getter NP-10)
---------------------------------------- open None (Microbone to Getter NP-10) result=[(True, True)], time=0.14 sec
action=open, ok=True, locked=[False]
close () {'description': 'Microbone to CO2 Laser'}
closing name=--- desc=Microbone to CO2 Laser
checking ownership. requestor=129.138.12.150
check software interlocks T
interlocks []
actuate state mode=None-script, software_lock=False
doing actuation None-script close_channel True
Close T ===>> OK
GetIndicatorState T ===>> False
change switch state (True, True)
update switch state T False args=() kw={} ncanvase=2
15:04:26 -- CLOSE  VALVE-T (Microbone to CO2 Laser)
---------------------------------------- close None (Microbone to CO2 Laser) result=[(True, True)]
action=close, ok=True, locked=[False]
executed snippet estimated_duration=0, duration=5.65345406532
PrepareForAirShot.py completed successfully
gosub finished
doing GOSUB
testing...
no interpolation path defined
executed snippet estimated_duration=32.0, duration=0.000172853469849
Evacuate Pipette 1
open () {'description': 'Microbone to Turbo'}
opening name=--- desc=Microbone to Turbo
checking ownership. requestor=129.138.12.150
check software interlocks U
interlocks []
actuate state mode=None-script, software_lock=False
doing actuation None-script open_channel False
Open U ===>> OK
GetIndicatorState U ===>> OK
change switch state (True, True)
update switch state U True args=() kw={} ncanvase=2
15:04:27 -- OPEN   VALVE-U (Microbone to Turbo)
---------------------------------------- open None (Microbone to Turbo) result=[(True, True)], time=0.14 sec
action=open, ok=True, locked=[False]
open () {'description': 'Microbone to Minibone'}
opening name=--- desc=Microbone to Minibone
checking ownership. requestor=129.138.12.150
check software interlocks L
interlocks []
actuate state mode=None-script, software_lock=False
doing actuation None-script open_channel True
Open L ===>> OK
GetIndicatorState L ===>> OK
change switch state (True, True)
update switch state L True args=() kw={} ncanvase=2
15:04:27 -- OPEN   VALVE-L (Microbone to Minibone)
---------------------------------------- open None (Microbone to Minibone) result=[(True, True)], time=0.41 sec
action=open, ok=True, locked=[False]
close () {'description': 'Inner Pipette 1'}
closing name=--- desc=Inner Pipette 1
checking ownership. requestor=129.138.12.150
check software interlocks X
interlocks ['W']
actuate state mode=None-script, software_lock=False
doing actuation None-script close_channel False
Close X ===>> OK
GetIndicatorState X ===>> False
change switch state (True, True)
update switch state X False args=() kw={} ncanvase=2
15:04:28 -- CLOSE  VALVE-X (Inner Pipette 1)
---------------------------------------- close None (Inner Pipette 1) result=[(True, True)]
action=close, ok=True, locked=[False]
sleep (1,) {}
SLEEP 1.0
open () {'description': 'Outer Pipette 1'}
opening name=--- desc=Outer Pipette 1
checking ownership. requestor=129.138.12.150
check software interlocks W
interlocks ['X']
actuate state mode=None-script, software_lock=False
doing actuation None-script open_channel True
Open W ===>> OK
GetIndicatorState W ===>> OK
change switch state (True, True)
update switch state W True args=() kw={} ncanvase=2
15:04:29 -- OPEN   VALVE-W (Outer Pipette 1)
---------------------------------------- open None (Outer Pipette 1) result=[(True, True)], time=0.30 sec
action=open, ok=True, locked=[False]
sleep (15,) {}
SLEEP 15.0
block started
WaitControl setup for 15.0  
Join finished
block finished. duration 15.0337150097
executed snippet estimated_duration=48.0, duration=18.0210869312
EvacPipette1.py completed successfully
gosub finished
doing GOSUB
testing...
no interpolation path defined
executed snippet estimated_duration=34.0, duration=0.000134944915771
Fill Pipette 1
close () {'description': 'Outer Pipette 1'}
closing name=--- desc=Outer Pipette 1
checking ownership. requestor=129.138.12.150
check software interlocks W
interlocks ['X']
actuate state mode=None-script, software_lock=False
doing actuation None-script close_channel True
Close W ===>> OK
GetIndicatorState W ===>> False
change switch state (True, True)
update switch state W False args=() kw={} ncanvase=2
15:04:45 -- CLOSE  VALVE-W (Outer Pipette 1)
---------------------------------------- close None (Outer Pipette 1) result=[(True, True)]
action=close, ok=True, locked=[False]
sleep (1,) {}
SLEEP 1.0
filling cocktail pipette
open () {'description': 'Inner Pipette 1'}
opening name=--- desc=Inner Pipette 1
checking ownership. requestor=129.138.12.150
check software interlocks X
interlocks ['W']
actuate state mode=None-script, software_lock=False
doing actuation None-script open_channel True
Open X ===>> OK
GetIndicatorState X ===>> OK
change switch state (True, True)
update switch state X True args=() kw={} ncanvase=2
15:04:46 -- OPEN   VALVE-X (Inner Pipette 1)
---------------------------------------- open None (Inner Pipette 1) result=[(True, True)], time=0.12 sec
action=open, ok=True, locked=[False]
sleep (15,) {}
SLEEP 15.0
block started
WaitControl setup for 15.0  
set states for children of V. state=False
handle state [('V', False)]
update switch state V False args=() kw={'refresh': False} ncanvase=2
refresh_canvas_needed fired
set states for children of H. state=True
handle state [('H', True)]
update switch state H True args=() kw={'refresh': False} ncanvase=2
refresh_canvas_needed fired
Join finished
block finished. duration 15.0207901001
close () {'description': 'Inner Pipette 1'}
closing name=--- desc=Inner Pipette 1
checking ownership. requestor=129.138.12.150
check software interlocks X
interlocks ['W']
actuate state mode=None-script, software_lock=False
doing actuation None-script close_channel True
Close X ===>> OK
GetIndicatorState X ===>> False
change switch state (True, True)
update switch state X False args=() kw={} ncanvase=2
15:05:01 -- CLOSE  VALVE-X (Inner Pipette 1)
---------------------------------------- close None (Inner Pipette 1) result=[(True, True)]
action=close, ok=True, locked=[False]
sleep (1,) {}
SLEEP 1.0
executed snippet estimated_duration=51.0, duration=18.2070469856
FillPipette1.py completed successfully
gosub finished
doing GOSUB
testing...
no interpolation path defined
executed snippet estimated_duration=4.0, duration=0.000125169754028
Prepare for air expansion
close () {'description': 'Microbone to Turbo'}
closing name=--- desc=Microbone to Turbo
checking ownership. requestor=129.138.12.150
check software interlocks U
interlocks []
actuate state mode=None-script, software_lock=False
doing actuation None-script close_channel True
Close U ===>> OK
GetIndicatorState U ===>> False
change switch state (True, True)
update switch state U False args=() kw={} ncanvase=2
15:05:03 -- CLOSE  VALVE-U (Microbone to Turbo)
---------------------------------------- close None (Microbone to Turbo) result=[(True, True)]
action=close, ok=True, locked=[False]
open () {'description': 'Microbone to Getter NP-10'}
opening name=--- desc=Microbone to Getter NP-10
checking ownership. requestor=129.138.12.150
check software interlocks M
interlocks []
actuate state mode=None-script, software_lock=False
doing actuation None-script open_channel False
Open M ===>> OK
GetIndicatorState M ===>> OK
change switch state (True, True)
update switch state M True args=() kw={} ncanvase=2
15:05:03 -- OPEN   VALVE-M (Microbone to Getter NP-10)
---------------------------------------- open None (Microbone to Getter NP-10) result=[(True, True)], time=0.13 sec
action=open, ok=True, locked=[False]
sleep (2,) {}
SLEEP 2.0
block started
WaitControl setup for 2.0  
Join finished
block finished. duration 2.03470206261
open () {'description': 'Microbone to Minibone'}
opening name=--- desc=Microbone to Minibone
checking ownership. requestor=129.138.12.150
check software interlocks L
interlocks []
actuate state mode=None-script, software_lock=False
doing actuation None-script open_channel False
Open L ===>> OK
GetIndicatorState L ===>> OK
change switch state (True, True)
update switch state L True args=() kw={} ncanvase=2
15:05:06 -- OPEN   VALVE-L (Microbone to Minibone)
---------------------------------------- open None (Microbone to Minibone) result=[(True, True)], time=0.41 sec
action=open, ok=True, locked=[False]
executed snippet estimated_duration=6.0, duration=3.49272894859
PrepareForAirShotExpansion.py completed successfully
gosub finished
doing GOSUB
testing...
no interpolation path defined
executed snippet estimated_duration=38.0, duration=8.70227813721e-05
Expand Pipette 1
close () {'description': 'Minibone to Turbo'}
closing name=--- desc=Minibone to Turbo
checking ownership. requestor=129.138.12.150
check software interlocks P
interlocks []
actuate state mode=None-script, software_lock=False
doing actuation None-script close_channel False
Close P ===>> OK
GetIndicatorState P ===>> False
change switch state (True, True)
update switch state P False args=() kw={} ncanvase=2
15:05:06 -- CLOSE  VALVE-P (Minibone to Turbo)
---------------------------------------- close None (Minibone to Turbo) result=[(True, True)]
action=close, ok=True, locked=[False]
sleep (2,) {}
SLEEP 2.0
block started
WaitControl setup for 2.0  
Join finished
block finished. duration 2.01274299622
open () {'description': 'Outer Pipette 1'}
opening name=--- desc=Outer Pipette 1
checking ownership. requestor=129.138.12.150
check software interlocks W
interlocks ['X']
actuate state mode=None-script, software_lock=False
doing actuation None-script open_channel True
Open W ===>> OK
GetIndicatorState W ===>> OK
increment shot count 1720
saved current shot count 1720
change switch state (True, True)
update switch state W True args=() kw={} ncanvase=2
15:05:09 -- OPEN   VALVE-W (Outer Pipette 1)
---------------------------------------- open None (Outer Pipette 1) result=[(True, True)], time=0.25 sec
action=open, ok=True, locked=[False]
sleep (15,) {}
SLEEP 15.0
block started
WaitControl setup for 15.0  
Join finished
block finished. duration 15.0483090878
close () {'description': 'Microbone to Minibone'}
closing name=--- desc=Microbone to Minibone
checking ownership. requestor=129.138.12.150
check software interlocks L
interlocks []
actuate state mode=None-script, software_lock=False
doing actuation None-script close_channel True
Close L ===>> OK
set states for children of L. state=False
handle state [('L', False)]
update switch state L False args=() kw={'refresh': False} ncanvase=2
refresh_canvas_needed fired
GetIndicatorState L ===>> False
change switch state (True, True)
update switch state L False args=() kw={} ncanvase=2
15:05:25 -- CLOSE  VALVE-L (Microbone to Minibone)
---------------------------------------- close None (Microbone to Minibone) result=[(True, True)]
action=close, ok=True, locked=[False]
sleep (2,) {}
SLEEP 2.0
block started
WaitControl setup for 2.0  
set states for children of C. state=True
set states for children of H. state=False
handle state [('C', True), ('H', False)]
update switch state C True args=() kw={'refresh': True} ncanvase=2
update switch state H False args=() kw={'refresh': False} ncanvase=2
refresh_canvas_needed fired
Join finished
block finished. duration 2.01806616783
executed snippet estimated_duration=57.0, duration=20.9384407997
ExpandPipette1.py completed successfully
gosub finished
executed snippet estimated_duration=108.0, duration=66.3813841343
jan_cocktail_x1.py completed successfully
GetAchievedOutput ===>> No Response
Requested Output= 0.000
Achieved Output=  0.000
GetResponseBlob ===>> No Response
GetOutputBlob ===>> No Response
persistence save...
persistence save - db
AutomatedRunPersister post_extraction_save deprecated
persistence save - dvc
no extraction position for 
create new session 4989601072
close session 4989601072
Extraction Finished
15:05:27 -- ******* Extraction Finished *******
no overlap. not waiting for min ms pumptime
15:05:27 -- Sending spectrometer configuration
======== Sending configuration ========
SetDeflection CDD,50.0 ===>> OK
SetDeflection H2,0.0 ===>> OK
SetDeflection H1,0.0 ===>> OK
SetDeflection L2,825.0 ===>> OK
SetDeflection L1,400.0 ===>> OK
SetDeflection AX,190.0 ===>> OK
SetZFocus 74.64 ===>> OK
SetZSymmetry -50.72 ===>> OK
SetExtractionLens 26.13 ===>> OK
SetIonRepeller -3.81 ===>> OK
SetElectronEnergy 75.08 ===>> OK
SetYSymmetry -2.81 ===>> OK
SetIonCounterVoltage 1590.0 ===>> OK
send trap current 200.0
GetParameter Trap Current Readback ===>> 198.147042666178
SetParameter Trap Current Set,200.0 ===>> OK
updating mftable name mftable
Using mftable located at /Users/jan/PychronDev/setupfiles/spectrometer/mftables/mftable.csv
============ MFtable ===========
Isotope  H2     H1     AX     L1     L2     CDD    
Ar40     5.8085 5.8794 5.9930 6.1484 6.2312 6.3766
Ar39     5.7077 5.7717 5.8854 6.0344 6.1163 6.2631
Ar36     5.3852 5.4407 5.5488 5.6933 5.7713 5.9142
================================
get initial guess parabolic
get initial guess parabolic
get initial guess parabolic
get initial guess parabolic
get initial guess parabolic
get initial guess parabolic
======== Configuration Finished ========
GetYSymmetry ===>> -2.81
GetZSymmetry ===>> -50.72
GetParameter Trap Current Readback ===>> 198.258926936459
GetHighVoltage ===>> 4499.94659342336
start measurement
do measurement
L#=c-02-J analysis type=cocktail
Measurement Started jan_unknown120_60.py
15:05:28 -- ******* Measurement Started jan_unknown120_60.py *******
state changed from extraction to measurement
setting spec, defl, and gains
GetExtractionLens ===>> 26.13
GetYSymmetry ===>> -2.81
GetZSymmetry ===>> -50.72
GetZFocus ===>> 74.64
GetDeflection H2 ===>> 0
GetDeflection H1 ===>> 0
GetDeflection AX ===>> 190
GetDeflection L1 ===>> 400
GetDeflection L2 ===>> 825
GetDeflection CDD ===>> 50
GetGain H2 ===>> 0.0113
GetGain H1 ===>> 0.1
GetGain AX ===>> 0.097049
GetGain L1 ===>> 0.010355
GetGain L2 ===>> 0.095649
GetGain CDD ===>> 0
pre measurement save
New frame /Users/jan/PychronDev/data/isotopes/0d/3dbe61-ebd6-4d7e-a5e8-f1719223151e.h5
flush and close file /Users/jan/PychronDev/data/isotopes/0d/3dbe61-ebd6-4d7e-a5e8-f1719223151e.h5
testing...
no interpolation path defined
executed snippet estimated_duration=224.052928, duration=0.00016713142395
unknown measurement script
activate_detectors ('H2', 'H1', 'AX', 'L1', 'L2', 'CDD') {}
activate detectors
*************** Set Analysis View Ar/Ar
 - No isotope= "Ar40". Required for age calculation
 - failed assembling isotopes
 - ca37 is zero. can't calculated k/ca
 - cl38 is zero. can't calculated k/cl
create graphs
clearing graphs
clear isotope group
setting isotope det=H2, iso=PM41
setting isotope det=H1, iso=Ar40
setting isotope det=AX, iso=Ar39
setting isotope det=L1, iso=Ar38
setting isotope det=L2, iso=Ar37
setting isotope det=CDD, iso=Ar36
setting previous blanks
 - setting Ar40 blank 0.161+/-0.007
 - setting Ar36 blank 0.00416+/-0.00016
 - setting Ar37 blank 0.043+/-0.005
 - setting Ar38 blank 0.0113+/-0.0025
 - setting PM41 blank 0.03+/-0.06
 - setting Ar39 blank 0.030+/-0.009
load analysis view
position_magnet ('Ar40',) {'detector': 'H1'}
detector Detector(H1)
POSITION Ar40 H1
setting detector H2 to PM41 (40.9624)
setting detector H1 to Ar40 (39.9624)
setting detector AX to Ar39 (38.9624)
setting detector L1 to Ar38 (37.9624)
setting detector L2 to Ar37 (36.9624)
setting detector CDD to Ar36 (35.9624)
Mapping mass to dac mass func: "parabolic"
H1 map mass coeffs = [-0.00063987  0.15840543  0.57103999]
H1 map mass to dac 39.9624 >> 5.87943
GetDeflection H1 ===>> 0
GetHighVoltage ===>> 4499.94659342336
positioning Ar40 (5.87939537659) on H1
setting magnet DAC
current  : 5.879391
requested: 5.879395
Delta Dac: 0.000005
Checking detector protection. dv=0.00000
Checking detector "CDD". Protection Threshold: 0.1 (V)
SetMagnetDAC 5.87939537659 ===>> OK
Magnet settling time: 0.500
set states for children of B. state=True
set states for children of D. state=True
handle state [('B', True), ('D', True)]
update switch state B True args=() kw={'refresh': True} ncanvase=2
update switch state D True args=() kw={'refresh': False} ncanvase=2
refresh_canvas_needed fired
equilibrate () {'delay': 3, 'inlet': 'R', 'outlet': 'O', 'eqtime': 10.0}
Equilibration Started
15:05:29 -- ******* Equilibration Started *******
checking ownership. requestor=129.138.12.150
check software interlocks O
interlocks []
actuate state mode=None-script, software_lock=False
doing actuation None-script close_channel True
Close O ===>> OK
GetIndicatorState O ===>> False
change switch state (True, True)
update switch state O False args=() kw={} ncanvase=2
15:05:30 -- CLOSE  VALVE-O (Jan Ion Pump)
waiting 3s before opening inlet value ('R',)
update labels <pychron.experiment.plot_panel.PlotPanel object at 0x12e1edbf0>
update labels "<pychron.graph.stacked_regression_graph.StackedRegressionGraph object at 0x193eff170>"
setting label 0 H2 PM41
setting label 1 H1 Ar40
setting label 2 AX Ar39
setting label 3 L1 Ar38
setting label 4 L2 Ar37
setting label 5 CDD Ar36
update labels "<pychron.graph.stacked_graph.StackedGraph object at 0x1516503b0>"
setting label 0 H2 PM41
setting label 1 H1 Ar40
setting label 2 AX Ar39
setting label 3 L1 Ar38
setting label 4 L2 Ar37
setting label 5 CDD Ar36
checking ownership. requestor=129.138.12.150
check software interlocks R
interlocks []
actuate state mode=None-script, software_lock=False
doing actuation None-script open_channel True
Open R ===>> OK
set states for children of R. state=True
handle state [('R', True)]
update switch state R True args=() kw={'refresh': False} ncanvase=2
refresh_canvas_needed fired
GetIndicatorState R ===>> OK
change switch state (True, True)
update switch state R True args=() kw={} ncanvase=2
15:05:33 -- OPEN   VALVE-R (Jan Inlet)
set_time_zero () {}
equilibrating for 10.0sec
sniff (10.0,) {}
py_sniff
build tables- sniff [Detector(H2), Detector(H1), Detector(AX), Detector(L1), Detector(L2), Detector(CDD)]
add group /sniff/PM41 (Group) '' table H2
add group /sniff/Ar40 (Group) '' table H1
add group /sniff/Ar39 (Group) '' table AX
add group /sniff/Ar38 (Group) '' table L1
add group /sniff/Ar37 (Group) '' table L2
add group /sniff/Ar36 (Group) '' table CDD
flush and close file /Users/jan/PychronDev/data/isotopes/0d/3dbe61-ebd6-4d7e-a5e8-f1719223151e.h5
measuring sniff. ncounts=10.0
"sniff" increment series count="1" fit count="0" regressing="False"
starting measurement
GetData ===>> H2,0.126512335282717,H1,70.2482696758328,AX,6.4219903344486,L1,-0.00633844702084734,L2,0.14022850...
GetData ===>> H2,0.763110804336066,H1,606.120307786269,AX,52.4280437101498,L1,0.359308410818304,L2,0.2740975658...
GetData ===>> H2,0.424930430169126,H1,796.072619255712,AX,65.78715426841,L1,0.684665325610703,L2,0.073714140366...
GetData ===>> H2,0.126889906304785,H1,809.745825779339,AX,65.5966592412939,L1,0.785244990072184,L2,0.0766912639...
GetData ===>> H2,-0.0734992630827592,H1,802.798063533343,AX,64.7962528167655,L1,0.818295691171752,L2,0.07451259...
GetData ===>> H2,-0.0315238529335967,H1,797.841358138705,AX,64.3184571121,L1,0.793709627533953,L2,0.01113614311...
GetData ===>> H2,-0.0795820507967909,H1,795.322947834991,AX,64.1647594572582,L1,0.761858791535179,L2,0.03391399...
GetData ===>> H2,-0.0457583422144024,H1,794.349228965102,AX,64.1461935439567,L1,0.777723982478735,L2,-0.0736915...
GetData ===>> H2,-0.0147414123684009,H1,794.24516595811,AX,63.9471031269355,L1,0.783633157440032,L2,0.057472768...
GetData ===>> H2,0.013226080010823,H1,793.267614289632,AX,63.9555461034166,L1,0.774523835076311,L2,0.0292394166...
Equilibration Finished
15:05:43 -- ******* Equilibration Finished *******
checking ownership. requestor=129.138.12.150
check software interlocks R
interlocks []
actuate state mode=None-script, software_lock=False
doing actuation None-script close_channel True
Close R ===>> OK
GetIndicatorState R ===>> False
change switch state (True, True)
update switch state R False args=() kw={} ncanvase=2
15:05:44 -- CLOSE  VALVE-R (Jan Inlet)
Post Equilibration Started jan_pump_extraction_line.py
15:05:44 -- ******* Post Equilibration Started jan_pump_extraction_line.py *******
testing...
no interpolation path defined
calculate duration
testing...
no interpolation path defined
executed snippet estimated_duration=4.0, duration=0.000127077102661
executed snippet estimated_duration=4.0, duration=0.000975131988525
Pump after analysis
doing GOSUB
testing...
no interpolation path defined
executed snippet estimated_duration=4.0, duration=0.000111103057861
Pump Microbone
close () {'description': 'Jan Inlet'}
closing name=--- desc=Jan Inlet
checking ownership. requestor=129.138.12.150
check software interlocks R
interlocks []
actuate state mode=None-script, software_lock=False
doing actuation None-script close_channel False
measurement finished
estimated time: 10.486 actual time: :10.554
flush and close file /Users/jan/PychronDev/data/isotopes/0d/3dbe61-ebd6-4d7e-a5e8-f1719223151e.h5
set_fits () {}
using default fits file=/Users/jan/PychronDev/scripts/measurement/fits/nominal_linear.yaml
set "Ar40" to "('Linear', 'SEM')"
No fit for "PM41". defaulting to linear. check the measurement script "jan_unknown120_60.py"
set "PM41" to "linear"
set "Ar36" to "('Linear', 'SEM')"
set "Ar37" to "('linear', 'SEM')"
set "Ar38" to "('linear', 'SEM')"
set "Ar39" to "('Linear', 'SEM')"
set_baseline_fits () {}
using default fits file=/Users/jan/PychronDev/scripts/measurement/fits/nominal_linear.yaml
set "H1" to "('average', 'SEM')"
set "H2" to "('average', 'SEM')"
set "CDD" to "('average', 'SEM')"
set "L2" to "('average', 'SEM')"
set "L1" to "('average', 'SEM')"
set "AX" to "('average', 'SEM')"
multicollect () {'integration_time': 1, 'ncounts': 120}
build tables- signal [Detector(H2), Detector(H1), Detector(AX), Detector(L1), Detector(L2), Detector(CDD)]
add group /signal/PM41 (Group) '' table H2
add group /signal/Ar40 (Group) '' table H1
add group /signal/Ar39 (Group) '' table AX
add group /signal/Ar38 (Group) '' table L1
add group /signal/Ar37 (Group) '' table L2
add group /signal/Ar36 (Group) '' table CDD
flush and close file /Users/jan/PychronDev/data/isotopes/0d/3dbe61-ebd6-4d7e-a5e8-f1719223151e.h5
measuring signal. ncounts=120
Close R ===>> OK
"signal" increment series count="2" fit count="1" regressing="True"
GetIndicatorState R ===>> False
change switch state (True, True)
update switch state R False args=() kw={} ncanvase=2
15:05:44 -- CLOSE  VALVE-R (Jan Inlet)
---------------------------------------- close None (Jan Inlet) result=[(True, True)]
action=close, ok=True, locked=[False]
is_closed ('F',) {}
is F () closed?
is closed True
open () {'description': 'CO2 Laser to Jan'}
opening name=--- desc=CO2 Laser to Jan
checking ownership. requestor=129.138.12.150
check software interlocks A
interlocks []
actuate state mode=None-script, software_lock=False
doing actuation None-script open_channel False
Open A ===>> OK
GetIndicatorState A ===>> OK
change switch state (True, True)
update switch state A True args=() kw={} ncanvase=2
15:05:45 -- OPEN   VALVE-A (CO2 Laser to Jan)
---------------------------------------- open None (CO2 Laser to Jan) result=[(True, True)], time=0.12 sec
starting measurement
GetData ===>> H2,-0.0109305376609993,H1,793.265245851478,AX,63.7297787596075,L1,0.805863514693863,L2,0.02942183...
action=open, ok=True, locked=[False]
sleep (1,) {}
SLEEP 1.0
GetData ===>> H2,0.0902561811084167,H1,793.249496024992,AX,63.8730300193683,L1,0.839455339630192,L2,0.074843383...
close () {'description': 'CO2 Laser to Roughing'}
closing name=--- desc=CO2 Laser to Roughing
checking ownership. requestor=129.138.12.150
check software interlocks G
interlocks []
actuate state mode=None-script, software_lock=True
VALVE-G(CO2 Laser to Roughing) software locked
change switch state (True, False)
---------------------------------------- close None (CO2 Laser to Roughing) result=[(True, False)]
action=close, ok=True, locked=[True]
open () {'description': 'Microbone to Turbo'}
opening name=--- desc=Microbone to Turbo
checking ownership. requestor=129.138.12.150
check software interlocks U
interlocks []
actuate state mode=None-script, software_lock=False
doing actuation None-script open_channel True
Open U ===>> OK
GetIndicatorState U ===>> OK
change switch state (True, True)
update switch state U True args=() kw={} ncanvase=2
15:05:46 -- OPEN   VALVE-U (Microbone to Turbo)
---------------------------------------- open None (Microbone to Turbo) result=[(True, True)], time=0.14 sec
action=open, ok=True, locked=[False]
open () {'description': 'Microbone to Getter NP-10'}
opening name=--- desc=Microbone to Getter NP-10
checking ownership. requestor=129.138.12.150
check software interlocks M
interlocks []
actuate state mode=None-script, software_lock=False
doing actuation None-script open_channel False
Open M ===>> OK
GetIndicatorState M ===>> OK
change switch state (True, True)
update switch state M True args=() kw={} ncanvase=2
15:05:46 -- OPEN   VALVE-M (Microbone to Getter NP-10)
---------------------------------------- open None (Microbone to Getter NP-10) result=[(True, True)], time=0.15 sec
action=open, ok=True, locked=[False]
open () {'description': 'Microbone to Getter D-50'}
opening name=--- desc=Microbone to Getter D-50
checking ownership. requestor=129.138.12.150
check software interlocks K
interlocks []
actuate state mode=None-script, software_lock=False
doing actuation None-script open_channel False
GetData ===>> H2,-0.0832399152564027,H1,792.519283768771,AX,63.7242958244079,L1,0.85059778486312,L2,0.045453190...
Open K ===>> OK
GetIndicatorState K ===>> OK
change switch state (True, True)
update switch state K True args=() kw={} ncanvase=2
15:05:47 -- OPEN   VALVE-K (Microbone to Getter D-50)
---------------------------------------- open None (Microbone to Getter D-50) result=[(True, True)], time=0.41 sec
action=open, ok=True, locked=[False]
open () {'description': 'Microbone to CO2 Laser'}
opening name=--- desc=Microbone to CO2 Laser
checking ownership. requestor=129.138.12.150
check software interlocks T
interlocks []
actuate state mode=None-script, software_lock=False
doing actuation None-script open_channel True
Open T ===>> OK
GetIndicatorState T ===>> OK
change switch state (True, True)
update switch state T True args=() kw={} ncanvase=2
15:05:48 -- OPEN   VALVE-T (Microbone to CO2 Laser)
---------------------------------------- open None (Microbone to CO2 Laser) result=[(True, True)], time=0.39 sec
GetData ===>> H2,-0.0685010282156882,H1,792.320159522726,AX,63.7534222928776,L1,0.817993615242322,L2,0.02732404...
action=open, ok=True, locked=[False]
open () {'description': 'Microbone to Inlet Pipette'}
opening name=--- desc=Microbone to Inlet Pipette
checking ownership. requestor=129.138.12.150
check software interlocks S
interlocks []
actuate state mode=None-script, software_lock=False
doing actuation None-script open_channel False
Open S ===>> OK
GetIndicatorState S ===>> OK
change switch state (True, True)
update switch state S True args=() kw={} ncanvase=2
15:05:48 -- OPEN   VALVE-S (Microbone to Inlet Pipette)
---------------------------------------- open None (Microbone to Inlet Pipette) result=[(True, True)], time=0.43 sec
action=open, ok=True, locked=[False]
sleep (1,) {}
SLEEP 1.0
testing H1>-5.0
evaluate ot="H1.bs>-5.0" t="H1>-5.0", ctx="{'H1': None}"
GetData ===>> H2,-0.0347612033366649,H1,792.002344809984,AX,63.9313279474487,L1,0.824551368603534,L2,0.09516113...
set_resource () {'name': 'CO2PumpTimeFlag', 'value': 30}
Set CO2PumpTimeFlag 30 ===>> OK
release ('JanCO2Flag',) {}
release JanCO2Flag
Set JanCO2Flag 0 ===>> OK
executed snippet estimated_duration=6.0, duration=5.90188384056
PumpMicrobone.py completed successfully
gosub finished
get_resource_value () {'name': 'JanMiniboneFlag'}
Read JanMiniboneFlag ===>> 1
Get Resource Value JanMiniboneFlag=1.0
get resource value 1.0
get_resource_value () {'name': 'JanMiniboneFlag'}
Read JanMiniboneFlag ===>> 1
Get Resource Value JanMiniboneFlag=1.0
doing GOSUB
testing...
no interpolation path defined
executed snippet estimated_duration=0, duration=4.38690185547e-05
Entering Pump minibone script
get_resource_value () {'name': 'JanMiniboneFlag'}
Read JanMiniboneFlag ===>> 1
Get Resource Value JanMiniboneFlag=1.0
get resource value 1.0
get_resource_value () {'name': 'JanMiniboneFlag'}
Read JanMiniboneFlag ===>> 1
Get Resource Value JanMiniboneFlag=1.0
Pump minibone
close () {'description': 'Bone to Minibone'}
closing name=--- desc=Bone to Minibone
checking ownership. requestor=129.138.12.150
check software interlocks E
interlocks []
actuate state mode=None-script, software_lock=False
doing actuation None-script close_channel False
GetData ===>> H2,-0.0789438361280934,H1,791.412881883879,AX,63.7977809808784,L1,0.851931369912268,L2,-0.0085022...
Close E ===>> OK
GetIndicatorState E ===>> False
change switch state (True, True)
update switch state E False args=() kw={} ncanvase=2
15:05:50 -- CLOSE  VALVE-E (Bone to Minibone)
---------------------------------------- close None (Bone to Minibone) result=[(True, True)]
action=close, ok=True, locked=[False]
open () {'description': 'Minibone to Bone'}
opening name=--- desc=Minibone to Bone
checking ownership. requestor=129.138.12.150
check software interlocks I
interlocks []
actuate state mode=None-script, software_lock=False
doing actuation None-script open_channel True
Open I ===>> OK
GetIndicatorState I ===>> OK
change switch state (True, True)
update switch state I True args=() kw={} ncanvase=2
15:05:51 -- OPEN   VALVE-I (Minibone to Bone)
---------------------------------------- open None (Minibone to Bone) result=[(True, True)], time=0.42 sec
action=open, ok=True, locked=[False]
close () {'description': 'Microbone to Minibone'}
closing name=--- desc=Microbone to Minibone
GetData ===>> H2,-0.0884580765246379,H1,791.077040943635,AX,63.7234641250859,L1,0.828473996622188,L2,0.02112215...
checking ownership. requestor=129.138.12.150
check software interlocks L
interlocks []
actuate state mode=None-script, software_lock=False
doing actuation None-script close_channel False
Close L ===>> OK
GetIndicatorState L ===>> False
change switch state (True, True)
update switch state L False args=() kw={} ncanvase=2
15:05:51 -- CLOSE  VALVE-L (Microbone to Minibone)
---------------------------------------- close None (Microbone to Minibone) result=[(True, True)]
action=close, ok=True, locked=[False]
sleep () {'duration': 1.0}
SLEEP 1.0
GetData ===>> H2,-0.0688902805197369,H1,791.113018933616,AX,63.7636599303274,L1,0.81811469421799,L2,0.030892594...
open () {'description': 'Minibone to Turbo'}
opening name=--- desc=Minibone to Turbo
checking ownership. requestor=129.138.12.150
check software interlocks P
interlocks []
actuate state mode=None-script, software_lock=False
doing actuation None-script open_channel True
Open P ===>> OK
GetIndicatorState P ===>> OK
change switch state (True, True)
update switch state P True args=() kw={} ncanvase=2
15:05:53 -- OPEN   VALVE-P (Minibone to Turbo)
---------------------------------------- open None (Minibone to Turbo) result=[(True, True)], time=0.16 sec
action=open, ok=True, locked=[False]
open () {'description': 'Quad Inlet'}
opening name=--- desc=Quad Inlet
checking ownership. requestor=129.138.12.150
check software interlocks Q
interlocks []
actuate state mode=None-script, software_lock=False
doing actuation None-script open_channel True
GetData ===>> H2,-0.161649240306769,H1,790.839387962608,AX,63.7619510352007,L1,0.823449798874791,L2,0.082646820...
Open Q ===>> OK
GetIndicatorState Q ===>> OK
change switch state (True, True)
update switch state Q True args=() kw={} ncanvase=2
15:05:53 -- OPEN   VALVE-Q (Quad Inlet)
---------------------------------------- open None (Quad Inlet) result=[(True, True)], time=0.16 sec
action=open, ok=True, locked=[False]
set_resource () {'name': 'MinibonePumpTimeFlag', 'value': 30}
Set MinibonePumpTimeFlag 30 ===>> OK
sleep () {'duration': 15.0}
SLEEP 15.0
block started
WaitControl setup for 15.0  
testing H1>-5.0
evaluate ot="H1.bs>-5.0" t="H1>-5.0", ctx="{'H1': None}"
GetData ===>> H2,-0.106228579405627,H1,790.38866861636,AX,63.8572371828736,L1,0.839294141087581,L2,0.0314854646...
GetData ===>> H2,-0.128793939128297,H1,789.856521527674,AX,63.8385964148574,L1,0.832376843728842,L2,-0.01340268...
GetData ===>> H2,-0.198669417131693,H1,789.921431471111,AX,63.6149425042071,L1,0.842386086084877,L2,-0.05009090...
GetData ===>> H2,-0.158660548840557,H1,789.090553081031,AX,63.7791487852492,L1,0.84105621309096,L2,0.0172803840...
GetData ===>> H2,-0.209454920295861,H1,789.165583383979,AX,63.6069097712527,L1,0.817360781917785,L2,0.124903444...
testing H1>-5.0
evaluate ot="H1.bs>-5.0" t="H1>-5.0", ctx="{'H1': None}"
GetData ===>> H2,-0.195123441908165,H1,788.766968365,AX,63.6901081548443,L1,0.804696736808797,L2,0.069128866916...
GetData ===>> H2,-0.0310742991045127,H1,788.653466362891,AX,63.7350581578102,L1,0.831321944484242,L2,-0.0259375...
GetData ===>> H2,-0.142552702784815,H1,787.792694003833,AX,63.5486028004767,L1,0.825704269058496,L2,-0.03313859...
GetData ===>> H2,-0.0700674503591178,H1,787.360725722674,AX,63.4899355177628,L1,0.798374687399908,L2,0.03850898...
GetData ===>> H2,-0.124270296865161,H1,787.453026087871,AX,63.657145641536,L1,0.779626467152125,L2,0.0615898775...
testing H1>-5.0
evaluate ot="H1.bs>-5.0" t="H1>-5.0", ctx="{'H1': None}"
GetData ===>> H2,-0.214777835094583,H1,787.044790630614,AX,63.5602620885383,L1,0.767172852795388,L2,0.020175951...
GetData ===>> H2,-0.0852620737454555,H1,787.170238687982,AX,63.6696460810798,L1,0.781705018801527,L2,-0.0094139...
GetData ===>> H2,-0.0346715910794842,H1,786.764617139678,AX,63.540792908981,L1,0.788383353376362,L2,-0.00270120...
GetData ===>> H2,-0.15697610839659,H1,786.581897706368,AX,63.4931510196309,L1,0.831070734124709,L2,-0.003704161...
Join finished
block finished. duration 15.0387699604
close () {'description': 'Outer Pipette 1'}
closing name=--- desc=Outer Pipette 1
checking ownership. requestor=129.138.12.150
check software interlocks W
interlocks ['X']
actuate state mode=None-script, software_lock=False
doing actuation None-script close_channel True
Close W ===>> OK
set states for children of W. state=False
handle state [('W', False)]
update switch state W False args=() kw={'refresh': False} ncanvase=2
refresh_canvas_needed fired
GetIndicatorState W ===>> False
change switch state (True, True)
update switch state W False args=() kw={} ncanvase=2
15:06:09 -- CLOSE  VALVE-W (Outer Pipette 1)
---------------------------------------- close None (Outer Pipette 1) result=[(True, True)]
GetData ===>> H2,-0.115631703980752,H1,786.369540201833,AX,63.3443689935833,L1,0.817451897575836,L2,0.007522738...
action=close, ok=True, locked=[False]
close () {'description': 'Outer Pipette 2'}
closing name=--- desc=Outer Pipette 2
checking ownership. requestor=129.138.12.150
check software interlocks Y
interlocks ['Z']
actuate state mode=None-script, software_lock=False
doing actuation None-script close_channel False
Close Y ===>> OK
GetIndicatorState Y ===>> False
change switch state (True, True)
update switch state Y False args=() kw={} ncanvase=2
15:06:09 -- CLOSE  VALVE-Y (Outer Pipette 2)
---------------------------------------- close None (Outer Pipette 2) result=[(True, True)]
action=close, ok=True, locked=[False]
release ('JanMiniboneFlag',) {}
release JanMiniboneFlag
Set JanMiniboneFlag 0 ===>> OK
executed snippet estimated_duration=16.0, duration=19.4015629292
PumpMinibone.py completed successfully
gosub finished
executed snippet estimated_duration=4.0, duration=25.478276968
jan_pump_extraction_line.py completed successfully
Post Equilibration Finished
15:06:09 -- ******* Post Equilibration Finished *******
testing H1>-5.0
evaluate ot="H1.bs>-5.0" t="H1>-5.0", ctx="{'H1': None}"
15:06:10 -- collecting point 25
GetData ===>> H2,-0.139488824579342,H1,786.19599104982,AX,63.4128643738108,L1,0.776014906934429,L2,-0.009858451...
GetData ===>> H2,-0.172546625018168,H1,785.826660029582,AX,63.5472646645822,L1,0.77590280532553,L2,0.0354418297...
GetData ===>> H2,-0.0904134743369428,H1,785.689821471976,AX,63.3872047142098,L1,0.829000040195472,L2,0.03157667...
GetData ===>> H2,-0.0543251077884255,H1,784.720725885526,AX,63.341293297349,L1,0.789830035579389,L2,-0.05429434...
GetData ===>> H2,-0.198866295499354,H1,784.304003302342,AX,63.3888034894143,L1,0.793370261778261,L2,0.006679250...
testing H1>-5.0
evaluate ot="H1.bs>-5.0" t="H1>-5.0", ctx="{'H1': None}"
GetData ===>> H2,-0.10909000663307,H1,784.317440490676,AX,63.2952281425481,L1,0.822051146990241,L2,0.0971444283...
GetData ===>> H2,-0.0815723459396207,H1,783.851711345308,AX,63.2313392089121,L1,0.814499214935657,L2,-0.0360781...
GetData ===>> H2,-0.100962481659301,H1,784.014909647305,AX,63.2313853045021,L1,0.803397835417407,L2,0.075493559...
GetData ===>> H2,-0.15577374839681,H1,783.279764092154,AX,63.3393556463702,L1,0.809706689467733,L2,0.1324174333...
GetData ===>> H2,-0.131916807410205,H1,783.20685699075,AX,63.2829458543018,L1,0.827157129168084,L2,0.0341990346...
testing H1>-5.0
evaluate ot="H1.bs>-5.0" t="H1>-5.0", ctx="{'H1': None}"
GetData ===>> H2,-0.202147996030096,H1,782.858685552327,AX,63.2742152266683,L1,0.81884619077501,L2,-0.029264663...
GetData ===>> H2,-0.0844697771982822,H1,782.878780331535,AX,63.1716285603135,L1,0.762566014810943,L2,0.09915055...
GetData ===>> H2,-0.100100130307202,H1,782.111456951109,AX,63.2061427526324,L1,0.749411504951968,L2,-0.04437211...
GetData ===>> H2,-0.14838489316802,H1,781.954702000079,AX,63.1680476084926,L1,0.79266785952676,L2,0.15835035644...
GetData ===>> H2,-0.0997264695246857,H1,781.576091210966,AX,63.0576862779983,L1,0.807372407385343,L2,-0.0359414...
testing H1>-5.0
evaluate ot="H1.bs>-5.0" t="H1>-5.0", ctx="{'H1': None}"
GetData ===>> H2,0.0341936032051919,H1,781.442830867584,AX,63.0481969126568,L1,0.797698798302947,L2,-0.07724479...
GetData ===>> H2,-0.176518911349084,H1,781.309028408461,AX,62.9827450578831,L1,0.809143667951073,L2,0.002929238...
GetData ===>> H2,-0.288119225881247,H1,781.137238849589,AX,63.0374492845324,L1,0.77702262978985,L2,0.0569139496...
GetData ===>> H2,-0.209116765914361,H1,780.374267398498,AX,63.1529103488733,L1,0.784914625179033,L2,0.136796114...
GetData ===>> H2,-0.0775155147388417,H1,780.00355910196,AX,63.0587611692631,L1,0.789911105585819,L2,0.087262566...
testing H1>-5.0
evaluate ot="H1.bs>-5.0" t="H1>-5.0", ctx="{'H1': None}"
GetData ===>> H2,-0.113983320964056,H1,779.784862972229,AX,63.017154065942,L1,0.813335221358629,L2,0.0313486480...
GetData ===>> H2,-0.244093267947583,H1,779.117344531434,AX,62.9301098844493,L1,0.760651144115644,L2,0.003066014...
GetData ===>> H2,-0.296531130017558,H1,778.851067529661,AX,62.9163711606753,L1,0.811566997891525,L2,0.023048806...
GetData ===>> H2,-0.0930743347743392,H1,778.767714019557,AX,62.9684479052493,L1,0.812525997310822,L2,0.00462755...
GetData ===>> H2,-0.0476834399041617,H1,778.976350621519,AX,62.9489627194894,L1,0.814787735488422,L2,-0.0560485...
testing H1>-5.0
evaluate ot="H1.bs>-5.0" t="H1>-5.0", ctx="{'H1': None}"
15:06:36 -- collecting point 50
GetData ===>> H2,-0.0446571703874076,H1,778.745309440908,AX,62.7191684210122,L1,0.797402019460502,L2,-0.0530754...
GetData ===>> H2,-0.0652196889868042,H1,777.909402866855,AX,62.6746827892636,L1,0.776724911696041,L2,0.01569583...
GetData ===>> H2,-0.289076722230757,H1,777.776400097335,AX,62.7278956041379,L1,0.785365918697663,L2,0.029991893...
GetData ===>> H2,-0.127859885766763,H1,777.098119496224,AX,62.7482050838018,L1,0.762969452340677,L2,-0.01883844...
GetData ===>> H2,-0.0753076328786889,H1,776.681608950902,AX,62.8098728666115,L1,0.765228492139561,L2,0.04524793...
testing H1>-5.0
evaluate ot="H1.bs>-5.0" t="H1>-5.0", ctx="{'H1': None}"
GetData ===>> H2,-0.148471333472023,H1,776.146043053208,AX,62.7042001492381,L1,0.788985697614529,L2,0.055522620...
GetData ===>> H2,-0.141641869997793,H1,776.205015470275,AX,62.7940359020073,L1,0.802341115199594,L2,0.029889282...
GetData ===>> H2,-0.16352065387018,H1,776.250579496362,AX,62.752776692524,L1,0.813034252645392,L2,0.04556722105...
GetData ===>> H2,-0.250360902542306,H1,776.141620388069,AX,62.6891722835696,L1,0.804342361562638,L2,-0.06004671...
GetData ===>> H2,-0.214787261111447,H1,775.686175855709,AX,62.636082767334,L1,0.815803201152788,L2,0.1087714551...
testing H1>-5.0
evaluate ot="H1.bs>-5.0" t="H1>-5.0", ctx="{'H1': None}"
GetData ===>> H2,-0.234693830228222,H1,775.126762298133,AX,62.7165764542425,L1,0.80497500464994,L2,0.0412797623...
GetData ===>> H2,-0.0931176837592706,H1,774.70866488933,AX,62.6432408324317,L1,0.820062135909697,L2,0.014932074...
GetData ===>> H2,-0.0993893519709735,H1,774.2748029552,AX,62.4973597560301,L1,0.813086703002381,L2,0.0161290212...
GetData ===>> H2,-0.171980014248566,H1,773.926957725157,AX,62.6631536906559,L1,0.764132535340058,L2,0.103824096...
GetData ===>> H2,-0.150875190423448,H1,773.570209254035,AX,62.5123607017499,L1,0.726672685878008,L2,0.045715461...
testing H1>-5.0
evaluate ot="H1.bs>-5.0" t="H1>-5.0", ctx="{'H1': None}"
GetData ===>> H2,-0.113091362082391,H1,773.542295721182,AX,62.5634751197674,L1,0.776017398094945,L2,0.009312325...
GetData ===>> H2,-0.148540215117496,H1,772.789853167116,AX,62.4902046608693,L1,0.763209779011192,L2,0.011808684...
GetData ===>> H2,-0.113801957154087,H1,772.933236824121,AX,62.4340808533282,L1,0.795314829473335,L2,-0.06193751...
GetData ===>> H2,-0.132279297676458,H1,772.548478084138,AX,62.4606538929045,L1,0.787913224719005,L2,0.097828332...
GetData ===>> H2,-0.184036427408218,H1,772.457709712929,AX,62.3397644415731,L1,0.803169514934457,L2,-0.01296963...
testing H1>-5.0
evaluate ot="H1.bs>-5.0" t="H1>-5.0", ctx="{'H1': None}"
GetData ===>> H2,-0.137160967346564,H1,771.818994847353,AX,62.3171475443557,L1,0.804520795487009,L2,-0.11920171...
GetData ===>> H2,-0.146281759603737,H1,771.891467570608,AX,62.3840910157243,L1,0.81647462985443,L2,-0.005425123...
GetData ===>> H2,-0.121468141451528,H1,771.620935413407,AX,62.4641922738987,L1,0.807647001807779,L2,0.116694601...
GetData ===>> H2,-0.176323181468776,H1,771.127088985591,AX,62.4194836023369,L1,0.769086426852099,L2,0.012059463...
GetData ===>> H2,-0.124992361887247,H1,770.588376954838,AX,62.3086193891743,L1,0.793084554287189,L2,0.082886150...
testing H1>-5.0
evaluate ot="H1.bs>-5.0" t="H1>-5.0", ctx="{'H1': None}"
15:07:02 -- collecting point 75
GetData ===>> H2,-0.0619174296709002,H1,770.585657524009,AX,62.2100572428721,L1,0.78756781208361,L2,0.017200586...
GetData ===>> H2,-0.130656116766893,H1,769.943520857424,AX,62.1205270423132,L1,0.79425113832651,L2,0.0156274418...
GetData ===>> H2,-0.147987799554772,H1,769.894147117318,AX,62.1769926693763,L1,0.789044312673045,L2,0.040458781...
GetData ===>> H2,-0.171869386933999,H1,769.917619252315,AX,62.3133810002875,L1,0.766436668582033,L2,-0.03132698...
GetData ===>> H2,-0.0622875581315258,H1,770.09542949947,AX,62.3490451056431,L1,0.768989244727386,L2,0.027586267...
testing H1>-5.0
evaluate ot="H1.bs>-5.0" t="H1>-5.0", ctx="{'H1': None}"
GetData ===>> H2,-0.0142060097035232,H1,769.598165524736,AX,62.2405270469009,L1,0.781930593912397,L2,0.06570716...
GetData ===>> H2,-0.139379336774453,H1,769.123199586565,AX,62.147165318989,L1,0.766173847182994,L2,-0.010565029...
GetData ===>> H2,-0.293530092353474,H1,768.50645669603,AX,62.0823311862194,L1,0.802885057035132,L2,-0.004171445...
GetData ===>> H2,-0.230057684112254,H1,768.382222039465,AX,62.2866662041518,L1,0.816402243278427,L2,0.084595664...
GetData ===>> H2,-0.0896465323318109,H1,767.972081765441,AX,62.1236633702876,L1,0.811399681466486,L2,0.06676787...
testing H1>-5.0
evaluate ot="H1.bs>-5.0" t="H1>-5.0", ctx="{'H1': None}"
GetData ===>> H2,-0.11128828133777,H1,767.311920464913,AX,62.1386729076001,L1,0.755520094330895,L2,0.1099798350...
GetData ===>> H2,-0.0790278494477083,H1,767.187391253555,AX,62.0475451776742,L1,0.774677165361372,L2,0.04642245...
GetData ===>> H2,-0.142483784760947,H1,766.859649866385,AX,62.0574455027549,L1,0.792200033381338,L2,-0.00156146...
GetData ===>> H2,-0.103584331701715,H1,766.899590422548,AX,62.1796711952719,L1,0.779250178815068,L2,0.091912727...
GetData ===>> H2,-0.0976250757090176,H1,766.453297871263,AX,62.1477468019345,L1,0.790681925634427,L2,0.05351549...
testing H1>-5.0
evaluate ot="H1.bs>-5.0" t="H1>-5.0", ctx="{'H1': None}"
GetData ===>> H2,-0.060850361944549,H1,766.055445438801,AX,62.0767947243727,L1,0.810930210841221,L2,-0.02396623...
GetData ===>> H2,-0.0190074289084592,H1,765.874234657377,AX,62.040277264315,L1,0.803876950318747,L2,0.014555894...
GetData ===>> H2,-0.0709271956090934,H1,765.646345747816,AX,61.9618864686528,L1,0.790514785075158,L2,-0.0849430...
GetData ===>> H2,-0.277557756190714,H1,765.471273139252,AX,61.8954791423284,L1,0.780062579842424,L2,0.009848068...
GetData ===>> H2,-0.247322361665258,H1,764.912713208282,AX,61.7669055128339,L1,0.778055366183985,L2,-0.00058127...
testing H1>-5.0
evaluate ot="H1.bs>-5.0" t="H1>-5.0", ctx="{'H1': None}"
GetData ===>> H2,-0.209802494739086,H1,764.93144427351,AX,61.8186502545045,L1,0.774945187112746,L2,0.0135869525...
GetData ===>> H2,-0.159173800896844,H1,764.403090524987,AX,61.8502177692578,L1,0.786853330435313,L2,-0.00109416...
GetData ===>> H2,-0.105089219574399,H1,764.176288872367,AX,61.9246427683129,L1,0.816903967411231,L2,0.017371581...
GetData ===>> H2,-0.220863203542563,H1,764.15121524394,AX,61.7650873384676,L1,0.805724992016479,L2,0.0324431864...
GetData ===>> H2,-0.169899500194185,H1,763.815740584413,AX,61.7497026429449,L1,0.784169160842131,L2,0.005186067...
testing H1>-5.0
evaluate ot="H1.bs>-5.0" t="H1>-5.0", ctx="{'H1': None}"
15:07:29 -- collecting point 100
GetData ===>> H2,-0.169021036149014,H1,763.568615663231,AX,61.8091433052003,L1,0.788889669398404,L2,-0.02450178...
GetData ===>> H2,-0.153460535421461,H1,763.03627172879,AX,61.682808433327,L1,0.790221671883031,L2,0.07824782418...
GetData ===>> H2,-0.141995941284939,H1,762.405806532826,AX,61.7395745015699,L1,0.775448183340891,L2,0.035840895...
GetData ===>> H2,-0.055852659063612,H1,762.586263011183,AX,61.7001847087953,L1,0.796153894662851,L2,0.083353414...
GetData ===>> H2,-0.20944818425151,H1,762.345625171607,AX,61.5569944768775,L1,0.77365874534981,L2,0.06438413865...
testing H1>-5.0
evaluate ot="H1.bs>-5.0" t="H1>-5.0", ctx="{'H1': None}"
GetData ===>> H2,-0.169177572364528,H1,761.941599423335,AX,61.6897915331538,L1,0.783159502870854,L2,0.073406167...
GetData ===>> H2,-0.117673580677459,H1,761.47228363372,AX,61.7627802803754,L1,0.812067714501024,L2,-0.052152778...
GetData ===>> H2,-0.025678269712771,H1,761.316457530798,AX,61.5964603100757,L1,0.795075935550937,L2,0.094511444...
GetData ===>> H2,-0.0465050689446904,H1,761.150333923708,AX,61.5558648795697,L1,0.793724599806014,L2,0.03416482...
GetData ===>> H2,-0.218808639497512,H1,760.690798029416,AX,61.5750083202028,L1,0.815215424355564,L2,0.027574866...
testing H1>-5.0
evaluate ot="H1.bs>-5.0" t="H1>-5.0", ctx="{'H1': None}"
GetData ===>> H2,-0.234872778279645,H1,760.496175721859,AX,61.5139089220308,L1,0.821771439008384,L2,4.247668883...
GetData ===>> H2,-0.200244348149642,H1,760.101727374917,AX,61.5585362406275,L1,0.818261988053844,L2,0.114802106...
GetData ===>> H2,-0.111328894415684,H1,759.515537415728,AX,61.5088885584791,L1,0.767727205074704,L2,0.076903093...
GetData ===>> H2,-0.224297869906315,H1,759.092069152943,AX,61.5181817268507,L1,0.761919800107697,L2,0.024257254...
GetData ===>> H2,-0.125376362776938,H1,758.709726506664,AX,61.4893263919811,L1,0.763443884915402,L2,0.058373726...
testing H1>-5.0
evaluate ot="H1.bs>-5.0" t="H1>-5.0", ctx="{'H1': None}"
GetData ===>> H2,-0.118129536120646,H1,758.898897120898,AX,61.4913570332111,L1,0.747294378937509,L2,0.016847196...
GetData ===>> H2,-0.117734465994712,H1,758.571239389916,AX,61.3329873885799,L1,0.784731370660901,L2,0.010144438...
GetData ===>> H2,-0.141594569561446,H1,758.320129596174,AX,61.3496863824402,L1,0.793310374845902,L2,0.056560413...
GetData ===>> H2,-0.091261657357945,H1,757.621613830242,AX,61.3939683241484,L1,0.758384380806725,L2,-0.00510600...
GetData ===>> H2,-0.211378570359,H1,757.733662903134,AX,61.2977334925731,L1,0.774425355834977,L2,0.006542469457...
testing H1>-5.0
evaluate ot="H1.bs>-5.0" t="H1>-5.0", ctx="{'H1': None}"
GetData ===>> H2,-0.15898200942735,H1,757.443959357588,AX,61.2894192144303,L1,0.766857694831263,L2,0.0084574232...
measurement finished
estimated time: 125.829 actual time: :126.050
flush and close file /Users/jan/PychronDev/data/isotopes/0d/3dbe61-ebd6-4d7e-a5e8-f1719223151e.h5
baselines () {'settling_time': 15.0, 'detector': 'H1', 'mass': 34.2, 'ncounts': 60}
%%%%%%%%%%%%%%%%%%%%%%%%%%%%%%%% Baseline
build tables- baseline [Detector(H2), Detector(H1), Detector(AX), Detector(L1), Detector(L2), Detector(CDD)]
add group baseline table H2
add group baseline table H1
add group baseline table AX
add group baseline table L1
add group baseline table L2
add group baseline table CDD
flush and close file /Users/jan/PychronDev/data/isotopes/0d/3dbe61-ebd6-4d7e-a5e8-f1719223151e.h5
detector Detector(H1)
POSITION 34.2 H1
Mapping mass to dac mass func: "parabolic"
H1 map mass coeffs = [-0.00063987  0.15840543  0.57103999]
H1 map mass to dac 34.2 >> 5.24008599104
GetDeflection H1 ===>> 0
GetHighVoltage ===>> 4499.94659342336
positioning 34.2 (5.24005513267) on H1
setting magnet DAC
current  : 5.879395
requested: 5.240055
Delta Dac: 0.639340
Checking detector protection. dv=0.63934
Checking detector "CDD". Protection Threshold: 0.1 (V)
ProtectDetector CDD,On ===>> OK
GetDeflection CDD ===>> 2000
Protected = 2000
SetMagnetDAC 5.24005513267 ===>> OK
Magnet settling time: 0.500
GetMagnetMoving ===>> True
GetMagnetMoving ===>> True
GetMagnetMoving ===>> True
GetMagnetMoving ===>> True
GetMagnetMoving ===>> True
GetMagnetMoving ===>> True
GetMagnetMoving ===>> True
GetMagnetMoving ===>> True
GetMagnetMoving ===>> False
ProtectDetector CDD,Off ===>> OK
GetDeflection CDD ===>> 50
Delaying 15.0s for detectors to settle
Join finished
measuring baseline. ncounts=60
"baseline" increment series count="2" fit count="1" regressing="True"
starting measurement
GetData ===>> H2,-0.132860880998349,H1,-0.00336638980942257,AX,-0.137620072922538,L1,-0.0712914792918972,L2,-0....
GetData ===>> H2,-0.267631716443077,H1,0.001106778451976,AX,-0.0880908452673817,L1,-0.0510612633877037,L2,0.129...
GetData ===>> H2,-0.23821441503629,H1,-0.0254191691467785,AX,-0.0667623847635204,L1,-0.0169935173353936,L2,0.13...
GetData ===>> H2,-0.224001586889588,H1,-0.0593773863492906,AX,0.049420670858373,L1,-0.0225963392454377,L2,0.051...
testing H1>-5.0
evaluate ot="H1.bs>-5.0" t="H1>-5.0", ctx="{'H1': None}"
GetData ===>> H2,-0.223714723658602,H1,-0.118240400020597,AX,-0.061881682986182,L1,-0.032212055287683,L2,0.0716...
GetData ===>> H2,-0.252493714438206,H1,0.0043037251824309,AX,-0.0921241805879627,L1,-0.0340141284671341,L2,0.02...
GetData ===>> H2,-0.297104135305268,H1,0.0449066724642179,AX,-0.0513774896880396,L1,-0.0298718716149734,L2,-0.2...
GetData ===>> H2,-0.203423206993361,H1,0.106725629457549,AX,0.0347741538416234,L1,-0.0157629485664982,L2,-0.007...
GetData ===>> H2,-0.226426838935413,H1,-0.0605337659999037,AX,0.0456950007681232,L1,-0.0357556687513706,L2,-0.0...
testing H1>-5.0
evaluate ot="H1.bs>-5.0" t="H1>-5.0", ctx="{'H1': None}"
GetData ===>> H2,-0.280190962327001,H1,-0.0786049323133529,AX,-0.108082031631504,L1,-0.0258321566649488,L2,-0.0...
GetData ===>> H2,-0.218272370507003,H1,-0.0257411585978361,AX,-0.025239620579706,L1,-0.0266828839578436,L2,0.00...
GetData ===>> H2,-0.0690272616124891,H1,-0.0540721744086035,AX,-0.0368367021576791,L1,-0.0364003076674644,L2,-0...
GetData ===>> H2,-0.0909215787949587,H1,-0.0259081156831929,AX,-0.0133395784953532,L1,-0.0182898894681509,L2,0....
GetData ===>> H2,-0.0984808448349707,H1,-0.0370339851695654,AX,-0.0749929425022928,L1,-0.0252581746404281,L2,-0...
testing H1>-5.0
evaluate ot="H1.bs>-5.0" t="H1>-5.0", ctx="{'H1': None}"
GetData ===>> H2,-0.131038937853928,H1,-0.0764952084715496,AX,-0.0118896688681059,L1,0.0025194541494732,L2,-0.0...
GetData ===>> H2,-0.161317052355276,H1,0.0115210885595964,AX,-0.104118888099775,L1,0.0035134843542051,L2,-0.027...
GetData ===>> H2,-0.127835553392763,H1,-0.122121736254921,AX,-0.0734280308995828,L1,-0.0567378134028335,L2,-0.0...
GetData ===>> H2,-0.218128193348538,H1,-0.0901778237818228,AX,-0.112473747722554,L1,-0.0548237431370615,L2,-0.0...
GetData ===>> H2,-0.187541815237623,H1,-0.0396930398721239,AX,-0.0752595545624387,L1,-0.0187263731150063,L2,0.0...
testing H1>-5.0
evaluate ot="H1.bs>-5.0" t="H1>-5.0", ctx="{'H1': None}"
GetData ===>> H2,-0.192353717306448,H1,-0.0225331433712615,AX,-0.0756420836335712,L1,-0.0329149621211427,L2,-0....
GetData ===>> H2,-0.292625329361966,H1,0.0252534100863457,AX,-0.0345753797093904,L1,-0.0474043130252965,L2,-0.1...
GetData ===>> H2,-0.245928582830551,H1,0.0757483588101905,AX,-0.123446377610147,L1,-0.0375313214044428,L2,-0.12...
GetData ===>> H2,-0.111377629917473,H1,0.00882495474299212,AX,-0.00777180775310232,L1,-0.0577946452074791,L2,0....
GetData ===>> H2,-0.192395504076493,H1,0.00133342429784484,AX,-0.0668203488718721,L1,-0.0562183332167174,L2,-0....
testing H1>-5.0
evaluate ot="H1.bs>-5.0" t="H1>-5.0", ctx="{'H1': None}"
15:08:34 -- collecting point 25
GetData ===>> H2,-0.162931988550124,H1,-0.0476817030102826,AX,-0.0909072435787779,L1,-0.0137923858069733,L2,-0....
GetData ===>> H2,-0.199063170440999,H1,0.01337024886523,AX,-0.104547657030511,L1,0.0199125539944617,L2,-0.06854...
GetData ===>> H2,-0.212264848006489,H1,0.060672642222648,AX,-0.107189759012322,L1,-0.00355304389443055,L2,-0.06...
GetData ===>> H2,-0.158456592228091,H1,-0.0229505489408808,AX,-0.102936866667783,L1,-0.0502488557397734,L2,-0.0...
GetData ===>> H2,-0.225476191386942,H1,0.0311835873836099,AX,-0.207631127790706,L1,-0.0436406681137516,L2,0.065...
testing H1>-5.0
evaluate ot="H1.bs>-5.0" t="H1>-5.0", ctx="{'H1': None}"
GetData ===>> H2,-0.169985858573226,H1,0.0859458246526003,AX,-0.0765462372782314,L1,-0.0472475226321323,L2,-0.0...
GetData ===>> H2,-0.302536172792383,H1,-0.0418512341238795,AX,-0.121766382525245,L1,-0.0257806314332093,L2,0.05...
GetData ===>> H2,-0.243774344835213,H1,0.00833584090302888,AX,-0.0643742334825323,L1,-0.00830527866717855,L2,-0...
GetData ===>> H2,-0.200639394907467,H1,-0.00353338422056633,AX,-0.0427970644291059,L1,-0.0603064184783614,L2,-0...
GetData ===>> H2,-0.194490036704882,H1,0.0182020870244994,AX,-0.10513865975647,L1,-0.0648640589856704,L2,-0.103...
testing H1>-5.0
evaluate ot="H1.bs>-5.0" t="H1>-5.0", ctx="{'H1': None}"
GetData ===>> H2,-0.0934035119897548,H1,0.0291551169901318,AX,-0.100155583118243,L1,-0.0458734074769106,L2,-0.0...
GetData ===>> H2,-0.132211669774138,H1,-0.0188241202826454,AX,-0.108754127681256,L1,0.0134813417649447,L2,-0.09...
GetData ===>> H2,-0.189449832889064,H1,-0.0623815614164912,AX,-0.0705183876124691,L1,0.0222290356093295,L2,-0.0...
GetData ===>> H2,-0.187293681889153,H1,-0.0194681405832007,AX,0.00814449333229467,L1,0.00450641197469239,L2,0.0...
GetData ===>> H2,-0.226239678106369,H1,-0.0654571710290817,AX,-0.069892397205757,L1,0.0156438367691813,L2,0.033...
testing H1>-5.0
evaluate ot="H1.bs>-5.0" t="H1>-5.0", ctx="{'H1': None}"
GetData ===>> H2,-0.20697578499059,H1,-0.0393710953040081,AX,-0.0149286546392002,L1,0.00325176157304039,L2,-0.0...
GetData ===>> H2,-0.309087675817289,H1,0.00142885428122703,AX,-0.140936302836316,L1,-0.0441255678966302,L2,-0.0...
GetData ===>> H2,-0.273998392151757,H1,-0.0524388278167141,AX,-0.118614865208337,L1,-0.0327102021708007,L2,-0.0...
GetData ===>> H2,-0.210383108836045,H1,0.0133821790426537,AX,-0.16762435835017,L1,-0.0352691666591674,L2,-0.113...
GetData ===>> H2,-0.190980059836869,H1,0.0687535147613218,AX,-0.109634798235477,L1,-0.0247752374582559,L2,0.037...
testing H1>-5.0
evaluate ot="H1.bs>-5.0" t="H1>-5.0", ctx="{'H1': None}"
GetData ===>> H2,-0.319115504074232,H1,-0.0405157823966327,AX,-0.0728136513162486,L1,-0.00575312048478112,L2,0....
GetData ===>> H2,-0.263234220390238,H1,0.0528311190992393,AX,-0.0821680297440626,L1,-0.0237277952500854,L2,-0.0...
GetData ===>> H2,-0.233419584321449,H1,0.0457301173869108,AX,-0.191187695361693,L1,0.0252369933106872,L2,0.0046...
GetData ===>> H2,-0.171367503108282,H1,0.0292028452331341,AX,-0.0314790222072544,L1,-0.00906672309283014,L2,-0....
GetData ===>> H2,-0.120081684289487,H1,-0.0917152132740238,AX,-0.00916378029720297,L1,-0.0245427482633354,L2,0....
testing H1>-5.0
evaluate ot="H1.bs>-5.0" t="H1>-5.0", ctx="{'H1': None}"
15:09:00 -- collecting point 50
GetData ===>> H2,-0.133867084992216,H1,-0.116381721194281,AX,-0.0666580492814458,L1,-0.0285278761433425,L2,-0.0...
GetData ===>> H2,-0.237225748691023,H1,-0.0205653508105861,AX,-0.0517485180401306,L1,-0.020342636666903,L2,-0.0...
GetData ===>> H2,-0.294092512249516,H1,-0.0191819098500854,AX,-0.196112905153527,L1,-0.0139098397724781,L2,-0.0...
GetData ===>> H2,-0.329567895430645,H1,0.0492029813530472,AX,-0.112114538283886,L1,0.0208664762488829,L2,-0.018...
GetData ===>> H2,-0.259331862461971,H1,-0.0115249339214028,AX,-0.0110545111195826,L1,-0.0229739049214413,L2,-0....
testing H1>-5.0
evaluate ot="H1.bs>-5.0" t="H1>-5.0", ctx="{'H1': None}"
GetData ===>> H2,-0.265138085488154,H1,0.0228551886412244,AX,-0.126481881362994,L1,0.00509717230838662,L2,0.026...
GetData ===>> H2,-0.292140700905197,H1,0.00894425116404492,AX,-0.00459339582474678,L1,-0.039500706821542,L2,-0....
GetData ===>> H2,-0.246551499464168,H1,-0.0953500324633925,AX,-0.0555630712494652,L1,-0.0599678025106713,L2,-0....
GetData ===>> H2,-0.180079254787638,H1,-0.121000743084143,AX,-0.169641315978635,L1,-0.036781320153328,L2,-0.016...
GetData ===>> H2,-0.250270793797722,H1,-0.00689706946490605,AX,-0.122936589064379,L1,-0.017031895227838,L2,-0.0...
testing H1>-5.0
evaluate ot="H1.bs>-5.0" t="H1>-5.0", ctx="{'H1': None}"
GetData ===>> H2,-0.289255320540923,H1,0.0172118394634825,AX,-0.101465114027864,L1,-0.0701667387852621,L2,0.044...
measurement finished
estimated time: 62.915 actual time: :63.119
flush and close file /Users/jan/PychronDev/data/isotopes/0d/3dbe61-ebd6-4d7e-a5e8-f1719223151e.h5
activate_detectors ('H1', 'AX', 'CDD') {'peak_center': True}
peak_center () {'detector': 'H1', 'integration_time': 0.262144, 'isotope': 'Ar40'}
peak center: mean=758.600856265 threshold=3
peak center started
setup peak center. detector=['H1', 'AX', 'CDD'], isotope=Ar40
VersionedUnpickler [<apptools.sweet_pickle.versioned_unpickler.VersionedUnpickler object at 0x199e02a70>] using Updater [<apptools.sweet_pickle.updater.Updater object at 0x135230b30>]
VersionedUnpickler [<apptools.sweet_pickle.versioned_unpickler.VersionedUnpickler object at 0x199e02a70>] using Updater [<apptools.sweet_pickle.updater.Updater object at 0x135230b30>]
VersionedUnpickler [<apptools.sweet_pickle.versioned_unpickler.VersionedUnpickler object at 0x19bc5ecb0>] using Updater [<apptools.sweet_pickle.updater.Updater object at 0x135230b30>]
setting integration time = 0.524288
SetIntegrationTime 0.524288 ===>> OK
Mapping mass to dac mass func: "parabolic"
H1 map mass coeffs = [-0.00063987  0.15840543  0.57103999]
H1 map mass to dac 39.9624 >> 5.87943
GetDeflection H1 ===>> 0
GetHighVoltage ===>> 4499.94659342336
do peak center. <pychron.spectrometer.jobs.peak_center.PeakCenter object at 0x1352309b0>
doing pc
starting peak center. center dac= 5.87939537659 step_width=0.001
width = 0.001
get scan parameters. half-width=0.015,window=0.015, i=0, scalar=1
Scan parameters center=5.87940 width=0.03000 (5.86440 - 5.89440)
GetData ===>> H2,-0.230488407748364,H1,-0.0423281768507476,AX,0.0324067779192754,L1,-0.00210605754393281,L2,-0....
Moving to starting dac 5.86439537659
setting magnet DAC
current  : 5.240055
requested: 5.864395
Delta Dac: 0.624340
Checking detector protection. dv=0.62434
Checking detector "CDD". Protection Threshold: 0.1 (V)
ProtectDetector CDD,On ===>> OK
GetDeflection CDD ===>> 2000
Protected = 2000
SetMagnetDAC 5.86439537659 ===>> OK
Magnet settling time: 0.500
GetMagnetMoving ===>> True
GetMagnetMoving ===>> True
GetMagnetMoving ===>> True
GetMagnetMoving ===>> True
GetMagnetMoving ===>> True
GetMagnetMoving ===>> True
GetMagnetMoving ===>> True
GetMagnetMoving ===>> True
GetMagnetMoving ===>> False
ProtectDetector CDD,Off ===>> OK
GetDeflection CDD ===>> 50
Wait until signal near baseline. tol= -0.0317461326381. timeout= 10
GetData ===>> H2,3.87210534338419,H1,0.940294998623226,AX,-0.220986943864458,L1,-0.025704581306503,L2,-0.000979...
GetData ===>> H2,58.0760960757924,H1,17.9786280302323,AX,0.897129980428528,L1,-0.0342123520572143,L2,-0.0364080...
GetData ===>> H2,58.5530581305892,H1,20.5635454186917,AX,1.32874793027254,L1,-0.0219090628315867,L2,-0.12026137...
GetData ===>> H2,30.5691860210765,H1,9.98578530413703,AX,0.700796377968664,L1,-0.0106889472300905,L2,-0.0045773...
GetData ===>> H2,12.408260719578,H1,5.16658316108323,AX,0.338401473125498,L1,0.00538187104459315,L2,-0.00200405...
GetData ===>> H2,4.14152792339351,H1,2.78454884851256,AX,0.0211973382902593,L1,0.0199991978016583,L2,-0.0774443...
GetData ===>> H2,1.18566995949359,H1,1.76530340880754,AX,-0.0624961315962375,L1,0.0370082461011227,L2,0.0154417...
GetData ===>> H2,0.339217308468593,H1,1.15240746977394,AX,-0.0166684892776833,L1,0.0178486842412301,L2,0.114437...
GetData ===>> H2,0.247051361329269,H1,0.844154036756239,AX,-0.145422675376003,L1,0.0122009713157701,L2,0.007743...
GetData ===>> H2,0.232953998664542,H1,0.774890294452546,AX,-0.143893647208762,L1,0.0176566964120943,L2,0.068846...
GetData ===>> H2,0.240447352996591,H1,0.674370495766863,AX,-0.0799077604769274,L1,-0.00287876932880184,L2,-0.04...
GetData ===>> H2,0.215761167314568,H1,0.698372156133664,AX,-0.138796713052804,L1,-0.00147008565836459,L2,0.0222...
GetData ===>> H2,0.113803915314042,H1,0.745147598881846,AX,-0.0178283617590782,L1,0.0227600160305644,L2,0.09104...
GetData ===>> H2,0.137197105437706,H1,0.66470444814557,AX,-0.062936677268124,L1,0.00296843632029163,L2,0.053464...
GetData ===>> H2,0.129413214660427,H1,0.63394198419029,AX,-0.0760593863597248,L1,-0.0171368904674976,L2,-0.0237...
GetData ===>> H2,0.129973719109108,H1,0.63693170139032,AX,-0.107838685365112,L1,-0.0470500350671205,L2,0.057999...
GetData ===>> H2,0.189743415768876,H1,0.615790332310584,AX,0.0460780070064464,L1,-0.0372881162672499,L2,-0.1001...
GetData ===>> H2,0.0902834801751635,H1,0.590971645419169,AX,-0.0129104074960682,L1,-0.0347526817763927,L2,-0.14...
GetData ===>> H2,0.0910560707304305,H1,0.659154068999857,AX,0.0391377034366114,L1,-0.0228143701695703,L2,-0.047...
GetData ===>> H2,0.117184629182434,H1,0.710817946730536,AX,-0.0983824733539978,L1,-0.0344794493431217,L2,-0.122...
GetData ===>> H2,0.117184629182434,H1,0.710817946730536,AX,-0.0983824733539978,L1,-0.0344794493431217,L2,-0.122...
Peak center failed to move to a baseline position
_do_sweep sm= 5.86439537659, em= 5.89439537659, stm= 0.001
calculated step values: start=5.86439537659, end=5.89439537659, width=0.001, nsteps=31.0
setting magnet DAC
current  : 5.864395
requested: 5.864395
Delta Dac: 0.000000
Checking detector protection. dv=0.00000
Checking detector "CDD". Protection Threshold: 0.1 (V)
SetMagnetDAC 5.86439537659 ===>> OK
GetData ===>> H2,0.0970993619656029,H1,0.692580602429982,AX,-0.016250931800728,L1,-0.0242009131229701,L2,-0.091...
setting magnet DAC
current  : 5.864395
requested: 5.865430
Delta Dac: 0.001034
Checking detector protection. dv=0.00103
Checking detector "CDD". Protection Threshold: 0.1 (V)
SetMagnetDAC 5.86542985935 ===>> OK
Magnet settling time: 1.049
GetData ===>> H2,0.0677020993002384,H1,1.39792075944107,AX,-0.00585781300136312,L1,-0.0533342199061305,L2,0.003...
setting magnet DAC
current  : 5.865430
requested: 5.866464
Delta Dac: 0.001034
Checking detector protection. dv=0.00103
Checking detector "CDD". Protection Threshold: 0.1 (V)
SetMagnetDAC 5.86646434211 ===>> OK
Magnet settling time: 1.049
GetData ===>> H2,-0.0934310199608653,H1,4.86472712788599,AX,0.216941842143027,L1,-0.0239087731608152,L2,0.05180...
setting magnet DAC
current  : 5.866464
requested: 5.867499
Delta Dac: 0.001034
Checking detector protection. dv=0.00103
Checking detector "CDD". Protection Threshold: 0.1 (V)
SetMagnetDAC 5.86749882486 ===>> OK
Magnet settling time: 1.049
GetData ===>> H2,0.0600486709472586,H1,18.0106394347659,AX,0.818488033935501,L1,0.00930876388172685,L2,-0.06795...
setting magnet DAC
current  : 5.867499
requested: 5.868533
Delta Dac: 0.001034
Checking detector protection. dv=0.00103
Checking detector "CDD". Protection Threshold: 0.1 (V)
SetMagnetDAC 5.86853330762 ===>> OK
Magnet settling time: 1.049
GetData ===>> H2,-0.00299393162505963,H1,62.1754488275514,AX,3.32269032366078,L1,0.0217564311549997,L2,0.023026...
setting magnet DAC
current  : 5.868533
requested: 5.869568
Delta Dac: 0.001034
Checking detector protection. dv=0.00103
Checking detector "CDD". Protection Threshold: 0.1 (V)
SetMagnetDAC 5.86956779038 ===>> OK
Magnet settling time: 1.049
GetData ===>> H2,0.000374104890698739,H1,174.294431325963,AX,9.86217915272934,L1,0.0746324208545214,L2,-0.04512...
setting magnet DAC
current  : 5.869568
requested: 5.870602
Delta Dac: 0.001034
Checking detector protection. dv=0.00103
Checking detector "CDD". Protection Threshold: 0.1 (V)
SetMagnetDAC 5.87060227314 ===>> OK
Magnet settling time: 1.049
GetData ===>> H2,-0.0827319488782509,H1,349.926159930929,AX,22.1331971997469,L1,0.111335196286431,L2,-0.0791964...
setting magnet DAC
current  : 5.870602
requested: 5.871637
Delta Dac: 0.001034
Checking detector protection. dv=0.00103
Checking detector "CDD". Protection Threshold: 0.1 (V)
SetMagnetDAC 5.8716367559 ===>> OK
Magnet settling time: 1.049
GetData ===>> H2,-0.12348057016963,H1,527.443430883587,AX,36.7506670759542,L1,0.199042175677831,L2,-0.109892114...
setting magnet DAC
current  : 5.871637
requested: 5.872671
Delta Dac: 0.001034
Checking detector protection. dv=0.00103
Checking detector "CDD". Protection Threshold: 0.1 (V)
SetMagnetDAC 5.87267123866 ===>> OK
Magnet settling time: 1.049
GetData ===>> H2,-0.0575473447870918,H1,645.097110991616,AX,48.3555021044628,L1,0.441785360894761,L2,0.06864139...
setting magnet DAC
current  : 5.872671
requested: 5.873706
Delta Dac: 0.001034
Checking detector protection. dv=0.00103
Checking detector "CDD". Protection Threshold: 0.1 (V)
SetMagnetDAC 5.87370572142 ===>> OK
Magnet settling time: 1.049
GetData ===>> H2,-0.176839804028059,H1,699.334824860136,AX,54.8111741459131,L1,0.54811339676542,L2,0.0500010550...
setting magnet DAC
current  : 5.873706
requested: 5.874740
Delta Dac: 0.001034
Checking detector protection. dv=0.00103
Checking detector "CDD". Protection Threshold: 0.1 (V)
SetMagnetDAC 5.87474020417 ===>> OK
Magnet settling time: 1.049
GetData ===>> H2,-0.173044409662034,H1,717.989094215709,AX,57.5423014094478,L1,0.61733999542554,L2,-0.083360477...
setting magnet DAC
current  : 5.874740
requested: 5.875775
Delta Dac: 0.001034
Checking detector protection. dv=0.00103
Checking detector "CDD". Protection Threshold: 0.1 (V)
SetMagnetDAC 5.87577468693 ===>> OK
Magnet settling time: 1.049
GetData ===>> H2,-0.172904114849036,H1,722.521370044789,AX,58.4704334032121,L1,0.738565301953172,L2,-0.01680541...
setting magnet DAC
current  : 5.875775
requested: 5.876809
Delta Dac: 0.001034
Checking detector protection. dv=0.00103
Checking detector "CDD". Protection Threshold: 0.1 (V)
SetMagnetDAC 5.87680916969 ===>> OK
Magnet settling time: 1.049
GetData ===>> H2,-0.182922729303574,H1,723.633666551879,AX,58.619720276534,L1,0.745563409033797,L2,-0.008676337...
setting magnet DAC
current  : 5.876809
requested: 5.877844
Delta Dac: 0.001034
Checking detector protection. dv=0.00103
Checking detector "CDD". Protection Threshold: 0.1 (V)
SetMagnetDAC 5.87784365245 ===>> OK
Magnet settling time: 1.049
GetData ===>> H2,-0.151646837649548,H1,723.884573951675,AX,58.6797841096103,L1,0.687932326022676,L2,0.022092915...
setting magnet DAC
current  : 5.877844
requested: 5.878878
Delta Dac: 0.001034
Checking detector protection. dv=0.00103
Checking detector "CDD". Protection Threshold: 0.1 (V)
SetMagnetDAC 5.87887813521 ===>> OK
Magnet settling time: 1.049
GetData ===>> H2,-0.15303216089327,H1,723.848781900485,AX,58.6381195296597,L1,0.718388379303741,L2,0.0934400351...
setting magnet DAC
current  : 5.878878
requested: 5.879913
Delta Dac: 0.001034
Checking detector protection. dv=0.00103
Checking detector "CDD". Protection Threshold: 0.1 (V)
SetMagnetDAC 5.87991261797 ===>> OK
Magnet settling time: 1.049
GetData ===>> H2,-0.0787622568333493,H1,723.515523650545,AX,58.8114146965443,L1,0.76577253731907,L2,0.088994952...
setting magnet DAC
current  : 5.879913
requested: 5.880947
Delta Dac: 0.001034
Checking detector protection. dv=0.00103
Checking detector "CDD". Protection Threshold: 0.1 (V)
SetMagnetDAC 5.88094710073 ===>> OK
Magnet settling time: 1.049
GetData ===>> H2,-0.187630977217086,H1,723.281843149222,AX,58.6618615317375,L1,0.775767039430309,L2,0.151701096...
setting magnet DAC
current  : 5.880947
requested: 5.881982
Delta Dac: 0.001034
Checking detector protection. dv=0.00103
Checking detector "CDD". Protection Threshold: 0.1 (V)
SetMagnetDAC 5.88198158348 ===>> OK
Magnet settling time: 1.049
GetData ===>> H2,-0.0975362909989196,H1,722.728443369866,AX,58.7037753667203,L1,0.714157107069261,L2,-0.0372275...
setting magnet DAC
current  : 5.881982
requested: 5.883016
Delta Dac: 0.001034
Checking detector protection. dv=0.00103
Checking detector "CDD". Protection Threshold: 0.1 (V)
SetMagnetDAC 5.88301606624 ===>> OK
Magnet settling time: 1.049
GetData ===>> H2,-0.19461024089139,H1,722.080446155073,AX,58.2144669849308,L1,0.72199306320721,L2,0.00384881100...
setting magnet DAC
current  : 5.883016
requested: 5.884051
Delta Dac: 0.001034
Checking detector protection. dv=0.00103
Checking detector "CDD". Protection Threshold: 0.1 (V)
SetMagnetDAC 5.884050549 ===>> OK
Magnet settling time: 1.049
GetData ===>> H2,-0.283374860208804,H1,717.094505649061,AX,57.5186352367985,L1,0.714497671055923,L2,0.069575782...
setting magnet DAC
current  : 5.884051
requested: 5.885085
Delta Dac: 0.001034
Checking detector protection. dv=0.00103
Checking detector "CDD". Protection Threshold: 0.1 (V)
SetMagnetDAC 5.88508503176 ===>> OK
Magnet settling time: 1.049
GetData ===>> H2,-0.303281883994369,H1,701.016038584861,AX,55.1161934315781,L1,0.686774426547967,L2,0.037697688...
setting magnet DAC
current  : 5.885085
requested: 5.886120
Delta Dac: 0.001034
Checking detector protection. dv=0.00103
Checking detector "CDD". Protection Threshold: 0.1 (V)
SetMagnetDAC 5.88611951452 ===>> OK
Magnet settling time: 1.049
GetData ===>> H2,-0.27524639167638,H1,650.15746353717,AX,48.308440090158,L1,0.589927170803098,L2,0.062579465689...
setting magnet DAC
current  : 5.886120
requested: 5.887154
Delta Dac: 0.001034
Checking detector protection. dv=0.00103
Checking detector "CDD". Protection Threshold: 0.1 (V)
SetMagnetDAC 5.88715399728 ===>> OK
Magnet settling time: 1.049
GetData ===>> H2,-0.248122764967294,H1,530.065289601787,AX,35.4052105283646,L1,0.507465207438185,L2,0.096996249...
setting magnet DAC
current  : 5.887154
requested: 5.888188
Delta Dac: 0.001034
Checking detector protection. dv=0.00103
Checking detector "CDD". Protection Threshold: 0.1 (V)
SetMagnetDAC 5.88818848004 ===>> OK
Magnet settling time: 1.049
GetData ===>> H2,-0.326522986680081,H1,355.03227649881,AX,20.6859814279078,L1,0.344771942058037,L2,0.0970874366...
setting magnet DAC
current  : 5.888188
requested: 5.889223
Delta Dac: 0.001034
Checking detector protection. dv=0.00103
Checking detector "CDD". Protection Threshold: 0.1 (V)
SetMagnetDAC 5.88922296279 ===>> OK
Magnet settling time: 1.049
GetData ===>> H2,-0.216719428641658,H1,182.983030901519,AX,8.86459434993572,L1,0.242665376610658,L2,-0.00125253...
setting magnet DAC
current  : 5.889223
requested: 5.890257
Delta Dac: 0.001034
Checking detector protection. dv=0.00103
Checking detector "CDD". Protection Threshold: 0.1 (V)
SetMagnetDAC 5.89025744555 ===>> OK
Magnet settling time: 1.049
GetData ===>> H2,-0.206215767290744,H1,71.5690382453936,AX,2.83395818559638,L1,0.157975399076793,L2,-0.09714824...
setting magnet DAC
current  : 5.890257
requested: 5.891292
Delta Dac: 0.001034
Checking detector protection. dv=0.00103
Checking detector "CDD". Protection Threshold: 0.1 (V)
SetMagnetDAC 5.89129192831 ===>> OK
Magnet settling time: 1.049
GetData ===>> H2,-0.174843806348294,H1,11.133573499571,AX,0.18976768771364,L1,0.0246858342406145,L2,-0.06485990...
setting magnet DAC
current  : 5.891292
requested: 5.892326
Delta Dac: 0.001034
Checking detector protection. dv=0.00103
Checking detector "CDD". Protection Threshold: 0.1 (V)
SetMagnetDAC 5.89232641107 ===>> OK
Magnet settling time: 1.049
GetData ===>> H2,-0.247038507535678,H1,2.64546045109288,AX,-0.0271068440480585,L1,-0.0120795594805271,L2,-0.092...
setting magnet DAC
current  : 5.892326
requested: 5.893361
Delta Dac: 0.001034
Checking detector protection. dv=0.00103
Checking detector "CDD". Protection Threshold: 0.1 (V)
SetMagnetDAC 5.89336089383 ===>> OK
Magnet settling time: 1.049
GetData ===>> H2,-0.30327920166846,H1,0.546418609611998,AX,-0.108070443727863,L1,0.00326856925371528,L2,-0.0832...
setting magnet DAC
current  : 5.893361
requested: 5.894395
Delta Dac: 0.001034
Checking detector protection. dv=0.00103
Checking detector "CDD". Protection Threshold: 0.1 (V)
SetMagnetDAC 5.89439537659 ===>> OK
Magnet settling time: 1.049
GetData ===>> H2,-0.277878966452427,H1,0.126911811647035,AX,-0.162796307138136,L1,-0.00416729031411441,L2,0.143...
result of _do_sweep=True
result of _calculate_peak_center=([5.8716999858064902, 5.8793953765880529, 5.8870907673696156], [534.63468788417981, 723.88392840365748, 537.40559281828018], 5.8778623104557886, 723.88392840365748)
Failed to find a valid peak. No peak greater than 1.0. max = 0.0344294531579
new center pos Detector(H1) (Ar40) @ 5.87939537659
GetHighVoltage ===>> 4499.94659342336
GetDeflection H1 ===>> 0
dac uncorrected for HV and deflection 5.87943
update mftable H1 Ar40 5.87943 message=automated run peakcenter
get initial guess parabolic
get initial guess parabolic
get initial guess parabolic
get initial guess parabolic
get initial guess parabolic
get initial guess parabolic
dump mftable to /Users/jan/PychronDev/setupfiles/spectrometer/mftables/mftable.csv
add to repo msg=modified - automated run peakcenter
sweep finished
locally archiving mftable
setting magnet DAC
current  : 5.894395
requested: 5.879395
Delta Dac: 0.015000
Checking detector protection. dv=0.01500
Checking detector "CDD". Protection Threshold: 0.1 (V)
SetMagnetDAC 5.87939537659 ===>> OK
Magnet settling time: 0.500
setting integration time = 1.048576
SetIntegrationTime 1.048576 ===>> OK
Failed to find a valid peak. No peak greater than 1.0. max = 0.0344294531579
flush and close file /Users/jan/PychronDev/data/isotopes/0d/3dbe61-ebd6-4d7e-a5e8-f1719223151e.h5
finished measure script
executed snippet estimated_duration=224.052928, duration=270.281622887
jan_unknown120_60.py completed successfully
Measurement Finished
15:09:58 -- ******* Measurement Finished *******
Post Measurement Started jan_pump_ms.py
15:09:58 -- ******* Post Measurement Started jan_pump_ms.py *******
testing...
no interpolation path defined
executed snippet estimated_duration=0, duration=3.00407409668e-05
Pumping spectrometer
open () {'name': 'O'}
opening name=O desc=---
checking ownership. requestor=129.138.12.150
check software interlocks O
interlocks []
actuate state mode=None-script, software_lock=False
doing actuation None-script open_channel True
Open O ===>> OK
GetIndicatorState O ===>> OK
change switch state (True, True)
update switch state O True args=() kw={} ncanvase=2
15:09:58 -- OPEN   VALVE-O (Jan Ion Pump)
---------------------------------------- open O () result=[(True, True)], time=0.12 sec
action=open, ok=True, locked=[False]
executed snippet estimated_duration=0, duration=0.372235059738
jan_pump_ms.py completed successfully
setting _ms_pumptime
Post Measurement Finished
15:09:58 -- ******* Post Measurement Finished *******
$$$$$$$$$$$$$$$$$$$$ state at run end measurement
state changed from measurement to success
post measurement save measured=True aborted=False
Set filtering
setting fod for Ar40= {'filter_outliers': True, 'std_devs': 2, 'iterations': 1}
setting fod for H1= {'filter_outliers': True, 'std_devs': 2, 'iterations': 1}
setting fod for PM41= {'filter_outliers': False, 'std_devs': 2, 'iterations': 1}
setting fod for H2= {'filter_outliers': True, 'std_devs': 2, 'iterations': 1}
setting fod for Ar36= {'filter_outliers': True, 'std_devs': 2, 'iterations': 1}
setting fod for CDD= {'filter_outliers': True, 'std_devs': 10, 'iterations': 1}
setting fod for Ar37= {'filter_outliers': True, 'std_devs': 2, 'iterations': 1}
setting fod for L2= {'filter_outliers': True, 'std_devs': 2, 'iterations': 1}
setting fod for Ar38= {'filter_outliers': True, 'std_devs': 2, 'iterations': 1}
setting fod for L1= {'filter_outliers': True, 'std_devs': 2, 'iterations': 1}
setting fod for Ar39= {'filter_outliers': True, 'std_devs': 2, 'iterations': 1}
setting fod for AX= {'filter_outliers': True, 'std_devs': 2, 'iterations': 1}
persistence save...
persistence save - db
post measurement save
4981329360 connecting to database sqlite:////Users/jan/PychronDev/.appdata/local_lab.db
connected to db sqlite:////Users/jan/PychronDev/.appdata/local_lab.db
create new session 4981329360
close session 4981329360
No database instance. Not saving post measurement to isotopedb database
$$$$$$$$$$$$$$$ auto_save_detector_ic=False
massspec enabled True
create new session 4985539184
MassSpec Database Version: 16.0
close session 4985539184
saving post measurement to secondary database
saving to massspec database 129.138.12.160/massspecdata
setting labnumber to c-02-J
setting aliquot to 1261
setting step to 
setting uuid to 0d3dbe61-ebd6-4d7e-a5e8-f1719223151e
setting irradpos to c-02-J
setting extract_device to Fusions CO2
setting tray to 
setting position to 
setting power_requested to 0.0
setting extract_value to 0.0
setting duration to 0.0
setting duration_at_request to 0.0
setting first_stage_delay to 0.0
setting cleanup to 0.0
setting comment to 
setting irradiation to Cocktail-02
setting level to A
setting irradiation_level to A
setting sample to cocktail
setting material to 
setting project to 
setting mass_spectrometer to jan
no attribute chron_dosages
no attribute production_ratios
no attribute interference_corrections
no attribute production_name
no attribute j
Reference Isotope=Ar40
Reference Detector=H1
%%%%%%%%%%%%%%%%%%%% Comment:  %%%%%%%%%%%%%%%%%%%
adding isotope PM41 H2
add baseline dbdet= PM41. original det= H2
get baseline data PM41 H2
Get data baseline <pychron.processing.isotope.Baseline object at 0x1a9e08610> len t=60
baseline PM41. v=-0.213367127806, e=0.00788249034927
get signal data PM41 H2
Get data signal PM41 0.11+/-0.07 len t=120
adding isotope Ar40 H1
add baseline dbdet= Ar40. original det= H1
get baseline data Ar40 H1
Get data baseline <pychron.processing.isotope.Baseline object at 0x194391890> len t=60
baseline Ar40. v=-0.0134014007375, e=0.00630663431254
get signal data Ar40 H1
Get data signal Ar40 796.42+/-0.05 len t=120
adding isotope Ar39 AX
add baseline dbdet= Ar39. original det= AX
get baseline data Ar39 AX
Get data baseline <pychron.processing.isotope.Baseline object at 0x194391610> len t=60
baseline Ar39. v=-0.0771995180079, e=0.0058042372244
get signal data Ar39 AX
Get data signal Ar39 64.278+/-0.015 len t=120
adding isotope Ar38 L1
add baseline dbdet= Ar38. original det= L1
get baseline data Ar38 L1
Get data baseline <pychron.processing.isotope.Baseline object at 0x1943917d0> len t=60
baseline Ar38. v=-0.0265413256566, e=0.00306919266577
get signal data Ar38 L1
Get data signal Ar38 0.847+/-0.004 len t=120
adding isotope Ar37 L2
add baseline dbdet= Ar37. original det= L2
get baseline data Ar37 L2
Get data baseline <pychron.processing.isotope.Baseline object at 0x194391090> len t=60
baseline Ar37. v=-0.0276161319058, e=0.00736848487278
get signal data Ar37 L2
Get data signal Ar37 0.047+/-0.009 len t=120
adding isotope Ar36 CDD
add baseline dbdet= Ar36. original det= CDD
get baseline data Ar36 CDD
Get data baseline <pychron.processing.isotope.Baseline object at 0x1943915d0> len t=60
baseline Ar36. v=0.000163751953883, e=1.92834794568e-05
get signal data Ar36 CDD
Get data signal Ar36 0.0274+/-0.0004 len t=120
4416-1261 added analysis time 0.586027145386s
analysis added to mass spec database
mass spec save time= 0.596
persistence save - dvc
================= post measurement started
create new session 4989601072
close session 4989601072
---------------- Experiment Queue saving disabled
DVC saving peakcenter
Failed to find a valid peak. No peak greater than 1.0. max = 0.0344294531579
Smart pull ahead: 0 behind: 0
Up-to-date with origin
add to repo msg=modified - ad8224ebc6dbfeb9f5997218dfa5fe690569839d.json
add to repo msg=modified - -J-1261.json
add to repo msg=modified - -J-1261.dat.json
add to repo msg=modified - -J-1261.blan.json
add to repo msg=modified - -J-1261.inte.json
add to repo msg=modified - -J-1261.icfa.json
add to repo msg=modified - -J-1261.base.json
not at valid file /Users/jan/PychronDev/data/.dvc/repositories/Load1791/c-02/tags/-J-1261.tags.json
add to repo msg=modified - -J-1261.peak.json
add to repo msg=modified - -J-1261.extr.json
not at valid file /Users/jan/PychronDev/data/.dvc/repositories/Load1791/c-02/monitor/-J-1261.moni.json
commit message=<COLLECTION>
add to repo msg=modified - -J-1261.inte.json
add to repo msg=modified - -J-1261.base.json
commit message=<ISOEVO> default collection fits
add to repo msg=modified - -J-1261.blan.json
commit message=<BLANKS> preceding bc-02-J-363
add to repo msg=modified - -J-1261.icfa.json
commit message=<ICFactor> default
push repository <pychron.git_archive.repo_manager.GitRepoManager object at 0x150db7890>
pushing to remote=origin, url=https://github.com
no changes to meta repo
create new session 4989601072
add association Load1791
get identifier "c-02-J"
setting analysis irradiation position=<pychron.dvc.dvc_orm.IrradiationPositionTbl object at 0x13e6edf10>
close session 4989601072
================= post measurement finished
15:10:11 -- ******* Post Run Check *******
loading queue conditionals post_run_actions
loading system conditionals post_run_actions
loading conditionals from /Users/jan/PychronDev/setupfiles/spectrometer/default_conditionals.yaml
loading queue conditionals post_run_terminations
loading system conditionals post_run_terminations
loading conditionals from /Users/jan/PychronDev/setupfiles/spectrometer/default_conditionals.yaml
Checking default post run terminations n=1
GetDeflection CDD ===>> 50
testing CDD==2000
evaluate ot="CDD.deflection==2000" t="CDD==2000", ctx="{'CDD': 50.0}"
15:10:11 -- ******* Post Run Check Passed *******
15:10:11 -- Automated run c-02-J-1261 success duration: 350.360 s
----------------- finish -----------------
----------------- stop -----------------
retroactive repository identifiers disabled
finish run. runs completed=40
update duration runid=c-02-J-1261, duration=350.359625101, md5=c594f137
write rem/ex queues
/Users/jan/PychronDev/experiments/rem/CurrentExperiment.rem.txt
/Users/jan/PychronDev/experiments/rem/CurrentExperiment.ex.txt
doing event level: 3
