do run
loading script "jan_unknown120_60.py"
loading script "jan_pump_ms.py"
loading script "jan_cocktail_x1.py"
loading script "jan_pump_extraction_line.py"
testing...
no interpolation path defined
executed snippet estimated_duration=213.652928, duration=0.000195980072021
script duration name:unknown120_60 seconds:214.0
loading script "jan_unknown120_60.py"
loading script "jan_pump_ms.py"
loading script "jan_cocktail_x1.py"
loading script "jan_pump_extraction_line.py"
testing...
no interpolation path defined
executed snippet estimated_duration=0, duration=2.09808349609e-05
loading script "jan_unknown120_60.py"
loading script "jan_pump_ms.py"
loading script "jan_cocktail_x1.py"
loading script "jan_pump_extraction_line.py"
testing...
no interpolation path defined
calculate duration
testing...
no interpolation path defined
executed snippet estimated_duration=0, duration=6.103515625e-05
calculate duration
testing...
no interpolation path defined
executed snippet estimated_duration=0, duration=8.58306884766e-05
calculate duration
testing...
no interpolation path defined
executed snippet estimated_duration=32.0, duration=0.000154972076416
calculate duration
testing...
no interpolation path defined
executed snippet estimated_duration=34.0, duration=7.58171081543e-05
calculate duration
testing...
no interpolation path defined
executed snippet estimated_duration=4.0, duration=6.60419464111e-05
calculate duration
testing...
no interpolation path defined
executed snippet estimated_duration=38.0, duration=0.000104188919067
executed snippet estimated_duration=108.0, duration=0.035101890564
script duration name:cocktail_x1 seconds:108.0
loading script "jan_unknown120_60.py"
loading script "jan_pump_ms.py"
loading script "jan_cocktail_x1.py"
loading script "jan_pump_extraction_line.py"
testing...
no interpolation path defined
calculate duration
testing...
no interpolation path defined
executed snippet estimated_duration=4.0, duration=0.0001540184021
executed snippet estimated_duration=4.0, duration=0.00178599357605
Script duration 322.0
Run total estimated duration= 323.000
run duration: 0:05:23
doing event level: 2
10:48:19 -- Setting default integration. t=1.048576
setting integration time = 1.048576
SetIntegrationTime 1.048576 ===>> OK
----------------- start -----------------
**************** Experiment Type: Ar/Ar, Ar/Ar
create new session 4436069840
close session 4436069840
$$$$$ Clearing conditionals
adding conditionals 
Add queue conditionals
add default conditionals
adding default conditionals from /Users/jan/PychronDev/setupfiles/spectrometer/default_conditionals.yaml
Start automated run c-02-J-1267
loading script "jan_unknown120_60.py"
loading script "jan_pump_ms.py"
loading script "jan_cocktail_x1.py"
loading script "jan_pump_extraction_line.py"
%%%%%%%%%%%%%%%%%% setting automated run c-02-J-1267
No value "sensitivity_multiplier" in metadata
$$$$$$$$$$$$$$$ auto_save_detector_ic=False
============================= Pre Extraction Check =============================
loading queue conditionals pre_run_terminations
loading system conditionals pre_run_terminations
loading conditionals from /Users/jan/PychronDev/setupfiles/spectrometer/default_conditionals.yaml
10:48:19 -- ******* Pre Extraction Check *******
Get a measurement from the spectrometer
GetData ===>> H2,-0.128443847092551,H1,0.0501458071374252,AX,-0.144797365144061,L1,-0.0203534268714587,L2,0.031...
Pre Extraction Termination data. keys=H2,H1,AX,L1,L2,CDD, signals=-0.12844,0.05015,-0.14480,-0.02035,0.03168,0.00342
10:48:19 -- testing system defined conditionals
Checking default pre extraction terminations n=2
testing CDD
evaluate ot="CDD.inactive" t="CDD", ctx="{'CDD': False}"
GetDeflection CDD ===>> 50
testing CDD==2000
evaluate ot="CDD.deflection==2000" t="CDD==2000", ctx="{'CDD': 50.0}"
10:48:19 -- ******* Pre Extraction Check Passed *******
=================================================================================
10:48:19 -- stopping status monitor
stop 4982387056
Alive clients [4989850544]
10:48:19 -- starting status monitor
start 4982387056
Monitor already running
start extraction
do extraction
Analysis started at 10:48:19.842314
Extraction Started jan_cocktail_x1.py
10:48:19 -- ******* Extraction Started jan_cocktail_x1.py *******
state changed from not run to extraction
DO EXTRACTION <pychron.extraction_line.pyscript_runner.RemotePyScriptRunner object at 0x12c299590>
testing...
no interpolation path defined
calculate duration
testing...
no interpolation path defined
executed snippet estimated_duration=0, duration=4.98294830322e-05
calculate duration
testing...
no interpolation path defined
executed snippet estimated_duration=0, duration=0.000101089477539
calculate duration
testing...
no interpolation path defined
executed snippet estimated_duration=32.0, duration=8.79764556885e-05
calculate duration
testing...
no interpolation path defined
executed snippet estimated_duration=34.0, duration=9.98973846436e-05
calculate duration
testing...
no interpolation path defined
executed snippet estimated_duration=4.0, duration=6.60419464111e-05
calculate duration
testing...
no interpolation path defined
executed snippet estimated_duration=38.0, duration=0.000102996826172
executed snippet estimated_duration=108.0, duration=0.00622391700745
Jan Cocktail Pipette x1
doing GOSUB
testing...
no interpolation path defined
executed snippet estimated_duration=0, duration=5.19752502441e-05
Waiting for minibone access
wait ('FelixMiniboneFlag', 0) {}
waiting for FelixMiniboneFlag = 0
Read FelixMiniboneFlag ===>> 0
finished waiting
Minibone free
acquire ('JanMiniboneFlag',) {'clear': True}
acquire JanMiniboneFlag
Set JanMiniboneFlag 1 ===>> OK
JanMiniboneFlag acquired
set extraction state False (0.75, 'red', 1.5)
Minibone acquired
wait ('MinibonePumpTimeFlag', 0) {}
waiting for MinibonePumpTimeFlag = 0
Read MinibonePumpTimeFlag ===>> 0
finished waiting
executed snippet estimated_duration=0, duration=0.0207159519196
WaitForMiniboneAccess.py completed successfully
gosub finished
doing GOSUB
testing...
no interpolation path defined
executed snippet estimated_duration=0, duration=8.98838043213e-05
Prepare for Air Shot
close () {'description': 'Jan Inlet'}
closing name=--- desc=Jan Inlet
checking ownership. requestor=129.138.12.150
check software interlocks R
interlocks []
actuate state mode=None-script, software_lock=False
doing actuation None-script close_channel False
Close R ===>> OK
GetIndicatorState R ===>> False
change switch state (True, True)
update switch state R False args=() kw={} ncanvase=2
10:48:20 -- CLOSE  VALVE-R (Jan Inlet)
---------------------------------------- close None (Jan Inlet) result=[(True, True)]
action=close, ok=True, locked=[False]
open () {'description': 'Jan Ion Pump'}
opening name=--- desc=Jan Ion Pump
checking ownership. requestor=129.138.12.150
check software interlocks O
interlocks []
actuate state mode=None-script, software_lock=False
doing actuation None-script open_channel False
Open O ===>> OK
GetIndicatorState O ===>> OK
change switch state (True, True)
update switch state O True args=() kw={} ncanvase=2
10:48:20 -- OPEN   VALVE-O (Jan Ion Pump)
---------------------------------------- open None (Jan Ion Pump) result=[(True, True)], time=0.12 sec
action=open, ok=True, locked=[False]
close () {'description': 'Minibone to Bone'}
closing name=--- desc=Minibone to Bone
checking ownership. requestor=129.138.12.150
check software interlocks I
interlocks []
actuate state mode=None-script, software_lock=False
doing actuation None-script close_channel True
Close I ===>> OK
set states for children of I. state=False
handle state [('I', False)]
update switch state I False args=() kw={'refresh': False} ncanvase=2
GetIndicatorState I ===>> False
change switch state (True, True)
refresh_canvas_needed fired
update switch state I False args=() kw={} ncanvase=2
10:48:21 -- CLOSE  VALVE-I (Minibone to Bone)
---------------------------------------- close None (Minibone to Bone) result=[(True, True)]
action=close, ok=True, locked=[False]
close () {'description': 'Bone to Minibone'}
closing name=--- desc=Bone to Minibone
checking ownership. requestor=129.138.12.150
check software interlocks E
interlocks []
actuate state mode=None-script, software_lock=False
doing actuation None-script close_channel False
Close E ===>> OK
GetIndicatorState E ===>> False
change switch state (True, True)
update switch state E False args=() kw={} ncanvase=2
10:48:22 -- CLOSE  VALVE-E (Bone to Minibone)
---------------------------------------- close None (Bone to Minibone) result=[(True, True)]
action=close, ok=True, locked=[False]
close () {'description': 'Minibone to Turbo'}
closing name=--- desc=Minibone to Turbo
checking ownership. requestor=129.138.12.150
check software interlocks P
interlocks []
actuate state mode=None-script, software_lock=False
doing actuation None-script close_channel True
Close P ===>> OK
GetIndicatorState P ===>> False
change switch state (True, True)
update switch state P False args=() kw={} ncanvase=2
10:48:22 -- CLOSE  VALVE-P (Minibone to Turbo)
---------------------------------------- close None (Minibone to Turbo) result=[(True, True)]
action=close, ok=True, locked=[False]
close () {'description': 'Quad Inlet'}
closing name=--- desc=Quad Inlet
checking ownership. requestor=129.138.12.150
check software interlocks Q
interlocks []
actuate state mode=None-script, software_lock=False
doing actuation None-script close_channel True
Close Q ===>> OK
GetIndicatorState Q ===>> False
change switch state (True, True)
update switch state Q False args=() kw={} ncanvase=2
10:48:23 -- CLOSE  VALVE-Q (Quad Inlet)
---------------------------------------- close None (Quad Inlet) result=[(True, True)]
action=close, ok=True, locked=[False]
open () {'description': 'Microbone to Turbo'}
opening name=--- desc=Microbone to Turbo
checking ownership. requestor=129.138.12.150
check software interlocks U
interlocks []
actuate state mode=None-script, software_lock=False
doing actuation None-script open_channel False
Open U ===>> OK
GetIndicatorState U ===>> OK
change switch state (True, True)
update switch state U True args=() kw={} ncanvase=2
10:48:23 -- OPEN   VALVE-U (Microbone to Turbo)
---------------------------------------- open None (Microbone to Turbo) result=[(True, True)], time=0.15 sec
action=open, ok=True, locked=[False]
open () {'description': 'Microbone to Inlet Pipette'}
opening name=--- desc=Microbone to Inlet Pipette
checking ownership. requestor=129.138.12.150
check software interlocks S
interlocks []
actuate state mode=None-script, software_lock=False
doing actuation None-script open_channel False
Open S ===>> OK
GetIndicatorState S ===>> OK
change switch state (True, True)
update switch state S True args=() kw={} ncanvase=2
10:48:24 -- OPEN   VALVE-S (Microbone to Inlet Pipette)
---------------------------------------- open None (Microbone to Inlet Pipette) result=[(True, True)], time=0.43 sec
action=open, ok=True, locked=[False]
open () {'description': 'Microbone to Getter D-50'}
opening name=--- desc=Microbone to Getter D-50
checking ownership. requestor=129.138.12.150
check software interlocks K
interlocks []
actuate state mode=None-script, software_lock=False
doing actuation None-script open_channel False
Open K ===>> OK
GetIndicatorState K ===>> OK
change switch state (True, True)
update switch state K True args=() kw={} ncanvase=2
10:48:24 -- OPEN   VALVE-K (Microbone to Getter D-50)
---------------------------------------- open None (Microbone to Getter D-50) result=[(True, True)], time=0.42 sec
action=open, ok=True, locked=[False]
open () {'description': 'Microbone to Getter NP-10'}
opening name=--- desc=Microbone to Getter NP-10
checking ownership. requestor=129.138.12.150
check software interlocks M
interlocks []
actuate state mode=None-script, software_lock=False
doing actuation None-script open_channel False
Open M ===>> OK
GetIndicatorState M ===>> OK
change switch state (True, True)
update switch state M True args=() kw={} ncanvase=2
10:48:25 -- OPEN   VALVE-M (Microbone to Getter NP-10)
---------------------------------------- open None (Microbone to Getter NP-10) result=[(True, True)], time=0.16 sec
action=open, ok=True, locked=[False]
close () {'description': 'Microbone to CO2 Laser'}
closing name=--- desc=Microbone to CO2 Laser
checking ownership. requestor=129.138.12.150
check software interlocks T
interlocks []
actuate state mode=None-script, software_lock=False
doing actuation None-script close_channel True
Close T ===>> OK
set states for children of T. state=False
handle state [('T', False)]
update switch state T False args=() kw={'refresh': False} ncanvase=2
refresh_canvas_needed fired
GetIndicatorState T ===>> False
change switch state (True, True)
update switch state T False args=() kw={} ncanvase=2
10:48:25 -- CLOSE  VALVE-T (Microbone to CO2 Laser)
---------------------------------------- close None (Microbone to CO2 Laser) result=[(True, True)]
action=close, ok=True, locked=[False]
executed snippet estimated_duration=0, duration=6.31701922417
PrepareForAirShot.py completed successfully
gosub finished
doing GOSUB
testing...
no interpolation path defined
executed snippet estimated_duration=32.0, duration=9.79900360107e-05
Evacuate Pipette 1
open () {'description': 'Microbone to Turbo'}
opening name=--- desc=Microbone to Turbo
checking ownership. requestor=129.138.12.150
check software interlocks U
interlocks []
actuate state mode=None-script, software_lock=False
doing actuation None-script open_channel False
Open U ===>> OK
GetIndicatorState U ===>> OK
change switch state (True, True)
update switch state U True args=() kw={} ncanvase=2
10:48:26 -- OPEN   VALVE-U (Microbone to Turbo)
---------------------------------------- open None (Microbone to Turbo) result=[(True, True)], time=0.13 sec
action=open, ok=True, locked=[False]
open () {'description': 'Microbone to Minibone'}
opening name=--- desc=Microbone to Minibone
checking ownership. requestor=129.138.12.150
check software interlocks L
interlocks []
actuate state mode=None-script, software_lock=False
doing actuation None-script open_channel True
Open L ===>> OK
State checksums do not match. Local:-1311727372 Remote:365063141
State checksum failed
GetIndicatorState L ===>> OK
change switch state (True, True)
update switch state L True args=() kw={} ncanvase=2
10:48:27 -- OPEN   VALVE-L (Microbone to Minibone)
---------------------------------------- open None (Microbone to Minibone) result=[(True, True)], time=0.52 sec
action=open, ok=True, locked=[False]
close () {'description': 'Inner Pipette 1'}
closing name=--- desc=Inner Pipette 1
checking ownership. requestor=129.138.12.150
check software interlocks X
interlocks ['W']
actuate state mode=None-script, software_lock=False
doing actuation None-script close_channel False
Close X ===>> OK
GetIndicatorState X ===>> False
change switch state (True, True)
update switch state X False args=() kw={} ncanvase=2
10:48:27 -- CLOSE  VALVE-X (Inner Pipette 1)
---------------------------------------- close None (Inner Pipette 1) result=[(True, True)]
action=close, ok=True, locked=[False]
sleep (1,) {}
SLEEP 1.0
open () {'description': 'Outer Pipette 1'}
opening name=--- desc=Outer Pipette 1
checking ownership. requestor=129.138.12.150
check software interlocks W
interlocks ['X']
actuate state mode=None-script, software_lock=False
doing actuation None-script open_channel True
Open W ===>> OK
GetIndicatorState W ===>> OK
change switch state (True, True)
update switch state W True args=() kw={} ncanvase=2
10:48:28 -- OPEN   VALVE-W (Outer Pipette 1)
---------------------------------------- open None (Outer Pipette 1) result=[(True, True)], time=0.20 sec
action=open, ok=True, locked=[False]
sleep (15,) {}
SLEEP 15.0
block started
WaitControl setup for 15.0  
Join finished
block finished. duration 15.0644259453
executed snippet estimated_duration=48.0, duration=18.0510230064
EvacPipette1.py completed successfully
gosub finished
doing GOSUB
testing...
no interpolation path defined
executed snippet estimated_duration=34.0, duration=0.000103950500488
Fill Pipette 1
close () {'description': 'Outer Pipette 1'}
closing name=--- desc=Outer Pipette 1
checking ownership. requestor=129.138.12.150
check software interlocks W
interlocks ['X']
actuate state mode=None-script, software_lock=False
doing actuation None-script close_channel True
Close W ===>> OK
GetIndicatorState W ===>> False
change switch state (True, True)
update switch state W False args=() kw={} ncanvase=2
10:48:44 -- CLOSE  VALVE-W (Outer Pipette 1)
---------------------------------------- close None (Outer Pipette 1) result=[(True, True)]
action=close, ok=True, locked=[False]
sleep (1,) {}
SLEEP 1.0
filling cocktail pipette
open () {'description': 'Inner Pipette 1'}
opening name=--- desc=Inner Pipette 1
checking ownership. requestor=129.138.12.150
check software interlocks X
interlocks ['W']
actuate state mode=None-script, software_lock=False
doing actuation None-script open_channel True
Open X ===>> OK
GetIndicatorState X ===>> OK
change switch state (True, True)
update switch state X True args=() kw={} ncanvase=2
10:48:45 -- OPEN   VALVE-X (Inner Pipette 1)
---------------------------------------- open None (Inner Pipette 1) result=[(True, True)], time=0.13 sec
action=open, ok=True, locked=[False]
sleep (15,) {}
SLEEP 15.0
block started
WaitControl setup for 15.0  
Join finished
block finished. duration 15.0804030895
close () {'description': 'Inner Pipette 1'}
closing name=--- desc=Inner Pipette 1
checking ownership. requestor=129.138.12.150
check software interlocks X
interlocks ['W']
actuate state mode=None-script, software_lock=False
doing actuation None-script close_channel True
Close X ===>> OK
GetIndicatorState X ===>> False
change switch state (True, True)
update switch state X False args=() kw={} ncanvase=2
10:49:01 -- CLOSE  VALVE-X (Inner Pipette 1)
---------------------------------------- close None (Inner Pipette 1) result=[(True, True)]
action=close, ok=True, locked=[False]
sleep (1,) {}
SLEEP 1.0
executed snippet estimated_duration=51.0, duration=18.3466999531
FillPipette1.py completed successfully
gosub finished
doing GOSUB
testing...
no interpolation path defined
executed snippet estimated_duration=4.0, duration=0.0001220703125
Prepare for air expansion
close () {'description': 'Microbone to Turbo'}
closing name=--- desc=Microbone to Turbo
checking ownership. requestor=129.138.12.150
check software interlocks U
interlocks []
actuate state mode=None-script, software_lock=False
doing actuation None-script close_channel True
Close U ===>> OK
GetIndicatorState U ===>> False
change switch state (True, True)
update switch state U False args=() kw={} ncanvase=2
10:49:02 -- CLOSE  VALVE-U (Microbone to Turbo)
---------------------------------------- close None (Microbone to Turbo) result=[(True, True)]
action=close, ok=True, locked=[False]
open () {'description': 'Microbone to Getter NP-10'}
opening name=--- desc=Microbone to Getter NP-10
checking ownership. requestor=129.138.12.150
check software interlocks M
interlocks []
actuate state mode=None-script, software_lock=False
doing actuation None-script open_channel False
Open M ===>> OK
GetIndicatorState M ===>> OK
change switch state (True, True)
update switch state M True args=() kw={} ncanvase=2
10:49:03 -- OPEN   VALVE-M (Microbone to Getter NP-10)
---------------------------------------- open None (Microbone to Getter NP-10) result=[(True, True)], time=0.16 sec
action=open, ok=True, locked=[False]
sleep (2,) {}
SLEEP 2.0
block started
WaitControl setup for 2.0  
Join finished
block finished. duration 2.02425312996
open () {'description': 'Microbone to Minibone'}
opening name=--- desc=Microbone to Minibone
checking ownership. requestor=129.138.12.150
check software interlocks L
interlocks []
actuate state mode=None-script, software_lock=False
doing actuation None-script open_channel False
Open L ===>> OK
GetIndicatorState L ===>> OK
change switch state (True, True)
update switch state L True args=() kw={} ncanvase=2
10:49:05 -- OPEN   VALVE-L (Microbone to Minibone)
---------------------------------------- open None (Microbone to Minibone) result=[(True, True)], time=0.44 sec
action=open, ok=True, locked=[False]
executed snippet estimated_duration=6.0, duration=3.54772782326
PrepareForAirShotExpansion.py completed successfully
gosub finished
doing GOSUB
testing...
no interpolation path defined
executed snippet estimated_duration=38.0, duration=0.000109195709229
Expand Pipette 1
close () {'description': 'Minibone to Turbo'}
closing name=--- desc=Minibone to Turbo
checking ownership. requestor=129.138.12.150
check software interlocks P
interlocks []
actuate state mode=None-script, software_lock=False
doing actuation None-script close_channel False
Close P ===>> OK
GetIndicatorState P ===>> False
change switch state (True, True)
update switch state P False args=() kw={} ncanvase=2
10:49:06 -- CLOSE  VALVE-P (Minibone to Turbo)
---------------------------------------- close None (Minibone to Turbo) result=[(True, True)]
action=close, ok=True, locked=[False]
sleep (2,) {}
SLEEP 2.0
block started
WaitControl setup for 2.0  
Join finished
block finished. duration 2.0176460743
open () {'description': 'Outer Pipette 1'}
opening name=--- desc=Outer Pipette 1
checking ownership. requestor=129.138.12.150
check software interlocks W
interlocks ['X']
actuate state mode=None-script, software_lock=False
doing actuation None-script open_channel True
Open W ===>> OK
GetIndicatorState W ===>> OK
increment shot count 1726
saved current shot count 1726
change switch state (True, True)
update switch state W True args=() kw={} ncanvase=2
10:49:08 -- OPEN   VALVE-W (Outer Pipette 1)
---------------------------------------- open None (Outer Pipette 1) result=[(True, True)], time=0.29 sec
action=open, ok=True, locked=[False]
sleep (15,) {}
SLEEP 15.0
block started
WaitControl setup for 15.0  
Join finished
block finished. duration 15.0336930752
close () {'description': 'Microbone to Minibone'}
closing name=--- desc=Microbone to Minibone
checking ownership. requestor=129.138.12.150
check software interlocks L
interlocks []
actuate state mode=None-script, software_lock=False
doing actuation None-script close_channel True
Close L ===>> OK
GetIndicatorState L ===>> False
change switch state (True, True)
update switch state L False args=() kw={} ncanvase=2
10:49:24 -- CLOSE  VALVE-L (Microbone to Minibone)
---------------------------------------- close None (Microbone to Minibone) result=[(True, True)]
action=close, ok=True, locked=[False]
sleep (2,) {}
SLEEP 2.0
block started
WaitControl setup for 2.0  
Join finished
block finished. duration 2.03494596481
executed snippet estimated_duration=57.0, duration=21.0734698772
ExpandPipette1.py completed successfully
gosub finished
executed snippet estimated_duration=108.0, duration=67.3811330795
jan_cocktail_x1.py completed successfully
GetAchievedOutput ===>> No Response
Requested Output= 0.000
Achieved Output=  0.000
GetResponseBlob ===>> No Response
GetOutputBlob ===>> No Response
persistence save...
persistence save - db
AutomatedRunPersister post_extraction_save deprecated
persistence save - dvc
no extraction position for 
create new session 4989601072
close session 4989601072
Extraction Finished
10:49:27 -- ******* Extraction Finished *******
no overlap. not waiting for min ms pumptime
10:49:27 -- Sending spectrometer configuration
======== Sending configuration ========
SetDeflection CDD,50.0 ===>> OK
SetDeflection H2,0.0 ===>> OK
SetDeflection H1,0.0 ===>> OK
SetDeflection L2,825.0 ===>> OK
SetDeflection L1,400.0 ===>> OK
SetDeflection AX,190.0 ===>> OK
SetZFocus 74.64 ===>> OK
SetZSymmetry -50.72 ===>> OK
SetExtractionLens 26.13 ===>> OK
SetIonRepeller -3.81 ===>> OK
SetElectronEnergy 75.08 ===>> OK
SetYSymmetry -2.81 ===>> OK
SetIonCounterVoltage 1590.0 ===>> OK
send trap current 200.0
GetParameter Trap Current Readback ===>> 198.482695477019
SetParameter Trap Current Set,200.0 ===>> OK
updating mftable name mftable
Using mftable located at /Users/jan/PychronDev/setupfiles/spectrometer/mftables/mftable.csv
============ MFtable ===========
Isotope  H2     H1     AX     L1     L2     CDD    
Ar40     5.8102 5.8791 5.9928 6.1502 6.2308 6.3784
Ar39     5.7095 5.7714 5.8852 6.0362 6.1160 6.2649
Ar36     5.3870 5.4404 5.5485 5.6951 5.7709 5.9160
================================
get initial guess parabolic
get initial guess parabolic
get initial guess parabolic
get initial guess parabolic
get initial guess parabolic
get initial guess parabolic
======== Configuration Finished ========
GetYSymmetry ===>> -2.81
GetZSymmetry ===>> -50.72
GetParameter Trap Current Readback ===>> 197.251968503937
GetHighVoltage ===>> 4499.94659342336
start measurement
do measurement
L#=c-02-J analysis type=cocktail
Measurement Started jan_unknown120_60.py
10:49:27 -- ******* Measurement Started jan_unknown120_60.py *******
state changed from extraction to measurement
setting spec, defl, and gains
GetExtractionLens ===>> 26.13
GetYSymmetry ===>> -2.81
GetZSymmetry ===>> -50.72
GetZFocus ===>> 74.64
GetDeflection H2 ===>> 0
GetDeflection H1 ===>> 0
GetDeflection AX ===>> 190
GetDeflection L1 ===>> 400
GetDeflection L2 ===>> 825
GetDeflection CDD ===>> 50
GetGain H2 ===>> 0.0113
GetGain H1 ===>> 0.1
GetGain AX ===>> 0.097049
GetGain L1 ===>> 0.010355
GetGain L2 ===>> 0.095649
GetGain CDD ===>> 0
pre measurement save
New frame /Users/jan/PychronDev/data/isotopes/13/c8ec26-bc8f-4f51-b94e-1945c6324597.h5
flush and close file /Users/jan/PychronDev/data/isotopes/13/c8ec26-bc8f-4f51-b94e-1945c6324597.h5
testing...
no interpolation path defined
executed snippet estimated_duration=224.052928, duration=0.000120878219604
unknown measurement script
activate_detectors ('H2', 'H1', 'AX', 'L1', 'L2', 'CDD') {}
activate detectors
*************** Set Analysis View Ar/Ar
 - No isotope= "Ar40". Required for age calculation
 - failed assembling isotopes
 - ca37 is zero. can't calculated k/ca
 - cl38 is zero. can't calculated k/cl
create graphs
clearing graphs
clear isotope group
setting isotope det=H2, iso=PM41
setting isotope det=H1, iso=Ar40
setting isotope det=AX, iso=Ar39
setting isotope det=L1, iso=Ar38
setting isotope det=L2, iso=Ar37
setting isotope det=CDD, iso=Ar36
setting previous blanks
 - setting Ar40 blank 0.631+/-0.008
 - setting Ar36 blank 0.00625+/-0.00020
 - setting Ar37 blank 0.047+/-0.005
 - setting Ar38 blank 0.0155+/-0.0023
 - setting PM41 blank 0.02+/-0.07
 - setting Ar39 blank 0.027+/-0.009
load analysis view
position_magnet ('Ar40',) {'detector': 'H1'}
detector Detector(H1)
POSITION Ar40 H1
setting detector H2 to PM41 (40.9624)
setting detector H1 to Ar40 (39.9624)
setting detector AX to Ar39 (38.9624)
setting detector L1 to Ar38 (37.9624)
setting detector L2 to Ar37 (36.9624)
setting detector CDD to Ar36 (35.9624)
Mapping mass to dac mass func: "parabolic"
H1 map mass coeffs = [-0.00063987  0.15840543  0.57071999]
H1 map mass to dac 39.9624 >> 5.87911
GetDeflection H1 ===>> 0
GetHighVoltage ===>> 4499.94659342336
positioning Ar40 (5.87907537847) on H1
setting magnet DAC
current  : 5.879075
requested: 5.879075
Delta Dac: 0.000000
Checking detector protection. dv=0.00000
Checking detector "CDD". Protection Threshold: 0.1 (V)
SetMagnetDAC 5.87907537847 ===>> OK
Magnet settling time: 0.500
equilibrate () {'delay': 3, 'inlet': 'R', 'outlet': 'O', 'eqtime': 10.0}
Equilibration Started
10:49:29 -- ******* Equilibration Started *******
checking ownership. requestor=129.138.12.150
check software interlocks O
interlocks []
actuate state mode=None-script, software_lock=False
doing actuation None-script close_channel True
Close O ===>> OK
GetIndicatorState O ===>> False
change switch state (True, True)
update switch state O False args=() kw={} ncanvase=2
10:49:29 -- CLOSE  VALVE-O (Jan Ion Pump)
waiting 3s before opening inlet value ('R',)
update labels <pychron.experiment.plot_panel.PlotPanel object at 0x1e78af4d0>
update labels "<pychron.graph.stacked_regression_graph.StackedRegressionGraph object at 0x1e80375f0>"
setting label 0 H2 PM41
setting label 1 H1 Ar40
setting label 2 AX Ar39
setting label 3 L1 Ar38
setting label 4 L2 Ar37
setting label 5 CDD Ar36
update labels "<pychron.graph.stacked_graph.StackedGraph object at 0x1b9805d10>"
setting label 0 H2 PM41
setting label 1 H1 Ar40
setting label 2 AX Ar39
setting label 3 L1 Ar38
setting label 4 L2 Ar37
setting label 5 CDD Ar36
checking ownership. requestor=129.138.12.150
check software interlocks R
interlocks []
actuate state mode=None-script, software_lock=False
doing actuation None-script open_channel True
Open R ===>> OK
State checksums do not match. Local:1929370560 Remote:-1090100498
State checksum failed
GetIndicatorState R ===>> OK
change switch state (True, True)
update switch state R True args=() kw={} ncanvase=2
10:49:32 -- OPEN   VALVE-R (Jan Inlet)
set_time_zero () {}
equilibrating for 10.0sec
sniff (10.0,) {}
py_sniff
build tables- sniff [Detector(H2), Detector(H1), Detector(AX), Detector(L1), Detector(L2), Detector(CDD)]
add group /sniff/PM41 (Group) '' table H2
add group /sniff/Ar40 (Group) '' table H1
add group /sniff/Ar39 (Group) '' table AX
add group /sniff/Ar38 (Group) '' table L1
add group /sniff/Ar37 (Group) '' table L2
add group /sniff/Ar36 (Group) '' table CDD
flush and close file /Users/jan/PychronDev/data/isotopes/13/c8ec26-bc8f-4f51-b94e-1945c6324597.h5
measuring sniff. ncounts=10.0
"sniff" increment series count="1" fit count="0" regressing="False"
starting measurement
GetData ===>> H2,0.220934170788511,H1,131.648537604644,AX,11.9779406878271,L1,0.0384125337645616,L2,0.199579233...
GetData ===>> H2,0.870201071702634,H1,663.034039048061,AX,56.7727089431642,L1,0.412773165155409,L2,0.1880552634...
GetData ===>> H2,0.221967951868234,H1,802.876809390973,AX,66.0004220462967,L1,0.644946173910603,L2,0.0440278188...
GetData ===>> H2,-0.00257042410037329,H1,808.792507465449,AX,65.640371605454,L1,0.801875792889181,L2,0.12753726...
GetData ===>> H2,-0.00397689646103229,H1,801.684792189189,AX,64.6417144533393,L1,0.800785547603662,L2,-0.015966...
GetData ===>> H2,0.00891962119731822,H1,796.897679049172,AX,64.2533851591474,L1,0.825789211485104,L2,0.06320939...
GetData ===>> H2,-0.0116604649489084,H1,794.811828520191,AX,64.1261040320493,L1,0.812933099127018,L2,0.04208934...
GetData ===>> H2,0.00101438891123465,H1,794.341642229735,AX,63.982265285246,L1,0.797328449536163,L2,0.044723397...
GetData ===>> H2,-0.0546507131685854,H1,793.473378392336,AX,63.9249506379689,L1,0.8079977442447,L2,-0.025857750...
GetData ===>> H2,-0.0398570802252518,H1,793.272943316768,AX,63.8139361907147,L1,0.813165379030203,L2,-0.0503301...
Equilibration Finished
10:49:43 -- ******* Equilibration Finished *******
checking ownership. requestor=129.138.12.150
check software interlocks R
interlocks []
actuate state mode=None-script, software_lock=False
doing actuation None-script close_channel True
Close R ===>> OK
GetIndicatorState R ===>> False
change switch state (True, True)
update switch state R False args=() kw={} ncanvase=2
10:49:43 -- CLOSE  VALVE-R (Jan Inlet)
Post Equilibration Started jan_pump_extraction_line.py
10:49:43 -- ******* Post Equilibration Started jan_pump_extraction_line.py *******
testing...
no interpolation path defined
calculate duration
testing...
no interpolation path defined
executed snippet estimated_duration=4.0, duration=0.0001540184021
executed snippet estimated_duration=4.0, duration=0.00202298164368
Pump after analysis
doing GOSUB
testing...
no interpolation path defined
executed snippet estimated_duration=4.0, duration=0.000144004821777
Pump Microbone
close () {'description': 'Jan Inlet'}
closing name=--- desc=Jan Inlet
checking ownership. requestor=129.138.12.150
check software interlocks R
interlocks []
actuate state mode=None-script, software_lock=False
doing actuation None-script close_channel False
measurement finished
estimated time: 10.486 actual time: :10.595
flush and close file /Users/jan/PychronDev/data/isotopes/13/c8ec26-bc8f-4f51-b94e-1945c6324597.h5
set_fits () {}
using default fits file=/Users/jan/PychronDev/scripts/measurement/fits/nominal_linear.yaml
set "Ar40" to "('Linear', 'SEM')"
No fit for "PM41". defaulting to linear. check the measurement script "jan_unknown120_60.py"
set "PM41" to "linear"
set "Ar36" to "('Linear', 'SEM')"
set "Ar37" to "('linear', 'SEM')"
set "Ar38" to "('linear', 'SEM')"
set "Ar39" to "('Linear', 'SEM')"
set_baseline_fits () {}
using default fits file=/Users/jan/PychronDev/scripts/measurement/fits/nominal_linear.yaml
Close R ===>> OK
set "H1" to "('average', 'SEM')"
set "H2" to "('average', 'SEM')"
set "CDD" to "('average', 'SEM')"
set "L2" to "('average', 'SEM')"
set "L1" to "('average', 'SEM')"
set "AX" to "('average', 'SEM')"
multicollect () {'integration_time': 1, 'ncounts': 120}
build tables- signal [Detector(H2), Detector(H1), Detector(AX), Detector(L1), Detector(L2), Detector(CDD)]
add group /signal/PM41 (Group) '' table H2
add group /signal/Ar40 (Group) '' table H1
add group /signal/Ar39 (Group) '' table AX
add group /signal/Ar38 (Group) '' table L1
add group /signal/Ar37 (Group) '' table L2
add group /signal/Ar36 (Group) '' table CDD
flush and close file /Users/jan/PychronDev/data/isotopes/13/c8ec26-bc8f-4f51-b94e-1945c6324597.h5
measuring signal. ncounts=120
GetIndicatorState R ===>> False
change switch state (True, True)
update switch state R False args=() kw={} ncanvase=2
10:49:44 -- CLOSE  VALVE-R (Jan Inlet)
---------------------------------------- close None (Jan Inlet) result=[(True, True)]
action=close, ok=True, locked=[False]
is_closed ('F',) {}
is F () closed?
is closed True
open () {'description': 'CO2 Laser to Jan'}
opening name=--- desc=CO2 Laser to Jan
checking ownership. requestor=129.138.12.150
check software interlocks A
interlocks []
actuate state mode=None-script, software_lock=False
doing actuation None-script open_channel False
Open A ===>> OK
GetIndicatorState A ===>> OK
change switch state (True, True)
update switch state A True args=() kw={} ncanvase=2
10:49:44 -- OPEN   VALVE-A (CO2 Laser to Jan)
---------------------------------------- open None (CO2 Laser to Jan) result=[(True, True)], time=0.12 sec
starting measurement
GetData ===>> H2,-0.0298803827708398,H1,792.910202606426,AX,63.8864670051142,L1,0.809825289876489,L2,0.09454563...
action=open, ok=True, locked=[False]
sleep (1,) {}
SLEEP 1.0
"signal" increment series count="2" fit count="1" regressing="True"
GetData ===>> H2,-0.00249560688498234,H1,792.904816234126,AX,63.9906026766364,L1,0.833916887188121,L2,0.0063828...
close () {'description': 'CO2 Laser to Roughing'}
closing name=--- desc=CO2 Laser to Roughing
checking ownership. requestor=129.138.12.150
check software interlocks G
interlocks []
actuate state mode=None-script, software_lock=True
VALVE-G(CO2 Laser to Roughing) software locked
change switch state (True, False)
---------------------------------------- close None (CO2 Laser to Roughing) result=[(True, False)]
action=close, ok=True, locked=[True]
open () {'description': 'Microbone to Turbo'}
opening name=--- desc=Microbone to Turbo
checking ownership. requestor=129.138.12.150
check software interlocks U
interlocks []
actuate state mode=None-script, software_lock=False
doing actuation None-script open_channel True
Open U ===>> OK
GetIndicatorState U ===>> OK
change switch state (True, True)
update switch state U True args=() kw={} ncanvase=2
10:49:45 -- OPEN   VALVE-U (Microbone to Turbo)
---------------------------------------- open None (Microbone to Turbo) result=[(True, True)], time=0.17 sec
action=open, ok=True, locked=[False]
open () {'description': 'Microbone to Getter NP-10'}
opening name=--- desc=Microbone to Getter NP-10
checking ownership. requestor=129.138.12.150
check software interlocks M
interlocks []
actuate state mode=None-script, software_lock=False
doing actuation None-script open_channel False
Open M ===>> OK
GetIndicatorState M ===>> OK
change switch state (True, True)
update switch state M True args=() kw={} ncanvase=2
10:49:46 -- OPEN   VALVE-M (Microbone to Getter NP-10)
---------------------------------------- open None (Microbone to Getter NP-10) result=[(True, True)], time=0.14 sec
action=open, ok=True, locked=[False]
open () {'description': 'Microbone to Getter D-50'}
opening name=--- desc=Microbone to Getter D-50
checking ownership. requestor=129.138.12.150
check software interlocks K
interlocks []
actuate state mode=None-script, software_lock=False
doing actuation None-script open_channel False
GetData ===>> H2,-0.0424787904937251,H1,793.0332054424,AX,64.0281352981102,L1,0.848846617210597,L2,0.1271039901...
Open K ===>> OK
GetIndicatorState K ===>> OK
change switch state (True, True)
update switch state K True args=() kw={} ncanvase=2
10:49:47 -- OPEN   VALVE-K (Microbone to Getter D-50)
---------------------------------------- open None (Microbone to Getter D-50) result=[(True, True)], time=0.42 sec
action=open, ok=True, locked=[False]
open () {'description': 'Microbone to CO2 Laser'}
opening name=--- desc=Microbone to CO2 Laser
checking ownership. requestor=129.138.12.150
check software interlocks T
interlocks []
actuate state mode=None-script, software_lock=False
doing actuation None-script open_channel True
Open T ===>> OK
GetIndicatorState T ===>> OK
change switch state (True, True)
update switch state T True args=() kw={} ncanvase=2
10:49:47 -- OPEN   VALVE-T (Microbone to CO2 Laser)
---------------------------------------- open None (Microbone to CO2 Laser) result=[(True, True)], time=0.47 sec
GetData ===>> H2,-0.0559340503608783,H1,792.390433981205,AX,64.0027013260406,L1,0.83785346102146,L2,0.049718028...
action=open, ok=True, locked=[False]
open () {'description': 'Microbone to Inlet Pipette'}
opening name=--- desc=Microbone to Inlet Pipette
checking ownership. requestor=129.138.12.150
check software interlocks S
interlocks []
actuate state mode=None-script, software_lock=False
doing actuation None-script open_channel False
Open S ===>> OK
GetIndicatorState S ===>> OK
change switch state (True, True)
update switch state S True args=() kw={} ncanvase=2
10:49:48 -- OPEN   VALVE-S (Microbone to Inlet Pipette)
---------------------------------------- open None (Microbone to Inlet Pipette) result=[(True, True)], time=0.42 sec
action=open, ok=True, locked=[False]
sleep (1,) {}
SLEEP 1.0
testing H1>-5.0
evaluate ot="H1.bs>-5.0" t="H1>-5.0", ctx="{'H1': None}"
GetData ===>> H2,-0.0839699925195671,H1,792.208605745407,AX,63.7336266961658,L1,0.821851354812951,L2,0.06237682...
set_resource () {'name': 'CO2PumpTimeFlag', 'value': 30}
Set CO2PumpTimeFlag 30 ===>> OK
release ('JanCO2Flag',) {}
release JanCO2Flag
Set JanCO2Flag 0 ===>> OK
executed snippet estimated_duration=6.0, duration=5.97678780556
PumpMicrobone.py completed successfully
gosub finished
get_resource_value () {'name': 'JanMiniboneFlag'}
Read JanMiniboneFlag ===>> 1
Get Resource Value JanMiniboneFlag=1.0
get resource value 1.0
get_resource_value () {'name': 'JanMiniboneFlag'}
Read JanMiniboneFlag ===>> 1
Get Resource Value JanMiniboneFlag=1.0
doing GOSUB
testing...
no interpolation path defined
executed snippet estimated_duration=0, duration=5.07831573486e-05
Entering Pump minibone script
get_resource_value () {'name': 'JanMiniboneFlag'}
Read JanMiniboneFlag ===>> 1
Get Resource Value JanMiniboneFlag=1.0
get resource value 1.0
get_resource_value () {'name': 'JanMiniboneFlag'}
Read JanMiniboneFlag ===>> 1
Get Resource Value JanMiniboneFlag=1.0
Pump minibone
close () {'description': 'Bone to Minibone'}
closing name=--- desc=Bone to Minibone
checking ownership. requestor=129.138.12.150
check software interlocks E
interlocks []
actuate state mode=None-script, software_lock=False
doing actuation None-script close_channel False
Close E ===>> OK
GetData ===>> H2,-0.239095770689252,H1,791.873495825418,AX,63.822422720016,L1,0.846879403805605,L2,-0.038949203...
GetIndicatorState E ===>> False
change switch state (True, True)
update switch state E False args=() kw={} ncanvase=2
10:49:49 -- CLOSE  VALVE-E (Bone to Minibone)
---------------------------------------- close None (Bone to Minibone) result=[(True, True)]
action=close, ok=True, locked=[False]
open () {'description': 'Minibone to Bone'}
opening name=--- desc=Minibone to Bone
checking ownership. requestor=129.138.12.150
check software interlocks I
interlocks []
actuate state mode=None-script, software_lock=False
doing actuation None-script open_channel True
Open I ===>> OK
set states for children of I. state=True
handle state [('I', True)]
update switch state I True args=() kw={'refresh': False} ncanvase=2
refresh_canvas_needed fired
GetIndicatorState I ===>> OK
change switch state (True, True)
update switch state I True args=() kw={} ncanvase=2
10:49:50 -- OPEN   VALVE-I (Minibone to Bone)
---------------------------------------- open None (Minibone to Bone) result=[(True, True)], time=0.42 sec
action=open, ok=True, locked=[False]
close () {'description': 'Microbone to Minibone'}
closing name=--- desc=Microbone to Minibone
checking ownership. requestor=129.138.12.150
check software interlocks L
interlocks []
actuate state mode=None-script, software_lock=False
doing actuation None-script close_channel False
GetData ===>> H2,-0.205734665860467,H1,791.351713348293,AX,63.7563472493849,L1,0.866808165920736,L2,0.106856318...
Close L ===>> OK
GetIndicatorState L ===>> False
change switch state (True, True)
update switch state L False args=() kw={} ncanvase=2
10:49:51 -- CLOSE  VALVE-L (Microbone to Minibone)
---------------------------------------- close None (Microbone to Minibone) result=[(True, True)]
action=close, ok=True, locked=[False]
sleep () {'duration': 1.0}
SLEEP 1.0
GetData ===>> H2,-0.169836080340322,H1,791.629823284426,AX,63.7882951637944,L1,0.835800864993169,L2,0.170475324...
open () {'description': 'Minibone to Turbo'}
opening name=--- desc=Minibone to Turbo
checking ownership. requestor=129.138.12.150
check software interlocks P
interlocks []
actuate state mode=None-script, software_lock=False
doing actuation None-script open_channel True
Open P ===>> OK
set states for children of P. state=True
handle state [('P', True)]
update switch state P True args=() kw={'refresh': False} ncanvase=2
refresh_canvas_needed fired
GetIndicatorState P ===>> OK
change switch state (True, True)
update switch state P True args=() kw={} ncanvase=2
10:49:52 -- OPEN   VALVE-P (Minibone to Turbo)
---------------------------------------- open None (Minibone to Turbo) result=[(True, True)], time=0.18 sec
action=open, ok=True, locked=[False]
open () {'description': 'Quad Inlet'}
opening name=--- desc=Quad Inlet
checking ownership. requestor=129.138.12.150
check software interlocks Q
interlocks []
actuate state mode=None-script, software_lock=False
doing actuation None-script open_channel True
GetData ===>> H2,-0.146515460374447,H1,790.938434273756,AX,63.8013691418812,L1,0.829096255295589,L2,-0.04303920...
Open Q ===>> OK
GetIndicatorState Q ===>> OK
change switch state (True, True)
update switch state Q True args=() kw={} ncanvase=2
10:49:53 -- OPEN   VALVE-Q (Quad Inlet)
---------------------------------------- open None (Quad Inlet) result=[(True, True)], time=0.16 sec
action=open, ok=True, locked=[False]
set_resource () {'name': 'MinibonePumpTimeFlag', 'value': 30}
Set MinibonePumpTimeFlag 30 ===>> OK
sleep () {'duration': 15.0}
SLEEP 15.0
block started
WaitControl setup for 15.0  
testing H1>-5.0
evaluate ot="H1.bs>-5.0" t="H1>-5.0", ctx="{'H1': None}"
GetData ===>> H2,-0.190114529569681,H1,791.026574341963,AX,63.7017494265008,L1,0.810824083429355,L2,0.003772693...
GetData ===>> H2,-0.263255734785108,H1,790.277348499004,AX,63.6411523850949,L1,0.832250600196102,L2,0.007967282...
GetData ===>> H2,-0.155037408799908,H1,790.131136610226,AX,63.7964258215242,L1,0.811796750172501,L2,-0.03703516...
GetData ===>> H2,-0.142940527776598,H1,789.728429352136,AX,63.6120032661799,L1,0.793275440960257,L2,-0.00741957...
GetData ===>> H2,-0.1630899590808,H1,789.293073143192,AX,63.7514364390901,L1,0.80563264458275,L2,0.041906905254...
testing H1>-5.0
evaluate ot="H1.bs>-5.0" t="H1>-5.0", ctx="{'H1': None}"
GetData ===>> H2,-0.118603060966718,H1,789.053053868233,AX,63.6572380048796,L1,0.802722869586518,L2,0.100803369...
GetData ===>> H2,-0.154326694395324,H1,788.462280717438,AX,63.5703840656514,L1,0.819720059053538,L2,-0.02765807...
GetData ===>> H2,-0.133397804716869,H1,788.402654771905,AX,63.3848373334639,L1,0.798242499014923,L2,0.067406594...
GetData ===>> H2,-0.122697550589981,H1,788.292303687226,AX,63.6036321904122,L1,0.793383985915187,L2,0.081074099...
GetData ===>> H2,-0.0609330734387693,H1,787.99514732239,AX,63.6256382019256,L1,0.812692082951186,L2,0.019913750...
testing H1>-5.0
evaluate ot="H1.bs>-5.0" t="H1>-5.0", ctx="{'H1': None}"
GetData ===>> H2,-0.00225482815335091,H1,787.673342193759,AX,63.6194515176933,L1,0.782077656548668,L2,0.0991733...
GetData ===>> H2,-0.0828403169429529,H1,787.226029771791,AX,63.3897873609247,L1,0.824812415131546,L2,-0.0726209...
GetData ===>> H2,-0.218846366006305,H1,787.015349043436,AX,63.4825047839924,L1,0.843129838560265,L2,-0.02654142...
GetData ===>> H2,-0.237833755111492,H1,786.866092165341,AX,63.472643953088,L1,0.80625413355258,L2,0.00590416005...
Join finished
block finished. duration 15.0481619835
close () {'description': 'Outer Pipette 1'}
closing name=--- desc=Outer Pipette 1
checking ownership. requestor=129.138.12.150
check software interlocks W
interlocks ['X']
actuate state mode=None-script, software_lock=False
doing actuation None-script close_channel True
Close W ===>> OK
GetIndicatorState W ===>> False
change switch state (True, True)
update switch state W False args=() kw={} ncanvase=2
10:50:08 -- CLOSE  VALVE-W (Outer Pipette 1)
---------------------------------------- close None (Outer Pipette 1) result=[(True, True)]
GetData ===>> H2,-0.184478875568792,H1,786.603246924077,AX,63.3151374643974,L1,0.769171150467118,L2,0.052968100...
action=close, ok=True, locked=[False]
close () {'description': 'Outer Pipette 2'}
closing name=--- desc=Outer Pipette 2
checking ownership. requestor=129.138.12.150
check software interlocks Y
interlocks ['Z']
actuate state mode=None-script, software_lock=False
doing actuation None-script close_channel False
Close Y ===>> OK
GetIndicatorState Y ===>> False
change switch state (True, True)
update switch state Y False args=() kw={} ncanvase=2
10:50:09 -- CLOSE  VALVE-Y (Outer Pipette 2)
---------------------------------------- close None (Outer Pipette 2) result=[(True, True)]
action=close, ok=True, locked=[False]
release ('JanMiniboneFlag',) {}
release JanMiniboneFlag
Set JanMiniboneFlag 0 ===>> OK
executed snippet estimated_duration=16.0, duration=19.687212944
PumpMinibone.py completed successfully
gosub finished
executed snippet estimated_duration=4.0, duration=25.7001180649
jan_pump_extraction_line.py completed successfully
Post Equilibration Finished
10:50:09 -- ******* Post Equilibration Finished *******
testing H1>-5.0
evaluate ot="H1.bs>-5.0" t="H1>-5.0", ctx="{'H1': None}"
10:50:09 -- collecting point 25
GetData ===>> H2,-0.0724146455421439,H1,785.707979418527,AX,63.2381769014912,L1,0.789554402255053,L2,-0.0103143...
GetData ===>> H2,-0.143195917480335,H1,785.917408233251,AX,63.4178001001416,L1,0.789417211903648,L2,-0.00328246...
GetData ===>> H2,-0.140414697709862,H1,785.159887228069,AX,63.4778742532006,L1,0.77090065901091,L2,0.0209055572...
GetData ===>> H2,-0.114796715559408,H1,785.401514256197,AX,63.4207062702982,L1,0.801780984444828,L2,-0.00477549...
GetData ===>> H2,-0.0326741410576993,H1,785.15143132331,AX,63.2201538328415,L1,0.826211435524742,L2,0.031394253...
testing H1>-5.0
evaluate ot="H1.bs>-5.0" t="H1>-5.0", ctx="{'H1': None}"
GetData ===>> H2,-0.0642437514944022,H1,784.128241808405,AX,63.2843139111314,L1,0.871434192651869,L2,0.01669900...
GetData ===>> H2,-0.129408939526858,H1,783.725681570042,AX,63.1682166640669,L1,0.84039258952881,L2,0.1083838648...
GetData ===>> H2,-0.144259303783703,H1,783.672437477096,AX,63.234335456539,L1,0.83722876967838,L2,0.10523760153...
GetData ===>> H2,-0.159206216035842,H1,783.773007974396,AX,63.1433678732511,L1,0.79703542191733,L2,0.0899523375...
GetData ===>> H2,-0.098315653915409,H1,783.322083504854,AX,63.1465639860921,L1,0.800087051937422,L2,0.035111176...
testing H1>-5.0
evaluate ot="H1.bs>-5.0" t="H1>-5.0", ctx="{'H1': None}"
GetData ===>> H2,-0.0845117635287718,H1,783.018060313896,AX,63.2322918544553,L1,0.788379612216144,L2,-0.0986982...
GetData ===>> H2,-0.0211792235956817,H1,782.773310696403,AX,63.1697689119751,L1,0.801621309005212,L2,0.17056658...
GetData ===>> H2,0.0617441483166122,H1,782.419102126312,AX,62.8565979106578,L1,0.856615565058567,L2,-0.06290568...
GetData ===>> H2,-0.0646720899211636,H1,782.265267088373,AX,62.9277765006789,L1,0.819581483650911,L2,0.10915904...
GetData ===>> H2,-0.0648089921577993,H1,782.059721867915,AX,62.9770782200342,L1,0.814087056499181,L2,0.01021283...
testing H1>-5.0
evaluate ot="H1.bs>-5.0" t="H1>-5.0", ctx="{'H1': None}"
GetData ===>> H2,-0.133324773764462,H1,781.725135359758,AX,63.0571949021205,L1,0.81415449949749,L2,-0.003396436...
GetData ===>> H2,-0.21162641183485,H1,781.613012944047,AX,63.0096477941623,L1,0.804016696294145,L2,-0.000945999...
GetData ===>> H2,-0.132006078475911,H1,781.508888958427,AX,62.981209304846,L1,0.801461636000494,L2,0.1015898894...
GetData ===>> H2,-0.13283924122265,H1,780.799160470015,AX,63.015173841352,L1,0.769169904526633,L2,0.04520232347...
GetData ===>> H2,-0.105717099459482,H1,780.034870186819,AX,62.995879757494,L1,0.782390483100117,L2,0.0742046179...
testing H1>-5.0
evaluate ot="H1.bs>-5.0" t="H1>-5.0", ctx="{'H1': None}"
GetData ===>> H2,-0.104991786826757,H1,780.271388177081,AX,62.8515196141819,L1,0.76333928375698,L2,0.0806068465...
GetData ===>> H2,-0.132616078628399,H1,780.064664307627,AX,62.837129638332,L1,0.778001795926194,L2,-0.018120531...
GetData ===>> H2,-0.170695591561407,H1,779.362469010949,AX,62.7637614900036,L1,0.744472211694559,L2,0.055191897...
GetData ===>> H2,-0.16785504317579,H1,779.548580626912,AX,62.7322364094353,L1,0.792741466077456,L2,0.0553857690...
GetData ===>> H2,-0.17294458468497,H1,779.216867880646,AX,62.8530231372835,L1,0.809918922726673,L2,0.0788062348...
testing H1>-5.0
evaluate ot="H1.bs>-5.0" t="H1>-5.0", ctx="{'H1': None}"
10:50:36 -- collecting point 50
GetData ===>> H2,-0.128699320724168,H1,778.609195742647,AX,62.8257783400773,L1,0.794404613070068,L2,0.090750165...
GetData ===>> H2,-0.142570270057255,H1,778.472059819709,AX,62.6583399844413,L1,0.805456687537258,L2,-0.06554815...
GetData ===>> H2,-0.132966374313878,H1,778.404995574905,AX,62.6860595879378,L1,0.808671801830444,L2,0.053526895...
GetData ===>> H2,-0.214170513728878,H1,777.767890523093,AX,62.70909225147,L1,0.809827786741637,L2,0.12092434786...
GetData ===>> H2,-0.201084311598148,H1,777.081926298205,AX,62.7169445410178,L1,0.773646280602997,L2,-0.01298103...
testing H1>-5.0
evaluate ot="H1.bs>-5.0" t="H1>-5.0", ctx="{'H1': None}"
GetData ===>> H2,-0.243079949432326,H1,777.122526805023,AX,62.6671550293781,L1,0.782353092980236,L2,-0.00156146...
GetData ===>> H2,-0.271273712163015,H1,777.052628458406,AX,62.5820713999202,L1,0.779511834834227,L2,-0.06000115...
GetData ===>> H2,-0.210071924941418,H1,776.62100260511,AX,62.6787151513473,L1,0.780539832565038,L2,-0.037923828...
GetData ===>> H2,-0.216578061726789,H1,776.516500037222,AX,62.6544462264544,L1,0.789827541127617,L2,-0.02041099...
GetData ===>> H2,-0.277767253547551,H1,775.874214443104,AX,62.6294768550496,L1,0.792424587321482,L2,0.087262566...
testing H1>-5.0
evaluate ot="H1.bs>-5.0" t="H1>-5.0", ctx="{'H1': None}"
GetData ===>> H2,-0.108662529499968,H1,775.642498791848,AX,62.6575428275445,L1,0.801109865003058,L2,-0.03734277...
GetData ===>> H2,-0.0352160425642441,H1,775.168442258257,AX,62.5679054817063,L1,0.823533474145128,L2,0.14433384...
GetData ===>> H2,-0.109441586637222,H1,775.840999252486,AX,62.6219517394849,L1,0.814953368895094,L2,0.092345841...
GetData ===>> H2,-0.148375438719786,H1,775.212858297989,AX,62.3919654063713,L1,0.787499229704029,L2,-0.02901399...
GetData ===>> H2,-0.145868381128624,H1,774.917971180573,AX,62.4326413181085,L1,0.817943686175205,L2,0.019583151...
testing H1>-5.0
evaluate ot="H1.bs>-5.0" t="H1>-5.0", ctx="{'H1': None}"
GetData ===>> H2,-0.17874999290861,H1,774.697393336628,AX,62.4421670528588,L1,0.761685728338928,L2,-0.007613320...
GetData ===>> H2,-0.0841704508014775,H1,774.318301181937,AX,62.5364210305378,L1,0.776758544696241,L2,0.09729260...
GetData ===>> H2,0.0287096538370878,H1,773.426324767436,AX,62.5693618623833,L1,0.779306247411025,L2,0.063038321...
GetData ===>> H2,-0.00630929970521238,H1,772.885888132791,AX,62.4604241312718,L1,0.801210904398975,L2,-0.006792...
GetData ===>> H2,-0.145467146432873,H1,772.870750928659,AX,62.4656168443908,L1,0.799787710915963,L2,-0.02772644...
testing H1>-5.0
evaluate ot="H1.bs>-5.0" t="H1>-5.0", ctx="{'H1': None}"
GetData ===>> H2,-0.229283686313694,H1,772.743292311523,AX,62.3240072253068,L1,0.818617748653891,L2,-0.04356325...
GetData ===>> H2,-0.19712798382937,H1,772.362938737176,AX,62.3979251394587,L1,0.779108139717091,L2,0.0428077176...
GetData ===>> H2,-0.152722694144411,H1,772.263341163238,AX,62.4318196725098,L1,0.76512636403728,L2,0.0753338665...
GetData ===>> H2,-0.105435640354136,H1,771.762385093843,AX,62.343041695241,L1,0.780833920803345,L2,0.0442786826...
GetData ===>> H2,-0.157864962216812,H1,771.746454018413,AX,62.2615486461608,L1,0.817988622324907,L2,-0.11117978...
testing H1>-5.0
evaluate ot="H1.bs>-5.0" t="H1>-5.0", ctx="{'H1': None}"
10:51:02 -- collecting point 75
GetData ===>> H2,-0.0926503187983276,H1,771.447198859244,AX,62.322261646758,L1,0.791351761973067,L2,0.046958405...
GetData ===>> H2,-0.110722390676069,H1,770.787145828129,AX,62.331204159209,L1,0.792669107091106,L2,0.0270732274...
GetData ===>> H2,-0.110165949159866,H1,770.546140705982,AX,62.1922533615511,L1,0.808535738564241,L2,0.018990354...
GetData ===>> H2,-0.0328914197565377,H1,770.393371513852,AX,62.2783390594552,L1,0.777304161808566,L2,0.06140739...
GetData ===>> H2,-0.150191898664068,H1,770.45606827202,AX,62.2940600588564,L1,0.824266597986982,L2,0.0640876009...
testing H1>-5.0
evaluate ot="H1.bs>-5.0" t="H1>-5.0", ctx="{'H1': None}"
GetData ===>> H2,-0.131277010885891,H1,770.215487739636,AX,62.3014696485785,L1,0.79842207609528,L2,0.0021997699...
GetData ===>> H2,-0.169983159883844,H1,769.562446938553,AX,62.1975039487217,L1,0.793839387936638,L2,0.041690255...
GetData ===>> H2,-0.330929859920053,H1,768.740588921985,AX,62.1821048758076,L1,0.806668480021886,L2,0.023288214...
GetData ===>> H2,-0.254066841981435,H1,768.785110388091,AX,62.0653860835876,L1,0.816457157186856,L2,0.091661977...
GetData ===>> H2,-0.26069119883388,H1,768.319192469944,AX,61.9433855782515,L1,0.798080383462917,L2,0.0566174350...
testing H1>-5.0
evaluate ot="H1.bs>-5.0" t="H1>-5.0", ctx="{'H1': None}"
GetData ===>> H2,-0.0846377215900403,H1,768.551737522629,AX,61.9625439873955,L1,0.807708162454871,L2,0.05530593...
GetData ===>> H2,-0.0408491129835531,H1,768.296910627408,AX,61.8074773689694,L1,0.7847538098172,L2,-0.015636284...
GetData ===>> H2,-0.176113949235125,H1,768.060018914159,AX,62.1090533244728,L1,0.756139263687689,L2,-0.01106646...
GetData ===>> H2,-0.126036164952202,H1,767.928618442697,AX,62.0107049263777,L1,0.764350472140979,L2,-0.07446598...
GetData ===>> H2,-0.102033222471832,H1,767.164212649903,AX,62.0352741189013,L1,0.774334356854113,L2,-0.00339643...
testing H1>-5.0
evaluate ot="H1.bs>-5.0" t="H1>-5.0", ctx="{'H1': None}"
GetData ===>> H2,-0.0343511536069155,H1,766.831065288959,AX,62.0330862603273,L1,0.810010059504612,L2,0.02406344...
GetData ===>> H2,-0.156011528581431,H1,766.686347647014,AX,61.9410463994285,L1,0.756339612074672,L2,0.036536414...
GetData ===>> H2,-0.150521396274003,H1,766.300094548663,AX,61.6442477925208,L1,0.778199882666509,L2,0.088060371...
GetData ===>> H2,-0.0692049277020254,H1,766.321118751056,AX,61.7510317344542,L1,0.757117398429292,L2,0.00818385...
GetData ===>> H2,-0.151486877162925,H1,765.769251329728,AX,61.7995606467042,L1,0.767804443006345,L2,0.003715703...
testing H1>-5.0
evaluate ot="H1.bs>-5.0" t="H1>-5.0", ctx="{'H1': None}"
GetData ===>> H2,-0.0715712839464262,H1,764.725660348051,AX,61.9754198007815,L1,0.814762755039823,L2,-0.0285696...
GetData ===>> H2,-0.0750622862163279,H1,764.727098198475,AX,61.7606871576242,L1,0.784975710731689,L2,-0.1012713...
GetData ===>> H2,-0.125404756693098,H1,764.956521782143,AX,61.9148443955711,L1,0.772596802212575,L2,0.005778778...
GetData ===>> H2,-0.14706794766829,H1,764.488983523115,AX,61.9126891596929,L1,0.767855520016538,L2,0.0758699791...
GetData ===>> H2,-0.144457917620507,H1,764.311767473893,AX,61.8111149457657,L1,0.749250931854991,L2,0.026651396...
testing H1>-5.0
evaluate ot="H1.bs>-5.0" t="H1>-5.0", ctx="{'H1': None}"
10:51:28 -- collecting point 100
GetData ===>> H2,-0.0684237186818514,H1,764.2499725548,AX,61.7901468022976,L1,0.786352100177226,L2,0.1671901392...
GetData ===>> H2,-0.156854527226849,H1,763.831252586856,AX,61.7102028337452,L1,0.79371337059996,L2,-0.069671188...
GetData ===>> H2,-0.177052089381082,H1,763.602002477919,AX,61.7261021055787,L1,0.744229600642644,L2,-0.00585820...
GetData ===>> H2,-0.15774609218739,H1,763.24465792214,AX,61.7587774039022,L1,0.812899381504591,L2,0.04844083812...
GetData ===>> H2,-0.195556665514321,H1,762.961917531407,AX,61.6935114838032,L1,0.813427636723408,L2,0.078190843...
testing H1>-5.0
evaluate ot="H1.bs>-5.0" t="H1>-5.0", ctx="{'H1': None}"
GetData ===>> H2,-0.0725014187507981,H1,762.986200879515,AX,61.5483243094545,L1,0.797572853312813,L2,-0.0517882...
GetData ===>> H2,-0.194061457328965,H1,761.872680228769,AX,61.7168922006292,L1,0.76721396105641,L2,0.0409832962...
GetData ===>> H2,-0.182428360423799,H1,761.540515762673,AX,61.6228183474815,L1,0.781944303053825,L2,0.053880421...
GetData ===>> H2,-0.115135048898864,H1,761.329006568021,AX,61.4516355965652,L1,0.823504749723298,L2,0.017724973...
GetData ===>> H2,-0.103520721438476,H1,760.795380668848,AX,61.4748380140776,L1,0.788213755457157,L2,-0.04955549...
testing H1>-5.0
evaluate ot="H1.bs>-5.0" t="H1>-5.0", ctx="{'H1': None}"
GetData ===>> H2,-0.145806237963435,H1,760.421743686042,AX,61.512856002731,L1,0.779209062035717,L2,0.0954574869...
GetData ===>> H2,-0.150914350165942,H1,760.368789452337,AX,61.5140004806397,L1,0.753928478907241,L2,0.031166226...
GetData ===>> H2,-0.150914350165942,H1,760.368789452337,AX,61.5140004806397,L1,0.753928478907241,L2,0.031166226...
GetData ===>> H2,-0.126009124633196,H1,760.177514560728,AX,61.4842575633758,L1,0.792505677428317,L2,-0.03878970...
GetData ===>> H2,-0.198592552729492,H1,759.800743743127,AX,61.4201664033954,L1,0.796173843539338,L2,0.018203764...
testing H1>-5.0
evaluate ot="H1.bs>-5.0" t="H1>-5.0", ctx="{'H1': None}"
GetData ===>> H2,-0.146073721339676,H1,759.145013390659,AX,61.4350759154935,L1,0.778624722854756,L2,0.002712676...
GetData ===>> H2,-0.0824596695586789,H1,759.584301207412,AX,61.4253852981805,L1,0.798326051856642,L2,0.11424348...
GetData ===>> H2,-0.192954892752548,H1,759.132262786234,AX,61.272380445879,L1,0.773788379597465,L2,-0.042116405...
GetData ===>> H2,-0.180542098184248,H1,758.902498238872,AX,61.3702314208168,L1,0.747990083178756,L2,-0.02994831...
GetData ===>> H2,-0.0998821630106646,H1,758.650466442588,AX,61.2618105327013,L1,0.805321913927302,L2,0.01708658...
testing H1>-5.0
evaluate ot="H1.bs>-5.0" t="H1>-5.0", ctx="{'H1': None}"
GetData ===>> H2,-0.0768094186573313,H1,757.821303600596,AX,61.3649995205639,L1,0.806702177594065,L2,0.04857767...
measurement finished
estimated time: 125.829 actual time: :126.450
flush and close file /Users/jan/PychronDev/data/isotopes/13/c8ec26-bc8f-4f51-b94e-1945c6324597.h5
baselines () {'settling_time': 15.0, 'detector': 'H1', 'mass': 34.2, 'ncounts': 60}
%%%%%%%%%%%%%%%%%%%%%%%%%%%%%%%% Baseline
build tables- baseline [Detector(H2), Detector(H1), Detector(AX), Detector(L1), Detector(L2), Detector(CDD)]
add group baseline table H2
add group baseline table H1
add group baseline table AX
add group baseline table L1
add group baseline table L2
add group baseline table CDD
flush and close file /Users/jan/PychronDev/data/isotopes/13/c8ec26-bc8f-4f51-b94e-1945c6324597.h5
detector Detector(H1)
POSITION 34.2 H1
Mapping mass to dac mass func: "parabolic"
H1 map mass coeffs = [-0.00063987  0.15840543  0.57071999]
H1 map mass to dac 34.2 >> 5.23976599104
GetDeflection H1 ===>> 0
GetHighVoltage ===>> 4499.94659342336
positioning 34.2 (5.23973513455) on H1
setting magnet DAC
current  : 5.879075
requested: 5.239735
Delta Dac: 0.639340
Checking detector protection. dv=0.63934
Checking detector "CDD". Protection Threshold: 0.1 (V)
ProtectDetector CDD,On ===>> OK
GetDeflection CDD ===>> 2000
Protected = 2000
SetMagnetDAC 5.23973513455 ===>> OK
Magnet settling time: 0.500
GetMagnetMoving ===>> True
GetMagnetMoving ===>> True
GetMagnetMoving ===>> True
GetMagnetMoving ===>> True
GetMagnetMoving ===>> True
GetMagnetMoving ===>> True
GetMagnetMoving ===>> True
GetMagnetMoving ===>> True
GetMagnetMoving ===>> False
ProtectDetector CDD,Off ===>> OK
GetDeflection CDD ===>> 50
Delaying 15.0s for detectors to settle
Join finished
measuring baseline. ncounts=60
"baseline" increment series count="2" fit count="1" regressing="True"
starting measurement
GetData ===>> H2,-0.205350578599606,H1,-0.0809768285994881,AX,0.0347045243163576,L1,-0.035011526705128,L2,0.026...
GetData ===>> H2,-0.158124310681,H1,-0.0833486686613981,AX,-0.0683737741135616,L1,-0.0166133284306419,L2,-0.020...
GetData ===>> H2,-0.176246238451599,H1,-0.0850411030764996,AX,-0.116842091849709,L1,-0.0213113111345474,L2,-0.0...
GetData ===>> H2,-0.141232376825011,H1,-0.0130993132576361,AX,-0.130907522450787,L1,-0.0164742020865872,L2,-0.0...
testing H1>-5.0
evaluate ot="H1.bs>-5.0" t="H1>-5.0", ctx="{'H1': None}"
GetData ===>> H2,-0.129508958418753,H1,-0.0460840213971856,AX,-0.144461122567041,L1,-0.0287650648679996,L2,0.08...
GetData ===>> H2,-0.0816468566925529,H1,-0.0575772223627034,AX,-0.124813524611705,L1,-0.0552654840413758,L2,-0....
GetData ===>> H2,-0.11979896150901,H1,-0.0579467950943212,AX,0.0385574329076579,L1,-0.0113722893290495,L2,0.032...
GetData ===>> H2,-0.110149702282645,H1,-0.00448763265408196,AX,-0.0175615923122742,L1,-0.0191592406669183,L2,-0...
GetData ===>> H2,-0.246410236286296,H1,-0.00319939511965723,AX,-0.0934801781827595,L1,-0.00184567391112518,L2,-...
testing H1>-5.0
evaluate ot="H1.bs>-5.0" t="H1>-5.0", ctx="{'H1': None}"
GetData ===>> H2,-0.299012153546557,H1,0.0699471996628677,AX,-0.045603178642358,L1,-0.0374690231121879,L2,-0.04...
GetData ===>> H2,-0.212027795745226,H1,-0.00242405898200888,AX,-0.0708429736453316,L1,-0.0350067333410871,L2,-0...
GetData ===>> H2,-0.175858815667934,H1,-0.0207680948620446,AX,-0.0171556374033681,L1,-0.032316237085654,L2,-0.0...
GetData ===>> H2,-0.184936143758831,H1,-0.00117158022712154,AX,-0.0798266216295302,L1,-0.0506113962841476,L2,-0...
GetData ===>> H2,-0.188532945822317,H1,-0.0723948269872874,AX,0.0109405554825391,L1,-0.0394396185478105,L2,-0.0...
testing H1>-5.0
evaluate ot="H1.bs>-5.0" t="H1>-5.0", ctx="{'H1': None}"
GetData ===>> H2,-0.240412320382389,H1,-0.0198855589350398,AX,-0.051365895029239,L1,-0.0344027511848773,L2,0.00...
GetData ===>> H2,-0.19712124044018,H1,-0.0104872612739946,AX,-0.0185706728934958,L1,-0.0220916975939642,L2,0.01...
GetData ===>> H2,-0.290669235815692,H1,-0.045154015877613,AX,-0.0179559468882151,L1,-0.0610266872532842,L2,-0.1...
GetData ===>> H2,-0.347665601304062,H1,0.0484391796322427,AX,-0.0377412164251699,L1,-0.0487076132608302,L2,-0.0...
GetData ===>> H2,-0.231230021530405,H1,0.0539768741224524,AX,-0.10534724809665,L1,-0.0544897310166443,L2,-0.133...
testing H1>-5.0
evaluate ot="H1.bs>-5.0" t="H1>-5.0", ctx="{'H1': None}"
GetData ===>> H2,-0.342777084539351,H1,-0.00189921264948085,AX,-0.227338724361258,L1,-0.00311633028854404,L2,-0...
GetData ===>> H2,-0.29052959775852,H1,-0.0160571711041556,AX,-0.208743479462175,L1,0.000768134808839986,L2,-0.0...
GetData ===>> H2,-0.177648679090113,H1,-0.0209350602431655,AX,-0.196240377859934,L1,-0.0320647619381668,L2,-0.0...
GetData ===>> H2,-0.238621882929205,H1,0.0355986356089356,AX,-0.119669244499189,L1,-0.0754801571761636,L2,-0.05...
GetData ===>> H2,-0.204795313607063,H1,0.0139906199745578,AX,-0.167496848128791,L1,-0.0300910623947714,L2,-0.01...
testing H1>-5.0
evaluate ot="H1.bs>-5.0" t="H1>-5.0", ctx="{'H1': None}"
10:52:34 -- collecting point 25
GetData ===>> H2,-0.206355916239157,H1,-0.0407542572262941,AX,-0.0838023455825368,L1,-0.0459176980915645,L2,-0....
GetData ===>> H2,-0.164360394125728,H1,0.0334030197223669,AX,-0.0768360283351152,L1,0.0128114346872497,L2,0.079...
GetData ===>> H2,-0.139779435232478,H1,-0.00581163728814431,AX,-0.0847991488572876,L1,0.0131968058986806,L2,-0....
GetData ===>> H2,-0.111737724643897,H1,-0.0112386804724583,AX,-0.0656842460541643,L1,-0.0237601549374287,L2,-0....
GetData ===>> H2,-0.197861640567445,H1,-0.0106423164911494,AX,-0.122589004433274,L1,0.0158804065786907,L2,-0.01...
testing H1>-5.0
evaluate ot="H1.bs>-5.0" t="H1>-5.0", ctx="{'H1': None}"
GetData ===>> H2,-0.289707846443407,H1,-0.0159140509626841,AX,-0.0243117943535524,L1,-0.0152795553380264,L2,0.0...
GetData ===>> H2,-0.138433101836791,H1,-0.080166337699805,AX,-0.157944698037977,L1,0.00282197469596358,L2,-0.01...
GetData ===>> H2,-0.283975404199151,H1,0.0663184416848541,AX,-0.17267826522267,L1,0.0157194904697676,L2,-0.0208...
GetData ===>> H2,-0.264149890532517,H1,0.00308696476507571,AX,-0.138860773574648,L1,-0.00597382137220936,L2,-0....
GetData ===>> H2,-0.232359172978242,H1,-0.0874128467992506,AX,-0.0684317372620254,L1,-0.049759465077802,L2,-0.0...
testing H1>-5.0
evaluate ot="H1.bs>-5.0" t="H1>-5.0", ctx="{'H1': None}"
GetData ===>> H2,-0.236576006538401,H1,0.0268045291780041,AX,-0.101511468781244,L1,0.0101022469281759,L2,-0.149...
GetData ===>> H2,-0.268112903596756,H1,-0.0129919699986434,AX,-0.0430869560086867,L1,-0.0211542675251941,L2,0.0...
GetData ===>> H2,-0.153233512451053,H1,0.0631672585456712,AX,0.02482924104719,L1,-0.0665191306039428,L2,-0.1128...
GetData ===>> H2,-0.353773085497518,H1,0.0019656496327737,AX,0.0660745484699254,L1,-0.0164574108460005,L2,-0.07...
GetData ===>> H2,-0.321652896864739,H1,0.0224972500691536,AX,-0.033357722781372,L1,0.00967858958896586,L2,-0.06...
testing H1>-5.0
evaluate ot="H1.bs>-5.0" t="H1>-5.0", ctx="{'H1': None}"
GetData ===>> H2,-0.205833044007923,H1,-0.0599734600029265,AX,-0.107398342954912,L1,-0.0584361106059046,L2,-0.0...
GetData ===>> H2,-0.240265595960946,H1,-0.0125745228970463,AX,-0.165027753609323,L1,-0.030276712050165,L2,-0.06...
GetData ===>> H2,-0.247448815709361,H1,0.00133342429784484,AX,-0.0533717504478437,L1,0.00609081828056393,L2,0.0...
GetData ===>> H2,-0.263281283075719,H1,-0.0827884904015306,AX,-0.0722804130615732,L1,0.0372330632619106,L2,0.01...
GetData ===>> H2,-0.251356085608517,H1,-0.0184305502812563,AX,-0.115787681916273,L1,-0.0165881419075123,L2,-0.0...
testing H1>-5.0
evaluate ot="H1.bs>-5.0" t="H1>-5.0", ctx="{'H1': None}"
GetData ===>> H2,-0.249879417619817,H1,-0.00638417440870216,AX,-0.0614295390781972,L1,-0.0122401867923277,L2,-0...
GetData ===>> H2,-0.180896976953442,H1,0.00283645710335025,AX,-0.0220385827180238,L1,-0.00739986427082855,L2,-0...
GetData ===>> H2,-0.320323283249177,H1,-0.0668995755331413,AX,-0.0894700793182818,L1,-0.00780281371449953,L2,0....
GetData ===>> H2,-0.253504843811499,H1,-0.00542994405512405,AX,-0.109646385952718,L1,-0.00977655326132142,L2,-0...
GetData ===>> H2,-0.110381218089105,H1,0.00911126639235884,AX,-0.058983288170938,L1,-0.0456818782469583,L2,-0.0...
testing H1>-5.0
evaluate ot="H1.bs>-5.0" t="H1>-5.0", ctx="{'H1': None}"
10:53:00 -- collecting point 50
GetData ===>> H2,-0.169470397235781,H1,-0.0307497500118491,AX,-0.0385529528411261,L1,-0.0255086217649859,L2,-0....
GetData ===>> H2,-0.145663037199311,H1,-0.0855774319530543,AX,-0.0619164631997905,L1,0.0416089787052603,L2,-0.0...
GetData ===>> H2,-0.217626927608559,H1,0.0370425179522239,AX,-0.161144309113571,L1,0.00903893676675442,L2,-0.01...
GetData ===>> H2,-0.15190545171829,H1,0.0341786393992074,AX,-0.0590180694204599,L1,-0.0324144304357099,L2,-0.05...
GetData ===>> H2,-0.104288081059802,H1,0.0638237468551186,AX,-0.120445538430925,L1,-0.0562123482653626,L2,0.028...
testing H1>-5.0
evaluate ot="H1.bs>-5.0" t="H1>-5.0", ctx="{'H1': None}"
GetData ===>> H2,-0.0474621652540998,H1,0.0231534717622719,AX,-0.0119360663107233,L1,-0.0365021520417537,L2,-0....
GetData ===>> H2,-0.212872271742043,H1,0.0033494020354798,AX,-0.0358278109416644,L1,0.000138022436303925,L2,0.0...
GetData ===>> H2,-0.197403110681126,H1,-0.00620525691028535,AX,-0.22058460119613,L1,-0.00542086056757095,L2,0.0...
GetData ===>> H2,-0.326737538284941,H1,-0.0187644885637493,AX,-0.0611281086390303,L1,-0.0399738289164464,L2,-0....
GetData ===>> H2,-0.298818951216424,H1,-0.0746238342770987,AX,-0.137063491787037,L1,-0.0728881313297904,L2,-0.0...
testing H1>-5.0
evaluate ot="H1.bs>-5.0" t="H1>-5.0", ctx="{'H1': None}"
GetData ===>> H2,-0.202479618632084,H1,0.0281886249651421,AX,-0.0444320416390286,L1,-0.0443997354427211,L2,-0.0...
measurement finished
estimated time: 62.915 actual time: :63.204
flush and close file /Users/jan/PychronDev/data/isotopes/13/c8ec26-bc8f-4f51-b94e-1945c6324597.h5
activate_detectors ('H1', 'AX', 'CDD') {'peak_center': True}
peak_center () {'detector': 'H1', 'integration_time': 0.262144, 'isotope': 'Ar40'}
peak center: mean=759.395168287 threshold=3
peak center started
setup peak center. detector=['H1', 'AX', 'CDD'], isotope=Ar40
VersionedUnpickler [<apptools.sweet_pickle.versioned_unpickler.VersionedUnpickler object at 0x1ecf4e350>] using Updater [<apptools.sweet_pickle.updater.Updater object at 0x135230b30>]
VersionedUnpickler [<apptools.sweet_pickle.versioned_unpickler.VersionedUnpickler object at 0x1ecf4e350>] using Updater [<apptools.sweet_pickle.updater.Updater object at 0x135230b30>]
VersionedUnpickler [<apptools.sweet_pickle.versioned_unpickler.VersionedUnpickler object at 0x1dc50f890>] using Updater [<apptools.sweet_pickle.updater.Updater object at 0x135230b30>]
setting integration time = 0.524288
SetIntegrationTime 0.524288 ===>> OK
Mapping mass to dac mass func: "parabolic"
H1 map mass coeffs = [-0.00063987  0.15840543  0.57071999]
H1 map mass to dac 39.9624 >> 5.87911
GetDeflection H1 ===>> 0
GetHighVoltage ===>> 4499.94659342336
do peak center. <pychron.spectrometer.jobs.peak_center.PeakCenter object at 0x1352309b0>
doing pc
starting peak center. center dac= 5.87907537847 step_width=0.001
width = 0.001
get scan parameters. half-width=0.015,window=0.015, i=0, scalar=1
Scan parameters center=5.87908 width=0.03000 (5.86408 - 5.89408)
GetData ===>> H2,-0.189285338029818,H1,0.0210177842148386,AX,-0.00490660160988291,L1,-0.0634527274551121,L2,-0....
Moving to starting dac 5.86407537847
setting magnet DAC
current  : 5.239735
requested: 5.864075
Delta Dac: 0.624340
Checking detector protection. dv=0.62434
Checking detector "CDD". Protection Threshold: 0.1 (V)
ProtectDetector CDD,On ===>> OK
GetDeflection CDD ===>> 2000
Protected = 2000
SetMagnetDAC 5.86407537847 ===>> OK
Magnet settling time: 0.500
GetMagnetMoving ===>> True
GetMagnetMoving ===>> True
GetMagnetMoving ===>> True
GetMagnetMoving ===>> True
GetMagnetMoving ===>> True
GetMagnetMoving ===>> True
GetMagnetMoving ===>> True
GetMagnetMoving ===>> True
GetMagnetMoving ===>> False
ProtectDetector CDD,Off ===>> OK
GetDeflection CDD ===>> 50
Wait until signal near baseline. tol= 0.0157633381611. timeout= 10
GetData ===>> H2,3.25117899965086,H1,0.709166397322414,AX,-0.0430405734139901,L1,0.012356876723318,L2,0.0890633...
GetData ===>> H2,44.3230891407267,H1,16.6608346093123,AX,0.766026496989197,L1,0.00209690097775186,L2,-0.0280529...
GetData ===>> H2,44.856648584079,H1,19.3931094084068,AX,1.16810103058587,L1,-0.0331095001678851,L2,-0.118255981...
GetData ===>> H2,23.4176908228115,H1,9.44510419123443,AX,0.43531891489465,L1,-0.0023676343214938,L2,-0.09660223...
GetData ===>> H2,9.65434713509191,H1,4.81749841497277,AX,0.194895620083493,L1,0.0089778677024646,L2,-0.15585015...
GetData ===>> H2,3.27607092133701,H1,2.63047642286345,AX,0.186635373114598,L1,0.0407839151544285,L2,-0.15922152...
GetData ===>> H2,0.879387611932503,H1,1.64098976347236,AX,0.0420855311344132,L1,0.0348613142675336,L2,-0.004326...
GetData ===>> H2,0.21072901692364,H1,1.14324160712334,AX,-0.0262718168627748,L1,0.0113639204491022,L2,-0.051545...
GetData ===>> H2,0.0836080655798788,H1,0.898854798200133,AX,-0.0926341306186164,L1,-0.0193124385432963,L2,-0.05...
GetData ===>> H2,0.0568957238058213,H1,0.665804990795871,AX,0.0725949246405533,L1,-0.0147307807435052,L2,-0.140...
GetData ===>> H2,0.0611098494163026,H1,0.667766857604613,AX,-0.152673648351228,L1,0.0114694473867213,L2,0.01300...
GetData ===>> H2,0.0668493523769134,H1,0.668053963278959,AX,-0.0285217348687926,L1,-0.00763851782341672,L2,0.01...
GetData ===>> H2,0.117018027857632,H1,0.618827336653438,AX,-0.12760568887935,L1,-0.0205868803390412,L2,-0.05088...
GetData ===>> H2,0.0658141539476524,H1,0.551843270712271,AX,-0.0627511845967432,L1,0.025197366489999,L2,-0.0756...
GetData ===>> H2,0.114713169311151,H1,0.58449301736927,AX,0.0933385877084536,L1,0.0232906598932537,L2,-0.048609...
GetData ===>> H2,0.111090234413588,H1,0.626216967100191,AX,0.0653646527443699,L1,-0.00227644318894184,L2,0.0122...
GetData ===>> H2,0.0244349577038196,H1,0.690139634371367,AX,-0.0935613056448056,L1,-0.000241226194592608,L2,0.0...
GetData ===>> H2,-0.0754282710095465,H1,0.548903880510587,AX,-0.106401771193203,L1,0.00213531416987352,L2,0.032...
GetData ===>> H2,-0.0670863162431982,H1,0.585712210638323,AX,-0.0649538872382326,L1,-0.0187302619759832,L2,0.13...
GetData ===>> H2,-0.0997060461349274,H1,0.611318689968132,AX,0.0551921984744598,L1,-0.0466646239114348,L2,-0.06...
GetData ===>> H2,-0.142931871353835,H1,0.489441538549263,AX,-0.0246249366937293,L1,-0.029489094764886,L2,-0.091...
Peak center failed to move to a baseline position
_do_sweep sm= 5.86407537847, em= 5.89407537847, stm= 0.001
calculated step values: start=5.86407537847, end=5.89407537847, width=0.001, nsteps=31.0
setting magnet DAC
current  : 5.864075
requested: 5.864075
Delta Dac: 0.000000
Checking detector protection. dv=0.00000
Checking detector "CDD". Protection Threshold: 0.1 (V)
SetMagnetDAC 5.86407537847 ===>> OK
GetData ===>> H2,-0.142931871353835,H1,0.489441538549263,AX,-0.0246249366937293,L1,-0.029489094764886,L2,-0.091...
setting magnet DAC
current  : 5.864075
requested: 5.865110
Delta Dac: 0.001034
Checking detector protection. dv=0.00103
Checking detector "CDD". Protection Threshold: 0.1 (V)
SetMagnetDAC 5.86510986123 ===>> OK
Magnet settling time: 1.049
GetData ===>> H2,0.0376205590828333,H1,1.2257823097521,AX,-0.0548442307107824,L1,-0.043434728287237,L2,0.011660...
setting magnet DAC
current  : 5.865110
requested: 5.866144
Delta Dac: 0.001034
Checking detector protection. dv=0.00103
Checking detector "CDD". Protection Threshold: 0.1 (V)
SetMagnetDAC 5.86614434399 ===>> OK
Magnet settling time: 1.049
GetData ===>> H2,-0.00525775907379329,H1,3.9162653482889,AX,0.232725359175264,L1,-0.0137528346733168,L2,-0.0236...
setting magnet DAC
current  : 5.866144
requested: 5.867179
Delta Dac: 0.001034
Checking detector protection. dv=0.00103
Checking detector "CDD". Protection Threshold: 0.1 (V)
SetMagnetDAC 5.86717882675 ===>> OK
Magnet settling time: 1.049
GetData ===>> H2,-0.0756858088056446,H1,14.592142663494,AX,0.81895332255083,L1,-0.0177790615211027,L2,-0.059329...
setting magnet DAC
current  : 5.867179
requested: 5.868213
Delta Dac: 0.001034
Checking detector protection. dv=0.00103
Checking detector "CDD". Protection Threshold: 0.1 (V)
SetMagnetDAC 5.86821330951 ===>> OK
Magnet settling time: 1.049
GetData ===>> H2,-0.119950469329115,H1,49.7099386106332,AX,2.60513338698808,L1,0.0126087290158543,L2,-0.1025626...
setting magnet DAC
current  : 5.868213
requested: 5.869248
Delta Dac: 0.001034
Checking detector protection. dv=0.00103
Checking detector "CDD". Protection Threshold: 0.1 (V)
SetMagnetDAC 5.86924779227 ===>> OK
Magnet settling time: 1.049
GetData ===>> H2,-0.0589971480307912,H1,144.214527484866,AX,8.08746134587555,L1,0.0371428953497275,L2,-0.025184...
setting magnet DAC
current  : 5.869248
requested: 5.870282
Delta Dac: 0.001034
Checking detector protection. dv=0.00103
Checking detector "CDD". Protection Threshold: 0.1 (V)
SetMagnetDAC 5.87028227502 ===>> OK
Magnet settling time: 1.049
GetData ===>> H2,-0.0857252369255024,H1,302.486972474265,AX,18.8335931810123,L1,0.0895065774816883,L2,-0.169425...
setting magnet DAC
current  : 5.870282
requested: 5.871317
Delta Dac: 0.001034
Checking detector protection. dv=0.00103
Checking detector "CDD". Protection Threshold: 0.1 (V)
SetMagnetDAC 5.87131675778 ===>> OK
Magnet settling time: 1.049
GetData ===>> H2,-0.0236180843254616,H1,482.365387690706,AX,32.5968896595653,L1,0.233497583478451,L2,0.01699059...
setting magnet DAC
current  : 5.871317
requested: 5.872351
Delta Dac: 0.001034
Checking detector protection. dv=0.00103
Checking detector "CDD". Protection Threshold: 0.1 (V)
SetMagnetDAC 5.87235124054 ===>> OK
Magnet settling time: 1.049
GetData ===>> H2,-0.105999238401689,H1,619.903991093289,AX,45.4196993765967,L1,0.328560282624253,L2,-0.04671995...
setting magnet DAC
current  : 5.872351
requested: 5.873386
Delta Dac: 0.001034
Checking detector protection. dv=0.00103
Checking detector "CDD". Protection Threshold: 0.1 (V)
SetMagnetDAC 5.8733857233 ===>> OK
Magnet settling time: 1.049
GetData ===>> H2,-0.145383210888699,H1,707.257955508956,AX,55.9772916184462,L1,0.530416974177674,L2,0.034690438...
setting magnet DAC
current  : 5.873386
requested: 5.874420
Delta Dac: 0.001034
Checking detector protection. dv=0.00103
Checking detector "CDD". Protection Threshold: 0.1 (V)
SetMagnetDAC 5.87442020606 ===>> OK
Magnet settling time: 1.049
GetData ===>> H2,-0.207479740196796,H1,720.840117446917,AX,57.833344050875,L1,0.615609624202456,L2,-0.044284342...
setting magnet DAC
current  : 5.874420
requested: 5.875455
Delta Dac: 0.001034
Checking detector protection. dv=0.00103
Checking detector "CDD". Protection Threshold: 0.1 (V)
SetMagnetDAC 5.87545468882 ===>> OK
Magnet settling time: 1.049
GetData ===>> H2,-0.191286805703566,H1,724.191148735475,AX,58.383485989552,L1,0.710354483844545,L2,-0.001206991...
setting magnet DAC
current  : 5.875455
requested: 5.876489
Delta Dac: 0.001034
Checking detector protection. dv=0.00103
Checking detector "CDD". Protection Threshold: 0.1 (V)
SetMagnetDAC 5.87648917158 ===>> OK
Magnet settling time: 1.049
GetData ===>> H2,-0.0115658419655687,H1,724.789987221788,AX,58.6273511177784,L1,0.704007442119475,L2,-0.1216742...
setting magnet DAC
current  : 5.876489
requested: 5.877524
Delta Dac: 0.001034
Checking detector protection. dv=0.00103
Checking detector "CDD". Protection Threshold: 0.1 (V)
SetMagnetDAC 5.87752365433 ===>> OK
Magnet settling time: 1.049
GetData ===>> H2,-0.097736510194549,H1,725.477282324777,AX,58.4100192757502,L1,0.710394242663951,L2,0.211093177...
setting magnet DAC
current  : 5.877524
requested: 5.878558
Delta Dac: 0.001034
Checking detector protection. dv=0.00103
Checking detector "CDD". Protection Threshold: 0.1 (V)
SetMagnetDAC 5.87855813709 ===>> OK
Magnet settling time: 1.049
GetData ===>> H2,-0.0894840155307485,H1,725.284132208478,AX,58.6098581707345,L1,0.748333596459201,L2,-0.0854993...
setting magnet DAC
current  : 5.878558
requested: 5.879593
Delta Dac: 0.001034
Checking detector protection. dv=0.00103
Checking detector "CDD". Protection Threshold: 0.1 (V)
SetMagnetDAC 5.87959261985 ===>> OK
Magnet settling time: 1.049
GetData ===>> H2,-0.0222615043175816,H1,725.077456898175,AX,58.7356198374918,L1,0.750940184862025,L2,-0.0201297...
setting magnet DAC
current  : 5.879593
requested: 5.880627
Delta Dac: 0.001034
Checking detector protection. dv=0.00103
Checking detector "CDD". Protection Threshold: 0.1 (V)
SetMagnetDAC 5.88062710261 ===>> OK
Magnet settling time: 1.049
GetData ===>> H2,-0.0725407376430721,H1,724.756469832116,AX,58.50335208496,L1,0.741017712837283,L2,0.0751139472...
setting magnet DAC
current  : 5.880627
requested: 5.881662
Delta Dac: 0.001034
Checking detector protection. dv=0.00103
Checking detector "CDD". Protection Threshold: 0.1 (V)
SetMagnetDAC 5.88166158537 ===>> OK
Magnet settling time: 1.049
GetData ===>> H2,-0.22979024518387,H1,724.482506956756,AX,58.5843770801471,L1,0.739363640224903,L2,-0.015143226...
setting magnet DAC
current  : 5.881662
requested: 5.882696
Delta Dac: 0.001034
Checking detector protection. dv=0.00103
Checking detector "CDD". Protection Threshold: 0.1 (V)
SetMagnetDAC 5.88269606813 ===>> OK
Magnet settling time: 1.049
GetData ===>> H2,-0.184863400696293,H1,723.522679630058,AX,58.4068832338262,L1,0.752115478531125,L2,-0.04346486...
setting magnet DAC
current  : 5.882696
requested: 5.883731
Delta Dac: 0.001034
Checking detector protection. dv=0.00103
Checking detector "CDD". Protection Threshold: 0.1 (V)
SetMagnetDAC 5.88373055089 ===>> OK
Magnet settling time: 1.049
GetData ===>> H2,-0.0423905957628734,H1,720.232246502665,AX,57.7029161801837,L1,0.722154459045729,L2,0.07477207...
setting magnet DAC
current  : 5.883731
requested: 5.884765
Delta Dac: 0.001034
Checking detector protection. dv=0.00103
Checking detector "CDD". Protection Threshold: 0.1 (V)
SetMagnetDAC 5.88476503364 ===>> OK
Magnet settling time: 1.049
GetData ===>> H2,-0.0968896130148398,H1,708.622644671989,AX,56.0506286235415,L1,0.699548193952038,L2,-0.0040991...
setting magnet DAC
current  : 5.884765
requested: 5.885800
Delta Dac: 0.001034
Checking detector protection. dv=0.00103
Checking detector "CDD". Protection Threshold: 0.1 (V)
SetMagnetDAC 5.8857995164 ===>> OK
Magnet settling time: 1.049
GetData ===>> H2,-0.140490804225652,H1,648.505997514436,AX,47.9807864761857,L1,0.601303099669337,L2,-0.11112281...
setting magnet DAC
current  : 5.885800
requested: 5.886834
Delta Dac: 0.001034
Checking detector protection. dv=0.00103
Checking detector "CDD". Protection Threshold: 0.1 (V)
SetMagnetDAC 5.88683399916 ===>> OK
Magnet settling time: 1.049
GetData ===>> H2,-0.235463821049251,H1,520.516684102656,AX,34.2141169466578,L1,0.48163704804381,L2,0.0242569290...
setting magnet DAC
current  : 5.886834
requested: 5.887868
Delta Dac: 0.001034
Checking detector protection. dv=0.00103
Checking detector "CDD". Protection Threshold: 0.1 (V)
SetMagnetDAC 5.88786848192 ===>> OK
Magnet settling time: 1.049
GetData ===>> H2,-0.247132677943246,H1,331.549710271453,AX,18.5206848994092,L1,0.303168108853367,L2,0.049773200...
setting magnet DAC
current  : 5.887868
requested: 5.888903
Delta Dac: 0.001034
Checking detector protection. dv=0.00103
Checking detector "CDD". Protection Threshold: 0.1 (V)
SetMagnetDAC 5.88890296468 ===>> OK
Magnet settling time: 1.049
GetData ===>> H2,-0.172763818298278,H1,161.66025340227,AX,7.46571320313946,L1,0.199791290590146,L2,-0.013617626...
setting magnet DAC
current  : 5.888903
requested: 5.889937
Delta Dac: 0.001034
Checking detector protection. dv=0.00103
Checking detector "CDD". Protection Threshold: 0.1 (V)
SetMagnetDAC 5.88993744744 ===>> OK
Magnet settling time: 1.049
GetData ===>> H2,-0.114884683197416,H1,59.9765381616461,AX,2.35957970537171,L1,0.155718584259828,L2,-0.07198293...
setting magnet DAC
current  : 5.889937
requested: 5.890972
Delta Dac: 0.001034
Checking detector protection. dv=0.00103
Checking detector "CDD". Protection Threshold: 0.1 (V)
SetMagnetDAC 5.8909719302 ===>> OK
Magnet settling time: 1.049
GetData ===>> H2,-0.197274988714837,H1,17.8937505250085,AX,0.534065007815616,L1,0.100604199200114,L2,0.01746892...
setting magnet DAC
current  : 5.890972
requested: 5.892006
Delta Dac: 0.001034
Checking detector protection. dv=0.00103
Checking detector "CDD". Protection Threshold: 0.1 (V)
SetMagnetDAC 5.89200641296 ===>> OK
Magnet settling time: 1.049
GetData ===>> H2,-0.145923082315416,H1,4.39468903905149,AX,0.11434170203924,L1,0.117982058909548,L2,-0.09753499...
setting magnet DAC
current  : 5.892006
requested: 5.893041
Delta Dac: 0.001034
Checking detector protection. dv=0.00103
Checking detector "CDD". Protection Threshold: 0.1 (V)
SetMagnetDAC 5.89304089571 ===>> OK
Magnet settling time: 1.049
GetData ===>> H2,-0.12680137927239,H1,0.886768297842644,AX,-0.0323719893479785,L1,0.0395716992550847,L2,0.05013...
setting magnet DAC
current  : 5.893041
requested: 5.894075
Delta Dac: 0.001034
Checking detector protection. dv=0.00103
Checking detector "CDD". Protection Threshold: 0.1 (V)
SetMagnetDAC 5.89407537847 ===>> OK
Magnet settling time: 1.049
GetData ===>> H2,-0.229489008899459,H1,-0.0456190197177129,AX,-0.0706574960448626,L1,0.0244360814444688,L2,0.00...
result of _do_sweep=True
result of _calculate_peak_center=([5.8717407091338263, 5.8792256790737065, 5.8867106490135868], [538.73140852401821, 725.47379865534469, 535.77793490027125], 5.8775423123402399, 725.47379865534469)
Failed to find a valid peak. No peak greater than 1.0. max = 0.0347677579834
new center pos Detector(H1) (Ar40) @ 5.87922567907
GetHighVoltage ===>> 4499.94659342336
GetDeflection H1 ===>> 0
dac uncorrected for HV and deflection 5.87926030149
update mftable H1 Ar40 5.87926030149 message=automated run peakcenter
get initial guess parabolic
get initial guess parabolic
get initial guess parabolic
get initial guess parabolic
get initial guess parabolic
get initial guess parabolic
dump mftable to /Users/jan/PychronDev/setupfiles/spectrometer/mftables/mftable.csv
add to repo msg=modified - automated run peakcenter
sweep finished
locally archiving mftable
setting magnet DAC
current  : 5.894075
requested: 5.879226
Delta Dac: 0.014850
Checking detector protection. dv=0.01485
Checking detector "CDD". Protection Threshold: 0.1 (V)
SetMagnetDAC 5.87922567907 ===>> OK
Magnet settling time: 0.500
setting integration time = 1.048576
SetIntegrationTime 1.048576 ===>> OK
Failed to find a valid peak. No peak greater than 1.0. max = 0.0347677579834
flush and close file /Users/jan/PychronDev/data/isotopes/13/c8ec26-bc8f-4f51-b94e-1945c6324597.h5
finished measure script
executed snippet estimated_duration=224.052928, duration=273.383400917
jan_unknown120_60.py completed successfully
Measurement Finished
10:54:00 -- ******* Measurement Finished *******
Post Measurement Started jan_pump_ms.py
10:54:00 -- ******* Post Measurement Started jan_pump_ms.py *******
testing...
no interpolation path defined
executed snippet estimated_duration=0, duration=4.50611114502e-05
Pumping spectrometer
open () {'name': 'O'}
opening name=O desc=---
checking ownership. requestor=129.138.12.150
check software interlocks O
interlocks []
actuate state mode=None-script, software_lock=False
doing actuation None-script open_channel True
Open O ===>> OK
GetIndicatorState O ===>> OK
change switch state (True, True)
update switch state O True args=() kw={} ncanvase=2
10:54:01 -- OPEN   VALVE-O (Jan Ion Pump)
---------------------------------------- open O () result=[(True, True)], time=0.11 sec
action=open, ok=True, locked=[False]
executed snippet estimated_duration=0, duration=0.366420030594
jan_pump_ms.py completed successfully
setting _ms_pumptime
Post Measurement Finished
10:54:01 -- ******* Post Measurement Finished *******
$$$$$$$$$$$$$$$$$$$$ state at run end measurement
state changed from measurement to success
post measurement save measured=True aborted=False
Set filtering
setting fod for Ar40= {'filter_outliers': True, 'std_devs': 2, 'iterations': 1}
setting fod for H1= {'filter_outliers': True, 'std_devs': 2, 'iterations': 1}
setting fod for PM41= {'filter_outliers': False, 'std_devs': 2, 'iterations': 1}
setting fod for H2= {'filter_outliers': True, 'std_devs': 2, 'iterations': 1}
setting fod for Ar36= {'filter_outliers': True, 'std_devs': 2, 'iterations': 1}
setting fod for CDD= {'filter_outliers': True, 'std_devs': 10, 'iterations': 1}
setting fod for Ar37= {'filter_outliers': True, 'std_devs': 2, 'iterations': 1}
setting fod for L2= {'filter_outliers': True, 'std_devs': 2, 'iterations': 1}
setting fod for Ar38= {'filter_outliers': True, 'std_devs': 2, 'iterations': 1}
setting fod for L1= {'filter_outliers': True, 'std_devs': 2, 'iterations': 1}
setting fod for Ar39= {'filter_outliers': True, 'std_devs': 2, 'iterations': 1}
setting fod for AX= {'filter_outliers': True, 'std_devs': 2, 'iterations': 1}
persistence save...
persistence save - db
post measurement save
7443865136 connecting to database sqlite:////Users/jan/PychronDev/.appdata/local_lab.db
connected to db sqlite:////Users/jan/PychronDev/.appdata/local_lab.db
create new session 7443865136
close session 7443865136
No database instance. Not saving post measurement to isotopedb database
$$$$$$$$$$$$$$$ auto_save_detector_ic=False
massspec enabled True
create new session 4985539184
MassSpec Database Version: 16.0
close session 4985539184
saving post measurement to secondary database
saving to massspec database 129.138.12.160/massspecdata
setting labnumber to c-02-J
setting aliquot to 1267
setting step to 
setting uuid to 13c8ec26-bc8f-4f51-b94e-1945c6324597
setting irradpos to c-02-J
setting extract_device to Fusions CO2
setting tray to 
setting position to 
setting power_requested to 0.0
setting extract_value to 0.0
setting duration to 0.0
setting duration_at_request to 0.0
setting first_stage_delay to 0.0
setting cleanup to 0.0
setting comment to 
setting irradiation to Cocktail-02
setting level to A
setting irradiation_level to A
setting sample to cocktail
setting material to 
setting project to 
setting mass_spectrometer to jan
no attribute chron_dosages
no attribute production_ratios
no attribute interference_corrections
no attribute production_name
no attribute j
Reference Isotope=Ar40
Reference Detector=H1
%%%%%%%%%%%%%%%%%%%% Comment:  %%%%%%%%%%%%%%%%%%%
adding isotope PM41 H2
add baseline dbdet= PM41. original det= H2
get baseline data PM41 H2
Get data baseline <pychron.processing.isotope.Baseline object at 0x1ec736d90> len t=60
baseline PM41. v=-0.212914462886, e=0.00862764288312
get signal data PM41 H2
Get data signal PM41 0.09+/-0.07 len t=120
adding isotope Ar40 H1
add baseline dbdet= Ar40. original det= H1
get baseline data Ar40 H1
Get data baseline <pychron.processing.isotope.Baseline object at 0x1ec736f90> len t=60
baseline Ar40. v=-0.0122343037373, e=0.00547801166183
get signal data Ar40 H1
Get data signal Ar40 796.55+/-0.05 len t=120
adding isotope Ar39 AX
add baseline dbdet= Ar39. original det= AX
get baseline data Ar39 AX
Get data baseline <pychron.processing.isotope.Baseline object at 0x1ec745190> len t=60
baseline Ar39. v=-0.0786800044171, e=0.00752704173185
get signal data Ar39 AX
Get data signal Ar39 64.232+/-0.017 len t=120
adding isotope Ar38 L1
add baseline dbdet= Ar38. original det= L1
get baseline data Ar38 L1
Get data baseline <pychron.processing.isotope.Baseline object at 0x1ec745350> len t=60
baseline Ar38. v=-0.0234517329253, e=0.00304584303418
get signal data Ar38 L1
Get data signal Ar38 0.844+/-0.004 len t=120
adding isotope Ar37 L2
add baseline dbdet= Ar37. original det= L2
get baseline data Ar37 L2
Get data baseline <pychron.processing.isotope.Baseline object at 0x1ec745510> len t=60
baseline Ar37. v=-0.0281802070123, e=0.00500325084065
get signal data Ar37 L2
Get data signal Ar37 0.067+/-0.011 len t=120
adding isotope Ar36 CDD
add baseline dbdet= Ar36. original det= CDD
get baseline data Ar36 CDD
Get data baseline <pychron.processing.isotope.Baseline object at 0x1ec7456d0> len t=60
baseline Ar36. v=0.000158789773557, e=1.99744805779e-05
get signal data Ar36 CDD
Get data signal Ar36 0.0279+/-0.0004 len t=120
4416-1267 added analysis time 0.513414144516s
analysis added to mass spec database
mass spec save time= 0.526
persistence save - dvc
================= post measurement started
create new session 4989601072
close session 4989601072
---------------- Experiment Queue saving disabled
DVC saving peakcenter
Failed to find a valid peak. No peak greater than 1.0. max = 0.0347677579834
Smart pull ahead: 0 behind: 0
Up-to-date with origin
add to repo msg=modified - ad8224ebc6dbfeb9f5997218dfa5fe690569839d.json
add to repo msg=modified - -J-1267.json
add to repo msg=modified - -J-1267.dat.json
add to repo msg=modified - -J-1267.blan.json
add to repo msg=modified - -J-1267.inte.json
add to repo msg=modified - -J-1267.icfa.json
add to repo msg=modified - -J-1267.base.json
not at valid file /Users/jan/PychronDev/data/.dvc/repositories/Load1791/c-02/tags/-J-1267.tags.json
add to repo msg=modified - -J-1267.peak.json
add to repo msg=modified - -J-1267.extr.json
not at valid file /Users/jan/PychronDev/data/.dvc/repositories/Load1791/c-02/monitor/-J-1267.moni.json
commit message=<COLLECTION>
add to repo msg=modified - -J-1267.inte.json
add to repo msg=modified - -J-1267.base.json
commit message=<ISOEVO> default collection fits
add to repo msg=modified - -J-1267.blan.json
commit message=<BLANKS> preceding bu-FC-J-7761
add to repo msg=modified - -J-1267.icfa.json
commit message=<ICFactor> default
push repository <pychron.git_archive.repo_manager.GitRepoManager object at 0x1da6fafb0>
pushing to remote=origin, url=https://github.com
no changes to meta repo
create new session 4989601072
add association Load1791
get identifier "c-02-J"
setting analysis irradiation position=<pychron.dvc.dvc_orm.IrradiationPositionTbl object at 0x1e4a99290>
close session 4989601072
================= post measurement finished
10:54:13 -- ******* Post Run Check *******
loading queue conditionals post_run_actions
loading system conditionals post_run_actions
loading conditionals from /Users/jan/PychronDev/setupfiles/spectrometer/default_conditionals.yaml
loading queue conditionals post_run_terminations
loading system conditionals post_run_terminations
loading conditionals from /Users/jan/PychronDev/setupfiles/spectrometer/default_conditionals.yaml
Checking default post run terminations n=1
GetDeflection CDD ===>> 50
testing CDD==2000
evaluate ot="CDD.deflection==2000" t="CDD==2000", ctx="{'CDD': 50.0}"
10:54:13 -- ******* Post Run Check Passed *******
10:54:13 -- Automated run c-02-J-1267 success duration: 353.964 s
----------------- finish -----------------
----------------- stop -----------------
retroactive repository identifiers disabled
finish run. runs completed=99
update duration runid=c-02-J-1267, duration=353.963608027, md5=c594f137
write rem/ex queues
/Users/jan/PychronDev/experiments/rem/CurrentExperiment.rem.txt
/Users/jan/PychronDev/experiments/rem/CurrentExperiment.ex.txt
doing event level: 3
